{'groups': 'all', 'params_to_try': {'delta_schooling': [0.5], 'xi': [0, 371990.3, 929975.75, 1859951.5, 3719903, 5579854.5], 'icus': [2900], 'tests': [[60000, 0]], 'testing': ['homogeneous'], 'eta': [0.1]}}
{'groups': 'all', 'params_to_try': {'delta_schooling': [0.5], 'xi': [0, 371990.3, 929975.75, 1859951.5, 3719903, 5579854.5], 'icus': [2900], 'tests': [[60000, 0]], 'testing': ['homogeneous'], 'eta': [0.1]}}
{'groups': 'all', 'params_to_try': {'delta_schooling': [0.9478274870593494], 'icus': [2900], 'eta': [0.1912068543778499], 'tests': [[60000, 0]], 'xi': [0.0], 'testing': ['homogeneous']}}
results/time_gradient/xi-0_icus-2900_testing-homogeneous_natests-0_nmtests-60000_T-90_startday-0_groups-all_dschool-0.947827_eta-0.191207_freq-90-14_randomInstance-2.yaml
{'groups': 'all', 'params_to_try': {'delta_schooling': [0.5], 'xi': [0, 371990.3, 929975.75, 1859951.5, 3719903, 5579854.5], 'icus': [2900], 'tests': [[60000, 0]], 'testing': ['homogeneous'], 'eta': [0.1]}}
{'groups': 'all', 'params_to_try': {'delta_schooling': [0.5], 'xi': [0, 371990.3, 929975.75, 1859951.5, 3719903, 5579854.5], 'icus': [2900], 'tests': [[60000, 0]], 'testing': ['homogeneous'], 'eta': [0.1]}}
{'groups': 'all', 'params_to_try': {'delta_schooling': [0.9478274870593494], 'icus': [2900], 'eta': [0.1912068543778499], 'tests': [[60000, 0]], 'xi': [0.0], 'testing': ['homogeneous']}}
results/dynamic_gradient/xi-0_icus-2900_testing-homogeneous_natests-0_nmtests-60000_T-90_startday-0_groups-all_dschool-0.947827_eta-0.191207_freq-90-14_randomInstance-2.yaml
200
(0.5, 0.0, 0.29, 6.0, (7, 14), 'fitted-scaled', 'econ-scaled', 'oct21-scaled', 0.1, 0.05, 2, 'dynamic_gradient', 2)
The value of T is: 104
Missing starting point -- Running the initial heuristic.
/home/groups/daniancu/covid-optimization/covid-optimization
90
Total Reward at the start of the inner iterations: 68652024.58421312
Using license file /share/software/user/restricted/gurobi/9.0.3_py36/licenses/gurobi.lic
Set parameter TokenServer to value license4.stanford.edu
Gurobi status: 2

Statistics for model Linearization Heuristic :
  Linear constraint matrix    : 17520 Constrs, 9360 Vars, 7133771 NZs
  Matrix coefficient range    : [ 1.00006e-13, 1 ]
  Objective coefficient range : [ 4.86256e-22, 5.22844e+06 ]
  Variable bound range        : [ 0.05, 1 ]
  RHS coefficient range       : [ 8.40255e-08, 6 ]
Objective value for Line heur k = 0: 36135143.89803596
90
Actual reward of current solution: 68718854.89570503
Minimum Difference with past solutions:0.10000000000000006.
Gurobi status: 2

Statistics for model Linearization Heuristic :
  Linear constraint matrix    : 17520 Constrs, 9360 Vars, 7127563 NZs
  Matrix coefficient range    : [ 1.00002e-13, 1 ]
  Objective coefficient range : [ 5.19632e-22, 5.22844e+06 ]
  Variable bound range        : [ 0.05, 1.26667 ]
  RHS coefficient range       : [ 7.65709e-09, 6 ]
Objective value for Line heur k = 0: 36203068.240185335
90
Actual reward of current solution: 68785690.66658083
Minimum Difference with past solutions:0.10000000000000006.
Gurobi status: 2

Statistics for model Linearization Heuristic :
  Linear constraint matrix    : 17520 Constrs, 9360 Vars, 7072324 NZs
  Matrix coefficient range    : [ 1e-13, 1 ]
  Objective coefficient range : [ 1.99217e-21, 5.22844e+06 ]
  Variable bound range        : [ 0.05, 1.56667 ]
  RHS coefficient range       : [ 9.72839e-08, 6 ]
Objective value for Line heur k = 0: 36270700.46089867
90
Actual reward of current solution: 68852429.36800393
Minimum Difference with past solutions:0.10000000000000006.
Gurobi status: 2

Statistics for model Linearization Heuristic :
  Linear constraint matrix    : 17520 Constrs, 9360 Vars, 6587952 NZs
  Matrix coefficient range    : [ 1.00013e-13, 1 ]
  Objective coefficient range : [ 1.61611e-21, 5.22844e+06 ]
  Variable bound range        : [ 0.05, 1.86667 ]
  RHS coefficient range       : [ 9.79268e-08, 6 ]
Objective value for Line heur k = 0: 36337595.270500004
90
Actual reward of current solution: 68919139.10728924
Minimum Difference with past solutions:0.10000000000000006.
Gurobi status: 2

Statistics for model Linearization Heuristic :
  Linear constraint matrix    : 17520 Constrs, 9360 Vars, 6588911 NZs
  Matrix coefficient range    : [ 1.00003e-13, 1 ]
  Objective coefficient range : [ 2.5215e-22, 5.22844e+06 ]
  Variable bound range        : [ 0.05, 2.16667 ]
  RHS coefficient range       : [ 9.67061e-08, 6 ]
Objective value for Line heur k = 0: 36404296.52369315
90
Actual reward of current solution: 68985845.27254185
Minimum Difference with past solutions:0.10000000000000009.
Gurobi status: 2

Statistics for model Linearization Heuristic :
  Linear constraint matrix    : 17520 Constrs, 9360 Vars, 6589236 NZs
  Matrix coefficient range    : [ 1.00001e-13, 1 ]
  Objective coefficient range : [ 4.14735e-22, 5.22844e+06 ]
  Variable bound range        : [ 0.05, 2.46667 ]
  RHS coefficient range       : [ 9.60271e-08, 6 ]
Objective value for Line heur k = 0: 36470983.792644076
90
Actual reward of current solution: 69052548.02399848
Minimum Difference with past solutions:0.10000000000000006.
Gurobi status: 2

Statistics for model Linearization Heuristic :
  Linear constraint matrix    : 17520 Constrs, 9360 Vars, 6589200 NZs
  Matrix coefficient range    : [ 1.00012e-13, 1 ]
  Objective coefficient range : [ 7.05315e-22, 5.22844e+06 ]
  Variable bound range        : [ 0.05, 2.76667 ]
  RHS coefficient range       : [ 9.59617e-08, 6 ]
Objective value for Line heur k = 0: 36537688.40545319
90
Actual reward of current solution: 69119250.58840549
Minimum Difference with past solutions:0.10000000000000006.
Gurobi status: 2

Statistics for model Linearization Heuristic :
  Linear constraint matrix    : 17520 Constrs, 9360 Vars, 6588933 NZs
  Matrix coefficient range    : [ 1.00003e-13, 1 ]
  Objective coefficient range : [ 7.67382e-22, 5.22844e+06 ]
  Variable bound range        : [ 0.05, 3.06667 ]
  RHS coefficient range       : [ 9.59186e-08, 6 ]
Objective value for Line heur k = 0: 36604392.02852877
90
Actual reward of current solution: 69185952.96083476
Minimum Difference with past solutions:0.10000000000000006.
Gurobi status: 2

Statistics for model Linearization Heuristic :
  Linear constraint matrix    : 17520 Constrs, 9360 Vars, 6588276 NZs
  Matrix coefficient range    : [ 1.00026e-13, 1 ]
  Objective coefficient range : [ 3.71626e-22, 5.22844e+06 ]
  Variable bound range        : [ 0.05, 3.36667 ]
  RHS coefficient range       : [ 9.59058e-08, 6 ]
Objective value for Line heur k = 0: 36671094.617539905
90
Actual reward of current solution: 69252655.12988743
Minimum Difference with past solutions:0.10000000000000006.
Gurobi status: 2

Statistics for model Linearization Heuristic :
  Linear constraint matrix    : 17520 Constrs, 9360 Vars, 6586730 NZs
  Matrix coefficient range    : [ 1.00009e-13, 1 ]
  Objective coefficient range : [ 1.11435e-22, 5.22844e+06 ]
  Variable bound range        : [ 0.05, 3.66667 ]
  RHS coefficient range       : [ 9.59439e-08, 6 ]
Objective value for Line heur k = 0: 36737796.10382006
90
Actual reward of current solution: 69319357.1064551
Minimum Difference with past solutions:0.1.
Gurobi status: 2

Statistics for model Linearization Heuristic :
  Linear constraint matrix    : 17520 Constrs, 9360 Vars, 6582249 NZs
  Matrix coefficient range    : [ 1.00011e-13, 1 ]
  Objective coefficient range : [ 7.25296e-22, 5.22844e+06 ]
  Variable bound range        : [ 0.05, 3.96667 ]
  RHS coefficient range       : [ 9.60038e-08, 6 ]
Objective value for Line heur k = 0: 36804496.480928764
90
Actual reward of current solution: 69386058.90850751
Minimum Difference with past solutions:0.09999999999999995.
Gurobi status: 2

Statistics for model Linearization Heuristic :
  Linear constraint matrix    : 17520 Constrs, 9360 Vars, 6548670 NZs
  Matrix coefficient range    : [ 1e-13, 1 ]
  Objective coefficient range : [ 1.12497e-21, 5.22844e+06 ]
  Variable bound range        : [ 0.05, 4.26667 ]
  RHS coefficient range       : [ 9.61465e-08, 6 ]
Objective value for Line heur k = 0: 36871208.404969804
90
Actual reward of current solution: 69452760.5861925
Minimum Difference with past solutions:0.1.
Gurobi status: 2

Statistics for model Linearization Heuristic :
  Linear constraint matrix    : 17520 Constrs, 9360 Vars, 6548001 NZs
  Matrix coefficient range    : [ 1.00022e-13, 1 ]
  Objective coefficient range : [ 1.33848e-21, 5.22844e+06 ]
  Variable bound range        : [ 0.05, 4.56667 ]
  RHS coefficient range       : [ 9.63883e-08, 6 ]
Objective value for Line heur k = 0: 36937935.593034774
90
Actual reward of current solution: 69519462.13241802
Minimum Difference with past solutions:0.10000000000000012.
Gurobi status: 2

Statistics for model Linearization Heuristic :
  Linear constraint matrix    : 17520 Constrs, 9360 Vars, 6546937 NZs
  Matrix coefficient range    : [ 1.00021e-13, 1 ]
  Objective coefficient range : [ 8.92617e-22, 5.22844e+06 ]
  Variable bound range        : [ 0.05, 4.86667 ]
  RHS coefficient range       : [ 9.66533e-08, 6 ]
Objective value for Line heur k = 0: 37004662.5693199
90
Actual reward of current solution: 69586163.5489536
Minimum Difference with past solutions:0.1.
Gurobi status: 2

Statistics for model Linearization Heuristic :
  Linear constraint matrix    : 17520 Constrs, 9360 Vars, 6545314 NZs
  Matrix coefficient range    : [ 1.00002e-13, 1 ]
  Objective coefficient range : [ 2.13992e-22, 5.22844e+06 ]
  Variable bound range        : [ 0.05, 5.16667 ]
  RHS coefficient range       : [ 9.69418e-08, 6 ]
Objective value for Line heur k = 0: 37071389.40366321
90
Actual reward of current solution: 69652864.76392756
Minimum Difference with past solutions:0.1.
Gurobi status: 2

Statistics for model Linearization Heuristic :
  Linear constraint matrix    : 17520 Constrs, 9360 Vars, 6542324 NZs
  Matrix coefficient range    : [ 1.00002e-13, 1 ]
  Objective coefficient range : [ 5.92765e-22, 5.22844e+06 ]
  Variable bound range        : [ 0.05, 5.46667 ]
  RHS coefficient range       : [ 9.69106e-08, 6 ]
Objective value for Line heur k = 0: 37138091.66673759
90
Actual reward of current solution: 69719566.04033427
Minimum Difference with past solutions:0.1.
Gurobi status: 2

Statistics for model Linearization Heuristic :
  Linear constraint matrix    : 17520 Constrs, 9360 Vars, 6537562 NZs
  Matrix coefficient range    : [ 1.00018e-13, 1 ]
  Objective coefficient range : [ 4.03466e-22, 5.22844e+06 ]
  Variable bound range        : [ 0.05, 5.76667 ]
  RHS coefficient range       : [ 9.72257e-08, 6 ]
Objective value for Line heur k = 0: 37204818.380486935
90
Actual reward of current solution: 69786267.16107324
Minimum Difference with past solutions:0.1.
Gurobi status: 2

Statistics for model Linearization Heuristic :
  Linear constraint matrix    : 17520 Constrs, 9360 Vars, 6529154 NZs
  Matrix coefficient range    : [ 1.00005e-13, 1 ]
  Objective coefficient range : [ 6.45013e-22, 5.22844e+06 ]
  Variable bound range        : [ 0.05, 6 ]
  RHS coefficient range       : [ 9.25315e-08, 6 ]
Objective value for Line heur k = 0: 37271520.44651159
90
Actual reward of current solution: 69852968.23044316
Minimum Difference with past solutions:0.1.
Gurobi status: 2

Statistics for model Linearization Heuristic :
  Linear constraint matrix    : 17520 Constrs, 9360 Vars, 6475386 NZs
  Matrix coefficient range    : [ 1.00048e-13, 1 ]
  Objective coefficient range : [ 1.38328e-22, 5.22844e+06 ]
  Variable bound range        : [ 0.05, 6 ]
  RHS coefficient range       : [ 8.41949e-08, 6 ]
Objective value for Line heur k = 0: 37338225.59381784
90
Actual reward of current solution: 69919669.23964857
Minimum Difference with past solutions:0.1.
Gurobi status: 2

Statistics for model Linearization Heuristic :
  Linear constraint matrix    : 17520 Constrs, 9360 Vars, 6486775 NZs
  Matrix coefficient range    : [ 1e-13, 1 ]
  Objective coefficient range : [ 4.21912e-23, 5.22844e+06 ]
  Variable bound range        : [ 0.05, 6 ]
  RHS coefficient range       : [ 8.41949e-08, 6 ]
Objective value for Line heur k = 0: 37404925.561409935
90
Actual reward of current solution: 69986370.11231759
Minimum Difference with past solutions:0.0999999999999997.
Gurobi status: 2

Statistics for model Linearization Heuristic :
  Linear constraint matrix    : 17520 Constrs, 9360 Vars, 6477044 NZs
  Matrix coefficient range    : [ 1.00025e-13, 1 ]
  Objective coefficient range : [ 3.38169e-22, 5.22844e+06 ]
  Variable bound range        : [ 0.05, 6 ]
  RHS coefficient range       : [ 9.48893e-08, 6 ]
Objective value for Line heur k = 0: 37404900.52052463
90
Actual reward of current solution: 69986370.23773201
Minimum Difference with past solutions:0.049999999999999684.
Gurobi status: 2

Statistics for model Linearization Heuristic :
  Linear constraint matrix    : 17520 Constrs, 9360 Vars, 6486775 NZs
  Matrix coefficient range    : [ 1e-13, 1 ]
  Objective coefficient range : [ 4.52045e-23, 5.22844e+06 ]
  Variable bound range        : [ 0.05, 6 ]
  RHS coefficient range       : [ 8.41949e-08, 6 ]
Objective value for Line heur k = 0: 37404920.80733767
90
Actual reward of current solution: 69986370.11231759
Minimum Difference with past solutions:0.0.
New solution equals old solution at k=0
89
Total Reward at the start of the inner iterations: 69986370.23773201
Gurobi status: 2

Statistics for model Linearization Heuristic :
  Linear constraint matrix    : 17409 Constrs, 9270 Vars, 6357965 NZs
  Matrix coefficient range    : [ 1e-13, 1 ]
  Objective coefficient range : [ 4.52045e-23, 5.22844e+06 ]
  Variable bound range        : [ 0.05, 6 ]
  RHS coefficient range       : [ 9.23638e-08, 6 ]
Objective value for Line heur k = 1: 37045596.95158826
89
Actual reward of current solution: 69986370.22671464
Minimum Difference with past solutions:0.05000000000000001.
Gurobi status: 2

Statistics for model Linearization Heuristic :
  Linear constraint matrix    : 17409 Constrs, 9270 Vars, 6346577 NZs
  Matrix coefficient range    : [ 1.00048e-13, 1 ]
  Objective coefficient range : [ 1.27733e-22, 5.22844e+06 ]
  Variable bound range        : [ 0.05, 6 ]
  RHS coefficient range       : [ 9.23638e-08, 6 ]
Objective value for Line heur k = 1: 37045593.23080717
89
Actual reward of current solution: 69986370.23773201
Minimum Difference with past solutions:0.0.
New solution equals old solution at k=1
88
Total Reward at the start of the inner iterations: 69986370.23773201
Gurobi status: 2

Statistics for model Linearization Heuristic :
  Linear constraint matrix    : 17226 Constrs, 9180 Vars, 6230337 NZs
  Matrix coefficient range    : [ 1e-13, 1 ]
  Objective coefficient range : [ 4.52045e-23, 5.22844e+06 ]
  Variable bound range        : [ 0.05, 6 ]
  RHS coefficient range       : [ 9.50583e-08, 6 ]
Objective value for Line heur k = 2: 36686274.80209835
88
Actual reward of current solution: 69986370.22671464
Minimum Difference with past solutions:0.05000000000000001.
Gurobi status: 2

Statistics for model Linearization Heuristic :
  Linear constraint matrix    : 17226 Constrs, 9180 Vars, 6218950 NZs
  Matrix coefficient range    : [ 1.00048e-13, 1 ]
  Objective coefficient range : [ 1.27733e-22, 5.22844e+06 ]
  Variable bound range        : [ 0.05, 6 ]
  RHS coefficient range       : [ 9.51835e-08, 6 ]
Objective value for Line heur k = 2: 36686271.077169314
88
Actual reward of current solution: 69986370.23773201
Minimum Difference with past solutions:0.0.
New solution equals old solution at k=2
87
Total Reward at the start of the inner iterations: 69986370.23773201
Gurobi status: 2

Statistics for model Linearization Heuristic :
  Linear constraint matrix    : 17043 Constrs, 9090 Vars, 6103963 NZs
  Matrix coefficient range    : [ 1e-13, 1 ]
  Objective coefficient range : [ 4.52045e-23, 5.22844e+06 ]
  Variable bound range        : [ 0.05, 6 ]
  RHS coefficient range       : [ 9.39042e-08, 6 ]
Objective value for Line heur k = 3: 36326942.44588699
87
Actual reward of current solution: 69986370.22671464
Minimum Difference with past solutions:0.05000000000000001.
Gurobi status: 2

Statistics for model Linearization Heuristic :
  Linear constraint matrix    : 17043 Constrs, 9090 Vars, 6092577 NZs
  Matrix coefficient range    : [ 1.00048e-13, 1 ]
  Objective coefficient range : [ 1.27733e-22, 5.22844e+06 ]
  Variable bound range        : [ 0.05, 6 ]
  RHS coefficient range       : [ 9.40281e-08, 6 ]
Objective value for Line heur k = 3: 36326938.71693542
87
Actual reward of current solution: 69986370.23773201
Minimum Difference with past solutions:0.0.
New solution equals old solution at k=3
86
Total Reward at the start of the inner iterations: 69986370.23773201
Gurobi status: 2

Statistics for model Linearization Heuristic :
  Linear constraint matrix    : 16860 Constrs, 9000 Vars, 5978843 NZs
  Matrix coefficient range    : [ 1e-13, 1 ]
  Objective coefficient range : [ 4.52045e-23, 5.22844e+06 ]
  Variable bound range        : [ 0.05, 6 ]
  RHS coefficient range       : [ 9.27275e-08, 6 ]
Objective value for Line heur k = 4: 35967593.94128039
86
Actual reward of current solution: 69986370.22671464
Minimum Difference with past solutions:0.05000000000000001.
Gurobi status: 2

Statistics for model Linearization Heuristic :
  Linear constraint matrix    : 16860 Constrs, 9000 Vars, 5967458 NZs
  Matrix coefficient range    : [ 1.00048e-13, 1 ]
  Objective coefficient range : [ 1.27733e-22, 5.22844e+06 ]
  Variable bound range        : [ 0.05, 6 ]
  RHS coefficient range       : [ 9.285e-08, 6 ]
Objective value for Line heur k = 4: 35967590.20842462
86
Actual reward of current solution: 69986370.23773201
Minimum Difference with past solutions:0.0.
New solution equals old solution at k=4
85
Total Reward at the start of the inner iterations: 69986370.23773201
Gurobi status: 2

Statistics for model Linearization Heuristic :
  Linear constraint matrix    : 16677 Constrs, 8910 Vars, 5854977 NZs
  Matrix coefficient range    : [ 1e-13, 1 ]
  Objective coefficient range : [ 4.52045e-23, 5.22844e+06 ]
  Variable bound range        : [ 0.05, 6 ]
  RHS coefficient range       : [ 9.15372e-08, 6 ]
Objective value for Line heur k = 5: 35608226.62237374
85
Actual reward of current solution: 69986370.22671464
Minimum Difference with past solutions:0.05000000000000001.
Gurobi status: 2

Statistics for model Linearization Heuristic :
  Linear constraint matrix    : 16677 Constrs, 8910 Vars, 5843593 NZs
  Matrix coefficient range    : [ 1.00048e-13, 1 ]
  Objective coefficient range : [ 1.27733e-22, 5.22844e+06 ]
  Variable bound range        : [ 0.05, 6 ]
  RHS coefficient range       : [ 9.16583e-08, 6 ]
Objective value for Line heur k = 5: 35608222.88570194
85
Actual reward of current solution: 69986370.23773201
Minimum Difference with past solutions:0.0.
New solution equals old solution at k=5
84
Total Reward at the start of the inner iterations: 69986370.23773201
Gurobi status: 2

Statistics for model Linearization Heuristic :
  Linear constraint matrix    : 16494 Constrs, 8820 Vars, 5732365 NZs
  Matrix coefficient range    : [ 1e-13, 1 ]
  Objective coefficient range : [ 4.52045e-23, 5.22844e+06 ]
  Variable bound range        : [ 0.05, 6 ]
  RHS coefficient range       : [ 9.03385e-08, 6 ]
Objective value for Line heur k = 6: 35248839.60779722
84
Actual reward of current solution: 69986370.22671464
Minimum Difference with past solutions:0.05000000000000001.
Gurobi status: 2

Statistics for model Linearization Heuristic :
  Linear constraint matrix    : 16494 Constrs, 8820 Vars, 5720982 NZs
  Matrix coefficient range    : [ 1.00048e-13, 1 ]
  Objective coefficient range : [ 1.27733e-22, 5.22844e+06 ]
  Variable bound range        : [ 0.05, 6 ]
  RHS coefficient range       : [ 9.04582e-08, 6 ]
Objective value for Line heur k = 6: 35248835.86735142
84
Actual reward of current solution: 69986370.23773201
Minimum Difference with past solutions:0.0.
New solution equals old solution at k=6
83
Total Reward at the start of the inner iterations: 69986370.23773201
Gurobi status: 2

Statistics for model Linearization Heuristic :
  Linear constraint matrix    : 16311 Constrs, 8730 Vars, 5611007 NZs
  Matrix coefficient range    : [ 1e-13, 1 ]
  Objective coefficient range : [ 4.52045e-23, 5.22844e+06 ]
  Variable bound range        : [ 0.05, 6 ]
  RHS coefficient range       : [ 8.91345e-08, 6 ]
Objective value for Line heur k = 7: 34889432.97309244
83
Actual reward of current solution: 69986370.22671464
Minimum Difference with past solutions:0.05000000000000001.
Gurobi status: 2

Statistics for model Linearization Heuristic :
  Linear constraint matrix    : 16311 Constrs, 8730 Vars, 5599625 NZs
  Matrix coefficient range    : [ 1.00048e-13, 1 ]
  Objective coefficient range : [ 1.27733e-22, 5.22844e+06 ]
  Variable bound range        : [ 0.05, 6 ]
  RHS coefficient range       : [ 8.92528e-08, 6 ]
Objective value for Line heur k = 7: 34889429.228847615
83
Actual reward of current solution: 69986370.23773201
Minimum Difference with past solutions:0.0.
New solution equals old solution at k=7
82
Total Reward at the start of the inner iterations: 69986370.23773201
Gurobi status: 2

Statistics for model Linearization Heuristic :
  Linear constraint matrix    : 16128 Constrs, 8640 Vars, 5490903 NZs
  Matrix coefficient range    : [ 1e-13, 1 ]
  Objective coefficient range : [ 4.52045e-23, 5.22844e+06 ]
  Variable bound range        : [ 0.05, 6 ]
  RHS coefficient range       : [ 8.79269e-08, 6 ]
Objective value for Line heur k = 8: 34530007.2916071
82
Actual reward of current solution: 69986370.22671464
Minimum Difference with past solutions:0.05000000000000001.
Gurobi status: 2

Statistics for model Linearization Heuristic :
  Linear constraint matrix    : 16128 Constrs, 8640 Vars, 5479522 NZs
  Matrix coefficient range    : [ 1.00048e-13, 1 ]
  Objective coefficient range : [ 1.27733e-22, 5.22844e+06 ]
  Variable bound range        : [ 0.05, 6 ]
  RHS coefficient range       : [ 8.80438e-08, 6 ]
Objective value for Line heur k = 8: 34530003.543434575
82
Actual reward of current solution: 69986370.23773201
Minimum Difference with past solutions:0.0.
New solution equals old solution at k=8
81
Total Reward at the start of the inner iterations: 69986370.23773201
Gurobi status: 2

Statistics for model Linearization Heuristic :
  Linear constraint matrix    : 15945 Constrs, 8550 Vars, 5372053 NZs
  Matrix coefficient range    : [ 1e-13, 1 ]
  Objective coefficient range : [ 4.52045e-23, 5.22844e+06 ]
  Variable bound range        : [ 0.05, 6 ]
  RHS coefficient range       : [ 8.67169e-08, 6 ]
Objective value for Line heur k = 9: 34170563.380335055
81
Actual reward of current solution: 69986370.22671464
Minimum Difference with past solutions:0.05000000000000001.
Gurobi status: 2

Statistics for model Linearization Heuristic :
  Linear constraint matrix    : 15945 Constrs, 8550 Vars, 5360673 NZs
  Matrix coefficient range    : [ 1.00048e-13, 1 ]
  Objective coefficient range : [ 1.27733e-22, 5.22844e+06 ]
  Variable bound range        : [ 0.05, 6 ]
  RHS coefficient range       : [ 8.68324e-08, 6 ]
Objective value for Line heur k = 9: 34170559.62793061
81
Actual reward of current solution: 69986370.23773201
Minimum Difference with past solutions:0.0.
New solution equals old solution at k=9
80
Total Reward at the start of the inner iterations: 69986370.23773201
Gurobi status: 2

Statistics for model Linearization Heuristic :
  Linear constraint matrix    : 15762 Constrs, 8460 Vars, 5254457 NZs
  Matrix coefficient range    : [ 1e-13, 1 ]
  Objective coefficient range : [ 4.52045e-23, 5.22844e+06 ]
  Variable bound range        : [ 0.05, 6 ]
  RHS coefficient range       : [ 8.51221e-08, 6 ]
Objective value for Line heur k = 10: 33811102.15984265
80
Actual reward of current solution: 69986370.22671464
Minimum Difference with past solutions:0.05000000000000001.
Gurobi status: 2

Statistics for model Linearization Heuristic :
  Linear constraint matrix    : 15762 Constrs, 8460 Vars, 5243078 NZs
  Matrix coefficient range    : [ 1.00048e-13, 1 ]
  Objective coefficient range : [ 1.27733e-22, 5.22844e+06 ]
  Variable bound range        : [ 0.05, 6 ]
  RHS coefficient range       : [ 7.95431e-08, 6 ]
Objective value for Line heur k = 10: 33811098.40259181
80
Actual reward of current solution: 69986370.23773201
Minimum Difference with past solutions:0.0.
New solution equals old solution at k=10
79
Total Reward at the start of the inner iterations: 69986370.23773201
Gurobi status: 2

Statistics for model Linearization Heuristic :
  Linear constraint matrix    : 15579 Constrs, 8370 Vars, 5138115 NZs
  Matrix coefficient range    : [ 1e-13, 1 ]
  Objective coefficient range : [ 4.52045e-23, 5.22844e+06 ]
  Variable bound range        : [ 0.05, 6 ]
  RHS coefficient range       : [ 6.73894e-08, 6 ]
Objective value for Line heur k = 11: 33451624.577675153
79
Actual reward of current solution: 69986370.22671464
Minimum Difference with past solutions:0.05000000000000001.
Gurobi status: 2

Statistics for model Linearization Heuristic :
  Linear constraint matrix    : 15579 Constrs, 8370 Vars, 5126737 NZs
  Matrix coefficient range    : [ 1.00048e-13, 1 ]
  Objective coefficient range : [ 1.27733e-22, 5.22844e+06 ]
  Variable bound range        : [ 0.05, 6 ]
  RHS coefficient range       : [ 6.12676e-08, 6 ]
Objective value for Line heur k = 11: 33451620.814403582
79
Actual reward of current solution: 69986370.23773201
Minimum Difference with past solutions:0.0.
New solution equals old solution at k=11
78
Total Reward at the start of the inner iterations: 69986370.23773201
Gurobi status: 2

Statistics for model Linearization Heuristic :
  Linear constraint matrix    : 15396 Constrs, 8280 Vars, 5023027 NZs
  Matrix coefficient range    : [ 1e-13, 1 ]
  Objective coefficient range : [ 4.52045e-23, 5.22844e+06 ]
  Variable bound range        : [ 0.05, 6 ]
  RHS coefficient range       : [ 5.24852e-08, 6 ]
Objective value for Line heur k = 12: 33092131.566923972
78
Actual reward of current solution: 69986370.22671464
Minimum Difference with past solutions:0.05000000000000001.
Gurobi status: 2

Statistics for model Linearization Heuristic :
  Linear constraint matrix    : 15396 Constrs, 8280 Vars, 5011650 NZs
  Matrix coefficient range    : [ 1.00048e-13, 1 ]
  Objective coefficient range : [ 1.27733e-22, 5.22844e+06 ]
  Variable bound range        : [ 0.05, 6 ]
  RHS coefficient range       : [ 4.59198e-08, 6 ]
Objective value for Line heur k = 12: 33092127.795444306
78
Actual reward of current solution: 69986370.23773201
Minimum Difference with past solutions:0.0.
New solution equals old solution at k=12
77
Total Reward at the start of the inner iterations: 69986370.23773201
Gurobi status: 2

Statistics for model Linearization Heuristic :
  Linear constraint matrix    : 15213 Constrs, 8190 Vars, 4909193 NZs
  Matrix coefficient range    : [ 1e-13, 1 ]
  Objective coefficient range : [ 4.52045e-23, 5.22844e+06 ]
  Variable bound range        : [ 0.05, 6 ]
  RHS coefficient range       : [ 3.99429e-08, 6 ]
Objective value for Line heur k = 13: 32732624.023952056
77
Actual reward of current solution: 69986370.22671464
Minimum Difference with past solutions:0.05000000000000001.
Gurobi status: 2

Statistics for model Linearization Heuristic :
  Linear constraint matrix    : 15213 Constrs, 8190 Vars, 4897817 NZs
  Matrix coefficient range    : [ 1.00048e-13, 1 ]
  Objective coefficient range : [ 1.27733e-22, 5.22844e+06 ]
  Variable bound range        : [ 0.05, 6 ]
  RHS coefficient range       : [ 3.30153e-08, 6 ]
Objective value for Line heur k = 13: 32732620.240246568
77
Actual reward of current solution: 69986370.23773201
Minimum Difference with past solutions:0.0.
New solution equals old solution at k=13
76
Total Reward at the start of the inner iterations: 69986370.23773201
Gurobi status: 2

Statistics for model Linearization Heuristic :
  Linear constraint matrix    : 15030 Constrs, 8100 Vars, 4796687 NZs
  Matrix coefficient range    : [ 1e-13, 1 ]
  Objective coefficient range : [ 4.52045e-23, 5.22844e+06 ]
  Variable bound range        : [ 0.05, 6 ]
  RHS coefficient range       : [ 2.93063e-08, 6 ]
Objective value for Line heur k = 14: 32373102.795988094
76
Actual reward of current solution: 69986370.22671464
Minimum Difference with past solutions:0.05000000000000001.
Gurobi status: 2

Statistics for model Linearization Heuristic :
  Linear constraint matrix    : 15030 Constrs, 8100 Vars, 4785312 NZs
  Matrix coefficient range    : [ 1.00048e-13, 1 ]
  Objective coefficient range : [ 1.27733e-22, 5.22844e+06 ]
  Variable bound range        : [ 0.05, 6 ]
  RHS coefficient range       : [ 2.2071e-08, 6 ]
Objective value for Line heur k = 14: 32373098.992749374
76
Actual reward of current solution: 69986370.23773201
Minimum Difference with past solutions:0.0.
New solution equals old solution at k=14
75
Total Reward at the start of the inner iterations: 69986370.23773201
Gurobi status: 2

Statistics for model Linearization Heuristic :
  Linear constraint matrix    : 14919 Constrs, 8010 Vars, 4685454 NZs
  Matrix coefficient range    : [ 1e-13, 1 ]
  Objective coefficient range : [ 4.52045e-23, 5.22844e+06 ]
  Variable bound range        : [ 0.05, 6 ]
  RHS coefficient range       : [ 2.32679e-08, 6 ]
Objective value for Line heur k = 15: 32013568.68168769
75
Actual reward of current solution: 69986370.26531632
Minimum Difference with past solutions:0.05000000000000001.
Gurobi status: 2

Statistics for model Linearization Heuristic :
  Linear constraint matrix    : 14919 Constrs, 8010 Vars, 4674073 NZs
  Matrix coefficient range    : [ 1.00063e-13, 1 ]
  Objective coefficient range : [ 7.09373e-23, 5.22844e+06 ]
  Variable bound range        : [ 0.05, 6 ]
  RHS coefficient range       : [ 2.32679e-08, 6 ]
Objective value for Line heur k = 15: 32013573.718138825
75
Actual reward of current solution: 69986370.23773201
Minimum Difference with past solutions:0.0.
New solution equals old solution at k=15
74
Total Reward at the start of the inner iterations: 69986370.26531632
Gurobi status: 2

Statistics for model Linearization Heuristic :
  Linear constraint matrix    : 14736 Constrs, 7920 Vars, 4564044 NZs
  Matrix coefficient range    : [ 1.00063e-13, 1 ]
  Objective coefficient range : [ 7.09373e-23, 5.22844e+06 ]
  Variable bound range        : [ 0.05, 6 ]
  RHS coefficient range       : [ 1.86433e-08, 6 ]
Objective value for Line heur k = 16: 31654027.55320419
74
Actual reward of current solution: 69986370.23773201
Minimum Difference with past solutions:0.05000000000000001.
Gurobi status: 2

Statistics for model Linearization Heuristic :
  Linear constraint matrix    : 14736 Constrs, 7920 Vars, 4575422 NZs
  Matrix coefficient range    : [ 1e-13, 1 ]
  Objective coefficient range : [ 4.52045e-23, 5.22844e+06 ]
  Variable bound range        : [ 0.05, 6 ]
  RHS coefficient range       : [ 1.86433e-08, 6 ]
Objective value for Line heur k = 16: 31654022.51614235
74
Actual reward of current solution: 69986370.26531632
Minimum Difference with past solutions:0.0.
New solution equals old solution at k=16
73
Total Reward at the start of the inner iterations: 69986370.26531632
Gurobi status: 2

Statistics for model Linearization Heuristic :
  Linear constraint matrix    : 14553 Constrs, 7830 Vars, 4455290 NZs
  Matrix coefficient range    : [ 1.00063e-13, 1 ]
  Objective coefficient range : [ 7.09373e-23, 5.22844e+06 ]
  Variable bound range        : [ 0.05, 6 ]
  RHS coefficient range       : [ 1.52184e-08, 6 ]
Objective value for Line heur k = 17: 31294470.045196462
73
Actual reward of current solution: 69986370.23773201
Minimum Difference with past solutions:0.05000000000000001.
Gurobi status: 2

Statistics for model Linearization Heuristic :
  Linear constraint matrix    : 14553 Constrs, 7830 Vars, 4466664 NZs
  Matrix coefficient range    : [ 1e-13, 1 ]
  Objective coefficient range : [ 4.52045e-23, 5.22844e+06 ]
  Variable bound range        : [ 0.05, 6 ]
  RHS coefficient range       : [ 1.50905e-08, 6 ]
Objective value for Line heur k = 17: 31294465.007520836
73
Actual reward of current solution: 69986370.26531632
Minimum Difference with past solutions:0.0.
New solution equals old solution at k=17
72
Total Reward at the start of the inner iterations: 69986370.26531632
Gurobi status: 2

Statistics for model Linearization Heuristic :
  Linear constraint matrix    : 14370 Constrs, 7740 Vars, 4347810 NZs
  Matrix coefficient range    : [ 1.00063e-13, 1 ]
  Objective coefficient range : [ 7.09373e-23, 5.22844e+06 ]
  Variable bound range        : [ 0.05, 6 ]
  RHS coefficient range       : [ 1.27491e-08, 6 ]
Objective value for Line heur k = 18: 30934901.875097495
72
Actual reward of current solution: 69986370.23773201
Minimum Difference with past solutions:0.05000000000000001.
Gurobi status: 2

Statistics for model Linearization Heuristic :
  Linear constraint matrix    : 14370 Constrs, 7740 Vars, 4359180 NZs
  Matrix coefficient range    : [ 1e-13, 1 ]
  Objective coefficient range : [ 4.52045e-23, 5.22844e+06 ]
  Variable bound range        : [ 0.05, 6 ]
  RHS coefficient range       : [ 1.23567e-08, 6 ]
Objective value for Line heur k = 18: 30934896.836799726
72
Actual reward of current solution: 69986370.26531632
Minimum Difference with past solutions:0.0.
New solution equals old solution at k=18
71
Total Reward at the start of the inner iterations: 69986370.26531632
Gurobi status: 2

Statistics for model Linearization Heuristic :
  Linear constraint matrix    : 14187 Constrs, 7650 Vars, 4241603 NZs
  Matrix coefficient range    : [ 1.00063e-13, 1 ]
  Objective coefficient range : [ 7.09373e-23, 5.22844e+06 ]
  Variable bound range        : [ 0.05, 6 ]
  RHS coefficient range       : [ 1.10094e-08, 6 ]
Objective value for Line heur k = 19: 30575323.679338794
71
Actual reward of current solution: 69986370.23773201
Minimum Difference with past solutions:0.05000000000000001.
Gurobi status: 2

Statistics for model Linearization Heuristic :
  Linear constraint matrix    : 14187 Constrs, 7650 Vars, 4252969 NZs
  Matrix coefficient range    : [ 1e-13, 1 ]
  Objective coefficient range : [ 4.52045e-23, 5.22844e+06 ]
  Variable bound range        : [ 0.05, 6 ]
  RHS coefficient range       : [ 1.0252e-08, 6 ]
Objective value for Line heur k = 19: 30575318.64040449
71
Actual reward of current solution: 69986370.26531632
Minimum Difference with past solutions:0.0.
New solution equals old solution at k=19
70
Total Reward at the start of the inner iterations: 69986370.26531632
Gurobi status: 2

Statistics for model Linearization Heuristic :
  Linear constraint matrix    : 14004 Constrs, 7560 Vars, 4136670 NZs
  Matrix coefficient range    : [ 1.00063e-13, 1 ]
  Objective coefficient range : [ 7.09373e-23, 5.22844e+06 ]
  Variable bound range        : [ 0.05, 6 ]
  RHS coefficient range       : [ 9.80922e-09, 6 ]
Objective value for Line heur k = 20: 30215736.05340006
70
Actual reward of current solution: 69986370.23773201
Minimum Difference with past solutions:0.05000000000000001.
Gurobi status: 2

Statistics for model Linearization Heuristic :
  Linear constraint matrix    : 14004 Constrs, 7560 Vars, 4148031 NZs
  Matrix coefficient range    : [ 1e-13, 1 ]
  Objective coefficient range : [ 4.52045e-23, 5.22844e+06 ]
  Variable bound range        : [ 0.05, 6 ]
  RHS coefficient range       : [ 8.63293e-09, 6 ]
Objective value for Line heur k = 20: 30215731.01380645
70
Actual reward of current solution: 69986370.26531632
Minimum Difference with past solutions:0.0.
New solution equals old solution at k=20
69
Total Reward at the start of the inner iterations: 69986370.26531632
Gurobi status: 2

Statistics for model Linearization Heuristic :
  Linear constraint matrix    : 13821 Constrs, 7470 Vars, 4033010 NZs
  Matrix coefficient range    : [ 1.00063e-13, 1 ]
  Objective coefficient range : [ 7.09373e-23, 5.22844e+06 ]
  Variable bound range        : [ 0.05, 6 ]
  RHS coefficient range       : [ 8.99768e-09, 6 ]
Objective value for Line heur k = 21: 29856139.55493856
69
Actual reward of current solution: 69986370.23773201
Minimum Difference with past solutions:0.05000000000000001.
Gurobi status: 2

Statistics for model Linearization Heuristic :
  Linear constraint matrix    : 13821 Constrs, 7470 Vars, 4044367 NZs
  Matrix coefficient range    : [ 1e-13, 1 ]
  Objective coefficient range : [ 4.52045e-23, 5.22844e+06 ]
  Variable bound range        : [ 0.05, 6 ]
  RHS coefficient range       : [ 7.38934e-09, 6 ]
Objective value for Line heur k = 21: 29856134.514649168
69
Actual reward of current solution: 69986370.26531632
Minimum Difference with past solutions:0.0.
New solution equals old solution at k=21
68
Total Reward at the start of the inner iterations: 69986370.26531632
Gurobi status: 2

Statistics for model Linearization Heuristic :
  Linear constraint matrix    : 13638 Constrs, 7380 Vars, 3930625 NZs
  Matrix coefficient range    : [ 1.00063e-13, 1 ]
  Objective coefficient range : [ 7.09373e-23, 5.22844e+06 ]
  Variable bound range        : [ 0.05, 6 ]
  RHS coefficient range       : [ 8.45954e-09, 6 ]
Objective value for Line heur k = 22: 29496534.706573244
68
Actual reward of current solution: 69986370.23773201
Minimum Difference with past solutions:0.05000000000000001.
Gurobi status: 2

Statistics for model Linearization Heuristic :
  Linear constraint matrix    : 13638 Constrs, 7380 Vars, 3941976 NZs
  Matrix coefficient range    : [ 1e-13, 1 ]
  Objective coefficient range : [ 4.52045e-23, 5.22844e+06 ]
  Variable bound range        : [ 0.05, 6 ]
  RHS coefficient range       : [ 6.43646e-09, 6 ]
Objective value for Line heur k = 22: 29496529.66552755
68
Actual reward of current solution: 69986370.26531632
Minimum Difference with past solutions:0.0.
New solution equals old solution at k=22
67
Total Reward at the start of the inner iterations: 69986370.26531632
Gurobi status: 2

Statistics for model Linearization Heuristic :
  Linear constraint matrix    : 13455 Constrs, 7290 Vars, 3829515 NZs
  Matrix coefficient range    : [ 1.00063e-13, 1 ]
  Objective coefficient range : [ 7.09373e-23, 5.22844e+06 ]
  Variable bound range        : [ 0.05, 6 ]
  RHS coefficient range       : [ 8.1095e-09, 6 ]
Objective value for Line heur k = 23: 29136921.998398628
67
Actual reward of current solution: 69986370.23773201
Minimum Difference with past solutions:0.05000000000000001.
Gurobi status: 2

Statistics for model Linearization Heuristic :
  Linear constraint matrix    : 13455 Constrs, 7290 Vars, 3840860 NZs
  Matrix coefficient range    : [ 1e-13, 1 ]
  Objective coefficient range : [ 4.52045e-23, 5.22844e+06 ]
  Variable bound range        : [ 0.05, 6 ]
  RHS coefficient range       : [ 5.7085e-09, 6 ]
Objective value for Line heur k = 23: 29136916.956492756
67
Actual reward of current solution: 69986370.26531632
Minimum Difference with past solutions:0.0.
New solution equals old solution at k=23
66
Total Reward at the start of the inner iterations: 69986370.26531632
Gurobi status: 2

Statistics for model Linearization Heuristic :
  Linear constraint matrix    : 13272 Constrs, 7200 Vars, 3729680 NZs
  Matrix coefficient range    : [ 1.00063e-13, 1 ]
  Objective coefficient range : [ 7.09373e-23, 5.22844e+06 ]
  Variable bound range        : [ 0.05, 6 ]
  RHS coefficient range       : [ 3.69035e-10, 6 ]
Objective value for Line heur k = 24: 28777301.89027821
66
Actual reward of current solution: 69986370.23773201
Minimum Difference with past solutions:0.05000000000000001.
Gurobi status: 2

Statistics for model Linearization Heuristic :
  Linear constraint matrix    : 13272 Constrs, 7200 Vars, 3741020 NZs
  Matrix coefficient range    : [ 1e-13, 1 ]
  Objective coefficient range : [ 4.52045e-23, 5.22844e+06 ]
  Variable bound range        : [ 0.05, 6 ]
  RHS coefficient range       : [ 1.83215e-09, 6 ]
Objective value for Line heur k = 24: 28777296.847329475
66
Actual reward of current solution: 69986370.26531632
Minimum Difference with past solutions:0.0.
New solution equals old solution at k=24
65
Total Reward at the start of the inner iterations: 69986370.26531632
Gurobi status: 2

Statistics for model Linearization Heuristic :
  Linear constraint matrix    : 13089 Constrs, 7110 Vars, 3631119 NZs
  Matrix coefficient range    : [ 1.00063e-13, 1 ]
  Objective coefficient range : [ 7.09373e-23, 5.22844e+06 ]
  Variable bound range        : [ 0.05, 6 ]
  RHS coefficient range       : [ 7.74752e-09, 6 ]
Objective value for Line heur k = 25: 28417674.81395534
65
Actual reward of current solution: 69986370.23773201
Minimum Difference with past solutions:0.05000000000000001.
Gurobi status: 2

Statistics for model Linearization Heuristic :
  Linear constraint matrix    : 13089 Constrs, 7110 Vars, 3642453 NZs
  Matrix coefficient range    : [ 1e-13, 1 ]
  Objective coefficient range : [ 4.52045e-23, 5.22844e+06 ]
  Variable bound range        : [ 0.05, 6 ]
  RHS coefficient range       : [ 4.7335e-09, 6 ]
Objective value for Line heur k = 25: 28417669.76963816
65
Actual reward of current solution: 69986370.26531632
Minimum Difference with past solutions:0.0.
New solution equals old solution at k=25
64
Total Reward at the start of the inner iterations: 69986370.26531632
Gurobi status: 2

Statistics for model Linearization Heuristic :
  Linear constraint matrix    : 12906 Constrs, 7020 Vars, 3533834 NZs
  Matrix coefficient range    : [ 1.00063e-13, 1 ]
  Objective coefficient range : [ 7.09373e-23, 5.22844e+06 ]
  Variable bound range        : [ 0.05, 6 ]
  RHS coefficient range       : [ 6.5393e-09, 6 ]
Objective value for Line heur k = 26: 28058041.17501499
64
Actual reward of current solution: 69986370.23773201
Minimum Difference with past solutions:0.05000000000000001.
Gurobi status: 2

Statistics for model Linearization Heuristic :
  Linear constraint matrix    : 12906 Constrs, 7020 Vars, 3545161 NZs
  Matrix coefficient range    : [ 1e-13, 1 ]
  Objective coefficient range : [ 4.52045e-23, 5.22844e+06 ]
  Variable bound range        : [ 0.05, 6 ]
  RHS coefficient range       : [ 4.415e-09, 6 ]
Objective value for Line heur k = 26: 28058036.128745567
64
Actual reward of current solution: 69986370.26531632
Minimum Difference with past solutions:0.0.
New solution equals old solution at k=26
63
Total Reward at the start of the inner iterations: 69986370.26531632
Gurobi status: 2

Statistics for model Linearization Heuristic :
  Linear constraint matrix    : 12723 Constrs, 6930 Vars, 3437823 NZs
  Matrix coefficient range    : [ 1.00063e-13, 1 ]
  Objective coefficient range : [ 7.09373e-23, 5.22844e+06 ]
  Variable bound range        : [ 0.05, 6 ]
  RHS coefficient range       : [ 3.93292e-09, 6 ]
Objective value for Line heur k = 27: 27698401.35473228
63
Actual reward of current solution: 69986370.23773201
Minimum Difference with past solutions:0.05000000000000001.
Gurobi status: 2

Statistics for model Linearization Heuristic :
  Linear constraint matrix    : 12723 Constrs, 6930 Vars, 3449142 NZs
  Matrix coefficient range    : [ 1e-13, 1 ]
  Objective coefficient range : [ 4.52045e-23, 5.22844e+06 ]
  Variable bound range        : [ 0.05, 6 ]
  RHS coefficient range       : [ 4.17414e-09, 6 ]
Objective value for Line heur k = 27: 27698396.305463
63
Actual reward of current solution: 69986370.26531632
Minimum Difference with past solutions:0.0.
New solution equals old solution at k=27
62
Total Reward at the start of the inner iterations: 69986370.26531632
Gurobi status: 2

Statistics for model Linearization Heuristic :
  Linear constraint matrix    : 12540 Constrs, 6840 Vars, 3343161 NZs
  Matrix coefficient range    : [ 1.00063e-13, 1 ]
  Objective coefficient range : [ 7.09373e-23, 5.22844e+06 ]
  Variable bound range        : [ 0.05, 6 ]
  RHS coefficient range       : [ 1.67109e-09, 6 ]
Objective value for Line heur k = 28: 27338755.711853545
62
Actual reward of current solution: 69986370.23773201
Minimum Difference with past solutions:0.05000000000000001.
Gurobi status: 2

Statistics for model Linearization Heuristic :
  Linear constraint matrix    : 12540 Constrs, 6840 Vars, 3354471 NZs
  Matrix coefficient range    : [ 1e-13, 1 ]
  Objective coefficient range : [ 4.52045e-23, 5.22844e+06 ]
  Variable bound range        : [ 0.05, 6 ]
  RHS coefficient range       : [ 2.50815e-09, 6 ]
Objective value for Line heur k = 28: 27338750.65770755
62
Actual reward of current solution: 69986370.26531632
Minimum Difference with past solutions:0.0.
New solution equals old solution at k=28
61
Total Reward at the start of the inner iterations: 69986370.26531632
Gurobi status: 2

Statistics for model Linearization Heuristic :
  Linear constraint matrix    : 12429 Constrs, 6750 Vars, 3249774 NZs
  Matrix coefficient range    : [ 1.00063e-13, 1 ]
  Objective coefficient range : [ 7.09373e-23, 5.22844e+06 ]
  Variable bound range        : [ 0.05, 6 ]
  RHS coefficient range       : [ 2.04128e-10, 6 ]
Objective value for Line heur k = 29: 26979104.570752513
61
Actual reward of current solution: 69986370.25593625
Minimum Difference with past solutions:0.04999999999999997.
Gurobi status: 2

Statistics for model Linearization Heuristic :
  Linear constraint matrix    : 12429 Constrs, 6750 Vars, 3261024 NZs
  Matrix coefficient range    : [ 1.00002e-13, 1 ]
  Objective coefficient range : [ 2.74098e-22, 5.22844e+06 ]
  Variable bound range        : [ 0.05, 6 ]
  RHS coefficient range       : [ 2.04128e-10, 6 ]
Objective value for Line heur k = 29: 26979103.134603772
61
Actual reward of current solution: 69986370.26531632
Minimum Difference with past solutions:0.0.
New solution equals old solution at k=29
60
Total Reward at the start of the inner iterations: 69986370.26531632
Gurobi status: 2

Statistics for model Linearization Heuristic :
  Linear constraint matrix    : 12246 Constrs, 6660 Vars, 3157592 NZs
  Matrix coefficient range    : [ 1.00063e-13, 1 ]
  Objective coefficient range : [ 7.09373e-23, 5.22844e+06 ]
  Variable bound range        : [ 0.05, 6 ]
  RHS coefficient range       : [ 1.79608e-09, 6 ]
Objective value for Line heur k = 30: 26619448.26823302
60
Actual reward of current solution: 69986370.25593625
Minimum Difference with past solutions:0.04999999999999997.
Gurobi status: 2

Statistics for model Linearization Heuristic :
  Linear constraint matrix    : 12246 Constrs, 6660 Vars, 3168835 NZs
  Matrix coefficient range    : [ 1.00002e-13, 1 ]
  Objective coefficient range : [ 2.74098e-22, 5.22844e+06 ]
  Variable bound range        : [ 0.05, 6 ]
  RHS coefficient range       : [ 1.79608e-09, 6 ]
Objective value for Line heur k = 30: 26619446.832047418
60
Actual reward of current solution: 69986370.26531632
Minimum Difference with past solutions:0.0.
New solution equals old solution at k=30
59
Total Reward at the start of the inner iterations: 69986370.26531632
Gurobi status: 2

Statistics for model Linearization Heuristic :
  Linear constraint matrix    : 12063 Constrs, 6570 Vars, 3066686 NZs
  Matrix coefficient range    : [ 1.00063e-13, 1 ]
  Objective coefficient range : [ 7.09373e-23, 5.22844e+06 ]
  Variable bound range        : [ 0.05, 6 ]
  RHS coefficient range       : [ 3.17401e-09, 6 ]
Objective value for Line heur k = 31: 26259787.0901795
59
Actual reward of current solution: 69986370.25593625
Minimum Difference with past solutions:0.04999999999999997.
Gurobi status: 2

Statistics for model Linearization Heuristic :
  Linear constraint matrix    : 12063 Constrs, 6570 Vars, 3077921 NZs
  Matrix coefficient range    : [ 1.00002e-13, 1 ]
  Objective coefficient range : [ 2.74098e-22, 5.22844e+06 ]
  Variable bound range        : [ 0.05, 6 ]
  RHS coefficient range       : [ 3.1651e-09, 6 ]
Objective value for Line heur k = 31: 26259785.653951913
59
Actual reward of current solution: 69986370.26531632
Minimum Difference with past solutions:0.0.
New solution equals old solution at k=31
58
Total Reward at the start of the inner iterations: 69986370.26531632
Gurobi status: 2

Statistics for model Linearization Heuristic :
  Linear constraint matrix    : 11880 Constrs, 6480 Vars, 2977055 NZs
  Matrix coefficient range    : [ 1.00063e-13, 1 ]
  Objective coefficient range : [ 7.09373e-23, 5.22844e+06 ]
  Variable bound range        : [ 0.05, 6 ]
  RHS coefficient range       : [ 5.03405e-10, 6 ]
Objective value for Line heur k = 32: 25900121.316232327
58
Actual reward of current solution: 69986370.25593625
Minimum Difference with past solutions:0.04999999999999997.
Gurobi status: 2

Statistics for model Linearization Heuristic :
  Linear constraint matrix    : 11880 Constrs, 6480 Vars, 2988282 NZs
  Matrix coefficient range    : [ 1.00002e-13, 1 ]
  Objective coefficient range : [ 2.74098e-22, 5.22844e+06 ]
  Variable bound range        : [ 0.05, 6 ]
  RHS coefficient range       : [ 7.43187e-10, 6 ]
Objective value for Line heur k = 32: 25900119.879957274
58
Actual reward of current solution: 69986370.26531632
Minimum Difference with past solutions:0.0.
New solution equals old solution at k=32
57
Total Reward at the start of the inner iterations: 69986370.26531632
Gurobi status: 2

Statistics for model Linearization Heuristic :
  Linear constraint matrix    : 11697 Constrs, 6390 Vars, 2888701 NZs
  Matrix coefficient range    : [ 1.00063e-13, 1 ]
  Objective coefficient range : [ 7.09373e-23, 5.22844e+06 ]
  Variable bound range        : [ 0.05, 6 ]
  RHS coefficient range       : [ 3.38819e-09, 6 ]
Objective value for Line heur k = 33: 25540451.20986185
57
Actual reward of current solution: 69986370.25593625
Minimum Difference with past solutions:0.04999999999999997.
Gurobi status: 2

Statistics for model Linearization Heuristic :
  Linear constraint matrix    : 11697 Constrs, 6390 Vars, 2899917 NZs
  Matrix coefficient range    : [ 1.00002e-13, 1 ]
  Objective coefficient range : [ 2.74098e-22, 5.22844e+06 ]
  Variable bound range        : [ 0.05, 6 ]
  RHS coefficient range       : [ 2.90851e-09, 6 ]
Objective value for Line heur k = 33: 25540449.773533046
57
Actual reward of current solution: 69986370.26531632
Minimum Difference with past solutions:0.0.
New solution equals old solution at k=33
56
Total Reward at the start of the inner iterations: 69986370.26531632
Gurobi status: 2

Statistics for model Linearization Heuristic :
  Linear constraint matrix    : 11514 Constrs, 6300 Vars, 2801625 NZs
  Matrix coefficient range    : [ 1.00063e-13, 1 ]
  Objective coefficient range : [ 7.09373e-23, 5.22844e+06 ]
  Variable bound range        : [ 0.05, 6 ]
  RHS coefficient range       : [ 5.26284e-09, 6 ]
Objective value for Line heur k = 34: 25180777.019292686
56
Actual reward of current solution: 69986370.25593625
Minimum Difference with past solutions:0.04999999999999997.
Gurobi status: 2

Statistics for model Linearization Heuristic :
  Linear constraint matrix    : 11514 Constrs, 6300 Vars, 2812828 NZs
  Matrix coefficient range    : [ 1.00002e-13, 1 ]
  Objective coefficient range : [ 2.74098e-22, 5.22844e+06 ]
  Variable bound range        : [ 0.05, 6 ]
  RHS coefficient range       : [ 5.6786e-09, 6 ]
Objective value for Line heur k = 34: 25180775.582901962
56
Actual reward of current solution: 69986370.26531632
Minimum Difference with past solutions:0.0.
New solution equals old solution at k=34
55
Total Reward at the start of the inner iterations: 69986370.26531632
Gurobi status: 2

Statistics for model Linearization Heuristic :
  Linear constraint matrix    : 11331 Constrs, 6210 Vars, 2715830 NZs
  Matrix coefficient range    : [ 1.00063e-13, 1 ]
  Objective coefficient range : [ 7.09373e-23, 5.22844e+06 ]
  Variable bound range        : [ 0.05, 6 ]
  RHS coefficient range       : [ 7.01783e-09, 6 ]
Objective value for Line heur k = 35: 24821098.978403207
55
Actual reward of current solution: 69986370.25593625
Minimum Difference with past solutions:0.04999999999999997.
Gurobi status: 2

Statistics for model Linearization Heuristic :
  Linear constraint matrix    : 11331 Constrs, 6210 Vars, 2727018 NZs
  Matrix coefficient range    : [ 1.00002e-13, 1 ]
  Objective coefficient range : [ 2.74098e-22, 5.22844e+06 ]
  Variable bound range        : [ 0.05, 6 ]
  RHS coefficient range       : [ 6.31045e-09, 6 ]
Objective value for Line heur k = 35: 24821097.54193869
55
Actual reward of current solution: 69986370.26531632
Minimum Difference with past solutions:0.0.
New solution equals old solution at k=35
54
Total Reward at the start of the inner iterations: 69986370.26531632
Gurobi status: 2

Statistics for model Linearization Heuristic :
  Linear constraint matrix    : 11148 Constrs, 6120 Vars, 2631315 NZs
  Matrix coefficient range    : [ 1.00063e-13, 1 ]
  Objective coefficient range : [ 7.09373e-23, 5.22844e+06 ]
  Variable bound range        : [ 0.05, 6 ]
  RHS coefficient range       : [ 7.7792e-09, 6 ]
Objective value for Line heur k = 36: 24461417.307588477
54
Actual reward of current solution: 69986370.25593625
Minimum Difference with past solutions:0.04999999999999997.
Gurobi status: 2

Statistics for model Linearization Heuristic :
  Linear constraint matrix    : 11148 Constrs, 6120 Vars, 2642482 NZs
  Matrix coefficient range    : [ 1.00002e-13, 1 ]
  Objective coefficient range : [ 2.74098e-22, 5.22844e+06 ]
  Variable bound range        : [ 0.05, 6 ]
  RHS coefficient range       : [ 7.59276e-09, 6 ]
Objective value for Line heur k = 36: 24461415.87103084
54
Actual reward of current solution: 69986370.26531632
Minimum Difference with past solutions:0.0.
New solution equals old solution at k=36
53
Total Reward at the start of the inner iterations: 69986370.26531632
Gurobi status: 2

Statistics for model Linearization Heuristic :
  Linear constraint matrix    : 10965 Constrs, 6030 Vars, 2548082 NZs
  Matrix coefficient range    : [ 1.00063e-13, 1 ]
  Objective coefficient range : [ 7.09373e-23, 5.22844e+06 ]
  Variable bound range        : [ 0.05, 6 ]
  RHS coefficient range       : [ 8.34266e-09, 6 ]
Objective value for Line heur k = 37: 24101732.214583617
53
Actual reward of current solution: 69986370.25593625
Minimum Difference with past solutions:0.04999999999999997.
Gurobi status: 2

Statistics for model Linearization Heuristic :
  Linear constraint matrix    : 10965 Constrs, 6030 Vars, 2559224 NZs
  Matrix coefficient range    : [ 1.00002e-13, 1 ]
  Objective coefficient range : [ 2.74098e-22, 5.22844e+06 ]
  Variable bound range        : [ 0.05, 6 ]
  RHS coefficient range       : [ 8.10691e-09, 6 ]
Objective value for Line heur k = 37: 24101730.777899124
53
Actual reward of current solution: 69986370.26531632
Minimum Difference with past solutions:0.0.
New solution equals old solution at k=37
52
Total Reward at the start of the inner iterations: 69986370.26531632
Gurobi status: 2

Statistics for model Linearization Heuristic :
  Linear constraint matrix    : 10782 Constrs, 5940 Vars, 2466138 NZs
  Matrix coefficient range    : [ 1.00063e-13, 1 ]
  Objective coefficient range : [ 7.09373e-23, 5.22844e+06 ]
  Variable bound range        : [ 0.05, 6 ]
  RHS coefficient range       : [ 8.81254e-09, 6 ]
Objective value for Line heur k = 38: 23742043.895252038
52
Actual reward of current solution: 69986370.25593625
Minimum Difference with past solutions:0.04999999999999997.
Gurobi status: 2

Statistics for model Linearization Heuristic :
  Linear constraint matrix    : 10782 Constrs, 5940 Vars, 2477244 NZs
  Matrix coefficient range    : [ 1.00002e-13, 1 ]
  Objective coefficient range : [ 2.74098e-22, 5.22844e+06 ]
  Variable bound range        : [ 0.05, 6 ]
  RHS coefficient range       : [ 8.52645e-09, 6 ]
Objective value for Line heur k = 38: 23742042.458379358
52
Actual reward of current solution: 69986370.26531632
Minimum Difference with past solutions:0.0.
New solution equals old solution at k=38
51
Total Reward at the start of the inner iterations: 69986370.26531632
Gurobi status: 2

Statistics for model Linearization Heuristic :
  Linear constraint matrix    : 10599 Constrs, 5850 Vars, 2385490 NZs
  Matrix coefficient range    : [ 1.00063e-13, 1 ]
  Objective coefficient range : [ 7.09373e-23, 5.22844e+06 ]
  Variable bound range        : [ 0.05, 6 ]
  RHS coefficient range       : [ 9.19882e-09, 6 ]
Objective value for Line heur k = 39: 23382352.534348585
51
Actual reward of current solution: 69986370.25593625
Minimum Difference with past solutions:0.04999999999999997.
Gurobi status: 2

Statistics for model Linearization Heuristic :
  Linear constraint matrix    : 10599 Constrs, 5850 Vars, 2396541 NZs
  Matrix coefficient range    : [ 1.00002e-13, 1 ]
  Objective coefficient range : [ 2.74098e-22, 5.22844e+06 ]
  Variable bound range        : [ 0.05, 6 ]
  RHS coefficient range       : [ 8.86219e-09, 6 ]
Objective value for Line heur k = 39: 23382351.097174518
51
Actual reward of current solution: 69986370.26531632
Minimum Difference with past solutions:0.0.
New solution equals old solution at k=39
50
Total Reward at the start of the inner iterations: 69986370.26531632
Gurobi status: 2

Statistics for model Linearization Heuristic :
  Linear constraint matrix    : 10416 Constrs, 5760 Vars, 2306167 NZs
  Matrix coefficient range    : [ 1.00063e-13, 1 ]
  Objective coefficient range : [ 7.09373e-23, 5.22844e+06 ]
  Variable bound range        : [ 0.05, 6 ]
  RHS coefficient range       : [ 9.51143e-09, 6 ]
Objective value for Line heur k = 40: 23022658.306276653
50
Actual reward of current solution: 69986370.25593625
Minimum Difference with past solutions:0.04999999999999997.
Gurobi status: 2

Statistics for model Linearization Heuristic :
  Linear constraint matrix    : 10416 Constrs, 5760 Vars, 2317119 NZs
  Matrix coefficient range    : [ 1.00002e-13, 1 ]
  Objective coefficient range : [ 2.74098e-22, 5.22844e+06 ]
  Variable bound range        : [ 0.05, 6 ]
  RHS coefficient range       : [ 9.12446e-09, 6 ]
Objective value for Line heur k = 40: 23022656.868591465
50
Actual reward of current solution: 69986370.26531632
Minimum Difference with past solutions:0.0.
New solution equals old solution at k=40
49
Total Reward at the start of the inner iterations: 69986370.26531632
Gurobi status: 2

Statistics for model Linearization Heuristic :
  Linear constraint matrix    : 10233 Constrs, 5670 Vars, 2228230 NZs
  Matrix coefficient range    : [ 1.00063e-13, 1 ]
  Objective coefficient range : [ 7.09373e-23, 5.22844e+06 ]
  Variable bound range        : [ 0.05, 6 ]
  RHS coefficient range       : [ 4.83076e-10, 6 ]
Objective value for Line heur k = 41: 22662961.37587167
49
Actual reward of current solution: 69986370.25593625
Minimum Difference with past solutions:0.04999999999999997.
Gurobi status: 2

Statistics for model Linearization Heuristic :
  Linear constraint matrix    : 10233 Constrs, 5670 Vars, 2238983 NZs
  Matrix coefficient range    : [ 1.00002e-13, 1 ]
  Objective coefficient range : [ 2.74098e-22, 5.22844e+06 ]
  Variable bound range        : [ 0.05, 6 ]
  RHS coefficient range       : [ 4.02055e-09, 6 ]
Objective value for Line heur k = 41: 22662959.93728786
49
Actual reward of current solution: 69986370.26531632
Minimum Difference with past solutions:0.0.
New solution equals old solution at k=41
48
Total Reward at the start of the inner iterations: 69986370.26531632
Gurobi status: 2

Statistics for model Linearization Heuristic :
  Linear constraint matrix    : 10050 Constrs, 5580 Vars, 2152491 NZs
  Matrix coefficient range    : [ 1.00063e-13, 1 ]
  Objective coefficient range : [ 7.09373e-23, 5.22844e+06 ]
  Variable bound range        : [ 0.05, 6 ]
  RHS coefficient range       : [ 9.95704e-09, 6 ]
Objective value for Line heur k = 42: 22303261.8992661
48
Actual reward of current solution: 69986370.25593625
Minimum Difference with past solutions:0.04999999999999997.
Gurobi status: 2

Statistics for model Linearization Heuristic :
  Linear constraint matrix    : 10050 Constrs, 5580 Vars, 2162230 NZs
  Matrix coefficient range    : [ 1.00002e-13, 1 ]
  Objective coefficient range : [ 2.74098e-22, 5.22844e+06 ]
  Variable bound range        : [ 0.05, 6 ]
  RHS coefficient range       : [ 6.82891e-09, 6 ]
Objective value for Line heur k = 42: 22303260.459072195
48
Actual reward of current solution: 69986370.26531632
Minimum Difference with past solutions:0.0.
New solution equals old solution at k=42
47
Total Reward at the start of the inner iterations: 69986370.26531632
Gurobi status: 2

Statistics for model Linearization Heuristic :
  Linear constraint matrix    : 9939 Constrs, 5490 Vars, 2078006 NZs
  Matrix coefficient range    : [ 1.00063e-13, 1 ]
  Objective coefficient range : [ 7.09373e-23, 5.22844e+06 ]
  Variable bound range        : [ 0.05, 6 ]
  RHS coefficient range       : [ 9.94017e-09, 6 ]
Objective value for Line heur k = 43: 21943560.01922755
47
Actual reward of current solution: 69986370.26531632
Minimum Difference with past solutions:0.0.
New solution equals old solution at k=43
46
Total Reward at the start of the inner iterations: 69986370.26531632
Gurobi status: 2

Statistics for model Linearization Heuristic :
  Linear constraint matrix    : 9756 Constrs, 5400 Vars, 2004703 NZs
  Matrix coefficient range    : [ 1.00063e-13, 1 ]
  Objective coefficient range : [ 7.09373e-23, 5.22844e+06 ]
  Variable bound range        : [ 0.05, 6 ]
  RHS coefficient range       : [ 9.86023e-09, 6 ]
Objective value for Line heur k = 44: 21583855.873794302
46
Actual reward of current solution: 69986370.26531632
Minimum Difference with past solutions:0.0.
New solution equals old solution at k=44
45
Total Reward at the start of the inner iterations: 69986370.26531632
Gurobi status: 2

Statistics for model Linearization Heuristic :
  Linear constraint matrix    : 9573 Constrs, 5310 Vars, 1932654 NZs
  Matrix coefficient range    : [ 1.00063e-13, 1 ]
  Objective coefficient range : [ 7.09373e-23, 5.22844e+06 ]
  Variable bound range        : [ 0.05, 6 ]
  RHS coefficient range       : [ 9.73241e-09, 6 ]
Objective value for Line heur k = 45: 21224149.58920825
45
Actual reward of current solution: 69986370.26531632
Minimum Difference with past solutions:0.0.
New solution equals old solution at k=45
44
Total Reward at the start of the inner iterations: 69986370.26531632
Gurobi status: 2

Statistics for model Linearization Heuristic :
  Linear constraint matrix    : 9390 Constrs, 5220 Vars, 1861859 NZs
  Matrix coefficient range    : [ 1.00063e-13, 1 ]
  Objective coefficient range : [ 7.09373e-23, 5.22844e+06 ]
  Variable bound range        : [ 0.05, 6 ]
  RHS coefficient range       : [ 9.5619e-09, 6 ]
Objective value for Line heur k = 46: 20864441.286839925
44
Actual reward of current solution: 69986370.26531632
Minimum Difference with past solutions:0.0.
New solution equals old solution at k=46
43
Total Reward at the start of the inner iterations: 69986370.26531632
Gurobi status: 2

Statistics for model Linearization Heuristic :
  Linear constraint matrix    : 9207 Constrs, 5130 Vars, 1792319 NZs
  Matrix coefficient range    : [ 1.00063e-13, 1 ]
  Objective coefficient range : [ 7.09373e-23, 5.22844e+06 ]
  Variable bound range        : [ 0.05, 6 ]
  RHS coefficient range       : [ 9.06835e-09, 6 ]
Objective value for Line heur k = 47: 20504731.08165915
43
Actual reward of current solution: 69986370.26531632
Minimum Difference with past solutions:0.0.
New solution equals old solution at k=47
42
Total Reward at the start of the inner iterations: 69986370.26531632
Gurobi status: 2

Statistics for model Linearization Heuristic :
  Linear constraint matrix    : 9024 Constrs, 5040 Vars, 1724033 NZs
  Matrix coefficient range    : [ 1.00063e-13, 1 ]
  Objective coefficient range : [ 7.09373e-23, 5.22844e+06 ]
  Variable bound range        : [ 0.05, 6 ]
  RHS coefficient range       : [ 8.5934e-09, 6 ]
Objective value for Line heur k = 48: 20145019.08245039
42
Actual reward of current solution: 69986370.26531632
Minimum Difference with past solutions:0.0.
New solution equals old solution at k=48
41
Total Reward at the start of the inner iterations: 69986370.26531632
Gurobi status: 2

Statistics for model Linearization Heuristic :
  Linear constraint matrix    : 8841 Constrs, 4950 Vars, 1657002 NZs
  Matrix coefficient range    : [ 1.00063e-13, 1 ]
  Objective coefficient range : [ 7.09373e-23, 5.22844e+06 ]
  Variable bound range        : [ 0.05, 6 ]
  RHS coefficient range       : [ 8.14027e-09, 6 ]
Objective value for Line heur k = 49: 19785305.392075006
41
Actual reward of current solution: 69986370.26531632
Minimum Difference with past solutions:0.0.
New solution equals old solution at k=49
40
Total Reward at the start of the inner iterations: 69986370.26531632
Gurobi status: 2

Statistics for model Linearization Heuristic :
  Linear constraint matrix    : 8658 Constrs, 4860 Vars, 1591226 NZs
  Matrix coefficient range    : [ 1.00063e-13, 1 ]
  Objective coefficient range : [ 7.09373e-23, 5.22844e+06 ]
  Variable bound range        : [ 0.05, 6 ]
  RHS coefficient range       : [ 7.7103e-09, 6 ]
Objective value for Line heur k = 50: 19425590.107753377
40
Actual reward of current solution: 69986370.26531632
Minimum Difference with past solutions:0.0.
New solution equals old solution at k=50
39
Total Reward at the start of the inner iterations: 69986370.26531632
Gurobi status: 2

Statistics for model Linearization Heuristic :
  Linear constraint matrix    : 8475 Constrs, 4770 Vars, 1526706 NZs
  Matrix coefficient range    : [ 1.00063e-13, 1 ]
  Objective coefficient range : [ 7.09373e-23, 5.22844e+06 ]
  Variable bound range        : [ 0.05, 6 ]
  RHS coefficient range       : [ 7.30368e-09, 6 ]
Objective value for Line heur k = 51: 19065873.32135232
39
Actual reward of current solution: 69986370.26531632
Minimum Difference with past solutions:0.0.
New solution equals old solution at k=51
38
Total Reward at the start of the inner iterations: 69986370.26531632
Gurobi status: 2

Statistics for model Linearization Heuristic :
  Linear constraint matrix    : 8292 Constrs, 4680 Vars, 1463440 NZs
  Matrix coefficient range    : [ 1.00063e-13, 1 ]
  Objective coefficient range : [ 7.09373e-23, 5.22844e+06 ]
  Variable bound range        : [ 0.05, 6 ]
  RHS coefficient range       : [ 6.91992e-09, 6 ]
Objective value for Line heur k = 52: 18706155.119668636
38
Actual reward of current solution: 69986370.26531632
Minimum Difference with past solutions:0.0.
New solution equals old solution at k=52
37
Total Reward at the start of the inner iterations: 69986370.26531632
Gurobi status: 2

Statistics for model Linearization Heuristic :
  Linear constraint matrix    : 8109 Constrs, 4590 Vars, 1401430 NZs
  Matrix coefficient range    : [ 1.00063e-13, 1 ]
  Objective coefficient range : [ 7.09373e-23, 5.22844e+06 ]
  Variable bound range        : [ 0.05, 6 ]
  RHS coefficient range       : [ 6.55812e-09, 6 ]
Objective value for Line heur k = 53: 18346435.584703896
37
Actual reward of current solution: 69986370.26531632
Minimum Difference with past solutions:0.0.
New solution equals old solution at k=53
36
Total Reward at the start of the inner iterations: 69986370.26531632
Gurobi status: 2

Statistics for model Linearization Heuristic :
  Linear constraint matrix    : 7926 Constrs, 4500 Vars, 1340675 NZs
  Matrix coefficient range    : [ 1.00063e-13, 1 ]
  Objective coefficient range : [ 7.09373e-23, 5.22844e+06 ]
  Variable bound range        : [ 0.05, 6 ]
  RHS coefficient range       : [ 5.94128e-09, 6 ]
Objective value for Line heur k = 54: 17986714.793928415
36
Actual reward of current solution: 69986370.26531632
Minimum Difference with past solutions:0.0.
New solution equals old solution at k=54
35
Total Reward at the start of the inner iterations: 69986370.26531632
Gurobi status: 2

Statistics for model Linearization Heuristic :
  Linear constraint matrix    : 7743 Constrs, 4410 Vars, 1281174 NZs
  Matrix coefficient range    : [ 1.00063e-13, 1 ]
  Objective coefficient range : [ 7.09373e-23, 5.22844e+06 ]
  Variable bound range        : [ 0.05, 6 ]
  RHS coefficient range       : [ 4.8427e-09, 6 ]
Objective value for Line heur k = 55: 17626992.820532575
35
Actual reward of current solution: 69986370.26531632
Minimum Difference with past solutions:0.0.
New solution equals old solution at k=55
34
Total Reward at the start of the inner iterations: 69986370.26531632
Gurobi status: 2

Statistics for model Linearization Heuristic :
  Linear constraint matrix    : 7560 Constrs, 4320 Vars, 1223000 NZs
  Matrix coefficient range    : [ 1.00063e-13, 1 ]
  Objective coefficient range : [ 7.09373e-23, 5.22844e+06 ]
  Variable bound range        : [ 0.05, 6 ]
  RHS coefficient range       : [ 3.88667e-09, 6 ]
Objective value for Line heur k = 56: 17267269.733665742
34
Actual reward of current solution: 69986370.26531632
Minimum Difference with past solutions:0.0.
New solution equals old solution at k=56
33
Total Reward at the start of the inner iterations: 69986370.26531632
Gurobi status: 2

Statistics for model Linearization Heuristic :
  Linear constraint matrix    : 7449 Constrs, 4230 Vars, 1166080 NZs
  Matrix coefficient range    : [ 1.00063e-13, 1 ]
  Objective coefficient range : [ 7.09373e-23, 5.22844e+06 ]
  Variable bound range        : [ 0.05, 6 ]
  RHS coefficient range       : [ 3.05634e-09, 6 ]
Objective value for Line heur k = 57: 16907545.598662205
33
Actual reward of current solution: 69986370.26531632
Minimum Difference with past solutions:0.0.
New solution equals old solution at k=57
32
Total Reward at the start of the inner iterations: 69986370.26531632
Gurobi status: 2

Statistics for model Linearization Heuristic :
  Linear constraint matrix    : 7266 Constrs, 4140 Vars, 1110343 NZs
  Matrix coefficient range    : [ 1.00063e-13, 1 ]
  Objective coefficient range : [ 7.09373e-23, 5.22844e+06 ]
  Variable bound range        : [ 0.05, 6 ]
  RHS coefficient range       : [ 2.33677e-09, 6 ]
Objective value for Line heur k = 58: 16547820.477254866
32
Actual reward of current solution: 69986370.26531632
Minimum Difference with past solutions:0.0.
New solution equals old solution at k=58
31
Total Reward at the start of the inner iterations: 69986370.26531632
Gurobi status: 2

Statistics for model Linearization Heuristic :
  Linear constraint matrix    : 7083 Constrs, 4050 Vars, 1055863 NZs
  Matrix coefficient range    : [ 1.00063e-13, 1 ]
  Objective coefficient range : [ 7.09373e-23, 5.22844e+06 ]
  Variable bound range        : [ 0.05, 6 ]
  RHS coefficient range       : [ 1.7147e-09, 6 ]
Objective value for Line heur k = 59: 16188094.427777125
31
Actual reward of current solution: 69986370.26531632
Minimum Difference with past solutions:0.0.
New solution equals old solution at k=59
30
Total Reward at the start of the inner iterations: 69986370.26531632
Gurobi status: 2

Statistics for model Linearization Heuristic :
  Linear constraint matrix    : 6900 Constrs, 3960 Vars, 1002638 NZs
  Matrix coefficient range    : [ 1.00063e-13, 1 ]
  Objective coefficient range : [ 7.09373e-23, 5.22844e+06 ]
  Variable bound range        : [ 0.05, 6 ]
  RHS coefficient range       : [ 1.17844e-09, 6 ]
Objective value for Line heur k = 60: 15828367.505353363
30
Actual reward of current solution: 69986370.26531632
Minimum Difference with past solutions:0.0.
New solution equals old solution at k=60
29
Total Reward at the start of the inner iterations: 69986370.26531632
Gurobi status: 2

Statistics for model Linearization Heuristic :
  Linear constraint matrix    : 6717 Constrs, 3870 Vars, 950669 NZs
  Matrix coefficient range    : [ 1.00063e-13, 1 ]
  Objective coefficient range : [ 7.09373e-23, 5.22844e+06 ]
  Variable bound range        : [ 0.05, 6 ]
  RHS coefficient range       : [ 7.176e-10, 6 ]
Objective value for Line heur k = 61: 15468639.762078585
29
Actual reward of current solution: 69986370.26531632
Minimum Difference with past solutions:0.0.
New solution equals old solution at k=61
28
Total Reward at the start of the inner iterations: 69986370.26531632
Gurobi status: 2

Statistics for model Linearization Heuristic :
  Linear constraint matrix    : 6534 Constrs, 3780 Vars, 899956 NZs
  Matrix coefficient range    : [ 1.00063e-13, 1 ]
  Objective coefficient range : [ 7.09373e-23, 5.22844e+06 ]
  Variable bound range        : [ 0.05, 6 ]
  RHS coefficient range       : [ 3.23037e-10, 6 ]
Objective value for Line heur k = 62: 15108911.247187993
28
Actual reward of current solution: 69986370.26531632
Minimum Difference with past solutions:0.0.
New solution equals old solution at k=62
27
Total Reward at the start of the inner iterations: 69986370.26531632
Gurobi status: 2

Statistics for model Linearization Heuristic :
  Linear constraint matrix    : 6351 Constrs, 3690 Vars, 850498 NZs
  Matrix coefficient range    : [ 1.00063e-13, 1 ]
  Objective coefficient range : [ 7.09373e-23, 5.22844e+06 ]
  Variable bound range        : [ 0.05, 6 ]
  RHS coefficient range       : [ 1.33408e-11, 6 ]
Objective value for Line heur k = 63: 14749182.007216921
27
Actual reward of current solution: 69986370.26531632
Minimum Difference with past solutions:0.0.
New solution equals old solution at k=63
26
Total Reward at the start of the inner iterations: 69986370.26531632
Gurobi status: 2

Statistics for model Linearization Heuristic :
  Linear constraint matrix    : 6168 Constrs, 3600 Vars, 802296 NZs
  Matrix coefficient range    : [ 1.00063e-13, 1 ]
  Objective coefficient range : [ 7.09373e-23, 5.22844e+06 ]
  Variable bound range        : [ 0.05, 6 ]
  RHS coefficient range       : [ 2.9868e-10, 6 ]
Objective value for Line heur k = 64: 14389452.086151762
26
Actual reward of current solution: 69986370.26531632
Minimum Difference with past solutions:0.0.
New solution equals old solution at k=64
25
Total Reward at the start of the inner iterations: 69986370.26531632
Gurobi status: 2

Statistics for model Linearization Heuristic :
  Linear constraint matrix    : 5985 Constrs, 3510 Vars, 755351 NZs
  Matrix coefficient range    : [ 1.00063e-13, 1 ]
  Objective coefficient range : [ 7.09373e-23, 5.22844e+06 ]
  Variable bound range        : [ 0.05, 6 ]
  RHS coefficient range       : [ 5.3929e-10, 6 ]
Objective value for Line heur k = 65: 14029721.525572388
25
Actual reward of current solution: 69986370.26531632
Minimum Difference with past solutions:0.0.
New solution equals old solution at k=65
24
Total Reward at the start of the inner iterations: 69986370.26531632
Gurobi status: 2

Statistics for model Linearization Heuristic :
  Linear constraint matrix    : 5802 Constrs, 3420 Vars, 709663 NZs
  Matrix coefficient range    : [ 1.00063e-13, 1 ]
  Objective coefficient range : [ 7.09373e-23, 5.22844e+06 ]
  Variable bound range        : [ 0.05, 6 ]
  RHS coefficient range       : [ 7.40741e-10, 6 ]
Objective value for Line heur k = 66: 13669990.364786563
24
Actual reward of current solution: 69986370.26531632
Minimum Difference with past solutions:0.0.
New solution equals old solution at k=66
23
Total Reward at the start of the inner iterations: 69986370.26531632
Gurobi status: 2

Statistics for model Linearization Heuristic :
  Linear constraint matrix    : 5619 Constrs, 3330 Vars, 665231 NZs
  Matrix coefficient range    : [ 1.00063e-13, 1 ]
  Objective coefficient range : [ 7.09373e-23, 5.22844e+06 ]
  Variable bound range        : [ 0.05, 6 ]
  RHS coefficient range       : [ 9.07948e-10, 6 ]
Objective value for Line heur k = 67: 13310258.640956823
23
Actual reward of current solution: 69986370.26531632
Minimum Difference with past solutions:0.0.
New solution equals old solution at k=67
22
Total Reward at the start of the inner iterations: 69986370.26531632
Gurobi status: 2

Statistics for model Linearization Heuristic :
  Linear constraint matrix    : 5436 Constrs, 3240 Vars, 622055 NZs
  Matrix coefficient range    : [ 1.00063e-13, 1 ]
  Objective coefficient range : [ 7.09373e-23, 5.22844e+06 ]
  Variable bound range        : [ 0.05, 6 ]
  RHS coefficient range       : [ 6.13988e-10, 6 ]
Objective value for Line heur k = 68: 12950526.389220309
22
Actual reward of current solution: 69986370.26531632
Minimum Difference with past solutions:0.0.
New solution equals old solution at k=68
21
Total Reward at the start of the inner iterations: 69986370.26531632
Gurobi status: 2

Statistics for model Linearization Heuristic :
  Linear constraint matrix    : 5253 Constrs, 3150 Vars, 580136 NZs
  Matrix coefficient range    : [ 1.00063e-13, 1 ]
  Objective coefficient range : [ 7.09373e-23, 5.22844e+06 ]
  Variable bound range        : [ 0.05, 6 ]
  RHS coefficient range       : [ 1.02116e-10, 6 ]
Objective value for Line heur k = 69: 12590793.642801946
21
Actual reward of current solution: 69986370.26531632
Minimum Difference with past solutions:0.0.
New solution equals old solution at k=69
20
Total Reward at the start of the inner iterations: 69986370.26531632
Gurobi status: 2

Statistics for model Linearization Heuristic :
  Linear constraint matrix    : 5070 Constrs, 3060 Vars, 539547 NZs
  Matrix coefficient range    : [ 1.00063e-13, 1 ]
  Objective coefficient range : [ 7.09373e-23, 5.22844e+06 ]
  Variable bound range        : [ 0.05, 6 ]
  RHS coefficient range       : [ 3.33551e-10, 6 ]
Objective value for Line heur k = 70: 12231060.433121385
20
Actual reward of current solution: 69986370.26531632
Minimum Difference with past solutions:0.0.
New solution equals old solution at k=70
19
Total Reward at the start of the inner iterations: 69986370.26531632
Gurobi status: 2

Statistics for model Linearization Heuristic :
  Linear constraint matrix    : 4959 Constrs, 2970 Vars, 500215 NZs
  Matrix coefficient range    : [ 1.00063e-13, 1 ]
  Objective coefficient range : [ 7.09373e-23, 5.22844e+06 ]
  Variable bound range        : [ 0.05, 6 ]
  RHS coefficient range       : [ 7.02333e-10, 6 ]
Objective value for Line heur k = 71: 11871326.789894078
19
Actual reward of current solution: 69986370.26531632
Minimum Difference with past solutions:0.0.
New solution equals old solution at k=71
18
Total Reward at the start of the inner iterations: 69986370.26531632
Gurobi status: 2

Statistics for model Linearization Heuristic :
  Linear constraint matrix    : 4776 Constrs, 2880 Vars, 462068 NZs
  Matrix coefficient range    : [ 1.00063e-13, 1 ]
  Objective coefficient range : [ 7.09373e-23, 5.22844e+06 ]
  Variable bound range        : [ 0.05, 6 ]
  RHS coefficient range       : [ 1.01246e-09, 6 ]
Objective value for Line heur k = 72: 11511592.741226815
18
Actual reward of current solution: 69986370.26531632
Minimum Difference with past solutions:0.0.
New solution equals old solution at k=72
17
Total Reward at the start of the inner iterations: 69986370.26531632
Gurobi status: 2

Statistics for model Linearization Heuristic :
  Linear constraint matrix    : 4593 Constrs, 2790 Vars, 425181 NZs
  Matrix coefficient range    : [ 1.00063e-13, 1 ]
  Objective coefficient range : [ 7.09373e-23, 5.22844e+06 ]
  Variable bound range        : [ 0.05, 6 ]
  RHS coefficient range       : [ 1.27118e-09, 6 ]
Objective value for Line heur k = 73: 11151858.313708242
17
Actual reward of current solution: 69986370.26531632
Minimum Difference with past solutions:0.0.
New solution equals old solution at k=73
16
Total Reward at the start of the inner iterations: 69986370.26531632
Gurobi status: 2

Statistics for model Linearization Heuristic :
  Linear constraint matrix    : 4410 Constrs, 2700 Vars, 389550 NZs
  Matrix coefficient range    : [ 1.00063e-13, 1 ]
  Objective coefficient range : [ 7.09373e-23, 5.22844e+06 ]
  Variable bound range        : [ 0.05, 6 ]
  RHS coefficient range       : [ 1.42659e-09, 6 ]
Objective value for Line heur k = 74: 10792123.53249458
16
Actual reward of current solution: 69986370.26531632
Minimum Difference with past solutions:0.0.
New solution equals old solution at k=74
15
Total Reward at the start of the inner iterations: 69986370.26531632
Gurobi status: 2

Statistics for model Linearization Heuristic :
  Linear constraint matrix    : 4227 Constrs, 2610 Vars, 355178 NZs
  Matrix coefficient range    : [ 1.00063e-13, 1 ]
  Objective coefficient range : [ 7.09373e-23, 5.22844e+06 ]
  Variable bound range        : [ 0.05, 6 ]
  RHS coefficient range       : [ 1.4398e-09, 6 ]
Objective value for Line heur k = 75: 10432388.421390891
15
Actual reward of current solution: 69986370.26531632
Minimum Difference with past solutions:0.0.
New solution equals old solution at k=75
14
Total Reward at the start of the inner iterations: 69986370.26531632
Gurobi status: 2

Statistics for model Linearization Heuristic :
  Linear constraint matrix    : 4044 Constrs, 2520 Vars, 322063 NZs
  Matrix coefficient range    : [ 1.00063e-13, 1 ]
  Objective coefficient range : [ 7.09373e-23, 5.22844e+06 ]
  Variable bound range        : [ 0.05, 6 ]
  RHS coefficient range       : [ 1.44363e-09, 6 ]
Objective value for Line heur k = 76: 10072653.002928445
14
Actual reward of current solution: 69986370.26531632
Minimum Difference with past solutions:0.0.
New solution equals old solution at k=76
13
Total Reward at the start of the inner iterations: 69986370.26531632
Gurobi status: 2

Statistics for model Linearization Heuristic :
  Linear constraint matrix    : 3861 Constrs, 2430 Vars, 290213 NZs
  Matrix coefficient range    : [ 1.00063e-13, 1 ]
  Objective coefficient range : [ 7.09373e-23, 5.22844e+06 ]
  Variable bound range        : [ 0.05, 6 ]
  RHS coefficient range       : [ 1.43948e-09, 6 ]
Objective value for Line heur k = 77: 9712917.298438812
13
Actual reward of current solution: 69986370.26531632
Minimum Difference with past solutions:0.0.
New solution equals old solution at k=77
12
Total Reward at the start of the inner iterations: 69986370.26531632
Gurobi status: 2

Statistics for model Linearization Heuristic :
  Linear constraint matrix    : 3678 Constrs, 2340 Vars, 259622 NZs
  Matrix coefficient range    : [ 1.00063e-13, 1 ]
  Objective coefficient range : [ 7.09373e-23, 5.22844e+06 ]
  Variable bound range        : [ 0.05, 6 ]
  RHS coefficient range       : [ 1.73452e-09, 6 ]
Objective value for Line heur k = 78: 9353181.328125335
12
Actual reward of current solution: 69986370.26531632
Minimum Difference with past solutions:0.0.
New solution equals old solution at k=78
11
Total Reward at the start of the inner iterations: 69986370.26531632
Gurobi status: 2

Statistics for model Linearization Heuristic :
  Linear constraint matrix    : 3495 Constrs, 2250 Vars, 230288 NZs
  Matrix coefficient range    : [ 1.00063e-13, 1 ]
  Objective coefficient range : [ 7.09373e-23, 5.22844e+06 ]
  Variable bound range        : [ 0.05, 6 ]
  RHS coefficient range       : [ 5.16452e-10, 6 ]
Objective value for Line heur k = 79: 8993445.111133162
11
Actual reward of current solution: 69986370.26531632
Minimum Difference with past solutions:0.0.
New solution equals old solution at k=79
10
Total Reward at the start of the inner iterations: 69986370.26531632
Gurobi status: 2

Statistics for model Linearization Heuristic :
  Linear constraint matrix    : 3312 Constrs, 2160 Vars, 202219 NZs
  Matrix coefficient range    : [ 1.00119e-13, 1 ]
  Objective coefficient range : [ 7.09373e-23, 5.22844e+06 ]
  Variable bound range        : [ 0.05, 6 ]
  RHS coefficient range       : [ 1.7741e-10, 6 ]
Objective value for Line heur k = 80: 8633708.665619764
10
Actual reward of current solution: 69986370.26531632
Minimum Difference with past solutions:0.0.
New solution equals old solution at k=80
9
Total Reward at the start of the inner iterations: 69986370.26531632
Gurobi status: 2

Statistics for model Linearization Heuristic :
  Linear constraint matrix    : 3129 Constrs, 2070 Vars, 175417 NZs
  Matrix coefficient range    : [ 1.00119e-13, 1 ]
  Objective coefficient range : [ 7.09373e-23, 5.22844e+06 ]
  Variable bound range        : [ 0.05, 6 ]
  RHS coefficient range       : [ 1.41465e-09, 6 ]
Objective value for Line heur k = 81: 8273972.00882897
9
Actual reward of current solution: 69986370.26531632
Minimum Difference with past solutions:0.0.
New solution equals old solution at k=81
8
Total Reward at the start of the inner iterations: 69986370.26531632
Gurobi status: 2

Statistics for model Linearization Heuristic :
  Linear constraint matrix    : 2946 Constrs, 1980 Vars, 149877 NZs
  Matrix coefficient range    : [ 1.00119e-13, 1 ]
  Objective coefficient range : [ 7.09373e-23, 5.22844e+06 ]
  Variable bound range        : [ 0.05, 6 ]
  RHS coefficient range       : [ 2.65565e-09, 6 ]
Objective value for Line heur k = 82: 7914235.157173491
8
Actual reward of current solution: 69986370.26531632
Minimum Difference with past solutions:0.0.
New solution equals old solution at k=82
7
Total Reward at the start of the inner iterations: 69986370.26531632
Gurobi status: 2

Statistics for model Linearization Heuristic :
  Linear constraint matrix    : 2763 Constrs, 1890 Vars, 125600 NZs
  Matrix coefficient range    : [ 1.00119e-13, 1 ]
  Objective coefficient range : [ 7.09373e-23, 5.22844e+06 ]
  Variable bound range        : [ 0.05, 6 ]
  RHS coefficient range       : [ 3.90305e-09, 6 ]
Objective value for Line heur k = 83: 7554498.126335092
7
Actual reward of current solution: 69986370.26531632
Minimum Difference with past solutions:0.0.
New solution equals old solution at k=83
6
Total Reward at the start of the inner iterations: 69986370.26531632
Gurobi status: 2

Statistics for model Linearization Heuristic :
  Linear constraint matrix    : 2580 Constrs, 1800 Vars, 102667 NZs
  Matrix coefficient range    : [ 1.00119e-13, 1 ]
  Objective coefficient range : [ 7.09373e-23, 5.22844e+06 ]
  Variable bound range        : [ 0.05, 6 ]
  RHS coefficient range       : [ 5.16141e-09, 6 ]
Objective value for Line heur k = 84: 7194760.93139718
6
Actual reward of current solution: 69986370.26531632
Minimum Difference with past solutions:0.0.
New solution equals old solution at k=84
5
Total Reward at the start of the inner iterations: 69986370.26531632
Gurobi status: 2

Statistics for model Linearization Heuristic :
  Linear constraint matrix    : 2469 Constrs, 1710 Vars, 81004 NZs
  Matrix coefficient range    : [ 1.00119e-13, 1 ]
  Objective coefficient range : [ 7.09373e-23, 5.22844e+06 ]
  Variable bound range        : [ 0.05, 6 ]
  RHS coefficient range       : [ 6.43857e-09, 6 ]
Objective value for Line heur k = 85: 6835023.587036234
5
Actual reward of current solution: 69986370.26531632
Minimum Difference with past solutions:0.0.
New solution equals old solution at k=85
4
Total Reward at the start of the inner iterations: 69986370.26531632
Gurobi status: 2

Statistics for model Linearization Heuristic :
  Linear constraint matrix    : 2286 Constrs, 1620 Vars, 60569 NZs
  Matrix coefficient range    : [ 1.00119e-13, 1 ]
  Objective coefficient range : [ 7.09373e-23, 5.22844e+06 ]
  Variable bound range        : [ 0.05, 6 ]
  RHS coefficient range       : [ 7.74811e-09, 6 ]
Objective value for Line heur k = 86: 6475286.10781739
4
Actual reward of current solution: 69986370.26531632
Minimum Difference with past solutions:0.0.
New solution equals old solution at k=86
3
Total Reward at the start of the inner iterations: 69986370.26531632
Gurobi status: 2

Statistics for model Linearization Heuristic :
  Linear constraint matrix    : 2103 Constrs, 1530 Vars, 41499 NZs
  Matrix coefficient range    : [ 1.00152e-13, 1 ]
  Objective coefficient range : [ 4.44652e-22, 5.22844e+06 ]
  Variable bound range        : [ 0.05, 6 ]
  RHS coefficient range       : [ 9.11353e-09, 6 ]
Objective value for Line heur k = 87: 6115548.508673067
3
Actual reward of current solution: 69986370.26531632
Minimum Difference with past solutions:0.0.
New solution equals old solution at k=87
2
Total Reward at the start of the inner iterations: 69986370.26531632
Gurobi status: 2

Statistics for model Linearization Heuristic :
  Linear constraint matrix    : 1920 Constrs, 1440 Vars, 23981 NZs
  Matrix coefficient range    : [ 1.0337e-13, 1 ]
  Objective coefficient range : [ 4.44652e-22, 5.22844e+06 ]
  Variable bound range        : [ 0.05, 6 ]
  RHS coefficient range       : [ 1.05755e-08, 6 ]
Objective value for Line heur k = 88: 5755810.805701295
2
Actual reward of current solution: 69986370.26531632
Minimum Difference with past solutions:0.0.
New solution equals old solution at k=88
1
Total Reward at the start of the inner iterations: 69986370.26531632
Gurobi status: 2

Statistics for model Linearization Heuristic :
  Linear constraint matrix    : 1737 Constrs, 1350 Vars, 11854 NZs
  Matrix coefficient range    : [ 1.19989e-13, 1 ]
  Objective coefficient range : [ 0.00011953, 5.22844e+06 ]
  Variable bound range        : [ 0.05, 6 ]
  RHS coefficient range       : [ 1.22044e-08, 6 ]
Objective value for Line heur k = 89: 5396073.017521482
1
Actual reward of current solution: 69986370.26531632
Minimum Difference with past solutions:0.0.
New solution equals old solution at k=89
0
Total Reward at the start of the inner iterations: 69986370.26531632
Gurobi status: 2

Statistics for model Linearization Heuristic :
  Linear constraint matrix    : 1554 Constrs, 1260 Vars, 2709 NZs
  Matrix coefficient range    : [ 0.279988, 1 ]
  Objective coefficient range : [ 0.00011953, 5.22844e+06 ]
  Variable bound range        : [ 0.05, 1 ]
  RHS coefficient range       : [ 1.41221e-08, 6 ]
Objective value for Line heur k = 90: 5036335.16760042
0
Actual reward of current solution: 69986370.26531632
Minimum Difference with past solutions:0.0.
New solution equals old solution at k=90
0
Total Reward at the start of the inner iterations: 69986370.26531632
Gurobi status: 2

Statistics for model Linearization Heuristic :
  Linear constraint matrix    : 1443 Constrs, 1170 Vars, 2457 NZs
  Matrix coefficient range    : [ 0.308793, 1 ]
  Objective coefficient range : [ 0.00011953, 5.22844e+06 ]
  Variable bound range        : [ 0.05, 1 ]
  RHS coefficient range       : [ 1.41221e-08, 6 ]
Objective value for Line heur k = 91: 4676596.91000259
0
Actual reward of current solution: 69986370.26531632
Minimum Difference with past solutions:0.0.
New solution equals old solution at k=91
0
Total Reward at the start of the inner iterations: 69986370.26531632
Gurobi status: 2

Statistics for model Linearization Heuristic :
  Linear constraint matrix    : 1332 Constrs, 1080 Vars, 2214 NZs
  Matrix coefficient range    : [ 0.340561, 1 ]
  Objective coefficient range : [ 0.00011953, 5.22844e+06 ]
  Variable bound range        : [ 0.05, 1 ]
  RHS coefficient range       : [ 1.41221e-08, 6 ]
Objective value for Line heur k = 92: 4316858.659599017
0
Actual reward of current solution: 69986370.26531632
Minimum Difference with past solutions:0.0.
New solution equals old solution at k=92
0
Total Reward at the start of the inner iterations: 69986370.26531632
Gurobi status: 2

Statistics for model Linearization Heuristic :
  Linear constraint matrix    : 1221 Constrs, 990 Vars, 1980 NZs
  Matrix coefficient range    : [ 0.375598, 1 ]
  Objective coefficient range : [ 0.00011953, 5.22844e+06 ]
  Variable bound range        : [ 0.05, 1 ]
  RHS coefficient range       : [ 1.41221e-08, 6 ]
Objective value for Line heur k = 93: 3957120.4160288232
0
Actual reward of current solution: 69986370.26531632
Minimum Difference with past solutions:0.0.
New solution equals old solution at k=93
0
Total Reward at the start of the inner iterations: 69986370.26531632
Gurobi status: 2

Statistics for model Linearization Heuristic :
  Linear constraint matrix    : 1110 Constrs, 900 Vars, 1755 NZs
  Matrix coefficient range    : [ 0.414239, 1 ]
  Objective coefficient range : [ 0.00011953, 5.22844e+06 ]
  Variable bound range        : [ 0.05, 1 ]
  RHS coefficient range       : [ 1.41221e-08, 6 ]
Objective value for Line heur k = 94: 3597382.1786619322
0
Actual reward of current solution: 69986370.26531632
Minimum Difference with past solutions:0.0.
New solution equals old solution at k=94
0
Total Reward at the start of the inner iterations: 69986370.26531632
Gurobi status: 2

Statistics for model Linearization Heuristic :
  Linear constraint matrix    : 999 Constrs, 810 Vars, 1539 NZs
  Matrix coefficient range    : [ 0.456855, 1 ]
  Objective coefficient range : [ 0.00011953, 5.22844e+06 ]
  Variable bound range        : [ 0.05, 1 ]
  RHS coefficient range       : [ 1.41221e-08, 6 ]
Objective value for Line heur k = 95: 3237643.9467562307
0
Actual reward of current solution: 69986370.26531632
Minimum Difference with past solutions:0.0.
New solution equals old solution at k=95
0
Total Reward at the start of the inner iterations: 69986370.26531632
Gurobi status: 2

Statistics for model Linearization Heuristic :
  Linear constraint matrix    : 888 Constrs, 720 Vars, 1332 NZs
  Matrix coefficient range    : [ 0.503856, 1 ]
  Objective coefficient range : [ 0.00011953, 5.22844e+06 ]
  Variable bound range        : [ 0.05, 1 ]
  RHS coefficient range       : [ 1.41221e-08, 6 ]
Objective value for Line heur k = 96: 2877905.719552926
0
Actual reward of current solution: 69986370.26531632
Minimum Difference with past solutions:0.0.
New solution equals old solution at k=96
0
Total Reward at the start of the inner iterations: 69986370.26531632
Gurobi status: 2

Statistics for model Linearization Heuristic :
  Linear constraint matrix    : 777 Constrs, 630 Vars, 1134 NZs
  Matrix coefficient range    : [ 0.555692, 1 ]
  Objective coefficient range : [ 0.00011953, 5.22844e+06 ]
  Variable bound range        : [ 0.05, 1 ]
  RHS coefficient range       : [ 1.41221e-08, 6 ]
Objective value for Line heur k = 97: 2518167.496331319
0
Actual reward of current solution: 69986370.26531632
Minimum Difference with past solutions:0.0.
New solution equals old solution at k=97
0
Total Reward at the start of the inner iterations: 69986370.26531632
Gurobi status: 2

Statistics for model Linearization Heuristic :
  Linear constraint matrix    : 666 Constrs, 540 Vars, 945 NZs
  Matrix coefficient range    : [ 0.61286, 1 ]
  Objective coefficient range : [ 0.00011953, 5.22844e+06 ]
  Variable bound range        : [ 0.05, 1 ]
  RHS coefficient range       : [ 1.41221e-08, 6 ]
Objective value for Line heur k = 98: 2158429.276437155
0
Actual reward of current solution: 69986370.26531632
Minimum Difference with past solutions:0.0.
New solution equals old solution at k=98
0
Total Reward at the start of the inner iterations: 69986370.26531632
Gurobi status: 2

Statistics for model Linearization Heuristic :
  Linear constraint matrix    : 555 Constrs, 450 Vars, 765 NZs
  Matrix coefficient range    : [ 0.675911, 1 ]
  Objective coefficient range : [ 0.00011953, 5.22844e+06 ]
  Variable bound range        : [ 0.05, 1 ]
  RHS coefficient range       : [ 1.41221e-08, 6 ]
Objective value for Line heur k = 99: 1798691.0592944627
0
Actual reward of current solution: 69986370.26531632
Minimum Difference with past solutions:0.0.
New solution equals old solution at k=99
0
Total Reward at the start of the inner iterations: 69986370.26531632
Gurobi status: 2

Statistics for model Linearization Heuristic :
  Linear constraint matrix    : 444 Constrs, 360 Vars, 594 NZs
  Matrix coefficient range    : [ 0.745447, 1 ]
  Objective coefficient range : [ 0.00011953, 5.22844e+06 ]
  Variable bound range        : [ 0.05, 1 ]
  RHS coefficient range       : [ 1.41221e-08, 6 ]
Objective value for Line heur k = 100: 1438952.8444072753
0
Actual reward of current solution: 69986370.26531632
Minimum Difference with past solutions:0.0.
New solution equals old solution at k=100
0
Total Reward at the start of the inner iterations: 69986370.26531632
Gurobi status: 2

Statistics for model Linearization Heuristic :
  Linear constraint matrix    : 333 Constrs, 270 Vars, 432 NZs
  Matrix coefficient range    : [ 0.822138, 1 ]
  Objective coefficient range : [ 0.00011953, 5.22844e+06 ]
  Variable bound range        : [ 0.05, 1 ]
  RHS coefficient range       : [ 1.41221e-08, 6 ]
Objective value for Line heur k = 101: 1079214.6313556477
0
Actual reward of current solution: 69986370.26531632
Minimum Difference with past solutions:0.0.
New solution equals old solution at k=101
0
Total Reward at the start of the inner iterations: 69986370.26531632
Gurobi status: 2

Statistics for model Linearization Heuristic :
  Linear constraint matrix    : 222 Constrs, 180 Vars, 279 NZs
  Matrix coefficient range    : [ 0.906718, 1 ]
  Objective coefficient range : [ 0.00011953, 5.22844e+06 ]
  Variable bound range        : [ 0.05, 1 ]
  RHS coefficient range       : [ 1.41221e-08, 6 ]
Objective value for Line heur k = 102: 719476.4197886351
0
Actual reward of current solution: 69986370.26531632
Minimum Difference with past solutions:0.0.
New solution equals old solution at k=102
0
Total Reward at the start of the inner iterations: 69986370.26531632
Gurobi status: 2

Statistics for model Linearization Heuristic :
  Linear constraint matrix    : 111 Constrs, 90 Vars, 135 NZs
  Matrix coefficient range    : [ 1, 1 ]
  Objective coefficient range : [ 1654.68, 5.22844e+06 ]
  Variable bound range        : [ 0.05, 1 ]
  RHS coefficient range       : [ 1.41221e-08, 6 ]
Objective value for Line heur k = 103: 359738.2094160472
0
Actual reward of current solution: 69986370.26531632
Minimum Difference with past solutions:0.0.
New solution equals old solution at k=103
Total running time for 90 days is 1083.8189072608948
Economic Value: 69996305.12228155
Deaths 0.025397091161500664
Total Reward 69986370.26531632
