{'groups': 'all', 'params_to_try': {'delta_schooling': [0.5], 'xi': [0, 371990.3, 929975.75, 1859951.5, 3719903, 5579854.5], 'icus': [2900], 'tests': [[60000, 0]], 'testing': ['homogeneous'], 'eta': [0.1]}}
{'groups': 'all', 'params_to_try': {'delta_schooling': [0.5], 'xi': [0, 371990.3, 929975.75, 1859951.5, 3719903, 5579854.5], 'icus': [2900], 'tests': [[60000, 0]], 'testing': ['homogeneous'], 'eta': [0.1]}}
{'groups': 'all', 'params_to_try': {'delta_schooling': [0.8219540423197268], 'icus': [2900], 'eta': [0.1586680167523326], 'tests': [[0, 0]], 'xi': [18599515.0], 'testing': ['homogeneous']}}
results/time_gradient/xi-18599515_icus-2900_testing-homogeneous_natests-0_nmtests-0_T-90_startday-0_groups-all_dschool-0.821954_eta-0.158668_freq-90-14_initParamVarying-multiplier_beta_randomInstance-6.yaml
{'groups': 'all', 'params_to_try': {'delta_schooling': [0.5], 'xi': [0, 371990.3, 929975.75, 1859951.5, 3719903, 5579854.5], 'icus': [2900], 'tests': [[60000, 0]], 'testing': ['homogeneous'], 'eta': [0.1]}}
{'groups': 'all', 'params_to_try': {'delta_schooling': [0.5], 'xi': [0, 371990.3, 929975.75, 1859951.5, 3719903, 5579854.5], 'icus': [2900], 'tests': [[60000, 0]], 'testing': ['homogeneous'], 'eta': [0.1]}}
{'groups': 'all', 'params_to_try': {'delta_schooling': [0.8219540423197268], 'icus': [2900], 'eta': [0.1586680167523326], 'tests': [[0, 0]], 'xi': [18599515.0], 'testing': ['homogeneous']}}
results/dynamic_gradient/xi-18599515_icus-2900_testing-homogeneous_natests-0_nmtests-0_T-90_startday-0_groups-all_dschool-0.821954_eta-0.158668_freq-90-14_initParamVarying-multiplier_beta_randomInstance-6.yaml
500
(0.5, 185995150.0, 0.29, 0.0, (7, 14), 'fitted-scaled', 'econ-scaled', 'oct21-scaled', 0.1, 0.05, 2, 'dynamic_gradient', 6, 'multiplier_beta')
The value of T is: 104
Missing starting point -- Running the initial heuristic.
/home/groups/daniancu/covid-optimization/covid-optimization
90
Total Reward at the start of the inner iterations: 48545491.12937747
Using license file /share/software/user/restricted/gurobi/9.0.3_py36/licenses/gurobi.lic
Set parameter TokenServer to value license4.stanford.edu
Gurobi status: 2

Statistics for model Linearization Heuristic :
  Linear constraint matrix    : 16026 Constrs, 9360 Vars, 5833069 NZs
  Matrix coefficient range    : [ 1.00219e-13, 1 ]
  Objective coefficient range : [ 2.82514e-21, 1.91224e+08 ]
  Variable bound range        : [ 0.05, 1 ]
  RHS coefficient range       : [ 1.79657e-07, 0.293831 ]
Objective value for Line heur k = 0: 23011067.61883771
90
Actual reward of current solution: 48104049.15971991
Minimum Difference with past solutions:0.050000000000000044.
Gurobi status: 2

Statistics for model Linearization Heuristic :
  Linear constraint matrix    : 16026 Constrs, 9360 Vars, 6321361 NZs
  Matrix coefficient range    : [ 1.00008e-13, 1 ]
  Objective coefficient range : [ 5.09683e-22, 1.91224e+08 ]
  Variable bound range        : [ 0.05, 1 ]
  RHS coefficient range       : [ 1.80348e-08, 0.294741 ]
Objective value for Line heur k = 0: 22289254.609021496
90
Actual reward of current solution: 48658277.79929204
Minimum Difference with past solutions:0.050000000000000044.
Gurobi status: 2

Statistics for model Linearization Heuristic :
  Linear constraint matrix    : 16026 Constrs, 9360 Vars, 5833085 NZs
  Matrix coefficient range    : [ 1.00133e-13, 1 ]
  Objective coefficient range : [ 2.77662e-22, 1.91224e+08 ]
  Variable bound range        : [ 0.05, 1 ]
  RHS coefficient range       : [ 1.83088e-07, 0.293909 ]
Objective value for Line heur k = 0: 23116941.757025775
90
Actual reward of current solution: 48211730.094584875
Minimum Difference with past solutions:0.050000000000000044.
Gurobi status: 2

Statistics for model Linearization Heuristic :
  Linear constraint matrix    : 16026 Constrs, 9360 Vars, 6321379 NZs
  Matrix coefficient range    : [ 1.00106e-13, 1 ]
  Objective coefficient range : [ 1.84268e-21, 1.91224e+08 ]
  Variable bound range        : [ 0.05, 1 ]
  RHS coefficient range       : [ 2.8343e-08, 0.294839 ]
Objective value for Line heur k = 0: 22384571.134071384
90
Actual reward of current solution: 48771063.50196272
Minimum Difference with past solutions:0.050000000000000044.
Gurobi status: 2

Statistics for model Linearization Heuristic :
  Linear constraint matrix    : 16026 Constrs, 9360 Vars, 5833098 NZs
  Matrix coefficient range    : [ 1.00171e-13, 1 ]
  Objective coefficient range : [ 5.93086e-22, 1.91224e+08 ]
  Variable bound range        : [ 0.05, 1 ]
  RHS coefficient range       : [ 1.8635e-07, 0.293982 ]
Objective value for Line heur k = 0: 23226104.562463712
90
Actual reward of current solution: 48320138.30394997
Minimum Difference with past solutions:0.050000000000000044.
Gurobi status: 2

Statistics for model Linearization Heuristic :
  Linear constraint matrix    : 16026 Constrs, 9360 Vars, 6321391 NZs
  Matrix coefficient range    : [ 1.00049e-13, 1 ]
  Objective coefficient range : [ 1.10413e-21, 1.91224e+08 ]
  Variable bound range        : [ 0.05, 1 ]
  RHS coefficient range       : [ 1.37581e-08, 0.294933 ]
Objective value for Line heur k = 0: 22482137.833727375
90
Actual reward of current solution: 48884205.38503105
Minimum Difference with past solutions:0.050000000000000044.
Gurobi status: 2

Statistics for model Linearization Heuristic :
  Linear constraint matrix    : 16026 Constrs, 9360 Vars, 5833105 NZs
  Matrix coefficient range    : [ 1.00021e-13, 1 ]
  Objective coefficient range : [ 1.62923e-21, 1.91224e+08 ]
  Variable bound range        : [ 0.05, 1 ]
  RHS coefficient range       : [ 1.8952e-07, 0.294053 ]
Objective value for Line heur k = 0: 23336484.860756315
90
Actual reward of current solution: 48429124.84510638
Minimum Difference with past solutions:0.050000000000000044.
Gurobi status: 2

Statistics for model Linearization Heuristic :
  Linear constraint matrix    : 16026 Constrs, 9360 Vars, 6321400 NZs
  Matrix coefficient range    : [ 1.00209e-13, 1 ]
  Objective coefficient range : [ 9.1619e-22, 1.91224e+08 ]
  Variable bound range        : [ 0.05, 1 ]
  RHS coefficient range       : [ 3.03307e-10, 0.295024 ]
Objective value for Line heur k = 0: 22581390.81134446
90
Actual reward of current solution: 48997632.42848988
Minimum Difference with past solutions:0.050000000000000044.
Gurobi status: 2

Statistics for model Linearization Heuristic :
  Linear constraint matrix    : 16026 Constrs, 9360 Vars, 5833117 NZs
  Matrix coefficient range    : [ 1.00293e-13, 1 ]
  Objective coefficient range : [ 2.22134e-22, 1.91224e+08 ]
  Variable bound range        : [ 0.05, 1 ]
  RHS coefficient range       : [ 1.92616e-07, 0.294122 ]
Objective value for Line heur k = 0: 23447837.56040147
90
Actual reward of current solution: 48538579.414579906
Minimum Difference with past solutions:0.050000000000000044.
Gurobi status: 2

Statistics for model Linearization Heuristic :
  Linear constraint matrix    : 16026 Constrs, 9360 Vars, 6321407 NZs
  Matrix coefficient range    : [ 1.00399e-13, 1 ]
  Objective coefficient range : [ 1.18518e-21, 1.91224e+08 ]
  Variable bound range        : [ 0.05, 1 ]
  RHS coefficient range       : [ 1.39214e-08, 0.295113 ]
Objective value for Line heur k = 0: 22679805.209385965
90
Actual reward of current solution: 49110920.68172687
Minimum Difference with past solutions:0.050000000000000044.
Gurobi status: 2

Statistics for model Linearization Heuristic :
  Linear constraint matrix    : 16026 Constrs, 9360 Vars, 5833127 NZs
  Matrix coefficient range    : [ 1.00075e-13, 1 ]
  Objective coefficient range : [ 6.184e-22, 1.91224e+08 ]
  Variable bound range        : [ 0.05, 1 ]
  RHS coefficient range       : [ 1.95342e-07, 0.294183 ]
Objective value for Line heur k = 0: 23550148.21364409
90
Actual reward of current solution: 48648635.73871872
Minimum Difference with past solutions:0.05.
Gurobi status: 2

Statistics for model Linearization Heuristic :
  Linear constraint matrix    : 16026 Constrs, 9360 Vars, 6321413 NZs
  Matrix coefficient range    : [ 1.00062e-13, 1 ]
  Objective coefficient range : [ 1.08895e-21, 1.91224e+08 ]
  Variable bound range        : [ 0.05, 1 ]
  RHS coefficient range       : [ 1.90464e-08, 0.295159 ]
Objective value for Line heur k = 0: 22776276.624931972
90
Actual reward of current solution: 49221881.86979379
Minimum Difference with past solutions:0.05.
Gurobi status: 2

Statistics for model Linearization Heuristic :
  Linear constraint matrix    : 16026 Constrs, 9360 Vars, 5833129 NZs
  Matrix coefficient range    : [ 1.00047e-13, 1 ]
  Objective coefficient range : [ 1.85607e-22, 1.91224e+08 ]
  Variable bound range        : [ 0.05, 1 ]
  RHS coefficient range       : [ 1.95573e-07, 0.29419 ]
Objective value for Line heur k = 0: 23657621.557914846
90
Actual reward of current solution: 48758598.97998478
Minimum Difference with past solutions:0.05.
Gurobi status: 2

Statistics for model Linearization Heuristic :
  Linear constraint matrix    : 16026 Constrs, 9360 Vars, 6321413 NZs
  Matrix coefficient range    : [ 1.00062e-13, 1 ]
  Objective coefficient range : [ 1.08245e-21, 1.91224e+08 ]
  Variable bound range        : [ 0.05, 1 ]
  RHS coefficient range       : [ 1.90464e-08, 0.295159 ]
Objective value for Line heur k = 0: 22886227.439020008
90
Actual reward of current solution: 49331846.324341066
Minimum Difference with past solutions:0.05.
Gurobi status: 2

Statistics for model Linearization Heuristic :
  Linear constraint matrix    : 16026 Constrs, 9360 Vars, 5833129 NZs
  Matrix coefficient range    : [ 1.00047e-13, 1 ]
  Objective coefficient range : [ 1.08523e-22, 1.91224e+08 ]
  Variable bound range        : [ 0.05, 1 ]
  RHS coefficient range       : [ 1.95573e-07, 0.29419 ]
Objective value for Line heur k = 0: 23767575.160176683
90
Actual reward of current solution: 48868562.22125087
Minimum Difference with past solutions:0.05.
Gurobi status: 2

Statistics for model Linearization Heuristic :
  Linear constraint matrix    : 16026 Constrs, 9360 Vars, 6321413 NZs
  Matrix coefficient range    : [ 1.00062e-13, 1 ]
  Objective coefficient range : [ 1.07595e-21, 1.91224e+08 ]
  Variable bound range        : [ 0.05, 1 ]
  RHS coefficient range       : [ 1.90464e-08, 0.295159 ]
Objective value for Line heur k = 0: 22996178.253108077
90
Actual reward of current solution: 49441810.77888836
Minimum Difference with past solutions:0.05.
Gurobi status: 2

Statistics for model Linearization Heuristic :
  Linear constraint matrix    : 16026 Constrs, 9360 Vars, 5833129 NZs
  Matrix coefficient range    : [ 1.00047e-13, 1 ]
  Objective coefficient range : [ 3.144e-23, 1.91224e+08 ]
  Variable bound range        : [ 0.05, 1 ]
  RHS coefficient range       : [ 1.95573e-07, 0.29419 ]
Objective value for Line heur k = 0: 23877528.762438536
90
Actual reward of current solution: 48978525.46251694
Minimum Difference with past solutions:0.05.
Gurobi status: 2

Statistics for model Linearization Heuristic :
  Linear constraint matrix    : 16026 Constrs, 9360 Vars, 6321413 NZs
  Matrix coefficient range    : [ 1.00062e-13, 1 ]
  Objective coefficient range : [ 1.06945e-21, 1.91224e+08 ]
  Variable bound range        : [ 0.05, 1 ]
  RHS coefficient range       : [ 1.90464e-08, 0.295159 ]
Objective value for Line heur k = 0: 23106129.06719619
90
Actual reward of current solution: 49551775.233435646
Minimum Difference with past solutions:0.05.
Gurobi status: 2

Statistics for model Linearization Heuristic :
  Linear constraint matrix    : 16026 Constrs, 9360 Vars, 5833129 NZs
  Matrix coefficient range    : [ 1.00047e-13, 1 ]
  Objective coefficient range : [ 4.56434e-23, 1.91224e+08 ]
  Variable bound range        : [ 0.05, 1 ]
  RHS coefficient range       : [ 1.95573e-07, 0.29419 ]
Objective value for Line heur k = 0: 23987482.36470037
90
Actual reward of current solution: 49088488.703783005
Minimum Difference with past solutions:0.05.
Gurobi status: 2

Statistics for model Linearization Heuristic :
  Linear constraint matrix    : 16026 Constrs, 9360 Vars, 6321413 NZs
  Matrix coefficient range    : [ 1.00062e-13, 1 ]
  Objective coefficient range : [ 1.06295e-21, 1.91224e+08 ]
  Variable bound range        : [ 0.05, 1 ]
  RHS coefficient range       : [ 1.90464e-08, 0.295159 ]
Objective value for Line heur k = 0: 23216079.881284215
90
Actual reward of current solution: 49661739.687982924
Minimum Difference with past solutions:0.05.
Gurobi status: 2

Statistics for model Linearization Heuristic :
  Linear constraint matrix    : 16026 Constrs, 9360 Vars, 5833129 NZs
  Matrix coefficient range    : [ 1.00047e-13, 1 ]
  Objective coefficient range : [ 1.22727e-22, 1.91224e+08 ]
  Variable bound range        : [ 0.05, 1 ]
  RHS coefficient range       : [ 1.95573e-07, 0.29419 ]
Objective value for Line heur k = 0: 24042453.738355197
90
Actual reward of current solution: 49143470.32441605
Minimum Difference with past solutions:0.049999999999999684.
Gurobi status: 2

Statistics for model Linearization Heuristic :
  Linear constraint matrix    : 16026 Constrs, 9360 Vars, 6321413 NZs
  Matrix coefficient range    : [ 1.00062e-13, 1 ]
  Objective coefficient range : [ 1.0597e-21, 1.91224e+08 ]
  Variable bound range        : [ 0.05, 1 ]
  RHS coefficient range       : [ 1.90464e-08, 0.295159 ]
Objective value for Line heur k = 0: 23216073.666156765
90
Actual reward of current solution: 49661739.687982924
Minimum Difference with past solutions:0.0.
New solution equals old solution at k=0
89
Total Reward at the start of the inner iterations: 49661739.687982924
Gurobi status: 2

Statistics for model Linearization Heuristic :
  Linear constraint matrix    : 15915 Constrs, 9270 Vars, 5735122 NZs
  Matrix coefficient range    : [ 1.00047e-13, 1 ]
  Objective coefficient range : [ 1.22727e-22, 1.91224e+08 ]
  Variable bound range        : [ 0.05, 1 ]
  RHS coefficient range       : [ 2.95153e-08, 1 ]
Objective value for Line heur k = 1: 24024399.316222765
89
Actual reward of current solution: 49555144.27256524
Minimum Difference with past solutions:0.05.
Gurobi status: 2

Statistics for model Linearization Heuristic :
  Linear constraint matrix    : 15915 Constrs, 9270 Vars, 5866242 NZs
  Matrix coefficient range    : [ 1.00005e-13, 1 ]
  Objective coefficient range : [ 1.55649e-21, 1.91224e+08 ]
  Variable bound range        : [ 0.05, 1 ]
  RHS coefficient range       : [ 1.862e-07, 1 ]
Objective value for Line heur k = 1: 23734555.585581157
89
Actual reward of current solution: 49661739.687982924
Minimum Difference with past solutions:0.0.
New solution equals old solution at k=1
88
Total Reward at the start of the inner iterations: 49661739.687982924
Gurobi status: 2

Statistics for model Linearization Heuristic :
  Linear constraint matrix    : 15750 Constrs, 9180 Vars, 5638030 NZs
  Matrix coefficient range    : [ 1.00047e-13, 1 ]
  Objective coefficient range : [ 1.22727e-22, 1.91224e+08 ]
  Variable bound range        : [ 0.05, 1 ]
  RHS coefficient range       : [ 1.84693e-07, 1 ]
Objective value for Line heur k = 2: 24099535.623618677
88
Actual reward of current solution: 49555144.27256524
Minimum Difference with past solutions:0.05.
Gurobi status: 2

Statistics for model Linearization Heuristic :
  Linear constraint matrix    : 15750 Constrs, 9180 Vars, 5769150 NZs
  Matrix coefficient range    : [ 1.00005e-13, 1 ]
  Objective coefficient range : [ 1.55649e-21, 1.91224e+08 ]
  Variable bound range        : [ 0.05, 1 ]
  RHS coefficient range       : [ 2.03257e-07, 1 ]
Objective value for Line heur k = 2: 23815999.821213458
88
Actual reward of current solution: 49661739.687982924
Minimum Difference with past solutions:0.0.
New solution equals old solution at k=2
87
Total Reward at the start of the inner iterations: 49661739.687982924
Gurobi status: 2

Statistics for model Linearization Heuristic :
  Linear constraint matrix    : 15585 Constrs, 9090 Vars, 5541907 NZs
  Matrix coefficient range    : [ 1.00047e-13, 1 ]
  Objective coefficient range : [ 1.22727e-22, 1.91224e+08 ]
  Variable bound range        : [ 0.05, 1 ]
  RHS coefficient range       : [ 1.90311e-07, 1 ]
Objective value for Line heur k = 3: 24168889.604518794
87
Actual reward of current solution: 49555144.27256524
Minimum Difference with past solutions:0.05.
Gurobi status: 2

Statistics for model Linearization Heuristic :
  Linear constraint matrix    : 15585 Constrs, 9090 Vars, 5673027 NZs
  Matrix coefficient range    : [ 1.00005e-13, 1 ]
  Objective coefficient range : [ 1.55649e-21, 1.91224e+08 ]
  Variable bound range        : [ 0.05, 1 ]
  RHS coefficient range       : [ 4.96978e-08, 1 ]
Objective value for Line heur k = 3: 23892085.28452724
87
Actual reward of current solution: 49661739.687982924
Minimum Difference with past solutions:0.0.
New solution equals old solution at k=3
86
Total Reward at the start of the inner iterations: 49661739.687982924
Gurobi status: 2

Statistics for model Linearization Heuristic :
  Linear constraint matrix    : 15420 Constrs, 9000 Vars, 5446753 NZs
  Matrix coefficient range    : [ 1.00047e-13, 1 ]
  Objective coefficient range : [ 1.22727e-22, 1.91224e+08 ]
  Variable bound range        : [ 0.05, 1 ]
  RHS coefficient range       : [ 6.98255e-08, 1 ]
Objective value for Line heur k = 4: 24226560.683929082
86
Actual reward of current solution: 49555144.27256524
Minimum Difference with past solutions:0.05.
Gurobi status: 2

Statistics for model Linearization Heuristic :
  Linear constraint matrix    : 15420 Constrs, 9000 Vars, 5577873 NZs
  Matrix coefficient range    : [ 1.00005e-13, 1 ]
  Objective coefficient range : [ 1.55649e-21, 1.91224e+08 ]
  Variable bound range        : [ 0.05, 1 ]
  RHS coefficient range       : [ 1.86031e-07, 1 ]
Objective value for Line heur k = 4: 23956764.20967364
86
Actual reward of current solution: 49661739.687982924
Minimum Difference with past solutions:0.0.
New solution equals old solution at k=4
85
Total Reward at the start of the inner iterations: 49661739.687982924
Gurobi status: 2

Statistics for model Linearization Heuristic :
  Linear constraint matrix    : 15255 Constrs, 8910 Vars, 5352568 NZs
  Matrix coefficient range    : [ 1.00047e-13, 1 ]
  Objective coefficient range : [ 1.22727e-22, 1.91224e+08 ]
  Variable bound range        : [ 0.05, 1 ]
  RHS coefficient range       : [ 1.86316e-07, 1 ]
Objective value for Line heur k = 5: 24269833.817595858
85
Actual reward of current solution: 49555144.27256524
Minimum Difference with past solutions:0.05.
Gurobi status: 2

Statistics for model Linearization Heuristic :
  Linear constraint matrix    : 15255 Constrs, 8910 Vars, 5483688 NZs
  Matrix coefficient range    : [ 1.00005e-13, 1 ]
  Objective coefficient range : [ 1.55649e-21, 1.91224e+08 ]
  Variable bound range        : [ 0.05, 1 ]
  RHS coefficient range       : [ 1.61284e-07, 1 ]
Objective value for Line heur k = 5: 24007220.58957089
85
Actual reward of current solution: 49661739.687982924
Minimum Difference with past solutions:0.0.
New solution equals old solution at k=5
84
Total Reward at the start of the inner iterations: 49661739.687982924
Gurobi status: 2

Statistics for model Linearization Heuristic :
  Linear constraint matrix    : 15090 Constrs, 8820 Vars, 5259352 NZs
  Matrix coefficient range    : [ 1.00047e-13, 1 ]
  Objective coefficient range : [ 1.22727e-22, 1.91224e+08 ]
  Variable bound range        : [ 0.05, 1 ]
  RHS coefficient range       : [ 1.84255e-07, 1 ]
Objective value for Line heur k = 6: 24297839.61534651
84
Actual reward of current solution: 49555144.27256524
Minimum Difference with past solutions:0.05.
Gurobi status: 2

Statistics for model Linearization Heuristic :
  Linear constraint matrix    : 15090 Constrs, 8820 Vars, 5390472 NZs
  Matrix coefficient range    : [ 1.00005e-13, 1 ]
  Objective coefficient range : [ 1.55649e-21, 1.91224e+08 ]
  Variable bound range        : [ 0.05, 1 ]
  RHS coefficient range       : [ 1.11414e-07, 1 ]
Objective value for Line heur k = 6: 24042512.369436923
84
Actual reward of current solution: 49661739.687982924
Minimum Difference with past solutions:0.0.
New solution equals old solution at k=6
83
Total Reward at the start of the inner iterations: 49661739.687982924
Gurobi status: 2

Statistics for model Linearization Heuristic :
  Linear constraint matrix    : 14925 Constrs, 8730 Vars, 5167105 NZs
  Matrix coefficient range    : [ 1.00047e-13, 1 ]
  Objective coefficient range : [ 1.22727e-22, 1.91224e+08 ]
  Variable bound range        : [ 0.05, 1 ]
  RHS coefficient range       : [ 1.72433e-07, 1 ]
Objective value for Line heur k = 7: 24310741.634463806
83
Actual reward of current solution: 49555144.27256524
Minimum Difference with past solutions:0.05.
Gurobi status: 2

Statistics for model Linearization Heuristic :
  Linear constraint matrix    : 14925 Constrs, 8730 Vars, 5298225 NZs
  Matrix coefficient range    : [ 1.00005e-13, 1 ]
  Objective coefficient range : [ 1.55649e-21, 1.91224e+08 ]
  Variable bound range        : [ 0.05, 1 ]
  RHS coefficient range       : [ 6.51192e-08, 1 ]
Objective value for Line heur k = 7: 24062746.22562446
83
Actual reward of current solution: 49661739.687982924
Minimum Difference with past solutions:0.0.
New solution equals old solution at k=7
82
Total Reward at the start of the inner iterations: 49661739.687982924
Gurobi status: 2

Statistics for model Linearization Heuristic :
  Linear constraint matrix    : 14760 Constrs, 8640 Vars, 5075827 NZs
  Matrix coefficient range    : [ 1.00047e-13, 1 ]
  Objective coefficient range : [ 1.22727e-22, 1.91224e+08 ]
  Variable bound range        : [ 0.05, 1 ]
  RHS coefficient range       : [ 2.74057e-08, 1 ]
Objective value for Line heur k = 8: 24309244.0431716
82
Actual reward of current solution: 49555144.27256524
Minimum Difference with past solutions:0.05.
Gurobi status: 2

Statistics for model Linearization Heuristic :
  Linear constraint matrix    : 14760 Constrs, 8640 Vars, 5206947 NZs
  Matrix coefficient range    : [ 1.00005e-13, 1 ]
  Objective coefficient range : [ 1.55649e-21, 1.91224e+08 ]
  Variable bound range        : [ 0.05, 1 ]
  RHS coefficient range       : [ 5.75775e-08, 1 ]
Objective value for Line heur k = 8: 24068575.692589063
82
Actual reward of current solution: 49661739.687982924
Minimum Difference with past solutions:0.0.
New solution equals old solution at k=8
81
Total Reward at the start of the inner iterations: 49661739.687982924
Gurobi status: 2

Statistics for model Linearization Heuristic :
  Linear constraint matrix    : 14595 Constrs, 8550 Vars, 4985518 NZs
  Matrix coefficient range    : [ 1.00047e-13, 1 ]
  Objective coefficient range : [ 1.22727e-22, 1.91224e+08 ]
  Variable bound range        : [ 0.05, 1 ]
  RHS coefficient range       : [ 1.74484e-08, 1 ]
Objective value for Line heur k = 9: 24294292.688666333
81
Actual reward of current solution: 49555144.27256524
Minimum Difference with past solutions:0.05.
Gurobi status: 2

Statistics for model Linearization Heuristic :
  Linear constraint matrix    : 14595 Constrs, 8550 Vars, 5116638 NZs
  Matrix coefficient range    : [ 1.00005e-13, 1 ]
  Objective coefficient range : [ 1.55649e-21, 1.91224e+08 ]
  Variable bound range        : [ 0.05, 1 ]
  RHS coefficient range       : [ 1.24065e-08, 1 ]
Objective value for Line heur k = 9: 24060893.835479047
81
Actual reward of current solution: 49661739.687982924
Minimum Difference with past solutions:0.0.
New solution equals old solution at k=9
80
Total Reward at the start of the inner iterations: 49661739.687982924
Gurobi status: 2

Statistics for model Linearization Heuristic :
  Linear constraint matrix    : 14430 Constrs, 8460 Vars, 4896178 NZs
  Matrix coefficient range    : [ 1.00047e-13, 1 ]
  Objective coefficient range : [ 1.22727e-22, 1.91224e+08 ]
  Variable bound range        : [ 0.05, 1 ]
  RHS coefficient range       : [ 6.72277e-08, 1 ]
Objective value for Line heur k = 10: 24266890.809950173
80
Actual reward of current solution: 49555144.27256524
Minimum Difference with past solutions:0.05.
Gurobi status: 2

Statistics for model Linearization Heuristic :
  Linear constraint matrix    : 14430 Constrs, 8460 Vars, 5027298 NZs
  Matrix coefficient range    : [ 1.00005e-13, 1 ]
  Objective coefficient range : [ 1.55649e-21, 1.91224e+08 ]
  Variable bound range        : [ 0.05, 1 ]
  RHS coefficient range       : [ 2.92904e-08, 1 ]
Objective value for Line heur k = 10: 24040640.098553758
80
Actual reward of current solution: 49661739.687982924
Minimum Difference with past solutions:0.0.
New solution equals old solution at k=10
79
Total Reward at the start of the inner iterations: 49661739.687982924
Gurobi status: 2

Statistics for model Linearization Heuristic :
  Linear constraint matrix    : 14265 Constrs, 8370 Vars, 4807807 NZs
  Matrix coefficient range    : [ 1.00047e-13, 1 ]
  Objective coefficient range : [ 1.22727e-22, 1.91224e+08 ]
  Variable bound range        : [ 0.05, 1 ]
  RHS coefficient range       : [ 2.47045e-08, 1 ]
Objective value for Line heur k = 11: 24227979.40720558
79
Actual reward of current solution: 49555144.27256524
Minimum Difference with past solutions:0.05.
Gurobi status: 2

Statistics for model Linearization Heuristic :
  Linear constraint matrix    : 14265 Constrs, 8370 Vars, 4938927 NZs
  Matrix coefficient range    : [ 1.00005e-13, 1 ]
  Objective coefficient range : [ 1.55649e-21, 1.91224e+08 ]
  Variable bound range        : [ 0.05, 1 ]
  RHS coefficient range       : [ 5.62868e-08, 1 ]
Objective value for Line heur k = 11: 24008669.630285744
79
Actual reward of current solution: 49661739.687982924
Minimum Difference with past solutions:0.0.
New solution equals old solution at k=11
78
Total Reward at the start of the inner iterations: 49661739.687982924
Gurobi status: 2

Statistics for model Linearization Heuristic :
  Linear constraint matrix    : 14100 Constrs, 8280 Vars, 4720405 NZs
  Matrix coefficient range    : [ 1.00047e-13, 1 ]
  Objective coefficient range : [ 1.22727e-22, 1.91224e+08 ]
  Variable bound range        : [ 0.05, 1 ]
  RHS coefficient range       : [ 2.06058e-08, 1 ]
Objective value for Line heur k = 12: 24178348.856805116
78
Actual reward of current solution: 49555144.27256524
Minimum Difference with past solutions:0.05.
Gurobi status: 2

Statistics for model Linearization Heuristic :
  Linear constraint matrix    : 14100 Constrs, 8280 Vars, 4851525 NZs
  Matrix coefficient range    : [ 1.00005e-13, 1 ]
  Objective coefficient range : [ 1.55649e-21, 1.91224e+08 ]
  Variable bound range        : [ 0.05, 1 ]
  RHS coefficient range       : [ 8.2668e-08, 1 ]
Objective value for Line heur k = 12: 23965649.512521517
78
Actual reward of current solution: 49661739.687982924
Minimum Difference with past solutions:0.0.
New solution equals old solution at k=12
77
Total Reward at the start of the inner iterations: 49661739.687982924
Gurobi status: 2

Statistics for model Linearization Heuristic :
  Linear constraint matrix    : 13935 Constrs, 8190 Vars, 4633972 NZs
  Matrix coefficient range    : [ 1.00047e-13, 1 ]
  Objective coefficient range : [ 1.22727e-22, 1.91224e+08 ]
  Variable bound range        : [ 0.05, 1 ]
  RHS coefficient range       : [ 2.36407e-08, 1 ]
Objective value for Line heur k = 13: 24118556.917684242
77
Actual reward of current solution: 49555144.27256524
Minimum Difference with past solutions:0.05.
Gurobi status: 2

Statistics for model Linearization Heuristic :
  Linear constraint matrix    : 13935 Constrs, 8190 Vars, 4765092 NZs
  Matrix coefficient range    : [ 1.00005e-13, 1 ]
  Objective coefficient range : [ 1.55649e-21, 1.91224e+08 ]
  Variable bound range        : [ 0.05, 1 ]
  RHS coefficient range       : [ 7.22411e-08, 1 ]
Objective value for Line heur k = 13: 23911953.981400784
77
Actual reward of current solution: 49661739.687982924
Minimum Difference with past solutions:0.0.
New solution equals old solution at k=13
76
Total Reward at the start of the inner iterations: 49661739.687982924
Gurobi status: 2

Statistics for model Linearization Heuristic :
  Linear constraint matrix    : 13770 Constrs, 8100 Vars, 4548562 NZs
  Matrix coefficient range    : [ 1.00047e-13, 1 ]
  Objective coefficient range : [ 1.22727e-22, 1.91224e+08 ]
  Variable bound range        : [ 0.05, 1 ]
  RHS coefficient range       : [ 9.07268e-08, 0.292632 ]
Objective value for Line heur k = 14: 24048831.006443772
76
Actual reward of current solution: 49555144.27256524
Minimum Difference with past solutions:0.05.
Gurobi status: 2

Statistics for model Linearization Heuristic :
  Linear constraint matrix    : 13770 Constrs, 8100 Vars, 4679682 NZs
  Matrix coefficient range    : [ 1.00005e-13, 1 ]
  Objective coefficient range : [ 1.55649e-21, 1.91224e+08 ]
  Variable bound range        : [ 0.05, 1 ]
  RHS coefficient range       : [ 1.77373e-07, 0.292856 ]
Objective value for Line heur k = 14: 23847531.928367537
76
Actual reward of current solution: 49661739.687982924
Minimum Difference with past solutions:0.0.
New solution equals old solution at k=14
75
Total Reward at the start of the inner iterations: 49661739.687982924
Gurobi status: 2

Statistics for model Linearization Heuristic :
  Linear constraint matrix    : 13659 Constrs, 8010 Vars, 4450713 NZs
  Matrix coefficient range    : [ 1.00047e-13, 1 ]
  Objective coefficient range : [ 1.22727e-22, 1.91224e+08 ]
  Variable bound range        : [ 0.05, 1 ]
  RHS coefficient range       : [ 3.18169e-09, 1 ]
Objective value for Line heur k = 15: 23890021.026537977
75
Actual reward of current solution: 49661739.687982924
Minimum Difference with past solutions:0.0.
New solution equals old solution at k=15
74
Total Reward at the start of the inner iterations: 49661739.687982924
Gurobi status: 2

Statistics for model Linearization Heuristic :
  Linear constraint matrix    : 13494 Constrs, 7920 Vars, 4353931 NZs
  Matrix coefficient range    : [ 1.00047e-13, 1 ]
  Objective coefficient range : [ 1.22727e-22, 1.91224e+08 ]
  Variable bound range        : [ 0.05, 1 ]
  RHS coefficient range       : [ 4.46365e-08, 1 ]
Objective value for Line heur k = 16: 23758137.97025041
74
Actual reward of current solution: 49661739.687982924
Minimum Difference with past solutions:0.0.
New solution equals old solution at k=16
73
Total Reward at the start of the inner iterations: 49661739.687982924
Gurobi status: 2

Statistics for model Linearization Heuristic :
  Linear constraint matrix    : 13329 Constrs, 7830 Vars, 4258270 NZs
  Matrix coefficient range    : [ 1.00047e-13, 1 ]
  Objective coefficient range : [ 1.22727e-22, 1.91224e+08 ]
  Variable bound range        : [ 0.05, 1 ]
  RHS coefficient range       : [ 6.92272e-08, 1 ]
Objective value for Line heur k = 17: 23617557.701042525
73
Actual reward of current solution: 49661739.687982924
Minimum Difference with past solutions:0.0.
New solution equals old solution at k=17
72
Total Reward at the start of the inner iterations: 49661739.687982924
Gurobi status: 2

Statistics for model Linearization Heuristic :
  Linear constraint matrix    : 13164 Constrs, 7740 Vars, 4163730 NZs
  Matrix coefficient range    : [ 1.00047e-13, 1 ]
  Objective coefficient range : [ 1.22727e-22, 1.91224e+08 ]
  Variable bound range        : [ 0.05, 1 ]
  RHS coefficient range       : [ 7.90835e-08, 1 ]
Objective value for Line heur k = 18: 23469626.600981884
72
Actual reward of current solution: 49661739.687982924
Minimum Difference with past solutions:0.0.
New solution equals old solution at k=18
71
Total Reward at the start of the inner iterations: 49661739.687982924
Gurobi status: 2

Statistics for model Linearization Heuristic :
  Linear constraint matrix    : 12999 Constrs, 7650 Vars, 4070311 NZs
  Matrix coefficient range    : [ 1.00047e-13, 1 ]
  Objective coefficient range : [ 1.22727e-22, 1.91224e+08 ]
  Variable bound range        : [ 0.05, 1 ]
  RHS coefficient range       : [ 6.84235e-09, 1 ]
Objective value for Line heur k = 19: 23315317.06617191
71
Actual reward of current solution: 49661739.687982924
Minimum Difference with past solutions:0.0.
New solution equals old solution at k=19
70
Total Reward at the start of the inner iterations: 49661739.687982924
Gurobi status: 2

Statistics for model Linearization Heuristic :
  Linear constraint matrix    : 12834 Constrs, 7560 Vars, 3978013 NZs
  Matrix coefficient range    : [ 1.00047e-13, 1 ]
  Objective coefficient range : [ 1.22727e-22, 1.91224e+08 ]
  Variable bound range        : [ 0.05, 1 ]
  RHS coefficient range       : [ 7.17782e-08, 1 ]
Objective value for Line heur k = 20: 23155362.18732766
70
Actual reward of current solution: 49661739.687982924
Minimum Difference with past solutions:0.0.
New solution equals old solution at k=20
69
Total Reward at the start of the inner iterations: 49661739.687982924
Gurobi status: 2

Statistics for model Linearization Heuristic :
  Linear constraint matrix    : 12669 Constrs, 7470 Vars, 3886836 NZs
  Matrix coefficient range    : [ 1.00047e-13, 1 ]
  Objective coefficient range : [ 1.22727e-22, 1.91224e+08 ]
  Variable bound range        : [ 0.05, 1 ]
  RHS coefficient range       : [ 5.95182e-08, 1 ]
Objective value for Line heur k = 21: 22990333.92614682
69
Actual reward of current solution: 49661739.687982924
Minimum Difference with past solutions:0.0.
New solution equals old solution at k=21
68
Total Reward at the start of the inner iterations: 49661739.687982924
Gurobi status: 2

Statistics for model Linearization Heuristic :
  Linear constraint matrix    : 12504 Constrs, 7380 Vars, 3796780 NZs
  Matrix coefficient range    : [ 1.00047e-13, 1 ]
  Objective coefficient range : [ 1.22727e-22, 1.91224e+08 ]
  Variable bound range        : [ 0.05, 1 ]
  RHS coefficient range       : [ 4.35769e-08, 1 ]
Objective value for Line heur k = 22: 22820687.068185534
68
Actual reward of current solution: 49661739.687982924
Minimum Difference with past solutions:0.0.
New solution equals old solution at k=22
67
Total Reward at the start of the inner iterations: 49661739.687982924
Gurobi status: 2

Statistics for model Linearization Heuristic :
  Linear constraint matrix    : 12339 Constrs, 7290 Vars, 3707845 NZs
  Matrix coefficient range    : [ 1.00047e-13, 1 ]
  Objective coefficient range : [ 1.22727e-22, 1.91224e+08 ]
  Variable bound range        : [ 0.05, 1 ]
  RHS coefficient range       : [ 3.45662e-12, 1 ]
Objective value for Line heur k = 23: 22646781.029740095
67
Actual reward of current solution: 49661739.687982924
Minimum Difference with past solutions:0.0.
New solution equals old solution at k=23
66
Total Reward at the start of the inner iterations: 49661739.687982924
Gurobi status: 2

Statistics for model Linearization Heuristic :
  Linear constraint matrix    : 12174 Constrs, 7200 Vars, 3620031 NZs
  Matrix coefficient range    : [ 1.00047e-13, 1 ]
  Objective coefficient range : [ 1.22727e-22, 1.91224e+08 ]
  Variable bound range        : [ 0.05, 1 ]
  RHS coefficient range       : [ 4.34658e-09, 1 ]
Objective value for Line heur k = 24: 22468885.17835453
66
Actual reward of current solution: 49661739.687982924
Minimum Difference with past solutions:0.0.
New solution equals old solution at k=24
65
Total Reward at the start of the inner iterations: 49661739.687982924
Gurobi status: 2

Statistics for model Linearization Heuristic :
  Linear constraint matrix    : 12009 Constrs, 7110 Vars, 3533338 NZs
  Matrix coefficient range    : [ 1.00047e-13, 1 ]
  Objective coefficient range : [ 1.22727e-22, 1.91224e+08 ]
  Variable bound range        : [ 0.05, 1 ]
  RHS coefficient range       : [ 1.78824e-08, 1 ]
Objective value for Line heur k = 25: 22287168.728873577
65
Actual reward of current solution: 49661739.687982924
Minimum Difference with past solutions:0.0.
New solution equals old solution at k=25
64
Total Reward at the start of the inner iterations: 49661739.687982924
Gurobi status: 2

Statistics for model Linearization Heuristic :
  Linear constraint matrix    : 11844 Constrs, 7020 Vars, 3447766 NZs
  Matrix coefficient range    : [ 1.00047e-13, 1 ]
  Objective coefficient range : [ 1.22727e-22, 1.91224e+08 ]
  Variable bound range        : [ 0.05, 1 ]
  RHS coefficient range       : [ 1.01956e-08, 1 ]
Objective value for Line heur k = 26: 22101672.137866408
64
Actual reward of current solution: 49661739.687982924
Minimum Difference with past solutions:0.0.
New solution equals old solution at k=26
63
Total Reward at the start of the inner iterations: 49661739.687982924
Gurobi status: 2

Statistics for model Linearization Heuristic :
  Linear constraint matrix    : 11679 Constrs, 6930 Vars, 3363315 NZs
  Matrix coefficient range    : [ 1.00047e-13, 1 ]
  Objective coefficient range : [ 1.22727e-22, 1.91224e+08 ]
  Variable bound range        : [ 0.05, 1 ]
  RHS coefficient range       : [ 2.22177e-08, 1 ]
Objective value for Line heur k = 27: 21912252.065384336
63
Actual reward of current solution: 49661739.687982924
Minimum Difference with past solutions:0.0.
New solution equals old solution at k=27
62
Total Reward at the start of the inner iterations: 49661739.687982924
Gurobi status: 2

Statistics for model Linearization Heuristic :
  Linear constraint matrix    : 11514 Constrs, 6840 Vars, 3280039 NZs
  Matrix coefficient range    : [ 1.00047e-13, 1 ]
  Objective coefficient range : [ 1.22727e-22, 1.91224e+08 ]
  Variable bound range        : [ 0.05, 1 ]
  RHS coefficient range       : [ 5.4931e-08, 0.291469 ]
Objective value for Line heur k = 28: 21718485.077611733
62
Actual reward of current solution: 49661739.687982924
Minimum Difference with past solutions:0.0.
New solution equals old solution at k=28
61
Total Reward at the start of the inner iterations: 49661739.687982924
Gurobi status: 2

Statistics for model Linearization Heuristic :
  Linear constraint matrix    : 11403 Constrs, 6750 Vars, 3189376 NZs
  Matrix coefficient range    : [ 1.00047e-13, 1 ]
  Objective coefficient range : [ 1.22727e-22, 1.91224e+08 ]
  Variable bound range        : [ 0.05, 1 ]
  RHS coefficient range       : [ 2.58859e-08, 1 ]
Objective value for Line heur k = 29: 21487153.89966482
61
Actual reward of current solution: 49661739.687982924
Minimum Difference with past solutions:0.0.
New solution equals old solution at k=29
60
Total Reward at the start of the inner iterations: 49661739.687982924
Gurobi status: 2

Statistics for model Linearization Heuristic :
  Linear constraint matrix    : 11238 Constrs, 6660 Vars, 3099894 NZs
  Matrix coefficient range    : [ 1.00047e-13, 1 ]
  Objective coefficient range : [ 1.22727e-22, 1.91224e+08 ]
  Variable bound range        : [ 0.05, 1 ]
  RHS coefficient range       : [ 3.37891e-08, 1 ]
Objective value for Line heur k = 30: 21250528.666447278
60
Actual reward of current solution: 49661739.687982924
Minimum Difference with past solutions:0.0.
New solution equals old solution at k=30
59
Total Reward at the start of the inner iterations: 49661739.687982924
Gurobi status: 2

Statistics for model Linearization Heuristic :
  Linear constraint matrix    : 11073 Constrs, 6570 Vars, 3011647 NZs
  Matrix coefficient range    : [ 1.00047e-13, 1 ]
  Objective coefficient range : [ 1.22727e-22, 1.91224e+08 ]
  Variable bound range        : [ 0.05, 1 ]
  RHS coefficient range       : [ 2.86844e-08, 1 ]
Objective value for Line heur k = 31: 21009715.952908684
59
Actual reward of current solution: 49661739.687982924
Minimum Difference with past solutions:0.0.
New solution equals old solution at k=31
58
Total Reward at the start of the inner iterations: 49661739.687982924
Gurobi status: 2

Statistics for model Linearization Heuristic :
  Linear constraint matrix    : 10908 Constrs, 6480 Vars, 2924635 NZs
  Matrix coefficient range    : [ 1.00047e-13, 1 ]
  Objective coefficient range : [ 1.22727e-22, 1.91224e+08 ]
  Variable bound range        : [ 0.05, 1 ]
  RHS coefficient range       : [ 1.39991e-08, 1 ]
Objective value for Line heur k = 32: 20765380.04622708
58
Actual reward of current solution: 49661739.687982924
Minimum Difference with past solutions:0.0.
New solution equals old solution at k=32
57
Total Reward at the start of the inner iterations: 49661739.687982924
Gurobi status: 2

Statistics for model Linearization Heuristic :
  Linear constraint matrix    : 10743 Constrs, 6390 Vars, 2838858 NZs
  Matrix coefficient range    : [ 1.00047e-13, 1 ]
  Objective coefficient range : [ 1.22727e-22, 1.91224e+08 ]
  Variable bound range        : [ 0.05, 1 ]
  RHS coefficient range       : [ 4.838e-09, 1 ]
Objective value for Line heur k = 33: 20517936.74893715
57
Actual reward of current solution: 49661739.687982924
Minimum Difference with past solutions:0.0.
New solution equals old solution at k=33
56
Total Reward at the start of the inner iterations: 49661739.687982924
Gurobi status: 2

Statistics for model Linearization Heuristic :
  Linear constraint matrix    : 10578 Constrs, 6300 Vars, 2754316 NZs
  Matrix coefficient range    : [ 1.00047e-13, 1 ]
  Objective coefficient range : [ 1.22727e-22, 1.91224e+08 ]
  Variable bound range        : [ 0.05, 1 ]
  RHS coefficient range       : [ 5.90882e-08, 1 ]
Objective value for Line heur k = 34: 20267661.886573806
56
Actual reward of current solution: 49661739.687982924
Minimum Difference with past solutions:0.0.
New solution equals old solution at k=34
55
Total Reward at the start of the inner iterations: 49661739.687982924
Gurobi status: 2

Statistics for model Linearization Heuristic :
  Linear constraint matrix    : 10413 Constrs, 6210 Vars, 2671009 NZs
  Matrix coefficient range    : [ 1.00047e-13, 1 ]
  Objective coefficient range : [ 1.22727e-22, 1.91224e+08 ]
  Variable bound range        : [ 0.05, 1 ]
  RHS coefficient range       : [ 5.9524e-08, 1 ]
Objective value for Line heur k = 35: 20014752.081505388
55
Actual reward of current solution: 49661739.687982924
Minimum Difference with past solutions:0.0.
New solution equals old solution at k=35
54
Total Reward at the start of the inner iterations: 49661739.687982924
Gurobi status: 2

Statistics for model Linearization Heuristic :
  Linear constraint matrix    : 10248 Constrs, 6120 Vars, 2588937 NZs
  Matrix coefficient range    : [ 1.00047e-13, 1 ]
  Objective coefficient range : [ 1.22727e-22, 1.91224e+08 ]
  Variable bound range        : [ 0.05, 1 ]
  RHS coefficient range       : [ 5.94541e-08, 1 ]
Objective value for Line heur k = 36: 19759358.7864744
54
Actual reward of current solution: 49661739.687982924
Minimum Difference with past solutions:0.0.
New solution equals old solution at k=36
53
Total Reward at the start of the inner iterations: 49661739.687982924
Gurobi status: 2

Statistics for model Linearization Heuristic :
  Linear constraint matrix    : 10083 Constrs, 6030 Vars, 2508100 NZs
  Matrix coefficient range    : [ 1.00047e-13, 1 ]
  Objective coefficient range : [ 1.22727e-22, 1.91224e+08 ]
  Variable bound range        : [ 0.05, 1 ]
  RHS coefficient range       : [ 5.89473e-08, 1 ]
Objective value for Line heur k = 37: 19501607.326136373
53
Actual reward of current solution: 49661739.687982924
Minimum Difference with past solutions:0.0.
New solution equals old solution at k=37
52
Total Reward at the start of the inner iterations: 49661739.687982924
Gurobi status: 2

Statistics for model Linearization Heuristic :
  Linear constraint matrix    : 9918 Constrs, 5940 Vars, 2428498 NZs
  Matrix coefficient range    : [ 1.00047e-13, 1 ]
  Objective coefficient range : [ 1.22727e-22, 1.91224e+08 ]
  Variable bound range        : [ 0.05, 1 ]
  RHS coefficient range       : [ 5.80788e-08, 1 ]
Objective value for Line heur k = 38: 19241607.52922681
52
Actual reward of current solution: 49661739.687982924
Minimum Difference with past solutions:0.0.
New solution equals old solution at k=38
51
Total Reward at the start of the inner iterations: 49661739.687982924
Gurobi status: 2

Statistics for model Linearization Heuristic :
  Linear constraint matrix    : 9753 Constrs, 5850 Vars, 2350131 NZs
  Matrix coefficient range    : [ 1.00047e-13, 1 ]
  Objective coefficient range : [ 1.22727e-22, 1.91224e+08 ]
  Variable bound range        : [ 0.05, 1 ]
  RHS coefficient range       : [ 5.69197e-08, 1 ]
Objective value for Line heur k = 39: 18979459.643922996
51
Actual reward of current solution: 49661739.687982924
Minimum Difference with past solutions:0.0.
New solution equals old solution at k=39
50
Total Reward at the start of the inner iterations: 49661739.687982924
Gurobi status: 2

Statistics for model Linearization Heuristic :
  Linear constraint matrix    : 9588 Constrs, 5760 Vars, 2272999 NZs
  Matrix coefficient range    : [ 1.00047e-13, 1 ]
  Objective coefficient range : [ 1.22727e-22, 1.91224e+08 ]
  Variable bound range        : [ 0.05, 1 ]
  RHS coefficient range       : [ 5.55342e-08, 1 ]
Objective value for Line heur k = 40: 18715257.609894484
50
Actual reward of current solution: 49661739.687982924
Minimum Difference with past solutions:0.0.
New solution equals old solution at k=40
49
Total Reward at the start of the inner iterations: 49661739.687982924
Gurobi status: 2

Statistics for model Linearization Heuristic :
  Linear constraint matrix    : 9423 Constrs, 5670 Vars, 2197102 NZs
  Matrix coefficient range    : [ 1.00047e-13, 1 ]
  Objective coefficient range : [ 1.22727e-22, 1.91224e+08 ]
  Variable bound range        : [ 0.05, 1 ]
  RHS coefficient range       : [ 5.39773e-08, 1 ]
Objective value for Line heur k = 41: 18449090.852305602
49
Actual reward of current solution: 49661739.687982924
Minimum Difference with past solutions:0.0.
New solution equals old solution at k=41
48
Total Reward at the start of the inner iterations: 49661739.687982924
Gurobi status: 2

Statistics for model Linearization Heuristic :
  Linear constraint matrix    : 9258 Constrs, 5580 Vars, 2122494 NZs
  Matrix coefficient range    : [ 1.00047e-13, 1 ]
  Objective coefficient range : [ 1.22727e-22, 1.91224e+08 ]
  Variable bound range        : [ 0.05, 1 ]
  RHS coefficient range       : [ 5.22955e-08, 0.290734 ]
Objective value for Line heur k = 42: 18181045.252901558
48
Actual reward of current solution: 49661739.687982924
Minimum Difference with past solutions:0.0.
New solution equals old solution at k=42
47
Total Reward at the start of the inner iterations: 49661739.687982924
Gurobi status: 2

Statistics for model Linearization Heuristic :
  Linear constraint matrix    : 9147 Constrs, 5490 Vars, 2049121 NZs
  Matrix coefficient range    : [ 1.00047e-13, 1 ]
  Objective coefficient range : [ 1.22727e-22, 1.91224e+08 ]
  Variable bound range        : [ 0.05, 1 ]
  RHS coefficient range       : [ 5.05277e-08, 1 ]
Objective value for Line heur k = 43: 17911203.666441076
47
Actual reward of current solution: 49661739.687982924
Minimum Difference with past solutions:0.0.
New solution equals old solution at k=43
46
Total Reward at the start of the inner iterations: 49661739.687982924
Gurobi status: 2

Statistics for model Linearization Heuristic :
  Linear constraint matrix    : 8982 Constrs, 5400 Vars, 1976929 NZs
  Matrix coefficient range    : [ 1.00047e-13, 1 ]
  Objective coefficient range : [ 1.22727e-22, 1.91224e+08 ]
  Variable bound range        : [ 0.05, 1 ]
  RHS coefficient range       : [ 4.87056e-08, 1 ]
Objective value for Line heur k = 44: 17639646.189249054
46
Actual reward of current solution: 49661739.687982924
Minimum Difference with past solutions:0.0.
New solution equals old solution at k=44
45
Total Reward at the start of the inner iterations: 49661739.687982924
Gurobi status: 2

Statistics for model Linearization Heuristic :
  Linear constraint matrix    : 8817 Constrs, 5310 Vars, 1905972 NZs
  Matrix coefficient range    : [ 1.00047e-13, 1 ]
  Objective coefficient range : [ 1.22727e-22, 1.91224e+08 ]
  Variable bound range        : [ 0.05, 1 ]
  RHS coefficient range       : [ 4.68552e-08, 1 ]
Objective value for Line heur k = 45: 17366450.29568159
45
Actual reward of current solution: 49661739.687982924
Minimum Difference with past solutions:0.0.
New solution equals old solution at k=45
44
Total Reward at the start of the inner iterations: 49661739.687982924
Gurobi status: 2

Statistics for model Linearization Heuristic :
  Linear constraint matrix    : 8652 Constrs, 5220 Vars, 1836250 NZs
  Matrix coefficient range    : [ 1.00047e-13, 1 ]
  Objective coefficient range : [ 1.22727e-22, 1.91224e+08 ]
  Variable bound range        : [ 0.05, 1 ]
  RHS coefficient range       : [ 4.49975e-08, 1 ]
Objective value for Line heur k = 46: 17091690.907013305
44
Actual reward of current solution: 49661739.687982924
Minimum Difference with past solutions:0.0.
New solution equals old solution at k=46
43
Total Reward at the start of the inner iterations: 49661739.687982924
Gurobi status: 2

Statistics for model Linearization Heuristic :
  Linear constraint matrix    : 8487 Constrs, 5130 Vars, 1767763 NZs
  Matrix coefficient range    : [ 1.00047e-13, 1 ]
  Objective coefficient range : [ 1.22727e-22, 1.91224e+08 ]
  Variable bound range        : [ 0.05, 1 ]
  RHS coefficient range       : [ 4.31493e-08, 1 ]
Objective value for Line heur k = 47: 16815440.42835986
43
Actual reward of current solution: 49661739.687982924
Minimum Difference with past solutions:0.0.
New solution equals old solution at k=47
42
Total Reward at the start of the inner iterations: 49661739.687982924
Gurobi status: 2

Statistics for model Linearization Heuristic :
  Linear constraint matrix    : 8322 Constrs, 5040 Vars, 1700511 NZs
  Matrix coefficient range    : [ 1.00047e-13, 1 ]
  Objective coefficient range : [ 1.22727e-22, 1.91224e+08 ]
  Variable bound range        : [ 0.05, 1 ]
  RHS coefficient range       : [ 4.13238e-08, 1 ]
Objective value for Line heur k = 48: 16537768.772977432
42
Actual reward of current solution: 49661739.687982924
Minimum Difference with past solutions:0.0.
New solution equals old solution at k=48
41
Total Reward at the start of the inner iterations: 49661739.687982924
Gurobi status: 2

Statistics for model Linearization Heuristic :
  Linear constraint matrix    : 8157 Constrs, 4950 Vars, 1634494 NZs
  Matrix coefficient range    : [ 1.00047e-13, 1 ]
  Objective coefficient range : [ 1.22727e-22, 1.91224e+08 ]
  Variable bound range        : [ 0.05, 1 ]
  RHS coefficient range       : [ 3.95315e-08, 1 ]
Objective value for Line heur k = 49: 16258743.384148989
41
Actual reward of current solution: 49661739.687982924
Minimum Difference with past solutions:0.0.
New solution equals old solution at k=49
40
Total Reward at the start of the inner iterations: 49661739.687982924
Gurobi status: 2

Statistics for model Linearization Heuristic :
  Linear constraint matrix    : 7992 Constrs, 4860 Vars, 1569712 NZs
  Matrix coefficient range    : [ 1.00047e-13, 1 ]
  Objective coefficient range : [ 1.22727e-22, 1.91224e+08 ]
  Variable bound range        : [ 0.05, 1 ]
  RHS coefficient range       : [ 3.77804e-08, 1 ]
Objective value for Line heur k = 50: 15978429.259764634
40
Actual reward of current solution: 49661739.687982924
Minimum Difference with past solutions:0.0.
New solution equals old solution at k=50
39
Total Reward at the start of the inner iterations: 49661739.687982924
Gurobi status: 2

Statistics for model Linearization Heuristic :
  Linear constraint matrix    : 7827 Constrs, 4770 Vars, 1506165 NZs
  Matrix coefficient range    : [ 1.00047e-13, 1 ]
  Objective coefficient range : [ 1.22727e-22, 1.91224e+08 ]
  Variable bound range        : [ 0.05, 1 ]
  RHS coefficient range       : [ 3.60765e-08, 1 ]
Objective value for Line heur k = 51: 15696888.981878435
39
Actual reward of current solution: 49661739.687982924
Minimum Difference with past solutions:0.0.
New solution equals old solution at k=51
38
Total Reward at the start of the inner iterations: 49661739.687982924
Gurobi status: 2

Statistics for model Linearization Heuristic :
  Linear constraint matrix    : 7662 Constrs, 4680 Vars, 1443853 NZs
  Matrix coefficient range    : [ 1.00047e-13, 1 ]
  Objective coefficient range : [ 1.22727e-22, 1.91224e+08 ]
  Variable bound range        : [ 0.05, 1 ]
  RHS coefficient range       : [ 3.44243e-08, 1 ]
Objective value for Line heur k = 52: 15414182.751986546
38
Actual reward of current solution: 49661739.687982924
Minimum Difference with past solutions:0.0.
New solution equals old solution at k=52
37
Total Reward at the start of the inner iterations: 49661739.687982924
Gurobi status: 2

Statistics for model Linearization Heuristic :
  Linear constraint matrix    : 7497 Constrs, 4590 Vars, 1382777 NZs
  Matrix coefficient range    : [ 1.00047e-13, 1 ]
  Objective coefficient range : [ 1.22727e-22, 1.91224e+08 ]
  Variable bound range        : [ 0.05, 1 ]
  RHS coefficient range       : [ 3.28269e-08, 1 ]
Objective value for Line heur k = 53: 15130368.43195748
37
Actual reward of current solution: 49661739.687982924
Minimum Difference with past solutions:0.0.
New solution equals old solution at k=53
36
Total Reward at the start of the inner iterations: 49661739.687982924
Gurobi status: 2

Statistics for model Linearization Heuristic :
  Linear constraint matrix    : 7332 Constrs, 4500 Vars, 1322936 NZs
  Matrix coefficient range    : [ 1.00047e-13, 1 ]
  Objective coefficient range : [ 1.22727e-22, 1.91224e+08 ]
  Variable bound range        : [ 0.05, 1 ]
  RHS coefficient range       : [ 3.12863e-08, 1 ]
Objective value for Line heur k = 54: 14845501.590137897
36
Actual reward of current solution: 49661739.687982924
Minimum Difference with past solutions:0.0.
New solution equals old solution at k=54
35
Total Reward at the start of the inner iterations: 49661739.687982924
Gurobi status: 2

Statistics for model Linearization Heuristic :
  Linear constraint matrix    : 7167 Constrs, 4410 Vars, 1264330 NZs
  Matrix coefficient range    : [ 1.00047e-13, 1 ]
  Objective coefficient range : [ 1.22727e-22, 1.91224e+08 ]
  Variable bound range        : [ 0.05, 1 ]
  RHS coefficient range       : [ 2.98036e-08, 1 ]
Objective value for Line heur k = 55: 14559635.551975628
35
Actual reward of current solution: 49661739.687982924
Minimum Difference with past solutions:0.0.
New solution equals old solution at k=55
34
Total Reward at the start of the inner iterations: 49661739.687982924
Gurobi status: 2

Statistics for model Linearization Heuristic :
  Linear constraint matrix    : 7002 Constrs, 4320 Vars, 1207013 NZs
  Matrix coefficient range    : [ 1.00047e-13, 1 ]
  Objective coefficient range : [ 1.22727e-22, 1.91224e+08 ]
  Variable bound range        : [ 0.05, 1 ]
  RHS coefficient range       : [ 2.83793e-08, 0.290246 ]
Objective value for Line heur k = 56: 14272821.454443784
34
Actual reward of current solution: 49661739.687982924
Minimum Difference with past solutions:0.0.
New solution equals old solution at k=56
33
Total Reward at the start of the inner iterations: 49661739.687982924
Gurobi status: 2

Statistics for model Linearization Heuristic :
  Linear constraint matrix    : 6891 Constrs, 4230 Vars, 1150931 NZs
  Matrix coefficient range    : [ 1.00047e-13, 1 ]
  Objective coefficient range : [ 1.22727e-22, 1.91224e+08 ]
  Variable bound range        : [ 0.05, 1 ]
  RHS coefficient range       : [ 2.70133e-08, 1 ]
Objective value for Line heur k = 57: 13985108.303558353
33
Actual reward of current solution: 49661739.687982924
Minimum Difference with past solutions:0.0.
New solution equals old solution at k=57
32
Total Reward at the start of the inner iterations: 49661739.687982924
Gurobi status: 2

Statistics for model Linearization Heuristic :
  Linear constraint matrix    : 6726 Constrs, 4140 Vars, 1096030 NZs
  Matrix coefficient range    : [ 1.00047e-13, 1 ]
  Objective coefficient range : [ 1.22727e-22, 1.91224e+08 ]
  Variable bound range        : [ 0.05, 1 ]
  RHS coefficient range       : [ 2.57049e-08, 1 ]
Objective value for Line heur k = 58: 13696543.034323582
32
Actual reward of current solution: 49661739.687982924
Minimum Difference with past solutions:0.0.
New solution equals old solution at k=58
31
Total Reward at the start of the inner iterations: 49661739.687982924
Gurobi status: 2

Statistics for model Linearization Heuristic :
  Linear constraint matrix    : 6561 Constrs, 4050 Vars, 1042364 NZs
  Matrix coefficient range    : [ 1.00047e-13, 1 ]
  Objective coefficient range : [ 1.22727e-22, 1.91224e+08 ]
  Variable bound range        : [ 0.05, 1 ]
  RHS coefficient range       : [ 2.44532e-08, 1 ]
Objective value for Line heur k = 59: 13407170.57249705
31
Actual reward of current solution: 49661739.687982924
Minimum Difference with past solutions:0.0.
New solution equals old solution at k=59
30
Total Reward at the start of the inner iterations: 49661739.687982924
Gurobi status: 2

Statistics for model Linearization Heuristic :
  Linear constraint matrix    : 6396 Constrs, 3960 Vars, 989933 NZs
  Matrix coefficient range    : [ 1.00047e-13, 1 ]
  Objective coefficient range : [ 1.22727e-22, 1.91224e+08 ]
  Variable bound range        : [ 0.05, 1 ]
  RHS coefficient range       : [ 2.3257e-08, 1 ]
Objective value for Line heur k = 60: 13117033.897629397
30
Actual reward of current solution: 49661739.687982924
Minimum Difference with past solutions:0.0.
New solution equals old solution at k=60
29
Total Reward at the start of the inner iterations: 49661739.687982924
Gurobi status: 2

Statistics for model Linearization Heuristic :
  Linear constraint matrix    : 6231 Constrs, 3870 Vars, 938738 NZs
  Matrix coefficient range    : [ 1.00047e-13, 1 ]
  Objective coefficient range : [ 1.22727e-22, 1.91224e+08 ]
  Variable bound range        : [ 0.05, 1 ]
  RHS coefficient range       : [ 2.21149e-08, 1 ]
Objective value for Line heur k = 61: 12826174.106896434
29
Actual reward of current solution: 49661739.687982924
Minimum Difference with past solutions:0.0.
New solution equals old solution at k=61
28
Total Reward at the start of the inner iterations: 49661739.687982924
Gurobi status: 2

Statistics for model Linearization Heuristic :
  Linear constraint matrix    : 6066 Constrs, 3780 Vars, 888778 NZs
  Matrix coefficient range    : [ 1.00047e-13, 1 ]
  Objective coefficient range : [ 1.22727e-22, 1.91224e+08 ]
  Variable bound range        : [ 0.05, 1 ]
  RHS coefficient range       : [ 2.10252e-08, 1 ]
Objective value for Line heur k = 62: 12534630.47930174
28
Actual reward of current solution: 49661739.687982924
Minimum Difference with past solutions:0.0.
New solution equals old solution at k=62
27
Total Reward at the start of the inner iterations: 49661739.687982924
Gurobi status: 2

Statistics for model Linearization Heuristic :
  Linear constraint matrix    : 5901 Constrs, 3690 Vars, 840053 NZs
  Matrix coefficient range    : [ 1.00047e-13, 1 ]
  Objective coefficient range : [ 1.22727e-22, 1.91224e+08 ]
  Variable bound range        : [ 0.05, 1 ]
  RHS coefficient range       : [ 1.99862e-08, 1 ]
Objective value for Line heur k = 63: 12242440.539883565
27
Actual reward of current solution: 49661739.687982924
Minimum Difference with past solutions:0.0.
New solution equals old solution at k=63
26
Total Reward at the start of the inner iterations: 49661739.687982924
Gurobi status: 2

Statistics for model Linearization Heuristic :
  Linear constraint matrix    : 5736 Constrs, 3600 Vars, 792563 NZs
  Matrix coefficient range    : [ 1.00047e-13, 1 ]
  Objective coefficient range : [ 1.22727e-22, 1.91224e+08 ]
  Variable bound range        : [ 0.05, 1 ]
  RHS coefficient range       : [ 1.89962e-08, 1 ]
Objective value for Line heur k = 64: 11949640.123610955
26
Actual reward of current solution: 49661739.687982924
Minimum Difference with past solutions:0.0.
New solution equals old solution at k=64
25
Total Reward at the start of the inner iterations: 49661739.687982924
Gurobi status: 2

Statistics for model Linearization Heuristic :
  Linear constraint matrix    : 5571 Constrs, 3510 Vars, 746309 NZs
  Matrix coefficient range    : [ 1.00047e-13, 1 ]
  Objective coefficient range : [ 1.22727e-22, 1.91224e+08 ]
  Variable bound range        : [ 0.05, 1 ]
  RHS coefficient range       : [ 1.80534e-08, 1 ]
Objective value for Line heur k = 65: 11656263.43870065
25
Actual reward of current solution: 49661739.687982924
Minimum Difference with past solutions:0.0.
New solution equals old solution at k=65
24
Total Reward at the start of the inner iterations: 49661739.687982924
Gurobi status: 2

Statistics for model Linearization Heuristic :
  Linear constraint matrix    : 5406 Constrs, 3420 Vars, 701290 NZs
  Matrix coefficient range    : [ 1.00047e-13, 1 ]
  Objective coefficient range : [ 1.22727e-22, 1.91224e+08 ]
  Variable bound range        : [ 0.05, 1 ]
  RHS coefficient range       : [ 1.71558e-08, 1 ]
Objective value for Line heur k = 66: 11362343.129127698
24
Actual reward of current solution: 49661739.687982924
Minimum Difference with past solutions:0.0.
New solution equals old solution at k=66
23
Total Reward at the start of the inner iterations: 49661739.687982924
Gurobi status: 2

Statistics for model Linearization Heuristic :
  Linear constraint matrix    : 5241 Constrs, 3330 Vars, 657506 NZs
  Matrix coefficient range    : [ 1.00047e-13, 1 ]
  Objective coefficient range : [ 1.22727e-22, 1.91224e+08 ]
  Variable bound range        : [ 0.05, 1 ]
  RHS coefficient range       : [ 1.63017e-08, 1 ]
Objective value for Line heur k = 67: 11067910.33614032
23
Actual reward of current solution: 49661739.687982924
Minimum Difference with past solutions:0.0.
New solution equals old solution at k=67
22
Total Reward at the start of the inner iterations: 49661739.687982924
Gurobi status: 2

Statistics for model Linearization Heuristic :
  Linear constraint matrix    : 5076 Constrs, 3240 Vars, 614957 NZs
  Matrix coefficient range    : [ 1.00047e-13, 1 ]
  Objective coefficient range : [ 1.22727e-22, 1.91224e+08 ]
  Variable bound range        : [ 0.05, 1 ]
  RHS coefficient range       : [ 1.54893e-08, 1 ]
Objective value for Line heur k = 68: 10772994.75862308
22
Actual reward of current solution: 49661739.687982924
Minimum Difference with past solutions:0.0.
New solution equals old solution at k=68
21
Total Reward at the start of the inner iterations: 49661739.687982924
Gurobi status: 2

Statistics for model Linearization Heuristic :
  Linear constraint matrix    : 4911 Constrs, 3150 Vars, 573643 NZs
  Matrix coefficient range    : [ 1.00047e-13, 1 ]
  Objective coefficient range : [ 1.22727e-22, 1.91224e+08 ]
  Variable bound range        : [ 0.05, 1 ]
  RHS coefficient range       : [ 1.47166e-08, 1 ]
Objective value for Line heur k = 69: 10477624.712183572
21
Actual reward of current solution: 49661739.687982924
Minimum Difference with past solutions:0.0.
New solution equals old solution at k=69
20
Total Reward at the start of the inner iterations: 49661739.687982924
Gurobi status: 2

Statistics for model Linearization Heuristic :
  Linear constraint matrix    : 4746 Constrs, 3060 Vars, 533618 NZs
  Matrix coefficient range    : [ 1.00047e-13, 1 ]
  Objective coefficient range : [ 1.22727e-22, 1.91224e+08 ]
  Variable bound range        : [ 0.05, 1 ]
  RHS coefficient range       : [ 1.3982e-08, 0.289962 ]
Objective value for Line heur k = 70: 10181827.186864745
20
Actual reward of current solution: 49661739.687982924
Minimum Difference with past solutions:0.0.
New solution equals old solution at k=70
19
Total Reward at the start of the inner iterations: 49661739.687982924
Gurobi status: 2

Statistics for model Linearization Heuristic :
  Linear constraint matrix    : 4635 Constrs, 2970 Vars, 494828 NZs
  Matrix coefficient range    : [ 1.00047e-13, 1 ]
  Objective coefficient range : [ 1.22727e-22, 1.91224e+08 ]
  Variable bound range        : [ 0.05, 1 ]
  RHS coefficient range       : [ 1.32837e-08, 1 ]
Objective value for Line heur k = 71: 9885627.903412927
19
Actual reward of current solution: 49661739.687982924
Minimum Difference with past solutions:0.0.
New solution equals old solution at k=71
18
Total Reward at the start of the inner iterations: 49661739.687982924
Gurobi status: 2

Statistics for model Linearization Heuristic :
  Linear constraint matrix    : 4470 Constrs, 2880 Vars, 457220 NZs
  Matrix coefficient range    : [ 1.00047e-13, 1 ]
  Objective coefficient range : [ 1.22727e-22, 1.91224e+08 ]
  Variable bound range        : [ 0.05, 1 ]
  RHS coefficient range       : [ 1.26201e-08, 1 ]
Objective value for Line heur k = 72: 9589051.36805838
18
Actual reward of current solution: 49661739.687982924
Minimum Difference with past solutions:0.0.
New solution equals old solution at k=72
17
Total Reward at the start of the inner iterations: 49661739.687982924
Gurobi status: 2

Statistics for model Linearization Heuristic :
  Linear constraint matrix    : 4305 Constrs, 2790 Vars, 420847 NZs
  Matrix coefficient range    : [ 1.00047e-13, 1 ]
  Objective coefficient range : [ 1.22727e-22, 1.91224e+08 ]
  Variable bound range        : [ 0.05, 1 ]
  RHS coefficient range       : [ 1.19894e-08, 1 ]
Objective value for Line heur k = 73: 9292120.925795639
17
Actual reward of current solution: 49661739.687982924
Minimum Difference with past solutions:0.0.
New solution equals old solution at k=73
16
Total Reward at the start of the inner iterations: 49661739.687982924
Gurobi status: 2

Statistics for model Linearization Heuristic :
  Linear constraint matrix    : 4140 Constrs, 2700 Vars, 385710 NZs
  Matrix coefficient range    : [ 1.00047e-13, 1 ]
  Objective coefficient range : [ 1.22727e-22, 1.91224e+08 ]
  Variable bound range        : [ 0.05, 1 ]
  RHS coefficient range       : [ 1.13903e-08, 1 ]
Objective value for Line heur k = 74: 8994858.812188456
16
Actual reward of current solution: 49661739.687982924
Minimum Difference with past solutions:0.0.
New solution equals old solution at k=74
15
Total Reward at the start of the inner iterations: 49661739.687982924
Gurobi status: 2

Statistics for model Linearization Heuristic :
  Linear constraint matrix    : 3975 Constrs, 2610 Vars, 351808 NZs
  Matrix coefficient range    : [ 1.00047e-13, 1 ]
  Objective coefficient range : [ 1.22727e-22, 1.91224e+08 ]
  Variable bound range        : [ 0.05, 1 ]
  RHS coefficient range       : [ 1.07502e-08, 1 ]
Objective value for Line heur k = 75: 8697286.203777395
15
Actual reward of current solution: 49661739.687982924
Minimum Difference with past solutions:0.0.
New solution equals old solution at k=75
14
Total Reward at the start of the inner iterations: 49661739.687982924
Gurobi status: 2

Statistics for model Linearization Heuristic :
  Linear constraint matrix    : 3810 Constrs, 2520 Vars, 319143 NZs
  Matrix coefficient range    : [ 1.00047e-13, 1 ]
  Objective coefficient range : [ 1.22727e-22, 1.91224e+08 ]
  Variable bound range        : [ 0.05, 1 ]
  RHS coefficient range       : [ 8.13486e-09, 1 ]
Objective value for Line heur k = 76: 8399423.267247103
14
Actual reward of current solution: 49661739.687982924
Minimum Difference with past solutions:0.0.
New solution equals old solution at k=76
13
Total Reward at the start of the inner iterations: 49661739.687982924
Gurobi status: 2

Statistics for model Linearization Heuristic :
  Linear constraint matrix    : 3645 Constrs, 2430 Vars, 287713 NZs
  Matrix coefficient range    : [ 1.00047e-13, 1 ]
  Objective coefficient range : [ 1.22727e-22, 1.91224e+08 ]
  Variable bound range        : [ 0.05, 1 ]
  RHS coefficient range       : [ 1.92946e-09, 1 ]
Objective value for Line heur k = 77: 8101289.207640039
13
Actual reward of current solution: 49661739.687982924
Minimum Difference with past solutions:0.0.
New solution equals old solution at k=77
12
Total Reward at the start of the inner iterations: 49661739.687982924
Gurobi status: 2

Statistics for model Linearization Heuristic :
  Linear constraint matrix    : 3480 Constrs, 2340 Vars, 257520 NZs
  Matrix coefficient range    : [ 1.00047e-13, 1 ]
  Objective coefficient range : [ 1.22727e-22, 1.91224e+08 ]
  Variable bound range        : [ 0.05, 1 ]
  RHS coefficient range       : [ 1.83444e-09, 1 ]
Objective value for Line heur k = 78: 7802902.316118817
12
Actual reward of current solution: 49661739.687982924
Minimum Difference with past solutions:0.0.
New solution equals old solution at k=78
11
Total Reward at the start of the inner iterations: 49661739.687982924
Gurobi status: 2

Statistics for model Linearization Heuristic :
  Linear constraint matrix    : 3315 Constrs, 2250 Vars, 228563 NZs
  Matrix coefficient range    : [ 1.00047e-13, 1 ]
  Objective coefficient range : [ 1.22727e-22, 1.91224e+08 ]
  Variable bound range        : [ 0.05, 1 ]
  RHS coefficient range       : [ 4.74023e-11, 1 ]
Objective value for Line heur k = 79: 7504280.0181448525
11
Actual reward of current solution: 49661739.687982924
Minimum Difference with past solutions:0.0.
New solution equals old solution at k=79
10
Total Reward at the start of the inner iterations: 49661739.687982924
Gurobi status: 2

Statistics for model Linearization Heuristic :
  Linear constraint matrix    : 3150 Constrs, 2160 Vars, 200841 NZs
  Matrix coefficient range    : [ 1.00047e-13, 1 ]
  Objective coefficient range : [ 1.22727e-22, 1.91224e+08 ]
  Variable bound range        : [ 0.05, 1 ]
  RHS coefficient range       : [ 2.33673e-09, 1 ]
Objective value for Line heur k = 80: 7205438.923571003
10
Actual reward of current solution: 49661739.687982924
Minimum Difference with past solutions:0.0.
New solution equals old solution at k=80
9
Total Reward at the start of the inner iterations: 49661739.687982924
Gurobi status: 2

Statistics for model Linearization Heuristic :
  Linear constraint matrix    : 2985 Constrs, 2070 Vars, 174354 NZs
  Matrix coefficient range    : [ 1.00047e-13, 1 ]
  Objective coefficient range : [ 1.22727e-22, 1.91224e+08 ]
  Variable bound range        : [ 0.05, 1 ]
  RHS coefficient range       : [ 4.9618e-09, 1 ]
Objective value for Line heur k = 81: 6906394.881230906
9
Actual reward of current solution: 49661739.687982924
Minimum Difference with past solutions:0.0.
New solution equals old solution at k=81
8
Total Reward at the start of the inner iterations: 49661739.687982924
Gurobi status: 2

Statistics for model Linearization Heuristic :
  Linear constraint matrix    : 2820 Constrs, 1980 Vars, 149104 NZs
  Matrix coefficient range    : [ 1.00047e-13, 1 ]
  Objective coefficient range : [ 7.04294e-21, 1.91224e+08 ]
  Variable bound range        : [ 0.05, 1 ]
  RHS coefficient range       : [ 7.59441e-09, 1 ]
Objective value for Line heur k = 82: 6607163.042486038
8
Actual reward of current solution: 49661739.687982924
Minimum Difference with past solutions:0.0.
New solution equals old solution at k=82
7
Total Reward at the start of the inner iterations: 49661739.687982924
Gurobi status: 2

Statistics for model Linearization Heuristic :
  Linear constraint matrix    : 2655 Constrs, 1890 Vars, 125089 NZs
  Matrix coefficient range    : [ 1.00047e-13, 1 ]
  Objective coefficient range : [ 7.04294e-21, 1.91224e+08 ]
  Variable bound range        : [ 0.05, 1 ]
  RHS coefficient range       : [ 1.02401e-08, 1 ]
Objective value for Line heur k = 83: 6307757.941443096
7
Actual reward of current solution: 49661739.687982924
Minimum Difference with past solutions:0.0.
New solution equals old solution at k=83
6
Total Reward at the start of the inner iterations: 49661739.687982924
Gurobi status: 2

Statistics for model Linearization Heuristic :
  Linear constraint matrix    : 2490 Constrs, 1800 Vars, 102365 NZs
  Matrix coefficient range    : [ 1.00047e-13, 1 ]
  Objective coefficient range : [ 7.04294e-21, 1.91224e+08 ]
  Variable bound range        : [ 0.05, 1 ]
  RHS coefficient range       : [ 1.29083e-08, 0.289798 ]
Objective value for Line heur k = 84: 6008193.605189125
6
Actual reward of current solution: 49661739.687982924
Minimum Difference with past solutions:0.0.
New solution equals old solution at k=84
5
Total Reward at the start of the inner iterations: 49661739.687982924
Gurobi status: 2

Statistics for model Linearization Heuristic :
  Linear constraint matrix    : 2379 Constrs, 1710 Vars, 80879 NZs
  Matrix coefficient range    : [ 1.00047e-13, 1 ]
  Objective coefficient range : [ 7.04294e-21, 1.91224e+08 ]
  Variable bound range        : [ 0.05, 1 ]
  RHS coefficient range       : [ 1.56158e-08, 1 ]
Objective value for Line heur k = 85: 5708483.717155709
5
Actual reward of current solution: 49661739.687982924
Minimum Difference with past solutions:0.0.
New solution equals old solution at k=85
4
Total Reward at the start of the inner iterations: 49661739.687982924
Gurobi status: 2

Statistics for model Linearization Heuristic :
  Linear constraint matrix    : 2214 Constrs, 1620 Vars, 60584 NZs
  Matrix coefficient range    : [ 1.00047e-13, 1 ]
  Objective coefficient range : [ 7.04294e-21, 1.91224e+08 ]
  Variable bound range        : [ 0.05, 1 ]
  RHS coefficient range       : [ 1.83912e-08, 1 ]
Objective value for Line heur k = 86: 5408641.87364611
4
Actual reward of current solution: 49661739.687982924
Minimum Difference with past solutions:0.0.
New solution equals old solution at k=86
3
Total Reward at the start of the inner iterations: 49661739.687982924
Gurobi status: 2

Statistics for model Linearization Heuristic :
  Linear constraint matrix    : 2049 Constrs, 1530 Vars, 41561 NZs
  Matrix coefficient range    : [ 1.00077e-13, 1 ]
  Objective coefficient range : [ 7.04294e-21, 1.91224e+08 ]
  Variable bound range        : [ 0.05, 1 ]
  RHS coefficient range       : [ 2.12844e-08, 1 ]
Objective value for Line heur k = 87: 5108682.002887358
3
Actual reward of current solution: 49661739.687982924
Minimum Difference with past solutions:0.0.
New solution equals old solution at k=87
2
Total Reward at the start of the inner iterations: 49661739.687982924
Gurobi status: 2

Statistics for model Linearization Heuristic :
  Linear constraint matrix    : 1884 Constrs, 1440 Vars, 23931 NZs
  Matrix coefficient range    : [ 1.46815e-13, 1 ]
  Objective coefficient range : [ 8.48794e-21, 1.91224e+08 ]
  Variable bound range        : [ 0.05, 1 ]
  RHS coefficient range       : [ 2.43818e-08, 1 ]
Objective value for Line heur k = 88: 4808619.066797865
2
Actual reward of current solution: 49661739.687982924
Minimum Difference with past solutions:0.0.
New solution equals old solution at k=88
1
Total Reward at the start of the inner iterations: 49661739.687982924
Gurobi status: 2

Statistics for model Linearization Heuristic :
  Linear constraint matrix    : 1719 Constrs, 1350 Vars, 11838 NZs
  Matrix coefficient range    : [ 1.73032e-13, 1 ]
  Objective coefficient range : [ 1.38778e-17, 1.91224e+08 ]
  Variable bound range        : [ 0.05, 1 ]
  RHS coefficient range       : [ 2.78332e-08, 1 ]
Objective value for Line heur k = 89: 4508470.2537479
1
Actual reward of current solution: 49661739.687982924
Minimum Difference with past solutions:0.0.
New solution equals old solution at k=89
0
Total Reward at the start of the inner iterations: 49661739.687982924
Gurobi status: 2

Statistics for model Linearization Heuristic :
  Linear constraint matrix    : 1554 Constrs, 1260 Vars, 2709 NZs
  Matrix coefficient range    : [ 0.288979, 1 ]
  Objective coefficient range : [ 1.38778e-17, 1.91224e+08 ]
  Variable bound range        : [ 0.05, 1 ]
  RHS coefficient range       : [ 3.18981e-08, 0.289754 ]
Objective value for Line heur k = 90: 4208257.0232437905
0
Actual reward of current solution: 49661739.687982924
Minimum Difference with past solutions:0.0.
New solution equals old solution at k=90
0
Total Reward at the start of the inner iterations: 49661739.687982924
Gurobi status: 2

Statistics for model Linearization Heuristic :
  Linear constraint matrix    : 1443 Constrs, 1170 Vars, 2457 NZs
  Matrix coefficient range    : [ 0.317935, 1 ]
  Objective coefficient range : [ 1.38778e-17, 1.91224e+08 ]
  Variable bound range        : [ 0.05, 1 ]
  RHS coefficient range       : [ 3.18981e-08, 0.289754 ]
Objective value for Line heur k = 91: 3907667.1812606044
0
Actual reward of current solution: 49661739.687982924
Minimum Difference with past solutions:0.0.
New solution equals old solution at k=91
0
Total Reward at the start of the inner iterations: 49661739.687982924
Gurobi status: 2

Statistics for model Linearization Heuristic :
  Linear constraint matrix    : 1332 Constrs, 1080 Vars, 2214 NZs
  Matrix coefficient range    : [ 0.349792, 1 ]
  Objective coefficient range : [ 1.38778e-17, 1.91224e+08 ]
  Variable bound range        : [ 0.05, 1 ]
  RHS coefficient range       : [ 3.18981e-08, 0.289754 ]
Objective value for Line heur k = 92: 3607077.3517753053
0
Actual reward of current solution: 49661739.687982924
Minimum Difference with past solutions:0.0.
New solution equals old solution at k=92
0
Total Reward at the start of the inner iterations: 49661739.687982924
Gurobi status: 2

Statistics for model Linearization Heuristic :
  Linear constraint matrix    : 1221 Constrs, 990 Vars, 1980 NZs
  Matrix coefficient range    : [ 0.384842, 1 ]
  Objective coefficient range : [ 1.38778e-17, 1.91224e+08 ]
  Variable bound range        : [ 0.05, 1 ]
  RHS coefficient range       : [ 3.18981e-08, 0.289754 ]
Objective value for Line heur k = 93: 3306487.5341830794
0
Actual reward of current solution: 49661739.687982924
Minimum Difference with past solutions:0.0.
New solution equals old solution at k=93
0
Total Reward at the start of the inner iterations: 49661739.687982924
Gurobi status: 2

Statistics for model Linearization Heuristic :
  Linear constraint matrix    : 1110 Constrs, 900 Vars, 1755 NZs
  Matrix coefficient range    : [ 0.423403, 1 ]
  Objective coefficient range : [ 1.38778e-17, 1.91224e+08 ]
  Variable bound range        : [ 0.05, 1 ]
  RHS coefficient range       : [ 3.18981e-08, 0.289754 ]
Objective value for Line heur k = 94: 3005897.727400393
0
Actual reward of current solution: 49661739.687982924
Minimum Difference with past solutions:0.0.
New solution equals old solution at k=94
0
Total Reward at the start of the inner iterations: 49661739.687982924
Gurobi status: 2

Statistics for model Linearization Heuristic :
  Linear constraint matrix    : 999 Constrs, 810 Vars, 1539 NZs
  Matrix coefficient range    : [ 0.465828, 1 ]
  Objective coefficient range : [ 1.38778e-17, 1.91224e+08 ]
  Variable bound range        : [ 0.05, 1 ]
  RHS coefficient range       : [ 3.18981e-08, 0.289754 ]
Objective value for Line heur k = 95: 2705307.9301421787
0
Actual reward of current solution: 49661739.687982924
Minimum Difference with past solutions:0.0.
New solution equals old solution at k=95
0
Total Reward at the start of the inner iterations: 49661739.687982924
Gurobi status: 2

Statistics for model Linearization Heuristic :
  Linear constraint matrix    : 888 Constrs, 720 Vars, 1332 NZs
  Matrix coefficient range    : [ 0.512504, 1 ]
  Objective coefficient range : [ 1.38778e-17, 1.91224e+08 ]
  Variable bound range        : [ 0.05, 1 ]
  RHS coefficient range       : [ 3.18981e-08, 0.289754 ]
Objective value for Line heur k = 96: 2404718.1410902925
0
Actual reward of current solution: 49661739.687982924
Minimum Difference with past solutions:0.0.
New solution equals old solution at k=96
0
Total Reward at the start of the inner iterations: 49661739.687982924
Gurobi status: 2

Statistics for model Linearization Heuristic :
  Linear constraint matrix    : 777 Constrs, 630 Vars, 1134 NZs
  Matrix coefficient range    : [ 0.563857, 1 ]
  Objective coefficient range : [ 1.38778e-17, 1.91224e+08 ]
  Variable bound range        : [ 0.05, 1 ]
  RHS coefficient range       : [ 3.18981e-08, 0.289754 ]
Objective value for Line heur k = 97: 2104128.358990394
0
Actual reward of current solution: 49661739.687982924
Minimum Difference with past solutions:0.0.
New solution equals old solution at k=97
0
Total Reward at the start of the inner iterations: 49661739.687982924
Gurobi status: 2

Statistics for model Linearization Heuristic :
  Linear constraint matrix    : 666 Constrs, 540 Vars, 945 NZs
  Matrix coefficient range    : [ 0.620356, 1 ]
  Objective coefficient range : [ 1.38778e-17, 1.91224e+08 ]
  Variable bound range        : [ 0.05, 1 ]
  RHS coefficient range       : [ 3.18981e-08, 0.289754 ]
Objective value for Line heur k = 98: 1803538.582702413
0
Actual reward of current solution: 49661739.687982924
Minimum Difference with past solutions:0.0.
New solution equals old solution at k=98
0
Total Reward at the start of the inner iterations: 49661739.687982924
Gurobi status: 2

Statistics for model Linearization Heuristic :
  Linear constraint matrix    : 555 Constrs, 450 Vars, 765 NZs
  Matrix coefficient range    : [ 0.682516, 1 ]
  Objective coefficient range : [ 1.38778e-17, 1.91224e+08 ]
  Variable bound range        : [ 0.05, 1 ]
  RHS coefficient range       : [ 3.18981e-08, 0.289754 ]
Objective value for Line heur k = 99: 1502948.8112218077
0
Actual reward of current solution: 49661739.687982924
Minimum Difference with past solutions:0.0.
New solution equals old solution at k=99
0
Total Reward at the start of the inner iterations: 49661739.687982924
Gurobi status: 2

Statistics for model Linearization Heuristic :
  Linear constraint matrix    : 444 Constrs, 360 Vars, 594 NZs
  Matrix coefficient range    : [ 0.750904, 1 ]
  Objective coefficient range : [ 1.38778e-17, 1.91224e+08 ]
  Variable bound range        : [ 0.05, 1 ]
  RHS coefficient range       : [ 3.18981e-08, 0.289754 ]
Objective value for Line heur k = 100: 1202359.0436830765
0
Actual reward of current solution: 49661739.687982924
Minimum Difference with past solutions:0.0.
New solution equals old solution at k=100
0
Total Reward at the start of the inner iterations: 49661739.687982924
Gurobi status: 2

Statistics for model Linearization Heuristic :
  Linear constraint matrix    : 333 Constrs, 270 Vars, 432 NZs
  Matrix coefficient range    : [ 0.826145, 1 ]
  Objective coefficient range : [ 1.38778e-17, 1.91224e+08 ]
  Variable bound range        : [ 0.05, 1 ]
  RHS coefficient range       : [ 3.18981e-08, 0.289754 ]
Objective value for Line heur k = 101: 901769.2793530017
0
Actual reward of current solution: 49661739.687982924
Minimum Difference with past solutions:0.0.
New solution equals old solution at k=101
0
Total Reward at the start of the inner iterations: 49661739.687982924
Gurobi status: 2

Statistics for model Linearization Heuristic :
  Linear constraint matrix    : 222 Constrs, 180 Vars, 279 NZs
  Matrix coefficient range    : [ 0.908925, 1 ]
  Objective coefficient range : [ 0.000230332, 1.91224e+08 ]
  Variable bound range        : [ 0.05, 1 ]
  RHS coefficient range       : [ 3.18981e-08, 0.289754 ]
Objective value for Line heur k = 102: 601179.5176185998
0
Actual reward of current solution: 49661739.687982924
Minimum Difference with past solutions:0.0.
New solution equals old solution at k=102
0
Total Reward at the start of the inner iterations: 49661739.687982924
Gurobi status: 2

Statistics for model Linearization Heuristic :
  Linear constraint matrix    : 111 Constrs, 90 Vars, 135 NZs
  Matrix coefficient range    : [ 1, 1 ]
  Objective coefficient range : [ 1366.4, 1.91224e+08 ]
  Variable bound range        : [ 0.05, 1 ]
  RHS coefficient range       : [ 3.18981e-08, 0.289754 ]
Objective value for Line heur k = 103: 300589.75797284715
0
Actual reward of current solution: 49661739.687982924
Minimum Difference with past solutions:0.0.
New solution equals old solution at k=103
Total running time for 90 days is 1666.5626454353333
Economic Value: 66469727.98084359
Deaths 0.09017707859524954
Total Reward 49661739.687982924
