{'groups': 'all', 'params_to_try': {'delta_schooling': [0.5], 'xi': [0, 371990.3, 929975.75, 1859951.5, 3719903, 5579854.5], 'icus': [2900], 'tests': [[60000, 0]], 'testing': ['homogeneous'], 'eta': [0.1]}}
{'groups': 'all', 'params_to_try': {'delta_schooling': [0.5], 'xi': [0, 371990.3, 929975.75, 1859951.5, 3719903, 5579854.5], 'icus': [2900], 'tests': [[60000, 0]], 'testing': ['homogeneous'], 'eta': [0.1]}}
{'groups': 'all', 'params_to_try': {'delta_schooling': [0.2661737230725406], 'icus': [2900], 'eta': [0.09950731375172046], 'tests': [[0, 0]], 'xi': [11159709.0], 'testing': ['homogeneous']}}
results/time_gradient/xi-11159709_icus-2900_testing-homogeneous_natests-0_nmtests-0_T-90_startday-0_groups-all_dschool-0.266174_eta-0.099507_freq-90-14_initParamVarying-multiplier_beta_randomInstance-50.yaml
{'groups': 'all', 'params_to_try': {'delta_schooling': [0.5], 'xi': [0, 371990.3, 929975.75, 1859951.5, 3719903, 5579854.5], 'icus': [2900], 'tests': [[60000, 0]], 'testing': ['homogeneous'], 'eta': [0.1]}}
{'groups': 'all', 'params_to_try': {'delta_schooling': [0.5], 'xi': [0, 371990.3, 929975.75, 1859951.5, 3719903, 5579854.5], 'icus': [2900], 'tests': [[60000, 0]], 'testing': ['homogeneous'], 'eta': [0.1]}}
{'groups': 'all', 'params_to_try': {'delta_schooling': [0.2661737230725406], 'icus': [2900], 'eta': [0.09950731375172046], 'tests': [[0, 0]], 'xi': [11159709.0], 'testing': ['homogeneous']}}
results/dynamic_gradient/xi-11159709_icus-2900_testing-homogeneous_natests-0_nmtests-0_T-90_startday-0_groups-all_dschool-0.266174_eta-0.099507_freq-90-14_initParamVarying-multiplier_beta_randomInstance-50.yaml
500
(0.5, 111597090.0, 0.29, 0.0, (7, 14), 'fitted-scaled', 'econ-scaled', 'oct21-scaled', 0.1, 0.05, 2, 'dynamic_gradient', 50, 'multiplier_beta')
The value of T is: 104
Missing starting point -- Running the initial heuristic.
/home/groups/daniancu/covid-optimization/covid-optimization
90
Total Reward at the start of the inner iterations: 47785015.470130935
Using license file /share/software/user/restricted/gurobi/9.0.3_py36/licenses/gurobi.lic
Set parameter TokenServer to value license4.stanford.edu
Gurobi status: 2

Statistics for model Linearization Heuristic :
  Linear constraint matrix    : 16026 Constrs, 9360 Vars, 5879785 NZs
  Matrix coefficient range    : [ 1.00087e-13, 1 ]
  Objective coefficient range : [ 9.06979e-22, 1.16826e+08 ]
  Variable bound range        : [ 0.05, 1 ]
  RHS coefficient range       : [ 4.43923e-08, 0.293057 ]
Objective value for Line heur k = 0: 12827107.577842403
90
Actual reward of current solution: 47462358.02862175
Minimum Difference with past solutions:0.050000000000000044.
Gurobi status: 2

Statistics for model Linearization Heuristic :
  Linear constraint matrix    : 16026 Constrs, 9360 Vars, 6321283 NZs
  Matrix coefficient range    : [ 1.00106e-13, 1 ]
  Objective coefficient range : [ 1.04025e-21, 1.16826e+08 ]
  Variable bound range        : [ 0.05, 1 ]
  RHS coefficient range       : [ 1.8357e-07, 0.294104 ]
Objective value for Line heur k = 0: 12315636.570891928
90
Actual reward of current solution: 47856533.71980701
Minimum Difference with past solutions:0.050000000000000044.
Gurobi status: 2

Statistics for model Linearization Heuristic :
  Linear constraint matrix    : 16026 Constrs, 9360 Vars, 5879798 NZs
  Matrix coefficient range    : [ 1.00299e-13, 1 ]
  Objective coefficient range : [ 2.07366e-21, 1.16826e+08 ]
  Variable bound range        : [ 0.05, 1 ]
  RHS coefficient range       : [ 8.9995e-09, 0.29313 ]
Objective value for Line heur k = 0: 12905548.683708565
90
Actual reward of current solution: 47523686.579262994
Minimum Difference with past solutions:0.050000000000000044.
Gurobi status: 2

Statistics for model Linearization Heuristic :
  Linear constraint matrix    : 16026 Constrs, 9360 Vars, 6321300 NZs
  Matrix coefficient range    : [ 1.00175e-13, 1 ]
  Objective coefficient range : [ 8.49733e-22, 1.16826e+08 ]
  Variable bound range        : [ 0.05, 1 ]
  RHS coefficient range       : [ 1.16147e-07, 0.294218 ]
Objective value for Line heur k = 0: 12375163.193709252
90
Actual reward of current solution: 47928215.346508555
Minimum Difference with past solutions:0.050000000000000044.
Gurobi status: 2

Statistics for model Linearization Heuristic :
  Linear constraint matrix    : 16026 Constrs, 9360 Vars, 5879815 NZs
  Matrix coefficient range    : [ 1.00263e-13, 1 ]
  Objective coefficient range : [ 6.9503e-23, 1.16826e+08 ]
  Variable bound range        : [ 0.05, 1 ]
  RHS coefficient range       : [ 1.08431e-07, 0.293195 ]
Objective value for Line heur k = 0: 12985142.80863971
90
Actual reward of current solution: 47586386.16642487
Minimum Difference with past solutions:0.050000000000000044.
Gurobi status: 2

Statistics for model Linearization Heuristic :
  Linear constraint matrix    : 16026 Constrs, 9360 Vars, 6321310 NZs
  Matrix coefficient range    : [ 1.00099e-13, 1 ]
  Objective coefficient range : [ 3.95271e-21, 1.16826e+08 ]
  Variable bound range        : [ 0.05, 1 ]
  RHS coefficient range       : [ 5.20633e-09, 0.294323 ]
Objective value for Line heur k = 0: 12437028.571706718
90
Actual reward of current solution: 47999958.12493141
Minimum Difference with past solutions:0.050000000000000044.
Gurobi status: 2

Statistics for model Linearization Heuristic :
  Linear constraint matrix    : 16026 Constrs, 9360 Vars, 5879832 NZs
  Matrix coefficient range    : [ 1.00002e-13, 1 ]
  Objective coefficient range : [ 2.58803e-21, 1.16826e+08 ]
  Variable bound range        : [ 0.05, 1 ]
  RHS coefficient range       : [ 1.37574e-07, 0.293254 ]
Objective value for Line heur k = 0: 13061715.015418703
90
Actual reward of current solution: 47649643.905646466
Minimum Difference with past solutions:0.050000000000000044.
Gurobi status: 2

Statistics for model Linearization Heuristic :
  Linear constraint matrix    : 16026 Constrs, 9360 Vars, 6321326 NZs
  Matrix coefficient range    : [ 1.00039e-13, 1 ]
  Objective coefficient range : [ 5.10442e-22, 1.16826e+08 ]
  Variable bound range        : [ 0.05, 1 ]
  RHS coefficient range       : [ 8.98206e-08, 0.294407 ]
Objective value for Line heur k = 0: 12500321.965292366
90
Actual reward of current solution: 48071014.253414705
Minimum Difference with past solutions:0.050000000000000044.
Gurobi status: 2

Statistics for model Linearization Heuristic :
  Linear constraint matrix    : 16026 Constrs, 9360 Vars, 5879838 NZs
  Matrix coefficient range    : [ 1.0001e-13, 1 ]
  Objective coefficient range : [ 1.65953e-21, 1.16826e+08 ]
  Variable bound range        : [ 0.05, 1 ]
  RHS coefficient range       : [ 1.56962e-07, 0.2933 ]
Objective value for Line heur k = 0: 13139220.149467176
90
Actual reward of current solution: 47713805.318210855
Minimum Difference with past solutions:0.050000000000000044.
Gurobi status: 2

Statistics for model Linearization Heuristic :
  Linear constraint matrix    : 16026 Constrs, 9360 Vars, 6321333 NZs
  Matrix coefficient range    : [ 1.00049e-13, 1 ]
  Objective coefficient range : [ 1.55164e-21, 1.16826e+08 ]
  Variable bound range        : [ 0.05, 1 ]
  RHS coefficient range       : [ 1.66534e-07, 0.294479 ]
Objective value for Line heur k = 0: 12564811.379160583
90
Actual reward of current solution: 48141832.97145957
Minimum Difference with past solutions:0.050000000000000044.
Gurobi status: 2

Statistics for model Linearization Heuristic :
  Linear constraint matrix    : 16026 Constrs, 9360 Vars, 5879850 NZs
  Matrix coefficient range    : [ 1.00111e-13, 1 ]
  Objective coefficient range : [ 1.30347e-21, 1.16826e+08 ]
  Variable bound range        : [ 0.05, 1 ]
  RHS coefficient range       : [ 1.58175e-07, 0.293334 ]
Objective value for Line heur k = 0: 13215416.687668609
90
Actual reward of current solution: 47779723.771942206
Minimum Difference with past solutions:0.050000000000000044.
Gurobi status: 2

Statistics for model Linearization Heuristic :
  Linear constraint matrix    : 16026 Constrs, 9360 Vars, 6321337 NZs
  Matrix coefficient range    : [ 1.00036e-13, 1 ]
  Objective coefficient range : [ 5.13139e-22, 1.16826e+08 ]
  Variable bound range        : [ 0.05, 1 ]
  RHS coefficient range       : [ 1.29084e-07, 0.294528 ]
Objective value for Line heur k = 0: 12632421.697714273
90
Actual reward of current solution: 48212174.49637722
Minimum Difference with past solutions:0.050000000000000044.
Gurobi status: 2

Statistics for model Linearization Heuristic :
  Linear constraint matrix    : 16026 Constrs, 9360 Vars, 5879856 NZs
  Matrix coefficient range    : [ 1.00124e-13, 1 ]
  Objective coefficient range : [ 7.69234e-22, 1.16826e+08 ]
  Variable bound range        : [ 0.05, 1 ]
  RHS coefficient range       : [ 1.14142e-07, 0.29336 ]
Objective value for Line heur k = 0: 13288672.677868394
90
Actual reward of current solution: 47846164.331383556
Minimum Difference with past solutions:0.050000000000000044.
Gurobi status: 2

Statistics for model Linearization Heuristic :
  Linear constraint matrix    : 16026 Constrs, 9360 Vars, 6321342 NZs
  Matrix coefficient range    : [ 1.00045e-13, 1 ]
  Objective coefficient range : [ 1.30695e-22, 1.16826e+08 ]
  Variable bound range        : [ 0.05, 1 ]
  RHS coefficient range       : [ 1.99734e-07, 0.294568 ]
Objective value for Line heur k = 0: 12699280.597391872
90
Actual reward of current solution: 48281717.34909378
Minimum Difference with past solutions:0.050000000000000044.
Gurobi status: 2

Statistics for model Linearization Heuristic :
  Linear constraint matrix    : 16026 Constrs, 9360 Vars, 5879861 NZs
  Matrix coefficient range    : [ 1.00056e-13, 1 ]
  Objective coefficient range : [ 1.14077e-21, 1.16826e+08 ]
  Variable bound range        : [ 0.05, 1 ]
  RHS coefficient range       : [ 3.78559e-08, 0.293383 ]
Objective value for Line heur k = 0: 13358927.664304892
90
Actual reward of current solution: 47913413.872439496
Minimum Difference with past solutions:0.050000000000000044.
Gurobi status: 2

Statistics for model Linearization Heuristic :
  Linear constraint matrix    : 16026 Constrs, 9360 Vars, 6321343 NZs
  Matrix coefficient range    : [ 1.00229e-13, 1 ]
  Objective coefficient range : [ 5.90868e-22, 1.16826e+08 ]
  Variable bound range        : [ 0.05, 1 ]
  RHS coefficient range       : [ 1.6141e-07, 0.294599 ]
Objective value for Line heur k = 0: 12764366.687517814
90
Actual reward of current solution: 48350449.20953733
Minimum Difference with past solutions:0.05.
Gurobi status: 2

Statistics for model Linearization Heuristic :
  Linear constraint matrix    : 16026 Constrs, 9360 Vars, 5879862 NZs
  Matrix coefficient range    : [ 1.00303e-13, 1 ]
  Objective coefficient range : [ 1.49962e-21, 1.16826e+08 ]
  Variable bound range        : [ 0.05, 1 ]
  RHS coefficient range       : [ 1.5284e-08, 0.293397 ]
Objective value for Line heur k = 0: 13425764.872798713
90
Actual reward of current solution: 47981190.956041984
Minimum Difference with past solutions:0.05.
Gurobi status: 2

Statistics for model Linearization Heuristic :
  Linear constraint matrix    : 16026 Constrs, 9360 Vars, 6321345 NZs
  Matrix coefficient range    : [ 1.00013e-13, 1 ]
  Objective coefficient range : [ 1.99358e-21, 1.16826e+08 ]
  Variable bound range        : [ 0.05, 1 ]
  RHS coefficient range       : [ 1.36355e-07, 0.294609 ]
Objective value for Line heur k = 0: 12830003.406255478
90
Actual reward of current solution: 48418273.247501194
Minimum Difference with past solutions:0.05.
Gurobi status: 2

Statistics for model Linearization Heuristic :
  Linear constraint matrix    : 16026 Constrs, 9360 Vars, 5879862 NZs
  Matrix coefficient range    : [ 1.00303e-13, 1 ]
  Objective coefficient range : [ 1.02127e-21, 1.16826e+08 ]
  Variable bound range        : [ 0.05, 1 ]
  RHS coefficient range       : [ 1.5284e-08, 0.293397 ]
Objective value for Line heur k = 0: 13493582.657879481
90
Actual reward of current solution: 48049014.08117075
Minimum Difference with past solutions:0.05.
Gurobi status: 2

Statistics for model Linearization Heuristic :
  Linear constraint matrix    : 16026 Constrs, 9360 Vars, 6321345 NZs
  Matrix coefficient range    : [ 1.00013e-13, 1 ]
  Objective coefficient range : [ 2.00984e-21, 1.16826e+08 ]
  Variable bound range        : [ 0.05, 1 ]
  RHS coefficient range       : [ 1.36355e-07, 0.294609 ]
Objective value for Line heur k = 0: 12897819.049957328
90
Actual reward of current solution: 48486097.28546508
Minimum Difference with past solutions:0.05.
Gurobi status: 2

Statistics for model Linearization Heuristic :
  Linear constraint matrix    : 16026 Constrs, 9360 Vars, 5879862 NZs
  Matrix coefficient range    : [ 1.00303e-13, 1 ]
  Objective coefficient range : [ 1.50139e-21, 1.16826e+08 ]
  Variable bound range        : [ 0.05, 1 ]
  RHS coefficient range       : [ 1.5284e-08, 0.293397 ]
Objective value for Line heur k = 0: 13527488.423291957
90
Actual reward of current solution: 48082925.64373512
Minimum Difference with past solutions:0.049999999999999684.
Gurobi status: 2

Statistics for model Linearization Heuristic :
  Linear constraint matrix    : 16026 Constrs, 9360 Vars, 6321345 NZs
  Matrix coefficient range    : [ 1.00013e-13, 1 ]
  Objective coefficient range : [ 2.01796e-21, 1.16826e+08 ]
  Variable bound range        : [ 0.05, 1 ]
  RHS coefficient range       : [ 1.36355e-07, 0.294609 ]
Objective value for Line heur k = 0: 12897815.308390709
90
Actual reward of current solution: 48486097.28546508
Minimum Difference with past solutions:0.0.
New solution equals old solution at k=0
89
Total Reward at the start of the inner iterations: 48486097.28546508
Gurobi status: 2

Statistics for model Linearization Heuristic :
  Linear constraint matrix    : 15915 Constrs, 9270 Vars, 5779925 NZs
  Matrix coefficient range    : [ 1.00303e-13, 1 ]
  Objective coefficient range : [ 1.50139e-21, 1.16826e+08 ]
  Variable bound range        : [ 0.05, 1 ]
  RHS coefficient range       : [ 1.59309e-07, 1 ]
Objective value for Line heur k = 1: 13532017.062511936
89
Actual reward of current solution: 48411283.908181205
Minimum Difference with past solutions:0.05.
Gurobi status: 2

Statistics for model Linearization Heuristic :
  Linear constraint matrix    : 15915 Constrs, 9270 Vars, 5889496 NZs
  Matrix coefficient range    : [ 1.00042e-13, 1 ]
  Objective coefficient range : [ 9.31662e-22, 1.16826e+08 ]
  Variable bound range        : [ 0.05, 1 ]
  RHS coefficient range       : [ 1.69956e-07, 1 ]
Objective value for Line heur k = 1: 13347385.029167902
89
Actual reward of current solution: 48486097.28546508
Minimum Difference with past solutions:0.0.
New solution equals old solution at k=1
88
Total Reward at the start of the inner iterations: 48486097.28546508
Gurobi status: 2

Statistics for model Linearization Heuristic :
  Linear constraint matrix    : 15750 Constrs, 9180 Vars, 5680922 NZs
  Matrix coefficient range    : [ 1.00303e-13, 1 ]
  Objective coefficient range : [ 1.50139e-21, 1.16826e+08 ]
  Variable bound range        : [ 0.05, 1 ]
  RHS coefficient range       : [ 2.40164e-08, 1 ]
Objective value for Line heur k = 2: 13594403.388301393
88
Actual reward of current solution: 48411283.908181205
Minimum Difference with past solutions:0.05.
Gurobi status: 2

Statistics for model Linearization Heuristic :
  Linear constraint matrix    : 15750 Constrs, 9180 Vars, 5790493 NZs
  Matrix coefficient range    : [ 1.00042e-13, 1 ]
  Objective coefficient range : [ 9.31662e-22, 1.16826e+08 ]
  Variable bound range        : [ 0.05, 1 ]
  RHS coefficient range       : [ 3.69049e-08, 1 ]
Objective value for Line heur k = 2: 13413591.109346732
88
Actual reward of current solution: 48486097.28546508
Minimum Difference with past solutions:0.0.
New solution equals old solution at k=2
87
Total Reward at the start of the inner iterations: 48486097.28546508
Gurobi status: 2

Statistics for model Linearization Heuristic :
  Linear constraint matrix    : 15585 Constrs, 9090 Vars, 5582907 NZs
  Matrix coefficient range    : [ 1.00303e-13, 1 ]
  Objective coefficient range : [ 1.50139e-21, 1.16826e+08 ]
  Variable bound range        : [ 0.05, 1 ]
  RHS coefficient range       : [ 6.17062e-08, 1 ]
Objective value for Line heur k = 3: 13652919.548937455
87
Actual reward of current solution: 48411283.908181205
Minimum Difference with past solutions:0.05.
Gurobi status: 2

Statistics for model Linearization Heuristic :
  Linear constraint matrix    : 15585 Constrs, 9090 Vars, 5692478 NZs
  Matrix coefficient range    : [ 1.00042e-13, 1 ]
  Objective coefficient range : [ 9.31662e-22, 1.16826e+08 ]
  Variable bound range        : [ 0.05, 1 ]
  RHS coefficient range       : [ 1.68285e-07, 1 ]
Objective value for Line heur k = 3: 13476234.616484351
87
Actual reward of current solution: 48486097.28546508
Minimum Difference with past solutions:0.0.
New solution equals old solution at k=3
86
Total Reward at the start of the inner iterations: 48486097.28546508
Gurobi status: 2

Statistics for model Linearization Heuristic :
  Linear constraint matrix    : 15420 Constrs, 9000 Vars, 5485880 NZs
  Matrix coefficient range    : [ 1.00303e-13, 1 ]
  Objective coefficient range : [ 1.50139e-21, 1.16826e+08 ]
  Variable bound range        : [ 0.05, 1 ]
  RHS coefficient range       : [ 6.01791e-08, 1 ]
Objective value for Line heur k = 4: 13703710.133394225
86
Actual reward of current solution: 48411283.908181205
Minimum Difference with past solutions:0.05.
Gurobi status: 2

Statistics for model Linearization Heuristic :
  Linear constraint matrix    : 15420 Constrs, 9000 Vars, 5595451 NZs
  Matrix coefficient range    : [ 1.00042e-13, 1 ]
  Objective coefficient range : [ 9.31662e-22, 1.16826e+08 ]
  Variable bound range        : [ 0.05, 1 ]
  RHS coefficient range       : [ 1.23218e-07, 1 ]
Objective value for Line heur k = 4: 13531358.893977951
86
Actual reward of current solution: 48486097.28546508
Minimum Difference with past solutions:0.0.
New solution equals old solution at k=4
85
Total Reward at the start of the inner iterations: 48486097.28546508
Gurobi status: 2

Statistics for model Linearization Heuristic :
  Linear constraint matrix    : 15255 Constrs, 8910 Vars, 5389841 NZs
  Matrix coefficient range    : [ 1.00303e-13, 1 ]
  Objective coefficient range : [ 1.50139e-21, 1.16826e+08 ]
  Variable bound range        : [ 0.05, 1 ]
  RHS coefficient range       : [ 1.48438e-07, 1 ]
Objective value for Line heur k = 5: 13744995.321407959
85
Actual reward of current solution: 48411283.908181205
Minimum Difference with past solutions:0.05.
Gurobi status: 2

Statistics for model Linearization Heuristic :
  Linear constraint matrix    : 15255 Constrs, 8910 Vars, 5499412 NZs
  Matrix coefficient range    : [ 1.00042e-13, 1 ]
  Objective coefficient range : [ 9.31662e-22, 1.16826e+08 ]
  Variable bound range        : [ 0.05, 1 ]
  RHS coefficient range       : [ 8.547e-08, 1 ]
Objective value for Line heur k = 5: 13577111.472402226
85
Actual reward of current solution: 48486097.28546508
Minimum Difference with past solutions:0.0.
New solution equals old solution at k=5
84
Total Reward at the start of the inner iterations: 48486097.28546508
Gurobi status: 2

Statistics for model Linearization Heuristic :
  Linear constraint matrix    : 15090 Constrs, 8820 Vars, 5294790 NZs
  Matrix coefficient range    : [ 1.00303e-13, 1 ]
  Objective coefficient range : [ 1.50139e-21, 1.16826e+08 ]
  Variable bound range        : [ 0.05, 1 ]
  RHS coefficient range       : [ 9.35559e-08, 1 ]
Objective value for Line heur k = 6: 13776202.894097116
84
Actual reward of current solution: 48411283.908181205
Minimum Difference with past solutions:0.05.
Gurobi status: 2

Statistics for model Linearization Heuristic :
  Linear constraint matrix    : 15090 Constrs, 8820 Vars, 5404361 NZs
  Matrix coefficient range    : [ 1.00042e-13, 1 ]
  Objective coefficient range : [ 9.31662e-22, 1.16826e+08 ]
  Variable bound range        : [ 0.05, 1 ]
  RHS coefficient range       : [ 5.29163e-08, 1 ]
Objective value for Line heur k = 6: 13612865.678173732
84
Actual reward of current solution: 48486097.28546508
Minimum Difference with past solutions:0.0.
New solution equals old solution at k=6
83
Total Reward at the start of the inner iterations: 48486097.28546508
Gurobi status: 2

Statistics for model Linearization Heuristic :
  Linear constraint matrix    : 14925 Constrs, 8730 Vars, 5200727 NZs
  Matrix coefficient range    : [ 1.00303e-13, 1 ]
  Objective coefficient range : [ 1.50139e-21, 1.16826e+08 ]
  Variable bound range        : [ 0.05, 1 ]
  RHS coefficient range       : [ 9.02814e-08, 1 ]
Objective value for Line heur k = 7: 13797438.458284201
83
Actual reward of current solution: 48411283.908181205
Minimum Difference with past solutions:0.05.
Gurobi status: 2

Statistics for model Linearization Heuristic :
  Linear constraint matrix    : 14925 Constrs, 8730 Vars, 5310298 NZs
  Matrix coefficient range    : [ 1.00042e-13, 1 ]
  Objective coefficient range : [ 9.31662e-22, 1.16826e+08 ]
  Variable bound range        : [ 0.05, 1 ]
  RHS coefficient range       : [ 1.12311e-08, 1 ]
Objective value for Line heur k = 7: 13638683.156428736
83
Actual reward of current solution: 48486097.28546508
Minimum Difference with past solutions:0.0.
New solution equals old solution at k=7
82
Total Reward at the start of the inner iterations: 48486097.28546508
Gurobi status: 2

Statistics for model Linearization Heuristic :
  Linear constraint matrix    : 14760 Constrs, 8640 Vars, 5107652 NZs
  Matrix coefficient range    : [ 1.00303e-13, 1 ]
  Objective coefficient range : [ 1.50139e-21, 1.16826e+08 ]
  Variable bound range        : [ 0.05, 1 ]
  RHS coefficient range       : [ 1.29465e-07, 1 ]
Objective value for Line heur k = 8: 13809162.48641626
82
Actual reward of current solution: 48411283.908181205
Minimum Difference with past solutions:0.05.
Gurobi status: 2

Statistics for model Linearization Heuristic :
  Linear constraint matrix    : 14760 Constrs, 8640 Vars, 5217223 NZs
  Matrix coefficient range    : [ 1.00042e-13, 1 ]
  Objective coefficient range : [ 9.31662e-22, 1.16826e+08 ]
  Variable bound range        : [ 0.05, 1 ]
  RHS coefficient range       : [ 1.75451e-08, 1 ]
Objective value for Line heur k = 8: 13654984.754958972
82
Actual reward of current solution: 48486097.28546508
Minimum Difference with past solutions:0.0.
New solution equals old solution at k=8
81
Total Reward at the start of the inner iterations: 48486097.28546508
Gurobi status: 2

Statistics for model Linearization Heuristic :
  Linear constraint matrix    : 14595 Constrs, 8550 Vars, 5015565 NZs
  Matrix coefficient range    : [ 1.00303e-13, 1 ]
  Objective coefficient range : [ 1.50139e-21, 1.16826e+08 ]
  Variable bound range        : [ 0.05, 1 ]
  RHS coefficient range       : [ 5.01137e-08, 1 ]
Objective value for Line heur k = 9: 13811992.921311144
81
Actual reward of current solution: 48411283.908181205
Minimum Difference with past solutions:0.05.
Gurobi status: 2

Statistics for model Linearization Heuristic :
  Linear constraint matrix    : 14595 Constrs, 8550 Vars, 5125136 NZs
  Matrix coefficient range    : [ 1.00042e-13, 1 ]
  Objective coefficient range : [ 9.31662e-22, 1.16826e+08 ]
  Variable bound range        : [ 0.05, 1 ]
  RHS coefficient range       : [ 1.19788e-07, 1 ]
Objective value for Line heur k = 9: 13662347.59695667
81
Actual reward of current solution: 48486097.28546508
Minimum Difference with past solutions:0.0.
New solution equals old solution at k=9
80
Total Reward at the start of the inner iterations: 48486097.28546508
Gurobi status: 2

Statistics for model Linearization Heuristic :
  Linear constraint matrix    : 14430 Constrs, 8460 Vars, 4924466 NZs
  Matrix coefficient range    : [ 1.00303e-13, 1 ]
  Objective coefficient range : [ 1.50139e-21, 1.16826e+08 ]
  Variable bound range        : [ 0.05, 1 ]
  RHS coefficient range       : [ 1.46104e-07, 1 ]
Objective value for Line heur k = 10: 13806582.72141892
80
Actual reward of current solution: 48411283.908181205
Minimum Difference with past solutions:0.05.
Gurobi status: 2

Statistics for model Linearization Heuristic :
  Linear constraint matrix    : 14430 Constrs, 8460 Vars, 5034037 NZs
  Matrix coefficient range    : [ 1.00042e-13, 1 ]
  Objective coefficient range : [ 9.31662e-22, 1.16826e+08 ]
  Variable bound range        : [ 0.05, 1 ]
  RHS coefficient range       : [ 8.47195e-08, 1 ]
Objective value for Line heur k = 10: 13661376.88945352
80
Actual reward of current solution: 48486097.28546508
Minimum Difference with past solutions:0.0.
New solution equals old solution at k=10
79
Total Reward at the start of the inner iterations: 48486097.28546508
Gurobi status: 2

Statistics for model Linearization Heuristic :
  Linear constraint matrix    : 14265 Constrs, 8370 Vars, 4834355 NZs
  Matrix coefficient range    : [ 1.00303e-13, 1 ]
  Objective coefficient range : [ 1.50139e-21, 1.16826e+08 ]
  Variable bound range        : [ 0.05, 1 ]
  RHS coefficient range       : [ 1.52047e-08, 1 ]
Objective value for Line heur k = 11: 13793540.267110227
79
Actual reward of current solution: 48411283.908181205
Minimum Difference with past solutions:0.05.
Gurobi status: 2

Statistics for model Linearization Heuristic :
  Linear constraint matrix    : 14265 Constrs, 8370 Vars, 4943926 NZs
  Matrix coefficient range    : [ 1.00042e-13, 1 ]
  Objective coefficient range : [ 9.31662e-22, 1.16826e+08 ]
  Variable bound range        : [ 0.05, 1 ]
  RHS coefficient range       : [ 7.30178e-08, 1 ]
Objective value for Line heur k = 11: 13652619.524204154
79
Actual reward of current solution: 48486097.28546508
Minimum Difference with past solutions:0.0.
New solution equals old solution at k=11
78
Total Reward at the start of the inner iterations: 48486097.28546508
Gurobi status: 2

Statistics for model Linearization Heuristic :
  Linear constraint matrix    : 14100 Constrs, 8280 Vars, 4745232 NZs
  Matrix coefficient range    : [ 1.00303e-13, 1 ]
  Objective coefficient range : [ 1.50139e-21, 1.16826e+08 ]
  Variable bound range        : [ 0.05, 1 ]
  RHS coefficient range       : [ 1.35167e-07, 1 ]
Objective value for Line heur k = 12: 13773371.526011923
78
Actual reward of current solution: 48411283.908181205
Minimum Difference with past solutions:0.05.
Gurobi status: 2

Statistics for model Linearization Heuristic :
  Linear constraint matrix    : 14100 Constrs, 8280 Vars, 4854803 NZs
  Matrix coefficient range    : [ 1.00042e-13, 1 ]
  Objective coefficient range : [ 9.31662e-22, 1.16826e+08 ]
  Variable bound range        : [ 0.05, 1 ]
  RHS coefficient range       : [ 1.5372e-07, 1 ]
Objective value for Line heur k = 12: 13636497.336342197
78
Actual reward of current solution: 48486097.28546508
Minimum Difference with past solutions:0.0.
New solution equals old solution at k=12
77
Total Reward at the start of the inner iterations: 48486097.28546508
Gurobi status: 2

Statistics for model Linearization Heuristic :
  Linear constraint matrix    : 13935 Constrs, 8190 Vars, 4657097 NZs
  Matrix coefficient range    : [ 1.00303e-13, 1 ]
  Objective coefficient range : [ 1.50139e-21, 1.16826e+08 ]
  Variable bound range        : [ 0.05, 1 ]
  RHS coefficient range       : [ 7.03144e-08, 1 ]
Objective value for Line heur k = 13: 13746428.985309454
77
Actual reward of current solution: 48411283.908181205
Minimum Difference with past solutions:0.05.
Gurobi status: 2

Statistics for model Linearization Heuristic :
  Linear constraint matrix    : 13935 Constrs, 8190 Vars, 4766668 NZs
  Matrix coefficient range    : [ 1.00042e-13, 1 ]
  Objective coefficient range : [ 9.31662e-22, 1.16826e+08 ]
  Variable bound range        : [ 0.05, 1 ]
  RHS coefficient range       : [ 9.55372e-08, 1 ]
Objective value for Line heur k = 13: 13613243.665853787
77
Actual reward of current solution: 48486097.28546508
Minimum Difference with past solutions:0.0.
New solution equals old solution at k=13
76
Total Reward at the start of the inner iterations: 48486097.28546508
Gurobi status: 2

Statistics for model Linearization Heuristic :
  Linear constraint matrix    : 13770 Constrs, 8100 Vars, 4570004 NZs
  Matrix coefficient range    : [ 1.00303e-13, 1 ]
  Objective coefficient range : [ 1.50139e-21, 1.16826e+08 ]
  Variable bound range        : [ 0.05, 1 ]
  RHS coefficient range       : [ 1.00296e-07, 0.29218 ]
Objective value for Line heur k = 14: 13712855.155006234
76
Actual reward of current solution: 48411283.908181205
Minimum Difference with past solutions:0.05.
Gurobi status: 2

Statistics for model Linearization Heuristic :
  Linear constraint matrix    : 13770 Constrs, 8100 Vars, 4679575 NZs
  Matrix coefficient range    : [ 1.00042e-13, 1 ]
  Objective coefficient range : [ 9.31662e-22, 1.16826e+08 ]
  Variable bound range        : [ 0.05, 1 ]
  RHS coefficient range       : [ 1.57157e-08, 0.292412 ]
Objective value for Line heur k = 14: 13582829.118828956
76
Actual reward of current solution: 48486097.28546508
Minimum Difference with past solutions:0.0.
New solution equals old solution at k=14
75
Total Reward at the start of the inner iterations: 48486097.28546508
Gurobi status: 2

Statistics for model Linearization Heuristic :
  Linear constraint matrix    : 13659 Constrs, 8010 Vars, 4470491 NZs
  Matrix coefficient range    : [ 1.00303e-13, 1 ]
  Objective coefficient range : [ 1.50139e-21, 1.16826e+08 ]
  Variable bound range        : [ 0.05, 1 ]
  RHS coefficient range       : [ 1.23165e-07, 1 ]
Objective value for Line heur k = 15: 13627907.09330889
75
Actual reward of current solution: 48486097.28546508
Minimum Difference with past solutions:0.0.
New solution equals old solution at k=15
74
Total Reward at the start of the inner iterations: 48486097.28546508
Gurobi status: 2

Statistics for model Linearization Heuristic :
  Linear constraint matrix    : 13494 Constrs, 7920 Vars, 4372064 NZs
  Matrix coefficient range    : [ 1.00303e-13, 1 ]
  Objective coefficient range : [ 1.50139e-21, 1.16826e+08 ]
  Variable bound range        : [ 0.05, 1 ]
  RHS coefficient range       : [ 8.31598e-08, 1 ]
Objective value for Line heur k = 16: 13554888.116033621
74
Actual reward of current solution: 48486097.28546508
Minimum Difference with past solutions:0.0.
New solution equals old solution at k=16
73
Total Reward at the start of the inner iterations: 48486097.28546508
Gurobi status: 2

Statistics for model Linearization Heuristic :
  Linear constraint matrix    : 13329 Constrs, 7830 Vars, 4274777 NZs
  Matrix coefficient range    : [ 1.00303e-13, 1 ]
  Objective coefficient range : [ 1.50139e-21, 1.16826e+08 ]
  Variable bound range        : [ 0.05, 1 ]
  RHS coefficient range       : [ 3.34864e-08, 1 ]
Objective value for Line heur k = 17: 13475778.586985176
73
Actual reward of current solution: 48486097.28546508
Minimum Difference with past solutions:0.0.
New solution equals old solution at k=17
72
Total Reward at the start of the inner iterations: 48486097.28546508
Gurobi status: 2

Statistics for model Linearization Heuristic :
  Linear constraint matrix    : 13164 Constrs, 7740 Vars, 4178630 NZs
  Matrix coefficient range    : [ 1.00303e-13, 1 ]
  Objective coefficient range : [ 1.50139e-21, 1.16826e+08 ]
  Variable bound range        : [ 0.05, 1 ]
  RHS coefficient range       : [ 1.92545e-08, 1 ]
Objective value for Line heur k = 18: 13391649.61456068
72
Actual reward of current solution: 48486097.28546508
Minimum Difference with past solutions:0.0.
New solution equals old solution at k=18
71
Total Reward at the start of the inner iterations: 48486097.28546508
Gurobi status: 2

Statistics for model Linearization Heuristic :
  Linear constraint matrix    : 12999 Constrs, 7650 Vars, 4083623 NZs
  Matrix coefficient range    : [ 1.00303e-13, 1 ]
  Objective coefficient range : [ 1.50139e-21, 1.16826e+08 ]
  Variable bound range        : [ 0.05, 1 ]
  RHS coefficient range       : [ 2.04387e-08, 1 ]
Objective value for Line heur k = 19: 13303246.238958338
71
Actual reward of current solution: 48486097.28546508
Minimum Difference with past solutions:0.0.
New solution equals old solution at k=19
70
Total Reward at the start of the inner iterations: 48486097.28546508
Gurobi status: 2

Statistics for model Linearization Heuristic :
  Linear constraint matrix    : 12834 Constrs, 7560 Vars, 3989756 NZs
  Matrix coefficient range    : [ 1.00303e-13, 1 ]
  Objective coefficient range : [ 1.50139e-21, 1.16826e+08 ]
  Variable bound range        : [ 0.05, 1 ]
  RHS coefficient range       : [ 1.04849e-08, 1 ]
Objective value for Line heur k = 20: 13211112.611959582
70
Actual reward of current solution: 48486097.28546508
Minimum Difference with past solutions:0.0.
New solution equals old solution at k=20
69
Total Reward at the start of the inner iterations: 48486097.28546508
Gurobi status: 2

Statistics for model Linearization Heuristic :
  Linear constraint matrix    : 12669 Constrs, 7470 Vars, 3897029 NZs
  Matrix coefficient range    : [ 1.00303e-13, 1 ]
  Objective coefficient range : [ 1.50139e-21, 1.16826e+08 ]
  Variable bound range        : [ 0.05, 1 ]
  RHS coefficient range       : [ 4.08028e-08, 1 ]
Objective value for Line heur k = 21: 13115663.572077217
69
Actual reward of current solution: 48486097.28546508
Minimum Difference with past solutions:0.0.
New solution equals old solution at k=21
68
Total Reward at the start of the inner iterations: 48486097.28546508
Gurobi status: 2

Statistics for model Linearization Heuristic :
  Linear constraint matrix    : 12504 Constrs, 7380 Vars, 3805442 NZs
  Matrix coefficient range    : [ 1.00303e-13, 1 ]
  Objective coefficient range : [ 1.50139e-21, 1.16826e+08 ]
  Variable bound range        : [ 0.05, 1 ]
  RHS coefficient range       : [ 6.99431e-08, 1 ]
Objective value for Line heur k = 22: 13017224.982949944
68
Actual reward of current solution: 48486097.28546508
Minimum Difference with past solutions:0.0.
New solution equals old solution at k=22
67
Total Reward at the start of the inner iterations: 48486097.28546508
Gurobi status: 2

Statistics for model Linearization Heuristic :
  Linear constraint matrix    : 12339 Constrs, 7290 Vars, 3714995 NZs
  Matrix coefficient range    : [ 1.00303e-13, 1 ]
  Objective coefficient range : [ 1.50139e-21, 1.16826e+08 ]
  Variable bound range        : [ 0.05, 1 ]
  RHS coefficient range       : [ 9.75582e-08, 1 ]
Objective value for Line heur k = 23: 12916055.139302388
67
Actual reward of current solution: 48486097.28546508
Minimum Difference with past solutions:0.0.
New solution equals old solution at k=23
66
Total Reward at the start of the inner iterations: 48486097.28546508
Gurobi status: 2

Statistics for model Linearization Heuristic :
  Linear constraint matrix    : 12174 Constrs, 7200 Vars, 3625688 NZs
  Matrix coefficient range    : [ 1.00303e-13, 1 ]
  Objective coefficient range : [ 1.50139e-21, 1.16826e+08 ]
  Variable bound range        : [ 0.05, 1 ]
  RHS coefficient range       : [ 9.12809e-08, 1 ]
Objective value for Line heur k = 24: 12812353.590111526
66
Actual reward of current solution: 48486097.28546508
Minimum Difference with past solutions:0.0.
New solution equals old solution at k=24
65
Total Reward at the start of the inner iterations: 48486097.28546508
Gurobi status: 2

Statistics for model Linearization Heuristic :
  Linear constraint matrix    : 12009 Constrs, 7110 Vars, 3537521 NZs
  Matrix coefficient range    : [ 1.00303e-13, 1 ]
  Objective coefficient range : [ 1.50139e-21, 1.16826e+08 ]
  Variable bound range        : [ 0.05, 1 ]
  RHS coefficient range       : [ 3.37481e-08, 1 ]
Objective value for Line heur k = 25: 12706259.93051044
65
Actual reward of current solution: 48486097.28546508
Minimum Difference with past solutions:0.0.
New solution equals old solution at k=25
64
Total Reward at the start of the inner iterations: 48486097.28546508
Gurobi status: 2

Statistics for model Linearization Heuristic :
  Linear constraint matrix    : 11844 Constrs, 7020 Vars, 3450494 NZs
  Matrix coefficient range    : [ 1.00303e-13, 1 ]
  Objective coefficient range : [ 1.50139e-21, 1.16826e+08 ]
  Variable bound range        : [ 0.05, 1 ]
  RHS coefficient range       : [ 2.03647e-08, 1 ]
Objective value for Line heur k = 26: 12597842.260863973
64
Actual reward of current solution: 48486097.28546508
Minimum Difference with past solutions:0.0.
New solution equals old solution at k=26
63
Total Reward at the start of the inner iterations: 48486097.28546508
Gurobi status: 2

Statistics for model Linearization Heuristic :
  Linear constraint matrix    : 11679 Constrs, 6930 Vars, 3364607 NZs
  Matrix coefficient range    : [ 1.00303e-13, 1 ]
  Objective coefficient range : [ 1.50139e-21, 1.16826e+08 ]
  Variable bound range        : [ 0.05, 1 ]
  RHS coefficient range       : [ 4.8763e-08, 1 ]
Objective value for Line heur k = 27: 12487072.236810518
63
Actual reward of current solution: 48486097.28546508
Minimum Difference with past solutions:0.0.
New solution equals old solution at k=27
62
Total Reward at the start of the inner iterations: 48486097.28546508
Gurobi status: 2

Statistics for model Linearization Heuristic :
  Linear constraint matrix    : 11514 Constrs, 6840 Vars, 3279914 NZs
  Matrix coefficient range    : [ 1.00303e-13, 1 ]
  Objective coefficient range : [ 1.50139e-21, 1.16826e+08 ]
  Variable bound range        : [ 0.05, 1 ]
  RHS coefficient range       : [ 5.41499e-09, 0.291206 ]
Objective value for Line heur k = 28: 12373780.145103592
62
Actual reward of current solution: 48486097.28546508
Minimum Difference with past solutions:0.0.
New solution equals old solution at k=28
61
Total Reward at the start of the inner iterations: 48486097.28546508
Gurobi status: 2

Statistics for model Linearization Heuristic :
  Linear constraint matrix    : 11403 Constrs, 6750 Vars, 3189251 NZs
  Matrix coefficient range    : [ 1.00303e-13, 1 ]
  Objective coefficient range : [ 1.50139e-21, 1.16826e+08 ]
  Variable bound range        : [ 0.05, 1 ]
  RHS coefficient range       : [ 7.40265e-09, 1 ]
Objective value for Line heur k = 29: 12240916.693711016
61
Actual reward of current solution: 48486097.28546508
Minimum Difference with past solutions:0.0.
New solution equals old solution at k=29
60
Total Reward at the start of the inner iterations: 48486097.28546508
Gurobi status: 2

Statistics for model Linearization Heuristic :
  Linear constraint matrix    : 11238 Constrs, 6660 Vars, 3099769 NZs
  Matrix coefficient range    : [ 1.00303e-13, 1 ]
  Objective coefficient range : [ 1.50139e-21, 1.16826e+08 ]
  Variable bound range        : [ 0.05, 1 ]
  RHS coefficient range       : [ 1.33496e-09, 1 ]
Objective value for Line heur k = 30: 12104995.284045247
60
Actual reward of current solution: 48486097.28546508
Minimum Difference with past solutions:0.0.
New solution equals old solution at k=30
59
Total Reward at the start of the inner iterations: 48486097.28546508
Gurobi status: 2

Statistics for model Linearization Heuristic :
  Linear constraint matrix    : 11073 Constrs, 6570 Vars, 3011522 NZs
  Matrix coefficient range    : [ 1.00303e-13, 1 ]
  Objective coefficient range : [ 1.50139e-21, 1.16826e+08 ]
  Variable bound range        : [ 0.05, 1 ]
  RHS coefficient range       : [ 5.24965e-09, 1 ]
Objective value for Line heur k = 31: 11966655.44604809
59
Actual reward of current solution: 48486097.28546508
Minimum Difference with past solutions:0.0.
New solution equals old solution at k=31
58
Total Reward at the start of the inner iterations: 48486097.28546508
Gurobi status: 2

Statistics for model Linearization Heuristic :
  Linear constraint matrix    : 10908 Constrs, 6480 Vars, 2924510 NZs
  Matrix coefficient range    : [ 1.00303e-13, 1 ]
  Objective coefficient range : [ 1.50139e-21, 1.16826e+08 ]
  Variable bound range        : [ 0.05, 1 ]
  RHS coefficient range       : [ 1.14322e-08, 1 ]
Objective value for Line heur k = 32: 11826286.152008863
58
Actual reward of current solution: 48486097.28546508
Minimum Difference with past solutions:0.0.
New solution equals old solution at k=32
57
Total Reward at the start of the inner iterations: 48486097.28546508
Gurobi status: 2

Statistics for model Linearization Heuristic :
  Linear constraint matrix    : 10743 Constrs, 6390 Vars, 2838733 NZs
  Matrix coefficient range    : [ 1.00303e-13, 1 ]
  Objective coefficient range : [ 1.50139e-21, 1.16826e+08 ]
  Variable bound range        : [ 0.05, 1 ]
  RHS coefficient range       : [ 1.68274e-08, 1 ]
Objective value for Line heur k = 33: 11684135.158369876
57
Actual reward of current solution: 48486097.28546508
Minimum Difference with past solutions:0.0.
New solution equals old solution at k=33
56
Total Reward at the start of the inner iterations: 48486097.28546508
Gurobi status: 2

Statistics for model Linearization Heuristic :
  Linear constraint matrix    : 10578 Constrs, 6300 Vars, 2754191 NZs
  Matrix coefficient range    : [ 1.00303e-13, 1 ]
  Objective coefficient range : [ 1.50139e-21, 1.16826e+08 ]
  Variable bound range        : [ 0.05, 1 ]
  RHS coefficient range       : [ 2.13223e-08, 1 ]
Objective value for Line heur k = 34: 11540370.146587215
56
Actual reward of current solution: 48486097.28546508
Minimum Difference with past solutions:0.0.
New solution equals old solution at k=34
55
Total Reward at the start of the inner iterations: 48486097.28546508
Gurobi status: 2

Statistics for model Linearization Heuristic :
  Linear constraint matrix    : 10413 Constrs, 6210 Vars, 2670884 NZs
  Matrix coefficient range    : [ 1.00303e-13, 1 ]
  Objective coefficient range : [ 1.50139e-21, 1.16826e+08 ]
  Variable bound range        : [ 0.05, 1 ]
  RHS coefficient range       : [ 2.49366e-08, 1 ]
Objective value for Line heur k = 35: 11395112.945516177
55
Actual reward of current solution: 48486097.28546508
Minimum Difference with past solutions:0.0.
New solution equals old solution at k=35
54
Total Reward at the start of the inner iterations: 48486097.28546508
Gurobi status: 2

Statistics for model Linearization Heuristic :
  Linear constraint matrix    : 10248 Constrs, 6120 Vars, 2588812 NZs
  Matrix coefficient range    : [ 1.00303e-13, 1 ]
  Objective coefficient range : [ 1.50139e-21, 1.16826e+08 ]
  Variable bound range        : [ 0.05, 1 ]
  RHS coefficient range       : [ 2.77492e-08, 1 ]
Objective value for Line heur k = 36: 11248458.706806561
54
Actual reward of current solution: 48486097.28546508
Minimum Difference with past solutions:0.0.
New solution equals old solution at k=36
53
Total Reward at the start of the inner iterations: 48486097.28546508
Gurobi status: 2

Statistics for model Linearization Heuristic :
  Linear constraint matrix    : 10083 Constrs, 6030 Vars, 2507975 NZs
  Matrix coefficient range    : [ 1.00303e-13, 1 ]
  Objective coefficient range : [ 1.50139e-21, 1.16826e+08 ]
  Variable bound range        : [ 0.05, 1 ]
  RHS coefficient range       : [ 2.986e-08, 1 ]
Objective value for Line heur k = 37: 11100486.662278527
53
Actual reward of current solution: 48486097.28546508
Minimum Difference with past solutions:0.0.
New solution equals old solution at k=37
52
Total Reward at the start of the inner iterations: 48486097.28546508
Gurobi status: 2

Statistics for model Linearization Heuristic :
  Linear constraint matrix    : 9918 Constrs, 5940 Vars, 2428373 NZs
  Matrix coefficient range    : [ 1.00303e-13, 1 ]
  Objective coefficient range : [ 1.50139e-21, 1.16826e+08 ]
  Variable bound range        : [ 0.05, 1 ]
  RHS coefficient range       : [ 3.13707e-08, 1 ]
Objective value for Line heur k = 38: 10951266.16862988
52
Actual reward of current solution: 48486097.28546508
Minimum Difference with past solutions:0.0.
New solution equals old solution at k=38
51
Total Reward at the start of the inner iterations: 48486097.28546508
Gurobi status: 2

Statistics for model Linearization Heuristic :
  Linear constraint matrix    : 9753 Constrs, 5850 Vars, 2350006 NZs
  Matrix coefficient range    : [ 1.00303e-13, 1 ]
  Objective coefficient range : [ 1.50139e-21, 1.16826e+08 ]
  Variable bound range        : [ 0.05, 1 ]
  RHS coefficient range       : [ 3.23764e-08, 1 ]
Objective value for Line heur k = 39: 10800860.112611212
51
Actual reward of current solution: 48486097.28546508
Minimum Difference with past solutions:0.0.
New solution equals old solution at k=39
50
Total Reward at the start of the inner iterations: 48486097.28546508
Gurobi status: 2

Statistics for model Linearization Heuristic :
  Linear constraint matrix    : 9588 Constrs, 5760 Vars, 2272874 NZs
  Matrix coefficient range    : [ 1.00303e-13, 1 ]
  Objective coefficient range : [ 1.50139e-21, 1.16826e+08 ]
  Variable bound range        : [ 0.05, 1 ]
  RHS coefficient range       : [ 3.2962e-08, 1 ]
Objective value for Line heur k = 40: 10649326.837580005
50
Actual reward of current solution: 48486097.28546508
Minimum Difference with past solutions:0.0.
New solution equals old solution at k=40
49
Total Reward at the start of the inner iterations: 48486097.28546508
Gurobi status: 2

Statistics for model Linearization Heuristic :
  Linear constraint matrix    : 9423 Constrs, 5670 Vars, 2196977 NZs
  Matrix coefficient range    : [ 1.00303e-13, 1 ]
  Objective coefficient range : [ 1.50139e-21, 1.16826e+08 ]
  Variable bound range        : [ 0.05, 1 ]
  RHS coefficient range       : [ 3.32015e-08, 1 ]
Objective value for Line heur k = 41: 10496721.241979813
49
Actual reward of current solution: 48486097.28546508
Minimum Difference with past solutions:0.0.
New solution equals old solution at k=41
48
Total Reward at the start of the inner iterations: 48486097.28546508
Gurobi status: 2

Statistics for model Linearization Heuristic :
  Linear constraint matrix    : 9258 Constrs, 5580 Vars, 2122369 NZs
  Matrix coefficient range    : [ 1.00303e-13, 1 ]
  Objective coefficient range : [ 1.50139e-21, 1.16826e+08 ]
  Variable bound range        : [ 0.05, 1 ]
  RHS coefficient range       : [ 3.31582e-08, 0.290601 ]
Objective value for Line heur k = 42: 10343095.414473623
48
Actual reward of current solution: 48486097.28546508
Minimum Difference with past solutions:0.0.
New solution equals old solution at k=42
47
Total Reward at the start of the inner iterations: 48486097.28546508
Gurobi status: 2

Statistics for model Linearization Heuristic :
  Linear constraint matrix    : 9147 Constrs, 5490 Vars, 2048996 NZs
  Matrix coefficient range    : [ 1.00303e-13, 1 ]
  Objective coefficient range : [ 1.50139e-21, 1.16826e+08 ]
  Variable bound range        : [ 0.05, 1 ]
  RHS coefficient range       : [ 3.28857e-08, 1 ]
Objective value for Line heur k = 43: 10188499.010249648
47
Actual reward of current solution: 48486097.28546508
Minimum Difference with past solutions:0.0.
New solution equals old solution at k=43
46
Total Reward at the start of the inner iterations: 48486097.28546508
Gurobi status: 2

Statistics for model Linearization Heuristic :
  Linear constraint matrix    : 8982 Constrs, 5400 Vars, 1976804 NZs
  Matrix coefficient range    : [ 1.00303e-13, 1 ]
  Objective coefficient range : [ 1.50139e-21, 1.16826e+08 ]
  Variable bound range        : [ 0.05, 1 ]
  RHS coefficient range       : [ 3.24296e-08, 1 ]
Objective value for Line heur k = 44: 10032979.48314557
46
Actual reward of current solution: 48486097.28546508
Minimum Difference with past solutions:0.0.
New solution equals old solution at k=44
45
Total Reward at the start of the inner iterations: 48486097.28546508
Gurobi status: 2

Statistics for model Linearization Heuristic :
  Linear constraint matrix    : 8817 Constrs, 5310 Vars, 1905847 NZs
  Matrix coefficient range    : [ 1.00303e-13, 1 ]
  Objective coefficient range : [ 1.50139e-21, 1.16826e+08 ]
  Variable bound range        : [ 0.05, 1 ]
  RHS coefficient range       : [ 3.18279e-08, 1 ]
Objective value for Line heur k = 45: 9876582.23779091
45
Actual reward of current solution: 48486097.28546508
Minimum Difference with past solutions:0.0.
New solution equals old solution at k=45
44
Total Reward at the start of the inner iterations: 48486097.28546508
Gurobi status: 2

Statistics for model Linearization Heuristic :
  Linear constraint matrix    : 8652 Constrs, 5220 Vars, 1836125 NZs
  Matrix coefficient range    : [ 1.00303e-13, 1 ]
  Objective coefficient range : [ 1.50139e-21, 1.16826e+08 ]
  Variable bound range        : [ 0.05, 1 ]
  RHS coefficient range       : [ 3.11125e-08, 1 ]
Objective value for Line heur k = 46: 9719350.737641929
44
Actual reward of current solution: 48486097.28546508
Minimum Difference with past solutions:0.0.
New solution equals old solution at k=46
43
Total Reward at the start of the inner iterations: 48486097.28546508
Gurobi status: 2

Statistics for model Linearization Heuristic :
  Linear constraint matrix    : 8487 Constrs, 5130 Vars, 1767638 NZs
  Matrix coefficient range    : [ 1.00303e-13, 1 ]
  Objective coefficient range : [ 1.50139e-21, 1.16826e+08 ]
  Variable bound range        : [ 0.05, 1 ]
  RHS coefficient range       : [ 3.031e-08, 1 ]
Objective value for Line heur k = 47: 9561326.588878566
43
Actual reward of current solution: 48486097.28546508
Minimum Difference with past solutions:0.0.
New solution equals old solution at k=47
42
Total Reward at the start of the inner iterations: 48486097.28546508
Gurobi status: 2

Statistics for model Linearization Heuristic :
  Linear constraint matrix    : 8322 Constrs, 5040 Vars, 1700386 NZs
  Matrix coefficient range    : [ 1.00303e-13, 1 ]
  Objective coefficient range : [ 1.50139e-21, 1.16826e+08 ]
  Variable bound range        : [ 0.05, 1 ]
  RHS coefficient range       : [ 2.94427e-08, 1 ]
Objective value for Line heur k = 48: 9402549.611208666
42
Actual reward of current solution: 48486097.28546508
Minimum Difference with past solutions:0.0.
New solution equals old solution at k=48
41
Total Reward at the start of the inner iterations: 48486097.28546508
Gurobi status: 2

Statistics for model Linearization Heuristic :
  Linear constraint matrix    : 8157 Constrs, 4950 Vars, 1634369 NZs
  Matrix coefficient range    : [ 1.00303e-13, 1 ]
  Objective coefficient range : [ 1.50139e-21, 1.16826e+08 ]
  Variable bound range        : [ 0.05, 1 ]
  RHS coefficient range       : [ 2.85289e-08, 1 ]
Objective value for Line heur k = 49: 9243057.901622677
41
Actual reward of current solution: 48486097.28546508
Minimum Difference with past solutions:0.0.
New solution equals old solution at k=49
40
Total Reward at the start of the inner iterations: 48486097.28546508
Gurobi status: 2

Statistics for model Linearization Heuristic :
  Linear constraint matrix    : 7992 Constrs, 4860 Vars, 1569588 NZs
  Matrix coefficient range    : [ 1.00303e-13, 1 ]
  Objective coefficient range : [ 1.50139e-21, 1.16826e+08 ]
  Variable bound range        : [ 0.05, 1 ]
  RHS coefficient range       : [ 2.75839e-08, 1 ]
Objective value for Line heur k = 50: 9082887.894346533
40
Actual reward of current solution: 48486097.28546508
Minimum Difference with past solutions:0.0.
New solution equals old solution at k=50
39
Total Reward at the start of the inner iterations: 48486097.28546508
Gurobi status: 2

Statistics for model Linearization Heuristic :
  Linear constraint matrix    : 7827 Constrs, 4770 Vars, 1506042 NZs
  Matrix coefficient range    : [ 1.00303e-13, 1 ]
  Objective coefficient range : [ 1.50139e-21, 1.16826e+08 ]
  Variable bound range        : [ 0.05, 1 ]
  RHS coefficient range       : [ 2.66203e-08, 1 ]
Objective value for Line heur k = 51: 8922074.418685634
39
Actual reward of current solution: 48486097.28546508
Minimum Difference with past solutions:0.0.
New solution equals old solution at k=51
38
Total Reward at the start of the inner iterations: 48486097.28546508
Gurobi status: 2

Statistics for model Linearization Heuristic :
  Linear constraint matrix    : 7662 Constrs, 4680 Vars, 1443731 NZs
  Matrix coefficient range    : [ 1.00303e-13, 1 ]
  Objective coefficient range : [ 1.50139e-21, 1.16826e+08 ]
  Variable bound range        : [ 0.05, 1 ]
  RHS coefficient range       : [ 2.56484e-08, 1 ]
Objective value for Line heur k = 52: 8760650.755593732
38
Actual reward of current solution: 48486097.28546508
Minimum Difference with past solutions:0.0.
New solution equals old solution at k=52
37
Total Reward at the start of the inner iterations: 48486097.28546508
Gurobi status: 2

Statistics for model Linearization Heuristic :
  Linear constraint matrix    : 7497 Constrs, 4590 Vars, 1382655 NZs
  Matrix coefficient range    : [ 1.00303e-13, 1 ]
  Objective coefficient range : [ 1.50139e-21, 1.16826e+08 ]
  Variable bound range        : [ 0.05, 1 ]
  RHS coefficient range       : [ 2.46766e-08, 1 ]
Objective value for Line heur k = 53: 8598648.693333678
37
Actual reward of current solution: 48486097.28546508
Minimum Difference with past solutions:0.0.
New solution equals old solution at k=53
36
Total Reward at the start of the inner iterations: 48486097.28546508
Gurobi status: 2

Statistics for model Linearization Heuristic :
  Linear constraint matrix    : 7332 Constrs, 4500 Vars, 1322814 NZs
  Matrix coefficient range    : [ 1.00303e-13, 1 ]
  Objective coefficient range : [ 1.50139e-21, 1.16826e+08 ]
  Variable bound range        : [ 0.05, 1 ]
  RHS coefficient range       : [ 2.37118e-08, 1 ]
Objective value for Line heur k = 54: 8436098.582347134
36
Actual reward of current solution: 48486097.28546508
Minimum Difference with past solutions:0.0.
New solution equals old solution at k=54
35
Total Reward at the start of the inner iterations: 48486097.28546508
Gurobi status: 2

Statistics for model Linearization Heuristic :
  Linear constraint matrix    : 7167 Constrs, 4410 Vars, 1264208 NZs
  Matrix coefficient range    : [ 1.00303e-13, 1 ]
  Objective coefficient range : [ 1.50139e-21, 1.16826e+08 ]
  Variable bound range        : [ 0.05, 1 ]
  RHS coefficient range       : [ 2.27595e-08, 1 ]
Objective value for Line heur k = 55: 8273029.389324346
35
Actual reward of current solution: 48486097.28546508
Minimum Difference with past solutions:0.0.
New solution equals old solution at k=55
34
Total Reward at the start of the inner iterations: 48486097.28546508
Gurobi status: 2

Statistics for model Linearization Heuristic :
  Linear constraint matrix    : 7002 Constrs, 4320 Vars, 1206891 NZs
  Matrix coefficient range    : [ 1.00303e-13, 1 ]
  Objective coefficient range : [ 1.50139e-21, 1.16826e+08 ]
  Variable bound range        : [ 0.05, 1 ]
  RHS coefficient range       : [ 2.1824e-08, 0.290195 ]
Objective value for Line heur k = 56: 8109468.750404828
34
Actual reward of current solution: 48486097.28546508
Minimum Difference with past solutions:0.0.
New solution equals old solution at k=56
33
Total Reward at the start of the inner iterations: 48486097.28546508
Gurobi status: 2

Statistics for model Linearization Heuristic :
  Linear constraint matrix    : 6891 Constrs, 4230 Vars, 1150809 NZs
  Matrix coefficient range    : [ 1.00303e-13, 1 ]
  Objective coefficient range : [ 1.50139e-21, 1.16826e+08 ]
  Variable bound range        : [ 0.05, 1 ]
  RHS coefficient range       : [ 2.09089e-08, 1 ]
Objective value for Line heur k = 57: 7945443.023416824
33
Actual reward of current solution: 48486097.28546508
Minimum Difference with past solutions:0.0.
New solution equals old solution at k=57
32
Total Reward at the start of the inner iterations: 48486097.28546508
Gurobi status: 2

Statistics for model Linearization Heuristic :
  Linear constraint matrix    : 6726 Constrs, 4140 Vars, 1095909 NZs
  Matrix coefficient range    : [ 1.00303e-13, 1 ]
  Objective coefficient range : [ 1.50139e-21, 1.16826e+08 ]
  Variable bound range        : [ 0.05, 1 ]
  RHS coefficient range       : [ 2.00167e-08, 1 ]
Objective value for Line heur k = 58: 7780977.339060253
32
Actual reward of current solution: 48486097.28546508
Minimum Difference with past solutions:0.0.
New solution equals old solution at k=58
31
Total Reward at the start of the inner iterations: 48486097.28546508
Gurobi status: 2

Statistics for model Linearization Heuristic :
  Linear constraint matrix    : 6561 Constrs, 4050 Vars, 1042244 NZs
  Matrix coefficient range    : [ 1.00303e-13, 1 ]
  Objective coefficient range : [ 1.50139e-21, 1.16826e+08 ]
  Variable bound range        : [ 0.05, 1 ]
  RHS coefficient range       : [ 1.91495e-08, 1 ]
Objective value for Line heur k = 59: 7616095.65094458
31
Actual reward of current solution: 48486097.28546508
Minimum Difference with past solutions:0.0.
New solution equals old solution at k=59
30
Total Reward at the start of the inner iterations: 48486097.28546508
Gurobi status: 2

Statistics for model Linearization Heuristic :
  Linear constraint matrix    : 6396 Constrs, 3960 Vars, 989814 NZs
  Matrix coefficient range    : [ 1.00303e-13, 1 ]
  Objective coefficient range : [ 1.50139e-21, 1.16826e+08 ]
  Variable bound range        : [ 0.05, 1 ]
  RHS coefficient range       : [ 1.83088e-08, 1 ]
Objective value for Line heur k = 60: 7450820.784404219
30
Actual reward of current solution: 48486097.28546508
Minimum Difference with past solutions:0.0.
New solution equals old solution at k=60
29
Total Reward at the start of the inner iterations: 48486097.28546508
Gurobi status: 2

Statistics for model Linearization Heuristic :
  Linear constraint matrix    : 6231 Constrs, 3870 Vars, 938619 NZs
  Matrix coefficient range    : [ 1.00303e-13, 1 ]
  Objective coefficient range : [ 1.50139e-21, 1.16826e+08 ]
  Variable bound range        : [ 0.05, 1 ]
  RHS coefficient range       : [ 1.74955e-08, 1 ]
Objective value for Line heur k = 61: 7285174.484027543
29
Actual reward of current solution: 48486097.28546508
Minimum Difference with past solutions:0.0.
New solution equals old solution at k=61
28
Total Reward at the start of the inner iterations: 48486097.28546508
Gurobi status: 2

Statistics for model Linearization Heuristic :
  Linear constraint matrix    : 6066 Constrs, 3780 Vars, 888660 NZs
  Matrix coefficient range    : [ 1.00303e-13, 1 ]
  Objective coefficient range : [ 1.50139e-21, 1.16826e+08 ]
  Variable bound range        : [ 0.05, 1 ]
  RHS coefficient range       : [ 1.67102e-08, 1 ]
Objective value for Line heur k = 62: 7119177.459848811
28
Actual reward of current solution: 48486097.28546508
Minimum Difference with past solutions:0.0.
New solution equals old solution at k=62
27
Total Reward at the start of the inner iterations: 48486097.28546508
Gurobi status: 2

Statistics for model Linearization Heuristic :
  Linear constraint matrix    : 5901 Constrs, 3690 Vars, 839936 NZs
  Matrix coefficient range    : [ 1.00303e-13, 1 ]
  Objective coefficient range : [ 1.50139e-21, 1.16826e+08 ]
  Variable bound range        : [ 0.05, 1 ]
  RHS coefficient range       : [ 1.59532e-08, 1 ]
Objective value for Line heur k = 63: 6952849.432165339
27
Actual reward of current solution: 48486097.28546508
Minimum Difference with past solutions:0.0.
New solution equals old solution at k=63
26
Total Reward at the start of the inner iterations: 48486097.28546508
Gurobi status: 2

Statistics for model Linearization Heuristic :
  Linear constraint matrix    : 5736 Constrs, 3600 Vars, 792447 NZs
  Matrix coefficient range    : [ 1.00303e-13, 1 ]
  Objective coefficient range : [ 1.50139e-21, 1.16826e+08 ]
  Variable bound range        : [ 0.05, 1 ]
  RHS coefficient range       : [ 1.52247e-08, 1 ]
Objective value for Line heur k = 64: 6786209.174953931
26
Actual reward of current solution: 48486097.28546508
Minimum Difference with past solutions:0.0.
New solution equals old solution at k=64
25
Total Reward at the start of the inner iterations: 48486097.28546508
Gurobi status: 2

Statistics for model Linearization Heuristic :
  Linear constraint matrix    : 5571 Constrs, 3510 Vars, 746193 NZs
  Matrix coefficient range    : [ 1.00303e-13, 1 ]
  Objective coefficient range : [ 1.50139e-21, 1.16826e+08 ]
  Variable bound range        : [ 0.05, 1 ]
  RHS coefficient range       : [ 1.45244e-08, 1 ]
Objective value for Line heur k = 65: 6619274.557871536
25
Actual reward of current solution: 48486097.28546508
Minimum Difference with past solutions:0.0.
New solution equals old solution at k=65
24
Total Reward at the start of the inner iterations: 48486097.28546508
Gurobi status: 2

Statistics for model Linearization Heuristic :
  Linear constraint matrix    : 5406 Constrs, 3420 Vars, 701174 NZs
  Matrix coefficient range    : [ 1.00303e-13, 1 ]
  Objective coefficient range : [ 1.50139e-21, 1.16826e+08 ]
  Variable bound range        : [ 0.05, 1 ]
  RHS coefficient range       : [ 1.38521e-08, 1 ]
Objective value for Line heur k = 66: 6452062.5868345015
24
Actual reward of current solution: 48486097.28546508
Minimum Difference with past solutions:0.0.
New solution equals old solution at k=66
23
Total Reward at the start of the inner iterations: 48486097.28546508
Gurobi status: 2

Statistics for model Linearization Heuristic :
  Linear constraint matrix    : 5241 Constrs, 3330 Vars, 657390 NZs
  Matrix coefficient range    : [ 1.00303e-13, 1 ]
  Objective coefficient range : [ 1.50139e-21, 1.16826e+08 ]
  Variable bound range        : [ 0.05, 1 ]
  RHS coefficient range       : [ 1.32072e-08, 1 ]
Objective value for Line heur k = 67: 6284589.443179496
23
Actual reward of current solution: 48486097.28546508
Minimum Difference with past solutions:0.0.
New solution equals old solution at k=67
22
Total Reward at the start of the inner iterations: 48486097.28546508
Gurobi status: 2

Statistics for model Linearization Heuristic :
  Linear constraint matrix    : 5076 Constrs, 3240 Vars, 614841 NZs
  Matrix coefficient range    : [ 1.00303e-13, 1 ]
  Objective coefficient range : [ 1.50139e-21, 1.16826e+08 ]
  Variable bound range        : [ 0.05, 1 ]
  RHS coefficient range       : [ 1.25892e-08, 1 ]
Objective value for Line heur k = 68: 6116870.5214166185
22
Actual reward of current solution: 48486097.28546508
Minimum Difference with past solutions:0.0.
New solution equals old solution at k=68
21
Total Reward at the start of the inner iterations: 48486097.28546508
Gurobi status: 2

Statistics for model Linearization Heuristic :
  Linear constraint matrix    : 4911 Constrs, 3150 Vars, 573528 NZs
  Matrix coefficient range    : [ 1.00303e-13, 1 ]
  Objective coefficient range : [ 1.50139e-21, 1.16826e+08 ]
  Variable bound range        : [ 0.05, 1 ]
  RHS coefficient range       : [ 1.19974e-08, 1 ]
Objective value for Line heur k = 69: 5948920.465592213
21
Actual reward of current solution: 48486097.28546508
Minimum Difference with past solutions:0.0.
New solution equals old solution at k=69
20
Total Reward at the start of the inner iterations: 48486097.28546508
Gurobi status: 2

Statistics for model Linearization Heuristic :
  Linear constraint matrix    : 4746 Constrs, 3060 Vars, 533504 NZs
  Matrix coefficient range    : [ 1.00303e-13, 1 ]
  Objective coefficient range : [ 1.50139e-21, 1.16826e+08 ]
  Variable bound range        : [ 0.05, 1 ]
  RHS coefficient range       : [ 1.14312e-08, 0.289962 ]
Objective value for Line heur k = 70: 5780753.204285435
20
Actual reward of current solution: 48486097.28546508
Minimum Difference with past solutions:0.0.
New solution equals old solution at k=70
19
Total Reward at the start of the inner iterations: 48486097.28546508
Gurobi status: 2

Statistics for model Linearization Heuristic :
  Linear constraint matrix    : 4635 Constrs, 2970 Vars, 494716 NZs
  Matrix coefficient range    : [ 1.00303e-13, 1 ]
  Objective coefficient range : [ 1.50139e-21, 1.16826e+08 ]
  Variable bound range        : [ 0.05, 1 ]
  RHS coefficient range       : [ 1.08898e-08, 1 ]
Objective value for Line heur k = 71: 5612381.984268974
19
Actual reward of current solution: 48486097.28546508
Minimum Difference with past solutions:0.0.
New solution equals old solution at k=71
18
Total Reward at the start of the inner iterations: 48486097.28546508
Gurobi status: 2

Statistics for model Linearization Heuristic :
  Linear constraint matrix    : 4470 Constrs, 2880 Vars, 457109 NZs
  Matrix coefficient range    : [ 1.00303e-13, 1 ]
  Objective coefficient range : [ 1.50139e-21, 1.16826e+08 ]
  Variable bound range        : [ 0.05, 1 ]
  RHS coefficient range       : [ 1.03723e-08, 1 ]
Objective value for Line heur k = 72: 5443819.402872064
18
Actual reward of current solution: 48486097.28546508
Minimum Difference with past solutions:0.0.
New solution equals old solution at k=72
17
Total Reward at the start of the inner iterations: 48486097.28546508
Gurobi status: 2

Statistics for model Linearization Heuristic :
  Linear constraint matrix    : 4305 Constrs, 2790 Vars, 420739 NZs
  Matrix coefficient range    : [ 1.00303e-13, 1 ]
  Objective coefficient range : [ 1.50139e-21, 1.16826e+08 ]
  Variable bound range        : [ 0.05, 1 ]
  RHS coefficient range       : [ 9.87802e-09, 1 ]
Objective value for Line heur k = 73: 5275077.439093322
17
Actual reward of current solution: 48486097.28546508
Minimum Difference with past solutions:0.0.
New solution equals old solution at k=73
16
Total Reward at the start of the inner iterations: 48486097.28546508
Gurobi status: 2

Statistics for model Linearization Heuristic :
  Linear constraint matrix    : 4140 Constrs, 2700 Vars, 385605 NZs
  Matrix coefficient range    : [ 1.00303e-13, 1 ]
  Objective coefficient range : [ 1.50139e-21, 1.16826e+08 ]
  Variable bound range        : [ 0.05, 1 ]
  RHS coefficient range       : [ 9.40607e-09, 1 ]
Objective value for Line heur k = 74: 5106167.483524918
16
Actual reward of current solution: 48486097.28546508
Minimum Difference with past solutions:0.0.
New solution equals old solution at k=74
15
Total Reward at the start of the inner iterations: 48486097.28546508
Gurobi status: 2

Statistics for model Linearization Heuristic :
  Linear constraint matrix    : 3975 Constrs, 2610 Vars, 351707 NZs
  Matrix coefficient range    : [ 1.00303e-13, 1 ]
  Objective coefficient range : [ 1.50139e-21, 1.16826e+08 ]
  Variable bound range        : [ 0.05, 1 ]
  RHS coefficient range       : [ 8.95563e-09, 1 ]
Objective value for Line heur k = 75: 4937100.36717124
15
Actual reward of current solution: 48486097.28546508
Minimum Difference with past solutions:0.0.
New solution equals old solution at k=75
14
Total Reward at the start of the inner iterations: 48486097.28546508
Gurobi status: 2

Statistics for model Linearization Heuristic :
  Linear constraint matrix    : 3810 Constrs, 2520 Vars, 319045 NZs
  Matrix coefficient range    : [ 1.00303e-13, 1 ]
  Objective coefficient range : [ 1.50139e-21, 1.16826e+08 ]
  Variable bound range        : [ 0.05, 1 ]
  RHS coefficient range       : [ 6.79621e-09, 1 ]
Objective value for Line heur k = 76: 4767886.389281264
14
Actual reward of current solution: 48486097.28546508
Minimum Difference with past solutions:0.0.
New solution equals old solution at k=76
13
Total Reward at the start of the inner iterations: 48486097.28546508
Gurobi status: 2

Statistics for model Linearization Heuristic :
  Linear constraint matrix    : 3645 Constrs, 2430 Vars, 287618 NZs
  Matrix coefficient range    : [ 1.00303e-13, 1 ]
  Objective coefficient range : [ 1.50139e-21, 1.16826e+08 ]
  Variable bound range        : [ 0.05, 1 ]
  RHS coefficient range       : [ 1.56361e-09, 1 ]
Objective value for Line heur k = 77: 4598535.34437488
13
Actual reward of current solution: 48486097.28546508
Minimum Difference with past solutions:0.0.
New solution equals old solution at k=77
12
Total Reward at the start of the inner iterations: 48486097.28546508
Gurobi status: 2

Statistics for model Linearization Heuristic :
  Linear constraint matrix    : 3480 Constrs, 2340 Vars, 257427 NZs
  Matrix coefficient range    : [ 1.00303e-13, 1 ]
  Objective coefficient range : [ 1.50139e-21, 1.16826e+08 ]
  Variable bound range        : [ 0.05, 1 ]
  RHS coefficient range       : [ 1.56039e-09, 1 ]
Objective value for Line heur k = 78: 4429056.548748042
12
Actual reward of current solution: 48486097.28546508
Minimum Difference with past solutions:0.0.
New solution equals old solution at k=78
11
Total Reward at the start of the inner iterations: 48486097.28546508
Gurobi status: 2

Statistics for model Linearization Heuristic :
  Linear constraint matrix    : 3315 Constrs, 2250 Vars, 228472 NZs
  Matrix coefficient range    : [ 1.00303e-13, 1 ]
  Objective coefficient range : [ 1.50139e-21, 1.16826e+08 ]
  Variable bound range        : [ 0.05, 1 ]
  RHS coefficient range       : [ 1.11941e-10, 1 ]
Objective value for Line heur k = 79: 4259458.866922491
11
Actual reward of current solution: 48486097.28546508
Minimum Difference with past solutions:0.0.
New solution equals old solution at k=79
10
Total Reward at the start of the inner iterations: 48486097.28546508
Gurobi status: 2

Statistics for model Linearization Heuristic :
  Linear constraint matrix    : 3150 Constrs, 2160 Vars, 200752 NZs
  Matrix coefficient range    : [ 1.00303e-13, 1 ]
  Objective coefficient range : [ 1.50139e-21, 1.16826e+08 ]
  Variable bound range        : [ 0.05, 1 ]
  RHS coefficient range       : [ 1.95486e-09, 1 ]
Objective value for Line heur k = 80: 4089750.7388189593
10
Actual reward of current solution: 48486097.28546508
Minimum Difference with past solutions:0.0.
New solution equals old solution at k=80
9
Total Reward at the start of the inner iterations: 48486097.28546508
Gurobi status: 2

Statistics for model Linearization Heuristic :
  Linear constraint matrix    : 2985 Constrs, 2070 Vars, 174268 NZs
  Matrix coefficient range    : [ 1.00303e-13, 1 ]
  Objective coefficient range : [ 1.50139e-21, 1.16826e+08 ]
  Variable bound range        : [ 0.05, 1 ]
  RHS coefficient range       : [ 4.14862e-09, 1 ]
Objective value for Line heur k = 81: 3919940.208975298
9
Actual reward of current solution: 48486097.28546508
Minimum Difference with past solutions:0.0.
New solution equals old solution at k=81
8
Total Reward at the start of the inner iterations: 48486097.28546508
Gurobi status: 2

Statistics for model Linearization Heuristic :
  Linear constraint matrix    : 2820 Constrs, 1980 Vars, 149020 NZs
  Matrix coefficient range    : [ 1.00303e-13, 1 ]
  Objective coefficient range : [ 1.50139e-21, 1.16826e+08 ]
  Variable bound range        : [ 0.05, 1 ]
  RHS coefficient range       : [ 6.34868e-09, 1 ]
Objective value for Line heur k = 82: 3750034.9600721523
8
Actual reward of current solution: 48486097.28546508
Minimum Difference with past solutions:0.0.
New solution equals old solution at k=82
7
Total Reward at the start of the inner iterations: 48486097.28546508
Gurobi status: 2

Statistics for model Linearization Heuristic :
  Linear constraint matrix    : 2655 Constrs, 1890 Vars, 125008 NZs
  Matrix coefficient range    : [ 1.00612e-13, 1 ]
  Objective coefficient range : [ 1.50139e-21, 1.16826e+08 ]
  Variable bound range        : [ 0.05, 1 ]
  RHS coefficient range       : [ 8.55964e-09, 1 ]
Objective value for Line heur k = 83: 3580042.3546603494
7
Actual reward of current solution: 48486097.28546508
Minimum Difference with past solutions:0.0.
New solution equals old solution at k=83
6
Total Reward at the start of the inner iterations: 48486097.28546508
Gurobi status: 2

Statistics for model Linearization Heuristic :
  Linear constraint matrix    : 2490 Constrs, 1800 Vars, 102287 NZs
  Matrix coefficient range    : [ 1.00612e-13, 1 ]
  Objective coefficient range : [ 1.50139e-21, 1.16826e+08 ]
  Variable bound range        : [ 0.05, 1 ]
  RHS coefficient range       : [ 1.07895e-08, 0.289825 ]
Objective value for Line heur k = 84: 3409969.491813865
6
Actual reward of current solution: 48486097.28546508
Minimum Difference with past solutions:0.0.
New solution equals old solution at k=84
5
Total Reward at the start of the inner iterations: 48486097.28546508
Gurobi status: 2

Statistics for model Linearization Heuristic :
  Linear constraint matrix    : 2379 Constrs, 1710 Vars, 80807 NZs
  Matrix coefficient range    : [ 1.00612e-13, 1 ]
  Objective coefficient range : [ 1.50139e-21, 1.16826e+08 ]
  Variable bound range        : [ 0.05, 1 ]
  RHS coefficient range       : [ 1.3052e-08, 1 ]
Objective value for Line heur k = 85: 3239823.2903387593
5
Actual reward of current solution: 48486097.28546508
Minimum Difference with past solutions:0.0.
New solution equals old solution at k=85
4
Total Reward at the start of the inner iterations: 48486097.28546508
Gurobi status: 2

Statistics for model Linearization Heuristic :
  Linear constraint matrix    : 2214 Constrs, 1620 Vars, 60520 NZs
  Matrix coefficient range    : [ 1.01074e-13, 1 ]
  Objective coefficient range : [ 1.50139e-21, 1.16826e+08 ]
  Variable bound range        : [ 0.05, 1 ]
  RHS coefficient range       : [ 1.53714e-08, 1 ]
Objective value for Line heur k = 86: 3069610.618676448
4
Actual reward of current solution: 48486097.28546508
Minimum Difference with past solutions:0.0.
New solution equals old solution at k=86
3
Total Reward at the start of the inner iterations: 48486097.28546508
Gurobi status: 2

Statistics for model Linearization Heuristic :
  Linear constraint matrix    : 2049 Constrs, 1530 Vars, 41515 NZs
  Matrix coefficient range    : [ 1.01074e-13, 1 ]
  Objective coefficient range : [ 1.50139e-21, 1.16826e+08 ]
  Variable bound range        : [ 0.05, 1 ]
  RHS coefficient range       : [ 1.77891e-08, 1 ]
Objective value for Line heur k = 87: 2899338.506391936
3
Actual reward of current solution: 48486097.28546508
Minimum Difference with past solutions:0.0.
New solution equals old solution at k=87
2
Total Reward at the start of the inner iterations: 48486097.28546508
Gurobi status: 2

Statistics for model Linearization Heuristic :
  Linear constraint matrix    : 1884 Constrs, 1440 Vars, 23931 NZs
  Matrix coefficient range    : [ 1.23589e-13, 1 ]
  Objective coefficient range : [ 1.50139e-21, 1.16826e+08 ]
  Variable bound range        : [ 0.05, 1 ]
  RHS coefficient range       : [ 2.03774e-08, 1 ]
Objective value for Line heur k = 88: 2729014.497716278
2
Actual reward of current solution: 48486097.28546508
Minimum Difference with past solutions:0.0.
New solution equals old solution at k=88
1
Total Reward at the start of the inner iterations: 48486097.28546508
Gurobi status: 2

Statistics for model Linearization Heuristic :
  Linear constraint matrix    : 1719 Constrs, 1350 Vars, 11838 NZs
  Matrix coefficient range    : [ 1.45603e-13, 1 ]
  Objective coefficient range : [ 1.38778e-17, 1.16826e+08 ]
  Variable bound range        : [ 0.05, 1 ]
  RHS coefficient range       : [ 2.32615e-08, 1 ]
Objective value for Line heur k = 89: 2558647.251961911
1
Actual reward of current solution: 48486097.28546508
Minimum Difference with past solutions:0.0.
New solution equals old solution at k=89
0
Total Reward at the start of the inner iterations: 48486097.28546508
Gurobi status: 2

Statistics for model Linearization Heuristic :
  Linear constraint matrix    : 1554 Constrs, 1260 Vars, 2709 NZs
  Matrix coefficient range    : [ 0.288979, 1 ]
  Objective coefficient range : [ 1.38778e-17, 1.16826e+08 ]
  Variable bound range        : [ 0.05, 1 ]
  RHS coefficient range       : [ 2.66585e-08, 0.289788 ]
Objective value for Line heur k = 90: 2388247.572523779
0
Actual reward of current solution: 48486097.28546508
Minimum Difference with past solutions:0.0.
New solution equals old solution at k=90
0
Total Reward at the start of the inner iterations: 48486097.28546508
Gurobi status: 2

Statistics for model Linearization Heuristic :
  Linear constraint matrix    : 1443 Constrs, 1170 Vars, 2457 NZs
  Matrix coefficient range    : [ 0.317935, 1 ]
  Objective coefficient range : [ 1.38778e-17, 1.16826e+08 ]
  Variable bound range        : [ 0.05, 1 ]
  RHS coefficient range       : [ 2.66585e-08, 0.289788 ]
Objective value for Line heur k = 91: 2217658.4321612045
0
Actual reward of current solution: 48486097.28546508
Minimum Difference with past solutions:0.0.
New solution equals old solution at k=91
0
Total Reward at the start of the inner iterations: 48486097.28546508
Gurobi status: 2

Statistics for model Linearization Heuristic :
  Linear constraint matrix    : 1332 Constrs, 1080 Vars, 2214 NZs
  Matrix coefficient range    : [ 0.349792, 1 ]
  Objective coefficient range : [ 1.38778e-17, 1.16826e+08 ]
  Variable bound range        : [ 0.05, 1 ]
  RHS coefficient range       : [ 2.66585e-08, 0.289788 ]
Objective value for Line heur k = 92: 2047069.298217452
0
Actual reward of current solution: 48486097.28546508
Minimum Difference with past solutions:0.0.
New solution equals old solution at k=92
0
Total Reward at the start of the inner iterations: 48486097.28546508
Gurobi status: 2

Statistics for model Linearization Heuristic :
  Linear constraint matrix    : 1221 Constrs, 990 Vars, 1980 NZs
  Matrix coefficient range    : [ 0.384842, 1 ]
  Objective coefficient range : [ 1.38778e-17, 1.16826e+08 ]
  Variable bound range        : [ 0.05, 1 ]
  RHS coefficient range       : [ 2.66585e-08, 0.289788 ]
Objective value for Line heur k = 93: 1876480.1703809332
0
Actual reward of current solution: 48486097.28546508
Minimum Difference with past solutions:0.0.
New solution equals old solution at k=93
0
Total Reward at the start of the inner iterations: 48486097.28546508
Gurobi status: 2

Statistics for model Linearization Heuristic :
  Linear constraint matrix    : 1110 Constrs, 900 Vars, 1755 NZs
  Matrix coefficient range    : [ 0.423403, 1 ]
  Objective coefficient range : [ 1.38778e-17, 1.16826e+08 ]
  Variable bound range        : [ 0.05, 1 ]
  RHS coefficient range       : [ 2.66585e-08, 0.289788 ]
Objective value for Line heur k = 94: 1705891.0480946698
0
Actual reward of current solution: 48486097.28546508
Minimum Difference with past solutions:0.0.
New solution equals old solution at k=94
0
Total Reward at the start of the inner iterations: 48486097.28546508
Gurobi status: 2

Statistics for model Linearization Heuristic :
  Linear constraint matrix    : 999 Constrs, 810 Vars, 1539 NZs
  Matrix coefficient range    : [ 0.465828, 1 ]
  Objective coefficient range : [ 1.38778e-17, 1.16826e+08 ]
  Variable bound range        : [ 0.05, 1 ]
  RHS coefficient range       : [ 2.66585e-08, 0.289788 ]
Objective value for Line heur k = 95: 1535301.9306984756
0
Actual reward of current solution: 48486097.28546508
Minimum Difference with past solutions:0.0.
New solution equals old solution at k=95
0
Total Reward at the start of the inner iterations: 48486097.28546508
Gurobi status: 2

Statistics for model Linearization Heuristic :
  Linear constraint matrix    : 888 Constrs, 720 Vars, 1332 NZs
  Matrix coefficient range    : [ 0.512504, 1 ]
  Objective coefficient range : [ 1.38778e-17, 1.16826e+08 ]
  Variable bound range        : [ 0.05, 1 ]
  RHS coefficient range       : [ 2.66585e-08, 0.289788 ]
Objective value for Line heur k = 96: 1364712.8175153623
0
Actual reward of current solution: 48486097.28546508
Minimum Difference with past solutions:0.0.
New solution equals old solution at k=96
0
Total Reward at the start of the inner iterations: 48486097.28546508
Gurobi status: 2

Statistics for model Linearization Heuristic :
  Linear constraint matrix    : 777 Constrs, 630 Vars, 1134 NZs
  Matrix coefficient range    : [ 0.563857, 1 ]
  Objective coefficient range : [ 1.38778e-17, 1.16826e+08 ]
  Variable bound range        : [ 0.05, 1 ]
  RHS coefficient range       : [ 2.66585e-08, 0.289788 ]
Objective value for Line heur k = 97: 1194123.7079012068
0
Actual reward of current solution: 48486097.28546508
Minimum Difference with past solutions:0.0.
New solution equals old solution at k=97
0
Total Reward at the start of the inner iterations: 48486097.28546508
Gurobi status: 2

Statistics for model Linearization Heuristic :
  Linear constraint matrix    : 666 Constrs, 540 Vars, 945 NZs
  Matrix coefficient range    : [ 0.620356, 1 ]
  Objective coefficient range : [ 1.38778e-17, 1.16826e+08 ]
  Variable bound range        : [ 0.05, 1 ]
  RHS coefficient range       : [ 2.66585e-08, 0.289788 ]
Objective value for Line heur k = 98: 1023534.6012706382
0
Actual reward of current solution: 48486097.28546508
Minimum Difference with past solutions:0.0.
New solution equals old solution at k=98
0
Total Reward at the start of the inner iterations: 48486097.28546508
Gurobi status: 2

Statistics for model Linearization Heuristic :
  Linear constraint matrix    : 555 Constrs, 450 Vars, 765 NZs
  Matrix coefficient range    : [ 0.682516, 1 ]
  Objective coefficient range : [ 1.38778e-17, 1.16826e+08 ]
  Variable bound range        : [ 0.05, 1 ]
  RHS coefficient range       : [ 2.66585e-08, 0.289788 ]
Objective value for Line heur k = 99: 852945.4971078964
0
Actual reward of current solution: 48486097.28546508
Minimum Difference with past solutions:0.0.
New solution equals old solution at k=99
0
Total Reward at the start of the inner iterations: 48486097.28546508
Gurobi status: 2

Statistics for model Linearization Heuristic :
  Linear constraint matrix    : 444 Constrs, 360 Vars, 594 NZs
  Matrix coefficient range    : [ 0.750904, 1 ]
  Objective coefficient range : [ 1.38778e-17, 1.16826e+08 ]
  Variable bound range        : [ 0.05, 1 ]
  RHS coefficient range       : [ 2.66585e-08, 0.289788 ]
Objective value for Line heur k = 100: 682356.3949686361
0
Actual reward of current solution: 48486097.28546508
Minimum Difference with past solutions:0.0.
New solution equals old solution at k=100
0
Total Reward at the start of the inner iterations: 48486097.28546508
Gurobi status: 2

Statistics for model Linearization Heuristic :
  Linear constraint matrix    : 333 Constrs, 270 Vars, 432 NZs
  Matrix coefficient range    : [ 0.826145, 1 ]
  Objective coefficient range : [ 1.38778e-17, 1.16826e+08 ]
  Variable bound range        : [ 0.05, 1 ]
  RHS coefficient range       : [ 2.66585e-08, 0.289788 ]
Objective value for Line heur k = 101: 511767.2944764459
0
Actual reward of current solution: 48486097.28546508
Minimum Difference with past solutions:0.0.
New solution equals old solution at k=101
0
Total Reward at the start of the inner iterations: 48486097.28546508
Gurobi status: 2

Statistics for model Linearization Heuristic :
  Linear constraint matrix    : 222 Constrs, 180 Vars, 279 NZs
  Matrix coefficient range    : [ 0.908925, 1 ]
  Objective coefficient range : [ 6.23371e-05, 1.16826e+08 ]
  Variable bound range        : [ 0.05, 1 ]
  RHS coefficient range       : [ 2.66585e-08, 0.289788 ]
Objective value for Line heur k = 102: 341178.1953166532
0
Actual reward of current solution: 48486097.28546508
Minimum Difference with past solutions:0.0.
New solution equals old solution at k=102
0
Total Reward at the start of the inner iterations: 48486097.28546508
Gurobi status: 2

Statistics for model Linearization Heuristic :
  Linear constraint matrix    : 111 Constrs, 90 Vars, 135 NZs
  Matrix coefficient range    : [ 1, 1 ]
  Objective coefficient range : [ 842.854, 1.16826e+08 ]
  Variable bound range        : [ 0.05, 1 ]
  RHS coefficient range       : [ 2.66585e-08, 0.289788 ]
Objective value for Line heur k = 103: 170589.09722897597
0
Actual reward of current solution: 48486097.28546508
Minimum Difference with past solutions:0.0.
New solution equals old solution at k=103
Total running time for 90 days is 1764.2232115268707
Economic Value: 59430342.77474989
Deaths 0.09772491419918707
Total Reward 48486097.28546508
