{'groups': 'all', 'params_to_try': {'delta_schooling': [0.5], 'xi': [0, 371990.3, 929975.75, 1859951.5, 3719903, 5579854.5], 'icus': [2900], 'tests': [[60000, 0]], 'testing': ['homogeneous'], 'eta': [0.1]}}
{'groups': 'all', 'params_to_try': {'delta_schooling': [0.5], 'xi': [0, 371990.3, 929975.75, 1859951.5, 3719903, 5579854.5], 'icus': [2900], 'tests': [[60000, 0]], 'testing': ['homogeneous'], 'eta': [0.1]}}
{'groups': 'all', 'params_to_try': {'delta_schooling': [0.09160260807956389], 'icus': [2900], 'eta': [0.13640091211759559], 'tests': [[0, 0]], 'xi': [18599515.0], 'testing': ['homogeneous']}}
results/time_gradient/xi-18599515_icus-2900_testing-homogeneous_natests-0_nmtests-0_T-90_startday-0_groups-all_dschool-0.091603_eta-0.136401_freq-90-14_initParamVarying-multiplier_beta_randomInstance-37.yaml
{'groups': 'all', 'params_to_try': {'delta_schooling': [0.5], 'xi': [0, 371990.3, 929975.75, 1859951.5, 3719903, 5579854.5], 'icus': [2900], 'tests': [[60000, 0]], 'testing': ['homogeneous'], 'eta': [0.1]}}
{'groups': 'all', 'params_to_try': {'delta_schooling': [0.5], 'xi': [0, 371990.3, 929975.75, 1859951.5, 3719903, 5579854.5], 'icus': [2900], 'tests': [[60000, 0]], 'testing': ['homogeneous'], 'eta': [0.1]}}
{'groups': 'all', 'params_to_try': {'delta_schooling': [0.09160260807956389], 'icus': [2900], 'eta': [0.13640091211759559], 'tests': [[0, 0]], 'xi': [18599515.0], 'testing': ['homogeneous']}}
results/dynamic_gradient/xi-18599515_icus-2900_testing-homogeneous_natests-0_nmtests-0_T-90_startday-0_groups-all_dschool-0.091603_eta-0.136401_freq-90-14_initParamVarying-multiplier_beta_randomInstance-37.yaml
500
(0.5, 185995150.0, 0.29, 0.0, (7, 14), 'fitted-scaled', 'econ-scaled', 'oct21-scaled', 0.1, 0.05, 2, 'dynamic_gradient', 37, 'multiplier_beta')
The value of T is: 104
Missing starting point -- Running the initial heuristic.
/home/groups/daniancu/covid-optimization/covid-optimization
90
Total Reward at the start of the inner iterations: 41263003.50310732
Using license file /share/software/user/restricted/gurobi/9.0.3_py36/licenses/gurobi.lic
Set parameter TokenServer to value license4.stanford.edu
Gurobi status: 2

Statistics for model Linearization Heuristic :
  Linear constraint matrix    : 16026 Constrs, 9360 Vars, 5836583 NZs
  Matrix coefficient range    : [ 1.00082e-13, 1 ]
  Objective coefficient range : [ 2.42182e-22, 1.91224e+08 ]
  Variable bound range        : [ 0.05, 1 ]
  RHS coefficient range       : [ 1.10068e-07, 0.292388 ]
Objective value for Line heur k = 0: 15371158.241732659
90
Actual reward of current solution: 40682136.523533605
Minimum Difference with past solutions:0.050000000000000044.
Gurobi status: 2

Statistics for model Linearization Heuristic :
  Linear constraint matrix    : 16026 Constrs, 9360 Vars, 6321113 NZs
  Matrix coefficient range    : [ 1.00089e-13, 1 ]
  Objective coefficient range : [ 1.15812e-21, 1.91224e+08 ]
  Variable bound range        : [ 0.05, 1 ]
  RHS coefficient range       : [ 7.02126e-08, 0.29342 ]
Objective value for Line heur k = 0: 14519820.647993932
90
Actual reward of current solution: 41356495.26724035
Minimum Difference with past solutions:0.050000000000000044.
Gurobi status: 2

Statistics for model Linearization Heuristic :
  Linear constraint matrix    : 16026 Constrs, 9360 Vars, 5836584 NZs
  Matrix coefficient range    : [ 1.00072e-13, 1 ]
  Objective coefficient range : [ 3.58768e-23, 1.91224e+08 ]
  Variable bound range        : [ 0.05, 1 ]
  RHS coefficient range       : [ 1.10199e-07, 0.292394 ]
Objective value for Line heur k = 0: 15467014.092398284
90
Actual reward of current solution: 40774875.925773434
Minimum Difference with past solutions:0.050000000000000044.
Gurobi status: 2

Statistics for model Linearization Heuristic :
  Linear constraint matrix    : 16026 Constrs, 9360 Vars, 6321113 NZs
  Matrix coefficient range    : [ 1.002e-13, 1 ]
  Objective coefficient range : [ 6.55971e-22, 1.91224e+08 ]
  Variable bound range        : [ 0.05, 1 ]
  RHS coefficient range       : [ 1.23644e-07, 0.293429 ]
Objective value for Line heur k = 0: 14614183.567993468
90
Actual reward of current solution: 41450375.43461352
Minimum Difference with past solutions:0.050000000000000044.
Gurobi status: 2

Statistics for model Linearization Heuristic :
  Linear constraint matrix    : 16026 Constrs, 9360 Vars, 5836587 NZs
  Matrix coefficient range    : [ 1.00025e-13, 1 ]
  Objective coefficient range : [ 1.047e-21, 1.91224e+08 ]
  Variable bound range        : [ 0.05, 1 ]
  RHS coefficient range       : [ 1.10318e-07, 0.292399 ]
Objective value for Line heur k = 0: 15563610.92413717
90
Actual reward of current solution: 40868029.84770673
Minimum Difference with past solutions:0.050000000000000044.
Gurobi status: 2

Statistics for model Linearization Heuristic :
  Linear constraint matrix    : 16026 Constrs, 9360 Vars, 6321115 NZs
  Matrix coefficient range    : [ 1.00058e-13, 1 ]
  Objective coefficient range : [ 1.73243e-21, 1.91224e+08 ]
  Variable bound range        : [ 0.05, 1 ]
  RHS coefficient range       : [ 1.44977e-07, 0.293436 ]
Objective value for Line heur k = 0: 14709337.728701944
90
Actual reward of current solution: 41544559.222634256
Minimum Difference with past solutions:0.050000000000000044.
Gurobi status: 2

Statistics for model Linearization Heuristic :
  Linear constraint matrix    : 16026 Constrs, 9360 Vars, 5836590 NZs
  Matrix coefficient range    : [ 1.00028e-13, 1 ]
  Objective coefficient range : [ 5.6749e-22, 1.91224e+08 ]
  Variable bound range        : [ 0.05, 1 ]
  RHS coefficient range       : [ 1.10429e-07, 0.292404 ]
Objective value for Line heur k = 0: 15660792.664724419
90
Actual reward of current solution: 40961513.694173805
Minimum Difference with past solutions:0.050000000000000044.
Gurobi status: 2

Statistics for model Linearization Heuristic :
  Linear constraint matrix    : 16026 Constrs, 9360 Vars, 6321117 NZs
  Matrix coefficient range    : [ 1.00037e-13, 1 ]
  Objective coefficient range : [ 2.54278e-22, 1.91224e+08 ]
  Variable bound range        : [ 0.05, 1 ]
  RHS coefficient range       : [ 1.45114e-07, 0.293444 ]
Objective value for Line heur k = 0: 14805126.879650438
90
Actual reward of current solution: 41638988.394451894
Minimum Difference with past solutions:0.050000000000000044.
Gurobi status: 2

Statistics for model Linearization Heuristic :
  Linear constraint matrix    : 16026 Constrs, 9360 Vars, 5836590 NZs
  Matrix coefficient range    : [ 1.00144e-13, 1 ]
  Objective coefficient range : [ 9.68712e-22, 1.91224e+08 ]
  Variable bound range        : [ 0.05, 1 ]
  RHS coefficient range       : [ 1.10534e-07, 0.292409 ]
Objective value for Line heur k = 0: 15758450.488141527
90
Actual reward of current solution: 41055267.82845994
Minimum Difference with past solutions:0.050000000000000044.
Gurobi status: 2

Statistics for model Linearization Heuristic :
  Linear constraint matrix    : 16026 Constrs, 9360 Vars, 6321118 NZs
  Matrix coefficient range    : [ 1.00039e-13, 1 ]
  Objective coefficient range : [ 2.65086e-22, 1.91224e+08 ]
  Variable bound range        : [ 0.05, 1 ]
  RHS coefficient range       : [ 1.45243e-07, 0.293451 ]
Objective value for Line heur k = 0: 14901137.486914324
90
Actual reward of current solution: 41733613.56220084
Minimum Difference with past solutions:0.05.
Gurobi status: 2

Statistics for model Linearization Heuristic :
  Linear constraint matrix    : 16026 Constrs, 9360 Vars, 5836592 NZs
  Matrix coefficient range    : [ 1.00046e-13, 1 ]
  Objective coefficient range : [ 1.0491e-21, 1.91224e+08 ]
  Variable bound range        : [ 0.05, 1 ]
  RHS coefficient range       : [ 1.10628e-07, 0.292413 ]
Objective value for Line heur k = 0: 15852667.967609271
90
Actual reward of current solution: 41149538.506915376
Minimum Difference with past solutions:0.05.
Gurobi status: 2

Statistics for model Linearization Heuristic :
  Linear constraint matrix    : 16026 Constrs, 9360 Vars, 6321120 NZs
  Matrix coefficient range    : [ 1.00006e-13, 1 ]
  Objective coefficient range : [ 2.23942e-22, 1.91224e+08 ]
  Variable bound range        : [ 0.05, 1 ]
  RHS coefficient range       : [ 1.453e-07, 0.293453 ]
Objective value for Line heur k = 0: 14993642.462025378
90
Actual reward of current solution: 41828173.50361739
Minimum Difference with past solutions:0.05.
Gurobi status: 2

Statistics for model Linearization Heuristic :
  Linear constraint matrix    : 16026 Constrs, 9360 Vars, 5836592 NZs
  Matrix coefficient range    : [ 1.00046e-13, 1 ]
  Objective coefficient range : [ 1.06038e-21, 1.91224e+08 ]
  Variable bound range        : [ 0.05, 1 ]
  RHS coefficient range       : [ 1.10628e-07, 0.292413 ]
Objective value for Line heur k = 0: 15947220.360714475
90
Actual reward of current solution: 41244097.23198778
Minimum Difference with past solutions:0.05.
Gurobi status: 2

Statistics for model Linearization Heuristic :
  Linear constraint matrix    : 16026 Constrs, 9360 Vars, 6321120 NZs
  Matrix coefficient range    : [ 1.00006e-13, 1 ]
  Objective coefficient range : [ 2.30371e-22, 1.91224e+08 ]
  Variable bound range        : [ 0.05, 1 ]
  RHS coefficient range       : [ 1.453e-07, 0.293453 ]
Objective value for Line heur k = 0: 15088192.09795928
90
Actual reward of current solution: 41922733.44503394
Minimum Difference with past solutions:0.05.
Gurobi status: 2

Statistics for model Linearization Heuristic :
  Linear constraint matrix    : 16026 Constrs, 9360 Vars, 5836592 NZs
  Matrix coefficient range    : [ 1.00046e-13, 1 ]
  Objective coefficient range : [ 1.07166e-21, 1.91224e+08 ]
  Variable bound range        : [ 0.05, 1 ]
  RHS coefficient range       : [ 1.10628e-07, 0.292413 ]
Objective value for Line heur k = 0: 16041772.753819674
90
Actual reward of current solution: 41338655.95706017
Minimum Difference with past solutions:0.05.
Gurobi status: 2

Statistics for model Linearization Heuristic :
  Linear constraint matrix    : 16026 Constrs, 9360 Vars, 6321120 NZs
  Matrix coefficient range    : [ 1.00006e-13, 1 ]
  Objective coefficient range : [ 2.368e-22, 1.91224e+08 ]
  Variable bound range        : [ 0.05, 1 ]
  RHS coefficient range       : [ 1.453e-07, 0.293453 ]
Objective value for Line heur k = 0: 15182741.73389318
90
Actual reward of current solution: 42017293.38645048
Minimum Difference with past solutions:0.05.
Gurobi status: 2

Statistics for model Linearization Heuristic :
  Linear constraint matrix    : 16026 Constrs, 9360 Vars, 5836592 NZs
  Matrix coefficient range    : [ 1.00046e-13, 1 ]
  Objective coefficient range : [ 1.08294e-21, 1.91224e+08 ]
  Variable bound range        : [ 0.05, 1 ]
  RHS coefficient range       : [ 1.10628e-07, 0.292413 ]
Objective value for Line heur k = 0: 16136325.146924905
90
Actual reward of current solution: 41433214.682132564
Minimum Difference with past solutions:0.05.
Gurobi status: 2

Statistics for model Linearization Heuristic :
  Linear constraint matrix    : 16026 Constrs, 9360 Vars, 6321120 NZs
  Matrix coefficient range    : [ 1.00006e-13, 1 ]
  Objective coefficient range : [ 2.4323e-22, 1.91224e+08 ]
  Variable bound range        : [ 0.05, 1 ]
  RHS coefficient range       : [ 1.453e-07, 0.293453 ]
Objective value for Line heur k = 0: 15277291.36982704
90
Actual reward of current solution: 42111853.32786701
Minimum Difference with past solutions:0.05.
Gurobi status: 2

Statistics for model Linearization Heuristic :
  Linear constraint matrix    : 16026 Constrs, 9360 Vars, 5836592 NZs
  Matrix coefficient range    : [ 1.00046e-13, 1 ]
  Objective coefficient range : [ 1.09422e-21, 1.91224e+08 ]
  Variable bound range        : [ 0.05, 1 ]
  RHS coefficient range       : [ 1.10628e-07, 0.292413 ]
Objective value for Line heur k = 0: 16230877.540030085
90
Actual reward of current solution: 41527773.40720498
Minimum Difference with past solutions:0.05.
Gurobi status: 2

Statistics for model Linearization Heuristic :
  Linear constraint matrix    : 16026 Constrs, 9360 Vars, 6321120 NZs
  Matrix coefficient range    : [ 1.00006e-13, 1 ]
  Objective coefficient range : [ 2.49659e-22, 1.91224e+08 ]
  Variable bound range        : [ 0.05, 1 ]
  RHS coefficient range       : [ 1.453e-07, 0.293453 ]
Objective value for Line heur k = 0: 15371841.005760934
90
Actual reward of current solution: 42206413.26928357
Minimum Difference with past solutions:0.05.
Gurobi status: 2

Statistics for model Linearization Heuristic :
  Linear constraint matrix    : 16026 Constrs, 9360 Vars, 5836592 NZs
  Matrix coefficient range    : [ 1.00046e-13, 1 ]
  Objective coefficient range : [ 1.1055e-21, 1.91224e+08 ]
  Variable bound range        : [ 0.05, 1 ]
  RHS coefficient range       : [ 1.10628e-07, 0.292413 ]
Objective value for Line heur k = 0: 16278149.961750524
90
Actual reward of current solution: 41575052.76974116
Minimum Difference with past solutions:0.049999999999999684.
Gurobi status: 2

Statistics for model Linearization Heuristic :
  Linear constraint matrix    : 16026 Constrs, 9360 Vars, 6321120 NZs
  Matrix coefficient range    : [ 1.00006e-13, 1 ]
  Objective coefficient range : [ 2.52873e-22, 1.91224e+08 ]
  Variable bound range        : [ 0.05, 1 ]
  RHS coefficient range       : [ 1.453e-07, 0.293453 ]
Objective value for Line heur k = 0: 15371836.460314222
90
Actual reward of current solution: 42206413.26928357
Minimum Difference with past solutions:0.0.
New solution equals old solution at k=0
89
Total Reward at the start of the inner iterations: 42206413.26928357
Gurobi status: 2

Statistics for model Linearization Heuristic :
  Linear constraint matrix    : 15915 Constrs, 9270 Vars, 5736655 NZs
  Matrix coefficient range    : [ 1.00046e-13, 1 ]
  Objective coefficient range : [ 1.1055e-21, 1.91224e+08 ]
  Variable bound range        : [ 0.05, 1 ]
  RHS coefficient range       : [ 1.09851e-07, 1 ]
Objective value for Line heur k = 1: 16334554.528992338
89
Actual reward of current solution: 42098188.82708854
Minimum Difference with past solutions:0.05.
Gurobi status: 2

Statistics for model Linearization Heuristic :
  Linear constraint matrix    : 15915 Constrs, 9270 Vars, 5889227 NZs
  Matrix coefficient range    : [ 1.00146e-13, 1 ]
  Objective coefficient range : [ 1.7012e-22, 1.91224e+08 ]
  Variable bound range        : [ 0.05, 1 ]
  RHS coefficient range       : [ 9.05483e-08, 1 ]
Objective value for Line heur k = 1: 16045311.15662676
89
Actual reward of current solution: 42206413.26928357
Minimum Difference with past solutions:0.0.
New solution equals old solution at k=1
88
Total Reward at the start of the inner iterations: 42206413.26928357
Gurobi status: 2

Statistics for model Linearization Heuristic :
  Linear constraint matrix    : 15750 Constrs, 9180 Vars, 5637652 NZs
  Matrix coefficient range    : [ 1.00046e-13, 1 ]
  Objective coefficient range : [ 1.1055e-21, 1.91224e+08 ]
  Variable bound range        : [ 0.05, 1 ]
  RHS coefficient range       : [ 3.7819e-08, 1 ]
Objective value for Line heur k = 2: 16462905.061590848
88
Actual reward of current solution: 42098188.82708854
Minimum Difference with past solutions:0.05.
Gurobi status: 2

Statistics for model Linearization Heuristic :
  Linear constraint matrix    : 15750 Constrs, 9180 Vars, 5790224 NZs
  Matrix coefficient range    : [ 1.00146e-13, 1 ]
  Objective coefficient range : [ 1.7012e-22, 1.91224e+08 ]
  Variable bound range        : [ 0.05, 1 ]
  RHS coefficient range       : [ 5.2152e-08, 1 ]
Objective value for Line heur k = 2: 16179391.179244945
88
Actual reward of current solution: 42206413.26928357
Minimum Difference with past solutions:0.0.
New solution equals old solution at k=2
87
Total Reward at the start of the inner iterations: 42206413.26928357
Gurobi status: 2

Statistics for model Linearization Heuristic :
  Linear constraint matrix    : 15585 Constrs, 9090 Vars, 5539637 NZs
  Matrix coefficient range    : [ 1.00046e-13, 1 ]
  Objective coefficient range : [ 1.1055e-21, 1.91224e+08 ]
  Variable bound range        : [ 0.05, 1 ]
  RHS coefficient range       : [ 3.00972e-08, 1 ]
Objective value for Line heur k = 3: 16584360.018581314
87
Actual reward of current solution: 42098188.82708854
Minimum Difference with past solutions:0.05.
Gurobi status: 2

Statistics for model Linearization Heuristic :
  Linear constraint matrix    : 15585 Constrs, 9090 Vars, 5692209 NZs
  Matrix coefficient range    : [ 1.00146e-13, 1 ]
  Objective coefficient range : [ 1.7012e-22, 1.91224e+08 ]
  Variable bound range        : [ 0.05, 1 ]
  RHS coefficient range       : [ 6.35536e-08, 1 ]
Objective value for Line heur k = 3: 16307030.853841936
87
Actual reward of current solution: 42206413.26928357
Minimum Difference with past solutions:0.0.
New solution equals old solution at k=3
86
Total Reward at the start of the inner iterations: 42206413.26928357
Gurobi status: 2

Statistics for model Linearization Heuristic :
  Linear constraint matrix    : 15420 Constrs, 9000 Vars, 5442610 NZs
  Matrix coefficient range    : [ 1.00046e-13, 1 ]
  Objective coefficient range : [ 1.1055e-21, 1.91224e+08 ]
  Variable bound range        : [ 0.05, 1 ]
  RHS coefficient range       : [ 4.75768e-08, 1 ]
Objective value for Line heur k = 4: 16692806.966533305
86
Actual reward of current solution: 42098188.82708854
Minimum Difference with past solutions:0.05.
Gurobi status: 2

Statistics for model Linearization Heuristic :
  Linear constraint matrix    : 15420 Constrs, 9000 Vars, 5595182 NZs
  Matrix coefficient range    : [ 1.00146e-13, 1 ]
  Objective coefficient range : [ 1.7012e-22, 1.91224e+08 ]
  Variable bound range        : [ 0.05, 1 ]
  RHS coefficient range       : [ 1.20865e-07, 1 ]
Objective value for Line heur k = 4: 16421967.167154478
86
Actual reward of current solution: 42206413.26928357
Minimum Difference with past solutions:0.0.
New solution equals old solution at k=4
85
Total Reward at the start of the inner iterations: 42206413.26928357
Gurobi status: 2

Statistics for model Linearization Heuristic :
  Linear constraint matrix    : 15255 Constrs, 8910 Vars, 5346571 NZs
  Matrix coefficient range    : [ 1.00046e-13, 1 ]
  Objective coefficient range : [ 1.1055e-21, 1.91224e+08 ]
  Variable bound range        : [ 0.05, 1 ]
  RHS coefficient range       : [ 4.05821e-08, 1 ]
Objective value for Line heur k = 5: 16785472.067806695
85
Actual reward of current solution: 42098188.82708854
Minimum Difference with past solutions:0.05.
Gurobi status: 2

Statistics for model Linearization Heuristic :
  Linear constraint matrix    : 15255 Constrs, 8910 Vars, 5499143 NZs
  Matrix coefficient range    : [ 1.00146e-13, 1 ]
  Objective coefficient range : [ 1.7012e-22, 1.91224e+08 ]
  Variable bound range        : [ 0.05, 1 ]
  RHS coefficient range       : [ 6.39314e-08, 1 ]
Objective value for Line heur k = 5: 16521318.958920373
85
Actual reward of current solution: 42206413.26928357
Minimum Difference with past solutions:0.0.
New solution equals old solution at k=5
84
Total Reward at the start of the inner iterations: 42206413.26928357
Gurobi status: 2

Statistics for model Linearization Heuristic :
  Linear constraint matrix    : 15090 Constrs, 8820 Vars, 5251520 NZs
  Matrix coefficient range    : [ 1.00046e-13, 1 ]
  Objective coefficient range : [ 1.1055e-21, 1.91224e+08 ]
  Variable bound range        : [ 0.05, 1 ]
  RHS coefficient range       : [ 1.55124e-09, 1 ]
Objective value for Line heur k = 6: 16861520.960134767
84
Actual reward of current solution: 42098188.82708854
Minimum Difference with past solutions:0.05.
Gurobi status: 2

Statistics for model Linearization Heuristic :
  Linear constraint matrix    : 15090 Constrs, 8820 Vars, 5404092 NZs
  Matrix coefficient range    : [ 1.00146e-13, 1 ]
  Objective coefficient range : [ 1.7012e-22, 1.91224e+08 ]
  Variable bound range        : [ 0.05, 1 ]
  RHS coefficient range       : [ 4.70128e-08, 1 ]
Objective value for Line heur k = 6: 16604172.069740323
84
Actual reward of current solution: 42206413.26928357
Minimum Difference with past solutions:0.0.
New solution equals old solution at k=6
83
Total Reward at the start of the inner iterations: 42206413.26928357
Gurobi status: 2

Statistics for model Linearization Heuristic :
  Linear constraint matrix    : 14925 Constrs, 8730 Vars, 5157457 NZs
  Matrix coefficient range    : [ 1.00046e-13, 1 ]
  Objective coefficient range : [ 1.1055e-21, 1.91224e+08 ]
  Variable bound range        : [ 0.05, 1 ]
  RHS coefficient range       : [ 3.07461e-08, 1 ]
Objective value for Line heur k = 7: 16921207.325968836
83
Actual reward of current solution: 42098188.82708854
Minimum Difference with past solutions:0.05.
Gurobi status: 2

Statistics for model Linearization Heuristic :
  Linear constraint matrix    : 14925 Constrs, 8730 Vars, 5310029 NZs
  Matrix coefficient range    : [ 1.00146e-13, 1 ]
  Objective coefficient range : [ 1.7012e-22, 1.91224e+08 ]
  Variable bound range        : [ 0.05, 1 ]
  RHS coefficient range       : [ 9.1983e-08, 1 ]
Objective value for Line heur k = 7: 16670716.328269599
83
Actual reward of current solution: 42206413.26928357
Minimum Difference with past solutions:0.0.
New solution equals old solution at k=7
82
Total Reward at the start of the inner iterations: 42206413.26928357
Gurobi status: 2

Statistics for model Linearization Heuristic :
  Linear constraint matrix    : 14760 Constrs, 8640 Vars, 5064382 NZs
  Matrix coefficient range    : [ 1.00046e-13, 1 ]
  Objective coefficient range : [ 1.1055e-21, 1.91224e+08 ]
  Variable bound range        : [ 0.05, 1 ]
  RHS coefficient range       : [ 4.2752e-08, 1 ]
Objective value for Line heur k = 8: 16965356.56663219
82
Actual reward of current solution: 42098188.82708854
Minimum Difference with past solutions:0.05.
Gurobi status: 2

Statistics for model Linearization Heuristic :
  Linear constraint matrix    : 14760 Constrs, 8640 Vars, 5216954 NZs
  Matrix coefficient range    : [ 1.00146e-13, 1 ]
  Objective coefficient range : [ 1.7012e-22, 1.91224e+08 ]
  Variable bound range        : [ 0.05, 1 ]
  RHS coefficient range       : [ 8.62061e-08, 1 ]
Objective value for Line heur k = 8: 16721720.030749628
82
Actual reward of current solution: 42206413.26928357
Minimum Difference with past solutions:0.0.
New solution equals old solution at k=8
81
Total Reward at the start of the inner iterations: 42206413.26928357
Gurobi status: 2

Statistics for model Linearization Heuristic :
  Linear constraint matrix    : 14595 Constrs, 8550 Vars, 4972295 NZs
  Matrix coefficient range    : [ 1.00046e-13, 1 ]
  Objective coefficient range : [ 1.1055e-21, 1.91224e+08 ]
  Variable bound range        : [ 0.05, 1 ]
  RHS coefficient range       : [ 4.28093e-09, 1 ]
Objective value for Line heur k = 9: 16995053.5095459
81
Actual reward of current solution: 42098188.82708854
Minimum Difference with past solutions:0.05.
Gurobi status: 2

Statistics for model Linearization Heuristic :
  Linear constraint matrix    : 14595 Constrs, 8550 Vars, 5124867 NZs
  Matrix coefficient range    : [ 1.00146e-13, 1 ]
  Objective coefficient range : [ 1.7012e-22, 1.91224e+08 ]
  Variable bound range        : [ 0.05, 1 ]
  RHS coefficient range       : [ 8.97622e-08, 1 ]
Objective value for Line heur k = 9: 16758209.442521831
81
Actual reward of current solution: 42206413.26928357
Minimum Difference with past solutions:0.0.
New solution equals old solution at k=9
80
Total Reward at the start of the inner iterations: 42206413.26928357
Gurobi status: 2

Statistics for model Linearization Heuristic :
  Linear constraint matrix    : 14430 Constrs, 8460 Vars, 4881196 NZs
  Matrix coefficient range    : [ 1.00046e-13, 1 ]
  Objective coefficient range : [ 1.1055e-21, 1.91224e+08 ]
  Variable bound range        : [ 0.05, 1 ]
  RHS coefficient range       : [ 2.39827e-08, 1 ]
Objective value for Line heur k = 10: 17011452.951553814
80
Actual reward of current solution: 42098188.82708854
Minimum Difference with past solutions:0.05.
Gurobi status: 2

Statistics for model Linearization Heuristic :
  Linear constraint matrix    : 14430 Constrs, 8460 Vars, 5033768 NZs
  Matrix coefficient range    : [ 1.00146e-13, 1 ]
  Objective coefficient range : [ 1.7012e-22, 1.91224e+08 ]
  Variable bound range        : [ 0.05, 1 ]
  RHS coefficient range       : [ 1.00789e-07, 1 ]
Objective value for Line heur k = 10: 16781270.874035977
80
Actual reward of current solution: 42206413.26928357
Minimum Difference with past solutions:0.0.
New solution equals old solution at k=10
79
Total Reward at the start of the inner iterations: 42206413.26928357
Gurobi status: 2

Statistics for model Linearization Heuristic :
  Linear constraint matrix    : 14265 Constrs, 8370 Vars, 4791085 NZs
  Matrix coefficient range    : [ 1.00046e-13, 1 ]
  Objective coefficient range : [ 1.1055e-21, 1.91224e+08 ]
  Variable bound range        : [ 0.05, 1 ]
  RHS coefficient range       : [ 4.68807e-08, 1 ]
Objective value for Line heur k = 11: 17015662.208592422
79
Actual reward of current solution: 42098188.82708854
Minimum Difference with past solutions:0.05.
Gurobi status: 2

Statistics for model Linearization Heuristic :
  Linear constraint matrix    : 14265 Constrs, 8370 Vars, 4943657 NZs
  Matrix coefficient range    : [ 1.00146e-13, 1 ]
  Objective coefficient range : [ 1.7012e-22, 1.91224e+08 ]
  Variable bound range        : [ 0.05, 1 ]
  RHS coefficient range       : [ 3.46369e-08, 1 ]
Objective value for Line heur k = 11: 16791923.205160283
79
Actual reward of current solution: 42206413.26928357
Minimum Difference with past solutions:0.0.
New solution equals old solution at k=11
78
Total Reward at the start of the inner iterations: 42206413.26928357
Gurobi status: 2

Statistics for model Linearization Heuristic :
  Linear constraint matrix    : 14100 Constrs, 8280 Vars, 4701962 NZs
  Matrix coefficient range    : [ 1.00046e-13, 1 ]
  Objective coefficient range : [ 1.1055e-21, 1.91224e+08 ]
  Variable bound range        : [ 0.05, 1 ]
  RHS coefficient range       : [ 3.42617e-08, 1 ]
Objective value for Line heur k = 12: 17008663.089326806
78
Actual reward of current solution: 42098188.82708854
Minimum Difference with past solutions:0.05.
Gurobi status: 2

Statistics for model Linearization Heuristic :
  Linear constraint matrix    : 14100 Constrs, 8280 Vars, 4854534 NZs
  Matrix coefficient range    : [ 1.00146e-13, 1 ]
  Objective coefficient range : [ 1.7012e-22, 1.91224e+08 ]
  Variable bound range        : [ 0.05, 1 ]
  RHS coefficient range       : [ 5.31904e-09, 1 ]
Objective value for Line heur k = 12: 16791026.730412576
78
Actual reward of current solution: 42206413.26928357
Minimum Difference with past solutions:0.0.
New solution equals old solution at k=12
77
Total Reward at the start of the inner iterations: 42206413.26928357
Gurobi status: 2

Statistics for model Linearization Heuristic :
  Linear constraint matrix    : 13935 Constrs, 8190 Vars, 4613827 NZs
  Matrix coefficient range    : [ 1.00046e-13, 1 ]
  Objective coefficient range : [ 1.1055e-21, 1.91224e+08 ]
  Variable bound range        : [ 0.05, 1 ]
  RHS coefficient range       : [ 5.3677e-09, 1 ]
Objective value for Line heur k = 13: 16991251.298868738
77
Actual reward of current solution: 42098188.82708854
Minimum Difference with past solutions:0.05.
Gurobi status: 2

Statistics for model Linearization Heuristic :
  Linear constraint matrix    : 13935 Constrs, 8190 Vars, 4766399 NZs
  Matrix coefficient range    : [ 1.00146e-13, 1 ]
  Objective coefficient range : [ 1.7012e-22, 1.91224e+08 ]
  Variable bound range        : [ 0.05, 1 ]
  RHS coefficient range       : [ 7.44307e-08, 1 ]
Objective value for Line heur k = 13: 16779204.29467088
77
Actual reward of current solution: 42206413.26928357
Minimum Difference with past solutions:0.0.
New solution equals old solution at k=13
76
Total Reward at the start of the inner iterations: 42206413.26928357
Gurobi status: 2

Statistics for model Linearization Heuristic :
  Linear constraint matrix    : 13770 Constrs, 8100 Vars, 4526734 NZs
  Matrix coefficient range    : [ 1.00046e-13, 1 ]
  Objective coefficient range : [ 1.1055e-21, 1.91224e+08 ]
  Variable bound range        : [ 0.05, 1 ]
  RHS coefficient range       : [ 3.06953e-08, 0.291461 ]
Objective value for Line heur k = 14: 16963976.843313653
76
Actual reward of current solution: 42098188.82708854
Minimum Difference with past solutions:0.05.
Gurobi status: 2

Statistics for model Linearization Heuristic :
  Linear constraint matrix    : 13770 Constrs, 8100 Vars, 4679306 NZs
  Matrix coefficient range    : [ 1.00146e-13, 1 ]
  Objective coefficient range : [ 1.7012e-22, 1.91224e+08 ]
  Variable bound range        : [ 0.05, 1 ]
  RHS coefficient range       : [ 4.08206e-08, 0.291713 ]
Objective value for Line heur k = 14: 16756755.440186622
76
Actual reward of current solution: 42206413.26928357
Minimum Difference with past solutions:0.0.
New solution equals old solution at k=14
75
Total Reward at the start of the inner iterations: 42206413.26928357
Gurobi status: 2

Statistics for model Linearization Heuristic :
  Linear constraint matrix    : 13659 Constrs, 8010 Vars, 4430533 NZs
  Matrix coefficient range    : [ 1.00046e-13, 1 ]
  Objective coefficient range : [ 1.1055e-21, 1.91224e+08 ]
  Variable bound range        : [ 0.05, 1 ]
  RHS coefficient range       : [ 2.2057e-08, 1 ]
Objective value for Line heur k = 15: 16871149.696267404
75
Actual reward of current solution: 42206413.26928357
Minimum Difference with past solutions:0.0.
New solution equals old solution at k=15
74
Total Reward at the start of the inner iterations: 42206413.26928357
Gurobi status: 2

Statistics for model Linearization Heuristic :
  Linear constraint matrix    : 13494 Constrs, 7920 Vars, 4335380 NZs
  Matrix coefficient range    : [ 1.00046e-13, 1 ]
  Objective coefficient range : [ 1.1055e-21, 1.91224e+08 ]
  Variable bound range        : [ 0.05, 1 ]
  RHS coefficient range       : [ 2.37556e-08, 1 ]
Objective value for Line heur k = 16: 16802785.401282303
74
Actual reward of current solution: 42206413.26928357
Minimum Difference with past solutions:0.0.
New solution equals old solution at k=16
73
Total Reward at the start of the inner iterations: 42206413.26928357
Gurobi status: 2

Statistics for model Linearization Heuristic :
  Linear constraint matrix    : 13329 Constrs, 7830 Vars, 4241329 NZs
  Matrix coefficient range    : [ 1.00046e-13, 1 ]
  Objective coefficient range : [ 1.1055e-21, 1.91224e+08 ]
  Variable bound range        : [ 0.05, 1 ]
  RHS coefficient range       : [ 3.25448e-08, 1 ]
Objective value for Line heur k = 17: 16725783.840847427
73
Actual reward of current solution: 42206413.26928357
Minimum Difference with past solutions:0.0.
New solution equals old solution at k=17
72
Total Reward at the start of the inner iterations: 42206413.26928357
Gurobi status: 2

Statistics for model Linearization Heuristic :
  Linear constraint matrix    : 13164 Constrs, 7740 Vars, 4148380 NZs
  Matrix coefficient range    : [ 1.00046e-13, 1 ]
  Objective coefficient range : [ 1.1055e-21, 1.91224e+08 ]
  Variable bound range        : [ 0.05, 1 ]
  RHS coefficient range       : [ 7.09537e-09, 1 ]
Objective value for Line heur k = 18: 16641390.91095339
72
Actual reward of current solution: 42206413.26928357
Minimum Difference with past solutions:0.0.
New solution equals old solution at k=18
71
Total Reward at the start of the inner iterations: 42206413.26928357
Gurobi status: 2

Statistics for model Linearization Heuristic :
  Linear constraint matrix    : 12999 Constrs, 7650 Vars, 4056533 NZs
  Matrix coefficient range    : [ 1.00046e-13, 1 ]
  Objective coefficient range : [ 1.1055e-21, 1.91224e+08 ]
  Variable bound range        : [ 0.05, 1 ]
  RHS coefficient range       : [ 3.60906e-08, 1 ]
Objective value for Line heur k = 19: 16550557.94473164
71
Actual reward of current solution: 42206413.26928357
Minimum Difference with past solutions:0.0.
New solution equals old solution at k=19
70
Total Reward at the start of the inner iterations: 42206413.26928357
Gurobi status: 2

Statistics for model Linearization Heuristic :
  Linear constraint matrix    : 12834 Constrs, 7560 Vars, 3965788 NZs
  Matrix coefficient range    : [ 1.00046e-13, 1 ]
  Objective coefficient range : [ 1.1055e-21, 1.91224e+08 ]
  Variable bound range        : [ 0.05, 1 ]
  RHS coefficient range       : [ 5.70372e-08, 1 ]
Objective value for Line heur k = 20: 16454035.219382146
70
Actual reward of current solution: 42206413.26928357
Minimum Difference with past solutions:0.0.
New solution equals old solution at k=20
69
Total Reward at the start of the inner iterations: 42206413.26928357
Gurobi status: 2

Statistics for model Linearization Heuristic :
  Linear constraint matrix    : 12669 Constrs, 7470 Vars, 3876145 NZs
  Matrix coefficient range    : [ 1.00046e-13, 1 ]
  Objective coefficient range : [ 1.1055e-21, 1.91224e+08 ]
  Variable bound range        : [ 0.05, 1 ]
  RHS coefficient range       : [ 1.88263e-08, 1 ]
Objective value for Line heur k = 21: 16352428.526062721
69
Actual reward of current solution: 42206413.26928357
Minimum Difference with past solutions:0.0.
New solution equals old solution at k=21
68
Total Reward at the start of the inner iterations: 42206413.26928357
Gurobi status: 2

Statistics for model Linearization Heuristic :
  Linear constraint matrix    : 12504 Constrs, 7380 Vars, 3787604 NZs
  Matrix coefficient range    : [ 1.00046e-13, 1 ]
  Objective coefficient range : [ 1.1055e-21, 1.91224e+08 ]
  Variable bound range        : [ 0.05, 1 ]
  RHS coefficient range       : [ 4.66602e-08, 1 ]
Objective value for Line heur k = 22: 16246232.28624549
68
Actual reward of current solution: 42206413.26928357
Minimum Difference with past solutions:0.0.
New solution equals old solution at k=22
67
Total Reward at the start of the inner iterations: 42206413.26928357
Gurobi status: 2

Statistics for model Linearization Heuristic :
  Linear constraint matrix    : 12339 Constrs, 7290 Vars, 3700165 NZs
  Matrix coefficient range    : [ 1.00046e-13, 1 ]
  Objective coefficient range : [ 1.1055e-21, 1.91224e+08 ]
  Variable bound range        : [ 0.05, 1 ]
  RHS coefficient range       : [ 2.36184e-08, 1 ]
Objective value for Line heur k = 23: 16135846.832875183
67
Actual reward of current solution: 42206413.26928357
Minimum Difference with past solutions:0.0.
New solution equals old solution at k=23
66
Total Reward at the start of the inner iterations: 42206413.26928357
Gurobi status: 2

Statistics for model Linearization Heuristic :
  Linear constraint matrix    : 12174 Constrs, 7200 Vars, 3613828 NZs
  Matrix coefficient range    : [ 1.00046e-13, 1 ]
  Objective coefficient range : [ 1.1055e-21, 1.91224e+08 ]
  Variable bound range        : [ 0.05, 1 ]
  RHS coefficient range       : [ 5.0225e-08, 1 ]
Objective value for Line heur k = 24: 16021583.663926879
66
Actual reward of current solution: 42206413.26928357
Minimum Difference with past solutions:0.0.
New solution equals old solution at k=24
65
Total Reward at the start of the inner iterations: 42206413.26928357
Gurobi status: 2

Statistics for model Linearization Heuristic :
  Linear constraint matrix    : 12009 Constrs, 7110 Vars, 3528593 NZs
  Matrix coefficient range    : [ 1.00046e-13, 1 ]
  Objective coefficient range : [ 1.1055e-21, 1.91224e+08 ]
  Variable bound range        : [ 0.05, 1 ]
  RHS coefficient range       : [ 1.35778e-08, 1 ]
Objective value for Line heur k = 25: 15903659.74597534
65
Actual reward of current solution: 42206413.26928357
Minimum Difference with past solutions:0.0.
New solution equals old solution at k=25
64
Total Reward at the start of the inner iterations: 42206413.26928357
Gurobi status: 2

Statistics for model Linearization Heuristic :
  Linear constraint matrix    : 11844 Constrs, 7020 Vars, 3444460 NZs
  Matrix coefficient range    : [ 1.00046e-13, 1 ]
  Objective coefficient range : [ 1.1055e-21, 1.91224e+08 ]
  Variable bound range        : [ 0.05, 1 ]
  RHS coefficient range       : [ 2.22066e-08, 1 ]
Objective value for Line heur k = 26: 15782179.630785758
64
Actual reward of current solution: 42206413.26928357
Minimum Difference with past solutions:0.0.
New solution equals old solution at k=26
63
Total Reward at the start of the inner iterations: 42206413.26928357
Gurobi status: 2

Statistics for model Linearization Heuristic :
  Linear constraint matrix    : 11679 Constrs, 6930 Vars, 3361429 NZs
  Matrix coefficient range    : [ 1.00046e-13, 1 ]
  Objective coefficient range : [ 1.1055e-21, 1.91224e+08 ]
  Variable bound range        : [ 0.05, 1 ]
  RHS coefficient range       : [ 2.36593e-09, 1 ]
Objective value for Line heur k = 27: 15657101.723203888
63
Actual reward of current solution: 42206413.26928357
Minimum Difference with past solutions:0.0.
New solution equals old solution at k=27
62
Total Reward at the start of the inner iterations: 42206413.26928357
Gurobi status: 2

Statistics for model Linearization Heuristic :
  Linear constraint matrix    : 11514 Constrs, 6840 Vars, 3279554 NZs
  Matrix coefficient range    : [ 1.00046e-13, 1 ]
  Objective coefficient range : [ 1.1055e-21, 1.91224e+08 ]
  Variable bound range        : [ 0.05, 1 ]
  RHS coefficient range       : [ 7.4464e-08, 0.29084 ]
Objective value for Line heur k = 28: 15528181.993570024
62
Actual reward of current solution: 42206413.26928357
Minimum Difference with past solutions:0.0.
New solution equals old solution at k=28
61
Total Reward at the start of the inner iterations: 42206413.26928357
Gurobi status: 2

Statistics for model Linearization Heuristic :
  Linear constraint matrix    : 11403 Constrs, 6750 Vars, 3188891 NZs
  Matrix coefficient range    : [ 1.00046e-13, 1 ]
  Objective coefficient range : [ 1.1055e-21, 1.91224e+08 ]
  Variable bound range        : [ 0.05, 1 ]
  RHS coefficient range       : [ 2.98788e-08, 1 ]
Objective value for Line heur k = 29: 15365776.295579078
61
Actual reward of current solution: 42206413.26928357
Minimum Difference with past solutions:0.0.
New solution equals old solution at k=29
60
Total Reward at the start of the inner iterations: 42206413.26928357
Gurobi status: 2

Statistics for model Linearization Heuristic :
  Linear constraint matrix    : 11238 Constrs, 6660 Vars, 3099409 NZs
  Matrix coefficient range    : [ 1.00046e-13, 1 ]
  Objective coefficient range : [ 1.1055e-21, 1.91224e+08 ]
  Variable bound range        : [ 0.05, 1 ]
  RHS coefficient range       : [ 2.90368e-10, 1 ]
Objective value for Line heur k = 30: 15198284.498219302
60
Actual reward of current solution: 42206413.26928357
Minimum Difference with past solutions:0.0.
New solution equals old solution at k=30
59
Total Reward at the start of the inner iterations: 42206413.26928357
Gurobi status: 2

Statistics for model Linearization Heuristic :
  Linear constraint matrix    : 11073 Constrs, 6570 Vars, 3011162 NZs
  Matrix coefficient range    : [ 1.00046e-13, 1 ]
  Objective coefficient range : [ 1.1055e-21, 1.91224e+08 ]
  Variable bound range        : [ 0.05, 1 ]
  RHS coefficient range       : [ 1.78551e-08, 1 ]
Objective value for Line heur k = 31: 15026966.316233901
59
Actual reward of current solution: 42206413.26928357
Minimum Difference with past solutions:0.0.
New solution equals old solution at k=31
58
Total Reward at the start of the inner iterations: 42206413.26928357
Gurobi status: 2

Statistics for model Linearization Heuristic :
  Linear constraint matrix    : 10908 Constrs, 6480 Vars, 2924150 NZs
  Matrix coefficient range    : [ 1.00046e-13, 1 ]
  Objective coefficient range : [ 1.1055e-21, 1.91224e+08 ]
  Variable bound range        : [ 0.05, 1 ]
  RHS coefficient range       : [ 2.63329e-08, 1 ]
Objective value for Line heur k = 32: 14852565.827660808
58
Actual reward of current solution: 42206413.26928357
Minimum Difference with past solutions:0.0.
New solution equals old solution at k=32
57
Total Reward at the start of the inner iterations: 42206413.26928357
Gurobi status: 2

Statistics for model Linearization Heuristic :
  Linear constraint matrix    : 10743 Constrs, 6390 Vars, 2838373 NZs
  Matrix coefficient range    : [ 1.00046e-13, 1 ]
  Objective coefficient range : [ 1.1055e-21, 1.91224e+08 ]
  Variable bound range        : [ 0.05, 1 ]
  RHS coefficient range       : [ 3.4058e-08, 1 ]
Objective value for Line heur k = 33: 14675541.950333765
57
Actual reward of current solution: 42206413.26928357
Minimum Difference with past solutions:0.0.
New solution equals old solution at k=33
56
Total Reward at the start of the inner iterations: 42206413.26928357
Gurobi status: 2

Statistics for model Linearization Heuristic :
  Linear constraint matrix    : 10578 Constrs, 6300 Vars, 2753831 NZs
  Matrix coefficient range    : [ 1.00046e-13, 1 ]
  Objective coefficient range : [ 1.1055e-21, 1.91224e+08 ]
  Variable bound range        : [ 0.05, 1 ]
  RHS coefficient range       : [ 3.43533e-08, 1 ]
Objective value for Line heur k = 34: 14496194.863348776
56
Actual reward of current solution: 42206413.26928357
Minimum Difference with past solutions:0.0.
New solution equals old solution at k=34
55
Total Reward at the start of the inner iterations: 42206413.26928357
Gurobi status: 2

Statistics for model Linearization Heuristic :
  Linear constraint matrix    : 10413 Constrs, 6210 Vars, 2670524 NZs
  Matrix coefficient range    : [ 1.00046e-13, 1 ]
  Objective coefficient range : [ 1.1055e-21, 1.91224e+08 ]
  Variable bound range        : [ 0.05, 1 ]
  RHS coefficient range       : [ 2.64328e-08, 1 ]
Objective value for Line heur k = 35: 14314735.408797426
55
Actual reward of current solution: 42206413.26928357
Minimum Difference with past solutions:0.0.
New solution equals old solution at k=35
54
Total Reward at the start of the inner iterations: 42206413.26928357
Gurobi status: 2

Statistics for model Linearization Heuristic :
  Linear constraint matrix    : 10248 Constrs, 6120 Vars, 2588452 NZs
  Matrix coefficient range    : [ 1.00046e-13, 1 ]
  Objective coefficient range : [ 1.1055e-21, 1.91224e+08 ]
  Variable bound range        : [ 0.05, 1 ]
  RHS coefficient range       : [ 1.96206e-08, 1 ]
Objective value for Line heur k = 36: 14131323.238054493
54
Actual reward of current solution: 42206413.26928357
Minimum Difference with past solutions:0.0.
New solution equals old solution at k=36
53
Total Reward at the start of the inner iterations: 42206413.26928357
Gurobi status: 2

Statistics for model Linearization Heuristic :
  Linear constraint matrix    : 10083 Constrs, 6030 Vars, 2507615 NZs
  Matrix coefficient range    : [ 1.00046e-13, 1 ]
  Objective coefficient range : [ 1.1055e-21, 1.91224e+08 ]
  Variable bound range        : [ 0.05, 1 ]
  RHS coefficient range       : [ 1.38108e-08, 1 ]
Objective value for Line heur k = 37: 13946087.819568409
53
Actual reward of current solution: 42206413.26928357
Minimum Difference with past solutions:0.0.
New solution equals old solution at k=37
52
Total Reward at the start of the inner iterations: 42206413.26928357
Gurobi status: 2

Statistics for model Linearization Heuristic :
  Linear constraint matrix    : 9918 Constrs, 5940 Vars, 2428013 NZs
  Matrix coefficient range    : [ 1.00046e-13, 1 ]
  Objective coefficient range : [ 1.1055e-21, 1.91224e+08 ]
  Variable bound range        : [ 0.05, 1 ]
  RHS coefficient range       : [ 8.88841e-09, 1 ]
Objective value for Line heur k = 38: 13759140.045634191
52
Actual reward of current solution: 42206413.26928357
Minimum Difference with past solutions:0.0.
New solution equals old solution at k=38
51
Total Reward at the start of the inner iterations: 42206413.26928357
Gurobi status: 2

Statistics for model Linearization Heuristic :
  Linear constraint matrix    : 9753 Constrs, 5850 Vars, 2349646 NZs
  Matrix coefficient range    : [ 1.00046e-13, 1 ]
  Objective coefficient range : [ 1.1055e-21, 1.91224e+08 ]
  Variable bound range        : [ 0.05, 1 ]
  RHS coefficient range       : [ 4.74224e-09, 1 ]
Objective value for Line heur k = 39: 13570578.680421654
51
Actual reward of current solution: 42206413.26928357
Minimum Difference with past solutions:0.0.
New solution equals old solution at k=39
50
Total Reward at the start of the inner iterations: 42206413.26928357
Gurobi status: 2

Statistics for model Linearization Heuristic :
  Linear constraint matrix    : 9588 Constrs, 5760 Vars, 2272514 NZs
  Matrix coefficient range    : [ 1.00046e-13, 1 ]
  Objective coefficient range : [ 1.1055e-21, 1.91224e+08 ]
  Variable bound range        : [ 0.05, 1 ]
  RHS coefficient range       : [ 1.26987e-09, 1 ]
Objective value for Line heur k = 40: 13380493.975934017
50
Actual reward of current solution: 42206413.26928357
Minimum Difference with past solutions:0.0.
New solution equals old solution at k=40
49
Total Reward at the start of the inner iterations: 42206413.26928357
Gurobi status: 2

Statistics for model Linearization Heuristic :
  Linear constraint matrix    : 9423 Constrs, 5670 Vars, 2196617 NZs
  Matrix coefficient range    : [ 1.00046e-13, 1 ]
  Objective coefficient range : [ 1.1055e-21, 1.91224e+08 ]
  Variable bound range        : [ 0.05, 1 ]
  RHS coefficient range       : [ 1.62031e-09, 1 ]
Objective value for Line heur k = 41: 13188969.73232751
49
Actual reward of current solution: 42206413.26928357
Minimum Difference with past solutions:0.0.
New solution equals old solution at k=41
48
Total Reward at the start of the inner iterations: 42206413.26928357
Gurobi status: 2

Statistics for model Linearization Heuristic :
  Linear constraint matrix    : 9258 Constrs, 5580 Vars, 2122009 NZs
  Matrix coefficient range    : [ 1.00046e-13, 1 ]
  Objective coefficient range : [ 1.1055e-21, 1.91224e+08 ]
  Variable bound range        : [ 0.05, 1 ]
  RHS coefficient range       : [ 4.00909e-09, 0.290411 ]
Objective value for Line heur k = 42: 12996084.503000515
48
Actual reward of current solution: 42206413.26928357
Minimum Difference with past solutions:0.0.
New solution equals old solution at k=42
47
Total Reward at the start of the inner iterations: 42206413.26928357
Gurobi status: 2

Statistics for model Linearization Heuristic :
  Linear constraint matrix    : 9147 Constrs, 5490 Vars, 2048636 NZs
  Matrix coefficient range    : [ 1.00046e-13, 1 ]
  Objective coefficient range : [ 1.1055e-21, 1.91224e+08 ]
  Variable bound range        : [ 0.05, 1 ]
  RHS coefficient range       : [ 5.96707e-09, 1 ]
Objective value for Line heur k = 43: 12801912.328814387
47
Actual reward of current solution: 42206413.26928357
Minimum Difference with past solutions:0.0.
New solution equals old solution at k=43
46
Total Reward at the start of the inner iterations: 42206413.26928357
Gurobi status: 2

Statistics for model Linearization Heuristic :
  Linear constraint matrix    : 8982 Constrs, 5400 Vars, 1976444 NZs
  Matrix coefficient range    : [ 1.00046e-13, 1 ]
  Objective coefficient range : [ 1.1055e-21, 1.91224e+08 ]
  Variable bound range        : [ 0.05, 1 ]
  RHS coefficient range       : [ 7.55566e-09, 1 ]
Objective value for Line heur k = 44: 12606523.212342486
46
Actual reward of current solution: 42206413.26928357
Minimum Difference with past solutions:0.0.
New solution equals old solution at k=44
45
Total Reward at the start of the inner iterations: 42206413.26928357
Gurobi status: 2

Statistics for model Linearization Heuristic :
  Linear constraint matrix    : 8817 Constrs, 5310 Vars, 1905487 NZs
  Matrix coefficient range    : [ 1.00046e-13, 1 ]
  Objective coefficient range : [ 1.1055e-21, 1.91224e+08 ]
  Variable bound range        : [ 0.05, 1 ]
  RHS coefficient range       : [ 8.82813e-09, 1 ]
Objective value for Line heur k = 45: 12409983.447809188
45
Actual reward of current solution: 42206413.26928357
Minimum Difference with past solutions:0.0.
New solution equals old solution at k=45
44
Total Reward at the start of the inner iterations: 42206413.26928357
Gurobi status: 2

Statistics for model Linearization Heuristic :
  Linear constraint matrix    : 8652 Constrs, 5220 Vars, 1835766 NZs
  Matrix coefficient range    : [ 1.00046e-13, 1 ]
  Objective coefficient range : [ 1.1055e-21, 1.91224e+08 ]
  Variable bound range        : [ 0.05, 1 ]
  RHS coefficient range       : [ 9.8306e-09, 1 ]
Objective value for Line heur k = 46: 12212355.870089931
44
Actual reward of current solution: 42206413.26928357
Minimum Difference with past solutions:0.0.
New solution equals old solution at k=46
43
Total Reward at the start of the inner iterations: 42206413.26928357
Gurobi status: 2

Statistics for model Linearization Heuristic :
  Linear constraint matrix    : 8487 Constrs, 5130 Vars, 1767280 NZs
  Matrix coefficient range    : [ 1.00046e-13, 1 ]
  Objective coefficient range : [ 1.1055e-21, 1.91224e+08 ]
  Variable bound range        : [ 0.05, 1 ]
  RHS coefficient range       : [ 1.0603e-08, 1 ]
Objective value for Line heur k = 47: 12013700.057435969
43
Actual reward of current solution: 42206413.26928357
Minimum Difference with past solutions:0.0.
New solution equals old solution at k=47
42
Total Reward at the start of the inner iterations: 42206413.26928357
Gurobi status: 2

Statistics for model Linearization Heuristic :
  Linear constraint matrix    : 8322 Constrs, 5040 Vars, 1700029 NZs
  Matrix coefficient range    : [ 1.00046e-13, 1 ]
  Objective coefficient range : [ 1.1055e-21, 1.91224e+08 ]
  Variable bound range        : [ 0.05, 1 ]
  RHS coefficient range       : [ 1.11797e-08, 1 ]
Objective value for Line heur k = 48: 11814072.50683668
42
Actual reward of current solution: 42206413.26928357
Minimum Difference with past solutions:0.0.
New solution equals old solution at k=48
41
Total Reward at the start of the inner iterations: 42206413.26928357
Gurobi status: 2

Statistics for model Linearization Heuristic :
  Linear constraint matrix    : 8157 Constrs, 4950 Vars, 1634013 NZs
  Matrix coefficient range    : [ 1.00046e-13, 1 ]
  Objective coefficient range : [ 1.1055e-21, 1.91224e+08 ]
  Variable bound range        : [ 0.05, 1 ]
  RHS coefficient range       : [ 1.15906e-08, 1 ]
Objective value for Line heur k = 49: 11613526.792302474
41
Actual reward of current solution: 42206413.26928357
Minimum Difference with past solutions:0.0.
New solution equals old solution at k=49
40
Total Reward at the start of the inner iterations: 42206413.26928357
Gurobi status: 2

Statistics for model Linearization Heuristic :
  Linear constraint matrix    : 7992 Constrs, 4860 Vars, 1569232 NZs
  Matrix coefficient range    : [ 1.00046e-13, 1 ]
  Objective coefficient range : [ 1.1055e-21, 1.91224e+08 ]
  Variable bound range        : [ 0.05, 1 ]
  RHS coefficient range       : [ 1.18614e-08, 1 ]
Objective value for Line heur k = 50: 11412113.711633882
40
Actual reward of current solution: 42206413.26928357
Minimum Difference with past solutions:0.0.
New solution equals old solution at k=50
39
Total Reward at the start of the inner iterations: 42206413.26928357
Gurobi status: 2

Statistics for model Linearization Heuristic :
  Linear constraint matrix    : 7827 Constrs, 4770 Vars, 1505686 NZs
  Matrix coefficient range    : [ 1.00046e-13, 1 ]
  Objective coefficient range : [ 1.1055e-21, 1.91224e+08 ]
  Variable bound range        : [ 0.05, 1 ]
  RHS coefficient range       : [ 1.20142e-08, 1 ]
Objective value for Line heur k = 51: 11209881.42467595
39
Actual reward of current solution: 42206413.26928357
Minimum Difference with past solutions:0.0.
New solution equals old solution at k=51
38
Total Reward at the start of the inner iterations: 42206413.26928357
Gurobi status: 2

Statistics for model Linearization Heuristic :
  Linear constraint matrix    : 7662 Constrs, 4680 Vars, 1443376 NZs
  Matrix coefficient range    : [ 1.00046e-13, 1 ]
  Objective coefficient range : [ 1.1055e-21, 1.91224e+08 ]
  Variable bound range        : [ 0.05, 1 ]
  RHS coefficient range       : [ 1.20681e-08, 1 ]
Objective value for Line heur k = 52: 11006875.58466937
38
Actual reward of current solution: 42206413.26928357
Minimum Difference with past solutions:0.0.
New solution equals old solution at k=52
37
Total Reward at the start of the inner iterations: 42206413.26928357
Gurobi status: 2

Statistics for model Linearization Heuristic :
  Linear constraint matrix    : 7497 Constrs, 4590 Vars, 1382301 NZs
  Matrix coefficient range    : [ 1.00046e-13, 1 ]
  Objective coefficient range : [ 1.1055e-21, 1.91224e+08 ]
  Variable bound range        : [ 0.05, 1 ]
  RHS coefficient range       : [ 1.20396e-08, 1 ]
Objective value for Line heur k = 53: 10803139.463569345
37
Actual reward of current solution: 42206413.26928357
Minimum Difference with past solutions:0.0.
New solution equals old solution at k=53
36
Total Reward at the start of the inner iterations: 42206413.26928357
Gurobi status: 2

Statistics for model Linearization Heuristic :
  Linear constraint matrix    : 7332 Constrs, 4500 Vars, 1322461 NZs
  Matrix coefficient range    : [ 1.00046e-13, 1 ]
  Objective coefficient range : [ 1.1055e-21, 1.91224e+08 ]
  Variable bound range        : [ 0.05, 1 ]
  RHS coefficient range       : [ 1.19428e-08, 1 ]
Objective value for Line heur k = 54: 10598714.071814766
36
Actual reward of current solution: 42206413.26928357
Minimum Difference with past solutions:0.0.
New solution equals old solution at k=54
35
Total Reward at the start of the inner iterations: 42206413.26928357
Gurobi status: 2

Statistics for model Linearization Heuristic :
  Linear constraint matrix    : 7167 Constrs, 4410 Vars, 1263856 NZs
  Matrix coefficient range    : [ 1.00046e-13, 1 ]
  Objective coefficient range : [ 1.1055e-21, 1.91224e+08 ]
  Variable bound range        : [ 0.05, 1 ]
  RHS coefficient range       : [ 1.179e-08, 1 ]
Objective value for Line heur k = 55: 10393638.272833107
35
Actual reward of current solution: 42206413.26928357
Minimum Difference with past solutions:0.0.
New solution equals old solution at k=55
34
Total Reward at the start of the inner iterations: 42206413.26928357
Gurobi status: 2

Statistics for model Linearization Heuristic :
  Linear constraint matrix    : 7002 Constrs, 4320 Vars, 1206541 NZs
  Matrix coefficient range    : [ 1.00046e-13, 1 ]
  Objective coefficient range : [ 1.1055e-21, 1.91224e+08 ]
  Variable bound range        : [ 0.05, 1 ]
  RHS coefficient range       : [ 1.15914e-08, 0.290125 ]
Objective value for Line heur k = 56: 10187948.892471815
34
Actual reward of current solution: 42206413.26928357
Minimum Difference with past solutions:0.0.
New solution equals old solution at k=56
33
Total Reward at the start of the inner iterations: 42206413.26928357
Gurobi status: 2

Statistics for model Linearization Heuristic :
  Linear constraint matrix    : 6891 Constrs, 4230 Vars, 1150461 NZs
  Matrix coefficient range    : [ 1.00046e-13, 1 ]
  Objective coefficient range : [ 1.1055e-21, 1.91224e+08 ]
  Variable bound range        : [ 0.05, 1 ]
  RHS coefficient range       : [ 1.1356e-08, 1 ]
Objective value for Line heur k = 57: 9981680.823505618
33
Actual reward of current solution: 42206413.26928357
Minimum Difference with past solutions:0.0.
New solution equals old solution at k=57
32
Total Reward at the start of the inner iterations: 42206413.26928357
Gurobi status: 2

Statistics for model Linearization Heuristic :
  Linear constraint matrix    : 6726 Constrs, 4140 Vars, 1095562 NZs
  Matrix coefficient range    : [ 1.00046e-13, 1 ]
  Objective coefficient range : [ 1.1055e-21, 1.91224e+08 ]
  Variable bound range        : [ 0.05, 1 ]
  RHS coefficient range       : [ 1.10916e-08, 1 ]
Objective value for Line heur k = 58: 9774867.125356022
32
Actual reward of current solution: 42206413.26928357
Minimum Difference with past solutions:0.0.
New solution equals old solution at k=58
31
Total Reward at the start of the inner iterations: 42206413.26928357
Gurobi status: 2

Statistics for model Linearization Heuristic :
  Linear constraint matrix    : 6561 Constrs, 4050 Vars, 1041898 NZs
  Matrix coefficient range    : [ 1.00046e-13, 1 ]
  Objective coefficient range : [ 1.1055e-21, 1.91224e+08 ]
  Variable bound range        : [ 0.05, 1 ]
  RHS coefficient range       : [ 1.08046e-08, 1 ]
Objective value for Line heur k = 59: 9567539.119158302
31
Actual reward of current solution: 42206413.26928357
Minimum Difference with past solutions:0.0.
New solution equals old solution at k=59
30
Total Reward at the start of the inner iterations: 42206413.26928357
Gurobi status: 2

Statistics for model Linearization Heuristic :
  Linear constraint matrix    : 6396 Constrs, 3960 Vars, 989469 NZs
  Matrix coefficient range    : [ 1.00046e-13, 1 ]
  Objective coefficient range : [ 1.1055e-21, 1.91224e+08 ]
  Variable bound range        : [ 0.05, 1 ]
  RHS coefficient range       : [ 1.05005e-08, 1 ]
Objective value for Line heur k = 60: 9359726.478316322
30
Actual reward of current solution: 42206413.26928357
Minimum Difference with past solutions:0.0.
New solution equals old solution at k=60
29
Total Reward at the start of the inner iterations: 42206413.26928357
Gurobi status: 2

Statistics for model Linearization Heuristic :
  Linear constraint matrix    : 6231 Constrs, 3870 Vars, 938275 NZs
  Matrix coefficient range    : [ 1.00046e-13, 1 ]
  Objective coefficient range : [ 1.1055e-21, 1.91224e+08 ]
  Variable bound range        : [ 0.05, 1 ]
  RHS coefficient range       : [ 1.01841e-08, 1 ]
Objective value for Line heur k = 61: 9151457.314691698
29
Actual reward of current solution: 42206413.26928357
Minimum Difference with past solutions:0.0.
New solution equals old solution at k=61
28
Total Reward at the start of the inner iterations: 42206413.26928357
Gurobi status: 2

Statistics for model Linearization Heuristic :
  Linear constraint matrix    : 6066 Constrs, 3780 Vars, 888316 NZs
  Matrix coefficient range    : [ 1.00046e-13, 1 ]
  Objective coefficient range : [ 1.1055e-21, 1.91224e+08 ]
  Variable bound range        : [ 0.05, 1 ]
  RHS coefficient range       : [ 9.85933e-09, 1 ]
Objective value for Line heur k = 62: 8942758.260579947
28
Actual reward of current solution: 42206413.26928357
Minimum Difference with past solutions:0.0.
New solution equals old solution at k=62
27
Total Reward at the start of the inner iterations: 42206413.26928357
Gurobi status: 2

Statistics for model Linearization Heuristic :
  Linear constraint matrix    : 5901 Constrs, 3690 Vars, 839593 NZs
  Matrix coefficient range    : [ 1.00046e-13, 1 ]
  Objective coefficient range : [ 1.1055e-21, 1.91224e+08 ]
  Variable bound range        : [ 0.05, 1 ]
  RHS coefficient range       : [ 9.52961e-09, 1 ]
Objective value for Line heur k = 63: 8733654.546630835
27
Actual reward of current solution: 42206413.26928357
Minimum Difference with past solutions:0.0.
New solution equals old solution at k=63
26
Total Reward at the start of the inner iterations: 42206413.26928357
Gurobi status: 2

Statistics for model Linearization Heuristic :
  Linear constraint matrix    : 5736 Constrs, 3600 Vars, 792105 NZs
  Matrix coefficient range    : [ 1.00046e-13, 1 ]
  Objective coefficient range : [ 1.1055e-21, 1.91224e+08 ]
  Variable bound range        : [ 0.05, 1 ]
  RHS coefficient range       : [ 9.19774e-09, 1 ]
Objective value for Line heur k = 64: 8524170.075873174
26
Actual reward of current solution: 42206413.26928357
Minimum Difference with past solutions:0.0.
New solution equals old solution at k=64
25
Total Reward at the start of the inner iterations: 42206413.26928357
Gurobi status: 2

Statistics for model Linearization Heuristic :
  Linear constraint matrix    : 5571 Constrs, 3510 Vars, 745853 NZs
  Matrix coefficient range    : [ 1.00046e-13, 1 ]
  Objective coefficient range : [ 1.1055e-21, 1.91224e+08 ]
  Variable bound range        : [ 0.05, 1 ]
  RHS coefficient range       : [ 8.86609e-09, 1 ]
Objective value for Line heur k = 65: 8314327.494005872
25
Actual reward of current solution: 42206413.26928357
Minimum Difference with past solutions:0.0.
New solution equals old solution at k=65
24
Total Reward at the start of the inner iterations: 42206413.26928357
Gurobi status: 2

Statistics for model Linearization Heuristic :
  Linear constraint matrix    : 5406 Constrs, 3420 Vars, 700836 NZs
  Matrix coefficient range    : [ 1.00046e-13, 1 ]
  Objective coefficient range : [ 1.1055e-21, 1.91224e+08 ]
  Variable bound range        : [ 0.05, 1 ]
  RHS coefficient range       : [ 8.53661e-09, 1 ]
Objective value for Line heur k = 66: 8104148.256117482
24
Actual reward of current solution: 42206413.26928357
Minimum Difference with past solutions:0.0.
New solution equals old solution at k=66
23
Total Reward at the start of the inner iterations: 42206413.26928357
Gurobi status: 2

Statistics for model Linearization Heuristic :
  Linear constraint matrix    : 5241 Constrs, 3330 Vars, 657056 NZs
  Matrix coefficient range    : [ 1.00046e-13, 1 ]
  Objective coefficient range : [ 1.1055e-21, 1.91224e+08 ]
  Variable bound range        : [ 0.05, 1 ]
  RHS coefficient range       : [ 8.21092e-09, 1 ]
Objective value for Line heur k = 67: 7893652.689994891
23
Actual reward of current solution: 42206413.26928357
Minimum Difference with past solutions:0.0.
New solution equals old solution at k=67
22
Total Reward at the start of the inner iterations: 42206413.26928357
Gurobi status: 2

Statistics for model Linearization Heuristic :
  Linear constraint matrix    : 5076 Constrs, 3240 Vars, 614512 NZs
  Matrix coefficient range    : [ 1.00046e-13, 1 ]
  Objective coefficient range : [ 1.1055e-21, 1.91224e+08 ]
  Variable bound range        : [ 0.05, 1 ]
  RHS coefficient range       : [ 7.89034e-09, 1 ]
Objective value for Line heur k = 68: 7682860.056180753
22
Actual reward of current solution: 42206413.26928357
Minimum Difference with past solutions:0.0.
New solution equals old solution at k=68
21
Total Reward at the start of the inner iterations: 42206413.26928357
Gurobi status: 2

Statistics for model Linearization Heuristic :
  Linear constraint matrix    : 4911 Constrs, 3150 Vars, 573205 NZs
  Matrix coefficient range    : [ 1.00046e-13, 1 ]
  Objective coefficient range : [ 1.1055e-21, 1.91224e+08 ]
  Variable bound range        : [ 0.05, 1 ]
  RHS coefficient range       : [ 7.57595e-09, 1 ]
Objective value for Line heur k = 69: 7471788.604936242
21
Actual reward of current solution: 42206413.26928357
Minimum Difference with past solutions:0.0.
New solution equals old solution at k=69
20
Total Reward at the start of the inner iterations: 42206413.26928357
Gurobi status: 2

Statistics for model Linearization Heuristic :
  Linear constraint matrix    : 4746 Constrs, 3060 Vars, 533187 NZs
  Matrix coefficient range    : [ 1.00046e-13, 1 ]
  Objective coefficient range : [ 1.1055e-21, 1.91224e+08 ]
  Variable bound range        : [ 0.05, 1 ]
  RHS coefficient range       : [ 7.26859e-09, 0.289966 ]
Objective value for Line heur k = 70: 7260455.630263796
20
Actual reward of current solution: 42206413.26928357
Minimum Difference with past solutions:0.0.
New solution equals old solution at k=70
19
Total Reward at the start of the inner iterations: 42206413.26928357
Gurobi status: 2

Statistics for model Linearization Heuristic :
  Linear constraint matrix    : 4635 Constrs, 2970 Vars, 494404 NZs
  Matrix coefficient range    : [ 1.00046e-13, 1 ]
  Objective coefficient range : [ 1.1055e-21, 1.91224e+08 ]
  Variable bound range        : [ 0.05, 1 ]
  RHS coefficient range       : [ 6.96893e-09, 1 ]
Objective value for Line heur k = 71: 7048877.521142469
19
Actual reward of current solution: 42206413.26928357
Minimum Difference with past solutions:0.0.
New solution equals old solution at k=71
18
Total Reward at the start of the inner iterations: 42206413.26928357
Gurobi status: 2

Statistics for model Linearization Heuristic :
  Linear constraint matrix    : 4470 Constrs, 2880 Vars, 456804 NZs
  Matrix coefficient range    : [ 1.00046e-13, 1 ]
  Objective coefficient range : [ 1.1055e-21, 1.91224e+08 ]
  Variable bound range        : [ 0.05, 1 ]
  RHS coefficient range       : [ 6.67748e-09, 1 ]
Objective value for Line heur k = 72: 6837069.810128328
18
Actual reward of current solution: 42206413.26928357
Minimum Difference with past solutions:0.0.
New solution equals old solution at k=72
17
Total Reward at the start of the inner iterations: 42206413.26928357
Gurobi status: 2

Statistics for model Linearization Heuristic :
  Linear constraint matrix    : 4305 Constrs, 2790 Vars, 420439 NZs
  Matrix coefficient range    : [ 1.00046e-13, 1 ]
  Objective coefficient range : [ 1.1055e-21, 1.91224e+08 ]
  Variable bound range        : [ 0.05, 1 ]
  RHS coefficient range       : [ 6.3946e-09, 1 ]
Objective value for Line heur k = 73: 6625047.219475221
17
Actual reward of current solution: 42206413.26928357
Minimum Difference with past solutions:0.0.
New solution equals old solution at k=73
16
Total Reward at the start of the inner iterations: 42206413.26928357
Gurobi status: 2

Statistics for model Linearization Heuristic :
  Linear constraint matrix    : 4140 Constrs, 2700 Vars, 385310 NZs
  Matrix coefficient range    : [ 1.00046e-13, 1 ]
  Objective coefficient range : [ 1.1055e-21, 1.91224e+08 ]
  Variable bound range        : [ 0.05, 1 ]
  RHS coefficient range       : [ 6.12057e-09, 1 ]
Objective value for Line heur k = 74: 6412823.704939262
16
Actual reward of current solution: 42206413.26928357
Minimum Difference with past solutions:0.0.
New solution equals old solution at k=74
15
Total Reward at the start of the inner iterations: 42206413.26928357
Gurobi status: 2

Statistics for model Linearization Heuristic :
  Linear constraint matrix    : 3975 Constrs, 2610 Vars, 351416 NZs
  Matrix coefficient range    : [ 1.00055e-13, 1 ]
  Objective coefficient range : [ 1.1055e-21, 1.91224e+08 ]
  Variable bound range        : [ 0.05, 1 ]
  RHS coefficient range       : [ 5.85554e-09, 1 ]
Objective value for Line heur k = 75: 6200412.4974488085
15
Actual reward of current solution: 42206413.26928357
Minimum Difference with past solutions:0.0.
New solution equals old solution at k=75
14
Total Reward at the start of the inner iterations: 42206413.26928357
Gurobi status: 2

Statistics for model Linearization Heuristic :
  Linear constraint matrix    : 3810 Constrs, 2520 Vars, 318759 NZs
  Matrix coefficient range    : [ 1.00055e-13, 1 ]
  Objective coefficient range : [ 1.1055e-21, 1.91224e+08 ]
  Variable bound range        : [ 0.05, 1 ]
  RHS coefficient range       : [ 4.74152e-09, 1 ]
Objective value for Line heur k = 76: 5987826.142856881
14
Actual reward of current solution: 42206413.26928357
Minimum Difference with past solutions:0.0.
New solution equals old solution at k=76
13
Total Reward at the start of the inner iterations: 42206413.26928357
Gurobi status: 2

Statistics for model Linearization Heuristic :
  Linear constraint matrix    : 3645 Constrs, 2430 Vars, 287338 NZs
  Matrix coefficient range    : [ 1.00055e-13, 1 ]
  Objective coefficient range : [ 1.1055e-21, 1.91224e+08 ]
  Variable bound range        : [ 0.05, 1 ]
  RHS coefficient range       : [ 7.631e-10, 1 ]
Objective value for Line heur k = 77: 5775076.540058293
13
Actual reward of current solution: 42206413.26928357
Minimum Difference with past solutions:0.0.
New solution equals old solution at k=77
12
Total Reward at the start of the inner iterations: 42206413.26928357
Gurobi status: 2

Statistics for model Linearization Heuristic :
  Linear constraint matrix    : 3480 Constrs, 2340 Vars, 257152 NZs
  Matrix coefficient range    : [ 1.00055e-13, 1 ]
  Objective coefficient range : [ 1.1055e-21, 1.91224e+08 ]
  Variable bound range        : [ 0.05, 1 ]
  RHS coefficient range       : [ 9.70218e-10, 1 ]
Objective value for Line heur k = 78: 5562174.977870113
12
Actual reward of current solution: 42206413.26928357
Minimum Difference with past solutions:0.0.
New solution equals old solution at k=78
11
Total Reward at the start of the inner iterations: 42206413.26928357
Gurobi status: 2

Statistics for model Linearization Heuristic :
  Linear constraint matrix    : 3315 Constrs, 2250 Vars, 228203 NZs
  Matrix coefficient range    : [ 1.00055e-13, 1 ]
  Objective coefficient range : [ 1.1055e-21, 1.91224e+08 ]
  Variable bound range        : [ 0.05, 1 ]
  RHS coefficient range       : [ 2.77242e-11, 1 ]
Objective value for Line heur k = 79: 5349132.171280819
11
Actual reward of current solution: 42206413.26928357
Minimum Difference with past solutions:0.0.
New solution equals old solution at k=79
10
Total Reward at the start of the inner iterations: 42206413.26928357
Gurobi status: 2

Statistics for model Linearization Heuristic :
  Linear constraint matrix    : 3150 Constrs, 2160 Vars, 200491 NZs
  Matrix coefficient range    : [ 1.00055e-13, 1 ]
  Objective coefficient range : [ 1.1055e-21, 1.91224e+08 ]
  Variable bound range        : [ 0.05, 1 ]
  RHS coefficient range       : [ 1.40272e-09, 1 ]
Objective value for Line heur k = 80: 5135958.298034345
10
Actual reward of current solution: 42206413.26928357
Minimum Difference with past solutions:0.0.
New solution equals old solution at k=80
9
Total Reward at the start of the inner iterations: 42206413.26928357
Gurobi status: 2

Statistics for model Linearization Heuristic :
  Linear constraint matrix    : 2985 Constrs, 2070 Vars, 174014 NZs
  Matrix coefficient range    : [ 1.00268e-13, 1 ]
  Objective coefficient range : [ 1.1055e-21, 1.91224e+08 ]
  Variable bound range        : [ 0.05, 1 ]
  RHS coefficient range       : [ 2.94302e-09, 1 ]
Objective value for Line heur k = 81: 4922663.037145092
9
Actual reward of current solution: 42206413.26928357
Minimum Difference with past solutions:0.0.
New solution equals old solution at k=81
8
Total Reward at the start of the inner iterations: 42206413.26928357
Gurobi status: 2

Statistics for model Linearization Heuristic :
  Linear constraint matrix    : 2820 Constrs, 1980 Vars, 148775 NZs
  Matrix coefficient range    : [ 1.00268e-13, 1 ]
  Objective coefficient range : [ 1.1055e-21, 1.91224e+08 ]
  Variable bound range        : [ 0.05, 1 ]
  RHS coefficient range       : [ 4.48776e-09, 1 ]
Objective value for Line heur k = 82: 4709255.6120347595
8
Actual reward of current solution: 42206413.26928357
Minimum Difference with past solutions:0.0.
New solution equals old solution at k=82
7
Total Reward at the start of the inner iterations: 42206413.26928357
Gurobi status: 2

Statistics for model Linearization Heuristic :
  Linear constraint matrix    : 2655 Constrs, 1890 Vars, 124774 NZs
  Matrix coefficient range    : [ 1.00268e-13, 1 ]
  Objective coefficient range : [ 1.1055e-21, 1.91224e+08 ]
  Variable bound range        : [ 0.05, 1 ]
  RHS coefficient range       : [ 6.04018e-09, 1 ]
Objective value for Line heur k = 83: 4495744.8428827375
7
Actual reward of current solution: 42206413.26928357
Minimum Difference with past solutions:0.0.
New solution equals old solution at k=83
6
Total Reward at the start of the inner iterations: 42206413.26928357
Gurobi status: 2

Statistics for model Linearization Heuristic :
  Linear constraint matrix    : 2490 Constrs, 1800 Vars, 102068 NZs
  Matrix coefficient range    : [ 1.00268e-13, 1 ]
  Objective coefficient range : [ 1.1055e-21, 1.91224e+08 ]
  Variable bound range        : [ 0.05, 1 ]
  RHS coefficient range       : [ 7.60589e-09, 0.289869 ]
Objective value for Line heur k = 84: 4282139.216079712
6
Actual reward of current solution: 42206413.26928357
Minimum Difference with past solutions:0.0.
New solution equals old solution at k=84
5
Total Reward at the start of the inner iterations: 42206413.26928357
Gurobi status: 2

Statistics for model Linearization Heuristic :
  Linear constraint matrix    : 2379 Constrs, 1710 Vars, 80605 NZs
  Matrix coefficient range    : [ 1.00268e-13, 1 ]
  Objective coefficient range : [ 1.1055e-21, 1.91224e+08 ]
  Variable bound range        : [ 0.05, 1 ]
  RHS coefficient range       : [ 9.19463e-09, 1 ]
Objective value for Line heur k = 85: 4068446.984393362
5
Actual reward of current solution: 42206413.26928357
Minimum Difference with past solutions:0.0.
New solution equals old solution at k=85
4
Total Reward at the start of the inner iterations: 42206413.26928357
Gurobi status: 2

Statistics for model Linearization Heuristic :
  Linear constraint matrix    : 2214 Constrs, 1620 Vars, 60352 NZs
  Matrix coefficient range    : [ 1.00268e-13, 1 ]
  Objective coefficient range : [ 1.1055e-21, 1.91224e+08 ]
  Variable bound range        : [ 0.05, 1 ]
  RHS coefficient range       : [ 1.08232e-08, 1 ]
Objective value for Line heur k = 86: 3854676.3213714557
4
Actual reward of current solution: 42206413.26928357
Minimum Difference with past solutions:0.0.
New solution equals old solution at k=86
3
Total Reward at the start of the inner iterations: 42206413.26928357
Gurobi status: 2

Statistics for model Linearization Heuristic :
  Linear constraint matrix    : 2049 Constrs, 1530 Vars, 41403 NZs
  Matrix coefficient range    : [ 1.00746e-13, 1 ]
  Objective coefficient range : [ 1.1055e-21, 1.91224e+08 ]
  Variable bound range        : [ 0.05, 1 ]
  RHS coefficient range       : [ 1.25209e-08, 1 ]
Objective value for Line heur k = 87: 3640835.5706995684
3
Actual reward of current solution: 42206413.26928357
Minimum Difference with past solutions:0.0.
New solution equals old solution at k=87
2
Total Reward at the start of the inner iterations: 42206413.26928357
Gurobi status: 2

Statistics for model Linearization Heuristic :
  Linear constraint matrix    : 1884 Constrs, 1440 Vars, 23930 NZs
  Matrix coefficient range    : [ 1.03559e-13, 1 ]
  Objective coefficient range : [ 1.41194e-21, 1.91224e+08 ]
  Variable bound range        : [ 0.05, 1 ]
  RHS coefficient range       : [ 1.43382e-08, 1 ]
Objective value for Line heur k = 88: 3426933.6610354646
2
Actual reward of current solution: 42206413.26928357
Minimum Difference with past solutions:0.0.
New solution equals old solution at k=88
1
Total Reward at the start of the inner iterations: 42206413.26928357
Gurobi status: 2

Statistics for model Linearization Heuristic :
  Linear constraint matrix    : 1719 Constrs, 1350 Vars, 11838 NZs
  Matrix coefficient range    : [ 1.03559e-13, 1 ]
  Objective coefficient range : [ 1.38778e-17, 1.91224e+08 ]
  Variable bound range        : [ 0.05, 1 ]
  RHS coefficient range       : [ 1.63629e-08, 1 ]
Objective value for Line heur k = 89: 3212980.808512717
1
Actual reward of current solution: 42206413.26928357
Minimum Difference with past solutions:0.0.
New solution equals old solution at k=89
0
Total Reward at the start of the inner iterations: 42206413.26928357
Gurobi status: 2

Statistics for model Linearization Heuristic :
  Linear constraint matrix    : 1554 Constrs, 1260 Vars, 2709 NZs
  Matrix coefficient range    : [ 0.288979, 1 ]
  Objective coefficient range : [ 1.38778e-17, 1.91224e+08 ]
  Variable bound range        : [ 0.05, 1 ]
  RHS coefficient range       : [ 1.87468e-08, 0.289843 ]
Objective value for Line heur k = 90: 2998989.718685591
0
Actual reward of current solution: 42206413.26928357
Minimum Difference with past solutions:0.0.
New solution equals old solution at k=90
0
Total Reward at the start of the inner iterations: 42206413.26928357
Gurobi status: 2

Statistics for model Linearization Heuristic :
  Linear constraint matrix    : 1443 Constrs, 1170 Vars, 2457 NZs
  Matrix coefficient range    : [ 0.317935, 1 ]
  Objective coefficient range : [ 1.38778e-17, 1.91224e+08 ]
  Variable bound range        : [ 0.05, 1 ]
  RHS coefficient range       : [ 1.87468e-08, 0.289843 ]
Objective value for Line heur k = 91: 2784776.1405924046
0
Actual reward of current solution: 42206413.26928357
Minimum Difference with past solutions:0.0.
New solution equals old solution at k=91
0
Total Reward at the start of the inner iterations: 42206413.26928357
Gurobi status: 2

Statistics for model Linearization Heuristic :
  Linear constraint matrix    : 1332 Constrs, 1080 Vars, 2214 NZs
  Matrix coefficient range    : [ 0.349792, 1 ]
  Objective coefficient range : [ 1.38778e-17, 1.91224e+08 ]
  Variable bound range        : [ 0.05, 1 ]
  RHS coefficient range       : [ 1.87468e-08, 0.289843 ]
Objective value for Line heur k = 92: 2570562.568631427
0
Actual reward of current solution: 42206413.26928357
Minimum Difference with past solutions:0.0.
New solution equals old solution at k=92
0
Total Reward at the start of the inner iterations: 42206413.26928357
Gurobi status: 2

Statistics for model Linearization Heuristic :
  Linear constraint matrix    : 1221 Constrs, 990 Vars, 1980 NZs
  Matrix coefficient range    : [ 0.384842, 1 ]
  Objective coefficient range : [ 1.38778e-17, 1.91224e+08 ]
  Variable bound range        : [ 0.05, 1 ]
  RHS coefficient range       : [ 1.87468e-08, 0.289843 ]
Objective value for Line heur k = 93: 2356349.0025010626
0
Actual reward of current solution: 42206413.26928357
Minimum Difference with past solutions:0.0.
New solution equals old solution at k=93
0
Total Reward at the start of the inner iterations: 42206413.26928357
Gurobi status: 2

Statistics for model Linearization Heuristic :
  Linear constraint matrix    : 1110 Constrs, 900 Vars, 1755 NZs
  Matrix coefficient range    : [ 0.423403, 1 ]
  Objective coefficient range : [ 1.38778e-17, 1.91224e+08 ]
  Variable bound range        : [ 0.05, 1 ]
  RHS coefficient range       : [ 1.87468e-08, 0.289843 ]
Objective value for Line heur k = 94: 2142135.4416672573
0
Actual reward of current solution: 42206413.26928357
Minimum Difference with past solutions:0.0.
New solution equals old solution at k=94
0
Total Reward at the start of the inner iterations: 42206413.26928357
Gurobi status: 2

Statistics for model Linearization Heuristic :
  Linear constraint matrix    : 999 Constrs, 810 Vars, 1539 NZs
  Matrix coefficient range    : [ 0.465828, 1 ]
  Objective coefficient range : [ 1.38778e-17, 1.91224e+08 ]
  Variable bound range        : [ 0.05, 1 ]
  RHS coefficient range       : [ 1.87468e-08, 0.289843 ]
Objective value for Line heur k = 95: 1927921.8854985738
0
Actual reward of current solution: 42206413.26928357
Minimum Difference with past solutions:0.0.
New solution equals old solution at k=95
0
Total Reward at the start of the inner iterations: 42206413.26928357
Gurobi status: 2

Statistics for model Linearization Heuristic :
  Linear constraint matrix    : 888 Constrs, 720 Vars, 1332 NZs
  Matrix coefficient range    : [ 0.512504, 1 ]
  Objective coefficient range : [ 1.38778e-17, 1.91224e+08 ]
  Variable bound range        : [ 0.05, 1 ]
  RHS coefficient range       : [ 1.87468e-08, 0.289843 ]
Objective value for Line heur k = 96: 1713708.3333482582
0
Actual reward of current solution: 42206413.26928357
Minimum Difference with past solutions:0.0.
New solution equals old solution at k=96
0
Total Reward at the start of the inner iterations: 42206413.26928357
Gurobi status: 2

Statistics for model Linearization Heuristic :
  Linear constraint matrix    : 777 Constrs, 630 Vars, 1134 NZs
  Matrix coefficient range    : [ 0.563857, 1 ]
  Objective coefficient range : [ 1.38778e-17, 1.91224e+08 ]
  Variable bound range        : [ 0.05, 1 ]
  RHS coefficient range       : [ 1.87468e-08, 0.289843 ]
Objective value for Line heur k = 97: 1499494.7846013552
0
Actual reward of current solution: 42206413.26928357
Minimum Difference with past solutions:0.0.
New solution equals old solution at k=97
0
Total Reward at the start of the inner iterations: 42206413.26928357
Gurobi status: 2

Statistics for model Linearization Heuristic :
  Linear constraint matrix    : 666 Constrs, 540 Vars, 945 NZs
  Matrix coefficient range    : [ 0.620356, 1 ]
  Objective coefficient range : [ 1.38778e-17, 1.91224e+08 ]
  Variable bound range        : [ 0.05, 1 ]
  RHS coefficient range       : [ 1.87468e-08, 0.289843 ]
Objective value for Line heur k = 98: 1285281.2386992495
0
Actual reward of current solution: 42206413.26928357
Minimum Difference with past solutions:0.0.
New solution equals old solution at k=98
0
Total Reward at the start of the inner iterations: 42206413.26928357
Gurobi status: 2

Statistics for model Linearization Heuristic :
  Linear constraint matrix    : 555 Constrs, 450 Vars, 765 NZs
  Matrix coefficient range    : [ 0.682516, 1 ]
  Objective coefficient range : [ 1.38778e-17, 1.91224e+08 ]
  Variable bound range        : [ 0.05, 1 ]
  RHS coefficient range       : [ 1.87468e-08, 0.289843 ]
Objective value for Line heur k = 99: 1071067.6951499172
0
Actual reward of current solution: 42206413.26928357
Minimum Difference with past solutions:0.0.
New solution equals old solution at k=99
0
Total Reward at the start of the inner iterations: 42206413.26928357
Gurobi status: 2

Statistics for model Linearization Heuristic :
  Linear constraint matrix    : 444 Constrs, 360 Vars, 594 NZs
  Matrix coefficient range    : [ 0.750904, 1 ]
  Objective coefficient range : [ 1.38778e-17, 1.91224e+08 ]
  Variable bound range        : [ 0.05, 1 ]
  RHS coefficient range       : [ 1.87468e-08, 0.289843 ]
Objective value for Line heur k = 100: 856854.1535295445
0
Actual reward of current solution: 42206413.26928357
Minimum Difference with past solutions:0.0.
New solution equals old solution at k=100
0
Total Reward at the start of the inner iterations: 42206413.26928357
Gurobi status: 2

Statistics for model Linearization Heuristic :
  Linear constraint matrix    : 333 Constrs, 270 Vars, 432 NZs
  Matrix coefficient range    : [ 0.826145, 1 ]
  Objective coefficient range : [ 1.38778e-17, 1.91224e+08 ]
  Variable bound range        : [ 0.05, 1 ]
  RHS coefficient range       : [ 1.87468e-08, 0.289843 ]
Objective value for Line heur k = 101: 642640.6134791754
0
Actual reward of current solution: 42206413.26928357
Minimum Difference with past solutions:0.0.
New solution equals old solution at k=101
0
Total Reward at the start of the inner iterations: 42206413.26928357
Gurobi status: 2

Statistics for model Linearization Heuristic :
  Linear constraint matrix    : 222 Constrs, 180 Vars, 279 NZs
  Matrix coefficient range    : [ 0.908925, 1 ]
  Objective coefficient range : [ 1.50868e-05, 1.91224e+08 ]
  Variable bound range        : [ 0.05, 1 ]
  RHS coefficient range       : [ 1.87468e-08, 0.289843 ]
Objective value for Line heur k = 102: 428427.0746987732
0
Actual reward of current solution: 42206413.26928357
Minimum Difference with past solutions:0.0.
New solution equals old solution at k=102
0
Total Reward at the start of the inner iterations: 42206413.26928357
Gurobi status: 2

Statistics for model Linearization Heuristic :
  Linear constraint matrix    : 111 Constrs, 90 Vars, 135 NZs
  Matrix coefficient range    : [ 1, 1 ]
  Objective coefficient range : [ 1175.08, 1.91224e+08 ]
  Variable bound range        : [ 0.05, 1 ]
  RHS coefficient range       : [ 1.87468e-08, 0.289843 ]
Objective value for Line heur k = 103: 214213.536940197
0
Actual reward of current solution: 42206413.26928357
Minimum Difference with past solutions:0.0.
New solution equals old solution at k=103
Total running time for 90 days is 1715.7401700019836
Economic Value: 59956396.290781066
Deaths 0.09523055807499474
Total Reward 42206413.26928357
