{'groups': 'all', 'params_to_try': {'delta_schooling': [0.5], 'xi': [0, 371990.3, 929975.75, 1859951.5, 3719903, 5579854.5], 'icus': [2900], 'tests': [[60000, 0]], 'testing': ['homogeneous'], 'eta': [0.1]}}
{'groups': 'all', 'params_to_try': {'delta_schooling': [0.5], 'xi': [0, 371990.3, 929975.75, 1859951.5, 3719903, 5579854.5], 'icus': [2900], 'tests': [[60000, 0]], 'testing': ['homogeneous'], 'eta': [0.1]}}
{'groups': 'all', 'params_to_try': {'delta_schooling': [0.5566917301473991], 'icus': [2900], 'eta': [0.09889748719588694], 'tests': [[0, 0]], 'xi': [18599515.0], 'testing': ['homogeneous']}}
results/time_gradient/xi-18599515_icus-2900_testing-homogeneous_natests-0_nmtests-0_T-90_startday-0_groups-all_dschool-0.556692_eta-0.098897_freq-90-14_initParamVarying-multiplier_beta_randomInstance-61.yaml
{'groups': 'all', 'params_to_try': {'delta_schooling': [0.5], 'xi': [0, 371990.3, 929975.75, 1859951.5, 3719903, 5579854.5], 'icus': [2900], 'tests': [[60000, 0]], 'testing': ['homogeneous'], 'eta': [0.1]}}
{'groups': 'all', 'params_to_try': {'delta_schooling': [0.5], 'xi': [0, 371990.3, 929975.75, 1859951.5, 3719903, 5579854.5], 'icus': [2900], 'tests': [[60000, 0]], 'testing': ['homogeneous'], 'eta': [0.1]}}
{'groups': 'all', 'params_to_try': {'delta_schooling': [0.5566917301473991], 'icus': [2900], 'eta': [0.09889748719588694], 'tests': [[0, 0]], 'xi': [18599515.0], 'testing': ['homogeneous']}}
results/dynamic_gradient/xi-18599515_icus-2900_testing-homogeneous_natests-0_nmtests-0_T-90_startday-0_groups-all_dschool-0.556692_eta-0.098897_freq-90-14_initParamVarying-multiplier_beta_randomInstance-61.yaml
500
(0.5, 185995150.0, 0.29, 0.0, (7, 14), 'fitted-scaled', 'econ-scaled', 'oct21-scaled', 0.1, 0.05, 2, 'dynamic_gradient', 61, 'multiplier_beta')
The value of T is: 104
Missing starting point -- Running the initial heuristic.
/home/groups/daniancu/covid-optimization/covid-optimization
90
Total Reward at the start of the inner iterations: 42605632.73896021
Using license file /share/software/user/restricted/gurobi/9.0.3_py36/licenses/gurobi.lic
Set parameter TokenServer to value license4.stanford.edu
Gurobi status: 2

Statistics for model Linearization Heuristic :
  Linear constraint matrix    : 16026 Constrs, 9360 Vars, 5738517 NZs
  Matrix coefficient range    : [ 1e-13, 1 ]
  Objective coefficient range : [ 2.52971e-23, 1.91224e+08 ]
  Variable bound range        : [ 0.05, 1 ]
  RHS coefficient range       : [ 1.17811e-07, 0.292286 ]
Objective value for Line heur k = 0: 13231394.064022493
90
Actual reward of current solution: 42084659.777782924
Minimum Difference with past solutions:0.050000000000000044.
Gurobi status: 2

Statistics for model Linearization Heuristic :
  Linear constraint matrix    : 16026 Constrs, 9360 Vars, 6321128 NZs
  Matrix coefficient range    : [ 1.00001e-13, 1 ]
  Objective coefficient range : [ 1.71391e-21, 1.91224e+08 ]
  Variable bound range        : [ 0.05, 1 ]
  RHS coefficient range       : [ 1.50827e-07, 0.293184 ]
Objective value for Line heur k = 0: 12490327.078246916
90
Actual reward of current solution: 42669135.735175446
Minimum Difference with past solutions:0.050000000000000044.
Gurobi status: 2

Statistics for model Linearization Heuristic :
  Linear constraint matrix    : 16026 Constrs, 9360 Vars, 5738549 NZs
  Matrix coefficient range    : [ 1.00121e-13, 1 ]
  Objective coefficient range : [ 1.0787e-21, 1.91224e+08 ]
  Variable bound range        : [ 0.05, 1 ]
  RHS coefficient range       : [ 1.20634e-07, 0.292365 ]
Objective value for Line heur k = 0: 13288928.873524215
90
Actual reward of current solution: 42142844.61559374
Minimum Difference with past solutions:0.050000000000000044.
Gurobi status: 2

Statistics for model Linearization Heuristic :
  Linear constraint matrix    : 16026 Constrs, 9360 Vars, 6321153 NZs
  Matrix coefficient range    : [ 1.00014e-13, 1 ]
  Objective coefficient range : [ 4.00868e-22, 1.91224e+08 ]
  Variable bound range        : [ 0.05, 1 ]
  RHS coefficient range       : [ 1.54408e-07, 0.293295 ]
Objective value for Line heur k = 0: 12533669.779115053
90
Actual reward of current solution: 42734798.47778884
Minimum Difference with past solutions:0.050000000000000044.
Gurobi status: 2

Statistics for model Linearization Heuristic :
  Linear constraint matrix    : 16026 Constrs, 9360 Vars, 5738577 NZs
  Matrix coefficient range    : [ 1.00054e-13, 1 ]
  Objective coefficient range : [ 4.0123e-22, 1.91224e+08 ]
  Variable bound range        : [ 0.05, 1 ]
  RHS coefficient range       : [ 1.23246e-07, 0.29244 ]
Objective value for Line heur k = 0: 13351244.253733488
90
Actual reward of current solution: 42203216.85109128
Minimum Difference with past solutions:0.050000000000000044.
Gurobi status: 2

Statistics for model Linearization Heuristic :
  Linear constraint matrix    : 16026 Constrs, 9360 Vars, 6321176 NZs
  Matrix coefficient range    : [ 1.00157e-13, 1 ]
  Objective coefficient range : [ 7.14494e-22, 1.91224e+08 ]
  Variable bound range        : [ 0.05, 1 ]
  RHS coefficient range       : [ 1.57774e-07, 0.2934 ]
Objective value for Line heur k = 0: 12579606.182072092
90
Actual reward of current solution: 42801416.96785639
Minimum Difference with past solutions:0.050000000000000044.
Gurobi status: 2

Statistics for model Linearization Heuristic :
  Linear constraint matrix    : 16026 Constrs, 9360 Vars, 5738598 NZs
  Matrix coefficient range    : [ 1.00009e-13, 1 ]
  Objective coefficient range : [ 4.43391e-22, 1.91224e+08 ]
  Variable bound range        : [ 0.05, 1 ]
  RHS coefficient range       : [ 1.2548e-07, 0.292505 ]
Objective value for Line heur k = 0: 13410257.237808714
90
Actual reward of current solution: 42265675.389909506
Minimum Difference with past solutions:0.050000000000000044.
Gurobi status: 2

Statistics for model Linearization Heuristic :
  Linear constraint matrix    : 16026 Constrs, 9360 Vars, 6321185 NZs
  Matrix coefficient range    : [ 1.00158e-13, 1 ]
  Objective coefficient range : [ 6.17343e-23, 1.91224e+08 ]
  Variable bound range        : [ 0.05, 1 ]
  RHS coefficient range       : [ 1.59899e-07, 0.293469 ]
Objective value for Line heur k = 0: 12632428.772381194
90
Actual reward of current solution: 42867758.26033889
Minimum Difference with past solutions:0.050000000000000044.
Gurobi status: 2

Statistics for model Linearization Heuristic :
  Linear constraint matrix    : 16026 Constrs, 9360 Vars, 5738617 NZs
  Matrix coefficient range    : [ 1.0019e-13, 1 ]
  Objective coefficient range : [ 6.20086e-22, 1.91224e+08 ]
  Variable bound range        : [ 0.05, 1 ]
  RHS coefficient range       : [ 1.26833e-07, 0.292545 ]
Objective value for Line heur k = 0: 13476258.2638702
90
Actual reward of current solution: 42329405.623437285
Minimum Difference with past solutions:0.050000000000000044.
Gurobi status: 2

Statistics for model Linearization Heuristic :
  Linear constraint matrix    : 16026 Constrs, 9360 Vars, 6321193 NZs
  Matrix coefficient range    : [ 1.00096e-13, 1 ]
  Objective coefficient range : [ 2.43256e-21, 1.91224e+08 ]
  Variable bound range        : [ 0.05, 1 ]
  RHS coefficient range       : [ 1.61527e-07, 0.293522 ]
Objective value for Line heur k = 0: 12691700.892009117
90
Actual reward of current solution: 42934814.4840168
Minimum Difference with past solutions:0.050000000000000044.
Gurobi status: 2

Statistics for model Linearization Heuristic :
  Linear constraint matrix    : 16026 Constrs, 9360 Vars, 5738631 NZs
  Matrix coefficient range    : [ 1.0001e-13, 1 ]
  Objective coefficient range : [ 1.3107e-21, 1.91224e+08 ]
  Variable bound range        : [ 0.05, 1 ]
  RHS coefficient range       : [ 1.28116e-07, 0.292584 ]
Objective value for Line heur k = 0: 13543548.292174801
90
Actual reward of current solution: 42393979.65155595
Minimum Difference with past solutions:0.050000000000000044.
Gurobi status: 2

Statistics for model Linearization Heuristic :
  Linear constraint matrix    : 16026 Constrs, 9360 Vars, 6321198 NZs
  Matrix coefficient range    : [ 1.00102e-13, 1 ]
  Objective coefficient range : [ 1.40282e-21, 1.91224e+08 ]
  Variable bound range        : [ 0.05, 1 ]
  RHS coefficient range       : [ 1.63043e-07, 0.293571 ]
Objective value for Line heur k = 0: 12750743.857669227
90
Actual reward of current solution: 43002255.853376225
Minimum Difference with past solutions:0.050000000000000044.
Gurobi status: 2

Statistics for model Linearization Heuristic :
  Linear constraint matrix    : 16026 Constrs, 9360 Vars, 5738640 NZs
  Matrix coefficient range    : [ 1.00061e-13, 1 ]
  Objective coefficient range : [ 7.54748e-23, 1.91224e+08 ]
  Variable bound range        : [ 0.05, 1 ]
  RHS coefficient range       : [ 1.29165e-07, 0.292612 ]
Objective value for Line heur k = 0: 13610555.949370442
90
Actual reward of current solution: 42459518.087715626
Minimum Difference with past solutions:0.050000000000000044.
Gurobi status: 2

Statistics for model Linearization Heuristic :
  Linear constraint matrix    : 16026 Constrs, 9360 Vars, 6321207 NZs
  Matrix coefficient range    : [ 1.00099e-13, 1 ]
  Objective coefficient range : [ 1.09221e-21, 1.91224e+08 ]
  Variable bound range        : [ 0.05, 1 ]
  RHS coefficient range       : [ 1.64141e-07, 0.293598 ]
Objective value for Line heur k = 0: 12815766.330398967
90
Actual reward of current solution: 43069994.18902132
Minimum Difference with past solutions:0.050000000000000044.
Gurobi status: 2

Statistics for model Linearization Heuristic :
  Linear constraint matrix    : 16026 Constrs, 9360 Vars, 5738647 NZs
  Matrix coefficient range    : [ 1.00161e-13, 1 ]
  Objective coefficient range : [ 1.5771e-23, 1.91224e+08 ]
  Variable bound range        : [ 0.05, 1 ]
  RHS coefficient range       : [ 1.30051e-07, 0.292632 ]
Objective value for Line heur k = 0: 13680001.289205339
90
Actual reward of current solution: 42525597.47950541
Minimum Difference with past solutions:0.050000000000000044.
Gurobi status: 2

Statistics for model Linearization Heuristic :
  Linear constraint matrix    : 16026 Constrs, 9360 Vars, 6321214 NZs
  Matrix coefficient range    : [ 1.00032e-13, 1 ]
  Objective coefficient range : [ 1.71939e-21, 1.91224e+08 ]
  Variable bound range        : [ 0.05, 1 ]
  RHS coefficient range       : [ 1.65188e-07, 0.293623 ]
Objective value for Line heur k = 0: 12879642.507708192
90
Actual reward of current solution: 43137866.740040615
Minimum Difference with past solutions:0.050000000000000044.
Gurobi status: 2

Statistics for model Linearization Heuristic :
  Linear constraint matrix    : 16026 Constrs, 9360 Vars, 5738652 NZs
  Matrix coefficient range    : [ 1.00171e-13, 1 ]
  Objective coefficient range : [ 6.61373e-22, 1.91224e+08 ]
  Variable bound range        : [ 0.05, 1 ]
  RHS coefficient range       : [ 1.30875e-07, 0.292649 ]
Objective value for Line heur k = 0: 13746418.893868461
90
Actual reward of current solution: 42592380.71256786
Minimum Difference with past solutions:0.050000000000000044.
Gurobi status: 2

Statistics for model Linearization Heuristic :
  Linear constraint matrix    : 16026 Constrs, 9360 Vars, 6321216 NZs
  Matrix coefficient range    : [ 1.00035e-13, 1 ]
  Objective coefficient range : [ 8.95579e-22, 1.91224e+08 ]
  Variable bound range        : [ 0.05, 1 ]
  RHS coefficient range       : [ 1.65787e-07, 0.293636 ]
Objective value for Line heur k = 0: 12943354.137171509
90
Actual reward of current solution: 43205380.53200771
Minimum Difference with past solutions:0.05.
Gurobi status: 2

Statistics for model Linearization Heuristic :
  Linear constraint matrix    : 16026 Constrs, 9360 Vars, 5738653 NZs
  Matrix coefficient range    : [ 1.00039e-13, 1 ]
  Objective coefficient range : [ 3.76588e-22, 1.91224e+08 ]
  Variable bound range        : [ 0.05, 1 ]
  RHS coefficient range       : [ 1.30969e-07, 0.292651 ]
Objective value for Line heur k = 0: 13812317.029273743
90
Actual reward of current solution: 42659745.30171843
Minimum Difference with past solutions:0.05.
Gurobi status: 2

Statistics for model Linearization Heuristic :
  Linear constraint matrix    : 16026 Constrs, 9360 Vars, 6321216 NZs
  Matrix coefficient range    : [ 1.00036e-13, 1 ]
  Objective coefficient range : [ 2.36904e-21, 1.91224e+08 ]
  Variable bound range        : [ 0.05, 1 ]
  RHS coefficient range       : [ 1.65787e-07, 0.293636 ]
Objective value for Line heur k = 0: 13010659.686854023
90
Actual reward of current solution: 43272758.014357656
Minimum Difference with past solutions:0.05.
Gurobi status: 2

Statistics for model Linearization Heuristic :
  Linear constraint matrix    : 16026 Constrs, 9360 Vars, 5738653 NZs
  Matrix coefficient range    : [ 1.00039e-13, 1 ]
  Objective coefficient range : [ 3.77176e-22, 1.91224e+08 ]
  Variable bound range        : [ 0.05, 1 ]
  RHS coefficient range       : [ 1.30969e-07, 0.292651 ]
Objective value for Line heur k = 0: 13846000.38125584
90
Actual reward of current solution: 42693433.64259162
Minimum Difference with past solutions:0.049999999999999684.
Gurobi status: 2

Statistics for model Linearization Heuristic :
  Linear constraint matrix    : 16026 Constrs, 9360 Vars, 6321216 NZs
  Matrix coefficient range    : [ 1.00036e-13, 1 ]
  Objective coefficient range : [ 2.37823e-21, 1.91224e+08 ]
  Variable bound range        : [ 0.05, 1 ]
  RHS coefficient range       : [ 1.65787e-07, 0.293636 ]
Objective value for Line heur k = 0: 13010656.493970525
90
Actual reward of current solution: 43272758.014357656
Minimum Difference with past solutions:0.0.
New solution equals old solution at k=0
89
Total Reward at the start of the inner iterations: 43272758.014357656
Gurobi status: 2

Statistics for model Linearization Heuristic :
  Linear constraint matrix    : 15915 Constrs, 9270 Vars, 5644506 NZs
  Matrix coefficient range    : [ 1.00039e-13, 1 ]
  Objective coefficient range : [ 3.77176e-22, 1.91224e+08 ]
  Variable bound range        : [ 0.05, 1 ]
  RHS coefficient range       : [ 6.941e-08, 1 ]
Objective value for Line heur k = 1: 13918250.752500996
89
Actual reward of current solution: 43163377.919056855
Minimum Difference with past solutions:0.05.
Gurobi status: 2

Statistics for model Linearization Heuristic :
  Linear constraint matrix    : 15915 Constrs, 9270 Vars, 5819255 NZs
  Matrix coefficient range    : [ 1.00076e-13, 1 ]
  Objective coefficient range : [ 1.75213e-22, 1.91224e+08 ]
  Variable bound range        : [ 0.05, 1 ]
  RHS coefficient range       : [ 9.74652e-08, 1 ]
Objective value for Line heur k = 1: 13655656.514640737
89
Actual reward of current solution: 43272758.014357656
Minimum Difference with past solutions:0.0.
New solution equals old solution at k=1
88
Total Reward at the start of the inner iterations: 43272758.014357656
Gurobi status: 2

Statistics for model Linearization Heuristic :
  Linear constraint matrix    : 15750 Constrs, 9180 Vars, 5551236 NZs
  Matrix coefficient range    : [ 1.00039e-13, 1 ]
  Objective coefficient range : [ 3.77176e-22, 1.91224e+08 ]
  Variable bound range        : [ 0.05, 1 ]
  RHS coefficient range       : [ 1.10085e-07, 1 ]
Objective value for Line heur k = 2: 14068925.654993376
88
Actual reward of current solution: 43163377.919056855
Minimum Difference with past solutions:0.05.
Gurobi status: 2

Statistics for model Linearization Heuristic :
  Linear constraint matrix    : 15750 Constrs, 9180 Vars, 5725985 NZs
  Matrix coefficient range    : [ 1.00076e-13, 1 ]
  Objective coefficient range : [ 1.75213e-22, 1.91224e+08 ]
  Variable bound range        : [ 0.05, 1 ]
  RHS coefficient range       : [ 5.94645e-08, 1 ]
Objective value for Line heur k = 2: 13811738.245726222
88
Actual reward of current solution: 43272758.014357656
Minimum Difference with past solutions:0.0.
New solution equals old solution at k=2
87
Total Reward at the start of the inner iterations: 43272758.014357656
Gurobi status: 2

Statistics for model Linearization Heuristic :
  Linear constraint matrix    : 15585 Constrs, 9090 Vars, 5458897 NZs
  Matrix coefficient range    : [ 1.00039e-13, 1 ]
  Objective coefficient range : [ 3.77176e-22, 1.91224e+08 ]
  Variable bound range        : [ 0.05, 1 ]
  RHS coefficient range       : [ 1.01669e-08, 1 ]
Objective value for Line heur k = 3: 14212807.830637267
87
Actual reward of current solution: 43163377.919056855
Minimum Difference with past solutions:0.05.
Gurobi status: 2

Statistics for model Linearization Heuristic :
  Linear constraint matrix    : 15585 Constrs, 9090 Vars, 5633646 NZs
  Matrix coefficient range    : [ 1.00076e-13, 1 ]
  Objective coefficient range : [ 1.75213e-22, 1.91224e+08 ]
  Variable bound range        : [ 0.05, 1 ]
  RHS coefficient range       : [ 5.58613e-08, 1 ]
Objective value for Line heur k = 3: 13961483.572218614
87
Actual reward of current solution: 43272758.014357656
Minimum Difference with past solutions:0.0.
New solution equals old solution at k=3
86
Total Reward at the start of the inner iterations: 43272758.014357656
Gurobi status: 2

Statistics for model Linearization Heuristic :
  Linear constraint matrix    : 15420 Constrs, 9000 Vars, 5367489 NZs
  Matrix coefficient range    : [ 1.00039e-13, 1 ]
  Objective coefficient range : [ 3.77176e-22, 1.91224e+08 ]
  Variable bound range        : [ 0.05, 1 ]
  RHS coefficient range       : [ 1.01106e-07, 1 ]
Objective value for Line heur k = 4: 14343901.049965644
86
Actual reward of current solution: 43163377.919056855
Minimum Difference with past solutions:0.05.
Gurobi status: 2

Statistics for model Linearization Heuristic :
  Linear constraint matrix    : 15420 Constrs, 9000 Vars, 5542238 NZs
  Matrix coefficient range    : [ 1.00076e-13, 1 ]
  Objective coefficient range : [ 1.75213e-22, 1.91224e+08 ]
  Variable bound range        : [ 0.05, 1 ]
  RHS coefficient range       : [ 6.04545e-08, 1 ]
Objective value for Line heur k = 4: 14098749.020757154
86
Actual reward of current solution: 43272758.014357656
Minimum Difference with past solutions:0.0.
New solution equals old solution at k=4
85
Total Reward at the start of the inner iterations: 43272758.014357656
Gurobi status: 2

Statistics for model Linearization Heuristic :
  Linear constraint matrix    : 15255 Constrs, 8910 Vars, 5277012 NZs
  Matrix coefficient range    : [ 1.00039e-13, 1 ]
  Objective coefficient range : [ 3.77176e-22, 1.91224e+08 ]
  Variable bound range        : [ 0.05, 1 ]
  RHS coefficient range       : [ 1.20946e-07, 1 ]
Objective value for Line heur k = 5: 14459489.638784064
85
Actual reward of current solution: 43163377.919056855
Minimum Difference with past solutions:0.05.
Gurobi status: 2

Statistics for model Linearization Heuristic :
  Linear constraint matrix    : 15255 Constrs, 8910 Vars, 5451761 NZs
  Matrix coefficient range    : [ 1.00076e-13, 1 ]
  Objective coefficient range : [ 1.75213e-22, 1.91224e+08 ]
  Variable bound range        : [ 0.05, 1 ]
  RHS coefficient range       : [ 6.06648e-08, 1 ]
Objective value for Line heur k = 5: 14220711.883755695
85
Actual reward of current solution: 43272758.014357656
Minimum Difference with past solutions:0.0.
New solution equals old solution at k=5
84
Total Reward at the start of the inner iterations: 43272758.014357656
Gurobi status: 2

Statistics for model Linearization Heuristic :
  Linear constraint matrix    : 15090 Constrs, 8820 Vars, 5187466 NZs
  Matrix coefficient range    : [ 1.00039e-13, 1 ]
  Objective coefficient range : [ 3.77176e-22, 1.91224e+08 ]
  Variable bound range        : [ 0.05, 1 ]
  RHS coefficient range       : [ 1.02236e-08, 1 ]
Objective value for Line heur k = 6: 14558769.32205177
84
Actual reward of current solution: 43163377.919056855
Minimum Difference with past solutions:0.05.
Gurobi status: 2

Statistics for model Linearization Heuristic :
  Linear constraint matrix    : 15090 Constrs, 8820 Vars, 5362215 NZs
  Matrix coefficient range    : [ 1.00076e-13, 1 ]
  Objective coefficient range : [ 1.75213e-22, 1.91224e+08 ]
  Variable bound range        : [ 0.05, 1 ]
  RHS coefficient range       : [ 5.15182e-08, 1 ]
Objective value for Line heur k = 6: 14326486.732855672
84
Actual reward of current solution: 43272758.014357656
Minimum Difference with past solutions:0.0.
New solution equals old solution at k=6
83
Total Reward at the start of the inner iterations: 43272758.014357656
Gurobi status: 2

Statistics for model Linearization Heuristic :
  Linear constraint matrix    : 14925 Constrs, 8730 Vars, 5098851 NZs
  Matrix coefficient range    : [ 1.00039e-13, 1 ]
  Objective coefficient range : [ 3.77176e-22, 1.91224e+08 ]
  Variable bound range        : [ 0.05, 1 ]
  RHS coefficient range       : [ 1.23409e-07, 1 ]
Objective value for Line heur k = 7: 14642009.59791784
83
Actual reward of current solution: 43163377.919056855
Minimum Difference with past solutions:0.05.
Gurobi status: 2

Statistics for model Linearization Heuristic :
  Linear constraint matrix    : 14925 Constrs, 8730 Vars, 5273600 NZs
  Matrix coefficient range    : [ 1.00076e-13, 1 ]
  Objective coefficient range : [ 1.75213e-22, 1.91224e+08 ]
  Variable bound range        : [ 0.05, 1 ]
  RHS coefficient range       : [ 3.20441e-08, 1 ]
Objective value for Line heur k = 7: 14416277.041646816
83
Actual reward of current solution: 43272758.014357656
Minimum Difference with past solutions:0.0.
New solution equals old solution at k=7
82
Total Reward at the start of the inner iterations: 43272758.014357656
Gurobi status: 2

Statistics for model Linearization Heuristic :
  Linear constraint matrix    : 14760 Constrs, 8640 Vars, 5011167 NZs
  Matrix coefficient range    : [ 1.00039e-13, 1 ]
  Objective coefficient range : [ 3.77176e-22, 1.91224e+08 ]
  Variable bound range        : [ 0.05, 1 ]
  RHS coefficient range       : [ 1.22185e-07, 1 ]
Objective value for Line heur k = 8: 14710043.325378617
82
Actual reward of current solution: 43163377.919056855
Minimum Difference with past solutions:0.05.
Gurobi status: 2

Statistics for model Linearization Heuristic :
  Linear constraint matrix    : 14760 Constrs, 8640 Vars, 5185916 NZs
  Matrix coefficient range    : [ 1.00076e-13, 1 ]
  Objective coefficient range : [ 1.75213e-22, 1.91224e+08 ]
  Variable bound range        : [ 0.05, 1 ]
  RHS coefficient range       : [ 3.16768e-09, 1 ]
Objective value for Line heur k = 8: 14490856.098937023
82
Actual reward of current solution: 43272758.014357656
Minimum Difference with past solutions:0.0.
New solution equals old solution at k=8
81
Total Reward at the start of the inner iterations: 43272758.014357656
Gurobi status: 2

Statistics for model Linearization Heuristic :
  Linear constraint matrix    : 14595 Constrs, 8550 Vars, 4924414 NZs
  Matrix coefficient range    : [ 1.00039e-13, 1 ]
  Objective coefficient range : [ 3.77176e-22, 1.91224e+08 ]
  Variable bound range        : [ 0.05, 1 ]
  RHS coefficient range       : [ 1.58551e-08, 1 ]
Objective value for Line heur k = 9: 14763956.718434375
81
Actual reward of current solution: 43163377.919056855
Minimum Difference with past solutions:0.05.
Gurobi status: 2

Statistics for model Linearization Heuristic :
  Linear constraint matrix    : 14595 Constrs, 8550 Vars, 5099163 NZs
  Matrix coefficient range    : [ 1.00076e-13, 1 ]
  Objective coefficient range : [ 1.75213e-22, 1.91224e+08 ]
  Variable bound range        : [ 0.05, 1 ]
  RHS coefficient range       : [ 1.08006e-08, 1 ]
Objective value for Line heur k = 9: 14551249.195152616
81
Actual reward of current solution: 43272758.014357656
Minimum Difference with past solutions:0.0.
New solution equals old solution at k=9
80
Total Reward at the start of the inner iterations: 43272758.014357656
Gurobi status: 2

Statistics for model Linearization Heuristic :
  Linear constraint matrix    : 14430 Constrs, 8460 Vars, 4838592 NZs
  Matrix coefficient range    : [ 1.00039e-13, 1 ]
  Objective coefficient range : [ 3.77176e-22, 1.91224e+08 ]
  Variable bound range        : [ 0.05, 1 ]
  RHS coefficient range       : [ 6.38954e-08, 1 ]
Objective value for Line heur k = 10: 14804900.712190311
80
Actual reward of current solution: 43163377.919056855
Minimum Difference with past solutions:0.05.
Gurobi status: 2

Statistics for model Linearization Heuristic :
  Linear constraint matrix    : 14430 Constrs, 8460 Vars, 5013341 NZs
  Matrix coefficient range    : [ 1.00076e-13, 1 ]
  Objective coefficient range : [ 1.75213e-22, 1.91224e+08 ]
  Variable bound range        : [ 0.05, 1 ]
  RHS coefficient range       : [ 2.39997e-08, 1 ]
Objective value for Line heur k = 10: 14598536.956542518
80
Actual reward of current solution: 43272758.014357656
Minimum Difference with past solutions:0.0.
New solution equals old solution at k=10
79
Total Reward at the start of the inner iterations: 43272758.014357656
Gurobi status: 2

Statistics for model Linearization Heuristic :
  Linear constraint matrix    : 14265 Constrs, 8370 Vars, 4753701 NZs
  Matrix coefficient range    : [ 1.00039e-13, 1 ]
  Objective coefficient range : [ 3.77176e-22, 1.91224e+08 ]
  Variable bound range        : [ 0.05, 1 ]
  RHS coefficient range       : [ 2.54284e-08, 1 ]
Objective value for Line heur k = 11: 14833973.9787075
79
Actual reward of current solution: 43163377.919056855
Minimum Difference with past solutions:0.05.
Gurobi status: 2

Statistics for model Linearization Heuristic :
  Linear constraint matrix    : 14265 Constrs, 8370 Vars, 4928450 NZs
  Matrix coefficient range    : [ 1.00076e-13, 1 ]
  Objective coefficient range : [ 1.75213e-22, 1.91224e+08 ]
  Variable bound range        : [ 0.05, 1 ]
  RHS coefficient range       : [ 8.11186e-08, 1 ]
Objective value for Line heur k = 11: 14633728.977174992
79
Actual reward of current solution: 43272758.014357656
Minimum Difference with past solutions:0.0.
New solution equals old solution at k=11
78
Total Reward at the start of the inner iterations: 43272758.014357656
Gurobi status: 2

Statistics for model Linearization Heuristic :
  Linear constraint matrix    : 14100 Constrs, 8280 Vars, 4669741 NZs
  Matrix coefficient range    : [ 1.00039e-13, 1 ]
  Objective coefficient range : [ 3.77176e-22, 1.91224e+08 ]
  Variable bound range        : [ 0.05, 1 ]
  RHS coefficient range       : [ 1.71517e-08, 1 ]
Objective value for Line heur k = 12: 14852145.647157421
78
Actual reward of current solution: 43163377.919056855
Minimum Difference with past solutions:0.05.
Gurobi status: 2

Statistics for model Linearization Heuristic :
  Linear constraint matrix    : 14100 Constrs, 8280 Vars, 4844490 NZs
  Matrix coefficient range    : [ 1.00076e-13, 1 ]
  Objective coefficient range : [ 1.75213e-22, 1.91224e+08 ]
  Variable bound range        : [ 0.05, 1 ]
  RHS coefficient range       : [ 2.30955e-08, 1 ]
Objective value for Line heur k = 12: 14657674.475216208
78
Actual reward of current solution: 43272758.014357656
Minimum Difference with past solutions:0.0.
New solution equals old solution at k=12
77
Total Reward at the start of the inner iterations: 43272758.014357656
Gurobi status: 2

Statistics for model Linearization Heuristic :
  Linear constraint matrix    : 13935 Constrs, 8190 Vars, 4586712 NZs
  Matrix coefficient range    : [ 1.00039e-13, 1 ]
  Objective coefficient range : [ 3.77176e-22, 1.91224e+08 ]
  Variable bound range        : [ 0.05, 1 ]
  RHS coefficient range       : [ 3.85876e-08, 1 ]
Objective value for Line heur k = 13: 14860196.245689038
77
Actual reward of current solution: 43163377.919056855
Minimum Difference with past solutions:0.05.
Gurobi status: 2

Statistics for model Linearization Heuristic :
  Linear constraint matrix    : 13935 Constrs, 8190 Vars, 4761461 NZs
  Matrix coefficient range    : [ 1.00076e-13, 1 ]
  Objective coefficient range : [ 1.75213e-22, 1.91224e+08 ]
  Variable bound range        : [ 0.05, 1 ]
  RHS coefficient range       : [ 5.26039e-08, 1 ]
Objective value for Line heur k = 13: 14670986.768959142
77
Actual reward of current solution: 43272758.014357656
Minimum Difference with past solutions:0.0.
New solution equals old solution at k=13
76
Total Reward at the start of the inner iterations: 43272758.014357656
Gurobi status: 2

Statistics for model Linearization Heuristic :
  Linear constraint matrix    : 13770 Constrs, 8100 Vars, 4504668 NZs
  Matrix coefficient range    : [ 1.00039e-13, 1 ]
  Objective coefficient range : [ 3.77176e-22, 1.91224e+08 ]
  Variable bound range        : [ 0.05, 1 ]
  RHS coefficient range       : [ 8.83241e-08, 0.291733 ]
Objective value for Line heur k = 14: 14858661.059241913
76
Actual reward of current solution: 43163377.919056855
Minimum Difference with past solutions:0.05.
Gurobi status: 2

Statistics for model Linearization Heuristic :
  Linear constraint matrix    : 13770 Constrs, 8100 Vars, 4679417 NZs
  Matrix coefficient range    : [ 1.00076e-13, 1 ]
  Objective coefficient range : [ 1.75213e-22, 1.91224e+08 ]
  Variable bound range        : [ 0.05, 1 ]
  RHS coefficient range       : [ 1.24986e-07, 0.291942 ]
Objective value for Line heur k = 14: 14673963.398399908
76
Actual reward of current solution: 43272758.014357656
Minimum Difference with past solutions:0.0.
New solution equals old solution at k=14
75
Total Reward at the start of the inner iterations: 43272758.014357656
Gurobi status: 2

Statistics for model Linearization Heuristic :
  Linear constraint matrix    : 13659 Constrs, 8010 Vars, 4410179 NZs
  Matrix coefficient range    : [ 1.00039e-13, 1 ]
  Objective coefficient range : [ 3.77176e-22, 1.91224e+08 ]
  Variable bound range        : [ 0.05, 1 ]
  RHS coefficient range       : [ 1.10776e-07, 1 ]
Objective value for Line heur k = 15: 14783031.031932827
75
Actual reward of current solution: 43272758.014357656
Minimum Difference with past solutions:0.0.
New solution equals old solution at k=15
74
Total Reward at the start of the inner iterations: 43272758.014357656
Gurobi status: 2

Statistics for model Linearization Heuristic :
  Linear constraint matrix    : 13494 Constrs, 7920 Vars, 4316719 NZs
  Matrix coefficient range    : [ 1.00039e-13, 1 ]
  Objective coefficient range : [ 3.77176e-22, 1.91224e+08 ]
  Variable bound range        : [ 0.05, 1 ]
  RHS coefficient range       : [ 1.07295e-07, 1 ]
Objective value for Line heur k = 16: 14728368.83146921
74
Actual reward of current solution: 43272758.014357656
Minimum Difference with past solutions:0.0.
New solution equals old solution at k=16
73
Total Reward at the start of the inner iterations: 43272758.014357656
Gurobi status: 2

Statistics for model Linearization Heuristic :
  Linear constraint matrix    : 13329 Constrs, 7830 Vars, 4224342 NZs
  Matrix coefficient range    : [ 1.00039e-13, 1 ]
  Objective coefficient range : [ 3.77176e-22, 1.91224e+08 ]
  Variable bound range        : [ 0.05, 1 ]
  RHS coefficient range       : [ 6.98748e-08, 1 ]
Objective value for Line heur k = 17: 14665506.132866193
73
Actual reward of current solution: 43272758.014357656
Minimum Difference with past solutions:0.0.
New solution equals old solution at k=17
72
Total Reward at the start of the inner iterations: 43272758.014357656
Gurobi status: 2

Statistics for model Linearization Heuristic :
  Linear constraint matrix    : 13164 Constrs, 7740 Vars, 4133048 NZs
  Matrix coefficient range    : [ 1.00039e-13, 1 ]
  Objective coefficient range : [ 3.77176e-22, 1.91224e+08 ]
  Variable bound range        : [ 0.05, 1 ]
  RHS coefficient range       : [ 1.68435e-08, 1 ]
Objective value for Line heur k = 18: 14595851.489923
72
Actual reward of current solution: 43272758.014357656
Minimum Difference with past solutions:0.0.
New solution equals old solution at k=18
71
Total Reward at the start of the inner iterations: 43272758.014357656
Gurobi status: 2

Statistics for model Linearization Heuristic :
  Linear constraint matrix    : 12999 Constrs, 7650 Vars, 4042837 NZs
  Matrix coefficient range    : [ 1.00039e-13, 1 ]
  Objective coefficient range : [ 3.77176e-22, 1.91224e+08 ]
  Variable bound range        : [ 0.05, 1 ]
  RHS coefficient range       : [ 5.07029e-08, 1 ]
Objective value for Line heur k = 19: 14520414.471378062
71
Actual reward of current solution: 43272758.014357656
Minimum Difference with past solutions:0.0.
New solution equals old solution at k=19
70
Total Reward at the start of the inner iterations: 43272758.014357656
Gurobi status: 2

Statistics for model Linearization Heuristic :
  Linear constraint matrix    : 12834 Constrs, 7560 Vars, 3953709 NZs
  Matrix coefficient range    : [ 1.00039e-13, 1 ]
  Objective coefficient range : [ 3.77176e-22, 1.91224e+08 ]
  Variable bound range        : [ 0.05, 1 ]
  RHS coefficient range       : [ 1.81837e-08, 1 ]
Objective value for Line heur k = 20: 14439949.89279087
70
Actual reward of current solution: 43272758.014357656
Minimum Difference with past solutions:0.0.
New solution equals old solution at k=20
69
Total Reward at the start of the inner iterations: 43272758.014357656
Gurobi status: 2

Statistics for model Linearization Heuristic :
  Linear constraint matrix    : 12669 Constrs, 7470 Vars, 3865664 NZs
  Matrix coefficient range    : [ 1.00039e-13, 1 ]
  Objective coefficient range : [ 3.77176e-22, 1.91224e+08 ]
  Variable bound range        : [ 0.05, 1 ]
  RHS coefficient range       : [ 4.05373e-08, 1 ]
Objective value for Line heur k = 21: 14355041.377931174
69
Actual reward of current solution: 43272758.014357656
Minimum Difference with past solutions:0.0.
New solution equals old solution at k=21
68
Total Reward at the start of the inner iterations: 43272758.014357656
Gurobi status: 2

Statistics for model Linearization Heuristic :
  Linear constraint matrix    : 12504 Constrs, 7380 Vars, 3778702 NZs
  Matrix coefficient range    : [ 1.00039e-13, 1 ]
  Objective coefficient range : [ 3.77176e-22, 1.91224e+08 ]
  Variable bound range        : [ 0.05, 1 ]
  RHS coefficient range       : [ 9.78578e-09, 1 ]
Objective value for Line heur k = 22: 14266148.740485888
68
Actual reward of current solution: 43272758.014357656
Minimum Difference with past solutions:0.0.
New solution equals old solution at k=22
67
Total Reward at the start of the inner iterations: 43272758.014357656
Gurobi status: 2

Statistics for model Linearization Heuristic :
  Linear constraint matrix    : 12339 Constrs, 7290 Vars, 3692823 NZs
  Matrix coefficient range    : [ 1.00039e-13, 1 ]
  Objective coefficient range : [ 3.77176e-22, 1.91224e+08 ]
  Variable bound range        : [ 0.05, 1 ]
  RHS coefficient range       : [ 1.55971e-08, 1 ]
Objective value for Line heur k = 23: 14173632.628522424
67
Actual reward of current solution: 43272758.014357656
Minimum Difference with past solutions:0.0.
New solution equals old solution at k=23
66
Total Reward at the start of the inner iterations: 43272758.014357656
Gurobi status: 2

Statistics for model Linearization Heuristic :
  Linear constraint matrix    : 12174 Constrs, 7200 Vars, 3608027 NZs
  Matrix coefficient range    : [ 1.00039e-13, 1 ]
  Objective coefficient range : [ 3.77176e-22, 1.91224e+08 ]
  Variable bound range        : [ 0.05, 1 ]
  RHS coefficient range       : [ 3.91968e-08, 1 ]
Objective value for Line heur k = 24: 14077763.154642262
66
Actual reward of current solution: 43272758.014357656
Minimum Difference with past solutions:0.0.
New solution equals old solution at k=24
65
Total Reward at the start of the inner iterations: 43272758.014357656
Gurobi status: 2

Statistics for model Linearization Heuristic :
  Linear constraint matrix    : 12009 Constrs, 7110 Vars, 3524314 NZs
  Matrix coefficient range    : [ 1.00039e-13, 1 ]
  Objective coefficient range : [ 3.77176e-22, 1.91224e+08 ]
  Variable bound range        : [ 0.05, 1 ]
  RHS coefficient range       : [ 7.82317e-08, 1 ]
Objective value for Line heur k = 25: 13978714.754610993
65
Actual reward of current solution: 43272758.014357656
Minimum Difference with past solutions:0.0.
New solution equals old solution at k=25
64
Total Reward at the start of the inner iterations: 43272758.014357656
Gurobi status: 2

Statistics for model Linearization Heuristic :
  Linear constraint matrix    : 11844 Constrs, 7020 Vars, 3441684 NZs
  Matrix coefficient range    : [ 1.00039e-13, 1 ]
  Objective coefficient range : [ 3.77176e-22, 1.91224e+08 ]
  Variable bound range        : [ 0.05, 1 ]
  RHS coefficient range       : [ 1.95234e-08, 1 ]
Objective value for Line heur k = 26: 13876545.932981389
64
Actual reward of current solution: 43272758.014357656
Minimum Difference with past solutions:0.0.
New solution equals old solution at k=26
63
Total Reward at the start of the inner iterations: 43272758.014357656
Gurobi status: 2

Statistics for model Linearization Heuristic :
  Linear constraint matrix    : 11679 Constrs, 6930 Vars, 3360137 NZs
  Matrix coefficient range    : [ 1.00039e-13, 1 ]
  Objective coefficient range : [ 3.77176e-22, 1.91224e+08 ]
  Variable bound range        : [ 0.05, 1 ]
  RHS coefficient range       : [ 3.70641e-08, 1 ]
Objective value for Line heur k = 27: 13771158.85552837
63
Actual reward of current solution: 43272758.014357656
Minimum Difference with past solutions:0.0.
New solution equals old solution at k=27
62
Total Reward at the start of the inner iterations: 43272758.014357656
Gurobi status: 2

Statistics for model Linearization Heuristic :
  Linear constraint matrix    : 11514 Constrs, 6840 Vars, 3279727 NZs
  Matrix coefficient range    : [ 1.00039e-13, 1 ]
  Objective coefficient range : [ 3.77176e-22, 1.91224e+08 ]
  Variable bound range        : [ 0.05, 1 ]
  RHS coefficient range       : [ 2.65144e-08, 0.290986 ]
Objective value for Line heur k = 28: 13662228.963792386
62
Actual reward of current solution: 43272758.014357656
Minimum Difference with past solutions:0.0.
New solution equals old solution at k=28
61
Total Reward at the start of the inner iterations: 43272758.014357656
Gurobi status: 2

Statistics for model Linearization Heuristic :
  Linear constraint matrix    : 11403 Constrs, 6750 Vars, 3189064 NZs
  Matrix coefficient range    : [ 1.00039e-13, 1 ]
  Objective coefficient range : [ 3.77176e-22, 1.91224e+08 ]
  Variable bound range        : [ 0.05, 1 ]
  RHS coefficient range       : [ 2.39737e-08, 1 ]
Objective value for Line heur k = 29: 13524859.875335207
61
Actual reward of current solution: 43272758.014357656
Minimum Difference with past solutions:0.0.
New solution equals old solution at k=29
60
Total Reward at the start of the inner iterations: 43272758.014357656
Gurobi status: 2

Statistics for model Linearization Heuristic :
  Linear constraint matrix    : 11238 Constrs, 6660 Vars, 3099582 NZs
  Matrix coefficient range    : [ 1.00039e-13, 1 ]
  Objective coefficient range : [ 3.77176e-22, 1.91224e+08 ]
  Variable bound range        : [ 0.05, 1 ]
  RHS coefficient range       : [ 1.82291e-08, 1 ]
Objective value for Line heur k = 30: 13382762.040748455
60
Actual reward of current solution: 43272758.014357656
Minimum Difference with past solutions:0.0.
New solution equals old solution at k=30
59
Total Reward at the start of the inner iterations: 43272758.014357656
Gurobi status: 2

Statistics for model Linearization Heuristic :
  Linear constraint matrix    : 11073 Constrs, 6570 Vars, 3011335 NZs
  Matrix coefficient range    : [ 1.00039e-13, 1 ]
  Objective coefficient range : [ 3.77176e-22, 1.91224e+08 ]
  Variable bound range        : [ 0.05, 1 ]
  RHS coefficient range       : [ 1.15325e-08, 1 ]
Objective value for Line heur k = 31: 13237054.378666738
59
Actual reward of current solution: 43272758.014357656
Minimum Difference with past solutions:0.0.
New solution equals old solution at k=31
58
Total Reward at the start of the inner iterations: 43272758.014357656
Gurobi status: 2

Statistics for model Linearization Heuristic :
  Linear constraint matrix    : 10908 Constrs, 6480 Vars, 2924323 NZs
  Matrix coefficient range    : [ 1.00039e-13, 1 ]
  Objective coefficient range : [ 3.77176e-22, 1.91224e+08 ]
  Variable bound range        : [ 0.05, 1 ]
  RHS coefficient range       : [ 4.98285e-09, 1 ]
Objective value for Line heur k = 32: 13088402.569400756
58
Actual reward of current solution: 43272758.014357656
Minimum Difference with past solutions:0.0.
New solution equals old solution at k=32
57
Total Reward at the start of the inner iterations: 43272758.014357656
Gurobi status: 2

Statistics for model Linearization Heuristic :
  Linear constraint matrix    : 10743 Constrs, 6390 Vars, 2838546 NZs
  Matrix coefficient range    : [ 1.00039e-13, 1 ]
  Objective coefficient range : [ 3.77176e-22, 1.91224e+08 ]
  Variable bound range        : [ 0.05, 1 ]
  RHS coefficient range       : [ 9.2912e-10, 1 ]
Objective value for Line heur k = 33: 12937218.163330765
57
Actual reward of current solution: 43272758.014357656
Minimum Difference with past solutions:0.0.
New solution equals old solution at k=33
56
Total Reward at the start of the inner iterations: 43272758.014357656
Gurobi status: 2

Statistics for model Linearization Heuristic :
  Linear constraint matrix    : 10578 Constrs, 6300 Vars, 2754004 NZs
  Matrix coefficient range    : [ 1.00039e-13, 1 ]
  Objective coefficient range : [ 3.77176e-22, 1.91224e+08 ]
  Variable bound range        : [ 0.05, 1 ]
  RHS coefficient range       : [ 6.02707e-09, 1 ]
Objective value for Line heur k = 34: 12783769.617811453
56
Actual reward of current solution: 43272758.014357656
Minimum Difference with past solutions:0.0.
New solution equals old solution at k=34
55
Total Reward at the start of the inner iterations: 43272758.014357656
Gurobi status: 2

Statistics for model Linearization Heuristic :
  Linear constraint matrix    : 10413 Constrs, 6210 Vars, 2670697 NZs
  Matrix coefficient range    : [ 1.00039e-13, 1 ]
  Objective coefficient range : [ 3.77176e-22, 1.91224e+08 ]
  Variable bound range        : [ 0.05, 1 ]
  RHS coefficient range       : [ 1.02913e-08, 1 ]
Objective value for Line heur k = 35: 12628244.27920483
55
Actual reward of current solution: 43272758.014357656
Minimum Difference with past solutions:0.0.
New solution equals old solution at k=35
54
Total Reward at the start of the inner iterations: 43272758.014357656
Gurobi status: 2

Statistics for model Linearization Heuristic :
  Linear constraint matrix    : 10248 Constrs, 6120 Vars, 2588625 NZs
  Matrix coefficient range    : [ 1.00039e-13, 1 ]
  Objective coefficient range : [ 3.77176e-22, 1.91224e+08 ]
  Variable bound range        : [ 0.05, 1 ]
  RHS coefficient range       : [ 1.37753e-08, 1 ]
Objective value for Line heur k = 36: 12470783.010149185
54
Actual reward of current solution: 43272758.014357656
Minimum Difference with past solutions:0.0.
New solution equals old solution at k=36
53
Total Reward at the start of the inner iterations: 43272758.014357656
Gurobi status: 2

Statistics for model Linearization Heuristic :
  Linear constraint matrix    : 10083 Constrs, 6030 Vars, 2507788 NZs
  Matrix coefficient range    : [ 1.00039e-13, 1 ]
  Objective coefficient range : [ 3.77176e-22, 1.91224e+08 ]
  Variable bound range        : [ 0.05, 1 ]
  RHS coefficient range       : [ 1.6562e-08, 1 ]
Objective value for Line heur k = 37: 12311499.546539413
53
Actual reward of current solution: 43272758.014357656
Minimum Difference with past solutions:0.0.
New solution equals old solution at k=37
52
Total Reward at the start of the inner iterations: 43272758.014357656
Gurobi status: 2

Statistics for model Linearization Heuristic :
  Linear constraint matrix    : 9918 Constrs, 5940 Vars, 2428186 NZs
  Matrix coefficient range    : [ 1.00039e-13, 1 ]
  Objective coefficient range : [ 3.77176e-22, 1.91224e+08 ]
  Variable bound range        : [ 0.05, 1 ]
  RHS coefficient range       : [ 1.87418e-08, 1 ]
Objective value for Line heur k = 38: 12150491.322597777
52
Actual reward of current solution: 43272758.014357656
Minimum Difference with past solutions:0.0.
New solution equals old solution at k=38
51
Total Reward at the start of the inner iterations: 43272758.014357656
Gurobi status: 2

Statistics for model Linearization Heuristic :
  Linear constraint matrix    : 9753 Constrs, 5850 Vars, 2349819 NZs
  Matrix coefficient range    : [ 1.00039e-13, 1 ]
  Objective coefficient range : [ 3.77176e-22, 1.91224e+08 ]
  Variable bound range        : [ 0.05, 1 ]
  RHS coefficient range       : [ 2.04021e-08, 1 ]
Objective value for Line heur k = 39: 11987845.526210481
51
Actual reward of current solution: 43272758.014357656
Minimum Difference with past solutions:0.0.
New solution equals old solution at k=39
50
Total Reward at the start of the inner iterations: 43272758.014357656
Gurobi status: 2

Statistics for model Linearization Heuristic :
  Linear constraint matrix    : 9588 Constrs, 5760 Vars, 2272687 NZs
  Matrix coefficient range    : [ 1.00039e-13, 1 ]
  Objective coefficient range : [ 3.77176e-22, 1.91224e+08 ]
  Variable bound range        : [ 0.05, 1 ]
  RHS coefficient range       : [ 2.16226e-08, 1 ]
Objective value for Line heur k = 40: 11823642.487583674
50
Actual reward of current solution: 43272758.014357656
Minimum Difference with past solutions:0.0.
New solution equals old solution at k=40
49
Total Reward at the start of the inner iterations: 43272758.014357656
Gurobi status: 2

Statistics for model Linearization Heuristic :
  Linear constraint matrix    : 9423 Constrs, 5670 Vars, 2196790 NZs
  Matrix coefficient range    : [ 1.00039e-13, 1 ]
  Objective coefficient range : [ 3.77176e-22, 1.91224e+08 ]
  Variable bound range        : [ 0.05, 1 ]
  RHS coefficient range       : [ 2.24738e-08, 1 ]
Objective value for Line heur k = 41: 11657957.578084752
49
Actual reward of current solution: 43272758.014357656
Minimum Difference with past solutions:0.0.
New solution equals old solution at k=41
48
Total Reward at the start of the inner iterations: 43272758.014357656
Gurobi status: 2

Statistics for model Linearization Heuristic :
  Linear constraint matrix    : 9258 Constrs, 5580 Vars, 2122182 NZs
  Matrix coefficient range    : [ 1.00039e-13, 1 ]
  Objective coefficient range : [ 3.77176e-22, 1.91224e+08 ]
  Variable bound range        : [ 0.05, 1 ]
  RHS coefficient range       : [ 2.30168e-08, 0.290491 ]
Objective value for Line heur k = 42: 11490862.278372653
48
Actual reward of current solution: 43272758.014357656
Minimum Difference with past solutions:0.0.
New solution equals old solution at k=42
47
Total Reward at the start of the inner iterations: 43272758.014357656
Gurobi status: 2

Statistics for model Linearization Heuristic :
  Linear constraint matrix    : 9147 Constrs, 5490 Vars, 2048809 NZs
  Matrix coefficient range    : [ 1.00039e-13, 1 ]
  Objective coefficient range : [ 3.77176e-22, 1.91224e+08 ]
  Variable bound range        : [ 0.05, 1 ]
  RHS coefficient range       : [ 2.33043e-08, 1 ]
Objective value for Line heur k = 43: 11322424.785080176
47
Actual reward of current solution: 43272758.014357656
Minimum Difference with past solutions:0.0.
New solution equals old solution at k=43
46
Total Reward at the start of the inner iterations: 43272758.014357656
Gurobi status: 2

Statistics for model Linearization Heuristic :
  Linear constraint matrix    : 8982 Constrs, 5400 Vars, 1976617 NZs
  Matrix coefficient range    : [ 1.00039e-13, 1 ]
  Objective coefficient range : [ 3.77176e-22, 1.91224e+08 ]
  Variable bound range        : [ 0.05, 1 ]
  RHS coefficient range       : [ 2.33809e-08, 1 ]
Objective value for Line heur k = 44: 11152710.362851065
46
Actual reward of current solution: 43272758.014357656
Minimum Difference with past solutions:0.0.
New solution equals old solution at k=44
45
Total Reward at the start of the inner iterations: 43272758.014357656
Gurobi status: 2

Statistics for model Linearization Heuristic :
  Linear constraint matrix    : 8817 Constrs, 5310 Vars, 1905660 NZs
  Matrix coefficient range    : [ 1.00039e-13, 1 ]
  Objective coefficient range : [ 3.77176e-22, 1.91224e+08 ]
  Variable bound range        : [ 0.05, 1 ]
  RHS coefficient range       : [ 2.32849e-08, 1 ]
Objective value for Line heur k = 45: 10981781.557372617
45
Actual reward of current solution: 43272758.014357656
Minimum Difference with past solutions:0.0.
New solution equals old solution at k=45
44
Total Reward at the start of the inner iterations: 43272758.014357656
Gurobi status: 2

Statistics for model Linearization Heuristic :
  Linear constraint matrix    : 8652 Constrs, 5220 Vars, 1835939 NZs
  Matrix coefficient range    : [ 1.00039e-13, 1 ]
  Objective coefficient range : [ 3.77176e-22, 1.91224e+08 ]
  Variable bound range        : [ 0.05, 1 ]
  RHS coefficient range       : [ 2.30486e-08, 1 ]
Objective value for Line heur k = 46: 10809698.33385026
44
Actual reward of current solution: 43272758.014357656
Minimum Difference with past solutions:0.0.
New solution equals old solution at k=46
43
Total Reward at the start of the inner iterations: 43272758.014357656
Gurobi status: 2

Statistics for model Linearization Heuristic :
  Linear constraint matrix    : 8487 Constrs, 5130 Vars, 1767453 NZs
  Matrix coefficient range    : [ 1.00039e-13, 1 ]
  Objective coefficient range : [ 3.77176e-22, 1.91224e+08 ]
  Variable bound range        : [ 0.05, 1 ]
  RHS coefficient range       : [ 2.26993e-08, 1 ]
Objective value for Line heur k = 47: 10636518.176614871
43
Actual reward of current solution: 43272758.014357656
Minimum Difference with past solutions:0.0.
New solution equals old solution at k=47
42
Total Reward at the start of the inner iterations: 43272758.014357656
Gurobi status: 2

Statistics for model Linearization Heuristic :
  Linear constraint matrix    : 8322 Constrs, 5040 Vars, 1700202 NZs
  Matrix coefficient range    : [ 1.00039e-13, 1 ]
  Objective coefficient range : [ 3.77176e-22, 1.91224e+08 ]
  Variable bound range        : [ 0.05, 1 ]
  RHS coefficient range       : [ 2.226e-08, 1 ]
Objective value for Line heur k = 48: 10462296.169411154
42
Actual reward of current solution: 43272758.014357656
Minimum Difference with past solutions:0.0.
New solution equals old solution at k=48
41
Total Reward at the start of the inner iterations: 43272758.014357656
Gurobi status: 2

Statistics for model Linearization Heuristic :
  Linear constraint matrix    : 8157 Constrs, 4950 Vars, 1634186 NZs
  Matrix coefficient range    : [ 1.00039e-13, 1 ]
  Objective coefficient range : [ 3.77176e-22, 1.91224e+08 ]
  Variable bound range        : [ 0.05, 1 ]
  RHS coefficient range       : [ 2.17501e-08, 1 ]
Objective value for Line heur k = 49: 10287085.066872675
41
Actual reward of current solution: 43272758.014357656
Minimum Difference with past solutions:0.0.
New solution equals old solution at k=49
40
Total Reward at the start of the inner iterations: 43272758.014357656
Gurobi status: 2

Statistics for model Linearization Heuristic :
  Linear constraint matrix    : 7992 Constrs, 4860 Vars, 1569405 NZs
  Matrix coefficient range    : [ 1.00039e-13, 1 ]
  Objective coefficient range : [ 3.77176e-22, 1.91224e+08 ]
  Variable bound range        : [ 0.05, 1 ]
  RHS coefficient range       : [ 2.11859e-08, 1 ]
Objective value for Line heur k = 50: 10110935.362644034
40
Actual reward of current solution: 43272758.014357656
Minimum Difference with past solutions:0.0.
New solution equals old solution at k=50
39
Total Reward at the start of the inner iterations: 43272758.014357656
Gurobi status: 2

Statistics for model Linearization Heuristic :
  Linear constraint matrix    : 7827 Constrs, 4770 Vars, 1505859 NZs
  Matrix coefficient range    : [ 1.00039e-13, 1 ]
  Objective coefficient range : [ 3.77176e-22, 1.91224e+08 ]
  Variable bound range        : [ 0.05, 1 ]
  RHS coefficient range       : [ 2.05811e-08, 1 ]
Objective value for Line heur k = 51: 9933895.356819846
39
Actual reward of current solution: 43272758.014357656
Minimum Difference with past solutions:0.0.
New solution equals old solution at k=51
38
Total Reward at the start of the inner iterations: 43272758.014357656
Gurobi status: 2

Statistics for model Linearization Heuristic :
  Linear constraint matrix    : 7662 Constrs, 4680 Vars, 1443548 NZs
  Matrix coefficient range    : [ 1.00039e-13, 1 ]
  Objective coefficient range : [ 3.77176e-22, 1.91224e+08 ]
  Variable bound range        : [ 0.05, 1 ]
  RHS coefficient range       : [ 1.99472e-08, 1 ]
Objective value for Line heur k = 52: 9756011.22384516
38
Actual reward of current solution: 43272758.014357656
Minimum Difference with past solutions:0.0.
New solution equals old solution at k=52
37
Total Reward at the start of the inner iterations: 43272758.014357656
Gurobi status: 2

Statistics for model Linearization Heuristic :
  Linear constraint matrix    : 7497 Constrs, 4590 Vars, 1382472 NZs
  Matrix coefficient range    : [ 1.00039e-13, 1 ]
  Objective coefficient range : [ 3.77176e-22, 1.91224e+08 ]
  Variable bound range        : [ 0.05, 1 ]
  RHS coefficient range       : [ 1.92936e-08, 1 ]
Objective value for Line heur k = 53: 9577327.08121054
37
Actual reward of current solution: 43272758.014357656
Minimum Difference with past solutions:0.0.
New solution equals old solution at k=53
36
Total Reward at the start of the inner iterations: 43272758.014357656
Gurobi status: 2

Statistics for model Linearization Heuristic :
  Linear constraint matrix    : 7332 Constrs, 4500 Vars, 1322632 NZs
  Matrix coefficient range    : [ 1.00039e-13, 1 ]
  Objective coefficient range : [ 3.77176e-22, 1.91224e+08 ]
  Variable bound range        : [ 0.05, 1 ]
  RHS coefficient range       : [ 1.86285e-08, 1 ]
Objective value for Line heur k = 54: 9397885.058861095
36
Actual reward of current solution: 43272758.014357656
Minimum Difference with past solutions:0.0.
New solution equals old solution at k=54
35
Total Reward at the start of the inner iterations: 43272758.014357656
Gurobi status: 2

Statistics for model Linearization Heuristic :
  Linear constraint matrix    : 7167 Constrs, 4410 Vars, 1264027 NZs
  Matrix coefficient range    : [ 1.00039e-13, 1 ]
  Objective coefficient range : [ 3.77176e-22, 1.91224e+08 ]
  Variable bound range        : [ 0.05, 1 ]
  RHS coefficient range       : [ 1.79583e-08, 1 ]
Objective value for Line heur k = 55: 9217725.369044947
35
Actual reward of current solution: 43272758.014357656
Minimum Difference with past solutions:0.0.
New solution equals old solution at k=55
34
Total Reward at the start of the inner iterations: 43272758.014357656
Gurobi status: 2

Statistics for model Linearization Heuristic :
  Linear constraint matrix    : 7002 Constrs, 4320 Vars, 1206711 NZs
  Matrix coefficient range    : [ 1.00039e-13, 1 ]
  Objective coefficient range : [ 3.77176e-22, 1.91224e+08 ]
  Variable bound range        : [ 0.05, 1 ]
  RHS coefficient range       : [ 1.72884e-08, 0.290157 ]
Objective value for Line heur k = 56: 9036886.3762539
34
Actual reward of current solution: 43272758.014357656
Minimum Difference with past solutions:0.0.
New solution equals old solution at k=56
33
Total Reward at the start of the inner iterations: 43272758.014357656
Gurobi status: 2

Statistics for model Linearization Heuristic :
  Linear constraint matrix    : 6891 Constrs, 4230 Vars, 1150630 NZs
  Matrix coefficient range    : [ 1.00039e-13, 1 ]
  Objective coefficient range : [ 3.77176e-22, 1.91224e+08 ]
  Variable bound range        : [ 0.05, 1 ]
  RHS coefficient range       : [ 1.66232e-08, 1 ]
Objective value for Line heur k = 57: 8855404.666899247
33
Actual reward of current solution: 43272758.014357656
Minimum Difference with past solutions:0.0.
New solution equals old solution at k=57
32
Total Reward at the start of the inner iterations: 43272758.014357656
Gurobi status: 2

Statistics for model Linearization Heuristic :
  Linear constraint matrix    : 6726 Constrs, 4140 Vars, 1095731 NZs
  Matrix coefficient range    : [ 1.00039e-13, 1 ]
  Objective coefficient range : [ 3.77176e-22, 1.91224e+08 ]
  Variable bound range        : [ 0.05, 1 ]
  RHS coefficient range       : [ 1.59665e-08, 1 ]
Objective value for Line heur k = 58: 8673315.11838881
32
Actual reward of current solution: 43272758.014357656
Minimum Difference with past solutions:0.0.
New solution equals old solution at k=58
31
Total Reward at the start of the inner iterations: 43272758.014357656
Gurobi status: 2

Statistics for model Linearization Heuristic :
  Linear constraint matrix    : 6561 Constrs, 4050 Vars, 1042067 NZs
  Matrix coefficient range    : [ 1.00039e-13, 1 ]
  Objective coefficient range : [ 3.77176e-22, 1.91224e+08 ]
  Variable bound range        : [ 0.05, 1 ]
  RHS coefficient range       : [ 1.53209e-08, 1 ]
Objective value for Line heur k = 59: 8490650.967308799
31
Actual reward of current solution: 43272758.014357656
Minimum Difference with past solutions:0.0.
New solution equals old solution at k=59
30
Total Reward at the start of the inner iterations: 43272758.014357656
Gurobi status: 2

Statistics for model Linearization Heuristic :
  Linear constraint matrix    : 6396 Constrs, 3960 Vars, 989638 NZs
  Matrix coefficient range    : [ 1.00039e-13, 1 ]
  Objective coefficient range : [ 3.77176e-22, 1.91224e+08 ]
  Variable bound range        : [ 0.05, 1 ]
  RHS coefficient range       : [ 1.46889e-08, 1 ]
Objective value for Line heur k = 60: 8307443.876456385
30
Actual reward of current solution: 43272758.014357656
Minimum Difference with past solutions:0.0.
New solution equals old solution at k=60
29
Total Reward at the start of the inner iterations: 43272758.014357656
Gurobi status: 2

Statistics for model Linearization Heuristic :
  Linear constraint matrix    : 6231 Constrs, 3870 Vars, 938444 NZs
  Matrix coefficient range    : [ 1.00039e-13, 1 ]
  Objective coefficient range : [ 3.77176e-22, 1.91224e+08 ]
  Variable bound range        : [ 0.05, 1 ]
  RHS coefficient range       : [ 1.40723e-08, 1 ]
Objective value for Line heur k = 61: 8123724.000511727
29
Actual reward of current solution: 43272758.014357656
Minimum Difference with past solutions:0.0.
New solution equals old solution at k=61
28
Total Reward at the start of the inner iterations: 43272758.014357656
Gurobi status: 2

Statistics for model Linearization Heuristic :
  Linear constraint matrix    : 6066 Constrs, 3780 Vars, 888485 NZs
  Matrix coefficient range    : [ 1.00039e-13, 1 ]
  Objective coefficient range : [ 3.77176e-22, 1.91224e+08 ]
  Variable bound range        : [ 0.05, 1 ]
  RHS coefficient range       : [ 1.34723e-08, 1 ]
Objective value for Line heur k = 62: 7939520.05017807
28
Actual reward of current solution: 43272758.014357656
Minimum Difference with past solutions:0.0.
New solution equals old solution at k=62
27
Total Reward at the start of the inner iterations: 43272758.014357656
Gurobi status: 2

Statistics for model Linearization Heuristic :
  Linear constraint matrix    : 5901 Constrs, 3690 Vars, 839761 NZs
  Matrix coefficient range    : [ 1.00039e-13, 1 ]
  Objective coefficient range : [ 3.77176e-22, 1.91224e+08 ]
  Variable bound range        : [ 0.05, 1 ]
  RHS coefficient range       : [ 1.289e-08, 1 ]
Objective value for Line heur k = 63: 7754859.354654665
27
Actual reward of current solution: 43272758.014357656
Minimum Difference with past solutions:0.0.
New solution equals old solution at k=63
26
Total Reward at the start of the inner iterations: 43272758.014357656
Gurobi status: 2

Statistics for model Linearization Heuristic :
  Linear constraint matrix    : 5736 Constrs, 3600 Vars, 792272 NZs
  Matrix coefficient range    : [ 1.00039e-13, 1 ]
  Objective coefficient range : [ 3.77176e-22, 1.91224e+08 ]
  Variable bound range        : [ 0.05, 1 ]
  RHS coefficient range       : [ 1.23261e-08, 1 ]
Objective value for Line heur k = 64: 7569767.9223395195
26
Actual reward of current solution: 43272758.014357656
Minimum Difference with past solutions:0.0.
New solution equals old solution at k=64
25
Total Reward at the start of the inner iterations: 43272758.014357656
Gurobi status: 2

Statistics for model Linearization Heuristic :
  Linear constraint matrix    : 5571 Constrs, 3510 Vars, 746019 NZs
  Matrix coefficient range    : [ 1.00039e-13, 1 ]
  Objective coefficient range : [ 3.77176e-22, 1.91224e+08 ]
  Variable bound range        : [ 0.05, 1 ]
  RHS coefficient range       : [ 1.17811e-08, 1 ]
Objective value for Line heur k = 65: 7384270.4996870905
25
Actual reward of current solution: 43272758.014357656
Minimum Difference with past solutions:0.0.
New solution equals old solution at k=65
24
Total Reward at the start of the inner iterations: 43272758.014357656
Gurobi status: 2

Statistics for model Linearization Heuristic :
  Linear constraint matrix    : 5406 Constrs, 3420 Vars, 701001 NZs
  Matrix coefficient range    : [ 1.00039e-13, 1 ]
  Objective coefficient range : [ 3.77176e-22, 1.91224e+08 ]
  Variable bound range        : [ 0.05, 1 ]
  RHS coefficient range       : [ 1.12551e-08, 1 ]
Objective value for Line heur k = 66: 7198390.62817035
24
Actual reward of current solution: 43272758.014357656
Minimum Difference with past solutions:0.0.
New solution equals old solution at k=66
23
Total Reward at the start of the inner iterations: 43272758.014357656
Gurobi status: 2

Statistics for model Linearization Heuristic :
  Linear constraint matrix    : 5241 Constrs, 3330 Vars, 657219 NZs
  Matrix coefficient range    : [ 1.00039e-13, 1 ]
  Objective coefficient range : [ 3.77176e-22, 1.91224e+08 ]
  Variable bound range        : [ 0.05, 1 ]
  RHS coefficient range       : [ 1.07484e-08, 1 ]
Objective value for Line heur k = 67: 7012150.699317676
23
Actual reward of current solution: 43272758.014357656
Minimum Difference with past solutions:0.0.
New solution equals old solution at k=67
22
Total Reward at the start of the inner iterations: 43272758.014357656
Gurobi status: 2

Statistics for model Linearization Heuristic :
  Linear constraint matrix    : 5076 Constrs, 3240 Vars, 614672 NZs
  Matrix coefficient range    : [ 1.00039e-13, 1 ]
  Objective coefficient range : [ 3.77176e-22, 1.91224e+08 ]
  Variable bound range        : [ 0.05, 1 ]
  RHS coefficient range       : [ 1.02608e-08, 1 ]
Objective value for Line heur k = 68: 6825572.007812993
22
Actual reward of current solution: 43272758.014357656
Minimum Difference with past solutions:0.0.
New solution equals old solution at k=68
21
Total Reward at the start of the inner iterations: 43272758.014357656
Gurobi status: 2

Statistics for model Linearization Heuristic :
  Linear constraint matrix    : 4911 Constrs, 3150 Vars, 573362 NZs
  Matrix coefficient range    : [ 1.00039e-13, 1 ]
  Objective coefficient range : [ 3.77176e-22, 1.91224e+08 ]
  Variable bound range        : [ 0.05, 1 ]
  RHS coefficient range       : [ 9.79207e-09, 1 ]
Objective value for Line heur k = 69: 6638674.80266351
21
Actual reward of current solution: 43272758.014357656
Minimum Difference with past solutions:0.0.
New solution equals old solution at k=69
20
Total Reward at the start of the inner iterations: 43272758.014357656
Gurobi status: 2

Statistics for model Linearization Heuristic :
  Linear constraint matrix    : 4746 Constrs, 3060 Vars, 533341 NZs
  Matrix coefficient range    : [ 1.00039e-13, 1 ]
  Objective coefficient range : [ 3.77176e-22, 1.91224e+08 ]
  Variable bound range        : [ 0.05, 1 ]
  RHS coefficient range       : [ 9.34206e-09, 0.289967 ]
Objective value for Line heur k = 70: 6451478.336453229
20
Actual reward of current solution: 43272758.014357656
Minimum Difference with past solutions:0.0.
New solution equals old solution at k=70
19
Total Reward at the start of the inner iterations: 43272758.014357656
Gurobi status: 2

Statistics for model Linearization Heuristic :
  Linear constraint matrix    : 4635 Constrs, 2970 Vars, 494557 NZs
  Matrix coefficient range    : [ 1.00039e-13, 1 ]
  Objective coefficient range : [ 3.77176e-22, 1.91224e+08 ]
  Variable bound range        : [ 0.05, 1 ]
  RHS coefficient range       : [ 8.91037e-09, 1 ]
Objective value for Line heur k = 71: 6264000.912713589
19
Actual reward of current solution: 43272758.014357656
Minimum Difference with past solutions:0.0.
New solution equals old solution at k=71
18
Total Reward at the start of the inner iterations: 43272758.014357656
Gurobi status: 2

Statistics for model Linearization Heuristic :
  Linear constraint matrix    : 4470 Constrs, 2880 Vars, 456955 NZs
  Matrix coefficient range    : [ 1.00039e-13, 1 ]
  Objective coefficient range : [ 3.77176e-22, 1.91224e+08 ]
  Variable bound range        : [ 0.05, 1 ]
  RHS coefficient range       : [ 8.49659e-09, 1 ]
Objective value for Line heur k = 72: 6076259.931456237
18
Actual reward of current solution: 43272758.014357656
Minimum Difference with past solutions:0.0.
New solution equals old solution at k=72
17
Total Reward at the start of the inner iterations: 43272758.014357656
Gurobi status: 2

Statistics for model Linearization Heuristic :
  Linear constraint matrix    : 4305 Constrs, 2790 Vars, 420588 NZs
  Matrix coefficient range    : [ 1.00039e-13, 1 ]
  Objective coefficient range : [ 3.77176e-22, 1.91224e+08 ]
  Variable bound range        : [ 0.05, 1 ]
  RHS coefficient range       : [ 8.10028e-09, 1 ]
Objective value for Line heur k = 73: 5888271.93292882
17
Actual reward of current solution: 43272758.014357656
Minimum Difference with past solutions:0.0.
New solution equals old solution at k=73
16
Total Reward at the start of the inner iterations: 43272758.014357656
Gurobi status: 2

Statistics for model Linearization Heuristic :
  Linear constraint matrix    : 4140 Constrs, 2700 Vars, 385457 NZs
  Matrix coefficient range    : [ 1.00039e-13, 1 ]
  Objective coefficient range : [ 3.77176e-22, 1.91224e+08 ]
  Variable bound range        : [ 0.05, 1 ]
  RHS coefficient range       : [ 7.72094e-09, 1 ]
Objective value for Line heur k = 74: 5700052.639675444
16
Actual reward of current solution: 43272758.014357656
Minimum Difference with past solutions:0.0.
New solution equals old solution at k=74
15
Total Reward at the start of the inner iterations: 43272758.014357656
Gurobi status: 2

Statistics for model Linearization Heuristic :
  Linear constraint matrix    : 3975 Constrs, 2610 Vars, 351562 NZs
  Matrix coefficient range    : [ 1.00039e-13, 1 ]
  Objective coefficient range : [ 3.77176e-22, 1.91224e+08 ]
  Variable bound range        : [ 0.05, 1 ]
  RHS coefficient range       : [ 7.35806e-09, 1 ]
Objective value for Line heur k = 75: 5511616.997015332
15
Actual reward of current solution: 43272758.014357656
Minimum Difference with past solutions:0.0.
New solution equals old solution at k=75
14
Total Reward at the start of the inner iterations: 43272758.014357656
Gurobi status: 2

Statistics for model Linearization Heuristic :
  Linear constraint matrix    : 3810 Constrs, 2520 Vars, 318902 NZs
  Matrix coefficient range    : [ 1.00039e-13, 1 ]
  Objective coefficient range : [ 3.77176e-22, 1.91224e+08 ]
  Variable bound range        : [ 0.05, 1 ]
  RHS coefficient range       : [ 5.60976e-09, 1 ]
Objective value for Line heur k = 76: 5322979.212104055
14
Actual reward of current solution: 43272758.014357656
Minimum Difference with past solutions:0.0.
New solution equals old solution at k=76
13
Total Reward at the start of the inner iterations: 43272758.014357656
Gurobi status: 2

Statistics for model Linearization Heuristic :
  Linear constraint matrix    : 3645 Constrs, 2430 Vars, 287478 NZs
  Matrix coefficient range    : [ 1.00039e-13, 1 ]
  Objective coefficient range : [ 3.77176e-22, 1.91224e+08 ]
  Variable bound range        : [ 0.05, 1 ]
  RHS coefficient range       : [ 1.26926e-09, 1 ]
Objective value for Line heur k = 77: 5134152.791825745
13
Actual reward of current solution: 43272758.014357656
Minimum Difference with past solutions:0.0.
New solution equals old solution at k=77
12
Total Reward at the start of the inner iterations: 43272758.014357656
Gurobi status: 2

Statistics for model Linearization Heuristic :
  Linear constraint matrix    : 3480 Constrs, 2340 Vars, 257290 NZs
  Matrix coefficient range    : [ 1.00039e-13, 1 ]
  Objective coefficient range : [ 3.77176e-22, 1.91224e+08 ]
  Variable bound range        : [ 0.05, 1 ]
  RHS coefficient range       : [ 1.30121e-09, 1 ]
Objective value for Line heur k = 78: 4945150.579910162
12
Actual reward of current solution: 43272758.014357656
Minimum Difference with past solutions:0.0.
New solution equals old solution at k=78
11
Total Reward at the start of the inner iterations: 43272758.014357656
Gurobi status: 2

Statistics for model Linearization Heuristic :
  Linear constraint matrix    : 3315 Constrs, 2250 Vars, 228338 NZs
  Matrix coefficient range    : [ 1.00039e-13, 1 ]
  Objective coefficient range : [ 3.77176e-22, 1.91224e+08 ]
  Variable bound range        : [ 0.05, 1 ]
  RHS coefficient range       : [ 9.08385e-11, 1 ]
Objective value for Line heur k = 79: 4755984.793916862
11
Actual reward of current solution: 43272758.014357656
Minimum Difference with past solutions:0.0.
New solution equals old solution at k=79
10
Total Reward at the start of the inner iterations: 43272758.014357656
Gurobi status: 2

Statistics for model Linearization Heuristic :
  Linear constraint matrix    : 3150 Constrs, 2160 Vars, 200622 NZs
  Matrix coefficient range    : [ 1.00039e-13, 1 ]
  Objective coefficient range : [ 3.77176e-22, 1.91224e+08 ]
  Variable bound range        : [ 0.05, 1 ]
  RHS coefficient range       : [ 1.61515e-09, 1 ]
Objective value for Line heur k = 80: 4566667.06315931
10
Actual reward of current solution: 43272758.014357656
Minimum Difference with past solutions:0.0.
New solution equals old solution at k=80
9
Total Reward at the start of the inner iterations: 43272758.014357656
Gurobi status: 2

Statistics for model Linearization Heuristic :
  Linear constraint matrix    : 2985 Constrs, 2070 Vars, 174142 NZs
  Matrix coefficient range    : [ 1.00039e-13, 1 ]
  Objective coefficient range : [ 3.77176e-22, 1.91224e+08 ]
  Variable bound range        : [ 0.05, 1 ]
  RHS coefficient range       : [ 3.42632e-09, 1 ]
Objective value for Line heur k = 81: 4377208.469387788
9
Actual reward of current solution: 43272758.014357656
Minimum Difference with past solutions:0.0.
New solution equals old solution at k=81
8
Total Reward at the start of the inner iterations: 43272758.014357656
Gurobi status: 2

Statistics for model Linearization Heuristic :
  Linear constraint matrix    : 2820 Constrs, 1980 Vars, 148898 NZs
  Matrix coefficient range    : [ 1.00039e-13, 1 ]
  Objective coefficient range : [ 3.77176e-22, 1.91224e+08 ]
  Variable bound range        : [ 0.05, 1 ]
  RHS coefficient range       : [ 5.24269e-09, 1 ]
Objective value for Line heur k = 82: 4187619.5933428053
8
Actual reward of current solution: 43272758.014357656
Minimum Difference with past solutions:0.0.
New solution equals old solution at k=82
7
Total Reward at the start of the inner iterations: 43272758.014357656
Gurobi status: 2

Statistics for model Linearization Heuristic :
  Linear constraint matrix    : 2655 Constrs, 1890 Vars, 124892 NZs
  Matrix coefficient range    : [ 1.00039e-13, 1 ]
  Objective coefficient range : [ 3.77176e-22, 1.91224e+08 ]
  Variable bound range        : [ 0.05, 1 ]
  RHS coefficient range       : [ 7.06806e-09, 1 ]
Objective value for Line heur k = 83: 3997910.5725329723
7
Actual reward of current solution: 43272758.014357656
Minimum Difference with past solutions:0.0.
New solution equals old solution at k=83
6
Total Reward at the start of the inner iterations: 43272758.014357656
Gurobi status: 2

Statistics for model Linearization Heuristic :
  Linear constraint matrix    : 2490 Constrs, 1800 Vars, 102178 NZs
  Matrix coefficient range    : [ 1.00039e-13, 1 ]
  Objective coefficient range : [ 3.77176e-22, 1.91224e+08 ]
  Variable bound range        : [ 0.05, 1 ]
  RHS coefficient range       : [ 8.90901e-09, 0.289854 ]
Objective value for Line heur k = 84: 3808091.1794797326
6
Actual reward of current solution: 43272758.014357656
Minimum Difference with past solutions:0.0.
New solution equals old solution at k=84
5
Total Reward at the start of the inner iterations: 43272758.014357656
Gurobi status: 2

Statistics for model Linearization Heuristic :
  Linear constraint matrix    : 2379 Constrs, 1710 Vars, 80708 NZs
  Matrix coefficient range    : [ 1.00039e-13, 1 ]
  Objective coefficient range : [ 3.77176e-22, 1.91224e+08 ]
  Variable bound range        : [ 0.05, 1 ]
  RHS coefficient range       : [ 1.0777e-08, 1 ]
Objective value for Line heur k = 85: 3618170.936414955
5
Actual reward of current solution: 43272758.014357656
Minimum Difference with past solutions:0.0.
New solution equals old solution at k=85
4
Total Reward at the start of the inner iterations: 43272758.014357656
Gurobi status: 2

Statistics for model Linearization Heuristic :
  Linear constraint matrix    : 2214 Constrs, 1620 Vars, 60437 NZs
  Matrix coefficient range    : [ 1.00039e-13, 1 ]
  Objective coefficient range : [ 3.77176e-22, 1.91224e+08 ]
  Variable bound range        : [ 0.05, 1 ]
  RHS coefficient range       : [ 1.26918e-08, 1 ]
Objective value for Line heur k = 86: 3428159.294111808
4
Actual reward of current solution: 43272758.014357656
Minimum Difference with past solutions:0.0.
New solution equals old solution at k=86
3
Total Reward at the start of the inner iterations: 43272758.014357656
Gurobi status: 2

Statistics for model Linearization Heuristic :
  Linear constraint matrix    : 2049 Constrs, 1530 Vars, 41460 NZs
  Matrix coefficient range    : [ 1.00039e-13, 1 ]
  Objective coefficient range : [ 3.77176e-22, 1.91224e+08 ]
  Variable bound range        : [ 0.05, 1 ]
  RHS coefficient range       : [ 1.46878e-08, 1 ]
Objective value for Line heur k = 87: 3238065.9228098
3
Actual reward of current solution: 43272758.014357656
Minimum Difference with past solutions:0.0.
New solution equals old solution at k=87
2
Total Reward at the start of the inner iterations: 43272758.014357656
Gurobi status: 2

Statistics for model Linearization Heuristic :
  Linear constraint matrix    : 1884 Constrs, 1440 Vars, 23931 NZs
  Matrix coefficient range    : [ 1.02199e-13, 1 ]
  Objective coefficient range : [ 3.77176e-22, 1.91224e+08 ]
  Variable bound range        : [ 0.05, 1 ]
  RHS coefficient range       : [ 1.68247e-08, 1 ]
Objective value for Line heur k = 88: 3047901.1983641097
2
Actual reward of current solution: 43272758.014357656
Minimum Difference with past solutions:0.0.
New solution equals old solution at k=88
1
Total Reward at the start of the inner iterations: 43272758.014357656
Gurobi status: 2

Statistics for model Linearization Heuristic :
  Linear constraint matrix    : 1719 Constrs, 1350 Vars, 11838 NZs
  Matrix coefficient range    : [ 1.20391e-13, 1 ]
  Objective coefficient range : [ 6.93889e-18, 1.91224e+08 ]
  Variable bound range        : [ 0.05, 1 ]
  RHS coefficient range       : [ 1.92058e-08, 1 ]
Objective value for Line heur k = 89: 2857677.0277366797
1
Actual reward of current solution: 43272758.014357656
Minimum Difference with past solutions:0.0.
New solution equals old solution at k=89
0
Total Reward at the start of the inner iterations: 43272758.014357656
Gurobi status: 2

Statistics for model Linearization Heuristic :
  Linear constraint matrix    : 1554 Constrs, 1260 Vars, 2709 NZs
  Matrix coefficient range    : [ 0.288979, 1 ]
  Objective coefficient range : [ 6.93889e-18, 1.91224e+08 ]
  Variable bound range        : [ 0.05, 1 ]
  RHS coefficient range       : [ 2.20103e-08, 0.289823 ]
Objective value for Line heur k = 90: 2667408.2637059363
0
Actual reward of current solution: 43272758.014357656
Minimum Difference with past solutions:0.0.
New solution equals old solution at k=90
0
Total Reward at the start of the inner iterations: 43272758.014357656
Gurobi status: 2

Statistics for model Linearization Heuristic :
  Linear constraint matrix    : 1443 Constrs, 1170 Vars, 2457 NZs
  Matrix coefficient range    : [ 0.317935, 1 ]
  Objective coefficient range : [ 6.93889e-18, 1.91224e+08 ]
  Variable bound range        : [ 0.05, 1 ]
  RHS coefficient range       : [ 2.20103e-08, 0.289823 ]
Objective value for Line heur k = 91: 2476879.078481566
0
Actual reward of current solution: 43272758.014357656
Minimum Difference with past solutions:0.0.
New solution equals old solution at k=91
0
Total Reward at the start of the inner iterations: 43272758.014357656
Gurobi status: 2

Statistics for model Linearization Heuristic :
  Linear constraint matrix    : 1332 Constrs, 1080 Vars, 2214 NZs
  Matrix coefficient range    : [ 0.349792, 1 ]
  Objective coefficient range : [ 6.93889e-18, 1.91224e+08 ]
  Variable bound range        : [ 0.05, 1 ]
  RHS coefficient range       : [ 2.20103e-08, 0.289823 ]
Objective value for Line heur k = 92: 2286349.8986443686
0
Actual reward of current solution: 43272758.014357656
Minimum Difference with past solutions:0.0.
New solution equals old solution at k=92
0
Total Reward at the start of the inner iterations: 43272758.014357656
Gurobi status: 2

Statistics for model Linearization Heuristic :
  Linear constraint matrix    : 1221 Constrs, 990 Vars, 1980 NZs
  Matrix coefficient range    : [ 0.384842, 1 ]
  Objective coefficient range : [ 6.93889e-18, 1.91224e+08 ]
  Variable bound range        : [ 0.05, 1 ]
  RHS coefficient range       : [ 2.20103e-08, 0.289823 ]
Objective value for Line heur k = 93: 2095820.723932593
0
Actual reward of current solution: 43272758.014357656
Minimum Difference with past solutions:0.0.
New solution equals old solution at k=93
0
Total Reward at the start of the inner iterations: 43272758.014357656
Gurobi status: 2

Statistics for model Linearization Heuristic :
  Linear constraint matrix    : 1110 Constrs, 900 Vars, 1755 NZs
  Matrix coefficient range    : [ 0.423403, 1 ]
  Objective coefficient range : [ 6.93889e-18, 1.91224e+08 ]
  Variable bound range        : [ 0.05, 1 ]
  RHS coefficient range       : [ 2.20103e-08, 0.289823 ]
Objective value for Line heur k = 94: 1905291.553878663
0
Actual reward of current solution: 43272758.014357656
Minimum Difference with past solutions:0.0.
New solution equals old solution at k=94
0
Total Reward at the start of the inner iterations: 43272758.014357656
Gurobi status: 2

Statistics for model Linearization Heuristic :
  Linear constraint matrix    : 999 Constrs, 810 Vars, 1539 NZs
  Matrix coefficient range    : [ 0.465828, 1 ]
  Objective coefficient range : [ 6.93889e-18, 1.91224e+08 ]
  Variable bound range        : [ 0.05, 1 ]
  RHS coefficient range       : [ 2.20103e-08, 0.289823 ]
Objective value for Line heur k = 95: 1714762.3879284507
0
Actual reward of current solution: 43272758.014357656
Minimum Difference with past solutions:0.0.
New solution equals old solution at k=95
0
Total Reward at the start of the inner iterations: 43272758.014357656
Gurobi status: 2

Statistics for model Linearization Heuristic :
  Linear constraint matrix    : 888 Constrs, 720 Vars, 1332 NZs
  Matrix coefficient range    : [ 0.512504, 1 ]
  Objective coefficient range : [ 6.93889e-18, 1.91224e+08 ]
  Variable bound range        : [ 0.05, 1 ]
  RHS coefficient range       : [ 2.20103e-08, 0.289823 ]
Objective value for Line heur k = 96: 1524233.2255137707
0
Actual reward of current solution: 43272758.014357656
Minimum Difference with past solutions:0.0.
New solution equals old solution at k=96
0
Total Reward at the start of the inner iterations: 43272758.014357656
Gurobi status: 2

Statistics for model Linearization Heuristic :
  Linear constraint matrix    : 777 Constrs, 630 Vars, 1134 NZs
  Matrix coefficient range    : [ 0.563857, 1 ]
  Objective coefficient range : [ 6.93889e-18, 1.91224e+08 ]
  Variable bound range        : [ 0.05, 1 ]
  RHS coefficient range       : [ 2.20103e-08, 0.289823 ]
Objective value for Line heur k = 97: 1333704.066094053
0
Actual reward of current solution: 43272758.014357656
Minimum Difference with past solutions:0.0.
New solution equals old solution at k=97
0
Total Reward at the start of the inner iterations: 43272758.014357656
Gurobi status: 2

Statistics for model Linearization Heuristic :
  Linear constraint matrix    : 666 Constrs, 540 Vars, 945 NZs
  Matrix coefficient range    : [ 0.620356, 1 ]
  Objective coefficient range : [ 6.93889e-18, 1.91224e+08 ]
  Variable bound range        : [ 0.05, 1 ]
  RHS coefficient range       : [ 2.20103e-08, 0.289823 ]
Objective value for Line heur k = 98: 1143174.9091780456
0
Actual reward of current solution: 43272758.014357656
Minimum Difference with past solutions:0.0.
New solution equals old solution at k=98
0
Total Reward at the start of the inner iterations: 43272758.014357656
Gurobi status: 2

Statistics for model Linearization Heuristic :
  Linear constraint matrix    : 555 Constrs, 450 Vars, 765 NZs
  Matrix coefficient range    : [ 0.682516, 1 ]
  Objective coefficient range : [ 6.93889e-18, 1.91224e+08 ]
  Variable bound range        : [ 0.05, 1 ]
  RHS coefficient range       : [ 2.20103e-08, 0.289823 ]
Objective value for Line heur k = 99: 952645.754332936
0
Actual reward of current solution: 43272758.014357656
Minimum Difference with past solutions:0.0.
New solution equals old solution at k=99
0
Total Reward at the start of the inner iterations: 43272758.014357656
Gurobi status: 2

Statistics for model Linearization Heuristic :
  Linear constraint matrix    : 444 Constrs, 360 Vars, 594 NZs
  Matrix coefficient range    : [ 0.750904, 1 ]
  Objective coefficient range : [ 6.93889e-18, 1.91224e+08 ]
  Variable bound range        : [ 0.05, 1 ]
  RHS coefficient range       : [ 2.20103e-08, 0.289823 ]
Objective value for Line heur k = 100: 762116.601185832
0
Actual reward of current solution: 43272758.014357656
Minimum Difference with past solutions:0.0.
New solution equals old solution at k=100
0
Total Reward at the start of the inner iterations: 43272758.014357656
Gurobi status: 2

Statistics for model Linearization Heuristic :
  Linear constraint matrix    : 333 Constrs, 270 Vars, 432 NZs
  Matrix coefficient range    : [ 0.826145, 1 ]
  Objective coefficient range : [ 6.93889e-18, 1.91224e+08 ]
  Variable bound range        : [ 0.05, 1 ]
  RHS coefficient range       : [ 2.20103e-08, 0.289823 ]
Objective value for Line heur k = 101: 571587.4494208549
0
Actual reward of current solution: 43272758.014357656
Minimum Difference with past solutions:0.0.
New solution equals old solution at k=101
0
Total Reward at the start of the inner iterations: 43272758.014357656
Gurobi status: 2

Statistics for model Linearization Heuristic :
  Linear constraint matrix    : 222 Constrs, 180 Vars, 279 NZs
  Matrix coefficient range    : [ 0.908925, 1 ]
  Objective coefficient range : [ 0.000107643, 1.91224e+08 ]
  Variable bound range        : [ 0.05, 1 ]
  RHS coefficient range       : [ 2.20103e-08, 0.289823 ]
Objective value for Line heur k = 102: 381058.2987739453
0
Actual reward of current solution: 43272758.014357656
Minimum Difference with past solutions:0.0.
New solution equals old solution at k=102
0
Total Reward at the start of the inner iterations: 43272758.014357656
Gurobi status: 2

Statistics for model Linearization Heuristic :
  Linear constraint matrix    : 111 Constrs, 90 Vars, 135 NZs
  Matrix coefficient range    : [ 1, 1 ]
  Objective coefficient range : [ 837.306, 1.91224e+08 ]
  Variable bound range        : [ 0.05, 1 ]
  RHS coefficient range       : [ 2.20103e-08, 0.289823 ]
Objective value for Line heur k = 103: 190529.14902668956
0
Actual reward of current solution: 43272758.014357656
Minimum Difference with past solutions:0.0.
New solution equals old solution at k=103
Total running time for 90 days is 1975.1600260734558
Economic Value: 61256502.73305751
Deaths 0.09648420962621809
Total Reward 43272758.014357656
