{'groups': 'all', 'params_to_try': {'delta_schooling': [0.5], 'xi': [0, 371990.3, 929975.75, 1859951.5, 3719903, 5579854.5], 'icus': [2900], 'tests': [[60000, 0]], 'testing': ['homogeneous'], 'eta': [0.1]}}
{'groups': 'all', 'params_to_try': {'delta_schooling': [0.5], 'xi': [0, 371990.3, 929975.75, 1859951.5, 3719903, 5579854.5], 'icus': [2900], 'tests': [[60000, 0]], 'testing': ['homogeneous'], 'eta': [0.1]}}
{'groups': 'all', 'params_to_try': {'delta_schooling': [0.7660007358222142], 'icus': [2900], 'eta': [0.014958751374622149], 'tests': [[0, 0]], 'xi': [0.0], 'testing': ['homogeneous']}}
results/time_gradient/xi-0_icus-2900_testing-homogeneous_natests-0_nmtests-0_T-90_startday-0_groups-all_dschool-0.766001_eta-0.014959_freq-90-14_initParamVarying-multiplier_beta_randomInstance-67.yaml
{'groups': 'all', 'params_to_try': {'delta_schooling': [0.5], 'xi': [0, 371990.3, 929975.75, 1859951.5, 3719903, 5579854.5], 'icus': [2900], 'tests': [[60000, 0]], 'testing': ['homogeneous'], 'eta': [0.1]}}
{'groups': 'all', 'params_to_try': {'delta_schooling': [0.5], 'xi': [0, 371990.3, 929975.75, 1859951.5, 3719903, 5579854.5], 'icus': [2900], 'tests': [[60000, 0]], 'testing': ['homogeneous'], 'eta': [0.1]}}
{'groups': 'all', 'params_to_try': {'delta_schooling': [0.7660007358222142], 'icus': [2900], 'eta': [0.014958751374622149], 'tests': [[0, 0]], 'xi': [0.0], 'testing': ['homogeneous']}}
results/dynamic_gradient/xi-0_icus-2900_testing-homogeneous_natests-0_nmtests-0_T-90_startday-0_groups-all_dschool-0.766001_eta-0.014959_freq-90-14_initParamVarying-multiplier_beta_randomInstance-67.yaml
500
(0.5, 0.0, 0.29, 0.0, (7, 14), 'fitted-scaled', 'econ-scaled', 'oct21-scaled', 0.1, 0.05, 2, 'dynamic_gradient', 67, 'multiplier_beta')
The value of T is: 104
Missing starting point -- Running the initial heuristic.
/home/groups/daniancu/covid-optimization/covid-optimization
90
Total Reward at the start of the inner iterations: 59160963.67337412
Using license file /share/software/user/restricted/gurobi/9.0.3_py36/licenses/gurobi.lic
Set parameter TokenServer to value license4.stanford.edu
Gurobi status: 2

Statistics for model Linearization Heuristic :
  Linear constraint matrix    : 16026 Constrs, 9360 Vars, 6321715 NZs
  Matrix coefficient range    : [ 1.00898e-13, 1 ]
  Objective coefficient range : [ 8.06984e-22, 5.22844e+06 ]
  Variable bound range        : [ 0.05, 1 ]
  RHS coefficient range       : [ 6.16495e-08, 0.308404 ]
Objective value for Line heur k = 0: 7979296.167702129
90
Actual reward of current solution: 59164842.90505966
Minimum Difference with past solutions:0.050000000000000044.
Gurobi status: 2

Statistics for model Linearization Heuristic :
  Linear constraint matrix    : 16026 Constrs, 9360 Vars, 6321715 NZs
  Matrix coefficient range    : [ 1.00898e-13, 1 ]
  Objective coefficient range : [ 1.08666e-21, 5.22844e+06 ]
  Variable bound range        : [ 0.05, 1 ]
  RHS coefficient range       : [ 6.16495e-08, 0.308404 ]
Objective value for Line heur k = 0: 7983173.940827796
90
Actual reward of current solution: 59168722.13674519
Minimum Difference with past solutions:0.050000000000000044.
Gurobi status: 2

Statistics for model Linearization Heuristic :
  Linear constraint matrix    : 16026 Constrs, 9360 Vars, 6321715 NZs
  Matrix coefficient range    : [ 1.00898e-13, 1 ]
  Objective coefficient range : [ 1.36633e-21, 5.22844e+06 ]
  Variable bound range        : [ 0.05, 1 ]
  RHS coefficient range       : [ 6.16495e-08, 0.308404 ]
Objective value for Line heur k = 0: 7987051.713953478
90
Actual reward of current solution: 59172601.36843075
Minimum Difference with past solutions:0.050000000000000044.
Gurobi status: 2

Statistics for model Linearization Heuristic :
  Linear constraint matrix    : 16026 Constrs, 9360 Vars, 6321715 NZs
  Matrix coefficient range    : [ 1.00898e-13, 1 ]
  Objective coefficient range : [ 1.646e-21, 5.22844e+06 ]
  Variable bound range        : [ 0.05, 1 ]
  RHS coefficient range       : [ 6.16495e-08, 0.308404 ]
Objective value for Line heur k = 0: 7990929.487079165
90
Actual reward of current solution: 59176480.6001163
Minimum Difference with past solutions:0.050000000000000044.
Gurobi status: 2

Statistics for model Linearization Heuristic :
  Linear constraint matrix    : 16026 Constrs, 9360 Vars, 6321715 NZs
  Matrix coefficient range    : [ 1.00898e-13, 1 ]
  Objective coefficient range : [ 1.92568e-21, 5.22844e+06 ]
  Variable bound range        : [ 0.05, 1 ]
  RHS coefficient range       : [ 6.16495e-08, 0.308404 ]
Objective value for Line heur k = 0: 7994807.260204823
90
Actual reward of current solution: 59180359.83180184
Minimum Difference with past solutions:0.050000000000000044.
Gurobi status: 2

Statistics for model Linearization Heuristic :
  Linear constraint matrix    : 16026 Constrs, 9360 Vars, 6321715 NZs
  Matrix coefficient range    : [ 1.00898e-13, 1 ]
  Objective coefficient range : [ 2.20535e-21, 5.22844e+06 ]
  Variable bound range        : [ 0.05, 1 ]
  RHS coefficient range       : [ 6.16495e-08, 0.308404 ]
Objective value for Line heur k = 0: 7998685.033330503
90
Actual reward of current solution: 59184239.06348739
Minimum Difference with past solutions:0.050000000000000044.
Gurobi status: 2

Statistics for model Linearization Heuristic :
  Linear constraint matrix    : 16026 Constrs, 9360 Vars, 6321715 NZs
  Matrix coefficient range    : [ 1.00898e-13, 1 ]
  Objective coefficient range : [ 2.48502e-21, 5.22844e+06 ]
  Variable bound range        : [ 0.05, 1 ]
  RHS coefficient range       : [ 6.16495e-08, 0.308404 ]
Objective value for Line heur k = 0: 8002562.806456207
90
Actual reward of current solution: 59188118.29517294
Minimum Difference with past solutions:0.050000000000000044.
Gurobi status: 2

Statistics for model Linearization Heuristic :
  Linear constraint matrix    : 16026 Constrs, 9360 Vars, 6321715 NZs
  Matrix coefficient range    : [ 1.00898e-13, 1 ]
  Objective coefficient range : [ 2.7647e-21, 5.22844e+06 ]
  Variable bound range        : [ 0.05, 1 ]
  RHS coefficient range       : [ 6.16495e-08, 0.308404 ]
Objective value for Line heur k = 0: 8006440.57958187
90
Actual reward of current solution: 59191997.52685849
Minimum Difference with past solutions:0.050000000000000044.
Gurobi status: 2

Statistics for model Linearization Heuristic :
  Linear constraint matrix    : 16026 Constrs, 9360 Vars, 6321715 NZs
  Matrix coefficient range    : [ 1.00898e-13, 1 ]
  Objective coefficient range : [ 2.92511e-21, 5.22844e+06 ]
  Variable bound range        : [ 0.05, 1 ]
  RHS coefficient range       : [ 6.16495e-08, 0.308404 ]
Objective value for Line heur k = 0: 8010318.352707553
90
Actual reward of current solution: 59195876.75854402
Minimum Difference with past solutions:0.050000000000000044.
Gurobi status: 2

Statistics for model Linearization Heuristic :
  Linear constraint matrix    : 16026 Constrs, 9360 Vars, 6321715 NZs
  Matrix coefficient range    : [ 1.00898e-13, 1 ]
  Objective coefficient range : [ 2.92599e-21, 5.22844e+06 ]
  Variable bound range        : [ 0.05, 1 ]
  RHS coefficient range       : [ 6.16495e-08, 0.308404 ]
Objective value for Line heur k = 0: 8014196.125833208
90
Actual reward of current solution: 59199755.990229584
Minimum Difference with past solutions:0.04999999999999999.
Gurobi status: 2

Statistics for model Linearization Heuristic :
  Linear constraint matrix    : 16026 Constrs, 9360 Vars, 6321715 NZs
  Matrix coefficient range    : [ 1.00898e-13, 1 ]
  Objective coefficient range : [ 2.92688e-21, 5.22844e+06 ]
  Variable bound range        : [ 0.05, 1 ]
  RHS coefficient range       : [ 6.16495e-08, 0.308404 ]
Objective value for Line heur k = 0: 8018073.898958871
90
Actual reward of current solution: 59203635.221915126
Minimum Difference with past solutions:0.04999999999999999.
Gurobi status: 2

Statistics for model Linearization Heuristic :
  Linear constraint matrix    : 16026 Constrs, 9360 Vars, 6321715 NZs
  Matrix coefficient range    : [ 1.00898e-13, 1 ]
  Objective coefficient range : [ 2.92776e-21, 5.22844e+06 ]
  Variable bound range        : [ 0.05, 1 ]
  RHS coefficient range       : [ 6.16495e-08, 0.308404 ]
Objective value for Line heur k = 0: 8021951.672084582
90
Actual reward of current solution: 59207514.45360067
Minimum Difference with past solutions:0.04999999999999999.
Gurobi status: 2

Statistics for model Linearization Heuristic :
  Linear constraint matrix    : 16026 Constrs, 9360 Vars, 6321715 NZs
  Matrix coefficient range    : [ 1.00898e-13, 1 ]
  Objective coefficient range : [ 2.92865e-21, 5.22844e+06 ]
  Variable bound range        : [ 0.05, 1 ]
  RHS coefficient range       : [ 6.16495e-08, 0.308404 ]
Objective value for Line heur k = 0: 8025829.445210244
90
Actual reward of current solution: 59211393.68528623
Minimum Difference with past solutions:0.04999999999999999.
Gurobi status: 2

Statistics for model Linearization Heuristic :
  Linear constraint matrix    : 16026 Constrs, 9360 Vars, 6321715 NZs
  Matrix coefficient range    : [ 1.00898e-13, 1 ]
  Objective coefficient range : [ 2.92954e-21, 5.22844e+06 ]
  Variable bound range        : [ 0.05, 1 ]
  RHS coefficient range       : [ 6.16495e-08, 0.308404 ]
Objective value for Line heur k = 0: 8029707.2183359265
90
Actual reward of current solution: 59215272.91697177
Minimum Difference with past solutions:0.04999999999999999.
Gurobi status: 2

Statistics for model Linearization Heuristic :
  Linear constraint matrix    : 16026 Constrs, 9360 Vars, 6321715 NZs
  Matrix coefficient range    : [ 1.00898e-13, 1 ]
  Objective coefficient range : [ 2.93042e-21, 5.22844e+06 ]
  Variable bound range        : [ 0.05, 1 ]
  RHS coefficient range       : [ 6.16495e-08, 0.308404 ]
Objective value for Line heur k = 0: 8033584.991461605
90
Actual reward of current solution: 59219152.14865731
Minimum Difference with past solutions:0.04999999999999999.
Gurobi status: 2

Statistics for model Linearization Heuristic :
  Linear constraint matrix    : 16026 Constrs, 9360 Vars, 6321715 NZs
  Matrix coefficient range    : [ 1.00898e-13, 1 ]
  Objective coefficient range : [ 2.93131e-21, 5.22844e+06 ]
  Variable bound range        : [ 0.05, 1 ]
  RHS coefficient range       : [ 6.16495e-08, 0.308404 ]
Objective value for Line heur k = 0: 8037462.764587307
90
Actual reward of current solution: 59223031.38034285
Minimum Difference with past solutions:0.04999999999999999.
Gurobi status: 2

Statistics for model Linearization Heuristic :
  Linear constraint matrix    : 16026 Constrs, 9360 Vars, 6321715 NZs
  Matrix coefficient range    : [ 1.00898e-13, 1 ]
  Objective coefficient range : [ 2.9322e-21, 5.22844e+06 ]
  Variable bound range        : [ 0.05, 1 ]
  RHS coefficient range       : [ 6.16495e-08, 0.308404 ]
Objective value for Line heur k = 0: 8041340.537712946
90
Actual reward of current solution: 59226910.6120284
Minimum Difference with past solutions:0.04999999999999999.
Gurobi status: 2

Statistics for model Linearization Heuristic :
  Linear constraint matrix    : 16026 Constrs, 9360 Vars, 6321715 NZs
  Matrix coefficient range    : [ 1.00898e-13, 1 ]
  Objective coefficient range : [ 2.93308e-21, 5.22844e+06 ]
  Variable bound range        : [ 0.05, 1 ]
  RHS coefficient range       : [ 6.16495e-08, 0.308404 ]
Objective value for Line heur k = 0: 8045218.310838644
90
Actual reward of current solution: 59230789.84371395
Minimum Difference with past solutions:0.05.
Gurobi status: 2

Statistics for model Linearization Heuristic :
  Linear constraint matrix    : 16026 Constrs, 9360 Vars, 6321715 NZs
  Matrix coefficient range    : [ 1.00898e-13, 1 ]
  Objective coefficient range : [ 2.93397e-21, 5.22844e+06 ]
  Variable bound range        : [ 0.05, 1 ]
  RHS coefficient range       : [ 6.16495e-08, 0.308404 ]
Objective value for Line heur k = 0: 8049096.083964329
90
Actual reward of current solution: 59234669.0753995
Minimum Difference with past solutions:0.05.
Gurobi status: 2

Statistics for model Linearization Heuristic :
  Linear constraint matrix    : 16026 Constrs, 9360 Vars, 6321715 NZs
  Matrix coefficient range    : [ 1.00898e-13, 1 ]
  Objective coefficient range : [ 2.93486e-21, 5.22844e+06 ]
  Variable bound range        : [ 0.05, 1 ]
  RHS coefficient range       : [ 6.16495e-08, 0.308404 ]
Objective value for Line heur k = 0: 8052973.857089995
90
Actual reward of current solution: 59238548.307085045
Minimum Difference with past solutions:0.049999999999999684.
Gurobi status: 2

Statistics for model Linearization Heuristic :
  Linear constraint matrix    : 16026 Constrs, 9360 Vars, 6321715 NZs
  Matrix coefficient range    : [ 1.00898e-13, 1 ]
  Objective coefficient range : [ 2.93574e-21, 5.22844e+06 ]
  Variable bound range        : [ 0.05, 1 ]
  RHS coefficient range       : [ 6.16495e-08, 0.308404 ]
Objective value for Line heur k = 0: 8052972.398266066
90
Actual reward of current solution: 59238548.307085045
Minimum Difference with past solutions:0.0.
New solution equals old solution at k=0
89
Total Reward at the start of the inner iterations: 59238548.307085045
Gurobi status: 2

Statistics for model Linearization Heuristic :
  Linear constraint matrix    : 15915 Constrs, 9270 Vars, 6196472 NZs
  Matrix coefficient range    : [ 1.00898e-13, 1 ]
  Objective coefficient range : [ 2.93574e-21, 5.22844e+06 ]
  Variable bound range        : [ 0.05, 1 ]
  RHS coefficient range       : [ 6.44961e-08, 1 ]
Objective value for Line heur k = 1: 7977025.923033884
89
Actual reward of current solution: 59238548.307085045
Minimum Difference with past solutions:0.0.
New solution equals old solution at k=1
88
Total Reward at the start of the inner iterations: 59238548.307085045
Gurobi status: 2

Statistics for model Linearization Heuristic :
  Linear constraint matrix    : 15750 Constrs, 9180 Vars, 6072410 NZs
  Matrix coefficient range    : [ 1.00898e-13, 1 ]
  Objective coefficient range : [ 2.93574e-21, 5.22844e+06 ]
  Variable bound range        : [ 0.05, 1 ]
  RHS coefficient range       : [ 1.72919e-07, 1 ]
Objective value for Line heur k = 2: 7901095.1768080145
88
Actual reward of current solution: 59238548.307085045
Minimum Difference with past solutions:0.0.
New solution equals old solution at k=2
87
Total Reward at the start of the inner iterations: 59238548.307085045
Gurobi status: 2

Statistics for model Linearization Heuristic :
  Linear constraint matrix    : 15585 Constrs, 9090 Vars, 5949583 NZs
  Matrix coefficient range    : [ 1.00898e-13, 1 ]
  Objective coefficient range : [ 2.93574e-21, 5.22844e+06 ]
  Variable bound range        : [ 0.05, 1 ]
  RHS coefficient range       : [ 3.1423e-07, 1 ]
Objective value for Line heur k = 3: 7825126.221195455
87
Actual reward of current solution: 59238548.307085045
Minimum Difference with past solutions:0.0.
New solution equals old solution at k=3
86
Total Reward at the start of the inner iterations: 59238548.307085045
Gurobi status: 2

Statistics for model Linearization Heuristic :
  Linear constraint matrix    : 15420 Constrs, 9000 Vars, 5827991 NZs
  Matrix coefficient range    : [ 1.00898e-13, 1 ]
  Objective coefficient range : [ 2.93574e-21, 5.22844e+06 ]
  Variable bound range        : [ 0.05, 1 ]
  RHS coefficient range       : [ 4.53544e-07, 1 ]
Objective value for Line heur k = 4: 7749091.815132645
86
Actual reward of current solution: 59238548.307085045
Minimum Difference with past solutions:0.0.
New solution equals old solution at k=4
85
Total Reward at the start of the inner iterations: 59238548.307085045
Gurobi status: 2

Statistics for model Linearization Heuristic :
  Linear constraint matrix    : 15255 Constrs, 8910 Vars, 5707634 NZs
  Matrix coefficient range    : [ 1.00898e-13, 1 ]
  Objective coefficient range : [ 2.93574e-21, 5.22844e+06 ]
  Variable bound range        : [ 0.05, 1 ]
  RHS coefficient range       : [ 4.06843e-07, 1 ]
Objective value for Line heur k = 5: 7672979.370065489
85
Actual reward of current solution: 59238548.307085045
Minimum Difference with past solutions:0.0.
New solution equals old solution at k=5
84
Total Reward at the start of the inner iterations: 59238548.307085045
Gurobi status: 2

Statistics for model Linearization Heuristic :
  Linear constraint matrix    : 15090 Constrs, 8820 Vars, 5588512 NZs
  Matrix coefficient range    : [ 1.00898e-13, 1 ]
  Objective coefficient range : [ 2.93574e-21, 5.22844e+06 ]
  Variable bound range        : [ 0.05, 1 ]
  RHS coefficient range       : [ 2.77194e-07, 1 ]
Objective value for Line heur k = 6: 7596784.281751589
84
Actual reward of current solution: 59238548.307085045
Minimum Difference with past solutions:0.0.
New solution equals old solution at k=6
83
Total Reward at the start of the inner iterations: 59238548.307085045
Gurobi status: 2

Statistics for model Linearization Heuristic :
  Linear constraint matrix    : 14925 Constrs, 8730 Vars, 5470625 NZs
  Matrix coefficient range    : [ 1.00898e-13, 1 ]
  Objective coefficient range : [ 2.93574e-21, 5.22844e+06 ]
  Variable bound range        : [ 0.05, 1 ]
  RHS coefficient range       : [ 1.6634e-07, 1 ]
Objective value for Line heur k = 7: 7520506.23917308
83
Actual reward of current solution: 59238548.307085045
Minimum Difference with past solutions:0.0.
New solution equals old solution at k=7
82
Total Reward at the start of the inner iterations: 59238548.307085045
Gurobi status: 2

Statistics for model Linearization Heuristic :
  Linear constraint matrix    : 14760 Constrs, 8640 Vars, 5353973 NZs
  Matrix coefficient range    : [ 1.00898e-13, 1 ]
  Objective coefficient range : [ 2.93574e-21, 5.22844e+06 ]
  Variable bound range        : [ 0.05, 1 ]
  RHS coefficient range       : [ 9.0891e-08, 1 ]
Objective value for Line heur k = 8: 7444147.183171659
82
Actual reward of current solution: 59238548.307085045
Minimum Difference with past solutions:0.0.
New solution equals old solution at k=8
81
Total Reward at the start of the inner iterations: 59238548.307085045
Gurobi status: 2

Statistics for model Linearization Heuristic :
  Linear constraint matrix    : 14595 Constrs, 8550 Vars, 5238556 NZs
  Matrix coefficient range    : [ 1.00898e-13, 1 ]
  Objective coefficient range : [ 2.93574e-21, 5.22844e+06 ]
  Variable bound range        : [ 0.05, 1 ]
  RHS coefficient range       : [ 2.04027e-08, 1 ]
Objective value for Line heur k = 9: 7367710.179965622
81
Actual reward of current solution: 59238548.307085045
Minimum Difference with past solutions:0.0.
New solution equals old solution at k=9
80
Total Reward at the start of the inner iterations: 59238548.307085045
Gurobi status: 2

Statistics for model Linearization Heuristic :
  Linear constraint matrix    : 14430 Constrs, 8460 Vars, 5124374 NZs
  Matrix coefficient range    : [ 1.00898e-13, 1 ]
  Objective coefficient range : [ 2.93574e-21, 5.22844e+06 ]
  Variable bound range        : [ 0.05, 1 ]
  RHS coefficient range       : [ 3.95975e-08, 1 ]
Objective value for Line heur k = 10: 7291198.802363741
80
Actual reward of current solution: 59238548.307085045
Minimum Difference with past solutions:0.0.
New solution equals old solution at k=10
79
Total Reward at the start of the inner iterations: 59238548.307085045
Gurobi status: 2

Statistics for model Linearization Heuristic :
  Linear constraint matrix    : 14265 Constrs, 8370 Vars, 5011427 NZs
  Matrix coefficient range    : [ 1.00898e-13, 1 ]
  Objective coefficient range : [ 2.93574e-21, 5.22844e+06 ]
  Variable bound range        : [ 0.05, 1 ]
  RHS coefficient range       : [ 9.01947e-08, 1 ]
Objective value for Line heur k = 11: 7214616.792813845
79
Actual reward of current solution: 59238548.307085045
Minimum Difference with past solutions:0.0.
New solution equals old solution at k=11
78
Total Reward at the start of the inner iterations: 59238548.307085045
Gurobi status: 2

Statistics for model Linearization Heuristic :
  Linear constraint matrix    : 14100 Constrs, 8280 Vars, 4899715 NZs
  Matrix coefficient range    : [ 1.00898e-13, 1 ]
  Objective coefficient range : [ 2.93574e-21, 5.22844e+06 ]
  Variable bound range        : [ 0.05, 1 ]
  RHS coefficient range       : [ 1.34801e-07, 1 ]
Objective value for Line heur k = 12: 7137967.882866521
78
Actual reward of current solution: 59238548.307085045
Minimum Difference with past solutions:0.0.
New solution equals old solution at k=12
77
Total Reward at the start of the inner iterations: 59238548.307085045
Gurobi status: 2

Statistics for model Linearization Heuristic :
  Linear constraint matrix    : 13935 Constrs, 8190 Vars, 4789238 NZs
  Matrix coefficient range    : [ 1.00898e-13, 1 ]
  Objective coefficient range : [ 2.93574e-21, 5.22844e+06 ]
  Variable bound range        : [ 0.05, 1 ]
  RHS coefficient range       : [ 1.72097e-07, 1 ]
Objective value for Line heur k = 13: 7061255.699335492
77
Actual reward of current solution: 59238548.307085045
Minimum Difference with past solutions:0.0.
New solution equals old solution at k=13
76
Total Reward at the start of the inner iterations: 59238548.307085045
Gurobi status: 2

Statistics for model Linearization Heuristic :
  Linear constraint matrix    : 13770 Constrs, 8100 Vars, 4680050 NZs
  Matrix coefficient range    : [ 1.00898e-13, 1 ]
  Objective coefficient range : [ 2.93574e-21, 5.22844e+06 ]
  Variable bound range        : [ 0.05, 1 ]
  RHS coefficient range       : [ 2.03521e-07, 0.298831 ]
Objective value for Line heur k = 14: 6984483.718363398
76
Actual reward of current solution: 59238548.307085045
Minimum Difference with past solutions:0.0.
New solution equals old solution at k=14
75
Total Reward at the start of the inner iterations: 59238548.307085045
Gurobi status: 2

Statistics for model Linearization Heuristic :
  Linear constraint matrix    : 13659 Constrs, 8010 Vars, 4572097 NZs
  Matrix coefficient range    : [ 1.00898e-13, 1 ]
  Objective coefficient range : [ 2.93574e-21, 5.22844e+06 ]
  Variable bound range        : [ 0.05, 1 ]
  RHS coefficient range       : [ 2.29674e-07, 1 ]
Objective value for Line heur k = 15: 6907655.245795122
75
Actual reward of current solution: 59238548.307085045
Minimum Difference with past solutions:0.0.
New solution equals old solution at k=15
74
Total Reward at the start of the inner iterations: 59238548.307085045
Gurobi status: 2

Statistics for model Linearization Heuristic :
  Linear constraint matrix    : 13494 Constrs, 7920 Vars, 4465325 NZs
  Matrix coefficient range    : [ 1.00898e-13, 1 ]
  Objective coefficient range : [ 2.93574e-21, 5.22844e+06 ]
  Variable bound range        : [ 0.05, 1 ]
  RHS coefficient range       : [ 2.51096e-07, 1 ]
Objective value for Line heur k = 16: 6830773.411831614
74
Actual reward of current solution: 59238548.307085045
Minimum Difference with past solutions:0.0.
New solution equals old solution at k=16
73
Total Reward at the start of the inner iterations: 59238548.307085045
Gurobi status: 2

Statistics for model Linearization Heuristic :
  Linear constraint matrix    : 13329 Constrs, 7830 Vars, 4359788 NZs
  Matrix coefficient range    : [ 1.00898e-13, 1 ]
  Objective coefficient range : [ 2.93574e-21, 5.22844e+06 ]
  Variable bound range        : [ 0.05, 1 ]
  RHS coefficient range       : [ 2.68284e-07, 1 ]
Objective value for Line heur k = 17: 6753841.173271604
73
Actual reward of current solution: 59238548.307085045
Minimum Difference with past solutions:0.0.
New solution equals old solution at k=17
72
Total Reward at the start of the inner iterations: 59238548.307085045
Gurobi status: 2

Statistics for model Linearization Heuristic :
  Linear constraint matrix    : 13164 Constrs, 7740 Vars, 4255486 NZs
  Matrix coefficient range    : [ 1.00898e-13, 1 ]
  Objective coefficient range : [ 2.93574e-21, 5.22844e+06 ]
  Variable bound range        : [ 0.05, 1 ]
  RHS coefficient range       : [ 2.81698e-07, 1 ]
Objective value for Line heur k = 18: 6676861.319625284
72
Actual reward of current solution: 59238548.307085045
Minimum Difference with past solutions:0.0.
New solution equals old solution at k=18
71
Total Reward at the start of the inner iterations: 59238548.307085045
Gurobi status: 2

Statistics for model Linearization Heuristic :
  Linear constraint matrix    : 12999 Constrs, 7650 Vars, 4152419 NZs
  Matrix coefficient range    : [ 1.00898e-13, 1 ]
  Objective coefficient range : [ 2.93574e-21, 5.22844e+06 ]
  Variable bound range        : [ 0.05, 1 ]
  RHS coefficient range       : [ 2.91765e-07, 1 ]
Objective value for Line heur k = 19: 6599836.481046416
71
Actual reward of current solution: 59238548.307085045
Minimum Difference with past solutions:0.0.
New solution equals old solution at k=19
70
Total Reward at the start of the inner iterations: 59238548.307085045
Gurobi status: 2

Statistics for model Linearization Heuristic :
  Linear constraint matrix    : 12834 Constrs, 7560 Vars, 4050587 NZs
  Matrix coefficient range    : [ 1.00898e-13, 1 ]
  Objective coefficient range : [ 2.93574e-21, 5.22844e+06 ]
  Variable bound range        : [ 0.05, 1 ]
  RHS coefficient range       : [ 2.98882e-07, 1 ]
Objective value for Line heur k = 20: 6522769.136958408
70
Actual reward of current solution: 59238548.307085045
Minimum Difference with past solutions:0.0.
New solution equals old solution at k=20
69
Total Reward at the start of the inner iterations: 59238548.307085045
Gurobi status: 2

Statistics for model Linearization Heuristic :
  Linear constraint matrix    : 12669 Constrs, 7470 Vars, 3949990 NZs
  Matrix coefficient range    : [ 1.00898e-13, 1 ]
  Objective coefficient range : [ 2.93574e-21, 5.22844e+06 ]
  Variable bound range        : [ 0.05, 1 ]
  RHS coefficient range       : [ 3.03414e-07, 1 ]
Objective value for Line heur k = 21: 6445661.62476874
69
Actual reward of current solution: 59238548.307085045
Minimum Difference with past solutions:0.0.
New solution equals old solution at k=21
68
Total Reward at the start of the inner iterations: 59238548.307085045
Gurobi status: 2

Statistics for model Linearization Heuristic :
  Linear constraint matrix    : 12504 Constrs, 7380 Vars, 3850628 NZs
  Matrix coefficient range    : [ 1.00898e-13, 1 ]
  Objective coefficient range : [ 2.93574e-21, 5.22844e+06 ]
  Variable bound range        : [ 0.05, 1 ]
  RHS coefficient range       : [ 3.05695e-07, 1 ]
Objective value for Line heur k = 22: 6368516.148355467
68
Actual reward of current solution: 59238548.307085045
Minimum Difference with past solutions:0.0.
New solution equals old solution at k=22
67
Total Reward at the start of the inner iterations: 59238548.307085045
Gurobi status: 2

Statistics for model Linearization Heuristic :
  Linear constraint matrix    : 12339 Constrs, 7290 Vars, 3752501 NZs
  Matrix coefficient range    : [ 1.00898e-13, 1 ]
  Objective coefficient range : [ 2.93574e-21, 5.22844e+06 ]
  Variable bound range        : [ 0.05, 1 ]
  RHS coefficient range       : [ 3.0603e-07, 1 ]
Objective value for Line heur k = 23: 6291334.786170376
67
Actual reward of current solution: 59238548.307085045
Minimum Difference with past solutions:0.0.
New solution equals old solution at k=23
66
Total Reward at the start of the inner iterations: 59238548.307085045
Gurobi status: 2

Statistics for model Linearization Heuristic :
  Linear constraint matrix    : 12174 Constrs, 7200 Vars, 3655609 NZs
  Matrix coefficient range    : [ 1.00898e-13, 1 ]
  Objective coefficient range : [ 2.93574e-21, 5.22844e+06 ]
  Variable bound range        : [ 0.05, 1 ]
  RHS coefficient range       : [ 3.04694e-07, 1 ]
Objective value for Line heur k = 24: 6214119.498891836
66
Actual reward of current solution: 59238548.307085045
Minimum Difference with past solutions:0.0.
New solution equals old solution at k=24
65
Total Reward at the start of the inner iterations: 59238548.307085045
Gurobi status: 2

Statistics for model Linearization Heuristic :
  Linear constraint matrix    : 12009 Constrs, 7110 Vars, 3559952 NZs
  Matrix coefficient range    : [ 1.00898e-13, 1 ]
  Objective coefficient range : [ 2.93574e-21, 5.22844e+06 ]
  Variable bound range        : [ 0.05, 1 ]
  RHS coefficient range       : [ 3.01936e-07, 1 ]
Objective value for Line heur k = 25: 6136872.136608563
65
Actual reward of current solution: 59238548.307085045
Minimum Difference with past solutions:0.0.
New solution equals old solution at k=25
64
Total Reward at the start of the inner iterations: 59238548.307085045
Gurobi status: 2

Statistics for model Linearization Heuristic :
  Linear constraint matrix    : 11844 Constrs, 7020 Vars, 3465530 NZs
  Matrix coefficient range    : [ 1.00898e-13, 1 ]
  Objective coefficient range : [ 2.93574e-21, 5.22844e+06 ]
  Variable bound range        : [ 0.05, 1 ]
  RHS coefficient range       : [ 2.97977e-07, 1 ]
Objective value for Line heur k = 26: 6059594.445541104
64
Actual reward of current solution: 59238548.307085045
Minimum Difference with past solutions:0.0.
New solution equals old solution at k=26
63
Total Reward at the start of the inner iterations: 59238548.307085045
Gurobi status: 2

Statistics for model Linearization Heuristic :
  Linear constraint matrix    : 11679 Constrs, 6930 Vars, 3372343 NZs
  Matrix coefficient range    : [ 1.00898e-13, 1 ]
  Objective coefficient range : [ 2.93574e-21, 5.22844e+06 ]
  Variable bound range        : [ 0.05, 1 ]
  RHS coefficient range       : [ 2.93015e-07, 1 ]
Objective value for Line heur k = 27: 5982288.074320536
63
Actual reward of current solution: 59238548.307085045
Minimum Difference with past solutions:0.0.
New solution equals old solution at k=27
62
Total Reward at the start of the inner iterations: 59238548.307085045
Gurobi status: 2

Statistics for model Linearization Heuristic :
  Linear constraint matrix    : 11514 Constrs, 6840 Vars, 3280445 NZs
  Matrix coefficient range    : [ 1.00898e-13, 1 ]
  Objective coefficient range : [ 2.93574e-21, 5.22844e+06 ]
  Variable bound range        : [ 0.05, 1 ]
  RHS coefficient range       : [ 2.78576e-07, 0.29426 ]
Objective value for Line heur k = 28: 5904954.5798499305
62
Actual reward of current solution: 59238548.307085045
Minimum Difference with past solutions:0.0.
New solution equals old solution at k=28
61
Total Reward at the start of the inner iterations: 59238548.307085045
Gurobi status: 2

Statistics for model Linearization Heuristic :
  Linear constraint matrix    : 11403 Constrs, 6750 Vars, 3189782 NZs
  Matrix coefficient range    : [ 1.00898e-13, 1 ]
  Objective coefficient range : [ 2.93574e-21, 5.22844e+06 ]
  Variable bound range        : [ 0.05, 1 ]
  RHS coefficient range       : [ 2.6368e-07, 1 ]
Objective value for Line heur k = 29: 5827595.432775839
61
Actual reward of current solution: 59238548.307085045
Minimum Difference with past solutions:0.0.
New solution equals old solution at k=29
60
Total Reward at the start of the inner iterations: 59238548.307085045
Gurobi status: 2

Statistics for model Linearization Heuristic :
  Linear constraint matrix    : 11238 Constrs, 6660 Vars, 3100300 NZs
  Matrix coefficient range    : [ 1.00898e-13, 1 ]
  Objective coefficient range : [ 2.93574e-21, 5.22844e+06 ]
  Variable bound range        : [ 0.05, 1 ]
  RHS coefficient range       : [ 2.4977e-07, 1 ]
Objective value for Line heur k = 30: 5750212.022597407
60
Actual reward of current solution: 59238548.307085045
Minimum Difference with past solutions:0.0.
New solution equals old solution at k=30
59
Total Reward at the start of the inner iterations: 59238548.307085045
Gurobi status: 2

Statistics for model Linearization Heuristic :
  Linear constraint matrix    : 11073 Constrs, 6570 Vars, 3012053 NZs
  Matrix coefficient range    : [ 1.00898e-13, 1 ]
  Objective coefficient range : [ 2.93574e-21, 5.22844e+06 ]
  Variable bound range        : [ 0.05, 1 ]
  RHS coefficient range       : [ 2.36751e-07, 1 ]
Objective value for Line heur k = 31: 5672805.66243928
59
Actual reward of current solution: 59238548.307085045
Minimum Difference with past solutions:0.0.
New solution equals old solution at k=31
58
Total Reward at the start of the inner iterations: 59238548.307085045
Gurobi status: 2

Statistics for model Linearization Heuristic :
  Linear constraint matrix    : 10908 Constrs, 6480 Vars, 2925041 NZs
  Matrix coefficient range    : [ 1.00898e-13, 1 ]
  Objective coefficient range : [ 2.93574e-21, 5.22844e+06 ]
  Variable bound range        : [ 0.05, 1 ]
  RHS coefficient range       : [ 2.24541e-07, 1 ]
Objective value for Line heur k = 32: 5595377.593513138
58
Actual reward of current solution: 59238548.307085045
Minimum Difference with past solutions:0.0.
New solution equals old solution at k=32
57
Total Reward at the start of the inner iterations: 59238548.307085045
Gurobi status: 2

Statistics for model Linearization Heuristic :
  Linear constraint matrix    : 10743 Constrs, 6390 Vars, 2839264 NZs
  Matrix coefficient range    : [ 1.00898e-13, 1 ]
  Objective coefficient range : [ 2.93574e-21, 5.22844e+06 ]
  Variable bound range        : [ 0.05, 1 ]
  RHS coefficient range       : [ 2.13068e-07, 1 ]
Objective value for Line heur k = 33: 5517928.989290852
57
Actual reward of current solution: 59238548.307085045
Minimum Difference with past solutions:0.0.
New solution equals old solution at k=33
56
Total Reward at the start of the inner iterations: 59238548.307085045
Gurobi status: 2

Statistics for model Linearization Heuristic :
  Linear constraint matrix    : 10578 Constrs, 6300 Vars, 2754722 NZs
  Matrix coefficient range    : [ 1.00898e-13, 1 ]
  Objective coefficient range : [ 2.93574e-21, 5.22844e+06 ]
  Variable bound range        : [ 0.05, 1 ]
  RHS coefficient range       : [ 2.02271e-07, 1 ]
Objective value for Line heur k = 34: 5440460.959410477
56
Actual reward of current solution: 59238548.307085045
Minimum Difference with past solutions:0.0.
New solution equals old solution at k=34
55
Total Reward at the start of the inner iterations: 59238548.307085045
Gurobi status: 2

Statistics for model Linearization Heuristic :
  Linear constraint matrix    : 10413 Constrs, 6210 Vars, 2671415 NZs
  Matrix coefficient range    : [ 1.00898e-13, 1 ]
  Objective coefficient range : [ 2.93574e-21, 5.22844e+06 ]
  Variable bound range        : [ 0.05, 1 ]
  RHS coefficient range       : [ 1.92094e-07, 1 ]
Objective value for Line heur k = 35: 5362974.553334599
55
Actual reward of current solution: 59238548.307085045
Minimum Difference with past solutions:0.0.
New solution equals old solution at k=35
54
Total Reward at the start of the inner iterations: 59238548.307085045
Gurobi status: 2

Statistics for model Linearization Heuristic :
  Linear constraint matrix    : 10248 Constrs, 6120 Vars, 2589343 NZs
  Matrix coefficient range    : [ 1.00898e-13, 1 ]
  Objective coefficient range : [ 2.93574e-21, 5.22844e+06 ]
  Variable bound range        : [ 0.05, 1 ]
  RHS coefficient range       : [ 1.82489e-07, 1 ]
Objective value for Line heur k = 36: 5285470.76377895
54
Actual reward of current solution: 59238548.307085045
Minimum Difference with past solutions:0.0.
New solution equals old solution at k=36
53
Total Reward at the start of the inner iterations: 59238548.307085045
Gurobi status: 2

Statistics for model Linearization Heuristic :
  Linear constraint matrix    : 10083 Constrs, 6030 Vars, 2508506 NZs
  Matrix coefficient range    : [ 1.00898e-13, 1 ]
  Objective coefficient range : [ 2.93574e-21, 5.22844e+06 ]
  Variable bound range        : [ 0.05, 1 ]
  RHS coefficient range       : [ 1.73413e-07, 1 ]
Objective value for Line heur k = 37: 5207950.529927817
53
Actual reward of current solution: 59238548.307085045
Minimum Difference with past solutions:0.0.
New solution equals old solution at k=37
52
Total Reward at the start of the inner iterations: 59238548.307085045
Gurobi status: 2

Statistics for model Linearization Heuristic :
  Linear constraint matrix    : 9918 Constrs, 5940 Vars, 2428904 NZs
  Matrix coefficient range    : [ 1.00898e-13, 1 ]
  Objective coefficient range : [ 2.93574e-21, 5.22844e+06 ]
  Variable bound range        : [ 0.05, 1 ]
  RHS coefficient range       : [ 1.64829e-07, 1 ]
Objective value for Line heur k = 38: 5130414.740451209
52
Actual reward of current solution: 59238548.307085045
Minimum Difference with past solutions:0.0.
New solution equals old solution at k=38
51
Total Reward at the start of the inner iterations: 59238548.307085045
Gurobi status: 2

Statistics for model Linearization Heuristic :
  Linear constraint matrix    : 9753 Constrs, 5850 Vars, 2350537 NZs
  Matrix coefficient range    : [ 1.00898e-13, 1 ]
  Objective coefficient range : [ 2.93574e-21, 5.22844e+06 ]
  Variable bound range        : [ 0.05, 1 ]
  RHS coefficient range       : [ 1.56701e-07, 1 ]
Objective value for Line heur k = 39: 5052864.236337785
51
Actual reward of current solution: 59238548.307085045
Minimum Difference with past solutions:0.0.
New solution equals old solution at k=39
50
Total Reward at the start of the inner iterations: 59238548.307085045
Gurobi status: 2

Statistics for model Linearization Heuristic :
  Linear constraint matrix    : 9588 Constrs, 5760 Vars, 2273405 NZs
  Matrix coefficient range    : [ 1.00898e-13, 1 ]
  Objective coefficient range : [ 2.93574e-21, 5.22844e+06 ]
  Variable bound range        : [ 0.05, 1 ]
  RHS coefficient range       : [ 1.49e-07, 1 ]
Objective value for Line heur k = 40: 4975299.813556099
50
Actual reward of current solution: 59238548.307085045
Minimum Difference with past solutions:0.0.
New solution equals old solution at k=40
49
Total Reward at the start of the inner iterations: 59238548.307085045
Gurobi status: 2

Statistics for model Linearization Heuristic :
  Linear constraint matrix    : 9423 Constrs, 5670 Vars, 2197508 NZs
  Matrix coefficient range    : [ 1.00898e-13, 1 ]
  Objective coefficient range : [ 2.93574e-21, 5.22844e+06 ]
  Variable bound range        : [ 0.05, 1 ]
  RHS coefficient range       : [ 1.41697e-07, 1 ]
Objective value for Line heur k = 41: 4897722.225556094
49
Actual reward of current solution: 59238548.307085045
Minimum Difference with past solutions:0.0.
New solution equals old solution at k=41
48
Total Reward at the start of the inner iterations: 59238548.307085045
Gurobi status: 2

Statistics for model Linearization Heuristic :
  Linear constraint matrix    : 9258 Constrs, 5580 Vars, 2122900 NZs
  Matrix coefficient range    : [ 1.00898e-13, 1 ]
  Objective coefficient range : [ 2.93574e-21, 5.22844e+06 ]
  Variable bound range        : [ 0.05, 1 ]
  RHS coefficient range       : [ 1.34769e-07, 0.292058 ]
Objective value for Line heur k = 42: 4820132.185621511
48
Actual reward of current solution: 59238548.307085045
Minimum Difference with past solutions:0.0.
New solution equals old solution at k=42
47
Total Reward at the start of the inner iterations: 59238548.307085045
Gurobi status: 2

Statistics for model Linearization Heuristic :
  Linear constraint matrix    : 9147 Constrs, 5490 Vars, 2049527 NZs
  Matrix coefficient range    : [ 1.00898e-13, 1 ]
  Objective coefficient range : [ 2.93574e-21, 5.22844e+06 ]
  Variable bound range        : [ 0.05, 1 ]
  RHS coefficient range       : [ 1.28192e-07, 1 ]
Objective value for Line heur k = 43: 4742530.369083139
47
Actual reward of current solution: 59238548.307085045
Minimum Difference with past solutions:0.0.
New solution equals old solution at k=43
46
Total Reward at the start of the inner iterations: 59238548.307085045
Gurobi status: 2

Statistics for model Linearization Heuristic :
  Linear constraint matrix    : 8982 Constrs, 5400 Vars, 1977335 NZs
  Matrix coefficient range    : [ 1.00898e-13, 1 ]
  Objective coefficient range : [ 2.93574e-21, 5.22844e+06 ]
  Variable bound range        : [ 0.05, 1 ]
  RHS coefficient range       : [ 1.21945e-07, 1 ]
Objective value for Line heur k = 44: 4664917.4154021805
46
Actual reward of current solution: 59238548.307085045
Minimum Difference with past solutions:0.0.
New solution equals old solution at k=44
45
Total Reward at the start of the inner iterations: 59238548.307085045
Gurobi status: 2

Statistics for model Linearization Heuristic :
  Linear constraint matrix    : 8817 Constrs, 5310 Vars, 1906378 NZs
  Matrix coefficient range    : [ 1.00898e-13, 1 ]
  Objective coefficient range : [ 2.93574e-21, 5.22844e+06 ]
  Variable bound range        : [ 0.05, 1 ]
  RHS coefficient range       : [ 1.1601e-07, 1 ]
Objective value for Line heur k = 45: 4587293.930132211
45
Actual reward of current solution: 59238548.307085045
Minimum Difference with past solutions:0.0.
New solution equals old solution at k=45
44
Total Reward at the start of the inner iterations: 59238548.307085045
Gurobi status: 2

Statistics for model Linearization Heuristic :
  Linear constraint matrix    : 8652 Constrs, 5220 Vars, 1836656 NZs
  Matrix coefficient range    : [ 1.00898e-13, 1 ]
  Objective coefficient range : [ 2.93574e-21, 5.22844e+06 ]
  Variable bound range        : [ 0.05, 1 ]
  RHS coefficient range       : [ 1.10368e-07, 1 ]
Objective value for Line heur k = 46: 4509660.486767416
44
Actual reward of current solution: 59238548.307085045
Minimum Difference with past solutions:0.0.
New solution equals old solution at k=46
43
Total Reward at the start of the inner iterations: 59238548.307085045
Gurobi status: 2

Statistics for model Linearization Heuristic :
  Linear constraint matrix    : 8487 Constrs, 5130 Vars, 1768169 NZs
  Matrix coefficient range    : [ 1.00898e-13, 1 ]
  Objective coefficient range : [ 2.93574e-21, 5.22844e+06 ]
  Variable bound range        : [ 0.05, 1 ]
  RHS coefficient range       : [ 1.05005e-07, 1 ]
Objective value for Line heur k = 47: 4432017.6284847325
43
Actual reward of current solution: 59238548.307085045
Minimum Difference with past solutions:0.0.
New solution equals old solution at k=47
42
Total Reward at the start of the inner iterations: 59238548.307085045
Gurobi status: 2

Statistics for model Linearization Heuristic :
  Linear constraint matrix    : 8322 Constrs, 5040 Vars, 1700917 NZs
  Matrix coefficient range    : [ 1.00898e-13, 1 ]
  Objective coefficient range : [ 2.93574e-21, 5.22844e+06 ]
  Variable bound range        : [ 0.05, 1 ]
  RHS coefficient range       : [ 9.99049e-08, 1 ]
Objective value for Line heur k = 48: 4354365.8697862495
42
Actual reward of current solution: 59238548.307085045
Minimum Difference with past solutions:0.0.
New solution equals old solution at k=48
41
Total Reward at the start of the inner iterations: 59238548.307085045
Gurobi status: 2

Statistics for model Linearization Heuristic :
  Linear constraint matrix    : 8157 Constrs, 4950 Vars, 1634900 NZs
  Matrix coefficient range    : [ 1.00898e-13, 1 ]
  Objective coefficient range : [ 2.93574e-21, 5.22844e+06 ]
  Variable bound range        : [ 0.05, 1 ]
  RHS coefficient range       : [ 9.50536e-08, 1 ]
Objective value for Line heur k = 49: 4276705.698048388
41
Actual reward of current solution: 59238548.307085045
Minimum Difference with past solutions:0.0.
New solution equals old solution at k=49
40
Total Reward at the start of the inner iterations: 59238548.307085045
Gurobi status: 2

Statistics for model Linearization Heuristic :
  Linear constraint matrix    : 7992 Constrs, 4860 Vars, 1570118 NZs
  Matrix coefficient range    : [ 1.00898e-13, 1 ]
  Objective coefficient range : [ 2.93574e-21, 5.22844e+06 ]
  Variable bound range        : [ 0.05, 1 ]
  RHS coefficient range       : [ 9.04384e-08, 1 ]
Objective value for Line heur k = 50: 4199037.5749834785
40
Actual reward of current solution: 59238548.307085045
Minimum Difference with past solutions:0.0.
New solution equals old solution at k=50
39
Total Reward at the start of the inner iterations: 59238548.307085045
Gurobi status: 2

Statistics for model Linearization Heuristic :
  Linear constraint matrix    : 7827 Constrs, 4770 Vars, 1506571 NZs
  Matrix coefficient range    : [ 1.00898e-13, 1 ]
  Objective coefficient range : [ 2.93574e-21, 5.22844e+06 ]
  Variable bound range        : [ 0.05, 1 ]
  RHS coefficient range       : [ 8.60472e-08, 1 ]
Objective value for Line heur k = 51: 4121361.9380193935
39
Actual reward of current solution: 59238548.307085045
Minimum Difference with past solutions:0.0.
New solution equals old solution at k=51
38
Total Reward at the start of the inner iterations: 59238548.307085045
Gurobi status: 2

Statistics for model Linearization Heuristic :
  Linear constraint matrix    : 7662 Constrs, 4680 Vars, 1444259 NZs
  Matrix coefficient range    : [ 1.00898e-13, 1 ]
  Objective coefficient range : [ 2.93574e-21, 5.22844e+06 ]
  Variable bound range        : [ 0.05, 1 ]
  RHS coefficient range       : [ 8.18686e-08, 1 ]
Objective value for Line heur k = 52: 4043679.201602002
38
Actual reward of current solution: 59238548.307085045
Minimum Difference with past solutions:0.0.
New solution equals old solution at k=52
37
Total Reward at the start of the inner iterations: 59238548.307085045
Gurobi status: 2

Statistics for model Linearization Heuristic :
  Linear constraint matrix    : 7497 Constrs, 4590 Vars, 1383182 NZs
  Matrix coefficient range    : [ 1.00898e-13, 1 ]
  Objective coefficient range : [ 2.93574e-21, 5.22844e+06 ]
  Variable bound range        : [ 0.05, 1 ]
  RHS coefficient range       : [ 7.78919e-08, 1 ]
Objective value for Line heur k = 53: 3965989.7584252614
37
Actual reward of current solution: 59238548.307085045
Minimum Difference with past solutions:0.0.
New solution equals old solution at k=53
36
Total Reward at the start of the inner iterations: 59238548.307085045
Gurobi status: 2

Statistics for model Linearization Heuristic :
  Linear constraint matrix    : 7332 Constrs, 4500 Vars, 1323340 NZs
  Matrix coefficient range    : [ 1.00898e-13, 1 ]
  Objective coefficient range : [ 2.93574e-21, 5.22844e+06 ]
  Variable bound range        : [ 0.05, 1 ]
  RHS coefficient range       : [ 7.41072e-08, 1 ]
Objective value for Line heur k = 54: 3888293.9805933046
36
Actual reward of current solution: 59238548.307085045
Minimum Difference with past solutions:0.0.
New solution equals old solution at k=54
35
Total Reward at the start of the inner iterations: 59238548.307085045
Gurobi status: 2

Statistics for model Linearization Heuristic :
  Linear constraint matrix    : 7167 Constrs, 4410 Vars, 1264733 NZs
  Matrix coefficient range    : [ 1.00898e-13, 1 ]
  Objective coefficient range : [ 2.93574e-21, 5.22844e+06 ]
  Variable bound range        : [ 0.05, 1 ]
  RHS coefficient range       : [ 7.0505e-08, 1 ]
Objective value for Line heur k = 55: 3810592.220718562
35
Actual reward of current solution: 59238548.307085045
Minimum Difference with past solutions:0.0.
New solution equals old solution at k=55
34
Total Reward at the start of the inner iterations: 59238548.307085045
Gurobi status: 2

Statistics for model Linearization Heuristic :
  Linear constraint matrix    : 7002 Constrs, 4320 Vars, 1207415 NZs
  Matrix coefficient range    : [ 1.00898e-13, 1 ]
  Objective coefficient range : [ 2.93574e-21, 5.22844e+06 ]
  Variable bound range        : [ 0.05, 1 ]
  RHS coefficient range       : [ 6.70763e-08, 0.290658 ]
Objective value for Line heur k = 56: 3732884.8129597534
34
Actual reward of current solution: 59238548.307085045
Minimum Difference with past solutions:0.0.
New solution equals old solution at k=56
33
Total Reward at the start of the inner iterations: 59238548.307085045
Gurobi status: 2

Statistics for model Linearization Heuristic :
  Linear constraint matrix    : 6891 Constrs, 4230 Vars, 1151332 NZs
  Matrix coefficient range    : [ 1.00898e-13, 1 ]
  Objective coefficient range : [ 2.93574e-21, 5.22844e+06 ]
  Variable bound range        : [ 0.05, 1 ]
  RHS coefficient range       : [ 6.38127e-08, 1 ]
Objective value for Line heur k = 57: 3655172.074003257
33
Actual reward of current solution: 59238548.307085045
Minimum Difference with past solutions:0.0.
New solution equals old solution at k=57
32
Total Reward at the start of the inner iterations: 59238548.307085045
Gurobi status: 2

Statistics for model Linearization Heuristic :
  Linear constraint matrix    : 6726 Constrs, 4140 Vars, 1096430 NZs
  Matrix coefficient range    : [ 1.00898e-13, 1 ]
  Objective coefficient range : [ 2.93574e-21, 5.22844e+06 ]
  Variable bound range        : [ 0.05, 1 ]
  RHS coefficient range       : [ 6.07063e-08, 1 ]
Objective value for Line heur k = 58: 3577454.3039912344
32
Actual reward of current solution: 59238548.307085045
Minimum Difference with past solutions:0.0.
New solution equals old solution at k=58
31
Total Reward at the start of the inner iterations: 59238548.307085045
Gurobi status: 2

Statistics for model Linearization Heuristic :
  Linear constraint matrix    : 6561 Constrs, 4050 Vars, 1042763 NZs
  Matrix coefficient range    : [ 1.00898e-13, 1 ]
  Objective coefficient range : [ 2.93574e-21, 5.22844e+06 ]
  Variable bound range        : [ 0.05, 1 ]
  RHS coefficient range       : [ 5.77494e-08, 1 ]
Objective value for Line heur k = 59: 3499731.7873995723
31
Actual reward of current solution: 59238548.307085045
Minimum Difference with past solutions:0.0.
New solution equals old solution at k=59
30
Total Reward at the start of the inner iterations: 59238548.307085045
Gurobi status: 2

Statistics for model Linearization Heuristic :
  Linear constraint matrix    : 6396 Constrs, 3960 Vars, 990331 NZs
  Matrix coefficient range    : [ 1.00898e-13, 1 ]
  Objective coefficient range : [ 2.93574e-21, 5.22844e+06 ]
  Variable bound range        : [ 0.05, 1 ]
  RHS coefficient range       : [ 5.49349e-08, 1 ]
Objective value for Line heur k = 60: 3422004.7938685683
30
Actual reward of current solution: 59238548.307085045
Minimum Difference with past solutions:0.0.
New solution equals old solution at k=60
29
Total Reward at the start of the inner iterations: 59238548.307085045
Gurobi status: 2

Statistics for model Linearization Heuristic :
  Linear constraint matrix    : 6231 Constrs, 3870 Vars, 939134 NZs
  Matrix coefficient range    : [ 1.00898e-13, 1 ]
  Objective coefficient range : [ 2.93574e-21, 5.22844e+06 ]
  Variable bound range        : [ 0.05, 1 ]
  RHS coefficient range       : [ 5.2256e-08, 1 ]
Objective value for Line heur k = 61: 3344273.5789890746
29
Actual reward of current solution: 59238548.307085045
Minimum Difference with past solutions:0.0.
New solution equals old solution at k=61
28
Total Reward at the start of the inner iterations: 59238548.307085045
Gurobi status: 2

Statistics for model Linearization Heuristic :
  Linear constraint matrix    : 6066 Constrs, 3780 Vars, 889172 NZs
  Matrix coefficient range    : [ 1.00898e-13, 1 ]
  Objective coefficient range : [ 2.93574e-21, 5.22844e+06 ]
  Variable bound range        : [ 0.05, 1 ]
  RHS coefficient range       : [ 4.97062e-08, 1 ]
Objective value for Line heur k = 62: 3266538.385046672
28
Actual reward of current solution: 59238548.307085045
Minimum Difference with past solutions:0.0.
New solution equals old solution at k=62
27
Total Reward at the start of the inner iterations: 59238548.307085045
Gurobi status: 2

Statistics for model Linearization Heuristic :
  Linear constraint matrix    : 5901 Constrs, 3690 Vars, 840445 NZs
  Matrix coefficient range    : [ 1.00898e-13, 1 ]
  Objective coefficient range : [ 2.93574e-21, 5.22844e+06 ]
  Variable bound range        : [ 0.05, 1 ]
  RHS coefficient range       : [ 4.72793e-08, 1 ]
Objective value for Line heur k = 63: 3188799.4417262757
27
Actual reward of current solution: 59238548.307085045
Minimum Difference with past solutions:0.0.
New solution equals old solution at k=63
26
Total Reward at the start of the inner iterations: 59238548.307085045
Gurobi status: 2

Statistics for model Linearization Heuristic :
  Linear constraint matrix    : 5736 Constrs, 3600 Vars, 792953 NZs
  Matrix coefficient range    : [ 1.00898e-13, 1 ]
  Objective coefficient range : [ 2.93574e-21, 5.22844e+06 ]
  Variable bound range        : [ 0.05, 1 ]
  RHS coefficient range       : [ 4.49694e-08, 1 ]
Objective value for Line heur k = 64: 3111056.9667793675
26
Actual reward of current solution: 59238548.307085045
Minimum Difference with past solutions:0.0.
New solution equals old solution at k=64
25
Total Reward at the start of the inner iterations: 59238548.307085045
Gurobi status: 2

Statistics for model Linearization Heuristic :
  Linear constraint matrix    : 5571 Constrs, 3510 Vars, 746696 NZs
  Matrix coefficient range    : [ 1.00898e-13, 1 ]
  Objective coefficient range : [ 2.93574e-21, 5.22844e+06 ]
  Variable bound range        : [ 0.05, 1 ]
  RHS coefficient range       : [ 4.27711e-08, 1 ]
Objective value for Line heur k = 65: 3033311.1666560844
25
Actual reward of current solution: 59238548.307085045
Minimum Difference with past solutions:0.0.
New solution equals old solution at k=65
24
Total Reward at the start of the inner iterations: 59238548.307085045
Gurobi status: 2

Statistics for model Linearization Heuristic :
  Linear constraint matrix    : 5406 Constrs, 3420 Vars, 701674 NZs
  Matrix coefficient range    : [ 1.00898e-13, 1 ]
  Objective coefficient range : [ 2.93574e-21, 5.22844e+06 ]
  Variable bound range        : [ 0.05, 1 ]
  RHS coefficient range       : [ 4.06789e-08, 1 ]
Objective value for Line heur k = 66: 2955562.237103959
24
Actual reward of current solution: 59238548.307085045
Minimum Difference with past solutions:0.0.
New solution equals old solution at k=66
23
Total Reward at the start of the inner iterations: 59238548.307085045
Gurobi status: 2

Statistics for model Linearization Heuristic :
  Linear constraint matrix    : 5241 Constrs, 3330 Vars, 657887 NZs
  Matrix coefficient range    : [ 1.00898e-13, 1 ]
  Objective coefficient range : [ 2.93574e-21, 5.22844e+06 ]
  Variable bound range        : [ 0.05, 1 ]
  RHS coefficient range       : [ 3.86879e-08, 1 ]
Objective value for Line heur k = 67: 2877810.3637354546
23
Actual reward of current solution: 59238548.307085045
Minimum Difference with past solutions:0.0.
New solution equals old solution at k=67
22
Total Reward at the start of the inner iterations: 59238548.307085045
Gurobi status: 2

Statistics for model Linearization Heuristic :
  Linear constraint matrix    : 5076 Constrs, 3240 Vars, 615335 NZs
  Matrix coefficient range    : [ 1.00898e-13, 1 ]
  Objective coefficient range : [ 2.93574e-21, 5.22844e+06 ]
  Variable bound range        : [ 0.05, 1 ]
  RHS coefficient range       : [ 3.67932e-08, 1 ]
Objective value for Line heur k = 68: 2800055.722565785
22
Actual reward of current solution: 59238548.307085045
Minimum Difference with past solutions:0.0.
New solution equals old solution at k=68
21
Total Reward at the start of the inner iterations: 59238548.307085045
Gurobi status: 2

Statistics for model Linearization Heuristic :
  Linear constraint matrix    : 4911 Constrs, 3150 Vars, 574018 NZs
  Matrix coefficient range    : [ 1.00898e-13, 1 ]
  Objective coefficient range : [ 2.93574e-21, 5.22844e+06 ]
  Variable bound range        : [ 0.05, 1 ]
  RHS coefficient range       : [ 3.49903e-08, 1 ]
Objective value for Line heur k = 69: 2722298.4805228836
21
Actual reward of current solution: 59238548.307085045
Minimum Difference with past solutions:0.0.
New solution equals old solution at k=69
20
Total Reward at the start of the inner iterations: 59238548.307085045
Gurobi status: 2

Statistics for model Linearization Heuristic :
  Linear constraint matrix    : 4746 Constrs, 3060 Vars, 533990 NZs
  Matrix coefficient range    : [ 1.00898e-13, 1 ]
  Objective coefficient range : [ 2.93574e-21, 5.22844e+06 ]
  Variable bound range        : [ 0.05, 1 ]
  RHS coefficient range       : [ 3.32747e-08, 0.289867 ]
Objective value for Line heur k = 70: 2644538.7959310003
20
Actual reward of current solution: 59238548.307085045
Minimum Difference with past solutions:0.0.
New solution equals old solution at k=70
19
Total Reward at the start of the inner iterations: 59238548.307085045
Gurobi status: 2

Statistics for model Linearization Heuristic :
  Linear constraint matrix    : 4635 Constrs, 2970 Vars, 495197 NZs
  Matrix coefficient range    : [ 1.00898e-13, 1 ]
  Objective coefficient range : [ 2.93574e-21, 5.22844e+06 ]
  Variable bound range        : [ 0.05, 1 ]
  RHS coefficient range       : [ 3.16423e-08, 1 ]
Objective value for Line heur k = 71: 2566776.818969573
19
Actual reward of current solution: 59238548.307085045
Minimum Difference with past solutions:0.0.
New solution equals old solution at k=71
18
Total Reward at the start of the inner iterations: 59238548.307085045
Gurobi status: 2

Statistics for model Linearization Heuristic :
  Linear constraint matrix    : 4470 Constrs, 2880 Vars, 457585 NZs
  Matrix coefficient range    : [ 1.00898e-13, 1 ]
  Objective coefficient range : [ 2.93574e-21, 5.22844e+06 ]
  Variable bound range        : [ 0.05, 1 ]
  RHS coefficient range       : [ 3.00892e-08, 1 ]
Objective value for Line heur k = 72: 2489012.6921086786
18
Actual reward of current solution: 59238548.307085045
Minimum Difference with past solutions:0.0.
New solution equals old solution at k=72
17
Total Reward at the start of the inner iterations: 59238548.307085045
Gurobi status: 2

Statistics for model Linearization Heuristic :
  Linear constraint matrix    : 4305 Constrs, 2790 Vars, 421208 NZs
  Matrix coefficient range    : [ 1.00898e-13, 1 ]
  Objective coefficient range : [ 2.93574e-21, 5.22844e+06 ]
  Variable bound range        : [ 0.05, 1 ]
  RHS coefficient range       : [ 2.86115e-08, 1 ]
Objective value for Line heur k = 73: 2411246.550522772
17
Actual reward of current solution: 59238548.307085045
Minimum Difference with past solutions:0.0.
New solution equals old solution at k=73
16
Total Reward at the start of the inner iterations: 59238548.307085045
Gurobi status: 2

Statistics for model Linearization Heuristic :
  Linear constraint matrix    : 4140 Constrs, 2700 Vars, 386066 NZs
  Matrix coefficient range    : [ 1.00898e-13, 1 ]
  Objective coefficient range : [ 2.93574e-21, 5.22844e+06 ]
  Variable bound range        : [ 0.05, 1 ]
  RHS coefficient range       : [ 2.72057e-08, 1 ]
Objective value for Line heur k = 74: 2333478.522484084
16
Actual reward of current solution: 59238548.307085045
Minimum Difference with past solutions:0.0.
New solution equals old solution at k=74
15
Total Reward at the start of the inner iterations: 59238548.307085045
Gurobi status: 2

Statistics for model Linearization Heuristic :
  Linear constraint matrix    : 3975 Constrs, 2610 Vars, 352159 NZs
  Matrix coefficient range    : [ 1.00898e-13, 1 ]
  Objective coefficient range : [ 2.93574e-21, 5.22844e+06 ]
  Variable bound range        : [ 0.05, 1 ]
  RHS coefficient range       : [ 2.58682e-08, 1 ]
Objective value for Line heur k = 75: 2255708.7297374657
15
Actual reward of current solution: 59238548.307085045
Minimum Difference with past solutions:0.0.
New solution equals old solution at k=75
14
Total Reward at the start of the inner iterations: 59238548.307085045
Gurobi status: 2

Statistics for model Linearization Heuristic :
  Linear constraint matrix    : 3810 Constrs, 2520 Vars, 319488 NZs
  Matrix coefficient range    : [ 1.00898e-13, 1 ]
  Objective coefficient range : [ 2.93574e-21, 5.22844e+06 ]
  Variable bound range        : [ 0.05, 1 ]
  RHS coefficient range       : [ 2.23605e-08, 1 ]
Objective value for Line heur k = 76: 2177937.287858767
14
Actual reward of current solution: 59238548.307085045
Minimum Difference with past solutions:0.0.
New solution equals old solution at k=76
13
Total Reward at the start of the inner iterations: 59238548.307085045
Gurobi status: 2

Statistics for model Linearization Heuristic :
  Linear constraint matrix    : 3645 Constrs, 2430 Vars, 288052 NZs
  Matrix coefficient range    : [ 1.00898e-13, 1 ]
  Objective coefficient range : [ 2.93574e-21, 5.22844e+06 ]
  Variable bound range        : [ 0.05, 1 ]
  RHS coefficient range       : [ 1.67368e-09, 1 ]
Objective value for Line heur k = 77: 2100164.3065993884
13
Actual reward of current solution: 59238548.307085045
Minimum Difference with past solutions:0.0.
New solution equals old solution at k=77
12
Total Reward at the start of the inner iterations: 59238548.307085045
Gurobi status: 2

Statistics for model Linearization Heuristic :
  Linear constraint matrix    : 3480 Constrs, 2340 Vars, 257851 NZs
  Matrix coefficient range    : [ 1.00898e-13, 1 ]
  Objective coefficient range : [ 2.93574e-21, 5.22844e+06 ]
  Variable bound range        : [ 0.05, 1 ]
  RHS coefficient range       : [ 3.37867e-09, 1 ]
Objective value for Line heur k = 78: 2022389.8902208807
12
Actual reward of current solution: 59238548.307085045
Minimum Difference with past solutions:0.0.
New solution equals old solution at k=78
11
Total Reward at the start of the inner iterations: 59238548.307085045
Gurobi status: 2

Statistics for model Linearization Heuristic :
  Linear constraint matrix    : 3315 Constrs, 2250 Vars, 228885 NZs
  Matrix coefficient range    : [ 1.00898e-13, 1 ]
  Objective coefficient range : [ 2.93574e-21, 5.22844e+06 ]
  Variable bound range        : [ 0.05, 1 ]
  RHS coefficient range       : [ 1.00298e-13, 1 ]
Objective value for Line heur k = 79: 1944614.1378254702
11
Actual reward of current solution: 59238548.307085045
Minimum Difference with past solutions:0.0.
New solution equals old solution at k=79
10
Total Reward at the start of the inner iterations: 59238548.307085045
Gurobi status: 2

Statistics for model Linearization Heuristic :
  Linear constraint matrix    : 3150 Constrs, 2160 Vars, 201154 NZs
  Matrix coefficient range    : [ 1.00898e-13, 1 ]
  Objective coefficient range : [ 2.93574e-21, 5.22844e+06 ]
  Variable bound range        : [ 0.05, 1 ]
  RHS coefficient range       : [ 6.90765e-09, 1 ]
Objective value for Line heur k = 80: 1866837.1436920457
10
Actual reward of current solution: 59238548.307085045
Minimum Difference with past solutions:0.0.
New solution equals old solution at k=80
9
Total Reward at the start of the inner iterations: 59238548.307085045
Gurobi status: 2

Statistics for model Linearization Heuristic :
  Linear constraint matrix    : 2985 Constrs, 2070 Vars, 174658 NZs
  Matrix coefficient range    : [ 1.00898e-13, 1 ]
  Objective coefficient range : [ 2.93574e-21, 5.22844e+06 ]
  Variable bound range        : [ 0.05, 1 ]
  RHS coefficient range       : [ 1.42455e-08, 1 ]
Objective value for Line heur k = 81: 1789058.9976331613
9
Actual reward of current solution: 59238548.307085045
Minimum Difference with past solutions:0.0.
New solution equals old solution at k=81
8
Total Reward at the start of the inner iterations: 59238548.307085045
Gurobi status: 2

Statistics for model Linearization Heuristic :
  Linear constraint matrix    : 2820 Constrs, 1980 Vars, 149397 NZs
  Matrix coefficient range    : [ 1.00898e-13, 1 ]
  Objective coefficient range : [ 2.93574e-21, 5.22844e+06 ]
  Variable bound range        : [ 0.05, 1 ]
  RHS coefficient range       : [ 2.16048e-08, 1 ]
Objective value for Line heur k = 82: 1711279.7853996085
8
Actual reward of current solution: 59238548.307085045
Minimum Difference with past solutions:0.0.
New solution equals old solution at k=82
7
Total Reward at the start of the inner iterations: 59238548.307085045
Gurobi status: 2

Statistics for model Linearization Heuristic :
  Linear constraint matrix    : 2655 Constrs, 1890 Vars, 125372 NZs
  Matrix coefficient range    : [ 1.00898e-13, 1 ]
  Objective coefficient range : [ 2.93574e-21, 5.22844e+06 ]
  Variable bound range        : [ 0.05, 1 ]
  RHS coefficient range       : [ 2.90011e-08, 1 ]
Objective value for Line heur k = 83: 1633499.589177611
7
Actual reward of current solution: 59238548.307085045
Minimum Difference with past solutions:0.0.
New solution equals old solution at k=83
6
Total Reward at the start of the inner iterations: 59238548.307085045
Gurobi status: 2

Statistics for model Linearization Heuristic :
  Linear constraint matrix    : 2490 Constrs, 1800 Vars, 102636 NZs
  Matrix coefficient range    : [ 1.00898e-13, 1 ]
  Objective coefficient range : [ 2.93574e-21, 5.22844e+06 ]
  Variable bound range        : [ 0.05, 1 ]
  RHS coefficient range       : [ 3.64613e-08, 0.289407 ]
Objective value for Line heur k = 84: 1555718.488256011
6
Actual reward of current solution: 59238548.307085045
Minimum Difference with past solutions:0.0.
New solution equals old solution at k=84
5
Total Reward at the start of the inner iterations: 59238548.307085045
Gurobi status: 2

Statistics for model Linearization Heuristic :
  Linear constraint matrix    : 2379 Constrs, 1710 Vars, 81135 NZs
  Matrix coefficient range    : [ 1.00898e-13, 1 ]
  Objective coefficient range : [ 2.93574e-21, 5.22844e+06 ]
  Variable bound range        : [ 0.05, 1 ]
  RHS coefficient range       : [ 4.4032e-08, 1 ]
Objective value for Line heur k = 85: 1477936.5599966801
5
Actual reward of current solution: 59238548.307085045
Minimum Difference with past solutions:0.0.
New solution equals old solution at k=85
4
Total Reward at the start of the inner iterations: 59238548.307085045
Gurobi status: 2

Statistics for model Linearization Heuristic :
  Linear constraint matrix    : 2214 Constrs, 1620 Vars, 60815 NZs
  Matrix coefficient range    : [ 1.02053e-13, 1 ]
  Objective coefficient range : [ 2.93574e-21, 5.22844e+06 ]
  Variable bound range        : [ 0.05, 1 ]
  RHS coefficient range       : [ 5.17934e-08, 1 ]
Objective value for Line heur k = 86: 1400153.8813379186
4
Actual reward of current solution: 59238548.307085045
Minimum Difference with past solutions:0.0.
New solution equals old solution at k=86
3
Total Reward at the start of the inner iterations: 59238548.307085045
Gurobi status: 2

Statistics for model Linearization Heuristic :
  Linear constraint matrix    : 2049 Constrs, 1530 Vars, 41735 NZs
  Matrix coefficient range    : [ 1.02053e-13, 1 ]
  Objective coefficient range : [ 2.93574e-21, 5.22844e+06 ]
  Variable bound range        : [ 0.05, 1 ]
  RHS coefficient range       : [ 5.98846e-08, 1 ]
Objective value for Line heur k = 87: 1322370.5312274017
3
Actual reward of current solution: 59238548.307085045
Minimum Difference with past solutions:0.0.
New solution equals old solution at k=87
2
Total Reward at the start of the inner iterations: 59238548.307085045
Gurobi status: 2

Statistics for model Linearization Heuristic :
  Linear constraint matrix    : 1884 Constrs, 1440 Vars, 23931 NZs
  Matrix coefficient range    : [ 4.19683e-13, 1 ]
  Objective coefficient range : [ 2.93574e-21, 5.22844e+06 ]
  Variable bound range        : [ 0.05, 1 ]
  RHS coefficient range       : [ 6.85455e-08, 1 ]
Objective value for Line heur k = 88: 1244586.5946699467
2
Actual reward of current solution: 59238548.307085045
Minimum Difference with past solutions:0.0.
New solution equals old solution at k=88
1
Total Reward at the start of the inner iterations: 59238548.307085045
Gurobi status: 2

Statistics for model Linearization Heuristic :
  Linear constraint matrix    : 1719 Constrs, 1350 Vars, 11838 NZs
  Matrix coefficient range    : [ 4.93667e-13, 1 ]
  Objective coefficient range : [ 0.0006026, 5.22844e+06 ]
  Variable bound range        : [ 0.05, 1 ]
  RHS coefficient range       : [ 7.81914e-08, 1 ]
Objective value for Line heur k = 89: 1166802.1695740162
1
Actual reward of current solution: 59238548.307085045
Minimum Difference with past solutions:0.0.
New solution equals old solution at k=89
0
Total Reward at the start of the inner iterations: 59238548.307085045
Gurobi status: 2

Statistics for model Linearization Heuristic :
  Linear constraint matrix    : 1554 Constrs, 1260 Vars, 2709 NZs
  Matrix coefficient range    : [ 0.288979, 1 ]
  Objective coefficient range : [ 0.0006026, 5.22844e+06 ]
  Variable bound range        : [ 0.05, 1 ]
  RHS coefficient range       : [ 8.95397e-08, 0.289283 ]
Objective value for Line heur k = 90: 1089017.3784431887
0
Actual reward of current solution: 59238548.307085045
Minimum Difference with past solutions:0.0.
New solution equals old solution at k=90
0
Total Reward at the start of the inner iterations: 59238548.307085045
Gurobi status: 2

Statistics for model Linearization Heuristic :
  Linear constraint matrix    : 1443 Constrs, 1170 Vars, 2457 NZs
  Matrix coefficient range    : [ 0.317935, 1 ]
  Objective coefficient range : [ 0.0006026, 5.22844e+06 ]
  Variable bound range        : [ 0.05, 1 ]
  RHS coefficient range       : [ 8.95397e-08, 0.289283 ]
Objective value for Line heur k = 91: 1011230.403506404
0
Actual reward of current solution: 59238548.307085045
Minimum Difference with past solutions:0.0.
New solution equals old solution at k=91
0
Total Reward at the start of the inner iterations: 59238548.307085045
Gurobi status: 2

Statistics for model Linearization Heuristic :
  Linear constraint matrix    : 1332 Constrs, 1080 Vars, 2214 NZs
  Matrix coefficient range    : [ 0.349792, 1 ]
  Objective coefficient range : [ 0.0006026, 5.22844e+06 ]
  Variable bound range        : [ 0.05, 1 ]
  RHS coefficient range       : [ 8.95397e-08, 0.289283 ]
Objective value for Line heur k = 92: 933443.4330048147
0
Actual reward of current solution: 59238548.307085045
Minimum Difference with past solutions:0.0.
New solution equals old solution at k=92
0
Total Reward at the start of the inner iterations: 59238548.307085045
Gurobi status: 2

Statistics for model Linearization Heuristic :
  Linear constraint matrix    : 1221 Constrs, 990 Vars, 1980 NZs
  Matrix coefficient range    : [ 0.384842, 1 ]
  Objective coefficient range : [ 0.0006026, 5.22844e+06 ]
  Variable bound range        : [ 0.05, 1 ]
  RHS coefficient range       : [ 8.95397e-08, 0.289283 ]
Objective value for Line heur k = 93: 855656.4667176277
0
Actual reward of current solution: 59238548.307085045
Minimum Difference with past solutions:0.0.
New solution equals old solution at k=93
0
Total Reward at the start of the inner iterations: 59238548.307085045
Gurobi status: 2

Statistics for model Linearization Heuristic :
  Linear constraint matrix    : 1110 Constrs, 900 Vars, 1755 NZs
  Matrix coefficient range    : [ 0.423403, 1 ]
  Objective coefficient range : [ 0.0006026, 5.22844e+06 ]
  Variable bound range        : [ 0.05, 1 ]
  RHS coefficient range       : [ 8.95397e-08, 0.289283 ]
Objective value for Line heur k = 94: 777869.50425725
0
Actual reward of current solution: 59238548.307085045
Minimum Difference with past solutions:0.0.
New solution equals old solution at k=94
0
Total Reward at the start of the inner iterations: 59238548.307085045
Gurobi status: 2

Statistics for model Linearization Heuristic :
  Linear constraint matrix    : 999 Constrs, 810 Vars, 1539 NZs
  Matrix coefficient range    : [ 0.465828, 1 ]
  Objective coefficient range : [ 0.0006026, 5.22844e+06 ]
  Variable bound range        : [ 0.05, 1 ]
  RHS coefficient range       : [ 8.95397e-08, 0.289283 ]
Objective value for Line heur k = 95: 700082.5451664838
0
Actual reward of current solution: 59238548.307085045
Minimum Difference with past solutions:0.0.
New solution equals old solution at k=95
0
Total Reward at the start of the inner iterations: 59238548.307085045
Gurobi status: 2

Statistics for model Linearization Heuristic :
  Linear constraint matrix    : 888 Constrs, 720 Vars, 1332 NZs
  Matrix coefficient range    : [ 0.512504, 1 ]
  Objective coefficient range : [ 0.0006026, 5.22844e+06 ]
  Variable bound range        : [ 0.05, 1 ]
  RHS coefficient range       : [ 8.95397e-08, 0.289283 ]
Objective value for Line heur k = 96: 622295.5889775516
0
Actual reward of current solution: 59238548.307085045
Minimum Difference with past solutions:0.0.
New solution equals old solution at k=96
0
Total Reward at the start of the inner iterations: 59238548.307085045
Gurobi status: 2

Statistics for model Linearization Heuristic :
  Linear constraint matrix    : 777 Constrs, 630 Vars, 1134 NZs
  Matrix coefficient range    : [ 0.563857, 1 ]
  Objective coefficient range : [ 0.0006026, 5.22844e+06 ]
  Variable bound range        : [ 0.05, 1 ]
  RHS coefficient range       : [ 8.95397e-08, 0.289283 ]
Objective value for Line heur k = 97: 544508.6352459657
0
Actual reward of current solution: 59238548.307085045
Minimum Difference with past solutions:0.0.
New solution equals old solution at k=97
0
Total Reward at the start of the inner iterations: 59238548.307085045
Gurobi status: 2

Statistics for model Linearization Heuristic :
  Linear constraint matrix    : 666 Constrs, 540 Vars, 945 NZs
  Matrix coefficient range    : [ 0.620356, 1 ]
  Objective coefficient range : [ 0.0006026, 5.22844e+06 ]
  Variable bound range        : [ 0.05, 1 ]
  RHS coefficient range       : [ 8.95397e-08, 0.289283 ]
Objective value for Line heur k = 98: 466721.68356811744
0
Actual reward of current solution: 59238548.307085045
Minimum Difference with past solutions:0.0.
New solution equals old solution at k=98
0
Total Reward at the start of the inner iterations: 59238548.307085045
Gurobi status: 2

Statistics for model Linearization Heuristic :
  Linear constraint matrix    : 555 Constrs, 450 Vars, 765 NZs
  Matrix coefficient range    : [ 0.682516, 1 ]
  Objective coefficient range : [ 0.0006026, 5.22844e+06 ]
  Variable bound range        : [ 0.05, 1 ]
  RHS coefficient range       : [ 8.95397e-08, 0.289283 ]
Objective value for Line heur k = 99: 388934.73358861945
0
Actual reward of current solution: 59238548.307085045
Minimum Difference with past solutions:0.0.
New solution equals old solution at k=99
0
Total Reward at the start of the inner iterations: 59238548.307085045
Gurobi status: 2

Statistics for model Linearization Heuristic :
  Linear constraint matrix    : 444 Constrs, 360 Vars, 594 NZs
  Matrix coefficient range    : [ 0.750904, 1 ]
  Objective coefficient range : [ 0.0006026, 5.22844e+06 ]
  Variable bound range        : [ 0.05, 1 ]
  RHS coefficient range       : [ 8.95397e-08, 0.289283 ]
Objective value for Line heur k = 100: 311147.7850014165
0
Actual reward of current solution: 59238548.307085045
Minimum Difference with past solutions:0.0.
New solution equals old solution at k=100
0
Total Reward at the start of the inner iterations: 59238548.307085045
Gurobi status: 2

Statistics for model Linearization Heuristic :
  Linear constraint matrix    : 333 Constrs, 270 Vars, 432 NZs
  Matrix coefficient range    : [ 0.826145, 1 ]
  Objective coefficient range : [ 0.0006026, 5.22844e+06 ]
  Variable bound range        : [ 0.05, 1 ]
  RHS coefficient range       : [ 8.95397e-08, 0.289283 ]
Objective value for Line heur k = 101: 233360.83754733793
0
Actual reward of current solution: 59238548.307085045
Minimum Difference with past solutions:0.0.
New solution equals old solution at k=101
0
Total Reward at the start of the inner iterations: 59238548.307085045
Gurobi status: 2

Statistics for model Linearization Heuristic :
  Linear constraint matrix    : 222 Constrs, 180 Vars, 279 NZs
  Matrix coefficient range    : [ 0.908925, 1 ]
  Objective coefficient range : [ 0.0006026, 5.22844e+06 ]
  Variable bound range        : [ 0.05, 1 ]
  RHS coefficient range       : [ 8.95397e-08, 0.289283 ]
Objective value for Line heur k = 102: 155573.89100977805
0
Actual reward of current solution: 59238548.307085045
Minimum Difference with past solutions:0.0.
New solution equals old solution at k=102
0
Total Reward at the start of the inner iterations: 59238548.307085045
Gurobi status: 2

Statistics for model Linearization Heuristic :
  Linear constraint matrix    : 111 Constrs, 90 Vars, 135 NZs
  Matrix coefficient range    : [ 1, 1 ]
  Objective coefficient range : [ 96.4329, 5.22844e+06 ]
  Variable bound range        : [ 0.05, 1 ]
  RHS coefficient range       : [ 8.95397e-08, 0.289283 ]
Objective value for Line heur k = 103: 77786.94520961319
0
Actual reward of current solution: 59238548.307085045
Minimum Difference with past solutions:0.0.
New solution equals old solution at k=103
Total running time for 90 days is 830.7916748523712
Economic Value: 59291109.28292048
Deaths 0.14184953008772805
Total Reward 59238548.307085045
