{'groups': 'all', 'params_to_try': {'delta_schooling': [0.5], 'xi': [0, 371990.3, 929975.75, 1859951.5, 3719903, 5579854.5], 'icus': [2900], 'tests': [[60000, 0]], 'testing': ['homogeneous'], 'eta': [0.1]}}
{'groups': 'all', 'params_to_try': {'delta_schooling': [0.5], 'xi': [0, 371990.3, 929975.75, 1859951.5, 3719903, 5579854.5], 'icus': [2900], 'tests': [[60000, 0]], 'testing': ['homogeneous'], 'eta': [0.1]}}
{'groups': 'all', 'params_to_try': {'delta_schooling': [0.2891964436397205], 'icus': [2900], 'eta': [0.10781631292116212], 'tests': [[0, 0]], 'xi': [3719903.0], 'testing': ['homogeneous']}}
results/time_gradient/xi-3719903_icus-2900_testing-homogeneous_natests-0_nmtests-0_T-90_startday-0_groups-all_dschool-0.289196_eta-0.107816_freq-90-14_initParamVarying-multiplier_beta_randomInstance-30.yaml
{'groups': 'all', 'params_to_try': {'delta_schooling': [0.5], 'xi': [0, 371990.3, 929975.75, 1859951.5, 3719903, 5579854.5], 'icus': [2900], 'tests': [[60000, 0]], 'testing': ['homogeneous'], 'eta': [0.1]}}
{'groups': 'all', 'params_to_try': {'delta_schooling': [0.5], 'xi': [0, 371990.3, 929975.75, 1859951.5, 3719903, 5579854.5], 'icus': [2900], 'tests': [[60000, 0]], 'testing': ['homogeneous'], 'eta': [0.1]}}
{'groups': 'all', 'params_to_try': {'delta_schooling': [0.2891964436397205], 'icus': [2900], 'eta': [0.10781631292116212], 'tests': [[0, 0]], 'xi': [3719903.0], 'testing': ['homogeneous']}}
results/dynamic_gradient/xi-3719903_icus-2900_testing-homogeneous_natests-0_nmtests-0_T-90_startday-0_groups-all_dschool-0.289196_eta-0.107816_freq-90-14_initParamVarying-multiplier_beta_randomInstance-30.yaml
500
(0.5, 37199030.0, 0.29, 0.0, (7, 14), 'fitted-scaled', 'econ-scaled', 'oct21-scaled', 0.1, 0.05, 2, 'dynamic_gradient', 30, 'multiplier_beta')
The value of T is: 104
Missing starting point -- Running the initial heuristic.
/home/groups/daniancu/covid-optimization/covid-optimization
90
Total Reward at the start of the inner iterations: 55417066.813987024
Using license file /share/software/user/restricted/gurobi/9.0.3_py36/licenses/gurobi.lic
Set parameter TokenServer to value license4.stanford.edu
Gurobi status: 2

Statistics for model Linearization Heuristic :
  Linear constraint matrix    : 16026 Constrs, 9360 Vars, 6025339 NZs
  Matrix coefficient range    : [ 1.00025e-13, 1 ]
  Objective coefficient range : [ 4.05972e-21, 4.24275e+07 ]
  Variable bound range        : [ 0.05, 1 ]
  RHS coefficient range       : [ 1.73118e-07, 0.297505 ]
Objective value for Line heur k = 0: 15973100.552773496
90
Actual reward of current solution: 55308864.07283254
Minimum Difference with past solutions:0.050000000000000044.
Gurobi status: 2

Statistics for model Linearization Heuristic :
  Linear constraint matrix    : 16026 Constrs, 9360 Vars, 6321617 NZs
  Matrix coefficient range    : [ 1.00126e-13, 1 ]
  Objective coefficient range : [ 4.16002e-21, 4.24275e+07 ]
  Variable bound range        : [ 0.05, 1 ]
  RHS coefficient range       : [ 9.10808e-08, 0.298902 ]
Objective value for Line heur k = 0: 15736567.825519834
90
Actual reward of current solution: 55491454.338131405
Minimum Difference with past solutions:0.050000000000000044.
Gurobi status: 2

Statistics for model Linearization Heuristic :
  Linear constraint matrix    : 16026 Constrs, 9360 Vars, 6025339 NZs
  Matrix coefficient range    : [ 1.00025e-13, 1 ]
  Objective coefficient range : [ 4.0922e-21, 4.24275e+07 ]
  Variable bound range        : [ 0.05, 1 ]
  RHS coefficient range       : [ 1.73118e-07, 0.297505 ]
Objective value for Line heur k = 0: 16047476.001773145
90
Actual reward of current solution: 55383250.50474738
Minimum Difference with past solutions:0.050000000000000044.
Gurobi status: 2

Statistics for model Linearization Heuristic :
  Linear constraint matrix    : 16026 Constrs, 9360 Vars, 6321617 NZs
  Matrix coefficient range    : [ 1.00126e-13, 1 ]
  Objective coefficient range : [ 4.19543e-21, 4.24275e+07 ]
  Variable bound range        : [ 0.05, 1 ]
  RHS coefficient range       : [ 9.10808e-08, 0.298902 ]
Objective value for Line heur k = 0: 15810940.639224017
90
Actual reward of current solution: 55565841.86227576
Minimum Difference with past solutions:0.050000000000000044.
Gurobi status: 2

Statistics for model Linearization Heuristic :
  Linear constraint matrix    : 16026 Constrs, 9360 Vars, 6025339 NZs
  Matrix coefficient range    : [ 1.00025e-13, 1 ]
  Objective coefficient range : [ 4.12469e-21, 4.24275e+07 ]
  Variable bound range        : [ 0.05, 1 ]
  RHS coefficient range       : [ 1.73118e-07, 0.297505 ]
Objective value for Line heur k = 0: 16121851.45077283
90
Actual reward of current solution: 55457636.93666223
Minimum Difference with past solutions:0.050000000000000044.
Gurobi status: 2

Statistics for model Linearization Heuristic :
  Linear constraint matrix    : 16026 Constrs, 9360 Vars, 6321617 NZs
  Matrix coefficient range    : [ 1.00126e-13, 1 ]
  Objective coefficient range : [ 4.23084e-21, 4.24275e+07 ]
  Variable bound range        : [ 0.05, 1 ]
  RHS coefficient range       : [ 9.10808e-08, 0.298902 ]
Objective value for Line heur k = 0: 15885313.452928193
90
Actual reward of current solution: 55640229.38642014
Minimum Difference with past solutions:0.050000000000000044.
Gurobi status: 2

Statistics for model Linearization Heuristic :
  Linear constraint matrix    : 16026 Constrs, 9360 Vars, 6025339 NZs
  Matrix coefficient range    : [ 1.00025e-13, 1 ]
  Objective coefficient range : [ 4.15717e-21, 4.24275e+07 ]
  Variable bound range        : [ 0.05, 1 ]
  RHS coefficient range       : [ 1.73118e-07, 0.297505 ]
Objective value for Line heur k = 0: 16196226.899772504
90
Actual reward of current solution: 55532023.368577056
Minimum Difference with past solutions:0.050000000000000044.
Gurobi status: 2

Statistics for model Linearization Heuristic :
  Linear constraint matrix    : 16026 Constrs, 9360 Vars, 6321617 NZs
  Matrix coefficient range    : [ 1.00126e-13, 1 ]
  Objective coefficient range : [ 4.26625e-21, 4.24275e+07 ]
  Variable bound range        : [ 0.05, 1 ]
  RHS coefficient range       : [ 9.10808e-08, 0.298902 ]
Objective value for Line heur k = 0: 15959686.266632402
90
Actual reward of current solution: 55714616.910564505
Minimum Difference with past solutions:0.050000000000000044.
Gurobi status: 2

Statistics for model Linearization Heuristic :
  Linear constraint matrix    : 16026 Constrs, 9360 Vars, 6025339 NZs
  Matrix coefficient range    : [ 1.00025e-13, 1 ]
  Objective coefficient range : [ 4.18966e-21, 4.24275e+07 ]
  Variable bound range        : [ 0.05, 1 ]
  RHS coefficient range       : [ 1.73118e-07, 0.297505 ]
Objective value for Line heur k = 0: 16270602.348772129
90
Actual reward of current solution: 55606409.800491914
Minimum Difference with past solutions:0.050000000000000044.
Gurobi status: 2

Statistics for model Linearization Heuristic :
  Linear constraint matrix    : 16026 Constrs, 9360 Vars, 6321617 NZs
  Matrix coefficient range    : [ 1.00126e-13, 1 ]
  Objective coefficient range : [ 4.30166e-21, 4.24275e+07 ]
  Variable bound range        : [ 0.05, 1 ]
  RHS coefficient range       : [ 9.10808e-08, 0.298902 ]
Objective value for Line heur k = 0: 16034059.080336602
90
Actual reward of current solution: 55789004.434708856
Minimum Difference with past solutions:0.05.
Gurobi status: 2

Statistics for model Linearization Heuristic :
  Linear constraint matrix    : 16026 Constrs, 9360 Vars, 6025339 NZs
  Matrix coefficient range    : [ 1.00025e-13, 1 ]
  Objective coefficient range : [ 4.22215e-21, 4.24275e+07 ]
  Variable bound range        : [ 0.05, 1 ]
  RHS coefficient range       : [ 1.73118e-07, 0.297505 ]
Objective value for Line heur k = 0: 16344977.797771793
90
Actual reward of current solution: 55680796.232406735
Minimum Difference with past solutions:0.05.
Gurobi status: 2

Statistics for model Linearization Heuristic :
  Linear constraint matrix    : 16026 Constrs, 9360 Vars, 6321617 NZs
  Matrix coefficient range    : [ 1.00126e-13, 1 ]
  Objective coefficient range : [ 4.33706e-21, 4.24275e+07 ]
  Variable bound range        : [ 0.05, 1 ]
  RHS coefficient range       : [ 9.10808e-08, 0.298902 ]
Objective value for Line heur k = 0: 16108431.894040778
90
Actual reward of current solution: 55863391.958853245
Minimum Difference with past solutions:0.05.
Gurobi status: 2

Statistics for model Linearization Heuristic :
  Linear constraint matrix    : 16026 Constrs, 9360 Vars, 6025339 NZs
  Matrix coefficient range    : [ 1.00025e-13, 1 ]
  Objective coefficient range : [ 4.25463e-21, 4.24275e+07 ]
  Variable bound range        : [ 0.05, 1 ]
  RHS coefficient range       : [ 1.73118e-07, 0.297505 ]
Objective value for Line heur k = 0: 16419353.246771416
90
Actual reward of current solution: 55755182.66432158
Minimum Difference with past solutions:0.05.
Gurobi status: 2

Statistics for model Linearization Heuristic :
  Linear constraint matrix    : 16026 Constrs, 9360 Vars, 6321617 NZs
  Matrix coefficient range    : [ 1.00126e-13, 1 ]
  Objective coefficient range : [ 4.37247e-21, 4.24275e+07 ]
  Variable bound range        : [ 0.05, 1 ]
  RHS coefficient range       : [ 9.10808e-08, 0.298902 ]
Objective value for Line heur k = 0: 16182804.707744943
90
Actual reward of current solution: 55937779.48299759
Minimum Difference with past solutions:0.05.
Gurobi status: 2

Statistics for model Linearization Heuristic :
  Linear constraint matrix    : 16026 Constrs, 9360 Vars, 6025339 NZs
  Matrix coefficient range    : [ 1.00025e-13, 1 ]
  Objective coefficient range : [ 4.28712e-21, 4.24275e+07 ]
  Variable bound range        : [ 0.05, 1 ]
  RHS coefficient range       : [ 1.73118e-07, 0.297505 ]
Objective value for Line heur k = 0: 16493728.695771093
90
Actual reward of current solution: 55829569.09623641
Minimum Difference with past solutions:0.05.
Gurobi status: 2

Statistics for model Linearization Heuristic :
  Linear constraint matrix    : 16026 Constrs, 9360 Vars, 6321617 NZs
  Matrix coefficient range    : [ 1.00126e-13, 1 ]
  Objective coefficient range : [ 4.40788e-21, 4.24275e+07 ]
  Variable bound range        : [ 0.05, 1 ]
  RHS coefficient range       : [ 9.10808e-08, 0.298902 ]
Objective value for Line heur k = 0: 16257177.521449141
90
Actual reward of current solution: 56012167.00714197
Minimum Difference with past solutions:0.05.
Gurobi status: 2

Statistics for model Linearization Heuristic :
  Linear constraint matrix    : 16026 Constrs, 9360 Vars, 6025339 NZs
  Matrix coefficient range    : [ 1.00025e-13, 1 ]
  Objective coefficient range : [ 4.3196e-21, 4.24275e+07 ]
  Variable bound range        : [ 0.05, 1 ]
  RHS coefficient range       : [ 1.73118e-07, 0.297505 ]
Objective value for Line heur k = 0: 16568104.144770743
90
Actual reward of current solution: 55903955.52815125
Minimum Difference with past solutions:0.05.
Gurobi status: 2

Statistics for model Linearization Heuristic :
  Linear constraint matrix    : 16026 Constrs, 9360 Vars, 6321617 NZs
  Matrix coefficient range    : [ 1.00126e-13, 1 ]
  Objective coefficient range : [ 4.44329e-21, 4.24275e+07 ]
  Variable bound range        : [ 0.05, 1 ]
  RHS coefficient range       : [ 9.10808e-08, 0.298902 ]
Objective value for Line heur k = 0: 16331550.33515335
90
Actual reward of current solution: 56086554.531286314
Minimum Difference with past solutions:0.05.
Gurobi status: 2

Statistics for model Linearization Heuristic :
  Linear constraint matrix    : 16026 Constrs, 9360 Vars, 6025339 NZs
  Matrix coefficient range    : [ 1.00025e-13, 1 ]
  Objective coefficient range : [ 4.35209e-21, 4.24275e+07 ]
  Variable bound range        : [ 0.05, 1 ]
  RHS coefficient range       : [ 1.73118e-07, 0.297505 ]
Objective value for Line heur k = 0: 16642479.593770377
90
Actual reward of current solution: 55978341.9600661
Minimum Difference with past solutions:0.05.
Gurobi status: 2

Statistics for model Linearization Heuristic :
  Linear constraint matrix    : 16026 Constrs, 9360 Vars, 6321617 NZs
  Matrix coefficient range    : [ 1.00126e-13, 1 ]
  Objective coefficient range : [ 4.4787e-21, 4.24275e+07 ]
  Variable bound range        : [ 0.05, 1 ]
  RHS coefficient range       : [ 9.10808e-08, 0.298902 ]
Objective value for Line heur k = 0: 16405923.14885753
90
Actual reward of current solution: 56160942.0554307
Minimum Difference with past solutions:0.05.
Gurobi status: 2

Statistics for model Linearization Heuristic :
  Linear constraint matrix    : 16026 Constrs, 9360 Vars, 6025339 NZs
  Matrix coefficient range    : [ 1.00025e-13, 1 ]
  Objective coefficient range : [ 4.38457e-21, 4.24275e+07 ]
  Variable bound range        : [ 0.05, 1 ]
  RHS coefficient range       : [ 1.73118e-07, 0.297505 ]
Objective value for Line heur k = 0: 16679661.279258464
90
Actual reward of current solution: 56015535.176023506
Minimum Difference with past solutions:0.049999999999999684.
Gurobi status: 2

Statistics for model Linearization Heuristic :
  Linear constraint matrix    : 16026 Constrs, 9360 Vars, 6321617 NZs
  Matrix coefficient range    : [ 1.00126e-13, 1 ]
  Objective coefficient range : [ 4.4964e-21, 4.24275e+07 ]
  Variable bound range        : [ 0.05, 1 ]
  RHS coefficient range       : [ 9.10808e-08, 0.298902 ]
Objective value for Line heur k = 0: 16405916.338143086
90
Actual reward of current solution: 56160942.0554307
Minimum Difference with past solutions:0.0.
New solution equals old solution at k=0
89
Total Reward at the start of the inner iterations: 56160942.0554307
Gurobi status: 2

Statistics for model Linearization Heuristic :
  Linear constraint matrix    : 15915 Constrs, 9270 Vars, 5917650 NZs
  Matrix coefficient range    : [ 1.00025e-13, 1 ]
  Objective coefficient range : [ 4.38457e-21, 4.24275e+07 ]
  Variable bound range        : [ 0.05, 1 ]
  RHS coefficient range       : [ 4.93977e-08, 1 ]
Objective value for Line heur k = 1: 16585604.365612566
89
Actual reward of current solution: 56127984.83969896
Minimum Difference with past solutions:0.05.
Gurobi status: 2

Statistics for model Linearization Heuristic :
  Linear constraint matrix    : 15915 Constrs, 9270 Vars, 5983712 NZs
  Matrix coefficient range    : [ 1.00706e-13, 1 ]
  Objective coefficient range : [ 1.15477e-20, 4.24275e+07 ]
  Variable bound range        : [ 0.05, 1 ]
  RHS coefficient range       : [ 7.10153e-08, 1 ]
Objective value for Line heur k = 1: 16494136.42179852
89
Actual reward of current solution: 56160942.0554307
Minimum Difference with past solutions:0.0.
New solution equals old solution at k=1
88
Total Reward at the start of the inner iterations: 56160942.0554307
Gurobi status: 2

Statistics for model Linearization Heuristic :
  Linear constraint matrix    : 15750 Constrs, 9180 Vars, 5810971 NZs
  Matrix coefficient range    : [ 1.00025e-13, 1 ]
  Objective coefficient range : [ 4.38457e-21, 4.24275e+07 ]
  Variable bound range        : [ 0.05, 1 ]
  RHS coefficient range       : [ 6.20076e-08, 1 ]
Objective value for Line heur k = 2: 16531454.13452027
88
Actual reward of current solution: 56127984.83969896
Minimum Difference with past solutions:0.05.
Gurobi status: 2

Statistics for model Linearization Heuristic :
  Linear constraint matrix    : 15750 Constrs, 9180 Vars, 5877033 NZs
  Matrix coefficient range    : [ 1.00706e-13, 1 ]
  Objective coefficient range : [ 1.15477e-20, 4.24275e+07 ]
  Variable bound range        : [ 0.05, 1 ]
  RHS coefficient range       : [ 7.29684e-08, 1 ]
Objective value for Line heur k = 2: 16442080.844707564
88
Actual reward of current solution: 56160942.0554307
Minimum Difference with past solutions:0.0.
New solution equals old solution at k=2
87
Total Reward at the start of the inner iterations: 56160942.0554307
Gurobi status: 2

Statistics for model Linearization Heuristic :
  Linear constraint matrix    : 15585 Constrs, 9090 Vars, 5705356 NZs
  Matrix coefficient range    : [ 1.00025e-13, 1 ]
  Objective coefficient range : [ 4.38457e-21, 4.24275e+07 ]
  Variable bound range        : [ 0.05, 1 ]
  RHS coefficient range       : [ 7.76635e-08, 1 ]
Objective value for Line heur k = 3: 16475779.5337957
87
Actual reward of current solution: 56127984.83969896
Minimum Difference with past solutions:0.05.
Gurobi status: 2

Statistics for model Linearization Heuristic :
  Linear constraint matrix    : 15585 Constrs, 9090 Vars, 5771418 NZs
  Matrix coefficient range    : [ 1.00706e-13, 1 ]
  Objective coefficient range : [ 1.15477e-20, 4.24275e+07 ]
  Variable bound range        : [ 0.05, 1 ]
  RHS coefficient range       : [ 9.53331e-08, 1 ]
Objective value for Line heur k = 3: 16388624.462782295
87
Actual reward of current solution: 56160942.0554307
Minimum Difference with past solutions:0.0.
New solution equals old solution at k=3
86
Total Reward at the start of the inner iterations: 56160942.0554307
Gurobi status: 2

Statistics for model Linearization Heuristic :
  Linear constraint matrix    : 15420 Constrs, 9000 Vars, 5600805 NZs
  Matrix coefficient range    : [ 1.00025e-13, 1 ]
  Objective coefficient range : [ 4.38457e-21, 4.24275e+07 ]
  Variable bound range        : [ 0.05, 1 ]
  RHS coefficient range       : [ 9.5229e-09, 1 ]
Objective value for Line heur k = 4: 16416944.857704611
86
Actual reward of current solution: 56127984.83969896
Minimum Difference with past solutions:0.05.
Gurobi status: 2

Statistics for model Linearization Heuristic :
  Linear constraint matrix    : 15420 Constrs, 9000 Vars, 5666867 NZs
  Matrix coefficient range    : [ 1.00706e-13, 1 ]
  Objective coefficient range : [ 1.15477e-20, 4.24275e+07 ]
  Variable bound range        : [ 0.05, 1 ]
  RHS coefficient range       : [ 6.75245e-08, 1 ]
Objective value for Line heur k = 4: 16332087.764371755
86
Actual reward of current solution: 56160942.0554307
Minimum Difference with past solutions:0.0.
New solution equals old solution at k=4
85
Total Reward at the start of the inner iterations: 56160942.0554307
Gurobi status: 2

Statistics for model Linearization Heuristic :
  Linear constraint matrix    : 15255 Constrs, 8910 Vars, 5497318 NZs
  Matrix coefficient range    : [ 1.00025e-13, 1 ]
  Objective coefficient range : [ 4.38457e-21, 4.24275e+07 ]
  Variable bound range        : [ 0.05, 1 ]
  RHS coefficient range       : [ 6.95668e-09, 1 ]
Objective value for Line heur k = 5: 16354190.880859004
85
Actual reward of current solution: 56127984.83969896
Minimum Difference with past solutions:0.05.
Gurobi status: 2

Statistics for model Linearization Heuristic :
  Linear constraint matrix    : 15255 Constrs, 8910 Vars, 5563380 NZs
  Matrix coefficient range    : [ 1.00706e-13, 1 ]
  Objective coefficient range : [ 1.15477e-20, 4.24275e+07 ]
  Variable bound range        : [ 0.05, 1 ]
  RHS coefficient range       : [ 2.72296e-08, 1 ]
Objective value for Line heur k = 5: 16271682.061341505
85
Actual reward of current solution: 56160942.0554307
Minimum Difference with past solutions:0.0.
New solution equals old solution at k=5
84
Total Reward at the start of the inner iterations: 56160942.0554307
Gurobi status: 2

Statistics for model Linearization Heuristic :
  Linear constraint matrix    : 15090 Constrs, 8820 Vars, 5394895 NZs
  Matrix coefficient range    : [ 1.00025e-13, 1 ]
  Objective coefficient range : [ 4.38457e-21, 4.24275e+07 ]
  Variable bound range        : [ 0.05, 1 ]
  RHS coefficient range       : [ 5.14255e-08, 1 ]
Objective value for Line heur k = 6: 16287261.48993128
84
Actual reward of current solution: 56127984.83969896
Minimum Difference with past solutions:0.05.
Gurobi status: 2

Statistics for model Linearization Heuristic :
  Linear constraint matrix    : 15090 Constrs, 8820 Vars, 5460957 NZs
  Matrix coefficient range    : [ 1.00706e-13, 1 ]
  Objective coefficient range : [ 1.15477e-20, 4.24275e+07 ]
  Variable bound range        : [ 0.05, 1 ]
  RHS coefficient range       : [ 5.3e-09, 1 ]
Objective value for Line heur k = 6: 16207130.326576058
84
Actual reward of current solution: 56160942.0554307
Minimum Difference with past solutions:0.0.
New solution equals old solution at k=6
83
Total Reward at the start of the inner iterations: 56160942.0554307
Gurobi status: 2

Statistics for model Linearization Heuristic :
  Linear constraint matrix    : 14925 Constrs, 8730 Vars, 5293536 NZs
  Matrix coefficient range    : [ 1.00025e-13, 1 ]
  Objective coefficient range : [ 4.38457e-21, 4.24275e+07 ]
  Variable bound range        : [ 0.05, 1 ]
  RHS coefficient range       : [ 8.32588e-08, 1 ]
Objective value for Line heur k = 7: 16216180.341346754
83
Actual reward of current solution: 56127984.83969896
Minimum Difference with past solutions:0.05.
Gurobi status: 2

Statistics for model Linearization Heuristic :
  Linear constraint matrix    : 14925 Constrs, 8730 Vars, 5359598 NZs
  Matrix coefficient range    : [ 1.00706e-13, 1 ]
  Objective coefficient range : [ 1.15477e-20, 4.24275e+07 ]
  Variable bound range        : [ 0.05, 1 ]
  RHS coefficient range       : [ 2.76864e-08, 1 ]
Objective value for Line heur k = 7: 16138439.938733213
83
Actual reward of current solution: 56160942.0554307
Minimum Difference with past solutions:0.0.
New solution equals old solution at k=7
82
Total Reward at the start of the inner iterations: 56160942.0554307
Gurobi status: 2

Statistics for model Linearization Heuristic :
  Linear constraint matrix    : 14760 Constrs, 8640 Vars, 5193241 NZs
  Matrix coefficient range    : [ 1.00025e-13, 1 ]
  Objective coefficient range : [ 4.38457e-21, 4.24275e+07 ]
  Variable bound range        : [ 0.05, 1 ]
  RHS coefficient range       : [ 7.53697e-08, 1 ]
Objective value for Line heur k = 8: 16141117.1266068
82
Actual reward of current solution: 56127984.83969896
Minimum Difference with past solutions:0.05.
Gurobi status: 2

Statistics for model Linearization Heuristic :
  Linear constraint matrix    : 14760 Constrs, 8640 Vars, 5259303 NZs
  Matrix coefficient range    : [ 1.00706e-13, 1 ]
  Objective coefficient range : [ 1.15477e-20, 4.24275e+07 ]
  Variable bound range        : [ 0.05, 1 ]
  RHS coefficient range       : [ 1.27451e-08, 1 ]
Objective value for Line heur k = 8: 16065766.03035712
82
Actual reward of current solution: 56160942.0554307
Minimum Difference with past solutions:0.0.
New solution equals old solution at k=8
81
Total Reward at the start of the inner iterations: 56160942.0554307
Gurobi status: 2

Statistics for model Linearization Heuristic :
  Linear constraint matrix    : 14595 Constrs, 8550 Vars, 5094010 NZs
  Matrix coefficient range    : [ 1.00025e-13, 1 ]
  Objective coefficient range : [ 4.38457e-21, 4.24275e+07 ]
  Variable bound range        : [ 0.05, 1 ]
  RHS coefficient range       : [ 1.01761e-07, 1 ]
Objective value for Line heur k = 9: 16062306.995139558
81
Actual reward of current solution: 56127984.83969896
Minimum Difference with past solutions:0.05.
Gurobi status: 2

Statistics for model Linearization Heuristic :
  Linear constraint matrix    : 14595 Constrs, 8550 Vars, 5160072 NZs
  Matrix coefficient range    : [ 1.00706e-13, 1 ]
  Objective coefficient range : [ 1.15477e-20, 4.24275e+07 ]
  Variable bound range        : [ 0.05, 1 ]
  RHS coefficient range       : [ 2.10364e-08, 1 ]
Objective value for Line heur k = 9: 15989328.343212215
81
Actual reward of current solution: 56160942.0554307
Minimum Difference with past solutions:0.0.
New solution equals old solution at k=9
80
Total Reward at the start of the inner iterations: 56160942.0554307
Gurobi status: 2

Statistics for model Linearization Heuristic :
  Linear constraint matrix    : 14430 Constrs, 8460 Vars, 4995843 NZs
  Matrix coefficient range    : [ 1.00025e-13, 1 ]
  Objective coefficient range : [ 4.38457e-21, 4.24275e+07 ]
  Variable bound range        : [ 0.05, 1 ]
  RHS coefficient range       : [ 8.9839e-08, 1 ]
Objective value for Line heur k = 10: 15980000.840168055
80
Actual reward of current solution: 56127984.83969896
Minimum Difference with past solutions:0.05.
Gurobi status: 2

Statistics for model Linearization Heuristic :
  Linear constraint matrix    : 14430 Constrs, 8460 Vars, 5061905 NZs
  Matrix coefficient range    : [ 1.00706e-13, 1 ]
  Objective coefficient range : [ 1.15477e-20, 4.24275e+07 ]
  Variable bound range        : [ 0.05, 1 ]
  RHS coefficient range       : [ 4.42429e-09, 1 ]
Objective value for Line heur k = 10: 15909358.732823165
80
Actual reward of current solution: 56160942.0554307
Minimum Difference with past solutions:0.0.
New solution equals old solution at k=10
79
Total Reward at the start of the inner iterations: 56160942.0554307
Gurobi status: 2

Statistics for model Linearization Heuristic :
  Linear constraint matrix    : 14265 Constrs, 8370 Vars, 4898740 NZs
  Matrix coefficient range    : [ 1.00025e-13, 1 ]
  Objective coefficient range : [ 4.38457e-21, 4.24275e+07 ]
  Variable bound range        : [ 0.05, 1 ]
  RHS coefficient range       : [ 6.56148e-08, 1 ]
Objective value for Line heur k = 11: 15894432.3780381
79
Actual reward of current solution: 56127984.83969896
Minimum Difference with past solutions:0.05.
Gurobi status: 2

Statistics for model Linearization Heuristic :
  Linear constraint matrix    : 14265 Constrs, 8370 Vars, 4964802 NZs
  Matrix coefficient range    : [ 1.00706e-13, 1 ]
  Objective coefficient range : [ 1.15477e-20, 4.24275e+07 ]
  Variable bound range        : [ 0.05, 1 ]
  RHS coefficient range       : [ 1.50161e-08, 1 ]
Objective value for Line heur k = 11: 15826064.63511985
79
Actual reward of current solution: 56160942.0554307
Minimum Difference with past solutions:0.0.
New solution equals old solution at k=11
78
Total Reward at the start of the inner iterations: 56160942.0554307
Gurobi status: 2

Statistics for model Linearization Heuristic :
  Linear constraint matrix    : 14100 Constrs, 8280 Vars, 4802701 NZs
  Matrix coefficient range    : [ 1.00025e-13, 1 ]
  Objective coefficient range : [ 4.38457e-21, 4.24275e+07 ]
  Variable bound range        : [ 0.05, 1 ]
  RHS coefficient range       : [ 3.01032e-08, 1 ]
Objective value for Line heur k = 12: 15805792.48027044
78
Actual reward of current solution: 56127984.83969896
Minimum Difference with past solutions:0.05.
Gurobi status: 2

Statistics for model Linearization Heuristic :
  Linear constraint matrix    : 14100 Constrs, 8280 Vars, 4868763 NZs
  Matrix coefficient range    : [ 1.00706e-13, 1 ]
  Objective coefficient range : [ 1.15477e-20, 4.24275e+07 ]
  Variable bound range        : [ 0.05, 1 ]
  RHS coefficient range       : [ 9.29969e-08, 1 ]
Objective value for Line heur k = 12: 15739598.132338459
78
Actual reward of current solution: 56160942.0554307
Minimum Difference with past solutions:0.0.
New solution equals old solution at k=12
77
Total Reward at the start of the inner iterations: 56160942.0554307
Gurobi status: 2

Statistics for model Linearization Heuristic :
  Linear constraint matrix    : 13935 Constrs, 8190 Vars, 4707726 NZs
  Matrix coefficient range    : [ 1.00025e-13, 1 ]
  Objective coefficient range : [ 4.38457e-21, 4.24275e+07 ]
  Variable bound range        : [ 0.05, 1 ]
  RHS coefficient range       : [ 1.64754e-08, 1 ]
Objective value for Line heur k = 13: 15714203.272402663
77
Actual reward of current solution: 56127984.83969896
Minimum Difference with past solutions:0.05.
Gurobi status: 2

Statistics for model Linearization Heuristic :
  Linear constraint matrix    : 13935 Constrs, 8190 Vars, 4773788 NZs
  Matrix coefficient range    : [ 1.00706e-13, 1 ]
  Objective coefficient range : [ 1.15477e-20, 4.24275e+07 ]
  Variable bound range        : [ 0.05, 1 ]
  RHS coefficient range       : [ 9.00571e-08, 1 ]
Objective value for Line heur k = 13: 15650021.902941778
77
Actual reward of current solution: 56160942.0554307
Minimum Difference with past solutions:0.0.
New solution equals old solution at k=13
76
Total Reward at the start of the inner iterations: 56160942.0554307
Gurobi status: 2

Statistics for model Linearization Heuristic :
  Linear constraint matrix    : 13770 Constrs, 8100 Vars, 4613869 NZs
  Matrix coefficient range    : [ 1.00025e-13, 1 ]
  Objective coefficient range : [ 4.38457e-21, 4.24275e+07 ]
  Variable bound range        : [ 0.05, 1 ]
  RHS coefficient range       : [ 7.51136e-08, 0.294492 ]
Objective value for Line heur k = 14: 15619684.650532724
76
Actual reward of current solution: 56127984.83969896
Minimum Difference with past solutions:0.05.
Gurobi status: 2

Statistics for model Linearization Heuristic :
  Linear constraint matrix    : 13770 Constrs, 8100 Vars, 4679931 NZs
  Matrix coefficient range    : [ 1.00706e-13, 1 ]
  Objective coefficient range : [ 1.15477e-20, 4.24275e+07 ]
  Variable bound range        : [ 0.05, 1 ]
  RHS coefficient range       : [ 3.98783e-08, 0.294777 ]
Objective value for Line heur k = 14: 15557262.76367198
76
Actual reward of current solution: 56160942.0554307
Minimum Difference with past solutions:0.0.
New solution equals old solution at k=14
75
Total Reward at the start of the inner iterations: 56160942.0554307
Gurobi status: 2

Statistics for model Linearization Heuristic :
  Linear constraint matrix    : 13659 Constrs, 8010 Vars, 4511004 NZs
  Matrix coefficient range    : [ 1.00025e-13, 1 ]
  Objective coefficient range : [ 4.38457e-21, 4.24275e+07 ]
  Variable bound range        : [ 0.05, 1 ]
  RHS coefficient range       : [ 2.75245e-08, 1 ]
Objective value for Line heur k = 15: 15482181.164975828
75
Actual reward of current solution: 56160942.0554307
Minimum Difference with past solutions:0.0.
New solution equals old solution at k=15
74
Total Reward at the start of the inner iterations: 56160942.0554307
Gurobi status: 2

Statistics for model Linearization Heuristic :
  Linear constraint matrix    : 13494 Constrs, 7920 Vars, 4409263 NZs
  Matrix coefficient range    : [ 1.00025e-13, 1 ]
  Objective coefficient range : [ 4.38457e-21, 4.24275e+07 ]
  Variable bound range        : [ 0.05, 1 ]
  RHS coefficient range       : [ 3.67679e-09, 1 ]
Objective value for Line heur k = 16: 15354198.242375292
74
Actual reward of current solution: 56160942.0554307
Minimum Difference with past solutions:0.0.
New solution equals old solution at k=16
73
Total Reward at the start of the inner iterations: 56160942.0554307
Gurobi status: 2

Statistics for model Linearization Heuristic :
  Linear constraint matrix    : 13329 Constrs, 7830 Vars, 4308700 NZs
  Matrix coefficient range    : [ 1.00025e-13, 1 ]
  Objective coefficient range : [ 4.38457e-21, 4.24275e+07 ]
  Variable bound range        : [ 0.05, 1 ]
  RHS coefficient range       : [ 6.40579e-09, 1 ]
Objective value for Line heur k = 17: 15223587.401494263
73
Actual reward of current solution: 56160942.0554307
Minimum Difference with past solutions:0.0.
New solution equals old solution at k=17
72
Total Reward at the start of the inner iterations: 56160942.0554307
Gurobi status: 2

Statistics for model Linearization Heuristic :
  Linear constraint matrix    : 13164 Constrs, 7740 Vars, 4209315 NZs
  Matrix coefficient range    : [ 1.00025e-13, 1 ]
  Objective coefficient range : [ 4.38457e-21, 4.24275e+07 ]
  Variable bound range        : [ 0.05, 1 ]
  RHS coefficient range       : [ 7.35782e-09, 1 ]
Objective value for Line heur k = 18: 15090754.631347036
72
Actual reward of current solution: 56160942.0554307
Minimum Difference with past solutions:0.0.
New solution equals old solution at k=18
71
Total Reward at the start of the inner iterations: 56160942.0554307
Gurobi status: 2

Statistics for model Linearization Heuristic :
  Linear constraint matrix    : 12999 Constrs, 7650 Vars, 4111108 NZs
  Matrix coefficient range    : [ 1.00025e-13, 1 ]
  Objective coefficient range : [ 4.38457e-21, 4.24275e+07 ]
  Variable bound range        : [ 0.05, 1 ]
  RHS coefficient range       : [ 1.67976e-09, 1 ]
Objective value for Line heur k = 19: 14955980.44084887
71
Actual reward of current solution: 56160942.0554307
Minimum Difference with past solutions:0.0.
New solution equals old solution at k=19
70
Total Reward at the start of the inner iterations: 56160942.0554307
Gurobi status: 2

Statistics for model Linearization Heuristic :
  Linear constraint matrix    : 12834 Constrs, 7560 Vars, 4014079 NZs
  Matrix coefficient range    : [ 1.00025e-13, 1 ]
  Objective coefficient range : [ 4.38457e-21, 4.24275e+07 ]
  Variable bound range        : [ 0.05, 1 ]
  RHS coefficient range       : [ 8.98673e-09, 1 ]
Objective value for Line heur k = 20: 14819468.445038768
70
Actual reward of current solution: 56160942.0554307
Minimum Difference with past solutions:0.0.
New solution equals old solution at k=20
69
Total Reward at the start of the inner iterations: 56160942.0554307
Gurobi status: 2

Statistics for model Linearization Heuristic :
  Linear constraint matrix    : 12669 Constrs, 7470 Vars, 3918228 NZs
  Matrix coefficient range    : [ 1.00025e-13, 1 ]
  Objective coefficient range : [ 4.38457e-21, 4.24275e+07 ]
  Variable bound range        : [ 0.05, 1 ]
  RHS coefficient range       : [ 2.33913e-08, 1 ]
Objective value for Line heur k = 21: 14681373.350438287
69
Actual reward of current solution: 56160942.0554307
Minimum Difference with past solutions:0.0.
New solution equals old solution at k=21
68
Total Reward at the start of the inner iterations: 56160942.0554307
Gurobi status: 2

Statistics for model Linearization Heuristic :
  Linear constraint matrix    : 12504 Constrs, 7380 Vars, 3823555 NZs
  Matrix coefficient range    : [ 1.00025e-13, 1 ]
  Objective coefficient range : [ 4.38457e-21, 4.24275e+07 ]
  Variable bound range        : [ 0.05, 1 ]
  RHS coefficient range       : [ 3.274e-08, 1 ]
Objective value for Line heur k = 22: 14541816.659217024
68
Actual reward of current solution: 56160942.0554307
Minimum Difference with past solutions:0.0.
New solution equals old solution at k=22
67
Total Reward at the start of the inner iterations: 56160942.0554307
Gurobi status: 2

Statistics for model Linearization Heuristic :
  Linear constraint matrix    : 12339 Constrs, 7290 Vars, 3730060 NZs
  Matrix coefficient range    : [ 1.00025e-13, 1 ]
  Objective coefficient range : [ 4.38457e-21, 4.24275e+07 ]
  Variable bound range        : [ 0.05, 1 ]
  RHS coefficient range       : [ 6.94266e-09, 1 ]
Objective value for Line heur k = 23: 14400894.678432204
67
Actual reward of current solution: 56160942.0554307
Minimum Difference with past solutions:0.0.
New solution equals old solution at k=23
66
Total Reward at the start of the inner iterations: 56160942.0554307
Gurobi status: 2

Statistics for model Linearization Heuristic :
  Linear constraint matrix    : 12174 Constrs, 7200 Vars, 3637743 NZs
  Matrix coefficient range    : [ 1.00025e-13, 1 ]
  Objective coefficient range : [ 4.38457e-21, 4.24275e+07 ]
  Variable bound range        : [ 0.05, 1 ]
  RHS coefficient range       : [ 1.82125e-08, 1 ]
Objective value for Line heur k = 24: 14258681.114951441
66
Actual reward of current solution: 56160942.0554307
Minimum Difference with past solutions:0.0.
New solution equals old solution at k=24
65
Total Reward at the start of the inner iterations: 56160942.0554307
Gurobi status: 2

Statistics for model Linearization Heuristic :
  Linear constraint matrix    : 12009 Constrs, 7110 Vars, 3546604 NZs
  Matrix coefficient range    : [ 1.00025e-13, 1 ]
  Objective coefficient range : [ 4.38457e-21, 4.24275e+07 ]
  Variable bound range        : [ 0.05, 1 ]
  RHS coefficient range       : [ 4.26229e-08, 1 ]
Objective value for Line heur k = 25: 14115224.946484854
65
Actual reward of current solution: 56160942.0554307
Minimum Difference with past solutions:0.0.
New solution equals old solution at k=25
64
Total Reward at the start of the inner iterations: 56160942.0554307
Gurobi status: 2

Statistics for model Linearization Heuristic :
  Linear constraint matrix    : 11844 Constrs, 7020 Vars, 3456643 NZs
  Matrix coefficient range    : [ 1.00025e-13, 1 ]
  Objective coefficient range : [ 4.38457e-21, 4.24275e+07 ]
  Variable bound range        : [ 0.05, 1 ]
  RHS coefficient range       : [ 6.64457e-08, 1 ]
Objective value for Line heur k = 26: 13970542.903102344
64
Actual reward of current solution: 56160942.0554307
Minimum Difference with past solutions:0.0.
New solution equals old solution at k=26
63
Total Reward at the start of the inner iterations: 56160942.0554307
Gurobi status: 2

Statistics for model Linearization Heuristic :
  Linear constraint matrix    : 11679 Constrs, 6930 Vars, 3367860 NZs
  Matrix coefficient range    : [ 1.00025e-13, 1 ]
  Objective coefficient range : [ 4.38457e-21, 4.24275e+07 ]
  Variable bound range        : [ 0.05, 1 ]
  RHS coefficient range       : [ 9.01814e-08, 1 ]
Objective value for Line heur k = 27: 13824604.372411197
63
Actual reward of current solution: 56160942.0554307
Minimum Difference with past solutions:0.0.
New solution equals old solution at k=27
62
Total Reward at the start of the inner iterations: 56160942.0554307
Gurobi status: 2

Statistics for model Linearization Heuristic :
  Linear constraint matrix    : 11514 Constrs, 6840 Vars, 3280309 NZs
  Matrix coefficient range    : [ 1.00025e-13, 1 ]
  Objective coefficient range : [ 4.38457e-21, 4.24275e+07 ]
  Variable bound range        : [ 0.05, 1 ]
  RHS coefficient range       : [ 1.1482e-07, 0.292393 ]
Objective value for Line heur k = 28: 13677304.418436721
62
Actual reward of current solution: 56160942.0554307
Minimum Difference with past solutions:0.0.
New solution equals old solution at k=28
61
Total Reward at the start of the inner iterations: 56160942.0554307
Gurobi status: 2

Statistics for model Linearization Heuristic :
  Linear constraint matrix    : 11403 Constrs, 6750 Vars, 3189646 NZs
  Matrix coefficient range    : [ 1.00025e-13, 1 ]
  Objective coefficient range : [ 4.38457e-21, 4.24275e+07 ]
  Variable bound range        : [ 0.05, 1 ]
  RHS coefficient range       : [ 1.10244e-07, 1 ]
Objective value for Line heur k = 29: 13515138.871774212
61
Actual reward of current solution: 56160942.0554307
Minimum Difference with past solutions:0.0.
New solution equals old solution at k=29
60
Total Reward at the start of the inner iterations: 56160942.0554307
Gurobi status: 2

Statistics for model Linearization Heuristic :
  Linear constraint matrix    : 11238 Constrs, 6660 Vars, 3100164 NZs
  Matrix coefficient range    : [ 1.00025e-13, 1 ]
  Objective coefficient range : [ 4.38457e-21, 4.24275e+07 ]
  Variable bound range        : [ 0.05, 1 ]
  RHS coefficient range       : [ 1.08448e-07, 1 ]
Objective value for Line heur k = 30: 13351465.672859589
60
Actual reward of current solution: 56160942.0554307
Minimum Difference with past solutions:0.0.
New solution equals old solution at k=30
59
Total Reward at the start of the inner iterations: 56160942.0554307
Gurobi status: 2

Statistics for model Linearization Heuristic :
  Linear constraint matrix    : 11073 Constrs, 6570 Vars, 3011917 NZs
  Matrix coefficient range    : [ 1.00025e-13, 1 ]
  Objective coefficient range : [ 4.38457e-21, 4.24275e+07 ]
  Variable bound range        : [ 0.05, 1 ]
  RHS coefficient range       : [ 1.07636e-07, 1 ]
Objective value for Line heur k = 31: 13186521.243657004
59
Actual reward of current solution: 56160942.0554307
Minimum Difference with past solutions:0.0.
New solution equals old solution at k=31
58
Total Reward at the start of the inner iterations: 56160942.0554307
Gurobi status: 2

Statistics for model Linearization Heuristic :
  Linear constraint matrix    : 10908 Constrs, 6480 Vars, 2924905 NZs
  Matrix coefficient range    : [ 1.00025e-13, 1 ]
  Objective coefficient range : [ 4.38457e-21, 4.24275e+07 ]
  Variable bound range        : [ 0.05, 1 ]
  RHS coefficient range       : [ 1.32423e-08, 1 ]
Objective value for Line heur k = 32: 13020455.36562898
58
Actual reward of current solution: 56160942.0554307
Minimum Difference with past solutions:0.0.
New solution equals old solution at k=32
57
Total Reward at the start of the inner iterations: 56160942.0554307
Gurobi status: 2

Statistics for model Linearization Heuristic :
  Linear constraint matrix    : 10743 Constrs, 6390 Vars, 2839128 NZs
  Matrix coefficient range    : [ 1.00025e-13, 1 ]
  Objective coefficient range : [ 4.38457e-21, 4.24275e+07 ]
  Variable bound range        : [ 0.05, 1 ]
  RHS coefficient range       : [ 9.78261e-08, 1 ]
Objective value for Line heur k = 33: 12853368.681519551
57
Actual reward of current solution: 56160942.0554307
Minimum Difference with past solutions:0.0.
New solution equals old solution at k=33
56
Total Reward at the start of the inner iterations: 56160942.0554307
Gurobi status: 2

Statistics for model Linearization Heuristic :
  Linear constraint matrix    : 10578 Constrs, 6300 Vars, 2754586 NZs
  Matrix coefficient range    : [ 1.00025e-13, 1 ]
  Objective coefficient range : [ 4.38457e-21, 4.24275e+07 ]
  Variable bound range        : [ 0.05, 1 ]
  RHS coefficient range       : [ 1.04594e-07, 1 ]
Objective value for Line heur k = 34: 12685333.778045326
56
Actual reward of current solution: 56160942.0554307
Minimum Difference with past solutions:0.0.
New solution equals old solution at k=34
55
Total Reward at the start of the inner iterations: 56160942.0554307
Gurobi status: 2

Statistics for model Linearization Heuristic :
  Linear constraint matrix    : 10413 Constrs, 6210 Vars, 2671279 NZs
  Matrix coefficient range    : [ 1.00025e-13, 1 ]
  Objective coefficient range : [ 4.38457e-21, 4.24275e+07 ]
  Variable bound range        : [ 0.05, 1 ]
  RHS coefficient range       : [ 1.02796e-07, 1 ]
Objective value for Line heur k = 35: 12516407.045788657
55
Actual reward of current solution: 56160942.0554307
Minimum Difference with past solutions:0.0.
New solution equals old solution at k=35
54
Total Reward at the start of the inner iterations: 56160942.0554307
Gurobi status: 2

Statistics for model Linearization Heuristic :
  Linear constraint matrix    : 10248 Constrs, 6120 Vars, 2589207 NZs
  Matrix coefficient range    : [ 1.00025e-13, 1 ]
  Objective coefficient range : [ 4.38457e-21, 4.24275e+07 ]
  Variable bound range        : [ 0.05, 1 ]
  RHS coefficient range       : [ 1.00616e-07, 1 ]
Objective value for Line heur k = 36: 12346635.352064183
54
Actual reward of current solution: 56160942.0554307
Minimum Difference with past solutions:0.0.
New solution equals old solution at k=36
53
Total Reward at the start of the inner iterations: 56160942.0554307
Gurobi status: 2

Statistics for model Linearization Heuristic :
  Linear constraint matrix    : 10083 Constrs, 6030 Vars, 2508370 NZs
  Matrix coefficient range    : [ 1.00025e-13, 1 ]
  Objective coefficient range : [ 4.38457e-21, 4.24275e+07 ]
  Variable bound range        : [ 0.05, 1 ]
  RHS coefficient range       : [ 9.81172e-08, 1 ]
Objective value for Line heur k = 37: 12176059.793647561
53
Actual reward of current solution: 56160942.0554307
Minimum Difference with past solutions:0.0.
New solution equals old solution at k=37
52
Total Reward at the start of the inner iterations: 56160942.0554307
Gurobi status: 2

Statistics for model Linearization Heuristic :
  Linear constraint matrix    : 9918 Constrs, 5940 Vars, 2428768 NZs
  Matrix coefficient range    : [ 1.00025e-13, 1 ]
  Objective coefficient range : [ 4.38457e-21, 4.24275e+07 ]
  Variable bound range        : [ 0.05, 1 ]
  RHS coefficient range       : [ 9.53643e-08, 1 ]
Objective value for Line heur k = 38: 12004717.804635618
52
Actual reward of current solution: 56160942.0554307
Minimum Difference with past solutions:0.0.
New solution equals old solution at k=38
51
Total Reward at the start of the inner iterations: 56160942.0554307
Gurobi status: 2

Statistics for model Linearization Heuristic :
  Linear constraint matrix    : 9753 Constrs, 5850 Vars, 2350401 NZs
  Matrix coefficient range    : [ 1.00025e-13, 1 ]
  Objective coefficient range : [ 4.38457e-21, 4.24275e+07 ]
  Variable bound range        : [ 0.05, 1 ]
  RHS coefficient range       : [ 9.24201e-08, 1 ]
Objective value for Line heur k = 39: 11832644.337891242
51
Actual reward of current solution: 56160942.0554307
Minimum Difference with past solutions:0.0.
New solution equals old solution at k=39
50
Total Reward at the start of the inner iterations: 56160942.0554307
Gurobi status: 2

Statistics for model Linearization Heuristic :
  Linear constraint matrix    : 9588 Constrs, 5760 Vars, 2273269 NZs
  Matrix coefficient range    : [ 1.00025e-13, 1 ]
  Objective coefficient range : [ 4.38457e-21, 4.24275e+07 ]
  Variable bound range        : [ 0.05, 1 ]
  RHS coefficient range       : [ 8.93405e-08, 1 ]
Objective value for Line heur k = 40: 11659872.525337454
50
Actual reward of current solution: 56160942.0554307
Minimum Difference with past solutions:0.0.
New solution equals old solution at k=40
49
Total Reward at the start of the inner iterations: 56160942.0554307
Gurobi status: 2

Statistics for model Linearization Heuristic :
  Linear constraint matrix    : 9423 Constrs, 5670 Vars, 2197372 NZs
  Matrix coefficient range    : [ 1.00025e-13, 1 ]
  Objective coefficient range : [ 4.38457e-21, 4.24275e+07 ]
  Variable bound range        : [ 0.05, 1 ]
  RHS coefficient range       : [ 8.61732e-08, 1 ]
Objective value for Line heur k = 41: 11486434.04591525
49
Actual reward of current solution: 56160942.0554307
Minimum Difference with past solutions:0.0.
New solution equals old solution at k=41
48
Total Reward at the start of the inner iterations: 56160942.0554307
Gurobi status: 2

Statistics for model Linearization Heuristic :
  Linear constraint matrix    : 9258 Constrs, 5580 Vars, 2122764 NZs
  Matrix coefficient range    : [ 1.00025e-13, 1 ]
  Objective coefficient range : [ 4.38457e-21, 4.24275e+07 ]
  Variable bound range        : [ 0.05, 1 ]
  RHS coefficient range       : [ 8.29587e-08, 0.291185 ]
Objective value for Line heur k = 42: 11312359.33044781
48
Actual reward of current solution: 56160942.0554307
Minimum Difference with past solutions:0.0.
New solution equals old solution at k=42
47
Total Reward at the start of the inner iterations: 56160942.0554307
Gurobi status: 2

Statistics for model Linearization Heuristic :
  Linear constraint matrix    : 9147 Constrs, 5490 Vars, 2049391 NZs
  Matrix coefficient range    : [ 1.00025e-13, 1 ]
  Objective coefficient range : [ 4.38457e-21, 4.24275e+07 ]
  Variable bound range        : [ 0.05, 1 ]
  RHS coefficient range       : [ 7.97302e-08, 1 ]
Objective value for Line heur k = 43: 11137677.676381255
47
Actual reward of current solution: 56160942.0554307
Minimum Difference with past solutions:0.0.
New solution equals old solution at k=43
46
Total Reward at the start of the inner iterations: 56160942.0554307
Gurobi status: 2

Statistics for model Linearization Heuristic :
  Linear constraint matrix    : 8982 Constrs, 5400 Vars, 1977199 NZs
  Matrix coefficient range    : [ 1.00025e-13, 1 ]
  Objective coefficient range : [ 4.38457e-21, 4.24275e+07 ]
  Variable bound range        : [ 0.05, 1 ]
  RHS coefficient range       : [ 7.65152e-08, 1 ]
Objective value for Line heur k = 44: 10962417.313529216
46
Actual reward of current solution: 56160942.0554307
Minimum Difference with past solutions:0.0.
New solution equals old solution at k=44
45
Total Reward at the start of the inner iterations: 56160942.0554307
Gurobi status: 2

Statistics for model Linearization Heuristic :
  Linear constraint matrix    : 8817 Constrs, 5310 Vars, 1906242 NZs
  Matrix coefficient range    : [ 1.00025e-13, 1 ]
  Objective coefficient range : [ 4.38457e-21, 4.24275e+07 ]
  Variable bound range        : [ 0.05, 1 ]
  RHS coefficient range       : [ 7.33357e-08, 1 ]
Objective value for Line heur k = 45: 10786605.443912283
45
Actual reward of current solution: 56160942.0554307
Minimum Difference with past solutions:0.0.
New solution equals old solution at k=45
44
Total Reward at the start of the inner iterations: 56160942.0554307
Gurobi status: 2

Statistics for model Linearization Heuristic :
  Linear constraint matrix    : 8652 Constrs, 5220 Vars, 1836520 NZs
  Matrix coefficient range    : [ 1.00025e-13, 1 ]
  Objective coefficient range : [ 4.38457e-21, 4.24275e+07 ]
  Variable bound range        : [ 0.05, 1 ]
  RHS coefficient range       : [ 7.02093e-08, 1 ]
Objective value for Line heur k = 46: 10610268.26856392
44
Actual reward of current solution: 56160942.0554307
Minimum Difference with past solutions:0.0.
New solution equals old solution at k=46
43
Total Reward at the start of the inner iterations: 56160942.0554307
Gurobi status: 2

Statistics for model Linearization Heuristic :
  Linear constraint matrix    : 8487 Constrs, 5130 Vars, 1768033 NZs
  Matrix coefficient range    : [ 1.00025e-13, 1 ]
  Objective coefficient range : [ 4.38457e-21, 4.24275e+07 ]
  Variable bound range        : [ 0.05, 1 ]
  RHS coefficient range       : [ 6.71498e-08, 1 ]
Objective value for Line heur k = 47: 10433431.008386219
43
Actual reward of current solution: 56160942.0554307
Minimum Difference with past solutions:0.0.
New solution equals old solution at k=47
42
Total Reward at the start of the inner iterations: 56160942.0554307
Gurobi status: 2

Statistics for model Linearization Heuristic :
  Linear constraint matrix    : 8322 Constrs, 5040 Vars, 1700781 NZs
  Matrix coefficient range    : [ 1.00025e-13, 1 ]
  Objective coefficient range : [ 4.38457e-21, 4.24275e+07 ]
  Variable bound range        : [ 0.05, 1 ]
  RHS coefficient range       : [ 6.41679e-08, 1 ]
Objective value for Line heur k = 48: 10256117.922866853
42
Actual reward of current solution: 56160942.0554307
Minimum Difference with past solutions:0.0.
New solution equals old solution at k=48
41
Total Reward at the start of the inner iterations: 56160942.0554307
Gurobi status: 2

Statistics for model Linearization Heuristic :
  Linear constraint matrix    : 8157 Constrs, 4950 Vars, 1634764 NZs
  Matrix coefficient range    : [ 1.00025e-13, 1 ]
  Objective coefficient range : [ 4.38457e-21, 4.24275e+07 ]
  Variable bound range        : [ 0.05, 1 ]
  RHS coefficient range       : [ 6.12715e-08, 1 ]
Objective value for Line heur k = 49: 10078352.32862643
41
Actual reward of current solution: 56160942.0554307
Minimum Difference with past solutions:0.0.
New solution equals old solution at k=49
40
Total Reward at the start of the inner iterations: 56160942.0554307
Gurobi status: 2

Statistics for model Linearization Heuristic :
  Linear constraint matrix    : 7992 Constrs, 4860 Vars, 1569982 NZs
  Matrix coefficient range    : [ 1.00025e-13, 1 ]
  Objective coefficient range : [ 4.38457e-21, 4.24275e+07 ]
  Variable bound range        : [ 0.05, 1 ]
  RHS coefficient range       : [ 5.84666e-08, 1 ]
Objective value for Line heur k = 50: 9900156.618735291
40
Actual reward of current solution: 56160942.0554307
Minimum Difference with past solutions:0.0.
New solution equals old solution at k=50
39
Total Reward at the start of the inner iterations: 56160942.0554307
Gurobi status: 2

Statistics for model Linearization Heuristic :
  Linear constraint matrix    : 7827 Constrs, 4770 Vars, 1506435 NZs
  Matrix coefficient range    : [ 1.00025e-13, 1 ]
  Objective coefficient range : [ 4.38457e-21, 4.24275e+07 ]
  Variable bound range        : [ 0.05, 1 ]
  RHS coefficient range       : [ 5.5757e-08, 1 ]
Objective value for Line heur k = 51: 9721552.28317207
39
Actual reward of current solution: 56160942.0554307
Minimum Difference with past solutions:0.0.
New solution equals old solution at k=51
38
Total Reward at the start of the inner iterations: 56160942.0554307
Gurobi status: 2

Statistics for model Linearization Heuristic :
  Linear constraint matrix    : 7662 Constrs, 4680 Vars, 1444123 NZs
  Matrix coefficient range    : [ 1.00025e-13, 1 ]
  Objective coefficient range : [ 4.38457e-21, 4.24275e+07 ]
  Variable bound range        : [ 0.05, 1 ]
  RHS coefficient range       : [ 5.31453e-08, 1 ]
Objective value for Line heur k = 52: 9542559.930489969
38
Actual reward of current solution: 56160942.0554307
Minimum Difference with past solutions:0.0.
New solution equals old solution at k=52
37
Total Reward at the start of the inner iterations: 56160942.0554307
Gurobi status: 2

Statistics for model Linearization Heuristic :
  Linear constraint matrix    : 7497 Constrs, 4590 Vars, 1383046 NZs
  Matrix coefficient range    : [ 1.00025e-13, 1 ]
  Objective coefficient range : [ 4.38457e-21, 4.24275e+07 ]
  Variable bound range        : [ 0.05, 1 ]
  RHS coefficient range       : [ 5.06327e-08, 1 ]
Objective value for Line heur k = 53: 9363199.310599752
37
Actual reward of current solution: 56160942.0554307
Minimum Difference with past solutions:0.0.
New solution equals old solution at k=53
36
Total Reward at the start of the inner iterations: 56160942.0554307
Gurobi status: 2

Statistics for model Linearization Heuristic :
  Linear constraint matrix    : 7332 Constrs, 4500 Vars, 1323204 NZs
  Matrix coefficient range    : [ 1.00025e-13, 1 ]
  Objective coefficient range : [ 4.38457e-21, 4.24275e+07 ]
  Variable bound range        : [ 0.05, 1 ]
  RHS coefficient range       : [ 4.82194e-08, 1 ]
Objective value for Line heur k = 54: 9183489.33850392
36
Actual reward of current solution: 56160942.0554307
Minimum Difference with past solutions:0.0.
New solution equals old solution at k=54
35
Total Reward at the start of the inner iterations: 56160942.0554307
Gurobi status: 2

Statistics for model Linearization Heuristic :
  Linear constraint matrix    : 7167 Constrs, 4410 Vars, 1264597 NZs
  Matrix coefficient range    : [ 1.00025e-13, 1 ]
  Objective coefficient range : [ 4.38457e-21, 4.24275e+07 ]
  Variable bound range        : [ 0.05, 1 ]
  RHS coefficient range       : [ 4.59049e-08, 1 ]
Objective value for Line heur k = 55: 9003448.118788704
35
Actual reward of current solution: 56160942.0554307
Minimum Difference with past solutions:0.0.
New solution equals old solution at k=55
34
Total Reward at the start of the inner iterations: 56160942.0554307
Gurobi status: 2

Statistics for model Linearization Heuristic :
  Linear constraint matrix    : 7002 Constrs, 4320 Vars, 1207279 NZs
  Matrix coefficient range    : [ 1.00025e-13, 1 ]
  Objective coefficient range : [ 4.38457e-21, 4.24275e+07 ]
  Variable bound range        : [ 0.05, 1 ]
  RHS coefficient range       : [ 4.36879e-08, 0.290396 ]
Objective value for Line heur k = 56: 8823092.970676832
34
Actual reward of current solution: 56160942.0554307
Minimum Difference with past solutions:0.0.
New solution equals old solution at k=56
33
Total Reward at the start of the inner iterations: 56160942.0554307
Gurobi status: 2

Statistics for model Linearization Heuristic :
  Linear constraint matrix    : 6891 Constrs, 4230 Vars, 1151196 NZs
  Matrix coefficient range    : [ 1.00025e-13, 1 ]
  Objective coefficient range : [ 4.38457e-21, 4.24275e+07 ]
  Variable bound range        : [ 0.05, 1 ]
  RHS coefficient range       : [ 4.15666e-08, 1 ]
Objective value for Line heur k = 57: 8642440.453454116
33
Actual reward of current solution: 56160942.0554307
Minimum Difference with past solutions:0.0.
New solution equals old solution at k=57
32
Total Reward at the start of the inner iterations: 56160942.0554307
Gurobi status: 2

Statistics for model Linearization Heuristic :
  Linear constraint matrix    : 6726 Constrs, 4140 Vars, 1096294 NZs
  Matrix coefficient range    : [ 1.00025e-13, 1 ]
  Objective coefficient range : [ 4.38457e-21, 4.24275e+07 ]
  Variable bound range        : [ 0.05, 1 ]
  RHS coefficient range       : [ 3.95389e-08, 1 ]
Objective value for Line heur k = 58: 8461506.39209895
32
Actual reward of current solution: 56160942.0554307
Minimum Difference with past solutions:0.0.
New solution equals old solution at k=58
31
Total Reward at the start of the inner iterations: 56160942.0554307
Gurobi status: 2

Statistics for model Linearization Heuristic :
  Linear constraint matrix    : 6561 Constrs, 4050 Vars, 1042627 NZs
  Matrix coefficient range    : [ 1.00025e-13, 1 ]
  Objective coefficient range : [ 4.38457e-21, 4.24275e+07 ]
  Variable bound range        : [ 0.05, 1 ]
  RHS coefficient range       : [ 3.76023e-08, 1 ]
Objective value for Line heur k = 59: 8280305.902962097
31
Actual reward of current solution: 56160942.0554307
Minimum Difference with past solutions:0.0.
New solution equals old solution at k=59
30
Total Reward at the start of the inner iterations: 56160942.0554307
Gurobi status: 2

Statistics for model Linearization Heuristic :
  Linear constraint matrix    : 6396 Constrs, 3960 Vars, 990195 NZs
  Matrix coefficient range    : [ 1.00025e-13, 1 ]
  Objective coefficient range : [ 4.38457e-21, 4.24275e+07 ]
  Variable bound range        : [ 0.05, 1 ]
  RHS coefficient range       : [ 3.57541e-08, 1 ]
Objective value for Line heur k = 60: 8098853.4193631215
30
Actual reward of current solution: 56160942.0554307
Minimum Difference with past solutions:0.0.
New solution equals old solution at k=60
29
Total Reward at the start of the inner iterations: 56160942.0554307
Gurobi status: 2

Statistics for model Linearization Heuristic :
  Linear constraint matrix    : 6231 Constrs, 3870 Vars, 938998 NZs
  Matrix coefficient range    : [ 1.00025e-13, 1 ]
  Objective coefficient range : [ 4.38457e-21, 4.24275e+07 ]
  Variable bound range        : [ 0.05, 1 ]
  RHS coefficient range       : [ 3.39915e-08, 1 ]
Objective value for Line heur k = 61: 7917162.716987979
29
Actual reward of current solution: 56160942.0554307
Minimum Difference with past solutions:0.0.
New solution equals old solution at k=61
28
Total Reward at the start of the inner iterations: 56160942.0554307
Gurobi status: 2

Statistics for model Linearization Heuristic :
  Linear constraint matrix    : 6066 Constrs, 3780 Vars, 889036 NZs
  Matrix coefficient range    : [ 1.00025e-13, 1 ]
  Objective coefficient range : [ 4.38457e-21, 4.24275e+07 ]
  Variable bound range        : [ 0.05, 1 ]
  RHS coefficient range       : [ 3.23114e-08, 1 ]
Objective value for Line heur k = 62: 7735246.938989263
28
Actual reward of current solution: 56160942.0554307
Minimum Difference with past solutions:0.0.
New solution equals old solution at k=62
27
Total Reward at the start of the inner iterations: 56160942.0554307
Gurobi status: 2

Statistics for model Linearization Heuristic :
  Linear constraint matrix    : 5901 Constrs, 3690 Vars, 840309 NZs
  Matrix coefficient range    : [ 1.00025e-13, 1 ]
  Objective coefficient range : [ 4.38457e-21, 4.24275e+07 ]
  Variable bound range        : [ 0.05, 1 ]
  RHS coefficient range       : [ 3.07108e-08, 1 ]
Objective value for Line heur k = 63: 7553118.62070594
27
Actual reward of current solution: 56160942.0554307
Minimum Difference with past solutions:0.0.
New solution equals old solution at k=63
26
Total Reward at the start of the inner iterations: 56160942.0554307
Gurobi status: 2

Statistics for model Linearization Heuristic :
  Linear constraint matrix    : 5736 Constrs, 3600 Vars, 792818 NZs
  Matrix coefficient range    : [ 1.00025e-13, 1 ]
  Objective coefficient range : [ 4.38457e-21, 4.24275e+07 ]
  Variable bound range        : [ 0.05, 1 ]
  RHS coefficient range       : [ 2.91866e-08, 1 ]
Objective value for Line heur k = 64: 7370789.713933408
26
Actual reward of current solution: 56160942.0554307
Minimum Difference with past solutions:0.0.
New solution equals old solution at k=64
25
Total Reward at the start of the inner iterations: 56160942.0554307
Gurobi status: 2

Statistics for model Linearization Heuristic :
  Linear constraint matrix    : 5571 Constrs, 3510 Vars, 746562 NZs
  Matrix coefficient range    : [ 1.00025e-13, 1 ]
  Objective coefficient range : [ 4.38457e-21, 4.24275e+07 ]
  Variable bound range        : [ 0.05, 1 ]
  RHS coefficient range       : [ 2.77357e-08, 1 ]
Objective value for Line heur k = 65: 7188271.610687231
25
Actual reward of current solution: 56160942.0554307
Minimum Difference with past solutions:0.0.
New solution equals old solution at k=65
24
Total Reward at the start of the inner iterations: 56160942.0554307
Gurobi status: 2

Statistics for model Linearization Heuristic :
  Linear constraint matrix    : 5406 Constrs, 3420 Vars, 701541 NZs
  Matrix coefficient range    : [ 1.00025e-13, 1 ]
  Objective coefficient range : [ 4.38457e-21, 4.24275e+07 ]
  Variable bound range        : [ 0.05, 1 ]
  RHS coefficient range       : [ 2.63551e-08, 1 ]
Objective value for Line heur k = 66: 7005575.16641486
24
Actual reward of current solution: 56160942.0554307
Minimum Difference with past solutions:0.0.
New solution equals old solution at k=66
23
Total Reward at the start of the inner iterations: 56160942.0554307
Gurobi status: 2

Statistics for model Linearization Heuristic :
  Linear constraint matrix    : 5241 Constrs, 3330 Vars, 657755 NZs
  Matrix coefficient range    : [ 1.00025e-13, 1 ]
  Objective coefficient range : [ 4.38457e-21, 4.24275e+07 ]
  Variable bound range        : [ 0.05, 1 ]
  RHS coefficient range       : [ 2.50418e-08, 1 ]
Objective value for Line heur k = 67: 6822710.722619668
23
Actual reward of current solution: 56160942.0554307
Minimum Difference with past solutions:0.0.
New solution equals old solution at k=67
22
Total Reward at the start of the inner iterations: 56160942.0554307
Gurobi status: 2

Statistics for model Linearization Heuristic :
  Linear constraint matrix    : 5076 Constrs, 3240 Vars, 615204 NZs
  Matrix coefficient range    : [ 1.00025e-13, 1 ]
  Objective coefficient range : [ 4.38457e-21, 4.24275e+07 ]
  Variable bound range        : [ 0.05, 1 ]
  RHS coefficient range       : [ 2.37928e-08, 1 ]
Objective value for Line heur k = 68: 6639688.128870226
22
Actual reward of current solution: 56160942.0554307
Minimum Difference with past solutions:0.0.
New solution equals old solution at k=68
21
Total Reward at the start of the inner iterations: 56160942.0554307
Gurobi status: 2

Statistics for model Linearization Heuristic :
  Linear constraint matrix    : 4911 Constrs, 3150 Vars, 573888 NZs
  Matrix coefficient range    : [ 1.00025e-13, 1 ]
  Objective coefficient range : [ 4.38457e-21, 4.24275e+07 ]
  Variable bound range        : [ 0.05, 1 ]
  RHS coefficient range       : [ 2.26052e-08, 1 ]
Objective value for Line heur k = 69: 6456516.764175732
21
Actual reward of current solution: 56160942.0554307
Minimum Difference with past solutions:0.0.
New solution equals old solution at k=69
20
Total Reward at the start of the inner iterations: 56160942.0554307
Gurobi status: 2

Statistics for model Linearization Heuristic :
  Linear constraint matrix    : 4746 Constrs, 3060 Vars, 533861 NZs
  Matrix coefficient range    : [ 1.00025e-13, 1 ]
  Objective coefficient range : [ 4.38457e-21, 4.24275e+07 ]
  Variable bound range        : [ 0.05, 1 ]
  RHS coefficient range       : [ 2.14763e-08, 0.289938 ]
Objective value for Line heur k = 70: 6273205.557715813
20
Actual reward of current solution: 56160942.0554307
Minimum Difference with past solutions:0.0.
New solution equals old solution at k=70
19
Total Reward at the start of the inner iterations: 56160942.0554307
Gurobi status: 2

Statistics for model Linearization Heuristic :
  Linear constraint matrix    : 4635 Constrs, 2970 Vars, 495070 NZs
  Matrix coefficient range    : [ 1.00025e-13, 1 ]
  Objective coefficient range : [ 4.38457e-21, 4.24275e+07 ]
  Variable bound range        : [ 0.05, 1 ]
  RHS coefficient range       : [ 2.04033e-08, 1 ]
Objective value for Line heur k = 71: 6089763.008919795
19
Actual reward of current solution: 56160942.0554307
Minimum Difference with past solutions:0.0.
New solution equals old solution at k=71
18
Total Reward at the start of the inner iterations: 56160942.0554307
Gurobi status: 2

Statistics for model Linearization Heuristic :
  Linear constraint matrix    : 4470 Constrs, 2880 Vars, 457460 NZs
  Matrix coefficient range    : [ 1.00025e-13, 1 ]
  Objective coefficient range : [ 4.38457e-21, 4.24275e+07 ]
  Variable bound range        : [ 0.05, 1 ]
  RHS coefficient range       : [ 1.93835e-08, 1 ]
Objective value for Line heur k = 72: 5906197.206897927
18
Actual reward of current solution: 56160942.0554307
Minimum Difference with past solutions:0.0.
New solution equals old solution at k=72
17
Total Reward at the start of the inner iterations: 56160942.0554307
Gurobi status: 2

Statistics for model Linearization Heuristic :
  Linear constraint matrix    : 4305 Constrs, 2790 Vars, 421085 NZs
  Matrix coefficient range    : [ 1.00025e-13, 1 ]
  Objective coefficient range : [ 4.38457e-21, 4.24275e+07 ]
  Variable bound range        : [ 0.05, 1 ]
  RHS coefficient range       : [ 1.84146e-08, 1 ]
Objective value for Line heur k = 73: 5722515.8492354425
17
Actual reward of current solution: 56160942.0554307
Minimum Difference with past solutions:0.0.
New solution equals old solution at k=73
16
Total Reward at the start of the inner iterations: 56160942.0554307
Gurobi status: 2

Statistics for model Linearization Heuristic :
  Linear constraint matrix    : 4140 Constrs, 2700 Vars, 385945 NZs
  Matrix coefficient range    : [ 1.00025e-13, 1 ]
  Objective coefficient range : [ 4.38457e-21, 4.24275e+07 ]
  Variable bound range        : [ 0.05, 1 ]
  RHS coefficient range       : [ 1.7494e-08, 1 ]
Objective value for Line heur k = 74: 5538726.26017111
16
Actual reward of current solution: 56160942.0554307
Minimum Difference with past solutions:0.0.
New solution equals old solution at k=74
15
Total Reward at the start of the inner iterations: 56160942.0554307
Gurobi status: 2

Statistics for model Linearization Heuristic :
  Linear constraint matrix    : 3975 Constrs, 2610 Vars, 352041 NZs
  Matrix coefficient range    : [ 1.00025e-13, 1 ]
  Objective coefficient range : [ 4.38457e-21, 4.24275e+07 ]
  Variable bound range        : [ 0.05, 1 ]
  RHS coefficient range       : [ 1.66194e-08, 1 ]
Objective value for Line heur k = 75: 5354835.408198025
15
Actual reward of current solution: 56160942.0554307
Minimum Difference with past solutions:0.0.
New solution equals old solution at k=75
14
Total Reward at the start of the inner iterations: 56160942.0554307
Gurobi status: 2

Statistics for model Linearization Heuristic :
  Linear constraint matrix    : 3810 Constrs, 2520 Vars, 319372 NZs
  Matrix coefficient range    : [ 1.00025e-13, 1 ]
  Objective coefficient range : [ 4.38457e-21, 4.24275e+07 ]
  Variable bound range        : [ 0.05, 1 ]
  RHS coefficient range       : [ 1.29529e-08, 1 ]
Objective value for Line heur k = 76: 5170849.923149112
14
Actual reward of current solution: 56160942.0554307
Minimum Difference with past solutions:0.0.
New solution equals old solution at k=76
13
Total Reward at the start of the inner iterations: 56160942.0554307
Gurobi status: 2

Statistics for model Linearization Heuristic :
  Linear constraint matrix    : 3645 Constrs, 2430 Vars, 287938 NZs
  Matrix coefficient range    : [ 1.00025e-13, 1 ]
  Objective coefficient range : [ 4.38457e-21, 4.24275e+07 ]
  Variable bound range        : [ 0.05, 1 ]
  RHS coefficient range       : [ 2.49385e-09, 1 ]
Objective value for Line heur k = 77: 4986776.112870589
13
Actual reward of current solution: 56160942.0554307
Minimum Difference with past solutions:0.0.
New solution equals old solution at k=77
12
Total Reward at the start of the inner iterations: 56160942.0554307
Gurobi status: 2

Statistics for model Linearization Heuristic :
  Linear constraint matrix    : 3480 Constrs, 2340 Vars, 257739 NZs
  Matrix coefficient range    : [ 1.00025e-13, 1 ]
  Objective coefficient range : [ 4.38457e-21, 4.24275e+07 ]
  Variable bound range        : [ 0.05, 1 ]
  RHS coefficient range       : [ 2.84304e-09, 1 ]
Objective value for Line heur k = 78: 4802619.979655356
12
Actual reward of current solution: 56160942.0554307
Minimum Difference with past solutions:0.0.
New solution equals old solution at k=78
11
Total Reward at the start of the inner iterations: 56160942.0554307
Gurobi status: 2

Statistics for model Linearization Heuristic :
  Linear constraint matrix    : 3315 Constrs, 2250 Vars, 228775 NZs
  Matrix coefficient range    : [ 1.00025e-13, 1 ]
  Objective coefficient range : [ 4.38457e-21, 4.24275e+07 ]
  Variable bound range        : [ 0.05, 1 ]
  RHS coefficient range       : [ 1.04714e-12, 1 ]
Objective value for Line heur k = 79: 4618387.236726194
11
Actual reward of current solution: 56160942.0554307
Minimum Difference with past solutions:0.0.
New solution equals old solution at k=79
10
Total Reward at the start of the inner iterations: 56160942.0554307
Gurobi status: 2

Statistics for model Linearization Heuristic :
  Linear constraint matrix    : 3150 Constrs, 2160 Vars, 201046 NZs
  Matrix coefficient range    : [ 1.00025e-13, 1 ]
  Objective coefficient range : [ 4.38457e-21, 4.24275e+07 ]
  Variable bound range        : [ 0.05, 1 ]
  RHS coefficient range       : [ 3.79872e-09, 1 ]
Objective value for Line heur k = 80: 4434083.325260968
10
Actual reward of current solution: 56160942.0554307
Minimum Difference with past solutions:0.0.
New solution equals old solution at k=80
9
Total Reward at the start of the inner iterations: 56160942.0554307
Gurobi status: 2

Statistics for model Linearization Heuristic :
  Linear constraint matrix    : 2985 Constrs, 2070 Vars, 174552 NZs
  Matrix coefficient range    : [ 1.00025e-13, 1 ]
  Objective coefficient range : [ 4.38457e-21, 4.24275e+07 ]
  Variable bound range        : [ 0.05, 1 ]
  RHS coefficient range       : [ 7.99824e-09, 1 ]
Objective value for Line heur k = 81: 4249713.432801889
9
Actual reward of current solution: 56160942.0554307
Minimum Difference with past solutions:0.0.
New solution equals old solution at k=81
8
Total Reward at the start of the inner iterations: 56160942.0554307
Gurobi status: 2

Statistics for model Linearization Heuristic :
  Linear constraint matrix    : 2820 Constrs, 1980 Vars, 149294 NZs
  Matrix coefficient range    : [ 1.00025e-13, 1 ]
  Objective coefficient range : [ 4.38457e-21, 4.24275e+07 ]
  Variable bound range        : [ 0.05, 1 ]
  RHS coefficient range       : [ 1.22099e-08, 1 ]
Objective value for Line heur k = 82: 4065282.5144963805
8
Actual reward of current solution: 56160942.0554307
Minimum Difference with past solutions:0.0.
New solution equals old solution at k=82
7
Total Reward at the start of the inner iterations: 56160942.0554307
Gurobi status: 2

Statistics for model Linearization Heuristic :
  Linear constraint matrix    : 2655 Constrs, 1890 Vars, 125271 NZs
  Matrix coefficient range    : [ 1.00025e-13, 1 ]
  Objective coefficient range : [ 4.38457e-21, 4.24275e+07 ]
  Variable bound range        : [ 0.05, 1 ]
  RHS coefficient range       : [ 1.64425e-08, 1 ]
Objective value for Line heur k = 83: 3880795.3196643954
7
Actual reward of current solution: 56160942.0554307
Minimum Difference with past solutions:0.0.
New solution equals old solution at k=83
6
Total Reward at the start of the inner iterations: 56160942.0554307
Gurobi status: 2

Statistics for model Linearization Heuristic :
  Linear constraint matrix    : 2490 Constrs, 1800 Vars, 102538 NZs
  Matrix coefficient range    : [ 1.00025e-13, 1 ]
  Objective coefficient range : [ 4.38457e-21, 4.24275e+07 ]
  Variable bound range        : [ 0.05, 1 ]
  RHS coefficient range       : [ 2.07114e-08, 0.289677 ]
Objective value for Line heur k = 84: 3696256.4280014355
6
Actual reward of current solution: 56160942.0554307
Minimum Difference with past solutions:0.0.
New solution equals old solution at k=84
5
Total Reward at the start of the inner iterations: 56160942.0554307
Gurobi status: 2

Statistics for model Linearization Heuristic :
  Linear constraint matrix    : 2379 Constrs, 1710 Vars, 81040 NZs
  Matrix coefficient range    : [ 1.00025e-13, 1 ]
  Objective coefficient range : [ 4.38457e-21, 4.24275e+07 ]
  Variable bound range        : [ 0.05, 1 ]
  RHS coefficient range       : [ 2.50431e-08, 1 ]
Objective value for Line heur k = 85: 3511670.302868236
5
Actual reward of current solution: 56160942.0554307
Minimum Difference with past solutions:0.0.
New solution equals old solution at k=85
4
Total Reward at the start of the inner iterations: 56160942.0554307
Gurobi status: 2

Statistics for model Linearization Heuristic :
  Linear constraint matrix    : 2214 Constrs, 1620 Vars, 60728 NZs
  Matrix coefficient range    : [ 1.00025e-13, 1 ]
  Objective coefficient range : [ 4.38457e-21, 4.24275e+07 ]
  Variable bound range        : [ 0.05, 1 ]
  RHS coefficient range       : [ 2.94837e-08, 1 ]
Objective value for Line heur k = 86: 3327041.3745588562
4
Actual reward of current solution: 56160942.0554307
Minimum Difference with past solutions:0.0.
New solution equals old solution at k=86
3
Total Reward at the start of the inner iterations: 56160942.0554307
Gurobi status: 2

Statistics for model Linearization Heuristic :
  Linear constraint matrix    : 2049 Constrs, 1530 Vars, 41665 NZs
  Matrix coefficient range    : [ 1.00025e-13, 1 ]
  Objective coefficient range : [ 4.38457e-21, 4.24275e+07 ]
  Variable bound range        : [ 0.05, 1 ]
  RHS coefficient range       : [ 3.41128e-08, 1 ]
Objective value for Line heur k = 87: 3142374.175861517
3
Actual reward of current solution: 56160942.0554307
Minimum Difference with past solutions:0.0.
New solution equals old solution at k=87
2
Total Reward at the start of the inner iterations: 56160942.0554307
Gurobi status: 2

Statistics for model Linearization Heuristic :
  Linear constraint matrix    : 1884 Constrs, 1440 Vars, 23931 NZs
  Matrix coefficient range    : [ 2.37126e-13, 1 ]
  Objective coefficient range : [ 7.72701e-21, 4.24275e+07 ]
  Variable bound range        : [ 0.05, 1 ]
  RHS coefficient range       : [ 3.90685e-08, 1 ]
Objective value for Line heur k = 88: 2957673.5685440977
2
Actual reward of current solution: 56160942.0554307
Minimum Difference with past solutions:0.0.
New solution equals old solution at k=88
1
Total Reward at the start of the inner iterations: 56160942.0554307
Gurobi status: 2

Statistics for model Linearization Heuristic :
  Linear constraint matrix    : 1719 Constrs, 1350 Vars, 11838 NZs
  Matrix coefficient range    : [ 2.7934e-13, 1 ]
  Objective coefficient range : [ 3.46945e-18, 4.24275e+07 ]
  Variable bound range        : [ 0.05, 1 ]
  RHS coefficient range       : [ 4.45896e-08, 1 ]
Objective value for Line heur k = 89: 2772945.127653265
1
Actual reward of current solution: 56160942.0554307
Minimum Difference with past solutions:0.0.
New solution equals old solution at k=89
0
Total Reward at the start of the inner iterations: 56160942.0554307
Gurobi status: 2

Statistics for model Linearization Heuristic :
  Linear constraint matrix    : 1554 Constrs, 1260 Vars, 2709 NZs
  Matrix coefficient range    : [ 0.288979, 1 ]
  Objective coefficient range : [ 3.46945e-18, 4.24275e+07 ]
  Variable bound range        : [ 0.05, 1 ]
  RHS coefficient range       : [ 5.10902e-08, 0.289606 ]
Objective value for Line heur k = 90: 2588195.7994479383
0
Actual reward of current solution: 56160942.0554307
Minimum Difference with past solutions:0.0.
New solution equals old solution at k=90
0
Total Reward at the start of the inner iterations: 56160942.0554307
Gurobi status: 2

Statistics for model Linearization Heuristic :
  Linear constraint matrix    : 1443 Constrs, 1170 Vars, 2457 NZs
  Matrix coefficient range    : [ 0.317935, 1 ]
  Objective coefficient range : [ 3.46945e-18, 4.24275e+07 ]
  Variable bound range        : [ 0.05, 1 ]
  RHS coefficient range       : [ 5.10902e-08, 0.289606 ]
Objective value for Line heur k = 91: 2403324.6128319222
0
Actual reward of current solution: 56160942.0554307
Minimum Difference with past solutions:0.0.
New solution equals old solution at k=91
0
Total Reward at the start of the inner iterations: 56160942.0554307
Gurobi status: 2

Statistics for model Linearization Heuristic :
  Linear constraint matrix    : 1332 Constrs, 1080 Vars, 2214 NZs
  Matrix coefficient range    : [ 0.349792, 1 ]
  Objective coefficient range : [ 3.46945e-18, 4.24275e+07 ]
  Variable bound range        : [ 0.05, 1 ]
  RHS coefficient range       : [ 5.10902e-08, 0.289606 ]
Objective value for Line heur k = 92: 2218453.4395172927
0
Actual reward of current solution: 56160942.0554307
Minimum Difference with past solutions:0.0.
New solution equals old solution at k=92
0
Total Reward at the start of the inner iterations: 56160942.0554307
Gurobi status: 2

Statistics for model Linearization Heuristic :
  Linear constraint matrix    : 1221 Constrs, 990 Vars, 1980 NZs
  Matrix coefficient range    : [ 0.384842, 1 ]
  Objective coefficient range : [ 3.46945e-18, 4.24275e+07 ]
  Variable bound range        : [ 0.05, 1 ]
  RHS coefficient range       : [ 5.10902e-08, 0.289606 ]
Objective value for Line heur k = 93: 2033582.278855567
0
Actual reward of current solution: 56160942.0554307
Minimum Difference with past solutions:0.0.
New solution equals old solution at k=93
0
Total Reward at the start of the inner iterations: 56160942.0554307
Gurobi status: 2

Statistics for model Linearization Heuristic :
  Linear constraint matrix    : 1110 Constrs, 900 Vars, 1755 NZs
  Matrix coefficient range    : [ 0.423403, 1 ]
  Objective coefficient range : [ 3.46945e-18, 4.24275e+07 ]
  Variable bound range        : [ 0.05, 1 ]
  RHS coefficient range       : [ 5.10902e-08, 0.289606 ]
Objective value for Line heur k = 94: 1848711.1296911559
0
Actual reward of current solution: 56160942.0554307
Minimum Difference with past solutions:0.0.
New solution equals old solution at k=94
0
Total Reward at the start of the inner iterations: 56160942.0554307
Gurobi status: 2

Statistics for model Linearization Heuristic :
  Linear constraint matrix    : 999 Constrs, 810 Vars, 1539 NZs
  Matrix coefficient range    : [ 0.465828, 1 ]
  Objective coefficient range : [ 3.46945e-18, 4.24275e+07 ]
  Variable bound range        : [ 0.05, 1 ]
  RHS coefficient range       : [ 5.10902e-08, 0.289606 ]
Objective value for Line heur k = 95: 1663839.9906554634
0
Actual reward of current solution: 56160942.0554307
Minimum Difference with past solutions:0.0.
New solution equals old solution at k=95
0
Total Reward at the start of the inner iterations: 56160942.0554307
Gurobi status: 2

Statistics for model Linearization Heuristic :
  Linear constraint matrix    : 888 Constrs, 720 Vars, 1332 NZs
  Matrix coefficient range    : [ 0.512504, 1 ]
  Objective coefficient range : [ 3.46945e-18, 4.24275e+07 ]
  Variable bound range        : [ 0.05, 1 ]
  RHS coefficient range       : [ 5.10902e-08, 0.289606 ]
Objective value for Line heur k = 96: 1478968.8603456148
0
Actual reward of current solution: 56160942.0554307
Minimum Difference with past solutions:0.0.
New solution equals old solution at k=96
0
Total Reward at the start of the inner iterations: 56160942.0554307
Gurobi status: 2

Statistics for model Linearization Heuristic :
  Linear constraint matrix    : 777 Constrs, 630 Vars, 1134 NZs
  Matrix coefficient range    : [ 0.563857, 1 ]
  Objective coefficient range : [ 3.46945e-18, 4.24275e+07 ]
  Variable bound range        : [ 0.05, 1 ]
  RHS coefficient range       : [ 5.10902e-08, 0.289606 ]
Objective value for Line heur k = 97: 1294097.7374271208
0
Actual reward of current solution: 56160942.0554307
Minimum Difference with past solutions:0.0.
New solution equals old solution at k=97
0
Total Reward at the start of the inner iterations: 56160942.0554307
Gurobi status: 2

Statistics for model Linearization Heuristic :
  Linear constraint matrix    : 666 Constrs, 540 Vars, 945 NZs
  Matrix coefficient range    : [ 0.620356, 1 ]
  Objective coefficient range : [ 3.46945e-18, 4.24275e+07 ]
  Variable bound range        : [ 0.05, 1 ]
  RHS coefficient range       : [ 5.10902e-08, 0.289606 ]
Objective value for Line heur k = 98: 1109226.6206873702
0
Actual reward of current solution: 56160942.0554307
Minimum Difference with past solutions:0.0.
New solution equals old solution at k=98
0
Total Reward at the start of the inner iterations: 56160942.0554307
Gurobi status: 2

Statistics for model Linearization Heuristic :
  Linear constraint matrix    : 555 Constrs, 450 Vars, 765 NZs
  Matrix coefficient range    : [ 0.682516, 1 ]
  Objective coefficient range : [ 3.46945e-18, 4.24275e+07 ]
  Variable bound range        : [ 0.05, 1 ]
  RHS coefficient range       : [ 5.10902e-08, 0.289606 ]
Objective value for Line heur k = 99: 924355.5090581042
0
Actual reward of current solution: 56160942.0554307
Minimum Difference with past solutions:0.0.
New solution equals old solution at k=99
0
Total Reward at the start of the inner iterations: 56160942.0554307
Gurobi status: 2

Statistics for model Linearization Heuristic :
  Linear constraint matrix    : 444 Constrs, 360 Vars, 594 NZs
  Matrix coefficient range    : [ 0.750904, 1 ]
  Objective coefficient range : [ 3.46945e-18, 4.24275e+07 ]
  Variable bound range        : [ 0.05, 1 ]
  RHS coefficient range       : [ 5.10902e-08, 0.289606 ]
Objective value for Line heur k = 100: 739484.4016190207
0
Actual reward of current solution: 56160942.0554307
Minimum Difference with past solutions:0.0.
New solution equals old solution at k=100
0
Total Reward at the start of the inner iterations: 56160942.0554307
Gurobi status: 2

Statistics for model Linearization Heuristic :
  Linear constraint matrix    : 333 Constrs, 270 Vars, 432 NZs
  Matrix coefficient range    : [ 0.826145, 1 ]
  Objective coefficient range : [ 3.46945e-18, 4.24275e+07 ]
  Variable bound range        : [ 0.05, 1 ]
  RHS coefficient range       : [ 5.10902e-08, 0.289606 ]
Objective value for Line heur k = 101: 554613.2975905583
0
Actual reward of current solution: 56160942.0554307
Minimum Difference with past solutions:0.0.
New solution equals old solution at k=101
0
Total Reward at the start of the inner iterations: 56160942.0554307
Gurobi status: 2

Statistics for model Linearization Heuristic :
  Linear constraint matrix    : 222 Constrs, 180 Vars, 279 NZs
  Matrix coefficient range    : [ 0.908925, 1 ]
  Objective coefficient range : [ 0.000129804, 4.24275e+07 ]
  Variable bound range        : [ 0.05, 1 ]
  RHS coefficient range       : [ 5.10902e-08, 0.289606 ]
Objective value for Line heur k = 102: 369742.19632105425
0
Actual reward of current solution: 56160942.0554307
Minimum Difference with past solutions:0.0.
New solution equals old solution at k=102
0
Total Reward at the start of the inner iterations: 56160942.0554307
Gurobi status: 2

Statistics for model Linearization Heuristic :
  Linear constraint matrix    : 111 Constrs, 90 Vars, 135 NZs
  Matrix coefficient range    : [ 1, 1 ]
  Objective coefficient range : [ 924.507, 4.24275e+07 ]
  Variable bound range        : [ 0.05, 1 ]
  RHS coefficient range       : [ 5.10902e-08, 0.289606 ]
Objective value for Line heur k = 103: 184871.097271513
0
Actual reward of current solution: 56160942.0554307
Minimum Difference with past solutions:0.0.
New solution equals old solution at k=103
Total running time for 90 days is 1120.5297231674194
Economic Value: 60338733.85769887
Deaths 0.11114327430979933
Total Reward 56160942.0554307
