{'groups': 'all', 'params_to_try': {'delta_schooling': [0.5], 'xi': [0, 371990.3, 929975.75, 1859951.5, 3719903, 5579854.5], 'icus': [2900], 'tests': [[60000, 0]], 'testing': ['homogeneous'], 'eta': [0.1]}}
{'groups': 'all', 'params_to_try': {'delta_schooling': [0.5], 'xi': [0, 371990.3, 929975.75, 1859951.5, 3719903, 5579854.5], 'icus': [2900], 'tests': [[60000, 0]], 'testing': ['homogeneous'], 'eta': [0.1]}}
{'groups': 'all', 'params_to_try': {'delta_schooling': [0.6068027891459296], 'icus': [2900], 'eta': [0.016218132924776897], 'tests': [[0, 0]], 'xi': [26039321.0], 'testing': ['homogeneous']}}
results/time_gradient/xi-26039321_icus-2900_testing-homogeneous_natests-0_nmtests-0_T-90_startday-0_groups-all_dschool-0.606803_eta-0.016218_freq-90-14_initParamVarying-multiplier_beta_randomInstance-89.yaml
{'groups': 'all', 'params_to_try': {'delta_schooling': [0.5], 'xi': [0, 371990.3, 929975.75, 1859951.5, 3719903, 5579854.5], 'icus': [2900], 'tests': [[60000, 0]], 'testing': ['homogeneous'], 'eta': [0.1]}}
{'groups': 'all', 'params_to_try': {'delta_schooling': [0.5], 'xi': [0, 371990.3, 929975.75, 1859951.5, 3719903, 5579854.5], 'icus': [2900], 'tests': [[60000, 0]], 'testing': ['homogeneous'], 'eta': [0.1]}}
{'groups': 'all', 'params_to_try': {'delta_schooling': [0.6068027891459296], 'icus': [2900], 'eta': [0.016218132924776897], 'tests': [[0, 0]], 'xi': [26039321.0], 'testing': ['homogeneous']}}
results/dynamic_gradient/xi-26039321_icus-2900_testing-homogeneous_natests-0_nmtests-0_T-90_startday-0_groups-all_dschool-0.606803_eta-0.016218_freq-90-14_initParamVarying-multiplier_beta_randomInstance-89.yaml
500
(0.5, 260393210.0, 0.29, 0.0, (7, 14), 'fitted-scaled', 'econ-scaled', 'oct21-scaled', 0.1, 0.05, 2, 'dynamic_gradient', 89, 'multiplier_beta')
The value of T is: 104
Missing starting point -- Running the initial heuristic.
/home/groups/daniancu/covid-optimization/covid-optimization
90
Total Reward at the start of the inner iterations: 31007062.083115917
Using license file /share/software/user/restricted/gurobi/9.0.3_py36/licenses/gurobi.lic
Set parameter TokenServer to value license4.stanford.edu
Gurobi status: 2

Statistics for model Linearization Heuristic :
  Linear constraint matrix    : 16026 Constrs, 9360 Vars, 4782335 NZs
  Matrix coefficient range    : [ 1.00006e-13, 1 ]
  Objective coefficient range : [ 8.26477e-23, 2.65622e+08 ]
  Variable bound range        : [ 0.047368, 1 ]
  RHS coefficient range       : [ 3.71076e-08, 0.290399 ]
Objective value for Line heur k = 0: 1939704.3418607477
90
Actual reward of current solution: 30378758.596107803
Minimum Difference with past solutions:0.050000000000000044.
Gurobi status: 2

Statistics for model Linearization Heuristic :
  Linear constraint matrix    : 16026 Constrs, 9360 Vars, 6318405 NZs
  Matrix coefficient range    : [ 1.00013e-13, 1 ]
  Objective coefficient range : [ 2.05153e-23, 2.65622e+08 ]
  Variable bound range        : [ 0.00692545, 1 ]
  RHS coefficient range       : [ 3.92136e-08, 0.290732 ]
Objective value for Line heur k = 0: 1445877.5120534853
90
Actual reward of current solution: 31013208.64450718
Minimum Difference with past solutions:0.050000000000000044.
Gurobi status: 2

Statistics for model Linearization Heuristic :
  Linear constraint matrix    : 16026 Constrs, 9360 Vars, 4998743 NZs
  Matrix coefficient range    : [ 1.00012e-13, 1 ]
  Objective coefficient range : [ 4.04833e-22, 2.65622e+08 ]
  Variable bound range        : [ 0.047368, 1 ]
  RHS coefficient range       : [ 4.39322e-08, 0.290519 ]
Objective value for Line heur k = 0: 1918492.1958129373
90
Actual reward of current solution: 30383237.403460413
Minimum Difference with past solutions:0.050000000000000044.
Gurobi status: 2

Statistics for model Linearization Heuristic :
  Linear constraint matrix    : 16026 Constrs, 9360 Vars, 6318919 NZs
  Matrix coefficient range    : [ 1.00012e-13, 1 ]
  Objective coefficient range : [ 2.80007e-22, 2.65622e+08 ]
  Variable bound range        : [ 0.05, 1 ]
  RHS coefficient range       : [ 4.49486e-08, 0.290842 ]
Objective value for Line heur k = 0: 1429876.4254209076
90
Actual reward of current solution: 31024040.760862052
Minimum Difference with past solutions:0.050000000000000044.
Gurobi status: 2

Statistics for model Linearization Heuristic :
  Linear constraint matrix    : 16026 Constrs, 9360 Vars, 4999257 NZs
  Matrix coefficient range    : [ 1.00035e-13, 1 ]
  Objective coefficient range : [ 3.34416e-22, 2.65622e+08 ]
  Variable bound range        : [ 0.047368, 1 ]
  RHS coefficient range       : [ 2.34259e-08, 0.290601 ]
Objective value for Line heur k = 0: 1921372.4595999995
90
Actual reward of current solution: 30389918.160811227
Minimum Difference with past solutions:0.050000000000000044.
Gurobi status: 2

Statistics for model Linearization Heuristic :
  Linear constraint matrix    : 16026 Constrs, 9360 Vars, 6319269 NZs
  Matrix coefficient range    : [ 1.0006e-13, 1 ]
  Objective coefficient range : [ 6.54576e-22, 2.65622e+08 ]
  Variable bound range        : [ 0.05, 1 ]
  RHS coefficient range       : [ 5.01128e-08, 0.290942 ]
Objective value for Line heur k = 0: 1419443.6458641163
90
Actual reward of current solution: 31035436.818597306
Minimum Difference with past solutions:0.050000000000000044.
Gurobi status: 2

Statistics for model Linearization Heuristic :
  Linear constraint matrix    : 16026 Constrs, 9360 Vars, 4999659 NZs
  Matrix coefficient range    : [ 1.00013e-13, 1 ]
  Objective coefficient range : [ 1.75658e-22, 2.65622e+08 ]
  Variable bound range        : [ 0.047368, 1 ]
  RHS coefficient range       : [ 5.72141e-09, 0.290681 ]
Objective value for Line heur k = 0: 1925798.3702303017
90
Actual reward of current solution: 30397332.642814223
Minimum Difference with past solutions:0.050000000000000044.
Gurobi status: 2

Statistics for model Linearization Heuristic :
  Linear constraint matrix    : 16026 Constrs, 9360 Vars, 6319548 NZs
  Matrix coefficient range    : [ 1.00074e-13, 1 ]
  Objective coefficient range : [ 2.04958e-22, 2.65622e+08 ]
  Variable bound range        : [ 0.05, 1 ]
  RHS coefficient range       : [ 5.48947e-08, 0.291039 ]
Objective value for Line heur k = 0: 1410447.1308005971
90
Actual reward of current solution: 31047002.950012695
Minimum Difference with past solutions:0.050000000000000044.
Gurobi status: 2

Statistics for model Linearization Heuristic :
  Linear constraint matrix    : 16026 Constrs, 9360 Vars, 4999955 NZs
  Matrix coefficient range    : [ 1.00005e-13, 1 ]
  Objective coefficient range : [ 2.422e-22, 2.65622e+08 ]
  Variable bound range        : [ 0.047368, 1 ]
  RHS coefficient range       : [ 9.89928e-09, 0.29076 ]
Objective value for Line heur k = 0: 1930324.8581551993
90
Actual reward of current solution: 30405034.19946293
Minimum Difference with past solutions:0.050000000000000044.
Gurobi status: 2

Statistics for model Linearization Heuristic :
  Linear constraint matrix    : 16026 Constrs, 9360 Vars, 6319795 NZs
  Matrix coefficient range    : [ 1.00006e-13, 1 ]
  Objective coefficient range : [ 4.36007e-23, 2.65622e+08 ]
  Variable bound range        : [ 0.05, 1 ]
  RHS coefficient range       : [ 5.93957e-08, 0.291139 ]
Objective value for Line heur k = 0: 1401484.268866245
90
Actual reward of current solution: 31058577.727964565
Minimum Difference with past solutions:0.050000000000000044.
Gurobi status: 2

Statistics for model Linearization Heuristic :
  Linear constraint matrix    : 16026 Constrs, 9360 Vars, 5000213 NZs
  Matrix coefficient range    : [ 1.00001e-13, 1 ]
  Objective coefficient range : [ 2.63666e-22, 2.65622e+08 ]
  Variable bound range        : [ 0.047368, 1 ]
  RHS coefficient range       : [ 1.57876e-08, 0.290841 ]
Objective value for Line heur k = 0: 1934332.6804655131
90
Actual reward of current solution: 30412808.78757364
Minimum Difference with past solutions:0.050000000000000044.
Gurobi status: 2

Statistics for model Linearization Heuristic :
  Linear constraint matrix    : 16026 Constrs, 9360 Vars, 6320013 NZs
  Matrix coefficient range    : [ 1.00022e-13, 1 ]
  Objective coefficient range : [ 7.78332e-22, 2.65622e+08 ]
  Variable bound range        : [ 0.05, 1 ]
  RHS coefficient range       : [ 6.36777e-08, 0.291241 ]
Objective value for Line heur k = 0: 1391855.1668587595
90
Actual reward of current solution: 31070073.12542477
Minimum Difference with past solutions:0.050000000000000044.
Gurobi status: 2

Statistics for model Linearization Heuristic :
  Linear constraint matrix    : 16026 Constrs, 9360 Vars, 5000434 NZs
  Matrix coefficient range    : [ 1.00006e-13, 1 ]
  Objective coefficient range : [ 3.27346e-22, 2.65622e+08 ]
  Variable bound range        : [ 0.047368, 1 ]
  RHS coefficient range       : [ 6.46943e-09, 0.290925 ]
Objective value for Line heur k = 0: 1936837.6682398135
90
Actual reward of current solution: 30420420.534219556
Minimum Difference with past solutions:0.050000000000000044.
Gurobi status: 2

Statistics for model Linearization Heuristic :
  Linear constraint matrix    : 16026 Constrs, 9360 Vars, 6320182 NZs
  Matrix coefficient range    : [ 1.00056e-13, 1 ]
  Objective coefficient range : [ 2.41146e-22, 2.65622e+08 ]
  Variable bound range        : [ 0.05, 1 ]
  RHS coefficient range       : [ 6.77823e-08, 0.291345 ]
Objective value for Line heur k = 0: 1380134.3759003407
90
Actual reward of current solution: 31081071.418502763
Minimum Difference with past solutions:0.050000000000000044.
Gurobi status: 2

Statistics for model Linearization Heuristic :
  Linear constraint matrix    : 16026 Constrs, 9360 Vars, 5000619 NZs
  Matrix coefficient range    : [ 1.00037e-13, 1 ]
  Objective coefficient range : [ 1.28413e-22, 2.65622e+08 ]
  Variable bound range        : [ 0.047368, 1 ]
  RHS coefficient range       : [ 2.21e-09, 0.291008 ]
Objective value for Line heur k = 0: 1938100.7212333228
90
Actual reward of current solution: 30427645.206010606
Minimum Difference with past solutions:0.050000000000000044.
Gurobi status: 2

Statistics for model Linearization Heuristic :
  Linear constraint matrix    : 16026 Constrs, 9360 Vars, 6320315 NZs
  Matrix coefficient range    : [ 1.00017e-13, 1 ]
  Objective coefficient range : [ 2.34501e-22, 2.65622e+08 ]
  Variable bound range        : [ 0.05, 1 ]
  RHS coefficient range       : [ 7.1739e-08, 0.29145 ]
Objective value for Line heur k = 0: 1367885.1048576983
90
Actual reward of current solution: 31091710.280832954
Minimum Difference with past solutions:0.050000000000000044.
Gurobi status: 2

Statistics for model Linearization Heuristic :
  Linear constraint matrix    : 16026 Constrs, 9360 Vars, 5000783 NZs
  Matrix coefficient range    : [ 1.00005e-13, 1 ]
  Objective coefficient range : [ 6.05698e-22, 2.65622e+08 ]
  Variable bound range        : [ 0.047368, 1 ]
  RHS coefficient range       : [ 1.03661e-08, 0.291092 ]
Objective value for Line heur k = 0: 1936714.309012032
90
Actual reward of current solution: 30434468.773514688
Minimum Difference with past solutions:0.050000000000000044.
Gurobi status: 2

Statistics for model Linearization Heuristic :
  Linear constraint matrix    : 16026 Constrs, 9360 Vars, 6320441 NZs
  Matrix coefficient range    : [ 1.00015e-13, 1 ]
  Objective coefficient range : [ 8.54172e-22, 2.65622e+08 ]
  Variable bound range        : [ 0.05, 1 ]
  RHS coefficient range       : [ 7.49498e-08, 0.291552 ]
Objective value for Line heur k = 0: 1352044.297427238
90
Actual reward of current solution: 31101171.18969982
Minimum Difference with past solutions:0.050000000000000044.
Gurobi status: 2

Statistics for model Linearization Heuristic :
  Linear constraint matrix    : 16026 Constrs, 9360 Vars, 5000900 NZs
  Matrix coefficient range    : [ 1.00011e-13, 1 ]
  Objective coefficient range : [ 1.6118e-21, 2.65622e+08 ]
  Variable bound range        : [ 0.047368, 1 ]
  RHS coefficient range       : [ 1.39466e-08, 0.291168 ]
Objective value for Line heur k = 0: 1932357.0522343027
90
Actual reward of current solution: 30440690.042817112
Minimum Difference with past solutions:0.050000000000000044.
Gurobi status: 2

Statistics for model Linearization Heuristic :
  Linear constraint matrix    : 16026 Constrs, 9360 Vars, 6320519 NZs
  Matrix coefficient range    : [ 1.00107e-13, 1 ]
  Objective coefficient range : [ 2.57904e-22, 2.65622e+08 ]
  Variable bound range        : [ 0.05, 1 ]
  RHS coefficient range       : [ 7.49589e-08, 0.291645 ]
Objective value for Line heur k = 0: 1337453.9818065092
90
Actual reward of current solution: 31109885.941231214
Minimum Difference with past solutions:0.05.
Gurobi status: 2

Statistics for model Linearization Heuristic :
  Linear constraint matrix    : 16026 Constrs, 9360 Vars, 5001004 NZs
  Matrix coefficient range    : [ 1.00005e-13, 1 ]
  Objective coefficient range : [ 1.56826e-22, 2.65622e+08 ]
  Variable bound range        : [ 0.047368, 1 ]
  RHS coefficient range       : [ 1.39466e-08, 0.291241 ]
Objective value for Line heur k = 0: 1917023.3448995836
90
Actual reward of current solution: 30443724.58073564
Minimum Difference with past solutions:0.04999999999999971.
Gurobi status: 2

Statistics for model Linearization Heuristic :
  Linear constraint matrix    : 16026 Constrs, 9360 Vars, 6320573 NZs
  Matrix coefficient range    : [ 1.00095e-13, 1 ]
  Objective coefficient range : [ 9.35884e-22, 2.65622e+08 ]
  Variable bound range        : [ 0.05, 1 ]
  RHS coefficient range       : [ 7.49589e-08, 0.291691 ]
Objective value for Line heur k = 0: 1320187.5736785424
90
Actual reward of current solution: 31109885.941231214
Minimum Difference with past solutions:0.0.
New solution equals old solution at k=0
89
Total Reward at the start of the inner iterations: 31109885.941231214
Gurobi status: 2

Statistics for model Linearization Heuristic :
  Linear constraint matrix    : 15915 Constrs, 9270 Vars, 4926149 NZs
  Matrix coefficient range    : [ 1.00005e-13, 1 ]
  Objective coefficient range : [ 1.56826e-22, 2.65622e+08 ]
  Variable bound range        : [ 0.047368, 1 ]
  RHS coefficient range       : [ 7.85588e-08, 1 ]
Objective value for Line heur k = 1: 2190872.134239215
89
Actual reward of current solution: 30956598.81025494
Minimum Difference with past solutions:0.05.
Gurobi status: 2

Statistics for model Linearization Heuristic :
  Linear constraint matrix    : 15915 Constrs, 9270 Vars, 5585115 NZs
  Matrix coefficient range    : [ 1.00016e-13, 1 ]
  Objective coefficient range : [ 5.02022e-22, 2.65622e+08 ]
  Variable bound range        : [ 0.05, 1 ]
  RHS coefficient range       : [ 6.6955e-08, 1 ]
Objective value for Line heur k = 1: 1882028.6300130102
89
Actual reward of current solution: 31109885.941231214
Minimum Difference with past solutions:0.0.
New solution equals old solution at k=1
88
Total Reward at the start of the inner iterations: 31109885.941231214
Gurobi status: 2

Statistics for model Linearization Heuristic :
  Linear constraint matrix    : 15750 Constrs, 9180 Vars, 4851981 NZs
  Matrix coefficient range    : [ 1.00005e-13, 1 ]
  Objective coefficient range : [ 1.56826e-22, 2.65622e+08 ]
  Variable bound range        : [ 0.047368, 1 ]
  RHS coefficient range       : [ 8.36494e-08, 1 ]
Objective value for Line heur k = 2: 2485213.7804953773
88
Actual reward of current solution: 30956598.81025494
Minimum Difference with past solutions:0.05.
Gurobi status: 2

Statistics for model Linearization Heuristic :
  Linear constraint matrix    : 15750 Constrs, 9180 Vars, 5510947 NZs
  Matrix coefficient range    : [ 1.00016e-13, 1 ]
  Objective coefficient range : [ 5.02022e-22, 2.65622e+08 ]
  Variable bound range        : [ 0.05, 1 ]
  RHS coefficient range       : [ 9.65063e-08, 1 ]
Objective value for Line heur k = 2: 2184357.6496281466
88
Actual reward of current solution: 31109885.941231214
Minimum Difference with past solutions:0.0.
New solution equals old solution at k=2
87
Total Reward at the start of the inner iterations: 31109885.941231214
Gurobi status: 2

Statistics for model Linearization Heuristic :
  Linear constraint matrix    : 15585 Constrs, 9090 Vars, 4778554 NZs
  Matrix coefficient range    : [ 1.00005e-13, 1 ]
  Objective coefficient range : [ 1.56826e-22, 2.65622e+08 ]
  Variable bound range        : [ 0.047368, 1 ]
  RHS coefficient range       : [ 8.2811e-08, 1 ]
Objective value for Line heur k = 3: 2767106.30410059
87
Actual reward of current solution: 30956598.81025494
Minimum Difference with past solutions:0.05.
Gurobi status: 2

Statistics for model Linearization Heuristic :
  Linear constraint matrix    : 15585 Constrs, 9090 Vars, 5437520 NZs
  Matrix coefficient range    : [ 1.00016e-13, 1 ]
  Objective coefficient range : [ 5.02022e-22, 2.65622e+08 ]
  Variable bound range        : [ 0.05, 1 ]
  RHS coefficient range       : [ 6.2386e-08, 1 ]
Objective value for Line heur k = 3: 2474821.075821521
87
Actual reward of current solution: 31109885.941231214
Minimum Difference with past solutions:0.0.
New solution equals old solution at k=3
86
Total Reward at the start of the inner iterations: 31109885.941231214
Gurobi status: 2

Statistics for model Linearization Heuristic :
  Linear constraint matrix    : 15420 Constrs, 9000 Vars, 4705868 NZs
  Matrix coefficient range    : [ 1.00005e-13, 1 ]
  Objective coefficient range : [ 1.56826e-22, 2.65622e+08 ]
  Variable bound range        : [ 0.047368, 1 ]
  RHS coefficient range       : [ 8.19345e-08, 1 ]
Objective value for Line heur k = 4: 3028251.109878079
86
Actual reward of current solution: 30956598.81025494
Minimum Difference with past solutions:0.05.
Gurobi status: 2

Statistics for model Linearization Heuristic :
  Linear constraint matrix    : 15420 Constrs, 9000 Vars, 5364834 NZs
  Matrix coefficient range    : [ 1.00016e-13, 1 ]
  Objective coefficient range : [ 5.02022e-22, 2.65622e+08 ]
  Variable bound range        : [ 0.05, 1 ]
  RHS coefficient range       : [ 3.4223e-08, 1 ]
Objective value for Line heur k = 4: 2744925.964517883
86
Actual reward of current solution: 31109885.941231214
Minimum Difference with past solutions:0.0.
New solution equals old solution at k=4
85
Total Reward at the start of the inner iterations: 31109885.941231214
Gurobi status: 2

Statistics for model Linearization Heuristic :
  Linear constraint matrix    : 15255 Constrs, 8910 Vars, 4633923 NZs
  Matrix coefficient range    : [ 1.00005e-13, 1 ]
  Objective coefficient range : [ 1.56826e-22, 2.65622e+08 ]
  Variable bound range        : [ 0.047368, 1 ]
  RHS coefficient range       : [ 4.87718e-08, 1 ]
Objective value for Line heur k = 5: 3265073.740503798
85
Actual reward of current solution: 30956598.81025494
Minimum Difference with past solutions:0.05.
Gurobi status: 2

Statistics for model Linearization Heuristic :
  Linear constraint matrix    : 15255 Constrs, 8910 Vars, 5292889 NZs
  Matrix coefficient range    : [ 1.00016e-13, 1 ]
  Objective coefficient range : [ 5.02022e-22, 2.65622e+08 ]
  Variable bound range        : [ 0.05, 1 ]
  RHS coefficient range       : [ 8.199e-08, 1 ]
Objective value for Line heur k = 5: 2990962.9634300456
85
Actual reward of current solution: 31109885.941231214
Minimum Difference with past solutions:0.0.
New solution equals old solution at k=5
84
Total Reward at the start of the inner iterations: 31109885.941231214
Gurobi status: 2

Statistics for model Linearization Heuristic :
  Linear constraint matrix    : 15090 Constrs, 8820 Vars, 4562719 NZs
  Matrix coefficient range    : [ 1.00005e-13, 1 ]
  Objective coefficient range : [ 1.56826e-22, 2.65622e+08 ]
  Variable bound range        : [ 0.047368, 1 ]
  RHS coefficient range       : [ 4.65014e-08, 1 ]
Objective value for Line heur k = 6: 3476729.0086357044
84
Actual reward of current solution: 30956598.81025494
Minimum Difference with past solutions:0.05.
Gurobi status: 2

Statistics for model Linearization Heuristic :
  Linear constraint matrix    : 15090 Constrs, 8820 Vars, 5221685 NZs
  Matrix coefficient range    : [ 1.00016e-13, 1 ]
  Objective coefficient range : [ 5.02022e-22, 2.65622e+08 ]
  Variable bound range        : [ 0.05, 1 ]
  RHS coefficient range       : [ 8.15776e-08, 1 ]
Objective value for Line heur k = 6: 3211989.551951562
84
Actual reward of current solution: 31109885.941231214
Minimum Difference with past solutions:0.0.
New solution equals old solution at k=6
83
Total Reward at the start of the inner iterations: 31109885.941231214
Gurobi status: 2

Statistics for model Linearization Heuristic :
  Linear constraint matrix    : 14925 Constrs, 8730 Vars, 4492256 NZs
  Matrix coefficient range    : [ 1.00005e-13, 1 ]
  Objective coefficient range : [ 1.56826e-22, 2.65622e+08 ]
  Variable bound range        : [ 0.047368, 1 ]
  RHS coefficient range       : [ 7.9175e-08, 1 ]
Objective value for Line heur k = 7: 3663892.51272612
83
Actual reward of current solution: 30956598.81025494
Minimum Difference with past solutions:0.05.
Gurobi status: 2

Statistics for model Linearization Heuristic :
  Linear constraint matrix    : 14925 Constrs, 8730 Vars, 5151222 NZs
  Matrix coefficient range    : [ 1.00016e-13, 1 ]
  Objective coefficient range : [ 5.02022e-22, 2.65622e+08 ]
  Variable bound range        : [ 0.05, 1 ]
  RHS coefficient range       : [ 3.87875e-08, 1 ]
Objective value for Line heur k = 7: 3408606.2574526574
83
Actual reward of current solution: 31109885.941231214
Minimum Difference with past solutions:0.0.
New solution equals old solution at k=7
82
Total Reward at the start of the inner iterations: 31109885.941231214
Gurobi status: 2

Statistics for model Linearization Heuristic :
  Linear constraint matrix    : 14760 Constrs, 8640 Vars, 4422534 NZs
  Matrix coefficient range    : [ 1.00005e-13, 1 ]
  Objective coefficient range : [ 1.56826e-22, 2.65622e+08 ]
  Variable bound range        : [ 0.047368, 1 ]
  RHS coefficient range       : [ 7.82301e-08, 1 ]
Objective value for Line heur k = 8: 3828033.942110054
82
Actual reward of current solution: 30956598.81025494
Minimum Difference with past solutions:0.05.
Gurobi status: 2

Statistics for model Linearization Heuristic :
  Linear constraint matrix    : 14760 Constrs, 8640 Vars, 5081500 NZs
  Matrix coefficient range    : [ 1.00016e-13, 1 ]
  Objective coefficient range : [ 5.02022e-22, 2.65622e+08 ]
  Variable bound range        : [ 0.05, 1 ]
  RHS coefficient range       : [ 7.28865e-09, 1 ]
Objective value for Line heur k = 8: 3582218.523615281
82
Actual reward of current solution: 31109885.941231214
Minimum Difference with past solutions:0.0.
New solution equals old solution at k=8
81
Total Reward at the start of the inner iterations: 31109885.941231214
Gurobi status: 2

Statistics for model Linearization Heuristic :
  Linear constraint matrix    : 14595 Constrs, 8550 Vars, 4353553 NZs
  Matrix coefficient range    : [ 1.00005e-13, 1 ]
  Objective coefficient range : [ 1.56826e-22, 2.65622e+08 ]
  Variable bound range        : [ 0.047368, 1 ]
  RHS coefficient range       : [ 7.72777e-08, 1 ]
Objective value for Line heur k = 9: 3970985.2123374976
81
Actual reward of current solution: 30956598.81025494
Minimum Difference with past solutions:0.05.
Gurobi status: 2

Statistics for model Linearization Heuristic :
  Linear constraint matrix    : 14595 Constrs, 8550 Vars, 5012519 NZs
  Matrix coefficient range    : [ 1.00016e-13, 1 ]
  Objective coefficient range : [ 5.02022e-22, 2.65622e+08 ]
  Variable bound range        : [ 0.05, 1 ]
  RHS coefficient range       : [ 6.60758e-08, 1 ]
Objective value for Line heur k = 9: 3734595.2583012665
81
Actual reward of current solution: 31109885.941231214
Minimum Difference with past solutions:0.0.
New solution equals old solution at k=9
80
Total Reward at the start of the inner iterations: 31109885.941231214
Gurobi status: 2

Statistics for model Linearization Heuristic :
  Linear constraint matrix    : 14430 Constrs, 8460 Vars, 4285313 NZs
  Matrix coefficient range    : [ 1.00005e-13, 1 ]
  Objective coefficient range : [ 1.56826e-22, 2.65622e+08 ]
  Variable bound range        : [ 0.047368, 1 ]
  RHS coefficient range       : [ 7.63196e-08, 1 ]
Objective value for Line heur k = 10: 4094688.526573482
80
Actual reward of current solution: 30956598.81025494
Minimum Difference with past solutions:0.05.
Gurobi status: 2

Statistics for model Linearization Heuristic :
  Linear constraint matrix    : 14430 Constrs, 8460 Vars, 4944279 NZs
  Matrix coefficient range    : [ 1.00016e-13, 1 ]
  Objective coefficient range : [ 5.02022e-22, 2.65622e+08 ]
  Variable bound range        : [ 0.05, 1 ]
  RHS coefficient range       : [ 5.69695e-08, 1 ]
Objective value for Line heur k = 10: 3867607.4844268756
80
Actual reward of current solution: 31109885.941231214
Minimum Difference with past solutions:0.0.
New solution equals old solution at k=10
79
Total Reward at the start of the inner iterations: 31109885.941231214
Gurobi status: 2

Statistics for model Linearization Heuristic :
  Linear constraint matrix    : 14265 Constrs, 8370 Vars, 4217814 NZs
  Matrix coefficient range    : [ 1.00005e-13, 1 ]
  Objective coefficient range : [ 1.56826e-22, 2.65622e+08 ]
  Variable bound range        : [ 0.047368, 1 ]
  RHS coefficient range       : [ 2.14322e-08, 1 ]
Objective value for Line heur k = 11: 4201053.657546978
79
Actual reward of current solution: 30956598.81025494
Minimum Difference with past solutions:0.05.
Gurobi status: 2

Statistics for model Linearization Heuristic :
  Linear constraint matrix    : 14265 Constrs, 8370 Vars, 4876780 NZs
  Matrix coefficient range    : [ 1.00016e-13, 1 ]
  Objective coefficient range : [ 5.02022e-22, 2.65622e+08 ]
  Variable bound range        : [ 0.05, 1 ]
  RHS coefficient range       : [ 4.44794e-08, 1 ]
Objective value for Line heur k = 11: 3983074.7451181505
79
Actual reward of current solution: 31109885.941231214
Minimum Difference with past solutions:0.0.
New solution equals old solution at k=11
78
Total Reward at the start of the inner iterations: 31109885.941231214
Gurobi status: 2

Statistics for model Linearization Heuristic :
  Linear constraint matrix    : 14100 Constrs, 8280 Vars, 4151056 NZs
  Matrix coefficient range    : [ 1.00005e-13, 1 ]
  Objective coefficient range : [ 1.56826e-22, 2.65622e+08 ]
  Variable bound range        : [ 0.047368, 1 ]
  RHS coefficient range       : [ 1.30025e-09, 1 ]
Objective value for Line heur k = 12: 4291880.879416488
78
Actual reward of current solution: 30956598.81025494
Minimum Difference with past solutions:0.05.
Gurobi status: 2

Statistics for model Linearization Heuristic :
  Linear constraint matrix    : 14100 Constrs, 8280 Vars, 4810022 NZs
  Matrix coefficient range    : [ 1.00016e-13, 1 ]
  Objective coefficient range : [ 5.02022e-22, 2.65622e+08 ]
  Variable bound range        : [ 0.05, 1 ]
  RHS coefficient range       : [ 3.01337e-08, 1 ]
Objective value for Line heur k = 12: 4082673.7706188913
78
Actual reward of current solution: 31109885.941231214
Minimum Difference with past solutions:0.0.
New solution equals old solution at k=12
77
Total Reward at the start of the inner iterations: 31109885.941231214
Gurobi status: 2

Statistics for model Linearization Heuristic :
  Linear constraint matrix    : 13935 Constrs, 8190 Vars, 4085039 NZs
  Matrix coefficient range    : [ 1.00005e-13, 1 ]
  Objective coefficient range : [ 1.56826e-22, 2.65622e+08 ]
  Variable bound range        : [ 0.047368, 1 ]
  RHS coefficient range       : [ 2.39664e-09, 1 ]
Objective value for Line heur k = 13: 4368822.628866625
77
Actual reward of current solution: 30956598.81025494
Minimum Difference with past solutions:0.05.
Gurobi status: 2

Statistics for model Linearization Heuristic :
  Linear constraint matrix    : 13935 Constrs, 8190 Vars, 4744005 NZs
  Matrix coefficient range    : [ 1.00016e-13, 1 ]
  Objective coefficient range : [ 5.02022e-22, 2.65622e+08 ]
  Variable bound range        : [ 0.05, 1 ]
  RHS coefficient range       : [ 1.19707e-08, 1 ]
Objective value for Line heur k = 13: 4167879.9227861026
77
Actual reward of current solution: 31109885.941231214
Minimum Difference with past solutions:0.0.
New solution equals old solution at k=13
76
Total Reward at the start of the inner iterations: 31109885.941231214
Gurobi status: 2

Statistics for model Linearization Heuristic :
  Linear constraint matrix    : 13770 Constrs, 8100 Vars, 4019817 NZs
  Matrix coefficient range    : [ 1.00005e-13, 1 ]
  Objective coefficient range : [ 1.56826e-22, 2.65622e+08 ]
  Variable bound range        : [ 0.047368, 1 ]
  RHS coefficient range       : [ 7.24523e-08, 0.290812 ]
Objective value for Line heur k = 14: 4433367.151553582
76
Actual reward of current solution: 30956598.81025494
Minimum Difference with past solutions:0.05.
Gurobi status: 2

Statistics for model Linearization Heuristic :
  Linear constraint matrix    : 13770 Constrs, 8100 Vars, 4678783 NZs
  Matrix coefficient range    : [ 1.00016e-13, 1 ]
  Objective coefficient range : [ 5.02022e-22, 2.65622e+08 ]
  Variable bound range        : [ 0.05, 1 ]
  RHS coefficient range       : [ 8.52121e-09, 0.290992 ]
Objective value for Line heur k = 14: 4239920.979804755
76
Actual reward of current solution: 31109885.941231214
Minimum Difference with past solutions:0.0.
New solution equals old solution at k=14
75
Total Reward at the start of the inner iterations: 31109885.941231214
Gurobi status: 2

Statistics for model Linearization Heuristic :
  Linear constraint matrix    : 13659 Constrs, 8010 Vars, 3942048 NZs
  Matrix coefficient range    : [ 1.00005e-13, 1 ]
  Objective coefficient range : [ 1.56826e-22, 2.65622e+08 ]
  Variable bound range        : [ 0.047368, 1 ]
  RHS coefficient range       : [ 7.1467e-08, 1 ]
Objective value for Line heur k = 15: 4470051.605704712
75
Actual reward of current solution: 31073474.404733226
Minimum Difference with past solutions:0.05.
Gurobi status: 2

Statistics for model Linearization Heuristic :
  Linear constraint matrix    : 13659 Constrs, 8010 Vars, 4209423 NZs
  Matrix coefficient range    : [ 1.00028e-13, 1 ]
  Objective coefficient range : [ 4.44678e-22, 2.65622e+08 ]
  Variable bound range        : [ 0.047368, 1 ]
  RHS coefficient range       : [ 7.67608e-08, 1 ]
Objective value for Line heur k = 15: 4381715.908029967
75
Actual reward of current solution: 31109885.941231214
Minimum Difference with past solutions:0.0.
New solution equals old solution at k=15
74
Total Reward at the start of the inner iterations: 31109885.941231214
Gurobi status: 2

Statistics for model Linearization Heuristic :
  Linear constraint matrix    : 13494 Constrs, 7920 Vars, 3865118 NZs
  Matrix coefficient range    : [ 1.00005e-13, 1 ]
  Objective coefficient range : [ 1.56826e-22, 2.65622e+08 ]
  Variable bound range        : [ 0.047368, 1 ]
  RHS coefficient range       : [ 7.04809e-08, 1 ]
Objective value for Line heur k = 16: 4508759.530629783
74
Actual reward of current solution: 31073474.404733226
Minimum Difference with past solutions:0.05.
Gurobi status: 2

Statistics for model Linearization Heuristic :
  Linear constraint matrix    : 13494 Constrs, 7920 Vars, 4132493 NZs
  Matrix coefficient range    : [ 1.00028e-13, 1 ]
  Objective coefficient range : [ 4.44678e-22, 2.65622e+08 ]
  Variable bound range        : [ 0.047368, 1 ]
  RHS coefficient range       : [ 1.14088e-08, 1 ]
Objective value for Line heur k = 16: 4423041.027117872
74
Actual reward of current solution: 31109885.941231214
Minimum Difference with past solutions:0.0.
New solution equals old solution at k=16
73
Total Reward at the start of the inner iterations: 31109885.941231214
Gurobi status: 2

Statistics for model Linearization Heuristic :
  Linear constraint matrix    : 13329 Constrs, 7830 Vars, 3789081 NZs
  Matrix coefficient range    : [ 1.00005e-13, 1 ]
  Objective coefficient range : [ 1.56826e-22, 2.65622e+08 ]
  Variable bound range        : [ 0.047368, 1 ]
  RHS coefficient range       : [ 5.80614e-08, 1 ]
Objective value for Line heur k = 17: 4538657.38895153
73
Actual reward of current solution: 31073474.404733226
Minimum Difference with past solutions:0.05.
Gurobi status: 2

Statistics for model Linearization Heuristic :
  Linear constraint matrix    : 13329 Constrs, 7830 Vars, 4056456 NZs
  Matrix coefficient range    : [ 1.00028e-13, 1 ]
  Objective coefficient range : [ 4.44678e-22, 2.65622e+08 ]
  Variable bound range        : [ 0.047368, 1 ]
  RHS coefficient range       : [ 4.94654e-09, 1 ]
Objective value for Line heur k = 17: 4455552.426284796
73
Actual reward of current solution: 31109885.941231214
Minimum Difference with past solutions:0.0.
New solution equals old solution at k=17
72
Total Reward at the start of the inner iterations: 31109885.941231214
Gurobi status: 2

Statistics for model Linearization Heuristic :
  Linear constraint matrix    : 13164 Constrs, 7740 Vars, 3713937 NZs
  Matrix coefficient range    : [ 1.00005e-13, 1 ]
  Objective coefficient range : [ 1.56826e-22, 2.65622e+08 ]
  Variable bound range        : [ 0.047368, 1 ]
  RHS coefficient range       : [ 8.35135e-09, 1 ]
Objective value for Line heur k = 18: 4560754.364382299
72
Actual reward of current solution: 31073474.404733226
Minimum Difference with past solutions:0.05.
Gurobi status: 2

Statistics for model Linearization Heuristic :
  Linear constraint matrix    : 13164 Constrs, 7740 Vars, 3981312 NZs
  Matrix coefficient range    : [ 1.00028e-13, 1 ]
  Objective coefficient range : [ 4.44678e-22, 2.65622e+08 ]
  Variable bound range        : [ 0.047368, 1 ]
  RHS coefficient range       : [ 4.38416e-08, 1 ]
Objective value for Line heur k = 18: 4480258.64198915
72
Actual reward of current solution: 31109885.941231214
Minimum Difference with past solutions:0.0.
New solution equals old solution at k=18
71
Total Reward at the start of the inner iterations: 31109885.941231214
Gurobi status: 2

Statistics for model Linearization Heuristic :
  Linear constraint matrix    : 12999 Constrs, 7650 Vars, 3639686 NZs
  Matrix coefficient range    : [ 1.00005e-13, 1 ]
  Objective coefficient range : [ 1.56826e-22, 2.65622e+08 ]
  Variable bound range        : [ 0.047368, 1 ]
  RHS coefficient range       : [ 6.34686e-09, 1 ]
Objective value for Line heur k = 19: 4575929.061671087
71
Actual reward of current solution: 31073474.404733226
Minimum Difference with past solutions:0.05.
Gurobi status: 2

Statistics for model Linearization Heuristic :
  Linear constraint matrix    : 12999 Constrs, 7650 Vars, 3907061 NZs
  Matrix coefficient range    : [ 1.00028e-13, 1 ]
  Objective coefficient range : [ 4.44678e-22, 2.65622e+08 ]
  Variable bound range        : [ 0.047368, 1 ]
  RHS coefficient range       : [ 1.08379e-08, 1 ]
Objective value for Line heur k = 19: 4498036.799680179
71
Actual reward of current solution: 31109885.941231214
Minimum Difference with past solutions:0.0.
New solution equals old solution at k=19
70
Total Reward at the start of the inner iterations: 31109885.941231214
Gurobi status: 2

Statistics for model Linearization Heuristic :
  Linear constraint matrix    : 12834 Constrs, 7560 Vars, 3566328 NZs
  Matrix coefficient range    : [ 1.00005e-13, 1 ]
  Objective coefficient range : [ 1.56826e-22, 2.65622e+08 ]
  Variable bound range        : [ 0.047368, 1 ]
  RHS coefficient range       : [ 1.14436e-08, 1 ]
Objective value for Line heur k = 20: 4584949.854208327
70
Actual reward of current solution: 31073474.404733226
Minimum Difference with past solutions:0.05.
Gurobi status: 2

Statistics for model Linearization Heuristic :
  Linear constraint matrix    : 12834 Constrs, 7560 Vars, 3833703 NZs
  Matrix coefficient range    : [ 1.00028e-13, 1 ]
  Objective coefficient range : [ 4.44678e-22, 2.65622e+08 ]
  Variable bound range        : [ 0.047368, 1 ]
  RHS coefficient range       : [ 3.567e-08, 1 ]
Objective value for Line heur k = 20: 4509652.738563194
70
Actual reward of current solution: 31109885.941231214
Minimum Difference with past solutions:0.0.
New solution equals old solution at k=20
69
Total Reward at the start of the inner iterations: 31109885.941231214
Gurobi status: 2

Statistics for model Linearization Heuristic :
  Linear constraint matrix    : 12669 Constrs, 7470 Vars, 3493863 NZs
  Matrix coefficient range    : [ 1.00005e-13, 1 ]
  Objective coefficient range : [ 1.56826e-22, 2.65622e+08 ]
  Variable bound range        : [ 0.047368, 1 ]
  RHS coefficient range       : [ 2.51471e-08, 1 ]
Objective value for Line heur k = 21: 4588490.839850125
69
Actual reward of current solution: 31073474.404733226
Minimum Difference with past solutions:0.05.
Gurobi status: 2

Statistics for model Linearization Heuristic :
  Linear constraint matrix    : 12669 Constrs, 7470 Vars, 3761238 NZs
  Matrix coefficient range    : [ 1.00028e-13, 1 ]
  Objective coefficient range : [ 4.44678e-22, 2.65622e+08 ]
  Variable bound range        : [ 0.047368, 1 ]
  RHS coefficient range       : [ 3.8333e-08, 1 ]
Objective value for Line heur k = 21: 4515776.554008306
69
Actual reward of current solution: 31109885.941231214
Minimum Difference with past solutions:0.0.
New solution equals old solution at k=21
68
Total Reward at the start of the inner iterations: 31109885.941231214
Gurobi status: 2

Statistics for model Linearization Heuristic :
  Linear constraint matrix    : 12504 Constrs, 7380 Vars, 3422291 NZs
  Matrix coefficient range    : [ 1.00005e-13, 1 ]
  Objective coefficient range : [ 1.56826e-22, 2.65622e+08 ]
  Variable bound range        : [ 0.047368, 1 ]
  RHS coefficient range       : [ 3.5554e-08, 1 ]
Objective value for Line heur k = 22: 4587144.588943368
68
Actual reward of current solution: 31073474.404733226
Minimum Difference with past solutions:0.05.
Gurobi status: 2

Statistics for model Linearization Heuristic :
  Linear constraint matrix    : 12504 Constrs, 7380 Vars, 3689666 NZs
  Matrix coefficient range    : [ 1.00028e-13, 1 ]
  Objective coefficient range : [ 4.44678e-22, 2.65622e+08 ]
  Variable bound range        : [ 0.047368, 1 ]
  RHS coefficient range       : [ 2.69571e-08, 1 ]
Objective value for Line heur k = 22: 4516994.66410442
68
Actual reward of current solution: 31109885.941231214
Minimum Difference with past solutions:0.0.
New solution equals old solution at k=22
67
Total Reward at the start of the inner iterations: 31109885.941231214
Gurobi status: 2

Statistics for model Linearization Heuristic :
  Linear constraint matrix    : 12339 Constrs, 7290 Vars, 3351612 NZs
  Matrix coefficient range    : [ 1.00005e-13, 1 ]
  Objective coefficient range : [ 1.56826e-22, 2.65622e+08 ]
  Variable bound range        : [ 0.047368, 1 ]
  RHS coefficient range       : [ 4.3328e-08, 1 ]
Objective value for Line heur k = 23: 4581432.422163258
67
Actual reward of current solution: 31073474.404733226
Minimum Difference with past solutions:0.05.
Gurobi status: 2

Statistics for model Linearization Heuristic :
  Linear constraint matrix    : 12339 Constrs, 7290 Vars, 3618987 NZs
  Matrix coefficient range    : [ 1.00028e-13, 1 ]
  Objective coefficient range : [ 4.44678e-22, 2.65622e+08 ]
  Variable bound range        : [ 0.047368, 1 ]
  RHS coefficient range       : [ 1.65275e-08, 1 ]
Objective value for Line heur k = 23: 4513819.009153757
67
Actual reward of current solution: 31109885.941231214
Minimum Difference with past solutions:0.0.
New solution equals old solution at k=23
66
Total Reward at the start of the inner iterations: 31109885.941231214
Gurobi status: 2

Statistics for model Linearization Heuristic :
  Linear constraint matrix    : 12174 Constrs, 7200 Vars, 3281826 NZs
  Matrix coefficient range    : [ 1.00005e-13, 1 ]
  Objective coefficient range : [ 1.56826e-22, 2.65622e+08 ]
  Variable bound range        : [ 0.047368, 1 ]
  RHS coefficient range       : [ 1.6389e-08, 1 ]
Objective value for Line heur k = 24: 4571812.6567563815
66
Actual reward of current solution: 31073474.404733226
Minimum Difference with past solutions:0.05.
Gurobi status: 2

Statistics for model Linearization Heuristic :
  Linear constraint matrix    : 12174 Constrs, 7200 Vars, 3549201 NZs
  Matrix coefficient range    : [ 1.00028e-13, 1 ]
  Objective coefficient range : [ 4.44678e-22, 2.65622e+08 ]
  Variable bound range        : [ 0.047368, 1 ]
  RHS coefficient range       : [ 7.97444e-10, 1 ]
Objective value for Line heur k = 24: 4506693.617273823
66
Actual reward of current solution: 31109885.941231214
Minimum Difference with past solutions:0.0.
New solution equals old solution at k=24
65
Total Reward at the start of the inner iterations: 31109885.941231214
Gurobi status: 2

Statistics for model Linearization Heuristic :
  Linear constraint matrix    : 12009 Constrs, 7110 Vars, 3212933 NZs
  Matrix coefficient range    : [ 1.00005e-13, 1 ]
  Objective coefficient range : [ 1.56826e-22, 2.65622e+08 ]
  Variable bound range        : [ 0.047368, 1 ]
  RHS coefficient range       : [ 5.68003e-09, 1 ]
Objective value for Line heur k = 25: 4558687.0381807005
65
Actual reward of current solution: 31073474.404733226
Minimum Difference with past solutions:0.05.
Gurobi status: 2

Statistics for model Linearization Heuristic :
  Linear constraint matrix    : 12009 Constrs, 7110 Vars, 3480308 NZs
  Matrix coefficient range    : [ 1.00028e-13, 1 ]
  Objective coefficient range : [ 4.44678e-22, 2.65622e+08 ]
  Variable bound range        : [ 0.047368, 1 ]
  RHS coefficient range       : [ 1.649e-09, 1 ]
Objective value for Line heur k = 25: 4495998.430659518
65
Actual reward of current solution: 31109885.941231214
Minimum Difference with past solutions:0.0.
New solution equals old solution at k=25
64
Total Reward at the start of the inner iterations: 31109885.941231214
Gurobi status: 2

Statistics for model Linearization Heuristic :
  Linear constraint matrix    : 11844 Constrs, 7020 Vars, 3144933 NZs
  Matrix coefficient range    : [ 1.00005e-13, 1 ]
  Objective coefficient range : [ 1.56826e-22, 2.65622e+08 ]
  Variable bound range        : [ 0.047368, 1 ]
  RHS coefficient range       : [ 2.75534e-08, 1 ]
Objective value for Line heur k = 26: 4542405.380979845
64
Actual reward of current solution: 31073474.404733226
Minimum Difference with past solutions:0.05.
Gurobi status: 2

Statistics for model Linearization Heuristic :
  Linear constraint matrix    : 11844 Constrs, 7020 Vars, 3412308 NZs
  Matrix coefficient range    : [ 1.00028e-13, 1 ]
  Objective coefficient range : [ 4.44678e-22, 2.65622e+08 ]
  Variable bound range        : [ 0.047368, 1 ]
  RHS coefficient range       : [ 9.60076e-09, 1 ]
Objective value for Line heur k = 26: 4482049.913301549
64
Actual reward of current solution: 31109885.941231214
Minimum Difference with past solutions:0.0.
New solution equals old solution at k=26
63
Total Reward at the start of the inner iterations: 31109885.941231214
Gurobi status: 2

Statistics for model Linearization Heuristic :
  Linear constraint matrix    : 11679 Constrs, 6930 Vars, 3077826 NZs
  Matrix coefficient range    : [ 1.00005e-13, 1 ]
  Objective coefficient range : [ 1.56826e-22, 2.65622e+08 ]
  Variable bound range        : [ 0.047368, 1 ]
  RHS coefficient range       : [ 2.20507e-09, 1 ]
Objective value for Line heur k = 27: 4523268.237811576
63
Actual reward of current solution: 31073474.404733226
Minimum Difference with past solutions:0.05.
Gurobi status: 2

Statistics for model Linearization Heuristic :
  Linear constraint matrix    : 11679 Constrs, 6930 Vars, 3345201 NZs
  Matrix coefficient range    : [ 1.00028e-13, 1 ]
  Objective coefficient range : [ 4.44678e-22, 2.65622e+08 ]
  Variable bound range        : [ 0.047368, 1 ]
  RHS coefficient range       : [ 4.1489e-09, 1 ]
Objective value for Line heur k = 27: 4465097.475965615
63
Actual reward of current solution: 31109885.941231214
Minimum Difference with past solutions:0.0.
New solution equals old solution at k=27
62
Total Reward at the start of the inner iterations: 31109885.941231214
Gurobi status: 2

Statistics for model Linearization Heuristic :
  Linear constraint matrix    : 11514 Constrs, 6840 Vars, 3011666 NZs
  Matrix coefficient range    : [ 1.00005e-13, 1 ]
  Objective coefficient range : [ 1.56826e-22, 2.65622e+08 ]
  Variable bound range        : [ 0.05, 1 ]
  RHS coefficient range       : [ 7.41712e-09, 0.290517 ]
Objective value for Line heur k = 28: 4501527.157952068
62
Actual reward of current solution: 31073474.404733226
Minimum Difference with past solutions:0.05.
Gurobi status: 2

Statistics for model Linearization Heuristic :
  Linear constraint matrix    : 11514 Constrs, 6840 Vars, 3279041 NZs
  Matrix coefficient range    : [ 1.00028e-13, 1 ]
  Objective coefficient range : [ 4.44678e-22, 2.65622e+08 ]
  Variable bound range        : [ 0.05, 1 ]
  RHS coefficient range       : [ 3.51183e-08, 0.29057 ]
Objective value for Line heur k = 28: 4445314.061328657
62
Actual reward of current solution: 31109885.941231214
Minimum Difference with past solutions:0.0.
New solution equals old solution at k=28
61
Total Reward at the start of the inner iterations: 31109885.941231214
Gurobi status: 2

Statistics for model Linearization Heuristic :
  Linear constraint matrix    : 11403 Constrs, 6750 Vars, 2940767 NZs
  Matrix coefficient range    : [ 1.00005e-13, 1 ]
  Objective coefficient range : [ 1.56826e-22, 2.65622e+08 ]
  Variable bound range        : [ 0.05, 1 ]
  RHS coefficient range       : [ 2.10423e-08, 1 ]
Objective value for Line heur k = 29: 4465407.957094649
61
Actual reward of current solution: 31104509.337709185
Minimum Difference with past solutions:0.05.
Gurobi status: 2

Statistics for model Linearization Heuristic :
  Linear constraint matrix    : 11403 Constrs, 6750 Vars, 2955498 NZs
  Matrix coefficient range    : [ 1.00156e-13, 1 ]
  Objective coefficient range : [ 6.99997e-22, 2.65622e+08 ]
  Variable bound range        : [ 0.05, 1 ]
  RHS coefficient range       : [ 2.10671e-08, 1 ]
Objective value for Line heur k = 29: 4455383.805209396
61
Actual reward of current solution: 31109885.941231214
Minimum Difference with past solutions:0.0.
New solution equals old solution at k=29
60
Total Reward at the start of the inner iterations: 31109885.941231214
Gurobi status: 2

Statistics for model Linearization Heuristic :
  Linear constraint matrix    : 11238 Constrs, 6660 Vars, 2870783 NZs
  Matrix coefficient range    : [ 1.00005e-13, 1 ]
  Objective coefficient range : [ 1.56826e-22, 2.65622e+08 ]
  Variable bound range        : [ 0.05, 1 ]
  RHS coefficient range       : [ 1.63818e-08, 1 ]
Objective value for Line heur k = 30: 4436038.273724146
60
Actual reward of current solution: 31104509.337709185
Minimum Difference with past solutions:0.05.
Gurobi status: 2

Statistics for model Linearization Heuristic :
  Linear constraint matrix    : 11238 Constrs, 6660 Vars, 2885514 NZs
  Matrix coefficient range    : [ 1.00156e-13, 1 ]
  Objective coefficient range : [ 6.99997e-22, 2.65622e+08 ]
  Variable bound range        : [ 0.05, 1 ]
  RHS coefficient range       : [ 1.62754e-08, 1 ]
Objective value for Line heur k = 30: 4426406.090892333
60
Actual reward of current solution: 31109885.941231214
Minimum Difference with past solutions:0.0.
New solution equals old solution at k=30
59
Total Reward at the start of the inner iterations: 31109885.941231214
Gurobi status: 2

Statistics for model Linearization Heuristic :
  Linear constraint matrix    : 11073 Constrs, 6570 Vars, 2801768 NZs
  Matrix coefficient range    : [ 1.00005e-13, 1 ]
  Objective coefficient range : [ 1.56826e-22, 2.65622e+08 ]
  Variable bound range        : [ 0.05, 1 ]
  RHS coefficient range       : [ 1.34954e-08, 1 ]
Objective value for Line heur k = 31: 4404723.511785554
59
Actual reward of current solution: 31104509.337709185
Minimum Difference with past solutions:0.05.
Gurobi status: 2

Statistics for model Linearization Heuristic :
  Linear constraint matrix    : 11073 Constrs, 6570 Vars, 2816499 NZs
  Matrix coefficient range    : [ 1.00156e-13, 1 ]
  Objective coefficient range : [ 6.99997e-22, 2.65622e+08 ]
  Variable bound range        : [ 0.05, 1 ]
  RHS coefficient range       : [ 1.36397e-08, 1 ]
Objective value for Line heur k = 31: 4395481.5657547545
59
Actual reward of current solution: 31109885.941231214
Minimum Difference with past solutions:0.0.
New solution equals old solution at k=31
58
Total Reward at the start of the inner iterations: 31109885.941231214
Gurobi status: 2

Statistics for model Linearization Heuristic :
  Linear constraint matrix    : 10908 Constrs, 6480 Vars, 2733724 NZs
  Matrix coefficient range    : [ 1.00005e-13, 1 ]
  Objective coefficient range : [ 1.56826e-22, 2.65622e+08 ]
  Variable bound range        : [ 0.05, 1 ]
  RHS coefficient range       : [ 1.5495e-08, 1 ]
Objective value for Line heur k = 32: 4371680.047922178
58
Actual reward of current solution: 31104509.337709185
Minimum Difference with past solutions:0.05.
Gurobi status: 2

Statistics for model Linearization Heuristic :
  Linear constraint matrix    : 10908 Constrs, 6480 Vars, 2748455 NZs
  Matrix coefficient range    : [ 1.00156e-13, 1 ]
  Objective coefficient range : [ 6.99997e-22, 2.65622e+08 ]
  Variable bound range        : [ 0.05, 1 ]
  RHS coefficient range       : [ 1.54062e-08, 1 ]
Objective value for Line heur k = 32: 4362826.916166188
58
Actual reward of current solution: 31109885.941231214
Minimum Difference with past solutions:0.0.
New solution equals old solution at k=32
57
Total Reward at the start of the inner iterations: 31109885.941231214
Gurobi status: 2

Statistics for model Linearization Heuristic :
  Linear constraint matrix    : 10743 Constrs, 6390 Vars, 2666649 NZs
  Matrix coefficient range    : [ 1.00005e-13, 1 ]
  Objective coefficient range : [ 1.56826e-22, 2.65622e+08 ]
  Variable bound range        : [ 0.05, 1 ]
  RHS coefficient range       : [ 7.76071e-09, 1 ]
Objective value for Line heur k = 33: 4337088.618897678
57
Actual reward of current solution: 31104509.337709185
Minimum Difference with past solutions:0.05.
Gurobi status: 2

Statistics for model Linearization Heuristic :
  Linear constraint matrix    : 10743 Constrs, 6390 Vars, 2681380 NZs
  Matrix coefficient range    : [ 1.00156e-13, 1 ]
  Objective coefficient range : [ 6.99997e-22, 2.65622e+08 ]
  Variable bound range        : [ 0.05, 1 ]
  RHS coefficient range       : [ 7.87263e-09, 1 ]
Objective value for Line heur k = 33: 4328622.903538281
57
Actual reward of current solution: 31109885.941231214
Minimum Difference with past solutions:0.0.
New solution equals old solution at k=33
56
Total Reward at the start of the inner iterations: 31109885.941231214
Gurobi status: 2

Statistics for model Linearization Heuristic :
  Linear constraint matrix    : 10578 Constrs, 6300 Vars, 2600543 NZs
  Matrix coefficient range    : [ 1.00005e-13, 1 ]
  Objective coefficient range : [ 1.56826e-22, 2.65622e+08 ]
  Variable bound range        : [ 0.05, 1 ]
  RHS coefficient range       : [ 2.31824e-09, 1 ]
Objective value for Line heur k = 34: 4301102.333138571
56
Actual reward of current solution: 31104509.337709185
Minimum Difference with past solutions:0.05.
Gurobi status: 2

Statistics for model Linearization Heuristic :
  Linear constraint matrix    : 10578 Constrs, 6300 Vars, 2615274 NZs
  Matrix coefficient range    : [ 1.00156e-13, 1 ]
  Objective coefficient range : [ 6.99997e-22, 2.65622e+08 ]
  Variable bound range        : [ 0.05, 1 ]
  RHS coefficient range       : [ 8.1681e-09, 1 ]
Objective value for Line heur k = 34: 4293022.384932942
56
Actual reward of current solution: 31109885.941231214
Minimum Difference with past solutions:0.0.
New solution equals old solution at k=34
55
Total Reward at the start of the inner iterations: 31109885.941231214
Gurobi status: 2

Statistics for model Linearization Heuristic :
  Linear constraint matrix    : 10413 Constrs, 6210 Vars, 2535406 NZs
  Matrix coefficient range    : [ 1.00005e-13, 1 ]
  Objective coefficient range : [ 1.56826e-22, 2.65622e+08 ]
  Variable bound range        : [ 0.05, 1 ]
  RHS coefficient range       : [ 3.8798e-09, 1 ]
Objective value for Line heur k = 35: 4263851.377335132
55
Actual reward of current solution: 31104509.337709185
Minimum Difference with past solutions:0.05.
Gurobi status: 2

Statistics for model Linearization Heuristic :
  Linear constraint matrix    : 10413 Constrs, 6210 Vars, 2550137 NZs
  Matrix coefficient range    : [ 1.00156e-13, 1 ]
  Objective coefficient range : [ 6.99997e-22, 2.65622e+08 ]
  Variable bound range        : [ 0.05, 1 ]
  RHS coefficient range       : [ 4.10563e-09, 1 ]
Objective value for Line heur k = 35: 4256154.972126159
55
Actual reward of current solution: 31109885.941231214
Minimum Difference with past solutions:0.0.
New solution equals old solution at k=35
54
Total Reward at the start of the inner iterations: 31109885.941231214
Gurobi status: 2

Statistics for model Linearization Heuristic :
  Linear constraint matrix    : 10248 Constrs, 6120 Vars, 2471238 NZs
  Matrix coefficient range    : [ 1.00005e-13, 1 ]
  Objective coefficient range : [ 1.56826e-22, 2.65622e+08 ]
  Variable bound range        : [ 0.05, 1 ]
  RHS coefficient range       : [ 1.7159e-08, 1 ]
Objective value for Line heur k = 36: 4225445.360680745
54
Actual reward of current solution: 31104509.337709185
Minimum Difference with past solutions:0.05.
Gurobi status: 2

Statistics for model Linearization Heuristic :
  Linear constraint matrix    : 10248 Constrs, 6120 Vars, 2485969 NZs
  Matrix coefficient range    : [ 1.00156e-13, 1 ]
  Objective coefficient range : [ 6.99997e-22, 2.65622e+08 ]
  Variable bound range        : [ 0.05, 1 ]
  RHS coefficient range       : [ 1.72858e-08, 1 ]
Objective value for Line heur k = 36: 4218129.261997066
54
Actual reward of current solution: 31109885.941231214
Minimum Difference with past solutions:0.0.
New solution equals old solution at k=36
53
Total Reward at the start of the inner iterations: 31109885.941231214
Gurobi status: 2

Statistics for model Linearization Heuristic :
  Linear constraint matrix    : 10083 Constrs, 6030 Vars, 2408040 NZs
  Matrix coefficient range    : [ 1.00005e-13, 1 ]
  Objective coefficient range : [ 1.56826e-22, 2.65622e+08 ]
  Variable bound range        : [ 0.05, 1 ]
  RHS coefficient range       : [ 2.83334e-08, 1 ]
Objective value for Line heur k = 37: 4185973.658699644
53
Actual reward of current solution: 31104509.337709185
Minimum Difference with past solutions:0.05.
Gurobi status: 2

Statistics for model Linearization Heuristic :
  Linear constraint matrix    : 10083 Constrs, 6030 Vars, 2422771 NZs
  Matrix coefficient range    : [ 1.00156e-13, 1 ]
  Objective coefficient range : [ 6.99997e-22, 2.65622e+08 ]
  Variable bound range        : [ 0.05, 1 ]
  RHS coefficient range       : [ 2.84853e-08, 1 ]
Objective value for Line heur k = 37: 4179032.9765566946
53
Actual reward of current solution: 31109885.941231214
Minimum Difference with past solutions:0.0.
New solution equals old solution at k=37
52
Total Reward at the start of the inner iterations: 31109885.941231214
Gurobi status: 2

Statistics for model Linearization Heuristic :
  Linear constraint matrix    : 9918 Constrs, 5940 Vars, 2345812 NZs
  Matrix coefficient range    : [ 1.00005e-13, 1 ]
  Objective coefficient range : [ 1.56826e-22, 2.65622e+08 ]
  Variable bound range        : [ 0.05, 1 ]
  RHS coefficient range       : [ 3.17683e-08, 1 ]
Objective value for Line heur k = 38: 4145503.6605869234
52
Actual reward of current solution: 31104509.337709185
Minimum Difference with past solutions:0.05.
Gurobi status: 2

Statistics for model Linearization Heuristic :
  Linear constraint matrix    : 9918 Constrs, 5940 Vars, 2360543 NZs
  Matrix coefficient range    : [ 1.00156e-13, 1 ]
  Objective coefficient range : [ 6.99997e-22, 2.65622e+08 ]
  Variable bound range        : [ 0.05, 1 ]
  RHS coefficient range       : [ 6.31216e-09, 1 ]
Objective value for Line heur k = 38: 4138930.873984935
52
Actual reward of current solution: 31109885.941231214
Minimum Difference with past solutions:0.0.
New solution equals old solution at k=38
51
Total Reward at the start of the inner iterations: 31109885.941231214
Gurobi status: 2

Statistics for model Linearization Heuristic :
  Linear constraint matrix    : 9753 Constrs, 5850 Vars, 2284555 NZs
  Matrix coefficient range    : [ 1.00005e-13, 1 ]
  Objective coefficient range : [ 1.56826e-22, 2.65622e+08 ]
  Variable bound range        : [ 0.05, 1 ]
  RHS coefficient range       : [ 2.31041e-09, 1 ]
Objective value for Line heur k = 39: 4104076.370779735
51
Actual reward of current solution: 31104509.337709185
Minimum Difference with past solutions:0.05.
Gurobi status: 2

Statistics for model Linearization Heuristic :
  Linear constraint matrix    : 9753 Constrs, 5850 Vars, 2299286 NZs
  Matrix coefficient range    : [ 1.00156e-13, 1 ]
  Objective coefficient range : [ 6.99997e-22, 2.65622e+08 ]
  Variable bound range        : [ 0.05, 1 ]
  RHS coefficient range       : [ 8.85311e-09, 1 ]
Objective value for Line heur k = 39: 4097859.8109025666
51
Actual reward of current solution: 31109885.941231214
Minimum Difference with past solutions:0.0.
New solution equals old solution at k=39
50
Total Reward at the start of the inner iterations: 31109885.941231214
Gurobi status: 2

Statistics for model Linearization Heuristic :
  Linear constraint matrix    : 9588 Constrs, 5760 Vars, 2224268 NZs
  Matrix coefficient range    : [ 1.00005e-13, 1 ]
  Objective coefficient range : [ 1.56826e-22, 2.65622e+08 ]
  Variable bound range        : [ 0.05, 1 ]
  RHS coefficient range       : [ 2.09168e-09, 1 ]
Objective value for Line heur k = 40: 4061698.258938343
50
Actual reward of current solution: 31104509.337709185
Minimum Difference with past solutions:0.05.
Gurobi status: 2

Statistics for model Linearization Heuristic :
  Linear constraint matrix    : 9588 Constrs, 5760 Vars, 2238999 NZs
  Matrix coefficient range    : [ 1.00156e-13, 1 ]
  Objective coefficient range : [ 6.99997e-22, 2.65622e+08 ]
  Variable bound range        : [ 0.05, 1 ]
  RHS coefficient range       : [ 1.66385e-09, 1 ]
Objective value for Line heur k = 40: 4055819.7366636363
50
Actual reward of current solution: 31109885.941231214
Minimum Difference with past solutions:0.0.
New solution equals old solution at k=40
49
Total Reward at the start of the inner iterations: 31109885.941231214
Gurobi status: 2

Statistics for model Linearization Heuristic :
  Linear constraint matrix    : 9423 Constrs, 5670 Vars, 2164948 NZs
  Matrix coefficient range    : [ 1.00005e-13, 1 ]
  Objective coefficient range : [ 1.56826e-22, 2.65622e+08 ]
  Variable bound range        : [ 0.05, 1 ]
  RHS coefficient range       : [ 2.46835e-09, 1 ]
Objective value for Line heur k = 41: 4018327.4673852595
49
Actual reward of current solution: 31104509.337709185
Minimum Difference with past solutions:0.05.
Gurobi status: 2

Statistics for model Linearization Heuristic :
  Linear constraint matrix    : 9423 Constrs, 5670 Vars, 2179678 NZs
  Matrix coefficient range    : [ 1.00156e-13, 1 ]
  Objective coefficient range : [ 6.99997e-22, 2.65622e+08 ]
  Variable bound range        : [ 0.05, 1 ]
  RHS coefficient range       : [ 2.16145e-09, 1 ]
Objective value for Line heur k = 41: 4012758.548316206
49
Actual reward of current solution: 31109885.941231214
Minimum Difference with past solutions:0.0.
New solution equals old solution at k=41
48
Total Reward at the start of the inner iterations: 31109885.941231214
Gurobi status: 2

Statistics for model Linearization Heuristic :
  Linear constraint matrix    : 9258 Constrs, 5580 Vars, 2106651 NZs
  Matrix coefficient range    : [ 1.00005e-13, 1 ]
  Objective coefficient range : [ 1.56826e-22, 2.65622e+08 ]
  Variable bound range        : [ 0.05, 1 ]
  RHS coefficient range       : [ 2.09734e-08, 0.290306 ]
Objective value for Line heur k = 42: 3973851.300082363
48
Actual reward of current solution: 31104509.337709185
Minimum Difference with past solutions:0.05.
Gurobi status: 2

Statistics for model Linearization Heuristic :
  Linear constraint matrix    : 9258 Constrs, 5580 Vars, 2121380 NZs
  Matrix coefficient range    : [ 1.00156e-13, 1 ]
  Objective coefficient range : [ 6.99997e-22, 2.65622e+08 ]
  Variable bound range        : [ 0.05, 1 ]
  RHS coefficient range       : [ 2.12254e-08, 0.290308 ]
Objective value for Line heur k = 42: 3968547.444504455
48
Actual reward of current solution: 31109885.941231214
Minimum Difference with past solutions:0.0.
New solution equals old solution at k=42
47
Total Reward at the start of the inner iterations: 31109885.941231214
Gurobi status: 2

Statistics for model Linearization Heuristic :
  Linear constraint matrix    : 9147 Constrs, 5490 Vars, 2034456 NZs
  Matrix coefficient range    : [ 1.00005e-13, 1 ]
  Objective coefficient range : [ 1.56826e-22, 2.65622e+08 ]
  Variable bound range        : [ 0.05, 1 ]
  RHS coefficient range       : [ 1.43874e-08, 1 ]
Objective value for Line heur k = 43: 3922126.657540131
47
Actual reward of current solution: 31109885.941231214
Minimum Difference with past solutions:0.0.
New solution equals old solution at k=43
46
Total Reward at the start of the inner iterations: 31109885.941231214
Gurobi status: 2

Statistics for model Linearization Heuristic :
  Linear constraint matrix    : 8982 Constrs, 5400 Vars, 1963424 NZs
  Matrix coefficient range    : [ 1.00005e-13, 1 ]
  Objective coefficient range : [ 1.56826e-22, 2.65622e+08 ]
  Variable bound range        : [ 0.05, 1 ]
  RHS coefficient range       : [ 1.0848e-08, 1 ]
Objective value for Line heur k = 44: 3869553.9389555813
46
Actual reward of current solution: 31109885.941231214
Minimum Difference with past solutions:0.0.
New solution equals old solution at k=44
45
Total Reward at the start of the inner iterations: 31109885.941231214
Gurobi status: 2

Statistics for model Linearization Heuristic :
  Linear constraint matrix    : 8817 Constrs, 5310 Vars, 1893609 NZs
  Matrix coefficient range    : [ 1.00005e-13, 1 ]
  Objective coefficient range : [ 1.56826e-22, 2.65622e+08 ]
  Variable bound range        : [ 0.05, 1 ]
  RHS coefficient range       : [ 6.59672e-09, 1 ]
Objective value for Line heur k = 45: 3815886.7434495734
45
Actual reward of current solution: 31109885.941231214
Minimum Difference with past solutions:0.0.
New solution equals old solution at k=45
44
Total Reward at the start of the inner iterations: 31109885.941231214
Gurobi status: 2

Statistics for model Linearization Heuristic :
  Linear constraint matrix    : 8652 Constrs, 5220 Vars, 1825011 NZs
  Matrix coefficient range    : [ 1.00005e-13, 1 ]
  Objective coefficient range : [ 1.56826e-22, 2.65622e+08 ]
  Variable bound range        : [ 0.05, 1 ]
  RHS coefficient range       : [ 2.11654e-09, 1 ]
Objective value for Line heur k = 46: 3761351.064760675
44
Actual reward of current solution: 31109885.941231214
Minimum Difference with past solutions:0.0.
New solution equals old solution at k=46
43
Total Reward at the start of the inner iterations: 31109885.941231214
Gurobi status: 2

Statistics for model Linearization Heuristic :
  Linear constraint matrix    : 8487 Constrs, 5130 Vars, 1757629 NZs
  Matrix coefficient range    : [ 1.00005e-13, 1 ]
  Objective coefficient range : [ 1.56826e-22, 2.65622e+08 ]
  Variable bound range        : [ 0.05, 1 ]
  RHS coefficient range       : [ 1.17019e-09, 1 ]
Objective value for Line heur k = 47: 3706080.5701496783
43
Actual reward of current solution: 31109885.941231214
Minimum Difference with past solutions:0.0.
New solution equals old solution at k=47
42
Total Reward at the start of the inner iterations: 31109885.941231214
Gurobi status: 2

Statistics for model Linearization Heuristic :
  Linear constraint matrix    : 8322 Constrs, 5040 Vars, 1691463 NZs
  Matrix coefficient range    : [ 1.00005e-13, 1 ]
  Objective coefficient range : [ 1.56826e-22, 2.65622e+08 ]
  Variable bound range        : [ 0.05, 1 ]
  RHS coefficient range       : [ 3.65453e-09, 1 ]
Objective value for Line heur k = 48: 3650157.9640303967
42
Actual reward of current solution: 31109885.941231214
Minimum Difference with past solutions:0.0.
New solution equals old solution at k=48
41
Total Reward at the start of the inner iterations: 31109885.941231214
Gurobi status: 2

Statistics for model Linearization Heuristic :
  Linear constraint matrix    : 8157 Constrs, 4950 Vars, 1626514 NZs
  Matrix coefficient range    : [ 1.00005e-13, 1 ]
  Objective coefficient range : [ 1.56826e-22, 2.65622e+08 ]
  Variable bound range        : [ 0.05, 1 ]
  RHS coefficient range       : [ 9.32578e-10, 1 ]
Objective value for Line heur k = 49: 3593637.6626719856
41
Actual reward of current solution: 31109885.941231214
Minimum Difference with past solutions:0.0.
New solution equals old solution at k=49
40
Total Reward at the start of the inner iterations: 31109885.941231214
Gurobi status: 2

Statistics for model Linearization Heuristic :
  Linear constraint matrix    : 7992 Constrs, 4860 Vars, 1562783 NZs
  Matrix coefficient range    : [ 1.00005e-13, 1 ]
  Objective coefficient range : [ 1.56826e-22, 2.65622e+08 ]
  Variable bound range        : [ 0.05, 1 ]
  RHS coefficient range       : [ 7.06674e-09, 1 ]
Objective value for Line heur k = 50: 3536558.1218926045
40
Actual reward of current solution: 31109885.941231214
Minimum Difference with past solutions:0.0.
New solution equals old solution at k=50
39
Total Reward at the start of the inner iterations: 31109885.941231214
Gurobi status: 2

Statistics for model Linearization Heuristic :
  Linear constraint matrix    : 7827 Constrs, 4770 Vars, 1500269 NZs
  Matrix coefficient range    : [ 1.00005e-13, 1 ]
  Objective coefficient range : [ 1.56826e-22, 2.65622e+08 ]
  Variable bound range        : [ 0.05, 1 ]
  RHS coefficient range       : [ 2.13131e-10, 1 ]
Objective value for Line heur k = 51: 3478948.3658453943
39
Actual reward of current solution: 31109885.941231214
Minimum Difference with past solutions:0.0.
New solution equals old solution at k=51
38
Total Reward at the start of the inner iterations: 31109885.941231214
Gurobi status: 2

Statistics for model Linearization Heuristic :
  Linear constraint matrix    : 7662 Constrs, 4680 Vars, 1438971 NZs
  Matrix coefficient range    : [ 1.00005e-13, 1 ]
  Objective coefficient range : [ 1.56826e-22, 2.65622e+08 ]
  Variable bound range        : [ 0.05, 1 ]
  RHS coefficient range       : [ 7.00133e-10, 1 ]
Objective value for Line heur k = 52: 3420831.144687126
38
Actual reward of current solution: 31109885.941231214
Minimum Difference with past solutions:0.0.
New solution equals old solution at k=52
37
Total Reward at the start of the inner iterations: 31109885.941231214
Gurobi status: 2

Statistics for model Linearization Heuristic :
  Linear constraint matrix    : 7497 Constrs, 4590 Vars, 1378889 NZs
  Matrix coefficient range    : [ 1.00005e-13, 1 ]
  Objective coefficient range : [ 1.56826e-22, 2.65622e+08 ]
  Variable bound range        : [ 0.05, 1 ]
  RHS coefficient range       : [ 9.8396e-09, 1 ]
Objective value for Line heur k = 53: 3362223.9246189483
37
Actual reward of current solution: 31109885.941231214
Minimum Difference with past solutions:0.0.
New solution equals old solution at k=53
36
Total Reward at the start of the inner iterations: 31109885.941231214
Gurobi status: 2

Statistics for model Linearization Heuristic :
  Linear constraint matrix    : 7332 Constrs, 4500 Vars, 1320025 NZs
  Matrix coefficient range    : [ 1.00005e-13, 1 ]
  Objective coefficient range : [ 1.56826e-22, 2.65622e+08 ]
  Variable bound range        : [ 0.05, 1 ]
  RHS coefficient range       : [ 1.03536e-08, 1 ]
Objective value for Line heur k = 54: 3303138.1401218274
36
Actual reward of current solution: 31109885.941231214
Minimum Difference with past solutions:0.0.
New solution equals old solution at k=54
35
Total Reward at the start of the inner iterations: 31109885.941231214
Gurobi status: 2

Statistics for model Linearization Heuristic :
  Linear constraint matrix    : 7167 Constrs, 4410 Vars, 1262372 NZs
  Matrix coefficient range    : [ 1.00005e-13, 1 ]
  Objective coefficient range : [ 1.56826e-22, 2.65622e+08 ]
  Variable bound range        : [ 0.05, 1 ]
  RHS coefficient range       : [ 1.07118e-08, 1 ]
Objective value for Line heur k = 55: 3243576.539048036
35
Actual reward of current solution: 31109885.941231214
Minimum Difference with past solutions:0.0.
New solution equals old solution at k=55
34
Total Reward at the start of the inner iterations: 31109885.941231214
Gurobi status: 2

Statistics for model Linearization Heuristic :
  Linear constraint matrix    : 7002 Constrs, 4320 Vars, 1205993 NZs
  Matrix coefficient range    : [ 1.00005e-13, 1 ]
  Objective coefficient range : [ 1.56826e-22, 2.65622e+08 ]
  Variable bound range        : [ 0.05, 1 ]
  RHS coefficient range       : [ 1.09306e-08, 0.290099 ]
Objective value for Line heur k = 56: 3183527.8205081555
34
Actual reward of current solution: 31109885.941231214
Minimum Difference with past solutions:0.0.
New solution equals old solution at k=56
33
Total Reward at the start of the inner iterations: 31109885.941231214
Gurobi status: 2

Statistics for model Linearization Heuristic :
  Linear constraint matrix    : 6891 Constrs, 4230 Vars, 1149924 NZs
  Matrix coefficient range    : [ 1.00005e-13, 1 ]
  Objective coefficient range : [ 1.56826e-22, 2.65622e+08 ]
  Variable bound range        : [ 0.05, 1 ]
  RHS coefficient range       : [ 1.11841e-08, 1 ]
Objective value for Line heur k = 57: 3122793.631608148
33
Actual reward of current solution: 31109885.941231214
Minimum Difference with past solutions:0.0.
New solution equals old solution at k=57
32
Total Reward at the start of the inner iterations: 31109885.941231214
Gurobi status: 2

Statistics for model Linearization Heuristic :
  Linear constraint matrix    : 6726 Constrs, 4140 Vars, 1095036 NZs
  Matrix coefficient range    : [ 1.00005e-13, 1 ]
  Objective coefficient range : [ 1.56826e-22, 2.65622e+08 ]
  Variable bound range        : [ 0.05, 1 ]
  RHS coefficient range       : [ 1.13278e-08, 1 ]
Objective value for Line heur k = 58: 3061580.474657494
32
Actual reward of current solution: 31109885.941231214
Minimum Difference with past solutions:0.0.
New solution equals old solution at k=58
31
Total Reward at the start of the inner iterations: 31109885.941231214
Gurobi status: 2

Statistics for model Linearization Heuristic :
  Linear constraint matrix    : 6561 Constrs, 4050 Vars, 1041383 NZs
  Matrix coefficient range    : [ 1.00005e-13, 1 ]
  Objective coefficient range : [ 1.56826e-22, 2.65622e+08 ]
  Variable bound range        : [ 0.05, 1 ]
  RHS coefficient range       : [ 1.12169e-08, 1 ]
Objective value for Line heur k = 59: 2999915.848913575
31
Actual reward of current solution: 31109885.941231214
Minimum Difference with past solutions:0.0.
New solution equals old solution at k=59
30
Total Reward at the start of the inner iterations: 31109885.941231214
Gurobi status: 2

Statistics for model Linearization Heuristic :
  Linear constraint matrix    : 6396 Constrs, 3960 Vars, 988965 NZs
  Matrix coefficient range    : [ 1.00005e-13, 1 ]
  Objective coefficient range : [ 1.56826e-22, 2.65622e+08 ]
  Variable bound range        : [ 0.05, 1 ]
  RHS coefficient range       : [ 1.07668e-08, 1 ]
Objective value for Line heur k = 60: 2937823.69073298
30
Actual reward of current solution: 31109885.941231214
Minimum Difference with past solutions:0.0.
New solution equals old solution at k=60
29
Total Reward at the start of the inner iterations: 31109885.941231214
Gurobi status: 2

Statistics for model Linearization Heuristic :
  Linear constraint matrix    : 6231 Constrs, 3870 Vars, 937782 NZs
  Matrix coefficient range    : [ 1.00005e-13, 1 ]
  Objective coefficient range : [ 1.56826e-22, 2.65622e+08 ]
  Variable bound range        : [ 0.05, 1 ]
  RHS coefficient range       : [ 1.03208e-08, 1 ]
Objective value for Line heur k = 61: 2875325.6420720755
29
Actual reward of current solution: 31109885.941231214
Minimum Difference with past solutions:0.0.
New solution equals old solution at k=61
28
Total Reward at the start of the inner iterations: 31109885.941231214
Gurobi status: 2

Statistics for model Linearization Heuristic :
  Linear constraint matrix    : 6066 Constrs, 3780 Vars, 887834 NZs
  Matrix coefficient range    : [ 1.00005e-13, 1 ]
  Objective coefficient range : [ 1.56826e-22, 2.65622e+08 ]
  Variable bound range        : [ 0.05, 1 ]
  RHS coefficient range       : [ 2.37574e-09, 1 ]
Objective value for Line heur k = 62: 2812441.7966766097
28
Actual reward of current solution: 31109885.941231214
Minimum Difference with past solutions:0.0.
New solution equals old solution at k=62
27
Total Reward at the start of the inner iterations: 31109885.941231214
Gurobi status: 2

Statistics for model Linearization Heuristic :
  Linear constraint matrix    : 5901 Constrs, 3690 Vars, 839121 NZs
  Matrix coefficient range    : [ 1.00005e-13, 1 ]
  Objective coefficient range : [ 1.56826e-22, 2.65622e+08 ]
  Variable bound range        : [ 0.05, 1 ]
  RHS coefficient range       : [ 5.53571e-09, 1 ]
Objective value for Line heur k = 63: 2749191.1372634745
27
Actual reward of current solution: 31109885.941231214
Minimum Difference with past solutions:0.0.
New solution equals old solution at k=63
26
Total Reward at the start of the inner iterations: 31109885.941231214
Gurobi status: 2

Statistics for model Linearization Heuristic :
  Linear constraint matrix    : 5736 Constrs, 3600 Vars, 791643 NZs
  Matrix coefficient range    : [ 1.00005e-13, 1 ]
  Objective coefficient range : [ 1.56826e-22, 2.65622e+08 ]
  Variable bound range        : [ 0.05, 1 ]
  RHS coefficient range       : [ 9.02988e-09, 1 ]
Objective value for Line heur k = 64: 2685591.7898461674
26
Actual reward of current solution: 31109885.941231214
Minimum Difference with past solutions:0.0.
New solution equals old solution at k=64
25
Total Reward at the start of the inner iterations: 31109885.941231214
Gurobi status: 2

Statistics for model Linearization Heuristic :
  Linear constraint matrix    : 5571 Constrs, 3510 Vars, 745401 NZs
  Matrix coefficient range    : [ 1.00005e-13, 1 ]
  Objective coefficient range : [ 1.56826e-22, 2.65622e+08 ]
  Variable bound range        : [ 0.05, 1 ]
  RHS coefficient range       : [ 8.6207e-09, 1 ]
Objective value for Line heur k = 65: 2621661.1701585343
25
Actual reward of current solution: 31109885.941231214
Minimum Difference with past solutions:0.0.
New solution equals old solution at k=65
24
Total Reward at the start of the inner iterations: 31109885.941231214
Gurobi status: 2

Statistics for model Linearization Heuristic :
  Linear constraint matrix    : 5406 Constrs, 3420 Vars, 700394 NZs
  Matrix coefficient range    : [ 1.00005e-13, 1 ]
  Objective coefficient range : [ 1.56826e-22, 2.65622e+08 ]
  Variable bound range        : [ 0.05, 1 ]
  RHS coefficient range       : [ 8.224e-09, 1 ]
Objective value for Line heur k = 66: 2557416.0668695243
24
Actual reward of current solution: 31109885.941231214
Minimum Difference with past solutions:0.0.
New solution equals old solution at k=66
23
Total Reward at the start of the inner iterations: 31109885.941231214
Gurobi status: 2

Statistics for model Linearization Heuristic :
  Linear constraint matrix    : 5241 Constrs, 3330 Vars, 656622 NZs
  Matrix coefficient range    : [ 1.00005e-13, 1 ]
  Objective coefficient range : [ 1.56826e-22, 2.65622e+08 ]
  Variable bound range        : [ 0.05, 1 ]
  RHS coefficient range       : [ 7.84046e-09, 1 ]
Objective value for Line heur k = 67: 2492872.688287863
23
Actual reward of current solution: 31109885.941231214
Minimum Difference with past solutions:0.0.
New solution equals old solution at k=67
22
Total Reward at the start of the inner iterations: 31109885.941231214
Gurobi status: 2

Statistics for model Linearization Heuristic :
  Linear constraint matrix    : 5076 Constrs, 3240 Vars, 614085 NZs
  Matrix coefficient range    : [ 1.00005e-13, 1 ]
  Objective coefficient range : [ 1.56826e-22, 2.65622e+08 ]
  Variable bound range        : [ 0.05, 1 ]
  RHS coefficient range       : [ 7.47056e-09, 1 ]
Objective value for Line heur k = 68: 2428046.6884987326
22
Actual reward of current solution: 31109885.941231214
Minimum Difference with past solutions:0.0.
New solution equals old solution at k=68
21
Total Reward at the start of the inner iterations: 31109885.941231214
Gurobi status: 2

Statistics for model Linearization Heuristic :
  Linear constraint matrix    : 4911 Constrs, 3150 Vars, 572784 NZs
  Matrix coefficient range    : [ 1.00005e-13, 1 ]
  Objective coefficient range : [ 1.56826e-22, 2.65622e+08 ]
  Variable bound range        : [ 0.05, 1 ]
  RHS coefficient range       : [ 7.11457e-09, 1 ]
Objective value for Line heur k = 69: 2362953.1824137187
21
Actual reward of current solution: 31109885.941231214
Minimum Difference with past solutions:0.0.
New solution equals old solution at k=69
20
Total Reward at the start of the inner iterations: 31109885.941231214
Gurobi status: 2

Statistics for model Linearization Heuristic :
  Linear constraint matrix    : 4746 Constrs, 3060 Vars, 532774 NZs
  Matrix coefficient range    : [ 1.00005e-13, 1 ]
  Objective coefficient range : [ 1.56826e-22, 2.65622e+08 ]
  Variable bound range        : [ 0.05, 1 ]
  RHS coefficient range       : [ 6.77259e-09, 0.289978 ]
Objective value for Line heur k = 70: 2297606.7553233583
20
Actual reward of current solution: 31109885.941231214
Minimum Difference with past solutions:0.0.
New solution equals old solution at k=70
19
Total Reward at the start of the inner iterations: 31109885.941231214
Gurobi status: 2

Statistics for model Linearization Heuristic :
  Linear constraint matrix    : 4635 Constrs, 2970 Vars, 494000 NZs
  Matrix coefficient range    : [ 1.00005e-13, 1 ]
  Objective coefficient range : [ 1.56826e-22, 2.65622e+08 ]
  Variable bound range        : [ 0.05, 1 ]
  RHS coefficient range       : [ 6.44459e-09, 1 ]
Objective value for Line heur k = 71: 2232021.4701931225
19
Actual reward of current solution: 31109885.941231214
Minimum Difference with past solutions:0.0.
New solution equals old solution at k=71
18
Total Reward at the start of the inner iterations: 31109885.941231214
Gurobi status: 2

Statistics for model Linearization Heuristic :
  Linear constraint matrix    : 4470 Constrs, 2880 Vars, 456407 NZs
  Matrix coefficient range    : [ 1.00005e-13, 1 ]
  Objective coefficient range : [ 1.56826e-22, 2.65622e+08 ]
  Variable bound range        : [ 0.05, 1 ]
  RHS coefficient range       : [ 6.13045e-09, 1 ]
Objective value for Line heur k = 72: 2166210.8745311117
18
Actual reward of current solution: 31109885.941231214
Minimum Difference with past solutions:0.0.
New solution equals old solution at k=72
17
Total Reward at the start of the inner iterations: 31109885.941231214
Gurobi status: 2

Statistics for model Linearization Heuristic :
  Linear constraint matrix    : 4305 Constrs, 2790 Vars, 420050 NZs
  Matrix coefficient range    : [ 1.00005e-13, 1 ]
  Objective coefficient range : [ 1.56826e-22, 2.65622e+08 ]
  Variable bound range        : [ 0.05, 1 ]
  RHS coefficient range       : [ 5.82995e-09, 1 ]
Objective value for Line heur k = 73: 2100188.007812
17
Actual reward of current solution: 31109885.941231214
Minimum Difference with past solutions:0.0.
New solution equals old solution at k=73
16
Total Reward at the start of the inner iterations: 31109885.941231214
Gurobi status: 2

Statistics for model Linearization Heuristic :
  Linear constraint matrix    : 4140 Constrs, 2700 Vars, 384930 NZs
  Matrix coefficient range    : [ 1.00005e-13, 1 ]
  Objective coefficient range : [ 1.56826e-22, 2.65622e+08 ]
  Variable bound range        : [ 0.05, 1 ]
  RHS coefficient range       : [ 5.54279e-09, 1 ]
Objective value for Line heur k = 74: 2033965.4099500156
16
Actual reward of current solution: 31109885.941231214
Minimum Difference with past solutions:0.0.
New solution equals old solution at k=74
15
Total Reward at the start of the inner iterations: 31109885.941231214
Gurobi status: 2

Statistics for model Linearization Heuristic :
  Linear constraint matrix    : 3975 Constrs, 2610 Vars, 351046 NZs
  Matrix coefficient range    : [ 1.00172e-13, 1 ]
  Objective coefficient range : [ 1.56826e-22, 2.65622e+08 ]
  Variable bound range        : [ 0.05, 1 ]
  RHS coefficient range       : [ 4.93017e-09, 1 ]
Objective value for Line heur k = 75: 1967555.1310421792
15
Actual reward of current solution: 31109885.941231214
Minimum Difference with past solutions:0.0.
New solution equals old solution at k=75
14
Total Reward at the start of the inner iterations: 31109885.941231214
Gurobi status: 2

Statistics for model Linearization Heuristic :
  Linear constraint matrix    : 3810 Constrs, 2520 Vars, 318399 NZs
  Matrix coefficient range    : [ 1.00172e-13, 1 ]
  Objective coefficient range : [ 6.69304e-22, 2.65622e+08 ]
  Variable bound range        : [ 0.05, 1 ]
  RHS coefficient range       : [ 3.73798e-09, 1 ]
Objective value for Line heur k = 76: 1900968.7424785392
14
Actual reward of current solution: 31109885.941231214
Minimum Difference with past solutions:0.0.
New solution equals old solution at k=76
13
Total Reward at the start of the inner iterations: 31109885.941231214
Gurobi status: 2

Statistics for model Linearization Heuristic :
  Linear constraint matrix    : 3645 Constrs, 2430 Vars, 286988 NZs
  Matrix coefficient range    : [ 1.00172e-13, 1 ]
  Objective coefficient range : [ 6.69304e-22, 2.65622e+08 ]
  Variable bound range        : [ 0.05, 1 ]
  RHS coefficient range       : [ 6.2687e-11, 1 ]
Objective value for Line heur k = 77: 1834217.3495011488
13
Actual reward of current solution: 31109885.941231214
Minimum Difference with past solutions:0.0.
New solution equals old solution at k=77
12
Total Reward at the start of the inner iterations: 31109885.941231214
Gurobi status: 2

Statistics for model Linearization Heuristic :
  Linear constraint matrix    : 3480 Constrs, 2340 Vars, 256814 NZs
  Matrix coefficient range    : [ 1.00172e-13, 1 ]
  Objective coefficient range : [ 6.69304e-22, 2.65622e+08 ]
  Variable bound range        : [ 0.05, 1 ]
  RHS coefficient range       : [ 4.05598e-10, 1 ]
Objective value for Line heur k = 78: 1767311.6053808904
12
Actual reward of current solution: 31109885.941231214
Minimum Difference with past solutions:0.0.
New solution equals old solution at k=78
11
Total Reward at the start of the inner iterations: 31109885.941231214
Gurobi status: 2

Statistics for model Linearization Heuristic :
  Linear constraint matrix    : 3315 Constrs, 2250 Vars, 227877 NZs
  Matrix coefficient range    : [ 1.00172e-13, 1 ]
  Objective coefficient range : [ 6.69304e-22, 2.65622e+08 ]
  Variable bound range        : [ 0.05, 1 ]
  RHS coefficient range       : [ 1.55519e-11, 1 ]
Objective value for Line heur k = 79: 1700261.7275928291
11
Actual reward of current solution: 31109885.941231214
Minimum Difference with past solutions:0.0.
New solution equals old solution at k=79
10
Total Reward at the start of the inner iterations: 31109885.941231214
Gurobi status: 2

Statistics for model Linearization Heuristic :
  Linear constraint matrix    : 3150 Constrs, 2160 Vars, 200178 NZs
  Matrix coefficient range    : [ 1.00172e-13, 1 ]
  Objective coefficient range : [ 6.69304e-22, 2.65622e+08 ]
  Variable bound range        : [ 0.05, 1 ]
  RHS coefficient range       : [ 1.03519e-09, 1 ]
Objective value for Line heur k = 80: 1633077.5167659814
10
Actual reward of current solution: 31109885.941231214
Minimum Difference with past solutions:0.0.
New solution equals old solution at k=80
9
Total Reward at the start of the inner iterations: 31109885.941231214
Gurobi status: 2

Statistics for model Linearization Heuristic :
  Linear constraint matrix    : 2985 Constrs, 2070 Vars, 173716 NZs
  Matrix coefficient range    : [ 1.00172e-13, 1 ]
  Objective coefficient range : [ 6.69304e-22, 2.65622e+08 ]
  Variable bound range        : [ 0.05, 1 ]
  RHS coefficient range       : [ 2.2317e-09, 1 ]
Objective value for Line heur k = 81: 1565768.37987871
9
Actual reward of current solution: 31109885.941231214
Minimum Difference with past solutions:0.0.
New solution equals old solution at k=81
8
Total Reward at the start of the inner iterations: 31109885.941231214
Gurobi status: 2

Statistics for model Linearization Heuristic :
  Linear constraint matrix    : 2820 Constrs, 1980 Vars, 148492 NZs
  Matrix coefficient range    : [ 1.00172e-13, 1 ]
  Objective coefficient range : [ 6.69304e-22, 2.65622e+08 ]
  Variable bound range        : [ 0.05, 1 ]
  RHS coefficient range       : [ 3.43161e-09, 1 ]
Objective value for Line heur k = 82: 1498343.360376813
8
Actual reward of current solution: 31109885.941231214
Minimum Difference with past solutions:0.0.
New solution equals old solution at k=82
7
Total Reward at the start of the inner iterations: 31109885.941231214
Gurobi status: 2

Statistics for model Linearization Heuristic :
  Linear constraint matrix    : 2655 Constrs, 1890 Vars, 124506 NZs
  Matrix coefficient range    : [ 1.00172e-13, 1 ]
  Objective coefficient range : [ 6.69304e-22, 2.65622e+08 ]
  Variable bound range        : [ 0.05, 1 ]
  RHS coefficient range       : [ 4.63742e-09, 1 ]
Objective value for Line heur k = 83: 1430811.179977635
7
Actual reward of current solution: 31109885.941231214
Minimum Difference with past solutions:0.0.
New solution equals old solution at k=83
6
Total Reward at the start of the inner iterations: 31109885.941231214
Gurobi status: 2

Statistics for model Linearization Heuristic :
  Linear constraint matrix    : 2490 Constrs, 1800 Vars, 101821 NZs
  Matrix coefficient range    : [ 1.00172e-13, 1 ]
  Objective coefficient range : [ 6.69304e-22, 2.65622e+08 ]
  Variable bound range        : [ 0.05, 1 ]
  RHS coefficient range       : [ 5.85348e-09, 0.289906 ]
Objective value for Line heur k = 84: 1363180.3005353403
6
Actual reward of current solution: 31109885.941231214
Minimum Difference with past solutions:0.0.
New solution equals old solution at k=84
5
Total Reward at the start of the inner iterations: 31109885.941231214
Gurobi status: 2

Statistics for model Linearization Heuristic :
  Linear constraint matrix    : 2379 Constrs, 1710 Vars, 80388 NZs
  Matrix coefficient range    : [ 1.00172e-13, 1 ]
  Objective coefficient range : [ 6.69304e-22, 2.65622e+08 ]
  Variable bound range        : [ 0.05, 1 ]
  RHS coefficient range       : [ 7.08734e-09, 1 ]
Objective value for Line heur k = 85: 1295459.0206012484
5
Actual reward of current solution: 31109885.941231214
Minimum Difference with past solutions:0.0.
New solution equals old solution at k=85
4
Total Reward at the start of the inner iterations: 31109885.941231214
Gurobi status: 2

Statistics for model Linearization Heuristic :
  Linear constraint matrix    : 2214 Constrs, 1620 Vars, 60176 NZs
  Matrix coefficient range    : [ 1.00261e-13, 1 ]
  Objective coefficient range : [ 6.69304e-22, 2.65622e+08 ]
  Variable bound range        : [ 0.05, 1 ]
  RHS coefficient range       : [ 8.3521e-09, 1 ]
Objective value for Line heur k = 86: 1227655.6321644878
4
Actual reward of current solution: 31109885.941231214
Minimum Difference with past solutions:0.0.
New solution equals old solution at k=86
3
Total Reward at the start of the inner iterations: 31109885.941231214
Gurobi status: 2

Statistics for model Linearization Heuristic :
  Linear constraint matrix    : 2049 Constrs, 1530 Vars, 41288 NZs
  Matrix coefficient range    : [ 1.0027e-13, 1 ]
  Objective coefficient range : [ 6.69304e-22, 2.65622e+08 ]
  Variable bound range        : [ 0.05, 1 ]
  RHS coefficient range       : [ 9.67053e-09, 1 ]
Objective value for Line heur k = 87: 1159778.6818792955
3
Actual reward of current solution: 31109885.941231214
Minimum Difference with past solutions:0.0.
New solution equals old solution at k=87
2
Total Reward at the start of the inner iterations: 31109885.941231214
Gurobi status: 2

Statistics for model Linearization Heuristic :
  Linear constraint matrix    : 1884 Constrs, 1440 Vars, 23926 NZs
  Matrix coefficient range    : [ 1.11025e-13, 1 ]
  Objective coefficient range : [ 6.69304e-22, 2.65622e+08 ]
  Variable bound range        : [ 0.05, 1 ]
  RHS coefficient range       : [ 1.10821e-08, 1 ]
Objective value for Line heur k = 88: 1091837.4137327287
2
Actual reward of current solution: 31109885.941231214
Minimum Difference with past solutions:0.0.
New solution equals old solution at k=88
1
Total Reward at the start of the inner iterations: 31109885.941231214
Gurobi status: 2

Statistics for model Linearization Heuristic :
  Linear constraint matrix    : 1719 Constrs, 1350 Vars, 11836 NZs
  Matrix coefficient range    : [ 1.15666e-13, 1 ]
  Objective coefficient range : [ 1.38778e-17, 2.65622e+08 ]
  Variable bound range        : [ 0.05, 1 ]
  RHS coefficient range       : [ 1.26554e-08, 1 ]
Objective value for Line heur k = 89: 1023842.5267394198
1
Actual reward of current solution: 31109885.941231214
Minimum Difference with past solutions:0.0.
New solution equals old solution at k=89
0
Total Reward at the start of the inner iterations: 31109885.941231214
Gurobi status: 2

Statistics for model Linearization Heuristic :
  Linear constraint matrix    : 1554 Constrs, 1260 Vars, 2709 NZs
  Matrix coefficient range    : [ 0.288979, 1 ]
  Objective coefficient range : [ 1.38778e-17, 2.65622e+08 ]
  Variable bound range        : [ 0.05, 1 ]
  RHS coefficient range       : [ 1.45093e-08, 0.289886 ]
Objective value for Line heur k = 90: 955807.4794861884
0
Actual reward of current solution: 31109885.941231214
Minimum Difference with past solutions:0.0.
New solution equals old solution at k=90
0
Total Reward at the start of the inner iterations: 31109885.941231214
Gurobi status: 2

Statistics for model Linearization Heuristic :
  Linear constraint matrix    : 1443 Constrs, 1170 Vars, 2457 NZs
  Matrix coefficient range    : [ 0.317935, 1 ]
  Objective coefficient range : [ 1.38778e-17, 2.65622e+08 ]
  Variable bound range        : [ 0.05, 1 ]
  RHS coefficient range       : [ 1.45093e-08, 0.289886 ]
Objective value for Line heur k = 91: 887535.513548283
0
Actual reward of current solution: 31109885.941231214
Minimum Difference with past solutions:0.0.
New solution equals old solution at k=91
0
Total Reward at the start of the inner iterations: 31109885.941231214
Gurobi status: 2

Statistics for model Linearization Heuristic :
  Linear constraint matrix    : 1332 Constrs, 1080 Vars, 2214 NZs
  Matrix coefficient range    : [ 0.349792, 1 ]
  Objective coefficient range : [ 1.38778e-17, 2.65622e+08 ]
  Variable bound range        : [ 0.05, 1 ]
  RHS coefficient range       : [ 1.45093e-08, 0.289886 ]
Objective value for Line heur k = 92: 819263.548322889
0
Actual reward of current solution: 31109885.941231214
Minimum Difference with past solutions:0.0.
New solution equals old solution at k=92
0
Total Reward at the start of the inner iterations: 31109885.941231214
Gurobi status: 2

Statistics for model Linearization Heuristic :
  Linear constraint matrix    : 1221 Constrs, 990 Vars, 1980 NZs
  Matrix coefficient range    : [ 0.384842, 1 ]
  Objective coefficient range : [ 1.38778e-17, 2.65622e+08 ]
  Variable bound range        : [ 0.05, 1 ]
  RHS coefficient range       : [ 1.45093e-08, 0.289886 ]
Objective value for Line heur k = 93: 750991.5837760919
0
Actual reward of current solution: 31109885.941231214
Minimum Difference with past solutions:0.0.
New solution equals old solution at k=93
0
Total Reward at the start of the inner iterations: 31109885.941231214
Gurobi status: 2

Statistics for model Linearization Heuristic :
  Linear constraint matrix    : 1110 Constrs, 900 Vars, 1755 NZs
  Matrix coefficient range    : [ 0.423403, 1 ]
  Objective coefficient range : [ 1.38778e-17, 2.65622e+08 ]
  Variable bound range        : [ 0.05, 1 ]
  RHS coefficient range       : [ 1.45093e-08, 0.289886 ]
Objective value for Line heur k = 94: 682719.6198464036
0
Actual reward of current solution: 31109885.941231214
Minimum Difference with past solutions:0.0.
New solution equals old solution at k=94
0
Total Reward at the start of the inner iterations: 31109885.941231214
Gurobi status: 2

Statistics for model Linearization Heuristic :
  Linear constraint matrix    : 999 Constrs, 810 Vars, 1539 NZs
  Matrix coefficient range    : [ 0.465828, 1 ]
  Objective coefficient range : [ 1.38778e-17, 2.65622e+08 ]
  Variable bound range        : [ 0.05, 1 ]
  RHS coefficient range       : [ 1.45093e-08, 0.289886 ]
Objective value for Line heur k = 95: 614447.6564606677
0
Actual reward of current solution: 31109885.941231214
Minimum Difference with past solutions:0.0.
New solution equals old solution at k=95
0
Total Reward at the start of the inner iterations: 31109885.941231214
Gurobi status: 2

Statistics for model Linearization Heuristic :
  Linear constraint matrix    : 888 Constrs, 720 Vars, 1332 NZs
  Matrix coefficient range    : [ 0.512504, 1 ]
  Objective coefficient range : [ 1.38778e-17, 2.65622e+08 ]
  Variable bound range        : [ 0.05, 1 ]
  RHS coefficient range       : [ 1.45093e-08, 0.289886 ]
Objective value for Line heur k = 96: 546175.6935437373
0
Actual reward of current solution: 31109885.941231214
Minimum Difference with past solutions:0.0.
New solution equals old solution at k=96
0
Total Reward at the start of the inner iterations: 31109885.941231214
Gurobi status: 2

Statistics for model Linearization Heuristic :
  Linear constraint matrix    : 777 Constrs, 630 Vars, 1134 NZs
  Matrix coefficient range    : [ 0.563857, 1 ]
  Objective coefficient range : [ 1.38778e-17, 2.65622e+08 ]
  Variable bound range        : [ 0.05, 1 ]
  RHS coefficient range       : [ 1.45093e-08, 0.289886 ]
Objective value for Line heur k = 97: 477903.7310240396
0
Actual reward of current solution: 31109885.941231214
Minimum Difference with past solutions:0.0.
New solution equals old solution at k=97
0
Total Reward at the start of the inner iterations: 31109885.941231214
Gurobi status: 2

Statistics for model Linearization Heuristic :
  Linear constraint matrix    : 666 Constrs, 540 Vars, 945 NZs
  Matrix coefficient range    : [ 0.620356, 1 ]
  Objective coefficient range : [ 1.38778e-17, 2.65622e+08 ]
  Variable bound range        : [ 0.05, 1 ]
  RHS coefficient range       : [ 1.45093e-08, 0.289886 ]
Objective value for Line heur k = 98: 409631.7688364892
0
Actual reward of current solution: 31109885.941231214
Minimum Difference with past solutions:0.0.
New solution equals old solution at k=98
0
Total Reward at the start of the inner iterations: 31109885.941231214
Gurobi status: 2

Statistics for model Linearization Heuristic :
  Linear constraint matrix    : 555 Constrs, 450 Vars, 765 NZs
  Matrix coefficient range    : [ 0.682516, 1 ]
  Objective coefficient range : [ 1.38778e-17, 2.65622e+08 ]
  Variable bound range        : [ 0.05, 1 ]
  RHS coefficient range       : [ 1.45093e-08, 0.289886 ]
Objective value for Line heur k = 99: 341359.80692371604
0
Actual reward of current solution: 31109885.941231214
Minimum Difference with past solutions:0.0.
New solution equals old solution at k=99
0
Total Reward at the start of the inner iterations: 31109885.941231214
Gurobi status: 2

Statistics for model Linearization Heuristic :
  Linear constraint matrix    : 444 Constrs, 360 Vars, 594 NZs
  Matrix coefficient range    : [ 0.750904, 1 ]
  Objective coefficient range : [ 1.38778e-17, 2.65622e+08 ]
  Variable bound range        : [ 0.05, 1 ]
  RHS coefficient range       : [ 1.45093e-08, 0.289886 ]
Objective value for Line heur k = 100: 273087.8452362754
0
Actual reward of current solution: 31109885.941231214
Minimum Difference with past solutions:0.0.
New solution equals old solution at k=100
0
Total Reward at the start of the inner iterations: 31109885.941231214
Gurobi status: 2

Statistics for model Linearization Heuristic :
  Linear constraint matrix    : 333 Constrs, 270 Vars, 432 NZs
  Matrix coefficient range    : [ 0.826145, 1 ]
  Objective coefficient range : [ 1.38778e-17, 2.65622e+08 ]
  Variable bound range        : [ 0.05, 1 ]
  RHS coefficient range       : [ 1.45093e-08, 0.289886 ]
Objective value for Line heur k = 101: 204815.8837322731
0
Actual reward of current solution: 31109885.941231214
Minimum Difference with past solutions:0.0.
New solution equals old solution at k=101
0
Total Reward at the start of the inner iterations: 31109885.941231214
Gurobi status: 2

Statistics for model Linearization Heuristic :
  Linear constraint matrix    : 222 Constrs, 180 Vars, 279 NZs
  Matrix coefficient range    : [ 0.908925, 1 ]
  Objective coefficient range : [ 7.73435e-05, 2.65622e+08 ]
  Variable bound range        : [ 0.05, 1 ]
  RHS coefficient range       : [ 1.45093e-08, 0.289886 ]
Objective value for Line heur k = 102: 136543.92237667803
0
Actual reward of current solution: 31109885.941231214
Minimum Difference with past solutions:0.0.
New solution equals old solution at k=102
0
Total Reward at the start of the inner iterations: 31109885.941231214
Gurobi status: 2

Statistics for model Linearization Heuristic :
  Linear constraint matrix    : 111 Constrs, 90 Vars, 135 NZs
  Matrix coefficient range    : [ 1, 1 ]
  Objective coefficient range : [ 103.628, 2.65622e+08 ]
  Variable bound range        : [ 0.05, 1 ]
  RHS coefficient range       : [ 1.45093e-08, 0.289886 ]
Objective value for Line heur k = 103: 68271.96114050887
0
Actual reward of current solution: 31109885.941231214
Minimum Difference with past solutions:0.0.
New solution equals old solution at k=103
Total running time for 90 days is 1818.3935585021973
Economic Value: 57890577.00970371
Deaths 0.10269113268251998
Total Reward 31109885.941231214
