{'groups': 'all', 'params_to_try': {'delta_schooling': [0.5], 'xi': [0, 371990.3, 929975.75, 1859951.5, 3719903, 5579854.5], 'icus': [2900], 'tests': [[60000, 0]], 'testing': ['homogeneous'], 'eta': [0.1]}}
{'groups': 'all', 'params_to_try': {'delta_schooling': [0.5], 'xi': [0, 371990.3, 929975.75, 1859951.5, 3719903, 5579854.5], 'icus': [2900], 'tests': [[60000, 0]], 'testing': ['homogeneous'], 'eta': [0.1]}}
{'groups': 'all', 'params_to_try': {'delta_schooling': [0.6150526018449698], 'icus': [2900], 'eta': [0.03991774127082002], 'tests': [[0, 0]], 'xi': [22319418.0], 'testing': ['homogeneous']}}
results/time_gradient/xi-22319418_icus-2900_testing-homogeneous_natests-0_nmtests-0_T-90_startday-0_groups-all_dschool-0.615053_eta-0.039918_freq-90-14_initParamVarying-multiplier_beta_randomInstance-85.yaml
{'groups': 'all', 'params_to_try': {'delta_schooling': [0.5], 'xi': [0, 371990.3, 929975.75, 1859951.5, 3719903, 5579854.5], 'icus': [2900], 'tests': [[60000, 0]], 'testing': ['homogeneous'], 'eta': [0.1]}}
{'groups': 'all', 'params_to_try': {'delta_schooling': [0.5], 'xi': [0, 371990.3, 929975.75, 1859951.5, 3719903, 5579854.5], 'icus': [2900], 'tests': [[60000, 0]], 'testing': ['homogeneous'], 'eta': [0.1]}}
{'groups': 'all', 'params_to_try': {'delta_schooling': [0.6150526018449698], 'icus': [2900], 'eta': [0.03991774127082002], 'tests': [[0, 0]], 'xi': [22319418.0], 'testing': ['homogeneous']}}
results/dynamic_gradient/xi-22319418_icus-2900_testing-homogeneous_natests-0_nmtests-0_T-90_startday-0_groups-all_dschool-0.615053_eta-0.039918_freq-90-14_initParamVarying-multiplier_beta_randomInstance-85.yaml
500
(0.5, 223194180.0, 0.29, 0.0, (7, 14), 'fitted-scaled', 'econ-scaled', 'oct21-scaled', 0.1, 0.05, 2, 'dynamic_gradient', 85, 'multiplier_beta')
The value of T is: 104
Missing starting point -- Running the initial heuristic.
/home/groups/daniancu/covid-optimization/covid-optimization
90
Total Reward at the start of the inner iterations: 34523812.56726801
Using license file /share/software/user/restricted/gurobi/9.0.3_py36/licenses/gurobi.lic
Set parameter TokenServer to value license4.stanford.edu
Gurobi status: 2

Statistics for model Linearization Heuristic :
  Linear constraint matrix    : 16026 Constrs, 9360 Vars, 5516364 NZs
  Matrix coefficient range    : [ 1.00357e-13, 1 ]
  Objective coefficient range : [ 4.98356e-23, 2.28423e+08 ]
  Variable bound range        : [ 0.05, 1 ]
  RHS coefficient range       : [ 6.06291e-08, 0.291796 ]
Objective value for Line heur k = 0: 4869428.869279916
90
Actual reward of current solution: 33789325.16145961
Minimum Difference with past solutions:0.050000000000000044.
Gurobi status: 2

Statistics for model Linearization Heuristic :
  Linear constraint matrix    : 16026 Constrs, 9360 Vars, 6321021 NZs
  Matrix coefficient range    : [ 1.00177e-13, 1 ]
  Objective coefficient range : [ 2.86059e-22, 2.28423e+08 ]
  Variable bound range        : [ 0.05, 1 ]
  RHS coefficient range       : [ 1.40871e-07, 0.292576 ]
Objective value for Line heur k = 0: 4049389.48059257
90
Actual reward of current solution: 34548979.02788691
Minimum Difference with past solutions:0.050000000000000044.
Gurobi status: 2

Statistics for model Linearization Heuristic :
  Linear constraint matrix    : 16026 Constrs, 9360 Vars, 5516414 NZs
  Matrix coefficient range    : [ 1.00004e-13, 1 ]
  Objective coefficient range : [ 2.1399e-22, 2.28423e+08 ]
  Variable bound range        : [ 0.05, 1 ]
  RHS coefficient range       : [ 6.49409e-08, 0.291872 ]
Objective value for Line heur k = 0: 4886767.084750706
90
Actual reward of current solution: 33805325.356292225
Minimum Difference with past solutions:0.050000000000000044.
Gurobi status: 2

Statistics for model Linearization Heuristic :
  Linear constraint matrix    : 16026 Constrs, 9360 Vars, 6321061 NZs
  Matrix coefficient range    : [ 1.00239e-13, 1 ]
  Objective coefficient range : [ 6.79569e-23, 2.28423e+08 ]
  Variable bound range        : [ 0.05, 1 ]
  RHS coefficient range       : [ 1.44836e-07, 0.292693 ]
Objective value for Line heur k = 0: 4043599.948570958
90
Actual reward of current solution: 34574611.555069305
Minimum Difference with past solutions:0.050000000000000044.
Gurobi status: 2

Statistics for model Linearization Heuristic :
  Linear constraint matrix    : 16026 Constrs, 9360 Vars, 5516447 NZs
  Matrix coefficient range    : [ 1.0013e-13, 1 ]
  Objective coefficient range : [ 3.55131e-22, 2.28423e+08 ]
  Variable bound range        : [ 0.05, 1 ]
  RHS coefficient range       : [ 7.0377e-08, 0.291941 ]
Objective value for Line heur k = 0: 4905214.303745803
90
Actual reward of current solution: 33822536.72908828
Minimum Difference with past solutions:0.050000000000000044.
Gurobi status: 2

Statistics for model Linearization Heuristic :
  Linear constraint matrix    : 16026 Constrs, 9360 Vars, 6321093 NZs
  Matrix coefficient range    : [ 1.0021e-13, 1 ]
  Objective coefficient range : [ 2.9218e-22, 2.28423e+08 ]
  Variable bound range        : [ 0.05, 1 ]
  RHS coefficient range       : [ 1.48132e-07, 0.292795 ]
Objective value for Line heur k = 0: 4040381.0743870013
90
Actual reward of current solution: 34600543.47963104
Minimum Difference with past solutions:0.050000000000000044.
Gurobi status: 2

Statistics for model Linearization Heuristic :
  Linear constraint matrix    : 16026 Constrs, 9360 Vars, 5516478 NZs
  Matrix coefficient range    : [ 1.00176e-13, 1 ]
  Objective coefficient range : [ 1.27238e-21, 2.28423e+08 ]
  Variable bound range        : [ 0.05, 1 ]
  RHS coefficient range       : [ 7.37422e-08, 0.291991 ]
Objective value for Line heur k = 0: 4922637.529560769
90
Actual reward of current solution: 33842940.18911031
Minimum Difference with past solutions:0.050000000000000044.
Gurobi status: 2

Statistics for model Linearization Heuristic :
  Linear constraint matrix    : 16026 Constrs, 9360 Vars, 6321107 NZs
  Matrix coefficient range    : [ 1.00175e-13, 1 ]
  Objective coefficient range : [ 4.55153e-22, 2.28423e+08 ]
  Variable bound range        : [ 0.05, 1 ]
  RHS coefficient range       : [ 1.50628e-07, 0.292866 ]
Objective value for Line heur k = 0: 4043554.996444525
90
Actual reward of current solution: 34626775.61828845
Minimum Difference with past solutions:0.050000000000000044.
Gurobi status: 2

Statistics for model Linearization Heuristic :
  Linear constraint matrix    : 16026 Constrs, 9360 Vars, 5516490 NZs
  Matrix coefficient range    : [ 1.00043e-13, 1 ]
  Objective coefficient range : [ 3.64554e-23, 2.28423e+08 ]
  Variable bound range        : [ 0.05, 1 ]
  RHS coefficient range       : [ 7.42668e-08, 0.292027 ]
Objective value for Line heur k = 0: 4941156.10089069
90
Actual reward of current solution: 33865267.58122313
Minimum Difference with past solutions:0.050000000000000044.
Gurobi status: 2

Statistics for model Linearization Heuristic :
  Linear constraint matrix    : 16026 Constrs, 9360 Vars, 6321114 NZs
  Matrix coefficient range    : [ 1.00043e-13, 1 ]
  Objective coefficient range : [ 1.80337e-21, 2.28423e+08 ]
  Variable bound range        : [ 0.05, 1 ]
  RHS coefficient range       : [ 1.52402e-07, 0.292918 ]
Objective value for Line heur k = 0: 4053611.708127337
90
Actual reward of current solution: 34653158.36144122
Minimum Difference with past solutions:0.050000000000000044.
Gurobi status: 2

Statistics for model Linearization Heuristic :
  Linear constraint matrix    : 16026 Constrs, 9360 Vars, 5516502 NZs
  Matrix coefficient range    : [ 1.00115e-13, 1 ]
  Objective coefficient range : [ 3.09957e-22, 2.28423e+08 ]
  Variable bound range        : [ 0.05, 1 ]
  RHS coefficient range       : [ 7.44289e-08, 0.292054 ]
Objective value for Line heur k = 0: 4964905.334414875
90
Actual reward of current solution: 33888171.24754991
Minimum Difference with past solutions:0.050000000000000044.
Gurobi status: 2

Statistics for model Linearization Heuristic :
  Linear constraint matrix    : 16026 Constrs, 9360 Vars, 6321131 NZs
  Matrix coefficient range    : [ 1.00045e-13, 1 ]
  Objective coefficient range : [ 3.60631e-23, 2.28423e+08 ]
  Variable bound range        : [ 0.05, 1 ]
  RHS coefficient range       : [ 1.54048e-07, 0.292966 ]
Objective value for Line heur k = 0: 4066883.8020992344
90
Actual reward of current solution: 34679674.217599675
Minimum Difference with past solutions:0.050000000000000044.
Gurobi status: 2

Statistics for model Linearization Heuristic :
  Linear constraint matrix    : 16026 Constrs, 9360 Vars, 5516516 NZs
  Matrix coefficient range    : [ 1.00061e-13, 1 ]
  Objective coefficient range : [ 3.27295e-22, 2.28423e+08 ]
  Variable bound range        : [ 0.05, 1 ]
  RHS coefficient range       : [ 7.45595e-08, 0.292081 ]
Objective value for Line heur k = 0: 4987816.632601762
90
Actual reward of current solution: 33912130.33831747
Minimum Difference with past solutions:0.050000000000000044.
Gurobi status: 2

Statistics for model Linearization Heuristic :
  Linear constraint matrix    : 16026 Constrs, 9360 Vars, 6321140 NZs
  Matrix coefficient range    : [ 1.00094e-13, 1 ]
  Objective coefficient range : [ 1.4782e-21, 2.28423e+08 ]
  Variable bound range        : [ 0.05, 1 ]
  RHS coefficient range       : [ 1.55499e-07, 0.293008 ]
Objective value for Line heur k = 0: 4081485.535981584
90
Actual reward of current solution: 34706342.39831883
Minimum Difference with past solutions:0.050000000000000044.
Gurobi status: 2

Statistics for model Linearization Heuristic :
  Linear constraint matrix    : 16026 Constrs, 9360 Vars, 5516524 NZs
  Matrix coefficient range    : [ 1.00102e-13, 1 ]
  Objective coefficient range : [ 4.30128e-23, 2.28423e+08 ]
  Variable bound range        : [ 0.05, 1 ]
  RHS coefficient range       : [ 7.45595e-08, 0.292099 ]
Objective value for Line heur k = 0: 5010697.140691238
90
Actual reward of current solution: 33937460.11010034
Minimum Difference with past solutions:0.050000000000000044.
Gurobi status: 2

Statistics for model Linearization Heuristic :
  Linear constraint matrix    : 16026 Constrs, 9360 Vars, 6321148 NZs
  Matrix coefficient range    : [ 1.00024e-13, 1 ]
  Objective coefficient range : [ 8.71467e-23, 2.28423e+08 ]
  Variable bound range        : [ 0.05, 1 ]
  RHS coefficient range       : [ 1.56182e-07, 0.293029 ]
Objective value for Line heur k = 0: 4101820.687382352
90
Actual reward of current solution: 34732776.524555616
Minimum Difference with past solutions:0.050000000000000044.
Gurobi status: 2

Statistics for model Linearization Heuristic :
  Linear constraint matrix    : 16026 Constrs, 9360 Vars, 5516530 NZs
  Matrix coefficient range    : [ 1.00032e-13, 1 ]
  Objective coefficient range : [ 7.11259e-22, 2.28423e+08 ]
  Variable bound range        : [ 0.05, 1 ]
  RHS coefficient range       : [ 7.45595e-08, 0.292105 ]
Objective value for Line heur k = 0: 5035395.577605854
90
Actual reward of current solution: 33963586.41456897
Minimum Difference with past solutions:0.050000000000000044.
Gurobi status: 2

Statistics for model Linearization Heuristic :
  Linear constraint matrix    : 16026 Constrs, 9360 Vars, 6321148 NZs
  Matrix coefficient range    : [ 1.00124e-13, 1 ]
  Objective coefficient range : [ 4.16855e-22, 2.28423e+08 ]
  Variable bound range        : [ 0.05, 1 ]
  RHS coefficient range       : [ 1.56322e-07, 0.293033 ]
Objective value for Line heur k = 0: 4126753.333453408
90
Actual reward of current solution: 34759064.7962752
Minimum Difference with past solutions:0.050000000000000044.
Gurobi status: 2

Statistics for model Linearization Heuristic :
  Linear constraint matrix    : 16026 Constrs, 9360 Vars, 5516530 NZs
  Matrix coefficient range    : [ 1.00032e-13, 1 ]
  Objective coefficient range : [ 6.96414e-22, 2.28423e+08 ]
  Variable bound range        : [ 0.05, 1 ]
  RHS coefficient range       : [ 7.45595e-08, 0.292105 ]
Objective value for Line heur k = 0: 5061681.6598998
90
Actual reward of current solution: 33989874.35525827
Minimum Difference with past solutions:0.050000000000000044.
Gurobi status: 2

Statistics for model Linearization Heuristic :
  Linear constraint matrix    : 16026 Constrs, 9360 Vars, 6321148 NZs
  Matrix coefficient range    : [ 1.00124e-13, 1 ]
  Objective coefficient range : [ 4.23317e-22, 2.28423e+08 ]
  Variable bound range        : [ 0.05, 1 ]
  RHS coefficient range       : [ 1.56322e-07, 0.293033 ]
Objective value for Line heur k = 0: 4153038.69580266
90
Actual reward of current solution: 34785353.06799477
Minimum Difference with past solutions:0.050000000000000044.
Gurobi status: 2

Statistics for model Linearization Heuristic :
  Linear constraint matrix    : 16026 Constrs, 9360 Vars, 5516530 NZs
  Matrix coefficient range    : [ 1.00032e-13, 1 ]
  Objective coefficient range : [ 6.81569e-22, 2.28423e+08 ]
  Variable bound range        : [ 0.05, 1 ]
  RHS coefficient range       : [ 7.45595e-08, 0.292105 ]
Objective value for Line heur k = 0: 5074823.606132493
90
Actual reward of current solution: 34003018.32560292
Minimum Difference with past solutions:0.049999999999999684.
Gurobi status: 2

Statistics for model Linearization Heuristic :
  Linear constraint matrix    : 16026 Constrs, 9360 Vars, 6321148 NZs
  Matrix coefficient range    : [ 1.00124e-13, 1 ]
  Objective coefficient range : [ 4.26548e-22, 2.28423e+08 ]
  Variable bound range        : [ 0.05, 1 ]
  RHS coefficient range       : [ 1.56322e-07, 0.293033 ]
Objective value for Line heur k = 0: 4153037.4063738957
90
Actual reward of current solution: 34785353.06799477
Minimum Difference with past solutions:0.0.
New solution equals old solution at k=0
89
Total Reward at the start of the inner iterations: 34785353.06799477
Gurobi status: 2

Statistics for model Linearization Heuristic :
  Linear constraint matrix    : 15915 Constrs, 9270 Vars, 5424337 NZs
  Matrix coefficient range    : [ 1.00032e-13, 1 ]
  Objective coefficient range : [ 6.81569e-22, 2.28423e+08 ]
  Variable bound range        : [ 0.05, 1 ]
  RHS coefficient range       : [ 1.19913e-07, 1 ]
Objective value for Line heur k = 1: 5300852.785675339
89
Actual reward of current solution: 34585696.81521818
Minimum Difference with past solutions:0.05.
Gurobi status: 2

Statistics for model Linearization Heuristic :
  Linear constraint matrix    : 15915 Constrs, 9270 Vars, 5795561 NZs
  Matrix coefficient range    : [ 1.00185e-13, 1 ]
  Objective coefficient range : [ 5.89088e-22, 2.28423e+08 ]
  Variable bound range        : [ 0.05, 1 ]
  RHS coefficient range       : [ 5.97719e-08, 1 ]
Objective value for Line heur k = 1: 4836418.038409552
89
Actual reward of current solution: 34785353.06799477
Minimum Difference with past solutions:0.0.
New solution equals old solution at k=1
88
Total Reward at the start of the inner iterations: 34785353.06799477
Gurobi status: 2

Statistics for model Linearization Heuristic :
  Linear constraint matrix    : 15750 Constrs, 9180 Vars, 5333002 NZs
  Matrix coefficient range    : [ 1.00032e-13, 1 ]
  Objective coefficient range : [ 6.81569e-22, 2.28423e+08 ]
  Variable bound range        : [ 0.05, 1 ]
  RHS coefficient range       : [ 1.53483e-08, 1 ]
Objective value for Line heur k = 2: 5559302.090367686
88
Actual reward of current solution: 34585696.81521818
Minimum Difference with past solutions:0.05.
Gurobi status: 2

Statistics for model Linearization Heuristic :
  Linear constraint matrix    : 15750 Constrs, 9180 Vars, 5704226 NZs
  Matrix coefficient range    : [ 1.00185e-13, 1 ]
  Objective coefficient range : [ 5.89088e-22, 2.28423e+08 ]
  Variable bound range        : [ 0.05, 1 ]
  RHS coefficient range       : [ 8.14915e-08, 1 ]
Objective value for Line heur k = 2: 5105536.008530348
88
Actual reward of current solution: 34785353.06799477
Minimum Difference with past solutions:0.0.
New solution equals old solution at k=2
87
Total Reward at the start of the inner iterations: 34785353.06799477
Gurobi status: 2

Statistics for model Linearization Heuristic :
  Linear constraint matrix    : 15585 Constrs, 9090 Vars, 5242579 NZs
  Matrix coefficient range    : [ 1.00032e-13, 1 ]
  Objective coefficient range : [ 6.81569e-22, 2.28423e+08 ]
  Variable bound range        : [ 0.05, 1 ]
  RHS coefficient range       : [ 5.66818e-08, 1 ]
Objective value for Line heur k = 3: 5806996.023433322
87
Actual reward of current solution: 34585696.81521818
Minimum Difference with past solutions:0.05.
Gurobi status: 2

Statistics for model Linearization Heuristic :
  Linear constraint matrix    : 15585 Constrs, 9090 Vars, 5613803 NZs
  Matrix coefficient range    : [ 1.00185e-13, 1 ]
  Objective coefficient range : [ 5.89088e-22, 2.28423e+08 ]
  Variable bound range        : [ 0.05, 1 ]
  RHS coefficient range       : [ 1.3934e-07, 1 ]
Objective value for Line heur k = 3: 5364659.330791249
87
Actual reward of current solution: 34785353.06799477
Minimum Difference with past solutions:0.0.
New solution equals old solution at k=3
86
Total Reward at the start of the inner iterations: 34785353.06799477
Gurobi status: 2

Statistics for model Linearization Heuristic :
  Linear constraint matrix    : 15420 Constrs, 9000 Vars, 5153068 NZs
  Matrix coefficient range    : [ 1.00032e-13, 1 ]
  Objective coefficient range : [ 6.81569e-22, 2.28423e+08 ]
  Variable bound range        : [ 0.05, 1 ]
  RHS coefficient range       : [ 1.16429e-07, 1 ]
Objective value for Line heur k = 4: 6036113.171701306
86
Actual reward of current solution: 34585696.81521818
Minimum Difference with past solutions:0.05.
Gurobi status: 2

Statistics for model Linearization Heuristic :
  Linear constraint matrix    : 15420 Constrs, 9000 Vars, 5524292 NZs
  Matrix coefficient range    : [ 1.00185e-13, 1 ]
  Objective coefficient range : [ 5.89088e-22, 2.28423e+08 ]
  Variable bound range        : [ 0.05, 1 ]
  RHS coefficient range       : [ 1.19868e-07, 1 ]
Objective value for Line heur k = 4: 5605710.469378557
86
Actual reward of current solution: 34785353.06799477
Minimum Difference with past solutions:0.0.
New solution equals old solution at k=4
85
Total Reward at the start of the inner iterations: 34785353.06799477
Gurobi status: 2

Statistics for model Linearization Heuristic :
  Linear constraint matrix    : 15255 Constrs, 8910 Vars, 5064469 NZs
  Matrix coefficient range    : [ 1.00032e-13, 1 ]
  Objective coefficient range : [ 6.81569e-22, 2.28423e+08 ]
  Variable bound range        : [ 0.05, 1 ]
  RHS coefficient range       : [ 1.15169e-07, 1 ]
Objective value for Line heur k = 5: 6243222.607885572
85
Actual reward of current solution: 34585696.81521818
Minimum Difference with past solutions:0.05.
Gurobi status: 2

Statistics for model Linearization Heuristic :
  Linear constraint matrix    : 15255 Constrs, 8910 Vars, 5435693 NZs
  Matrix coefficient range    : [ 1.00185e-13, 1 ]
  Objective coefficient range : [ 5.89088e-22, 2.28423e+08 ]
  Variable bound range        : [ 0.05, 1 ]
  RHS coefficient range       : [ 9.16118e-08, 1 ]
Objective value for Line heur k = 5: 5825082.11350061
85
Actual reward of current solution: 34785353.06799477
Minimum Difference with past solutions:0.0.
New solution equals old solution at k=5
84
Total Reward at the start of the inner iterations: 34785353.06799477
Gurobi status: 2

Statistics for model Linearization Heuristic :
  Linear constraint matrix    : 15090 Constrs, 8820 Vars, 4976782 NZs
  Matrix coefficient range    : [ 1.00032e-13, 1 ]
  Objective coefficient range : [ 6.81569e-22, 2.28423e+08 ]
  Variable bound range        : [ 0.05, 1 ]
  RHS coefficient range       : [ 1.13883e-07, 1 ]
Objective value for Line heur k = 6: 6427429.187966598
84
Actual reward of current solution: 34585696.81521818
Minimum Difference with past solutions:0.05.
Gurobi status: 2

Statistics for model Linearization Heuristic :
  Linear constraint matrix    : 15090 Constrs, 8820 Vars, 5348006 NZs
  Matrix coefficient range    : [ 1.00185e-13, 1 ]
  Objective coefficient range : [ 5.89088e-22, 2.28423e+08 ]
  Variable bound range        : [ 0.05, 1 ]
  RHS coefficient range       : [ 7.00408e-08, 1 ]
Objective value for Line heur k = 6: 6021752.888982639
84
Actual reward of current solution: 34785353.06799477
Minimum Difference with past solutions:0.0.
New solution equals old solution at k=6
83
Total Reward at the start of the inner iterations: 34785353.06799477
Gurobi status: 2

Statistics for model Linearization Heuristic :
  Linear constraint matrix    : 14925 Constrs, 8730 Vars, 4890007 NZs
  Matrix coefficient range    : [ 1.00032e-13, 1 ]
  Objective coefficient range : [ 6.81569e-22, 2.28423e+08 ]
  Variable bound range        : [ 0.05, 1 ]
  RHS coefficient range       : [ 4.66235e-08, 1 ]
Objective value for Line heur k = 7: 6589252.291103895
83
Actual reward of current solution: 34585696.81521818
Minimum Difference with past solutions:0.05.
Gurobi status: 2

Statistics for model Linearization Heuristic :
  Linear constraint matrix    : 14925 Constrs, 8730 Vars, 5261231 NZs
  Matrix coefficient range    : [ 1.00185e-13, 1 ]
  Objective coefficient range : [ 5.89088e-22, 2.28423e+08 ]
  Variable bound range        : [ 0.05, 1 ]
  RHS coefficient range       : [ 1.33416e-07, 1 ]
Objective value for Line heur k = 7: 6196145.491554299
83
Actual reward of current solution: 34785353.06799477
Minimum Difference with past solutions:0.0.
New solution equals old solution at k=7
82
Total Reward at the start of the inner iterations: 34785353.06799477
Gurobi status: 2

Statistics for model Linearization Heuristic :
  Linear constraint matrix    : 14760 Constrs, 8640 Vars, 4804144 NZs
  Matrix coefficient range    : [ 1.00032e-13, 1 ]
  Objective coefficient range : [ 6.81569e-22, 2.28423e+08 ]
  Variable bound range        : [ 0.05, 1 ]
  RHS coefficient range       : [ 3.10939e-08, 1 ]
Objective value for Line heur k = 8: 6729952.029871175
82
Actual reward of current solution: 34585696.81521818
Minimum Difference with past solutions:0.05.
Gurobi status: 2

Statistics for model Linearization Heuristic :
  Linear constraint matrix    : 14760 Constrs, 8640 Vars, 5175368 NZs
  Matrix coefficient range    : [ 1.00185e-13, 1 ]
  Objective coefficient range : [ 5.89088e-22, 2.28423e+08 ]
  Variable bound range        : [ 0.05, 1 ]
  RHS coefficient range       : [ 1.31877e-07, 1 ]
Objective value for Line heur k = 8: 6349437.523230732
82
Actual reward of current solution: 34785353.06799477
Minimum Difference with past solutions:0.0.
New solution equals old solution at k=8
81
Total Reward at the start of the inner iterations: 34785353.06799477
Gurobi status: 2

Statistics for model Linearization Heuristic :
  Linear constraint matrix    : 14595 Constrs, 8550 Vars, 4719193 NZs
  Matrix coefficient range    : [ 1.00032e-13, 1 ]
  Objective coefficient range : [ 6.81569e-22, 2.28423e+08 ]
  Variable bound range        : [ 0.05, 1 ]
  RHS coefficient range       : [ 1.0993e-07, 1 ]
Objective value for Line heur k = 9: 6851127.958540834
81
Actual reward of current solution: 34585696.81521818
Minimum Difference with past solutions:0.05.
Gurobi status: 2

Statistics for model Linearization Heuristic :
  Linear constraint matrix    : 14595 Constrs, 8550 Vars, 5090417 NZs
  Matrix coefficient range    : [ 1.00185e-13, 1 ]
  Objective coefficient range : [ 5.89088e-22, 2.28423e+08 ]
  Variable bound range        : [ 0.05, 1 ]
  RHS coefficient range       : [ 1.30327e-07, 1 ]
Objective value for Line heur k = 9: 6483147.293444103
81
Actual reward of current solution: 34785353.06799477
Minimum Difference with past solutions:0.0.
New solution equals old solution at k=9
80
Total Reward at the start of the inner iterations: 34785353.06799477
Gurobi status: 2

Statistics for model Linearization Heuristic :
  Linear constraint matrix    : 14430 Constrs, 8460 Vars, 4635154 NZs
  Matrix coefficient range    : [ 1.00032e-13, 1 ]
  Objective coefficient range : [ 6.81569e-22, 2.28423e+08 ]
  Variable bound range        : [ 0.05, 1 ]
  RHS coefficient range       : [ 1.08595e-07, 1 ]
Objective value for Line heur k = 10: 6954482.933661114
80
Actual reward of current solution: 34585696.81521818
Minimum Difference with past solutions:0.05.
Gurobi status: 2

Statistics for model Linearization Heuristic :
  Linear constraint matrix    : 14430 Constrs, 8460 Vars, 5006378 NZs
  Matrix coefficient range    : [ 1.00185e-13, 1 ]
  Objective coefficient range : [ 5.89088e-22, 2.28423e+08 ]
  Variable bound range        : [ 0.05, 1 ]
  RHS coefficient range       : [ 2.36995e-08, 1 ]
Objective value for Line heur k = 10: 6598884.932261718
80
Actual reward of current solution: 34785353.06799477
Minimum Difference with past solutions:0.0.
New solution equals old solution at k=10
79
Total Reward at the start of the inner iterations: 34785353.06799477
Gurobi status: 2

Statistics for model Linearization Heuristic :
  Linear constraint matrix    : 14265 Constrs, 8370 Vars, 4552027 NZs
  Matrix coefficient range    : [ 1.00032e-13, 1 ]
  Objective coefficient range : [ 6.81569e-22, 2.28423e+08 ]
  Variable bound range        : [ 0.05, 1 ]
  RHS coefficient range       : [ 1.07255e-07, 1 ]
Objective value for Line heur k = 11: 7041685.96630929
79
Actual reward of current solution: 34585696.81521818
Minimum Difference with past solutions:0.05.
Gurobi status: 2

Statistics for model Linearization Heuristic :
  Linear constraint matrix    : 14265 Constrs, 8370 Vars, 4923251 NZs
  Matrix coefficient range    : [ 1.00185e-13, 1 ]
  Objective coefficient range : [ 5.89088e-22, 2.28423e+08 ]
  Variable bound range        : [ 0.05, 1 ]
  RHS coefficient range       : [ 7.28342e-08, 1 ]
Objective value for Line heur k = 11: 6698200.371830784
79
Actual reward of current solution: 34785353.06799477
Minimum Difference with past solutions:0.0.
New solution equals old solution at k=11
78
Total Reward at the start of the inner iterations: 34785353.06799477
Gurobi status: 2

Statistics for model Linearization Heuristic :
  Linear constraint matrix    : 14100 Constrs, 8280 Vars, 4469812 NZs
  Matrix coefficient range    : [ 1.00032e-13, 1 ]
  Objective coefficient range : [ 6.81569e-22, 2.28423e+08 ]
  Variable bound range        : [ 0.05, 1 ]
  RHS coefficient range       : [ 8.45968e-08, 1 ]
Objective value for Line heur k = 12: 7114292.892781039
78
Actual reward of current solution: 34585696.81521818
Minimum Difference with past solutions:0.05.
Gurobi status: 2

Statistics for model Linearization Heuristic :
  Linear constraint matrix    : 14100 Constrs, 8280 Vars, 4841036 NZs
  Matrix coefficient range    : [ 1.00185e-13, 1 ]
  Objective coefficient range : [ 5.89088e-22, 2.28423e+08 ]
  Variable bound range        : [ 0.05, 1 ]
  RHS coefficient range       : [ 1.07491e-07, 1 ]
Objective value for Line heur k = 12: 6782484.330079783
78
Actual reward of current solution: 34785353.06799477
Minimum Difference with past solutions:0.0.
New solution equals old solution at k=12
77
Total Reward at the start of the inner iterations: 34785353.06799477
Gurobi status: 2

Statistics for model Linearization Heuristic :
  Linear constraint matrix    : 13935 Constrs, 8190 Vars, 4388509 NZs
  Matrix coefficient range    : [ 1.00032e-13, 1 ]
  Objective coefficient range : [ 6.81569e-22, 2.28423e+08 ]
  Variable bound range        : [ 0.05, 1 ]
  RHS coefficient range       : [ 1.84244e-08, 1 ]
Objective value for Line heur k = 13: 7173698.660069839
77
Actual reward of current solution: 34585696.81521818
Minimum Difference with past solutions:0.05.
Gurobi status: 2

Statistics for model Linearization Heuristic :
  Linear constraint matrix    : 13935 Constrs, 8190 Vars, 4759733 NZs
  Matrix coefficient range    : [ 1.00185e-13, 1 ]
  Objective coefficient range : [ 5.89088e-22, 2.28423e+08 ]
  Variable bound range        : [ 0.05, 1 ]
  RHS coefficient range       : [ 4.8494e-08, 1 ]
Objective value for Line heur k = 13: 6852892.47600665
77
Actual reward of current solution: 34785353.06799477
Minimum Difference with past solutions:0.0.
New solution equals old solution at k=13
76
Total Reward at the start of the inner iterations: 34785353.06799477
Gurobi status: 2

Statistics for model Linearization Heuristic :
  Linear constraint matrix    : 13770 Constrs, 8100 Vars, 4308172 NZs
  Matrix coefficient range    : [ 1.00032e-13, 1 ]
  Objective coefficient range : [ 6.81569e-22, 2.28423e+08 ]
  Variable bound range        : [ 0.05, 1 ]
  RHS coefficient range       : [ 3.62395e-08, 0.291333 ]
Objective value for Line heur k = 14: 7221103.6671882635
76
Actual reward of current solution: 34585696.81521818
Minimum Difference with past solutions:0.05.
Gurobi status: 2

Statistics for model Linearization Heuristic :
  Linear constraint matrix    : 13770 Constrs, 8100 Vars, 4679396 NZs
  Matrix coefficient range    : [ 1.00185e-13, 1 ]
  Objective coefficient range : [ 5.89088e-22, 2.28423e+08 ]
  Variable bound range        : [ 0.05, 1 ]
  RHS coefficient range       : [ 1.64675e-08, 0.291688 ]
Objective value for Line heur k = 14: 6910269.97900547
76
Actual reward of current solution: 34785353.06799477
Minimum Difference with past solutions:0.0.
New solution equals old solution at k=14
75
Total Reward at the start of the inner iterations: 34785353.06799477
Gurobi status: 2

Statistics for model Linearization Heuristic :
  Linear constraint matrix    : 13659 Constrs, 8010 Vars, 4220395 NZs
  Matrix coefficient range    : [ 1.00032e-13, 1 ]
  Objective coefficient range : [ 6.81569e-22, 2.28423e+08 ]
  Variable bound range        : [ 0.05, 1 ]
  RHS coefficient range       : [ 1.01795e-07, 1 ]
Objective value for Line heur k = 15: 7235400.12040736
75
Actual reward of current solution: 34736955.58896916
Minimum Difference with past solutions:0.05.
Gurobi status: 2

Statistics for model Linearization Heuristic :
  Linear constraint matrix    : 13659 Constrs, 8010 Vars, 4329805 NZs
  Matrix coefficient range    : [ 1.00092e-13, 1 ]
  Objective coefficient range : [ 9.80315e-23, 2.28423e+08 ]
  Variable bound range        : [ 0.05, 1 ]
  RHS coefficient range       : [ 6.64234e-08, 1 ]
Objective value for Line heur k = 15: 7109968.518052798
75
Actual reward of current solution: 34785353.06799477
Minimum Difference with past solutions:0.0.
New solution equals old solution at k=15
74
Total Reward at the start of the inner iterations: 34785353.06799477
Gurobi status: 2

Statistics for model Linearization Heuristic :
  Linear constraint matrix    : 13494 Constrs, 7920 Vars, 4133571 NZs
  Matrix coefficient range    : [ 1.00032e-13, 1 ]
  Objective coefficient range : [ 6.81569e-22, 2.28423e+08 ]
  Variable bound range        : [ 0.05, 1 ]
  RHS coefficient range       : [ 7.30022e-08, 1 ]
Objective value for Line heur k = 16: 7258290.577988329
74
Actual reward of current solution: 34736955.58896916
Minimum Difference with past solutions:0.05.
Gurobi status: 2

Statistics for model Linearization Heuristic :
  Linear constraint matrix    : 13494 Constrs, 7920 Vars, 4242981 NZs
  Matrix coefficient range    : [ 1.00092e-13, 1 ]
  Objective coefficient range : [ 9.80315e-23, 2.28423e+08 ]
  Variable bound range        : [ 0.05, 1 ]
  RHS coefficient range       : [ 4.04906e-08, 1 ]
Objective value for Line heur k = 16: 7136438.004601177
74
Actual reward of current solution: 34785353.06799477
Minimum Difference with past solutions:0.0.
New solution equals old solution at k=16
73
Total Reward at the start of the inner iterations: 34785353.06799477
Gurobi status: 2

Statistics for model Linearization Heuristic :
  Linear constraint matrix    : 13329 Constrs, 7830 Vars, 4047754 NZs
  Matrix coefficient range    : [ 1.00032e-13, 1 ]
  Objective coefficient range : [ 6.81569e-22, 2.28423e+08 ]
  Variable bound range        : [ 0.05, 1 ]
  RHS coefficient range       : [ 2.68983e-08, 1 ]
Objective value for Line heur k = 17: 7272239.034199391
73
Actual reward of current solution: 34736955.58896916
Minimum Difference with past solutions:0.05.
Gurobi status: 2

Statistics for model Linearization Heuristic :
  Linear constraint matrix    : 13329 Constrs, 7830 Vars, 4157164 NZs
  Matrix coefficient range    : [ 1.00092e-13, 1 ]
  Objective coefficient range : [ 9.80315e-23, 2.28423e+08 ]
  Variable bound range        : [ 0.05, 1 ]
  RHS coefficient range       : [ 5.8316e-08, 1 ]
Objective value for Line heur k = 17: 7153946.275522601
73
Actual reward of current solution: 34785353.06799477
Minimum Difference with past solutions:0.0.
New solution equals old solution at k=17
72
Total Reward at the start of the inner iterations: 34785353.06799477
Gurobi status: 2

Statistics for model Linearization Heuristic :
  Linear constraint matrix    : 13164 Constrs, 7740 Vars, 3962944 NZs
  Matrix coefficient range    : [ 1.00032e-13, 1 ]
  Objective coefficient range : [ 6.81569e-22, 2.28423e+08 ]
  Variable bound range        : [ 0.05, 1 ]
  RHS coefficient range       : [ 4.61258e-08, 1 ]
Objective value for Line heur k = 18: 7278340.942512629
72
Actual reward of current solution: 34736955.58896916
Minimum Difference with past solutions:0.05.
Gurobi status: 2

Statistics for model Linearization Heuristic :
  Linear constraint matrix    : 13164 Constrs, 7740 Vars, 4072354 NZs
  Matrix coefficient range    : [ 1.00092e-13, 1 ]
  Objective coefficient range : [ 9.80315e-23, 2.28423e+08 ]
  Variable bound range        : [ 0.05, 1 ]
  RHS coefficient range       : [ 1.06294e-07, 1 ]
Objective value for Line heur k = 18: 7163593.165321389
72
Actual reward of current solution: 34785353.06799477
Minimum Difference with past solutions:0.0.
New solution equals old solution at k=18
71
Total Reward at the start of the inner iterations: 34785353.06799477
Gurobi status: 2

Statistics for model Linearization Heuristic :
  Linear constraint matrix    : 12999 Constrs, 7650 Vars, 3879141 NZs
  Matrix coefficient range    : [ 1.00032e-13, 1 ]
  Objective coefficient range : [ 6.81569e-22, 2.28423e+08 ]
  Variable bound range        : [ 0.05, 1 ]
  RHS coefficient range       : [ 1.18152e-08, 1 ]
Objective value for Line heur k = 19: 7277499.469555576
71
Actual reward of current solution: 34736955.58896916
Minimum Difference with past solutions:0.05.
Gurobi status: 2

Statistics for model Linearization Heuristic :
  Linear constraint matrix    : 12999 Constrs, 7650 Vars, 3988551 NZs
  Matrix coefficient range    : [ 1.00092e-13, 1 ]
  Objective coefficient range : [ 9.80315e-23, 2.28423e+08 ]
  Variable bound range        : [ 0.05, 1 ]
  RHS coefficient range       : [ 8.48506e-08, 1 ]
Objective value for Line heur k = 19: 7166283.143773802
71
Actual reward of current solution: 34785353.06799477
Minimum Difference with past solutions:0.0.
New solution equals old solution at k=19
70
Total Reward at the start of the inner iterations: 34785353.06799477
Gurobi status: 2

Statistics for model Linearization Heuristic :
  Linear constraint matrix    : 12834 Constrs, 7560 Vars, 3796345 NZs
  Matrix coefficient range    : [ 1.00032e-13, 1 ]
  Objective coefficient range : [ 6.81569e-22, 2.28423e+08 ]
  Variable bound range        : [ 0.05, 1 ]
  RHS coefficient range       : [ 8.14507e-08, 1 ]
Objective value for Line heur k = 20: 7270474.715904229
70
Actual reward of current solution: 34736955.58896916
Minimum Difference with past solutions:0.05.
Gurobi status: 2

Statistics for model Linearization Heuristic :
  Linear constraint matrix    : 12834 Constrs, 7560 Vars, 3905755 NZs
  Matrix coefficient range    : [ 1.00092e-13, 1 ]
  Objective coefficient range : [ 9.80315e-23, 2.28423e+08 ]
  Variable bound range        : [ 0.05, 1 ]
  RHS coefficient range       : [ 9.15873e-08, 1 ]
Objective value for Line heur k = 20: 7162774.8687811345
70
Actual reward of current solution: 34785353.06799477
Minimum Difference with past solutions:0.0.
New solution equals old solution at k=20
69
Total Reward at the start of the inner iterations: 34785353.06799477
Gurobi status: 2

Statistics for model Linearization Heuristic :
  Linear constraint matrix    : 12669 Constrs, 7470 Vars, 3714556 NZs
  Matrix coefficient range    : [ 1.00032e-13, 1 ]
  Objective coefficient range : [ 6.81569e-22, 2.28423e+08 ]
  Variable bound range        : [ 0.05, 1 ]
  RHS coefficient range       : [ 6.08384e-09, 1 ]
Objective value for Line heur k = 21: 7257915.454170554
69
Actual reward of current solution: 34736955.58896916
Minimum Difference with past solutions:0.05.
Gurobi status: 2

Statistics for model Linearization Heuristic :
  Linear constraint matrix    : 12669 Constrs, 7470 Vars, 3823966 NZs
  Matrix coefficient range    : [ 1.00092e-13, 1 ]
  Objective coefficient range : [ 9.80315e-23, 2.28423e+08 ]
  Variable bound range        : [ 0.05, 1 ]
  RHS coefficient range       : [ 2.70791e-08, 1 ]
Objective value for Line heur k = 21: 7153712.703579819
69
Actual reward of current solution: 34785353.06799477
Minimum Difference with past solutions:0.0.
New solution equals old solution at k=21
68
Total Reward at the start of the inner iterations: 34785353.06799477
Gurobi status: 2

Statistics for model Linearization Heuristic :
  Linear constraint matrix    : 12504 Constrs, 7380 Vars, 3633774 NZs
  Matrix coefficient range    : [ 1.00032e-13, 1 ]
  Objective coefficient range : [ 6.81569e-22, 2.28423e+08 ]
  Variable bound range        : [ 0.05, 1 ]
  RHS coefficient range       : [ 7.03786e-08, 1 ]
Objective value for Line heur k = 22: 7240379.722998977
68
Actual reward of current solution: 34736955.58896916
Minimum Difference with past solutions:0.05.
Gurobi status: 2

Statistics for model Linearization Heuristic :
  Linear constraint matrix    : 12504 Constrs, 7380 Vars, 3743184 NZs
  Matrix coefficient range    : [ 1.00092e-13, 1 ]
  Objective coefficient range : [ 9.80315e-23, 2.28423e+08 ]
  Variable bound range        : [ 0.05, 1 ]
  RHS coefficient range       : [ 1.30329e-09, 1 ]
Objective value for Line heur k = 22: 7139646.4935561605
68
Actual reward of current solution: 34785353.06799477
Minimum Difference with past solutions:0.0.
New solution equals old solution at k=22
67
Total Reward at the start of the inner iterations: 34785353.06799477
Gurobi status: 2

Statistics for model Linearization Heuristic :
  Linear constraint matrix    : 12339 Constrs, 7290 Vars, 3553999 NZs
  Matrix coefficient range    : [ 1.00032e-13, 1 ]
  Objective coefficient range : [ 6.81569e-22, 2.28423e+08 ]
  Variable bound range        : [ 0.05, 1 ]
  RHS coefficient range       : [ 5.9348e-09, 1 ]
Objective value for Line heur k = 23: 7218347.874561385
67
Actual reward of current solution: 34736955.58896916
Minimum Difference with past solutions:0.05.
Gurobi status: 2

Statistics for model Linearization Heuristic :
  Linear constraint matrix    : 12339 Constrs, 7290 Vars, 3663409 NZs
  Matrix coefficient range    : [ 1.00092e-13, 1 ]
  Objective coefficient range : [ 9.80315e-23, 2.28423e+08 ]
  Variable bound range        : [ 0.05, 1 ]
  RHS coefficient range       : [ 7.45229e-08, 1 ]
Objective value for Line heur k = 23: 7121043.0324897
67
Actual reward of current solution: 34785353.06799477
Minimum Difference with past solutions:0.0.
New solution equals old solution at k=23
66
Total Reward at the start of the inner iterations: 34785353.06799477
Gurobi status: 2

Statistics for model Linearization Heuristic :
  Linear constraint matrix    : 12174 Constrs, 7200 Vars, 3475231 NZs
  Matrix coefficient range    : [ 1.00032e-13, 1 ]
  Objective coefficient range : [ 6.81569e-22, 2.28423e+08 ]
  Variable bound range        : [ 0.05, 1 ]
  RHS coefficient range       : [ 7.26885e-09, 1 ]
Objective value for Line heur k = 24: 7192229.923628778
66
Actual reward of current solution: 34736955.58896916
Minimum Difference with past solutions:0.05.
Gurobi status: 2

Statistics for model Linearization Heuristic :
  Linear constraint matrix    : 12174 Constrs, 7200 Vars, 3584641 NZs
  Matrix coefficient range    : [ 1.00092e-13, 1 ]
  Objective coefficient range : [ 9.80315e-23, 2.28423e+08 ]
  Variable bound range        : [ 0.05, 1 ]
  RHS coefficient range       : [ 5.33266e-08, 1 ]
Objective value for Line heur k = 24: 7098290.738532154
66
Actual reward of current solution: 34785353.06799477
Minimum Difference with past solutions:0.0.
New solution equals old solution at k=24
65
Total Reward at the start of the inner iterations: 34785353.06799477
Gurobi status: 2

Statistics for model Linearization Heuristic :
  Linear constraint matrix    : 12009 Constrs, 7110 Vars, 3397470 NZs
  Matrix coefficient range    : [ 1.00032e-13, 1 ]
  Objective coefficient range : [ 6.81569e-22, 2.28423e+08 ]
  Variable bound range        : [ 0.05, 1 ]
  RHS coefficient range       : [ 3.69596e-08, 1 ]
Objective value for Line heur k = 25: 7162367.81471044
65
Actual reward of current solution: 34736955.58896916
Minimum Difference with past solutions:0.05.
Gurobi status: 2

Statistics for model Linearization Heuristic :
  Linear constraint matrix    : 12009 Constrs, 7110 Vars, 3506880 NZs
  Matrix coefficient range    : [ 1.00092e-13, 1 ]
  Objective coefficient range : [ 9.80315e-23, 2.28423e+08 ]
  Variable bound range        : [ 0.05, 1 ]
  RHS coefficient range       : [ 3.06421e-08, 1 ]
Objective value for Line heur k = 25: 7071697.598878797
65
Actual reward of current solution: 34785353.06799477
Minimum Difference with past solutions:0.0.
New solution equals old solution at k=25
64
Total Reward at the start of the inner iterations: 34785353.06799477
Gurobi status: 2

Statistics for model Linearization Heuristic :
  Linear constraint matrix    : 11844 Constrs, 7020 Vars, 3320716 NZs
  Matrix coefficient range    : [ 1.00032e-13, 1 ]
  Objective coefficient range : [ 6.81569e-22, 2.28423e+08 ]
  Variable bound range        : [ 0.05, 1 ]
  RHS coefficient range       : [ 2.4671e-09, 1 ]
Objective value for Line heur k = 26: 7129032.190342984
64
Actual reward of current solution: 34736955.58896916
Minimum Difference with past solutions:0.05.
Gurobi status: 2

Statistics for model Linearization Heuristic :
  Linear constraint matrix    : 11844 Constrs, 7020 Vars, 3430126 NZs
  Matrix coefficient range    : [ 1.00092e-13, 1 ]
  Objective coefficient range : [ 9.80315e-23, 2.28423e+08 ]
  Variable bound range        : [ 0.05, 1 ]
  RHS coefficient range       : [ 9.12751e-09, 1 ]
Objective value for Line heur k = 26: 7041481.059987785
64
Actual reward of current solution: 34785353.06799477
Minimum Difference with past solutions:0.0.
New solution equals old solution at k=26
63
Total Reward at the start of the inner iterations: 34785353.06799477
Gurobi status: 2

Statistics for model Linearization Heuristic :
  Linear constraint matrix    : 11679 Constrs, 6930 Vars, 3244969 NZs
  Matrix coefficient range    : [ 1.00032e-13, 1 ]
  Objective coefficient range : [ 6.81569e-22, 2.28423e+08 ]
  Variable bound range        : [ 0.05, 1 ]
  RHS coefficient range       : [ 4.98892e-08, 1 ]
Objective value for Line heur k = 27: 7092412.15596007
63
Actual reward of current solution: 34736955.58896916
Minimum Difference with past solutions:0.05.
Gurobi status: 2

Statistics for model Linearization Heuristic :
  Linear constraint matrix    : 11679 Constrs, 6930 Vars, 3354379 NZs
  Matrix coefficient range    : [ 1.00092e-13, 1 ]
  Objective coefficient range : [ 9.80315e-23, 2.28423e+08 ]
  Variable bound range        : [ 0.05, 1 ]
  RHS coefficient range       : [ 1.16378e-08, 1 ]
Objective value for Line heur k = 27: 7007746.910123395
63
Actual reward of current solution: 34785353.06799477
Minimum Difference with past solutions:0.0.
New solution equals old solution at k=27
62
Total Reward at the start of the inner iterations: 34785353.06799477
Gurobi status: 2

Statistics for model Linearization Heuristic :
  Linear constraint matrix    : 11514 Constrs, 6840 Vars, 3170283 NZs
  Matrix coefficient range    : [ 1.00032e-13, 1 ]
  Objective coefficient range : [ 6.81569e-22, 2.28423e+08 ]
  Variable bound range        : [ 0.05, 1 ]
  RHS coefficient range       : [ 2.70946e-08, 0.290804 ]
Objective value for Line heur k = 28: 7052595.145220167
62
Actual reward of current solution: 34736955.58896916
Minimum Difference with past solutions:0.05.
Gurobi status: 2

Statistics for model Linearization Heuristic :
  Linear constraint matrix    : 11514 Constrs, 6840 Vars, 3279693 NZs
  Matrix coefficient range    : [ 1.00092e-13, 1 ]
  Objective coefficient range : [ 9.80315e-23, 2.28423e+08 ]
  Variable bound range        : [ 0.05, 1 ]
  RHS coefficient range       : [ 1.0023e-08, 0.290903 ]
Objective value for Line heur k = 28: 6970451.95668184
62
Actual reward of current solution: 34785353.06799477
Minimum Difference with past solutions:0.0.
New solution equals old solution at k=28
61
Total Reward at the start of the inner iterations: 34785353.06799477
Gurobi status: 2

Statistics for model Linearization Heuristic :
  Linear constraint matrix    : 11403 Constrs, 6750 Vars, 3088168 NZs
  Matrix coefficient range    : [ 1.00032e-13, 1 ]
  Objective coefficient range : [ 6.81569e-22, 2.28423e+08 ]
  Variable bound range        : [ 0.05, 1 ]
  RHS coefficient range       : [ 2.02668e-08, 1 ]
Objective value for Line heur k = 29: 6994491.286784566
61
Actual reward of current solution: 34785353.06799477
Minimum Difference with past solutions:0.0.
New solution equals old solution at k=29
60
Total Reward at the start of the inner iterations: 34785353.06799477
Gurobi status: 2

Statistics for model Linearization Heuristic :
  Linear constraint matrix    : 11238 Constrs, 6660 Vars, 3007120 NZs
  Matrix coefficient range    : [ 1.00032e-13, 1 ]
  Objective coefficient range : [ 6.81569e-22, 2.28423e+08 ]
  Variable bound range        : [ 0.05, 1 ]
  RHS coefficient range       : [ 1.04702e-08, 1 ]
Objective value for Line heur k = 30: 6942536.377861973
60
Actual reward of current solution: 34785353.06799477
Minimum Difference with past solutions:0.0.
New solution equals old solution at k=30
59
Total Reward at the start of the inner iterations: 34785353.06799477
Gurobi status: 2

Statistics for model Linearization Heuristic :
  Linear constraint matrix    : 11073 Constrs, 6570 Vars, 2927193 NZs
  Matrix coefficient range    : [ 1.00032e-13, 1 ]
  Objective coefficient range : [ 6.81569e-22, 2.28423e+08 ]
  Variable bound range        : [ 0.05, 1 ]
  RHS coefficient range       : [ 2.23236e-09, 1 ]
Objective value for Line heur k = 31: 6887796.6311163325
59
Actual reward of current solution: 34785353.06799477
Minimum Difference with past solutions:0.0.
New solution equals old solution at k=31
58
Total Reward at the start of the inner iterations: 34785353.06799477
Gurobi status: 2

Statistics for model Linearization Heuristic :
  Linear constraint matrix    : 10908 Constrs, 6480 Vars, 2848387 NZs
  Matrix coefficient range    : [ 1.00032e-13, 1 ]
  Objective coefficient range : [ 6.81569e-22, 2.28423e+08 ]
  Variable bound range        : [ 0.05, 1 ]
  RHS coefficient range       : [ 7.34137e-09, 1 ]
Objective value for Line heur k = 32: 6830637.793506727
58
Actual reward of current solution: 34785353.06799477
Minimum Difference with past solutions:0.0.
New solution equals old solution at k=32
57
Total Reward at the start of the inner iterations: 34785353.06799477
Gurobi status: 2

Statistics for model Linearization Heuristic :
  Linear constraint matrix    : 10743 Constrs, 6390 Vars, 2770702 NZs
  Matrix coefficient range    : [ 1.00032e-13, 1 ]
  Objective coefficient range : [ 6.81569e-22, 2.28423e+08 ]
  Variable bound range        : [ 0.05, 1 ]
  RHS coefficient range       : [ 1.69094e-08, 1 ]
Objective value for Line heur k = 33: 6771331.162401389
57
Actual reward of current solution: 34785353.06799477
Minimum Difference with past solutions:0.0.
New solution equals old solution at k=33
56
Total Reward at the start of the inner iterations: 34785353.06799477
Gurobi status: 2

Statistics for model Linearization Heuristic :
  Linear constraint matrix    : 10578 Constrs, 6300 Vars, 2694138 NZs
  Matrix coefficient range    : [ 1.00032e-13, 1 ]
  Objective coefficient range : [ 6.81569e-22, 2.28423e+08 ]
  Variable bound range        : [ 0.05, 1 ]
  RHS coefficient range       : [ 2.01649e-08, 1 ]
Objective value for Line heur k = 34: 6710086.76320606
56
Actual reward of current solution: 34785353.06799477
Minimum Difference with past solutions:0.0.
New solution equals old solution at k=34
55
Total Reward at the start of the inner iterations: 34785353.06799477
Gurobi status: 2

Statistics for model Linearization Heuristic :
  Linear constraint matrix    : 10413 Constrs, 6210 Vars, 2618696 NZs
  Matrix coefficient range    : [ 1.00032e-13, 1 ]
  Objective coefficient range : [ 6.81569e-22, 2.28423e+08 ]
  Variable bound range        : [ 0.05, 1 ]
  RHS coefficient range       : [ 6.55272e-09, 1 ]
Objective value for Line heur k = 35: 6647072.466161496
55
Actual reward of current solution: 34785353.06799477
Minimum Difference with past solutions:0.0.
New solution equals old solution at k=35
54
Total Reward at the start of the inner iterations: 34785353.06799477
Gurobi status: 2

Statistics for model Linearization Heuristic :
  Linear constraint matrix    : 10248 Constrs, 6120 Vars, 2544376 NZs
  Matrix coefficient range    : [ 1.00032e-13, 1 ]
  Objective coefficient range : [ 6.81569e-22, 2.28423e+08 ]
  Variable bound range        : [ 0.05, 1 ]
  RHS coefficient range       : [ 6.59453e-09, 1 ]
Objective value for Line heur k = 36: 6582424.30424307
54
Actual reward of current solution: 34785353.06799477
Minimum Difference with past solutions:0.0.
New solution equals old solution at k=36
53
Total Reward at the start of the inner iterations: 34785353.06799477
Gurobi status: 2

Statistics for model Linearization Heuristic :
  Linear constraint matrix    : 10083 Constrs, 6030 Vars, 2471177 NZs
  Matrix coefficient range    : [ 1.00032e-13, 1 ]
  Objective coefficient range : [ 6.81569e-22, 2.28423e+08 ]
  Variable bound range        : [ 0.05, 1 ]
  RHS coefficient range       : [ 1.93075e-08, 1 ]
Objective value for Line heur k = 37: 6516250.791050037
53
Actual reward of current solution: 34785353.06799477
Minimum Difference with past solutions:0.0.
New solution equals old solution at k=37
52
Total Reward at the start of the inner iterations: 34785353.06799477
Gurobi status: 2

Statistics for model Linearization Heuristic :
  Linear constraint matrix    : 9918 Constrs, 5940 Vars, 2399099 NZs
  Matrix coefficient range    : [ 1.00032e-13, 1 ]
  Objective coefficient range : [ 6.81569e-22, 2.28423e+08 ]
  Variable bound range        : [ 0.05, 1 ]
  RHS coefficient range       : [ 3.16754e-08, 1 ]
Objective value for Line heur k = 38: 6448632.404384986
52
Actual reward of current solution: 34785353.06799477
Minimum Difference with past solutions:0.0.
New solution equals old solution at k=38
51
Total Reward at the start of the inner iterations: 34785353.06799477
Gurobi status: 2

Statistics for model Linearization Heuristic :
  Linear constraint matrix    : 9753 Constrs, 5850 Vars, 2328142 NZs
  Matrix coefficient range    : [ 1.00032e-13, 1 ]
  Objective coefficient range : [ 6.81569e-22, 2.28423e+08 ]
  Variable bound range        : [ 0.05, 1 ]
  RHS coefficient range       : [ 7.83656e-09, 1 ]
Objective value for Line heur k = 39: 6379616.140499474
51
Actual reward of current solution: 34785353.06799477
Minimum Difference with past solutions:0.0.
New solution equals old solution at k=39
50
Total Reward at the start of the inner iterations: 34785353.06799477
Gurobi status: 2

Statistics for model Linearization Heuristic :
  Linear constraint matrix    : 9588 Constrs, 5760 Vars, 2258306 NZs
  Matrix coefficient range    : [ 1.00032e-13, 1 ]
  Objective coefficient range : [ 6.81569e-22, 2.28423e+08 ]
  Variable bound range        : [ 0.05, 1 ]
  RHS coefficient range       : [ 1.74344e-08, 1 ]
Objective value for Line heur k = 40: 6309203.8171127485
50
Actual reward of current solution: 34785353.06799477
Minimum Difference with past solutions:0.0.
New solution equals old solution at k=40
49
Total Reward at the start of the inner iterations: 34785353.06799477
Gurobi status: 2

Statistics for model Linearization Heuristic :
  Linear constraint matrix    : 9423 Constrs, 5670 Vars, 2189590 NZs
  Matrix coefficient range    : [ 1.00032e-13, 1 ]
  Objective coefficient range : [ 6.81569e-22, 2.28423e+08 ]
  Variable bound range        : [ 0.05, 1 ]
  RHS coefficient range       : [ 4.22505e-09, 1 ]
Objective value for Line heur k = 41: 6237331.297702124
49
Actual reward of current solution: 34785353.06799477
Minimum Difference with past solutions:0.0.
New solution equals old solution at k=41
48
Total Reward at the start of the inner iterations: 34785353.06799477
Gurobi status: 2

Statistics for model Linearization Heuristic :
  Linear constraint matrix    : 9258 Constrs, 5580 Vars, 2122049 NZs
  Matrix coefficient range    : [ 1.00032e-13, 1 ]
  Objective coefficient range : [ 6.81569e-22, 2.28423e+08 ]
  Variable bound range        : [ 0.05, 1 ]
  RHS coefficient range       : [ 9.54201e-09, 0.29045 ]
Objective value for Line heur k = 42: 6163833.657638113
48
Actual reward of current solution: 34785353.06799477
Minimum Difference with past solutions:0.0.
New solution equals old solution at k=42
47
Total Reward at the start of the inner iterations: 34785353.06799477
Gurobi status: 2

Statistics for model Linearization Heuristic :
  Linear constraint matrix    : 9147 Constrs, 5490 Vars, 2048677 NZs
  Matrix coefficient range    : [ 1.00032e-13, 1 ]
  Objective coefficient range : [ 6.81569e-22, 2.28423e+08 ]
  Variable bound range        : [ 0.05, 1 ]
  RHS coefficient range       : [ 8.50275e-09, 1 ]
Objective value for Line heur k = 43: 6082960.535656933
47
Actual reward of current solution: 34785353.06799477
Minimum Difference with past solutions:0.0.
New solution equals old solution at k=43
46
Total Reward at the start of the inner iterations: 34785353.06799477
Gurobi status: 2

Statistics for model Linearization Heuristic :
  Linear constraint matrix    : 8982 Constrs, 5400 Vars, 1976486 NZs
  Matrix coefficient range    : [ 1.00032e-13, 1 ]
  Objective coefficient range : [ 6.81569e-22, 2.28423e+08 ]
  Variable bound range        : [ 0.05, 1 ]
  RHS coefficient range       : [ 8.95105e-09, 1 ]
Objective value for Line heur k = 44: 6000079.115694236
46
Actual reward of current solution: 34785353.06799477
Minimum Difference with past solutions:0.0.
New solution equals old solution at k=44
45
Total Reward at the start of the inner iterations: 34785353.06799477
Gurobi status: 2

Statistics for model Linearization Heuristic :
  Linear constraint matrix    : 8817 Constrs, 5310 Vars, 1905531 NZs
  Matrix coefficient range    : [ 1.00032e-13, 1 ]
  Objective coefficient range : [ 6.81569e-22, 2.28423e+08 ]
  Variable bound range        : [ 0.05, 1 ]
  RHS coefficient range       : [ 9.97564e-09, 1 ]
Objective value for Line heur k = 45: 5915618.307898087
45
Actual reward of current solution: 34785353.06799477
Minimum Difference with past solutions:0.0.
New solution equals old solution at k=45
44
Total Reward at the start of the inner iterations: 34785353.06799477
Gurobi status: 2

Statistics for model Linearization Heuristic :
  Linear constraint matrix    : 8652 Constrs, 5220 Vars, 1835811 NZs
  Matrix coefficient range    : [ 1.00032e-13, 1 ]
  Objective coefficient range : [ 6.81569e-22, 2.28423e+08 ]
  Variable bound range        : [ 0.05, 1 ]
  RHS coefficient range       : [ 1.07494e-08, 1 ]
Objective value for Line heur k = 46: 5829831.901027751
44
Actual reward of current solution: 34785353.06799477
Minimum Difference with past solutions:0.0.
New solution equals old solution at k=46
43
Total Reward at the start of the inner iterations: 34785353.06799477
Gurobi status: 2

Statistics for model Linearization Heuristic :
  Linear constraint matrix    : 8487 Constrs, 5130 Vars, 1767326 NZs
  Matrix coefficient range    : [ 1.00032e-13, 1 ]
  Objective coefficient range : [ 6.81569e-22, 2.28423e+08 ]
  Variable bound range        : [ 0.05, 1 ]
  RHS coefficient range       : [ 1.02026e-08, 1 ]
Objective value for Line heur k = 47: 5742877.378745228
43
Actual reward of current solution: 34785353.06799477
Minimum Difference with past solutions:0.0.
New solution equals old solution at k=47
42
Total Reward at the start of the inner iterations: 34785353.06799477
Gurobi status: 2

Statistics for model Linearization Heuristic :
  Linear constraint matrix    : 8322 Constrs, 5040 Vars, 1700076 NZs
  Matrix coefficient range    : [ 1.00032e-13, 1 ]
  Objective coefficient range : [ 6.81569e-22, 2.28423e+08 ]
  Variable bound range        : [ 0.05, 1 ]
  RHS coefficient range       : [ 1.3061e-08, 1 ]
Objective value for Line heur k = 48: 5654859.112271199
42
Actual reward of current solution: 34785353.06799477
Minimum Difference with past solutions:0.0.
New solution equals old solution at k=48
41
Total Reward at the start of the inner iterations: 34785353.06799477
Gurobi status: 2

Statistics for model Linearization Heuristic :
  Linear constraint matrix    : 8157 Constrs, 4950 Vars, 1634061 NZs
  Matrix coefficient range    : [ 1.00032e-13, 1 ]
  Objective coefficient range : [ 6.81569e-22, 2.28423e+08 ]
  Variable bound range        : [ 0.05, 1 ]
  RHS coefficient range       : [ 1.37398e-08, 1 ]
Objective value for Line heur k = 49: 5565852.023684437
41
Actual reward of current solution: 34785353.06799477
Minimum Difference with past solutions:0.0.
New solution equals old solution at k=49
40
Total Reward at the start of the inner iterations: 34785353.06799477
Gurobi status: 2

Statistics for model Linearization Heuristic :
  Linear constraint matrix    : 7992 Constrs, 4860 Vars, 1569281 NZs
  Matrix coefficient range    : [ 1.00032e-13, 1 ]
  Objective coefficient range : [ 6.81569e-22, 2.28423e+08 ]
  Variable bound range        : [ 0.05, 1 ]
  RHS coefficient range       : [ 1.42227e-08, 1 ]
Objective value for Line heur k = 50: 5475914.539488569
40
Actual reward of current solution: 34785353.06799477
Minimum Difference with past solutions:0.0.
New solution equals old solution at k=50
39
Total Reward at the start of the inner iterations: 34785353.06799477
Gurobi status: 2

Statistics for model Linearization Heuristic :
  Linear constraint matrix    : 7827 Constrs, 4770 Vars, 1505736 NZs
  Matrix coefficient range    : [ 1.00032e-13, 1 ]
  Objective coefficient range : [ 6.81569e-22, 2.28423e+08 ]
  Variable bound range        : [ 0.05, 1 ]
  RHS coefficient range       : [ 1.45286e-08, 1 ]
Objective value for Line heur k = 51: 5385095.670192926
39
Actual reward of current solution: 34785353.06799477
Minimum Difference with past solutions:0.0.
New solution equals old solution at k=51
38
Total Reward at the start of the inner iterations: 34785353.06799477
Gurobi status: 2

Statistics for model Linearization Heuristic :
  Linear constraint matrix    : 7662 Constrs, 4680 Vars, 1443427 NZs
  Matrix coefficient range    : [ 1.00032e-13, 1 ]
  Objective coefficient range : [ 6.81569e-22, 2.28423e+08 ]
  Variable bound range        : [ 0.05, 1 ]
  RHS coefficient range       : [ 1.4681e-08, 1 ]
Objective value for Line heur k = 52: 5293438.868800346
38
Actual reward of current solution: 34785353.06799477
Minimum Difference with past solutions:0.0.
New solution equals old solution at k=52
37
Total Reward at the start of the inner iterations: 34785353.06799477
Gurobi status: 2

Statistics for model Linearization Heuristic :
  Linear constraint matrix    : 7497 Constrs, 4590 Vars, 1382353 NZs
  Matrix coefficient range    : [ 1.00032e-13, 1 ]
  Objective coefficient range : [ 6.81569e-22, 2.28423e+08 ]
  Variable bound range        : [ 0.05, 1 ]
  RHS coefficient range       : [ 1.47037e-08, 1 ]
Objective value for Line heur k = 53: 5200984.124357918
37
Actual reward of current solution: 34785353.06799477
Minimum Difference with past solutions:0.0.
New solution equals old solution at k=53
36
Total Reward at the start of the inner iterations: 34785353.06799477
Gurobi status: 2

Statistics for model Linearization Heuristic :
  Linear constraint matrix    : 7332 Constrs, 4500 Vars, 1322514 NZs
  Matrix coefficient range    : [ 1.00032e-13, 1 ]
  Objective coefficient range : [ 6.81569e-22, 2.28423e+08 ]
  Variable bound range        : [ 0.05, 1 ]
  RHS coefficient range       : [ 1.46188e-08, 1 ]
Objective value for Line heur k = 54: 5107769.090193749
36
Actual reward of current solution: 34785353.06799477
Minimum Difference with past solutions:0.0.
New solution equals old solution at k=54
35
Total Reward at the start of the inner iterations: 34785353.06799477
Gurobi status: 2

Statistics for model Linearization Heuristic :
  Linear constraint matrix    : 7167 Constrs, 4410 Vars, 1263910 NZs
  Matrix coefficient range    : [ 1.00032e-13, 1 ]
  Objective coefficient range : [ 6.81569e-22, 2.28423e+08 ]
  Variable bound range        : [ 0.05, 1 ]
  RHS coefficient range       : [ 1.44459e-08, 1 ]
Objective value for Line heur k = 55: 5013829.686031874
35
Actual reward of current solution: 34785353.06799477
Minimum Difference with past solutions:0.0.
New solution equals old solution at k=55
34
Total Reward at the start of the inner iterations: 34785353.06799477
Gurobi status: 2

Statistics for model Linearization Heuristic :
  Linear constraint matrix    : 7002 Constrs, 4320 Vars, 1206595 NZs
  Matrix coefficient range    : [ 1.00032e-13, 1 ]
  Objective coefficient range : [ 6.81569e-22, 2.28423e+08 ]
  Variable bound range        : [ 0.05, 1 ]
  RHS coefficient range       : [ 1.42022e-08, 0.290144 ]
Objective value for Line heur k = 56: 4919200.415158956
34
Actual reward of current solution: 34785353.06799477
Minimum Difference with past solutions:0.0.
New solution equals old solution at k=56
33
Total Reward at the start of the inner iterations: 34785353.06799477
Gurobi status: 2

Statistics for model Linearization Heuristic :
  Linear constraint matrix    : 6891 Constrs, 4230 Vars, 1150515 NZs
  Matrix coefficient range    : [ 1.00032e-13, 1 ]
  Objective coefficient range : [ 6.81569e-22, 2.28423e+08 ]
  Variable bound range        : [ 0.05, 1 ]
  RHS coefficient range       : [ 1.39024e-08, 1 ]
Objective value for Line heur k = 57: 4823914.528947403
33
Actual reward of current solution: 34785353.06799477
Minimum Difference with past solutions:0.0.
New solution equals old solution at k=57
32
Total Reward at the start of the inner iterations: 34785353.06799477
Gurobi status: 2

Statistics for model Linearization Heuristic :
  Linear constraint matrix    : 6726 Constrs, 4140 Vars, 1095616 NZs
  Matrix coefficient range    : [ 1.00032e-13, 1 ]
  Objective coefficient range : [ 6.81569e-22, 2.28423e+08 ]
  Variable bound range        : [ 0.05, 1 ]
  RHS coefficient range       : [ 1.3559e-08, 1 ]
Objective value for Line heur k = 58: 4728004.111148595
32
Actual reward of current solution: 34785353.06799477
Minimum Difference with past solutions:0.0.
New solution equals old solution at k=58
31
Total Reward at the start of the inner iterations: 34785353.06799477
Gurobi status: 2

Statistics for model Linearization Heuristic :
  Linear constraint matrix    : 6561 Constrs, 4050 Vars, 1041952 NZs
  Matrix coefficient range    : [ 1.00032e-13, 1 ]
  Objective coefficient range : [ 6.81569e-22, 2.28423e+08 ]
  Variable bound range        : [ 0.05, 1 ]
  RHS coefficient range       : [ 1.31826e-08, 1 ]
Objective value for Line heur k = 59: 4631500.121410247
31
Actual reward of current solution: 34785353.06799477
Minimum Difference with past solutions:0.0.
New solution equals old solution at k=59
30
Total Reward at the start of the inner iterations: 34785353.06799477
Gurobi status: 2

Statistics for model Linearization Heuristic :
  Linear constraint matrix    : 6396 Constrs, 3960 Vars, 989523 NZs
  Matrix coefficient range    : [ 1.00032e-13, 1 ]
  Objective coefficient range : [ 6.81569e-22, 2.28423e+08 ]
  Variable bound range        : [ 0.05, 1 ]
  RHS coefficient range       : [ 1.27818e-08, 1 ]
Objective value for Line heur k = 60: 4534432.419335624
30
Actual reward of current solution: 34785353.06799477
Minimum Difference with past solutions:0.0.
New solution equals old solution at k=60
29
Total Reward at the start of the inner iterations: 34785353.06799477
Gurobi status: 2

Statistics for model Linearization Heuristic :
  Linear constraint matrix    : 6231 Constrs, 3870 Vars, 938330 NZs
  Matrix coefficient range    : [ 1.00032e-13, 1 ]
  Objective coefficient range : [ 6.81569e-22, 2.28423e+08 ]
  Variable bound range        : [ 0.05, 1 ]
  RHS coefficient range       : [ 1.23642e-08, 1 ]
Objective value for Line heur k = 61: 4436829.780432574
29
Actual reward of current solution: 34785353.06799477
Minimum Difference with past solutions:0.0.
New solution equals old solution at k=61
28
Total Reward at the start of the inner iterations: 34785353.06799477
Gurobi status: 2

Statistics for model Linearization Heuristic :
  Linear constraint matrix    : 6066 Constrs, 3780 Vars, 888372 NZs
  Matrix coefficient range    : [ 1.00032e-13, 1 ]
  Objective coefficient range : [ 6.81569e-22, 2.28423e+08 ]
  Variable bound range        : [ 0.05, 1 ]
  RHS coefficient range       : [ 1.19359e-08, 1 ]
Objective value for Line heur k = 62: 4338719.909833315
28
Actual reward of current solution: 34785353.06799477
Minimum Difference with past solutions:0.0.
New solution equals old solution at k=62
27
Total Reward at the start of the inner iterations: 34785353.06799477
Gurobi status: 2

Statistics for model Linearization Heuristic :
  Linear constraint matrix    : 5901 Constrs, 3690 Vars, 839649 NZs
  Matrix coefficient range    : [ 1.00032e-13, 1 ]
  Objective coefficient range : [ 6.81569e-22, 2.28423e+08 ]
  Variable bound range        : [ 0.05, 1 ]
  RHS coefficient range       : [ 1.15019e-08, 1 ]
Objective value for Line heur k = 63: 4240129.456683351
27
Actual reward of current solution: 34785353.06799477
Minimum Difference with past solutions:0.0.
New solution equals old solution at k=63
26
Total Reward at the start of the inner iterations: 34785353.06799477
Gurobi status: 2

Statistics for model Linearization Heuristic :
  Linear constraint matrix    : 5736 Constrs, 3600 Vars, 792162 NZs
  Matrix coefficient range    : [ 1.00032e-13, 1 ]
  Objective coefficient range : [ 6.81569e-22, 2.28423e+08 ]
  Variable bound range        : [ 0.05, 1 ]
  RHS coefficient range       : [ 1.10663e-08, 1 ]
Objective value for Line heur k = 64: 4141084.0304859127
26
Actual reward of current solution: 34785353.06799477
Minimum Difference with past solutions:0.0.
New solution equals old solution at k=64
25
Total Reward at the start of the inner iterations: 34785353.06799477
Gurobi status: 2

Statistics for model Linearization Heuristic :
  Linear constraint matrix    : 5571 Constrs, 3510 Vars, 745910 NZs
  Matrix coefficient range    : [ 1.00032e-13, 1 ]
  Objective coefficient range : [ 6.81569e-22, 2.28423e+08 ]
  Variable bound range        : [ 0.05, 1 ]
  RHS coefficient range       : [ 1.06327e-08, 1 ]
Objective value for Line heur k = 65: 4041608.219832116
25
Actual reward of current solution: 34785353.06799477
Minimum Difference with past solutions:0.0.
New solution equals old solution at k=65
24
Total Reward at the start of the inner iterations: 34785353.06799477
Gurobi status: 2

Statistics for model Linearization Heuristic :
  Linear constraint matrix    : 5406 Constrs, 3420 Vars, 700895 NZs
  Matrix coefficient range    : [ 1.00032e-13, 1 ]
  Objective coefficient range : [ 6.81569e-22, 2.28423e+08 ]
  Variable bound range        : [ 0.05, 1 ]
  RHS coefficient range       : [ 1.02037e-08, 1 ]
Objective value for Line heur k = 66: 3941725.6135063223
24
Actual reward of current solution: 34785353.06799477
Minimum Difference with past solutions:0.0.
New solution equals old solution at k=66
23
Total Reward at the start of the inner iterations: 34785353.06799477
Gurobi status: 2

Statistics for model Linearization Heuristic :
  Linear constraint matrix    : 5241 Constrs, 3330 Vars, 657115 NZs
  Matrix coefficient range    : [ 1.00032e-13, 1 ]
  Objective coefficient range : [ 6.81569e-22, 2.28423e+08 ]
  Variable bound range        : [ 0.05, 1 ]
  RHS coefficient range       : [ 9.78164e-09, 1 ]
Objective value for Line heur k = 67: 3841458.8237431906
23
Actual reward of current solution: 34785353.06799477
Minimum Difference with past solutions:0.0.
New solution equals old solution at k=67
22
Total Reward at the start of the inner iterations: 34785353.06799477
Gurobi status: 2

Statistics for model Linearization Heuristic :
  Linear constraint matrix    : 5076 Constrs, 3240 Vars, 614572 NZs
  Matrix coefficient range    : [ 1.00032e-13, 1 ]
  Objective coefficient range : [ 6.81569e-22, 2.28423e+08 ]
  Variable bound range        : [ 0.05, 1 ]
  RHS coefficient range       : [ 9.36817e-09, 1 ]
Objective value for Line heur k = 68: 3740829.5113231693
22
Actual reward of current solution: 34785353.06799477
Minimum Difference with past solutions:0.0.
New solution equals old solution at k=68
21
Total Reward at the start of the inner iterations: 34785353.06799477
Gurobi status: 2

Statistics for model Linearization Heuristic :
  Linear constraint matrix    : 4911 Constrs, 3150 Vars, 573265 NZs
  Matrix coefficient range    : [ 1.00032e-13, 1 ]
  Objective coefficient range : [ 6.81569e-22, 2.28423e+08 ]
  Variable bound range        : [ 0.05, 1 ]
  RHS coefficient range       : [ 8.96468e-09, 1 ]
Objective value for Line heur k = 69: 3639858.412169495
21
Actual reward of current solution: 34785353.06799477
Minimum Difference with past solutions:0.0.
New solution equals old solution at k=69
20
Total Reward at the start of the inner iterations: 34785353.06799477
Gurobi status: 2

Statistics for model Linearization Heuristic :
  Linear constraint matrix    : 4746 Constrs, 3060 Vars, 533247 NZs
  Matrix coefficient range    : [ 1.00032e-13, 1 ]
  Objective coefficient range : [ 6.81569e-22, 2.28423e+08 ]
  Variable bound range        : [ 0.05, 1 ]
  RHS coefficient range       : [ 8.57222e-09, 0.28997 ]
Objective value for Line heur k = 70: 3538565.3651205865
20
Actual reward of current solution: 34785353.06799477
Minimum Difference with past solutions:0.0.
New solution equals old solution at k=70
19
Total Reward at the start of the inner iterations: 34785353.06799477
Gurobi status: 2

Statistics for model Linearization Heuristic :
  Linear constraint matrix    : 4635 Constrs, 2970 Vars, 494464 NZs
  Matrix coefficient range    : [ 1.00032e-13, 1 ]
  Objective coefficient range : [ 6.81569e-22, 2.28423e+08 ]
  Variable bound range        : [ 0.05, 1 ]
  RHS coefficient range       : [ 8.19156e-09, 1 ]
Objective value for Line heur k = 71: 3436969.340580137
19
Actual reward of current solution: 34785353.06799477
Minimum Difference with past solutions:0.0.
New solution equals old solution at k=71
18
Total Reward at the start of the inner iterations: 34785353.06799477
Gurobi status: 2

Statistics for model Linearization Heuristic :
  Linear constraint matrix    : 4470 Constrs, 2880 Vars, 456864 NZs
  Matrix coefficient range    : [ 1.00032e-13, 1 ]
  Objective coefficient range : [ 6.81569e-22, 2.28423e+08 ]
  Variable bound range        : [ 0.05, 1 ]
  RHS coefficient range       : [ 7.82324e-09, 1 ]
Objective value for Line heur k = 72: 3335088.469784791
18
Actual reward of current solution: 34785353.06799477
Minimum Difference with past solutions:0.0.
New solution equals old solution at k=72
17
Total Reward at the start of the inner iterations: 34785353.06799477
Gurobi status: 2

Statistics for model Linearization Heuristic :
  Linear constraint matrix    : 4305 Constrs, 2790 Vars, 420499 NZs
  Matrix coefficient range    : [ 1.00032e-13, 1 ]
  Objective coefficient range : [ 6.81569e-22, 2.28423e+08 ]
  Variable bound range        : [ 0.05, 1 ]
  RHS coefficient range       : [ 7.4676e-09, 1 ]
Objective value for Line heur k = 73: 3232940.0744728358
17
Actual reward of current solution: 34785353.06799477
Minimum Difference with past solutions:0.0.
New solution equals old solution at k=73
16
Total Reward at the start of the inner iterations: 34785353.06799477
Gurobi status: 2

Statistics for model Linearization Heuristic :
  Linear constraint matrix    : 4140 Constrs, 2700 Vars, 385370 NZs
  Matrix coefficient range    : [ 1.00032e-13, 1 ]
  Objective coefficient range : [ 6.81569e-22, 2.28423e+08 ]
  Variable bound range        : [ 0.05, 1 ]
  RHS coefficient range       : [ 7.12485e-09, 1 ]
Objective value for Line heur k = 74: 3130540.6967871045
16
Actual reward of current solution: 34785353.06799477
Minimum Difference with past solutions:0.0.
New solution equals old solution at k=74
15
Total Reward at the start of the inner iterations: 34785353.06799477
Gurobi status: 2

Statistics for model Linearization Heuristic :
  Linear constraint matrix    : 3975 Constrs, 2610 Vars, 351476 NZs
  Matrix coefficient range    : [ 1.00032e-13, 1 ]
  Objective coefficient range : [ 6.81569e-22, 2.28423e+08 ]
  Variable bound range        : [ 0.05, 1 ]
  RHS coefficient range       : [ 6.79504e-09, 1 ]
Objective value for Line heur k = 75: 3027906.129305874
15
Actual reward of current solution: 34785353.06799477
Minimum Difference with past solutions:0.0.
New solution equals old solution at k=75
14
Total Reward at the start of the inner iterations: 34785353.06799477
Gurobi status: 2

Statistics for model Linearization Heuristic :
  Linear constraint matrix    : 3810 Constrs, 2520 Vars, 318818 NZs
  Matrix coefficient range    : [ 1.00032e-13, 1 ]
  Objective coefficient range : [ 6.81569e-22, 2.28423e+08 ]
  Variable bound range        : [ 0.05, 1 ]
  RHS coefficient range       : [ 5.20648e-09, 1 ]
Objective value for Line heur k = 76: 2925051.445175628
14
Actual reward of current solution: 34785353.06799477
Minimum Difference with past solutions:0.0.
New solution equals old solution at k=76
13
Total Reward at the start of the inner iterations: 34785353.06799477
Gurobi status: 2

Statistics for model Linearization Heuristic :
  Linear constraint matrix    : 3645 Constrs, 2430 Vars, 287396 NZs
  Matrix coefficient range    : [ 1.00032e-13, 1 ]
  Objective coefficient range : [ 1.2093e-21, 2.28423e+08 ]
  Variable bound range        : [ 0.05, 1 ]
  RHS coefficient range       : [ 1.15186e-09, 1 ]
Objective value for Line heur k = 77: 2821991.028435193
13
Actual reward of current solution: 34785353.06799477
Minimum Difference with past solutions:0.0.
New solution equals old solution at k=77
12
Total Reward at the start of the inner iterations: 34785353.06799477
Gurobi status: 2

Statistics for model Linearization Heuristic :
  Linear constraint matrix    : 3480 Constrs, 2340 Vars, 257210 NZs
  Matrix coefficient range    : [ 1.00032e-13, 1 ]
  Objective coefficient range : [ 1.2093e-21, 2.28423e+08 ]
  Variable bound range        : [ 0.05, 1 ]
  RHS coefficient range       : [ 1.22597e-09, 1 ]
Objective value for Line heur k = 78: 2718738.604801297
12
Actual reward of current solution: 34785353.06799477
Minimum Difference with past solutions:0.0.
New solution equals old solution at k=78
11
Total Reward at the start of the inner iterations: 34785353.06799477
Gurobi status: 2

Statistics for model Linearization Heuristic :
  Linear constraint matrix    : 3315 Constrs, 2250 Vars, 228260 NZs
  Matrix coefficient range    : [ 1.00032e-13, 1 ]
  Objective coefficient range : [ 1.2093e-21, 2.28423e+08 ]
  Variable bound range        : [ 0.05, 1 ]
  RHS coefficient range       : [ 2.53067e-11, 1 ]
Objective value for Line heur k = 79: 2615307.273479884
11
Actual reward of current solution: 34785353.06799477
Minimum Difference with past solutions:0.0.
New solution equals old solution at k=79
10
Total Reward at the start of the inner iterations: 34785353.06799477
Gurobi status: 2

Statistics for model Linearization Heuristic :
  Linear constraint matrix    : 3150 Constrs, 2160 Vars, 200546 NZs
  Matrix coefficient range    : [ 1.00032e-13, 1 ]
  Objective coefficient range : [ 1.2093e-21, 2.28423e+08 ]
  Variable bound range        : [ 0.05, 1 ]
  RHS coefficient range       : [ 1.50184e-09, 1 ]
Objective value for Line heur k = 80: 2511709.5410616486
10
Actual reward of current solution: 34785353.06799477
Minimum Difference with past solutions:0.0.
New solution equals old solution at k=80
9
Total Reward at the start of the inner iterations: 34785353.06799477
Gurobi status: 2

Statistics for model Linearization Heuristic :
  Linear constraint matrix    : 2985 Constrs, 2070 Vars, 174069 NZs
  Matrix coefficient range    : [ 1.00032e-13, 1 ]
  Objective coefficient range : [ 1.2093e-21, 2.28423e+08 ]
  Variable bound range        : [ 0.05, 1 ]
  RHS coefficient range       : [ 3.18352e-09, 1 ]
Objective value for Line heur k = 81: 2407957.3594036894
9
Actual reward of current solution: 34785353.06799477
Minimum Difference with past solutions:0.0.
New solution equals old solution at k=81
8
Total Reward at the start of the inner iterations: 34785353.06799477
Gurobi status: 2

Statistics for model Linearization Heuristic :
  Linear constraint matrix    : 2820 Constrs, 1980 Vars, 148828 NZs
  Matrix coefficient range    : [ 1.00032e-13, 1 ]
  Objective coefficient range : [ 1.2093e-21, 2.28423e+08 ]
  Variable bound range        : [ 0.05, 1 ]
  RHS coefficient range       : [ 4.87001e-09, 1 ]
Objective value for Line heur k = 82: 2304062.170849349
8
Actual reward of current solution: 34785353.06799477
Minimum Difference with past solutions:0.0.
New solution equals old solution at k=82
7
Total Reward at the start of the inner iterations: 34785353.06799477
Gurobi status: 2

Statistics for model Linearization Heuristic :
  Linear constraint matrix    : 2655 Constrs, 1890 Vars, 124825 NZs
  Matrix coefficient range    : [ 1.00032e-13, 1 ]
  Objective coefficient range : [ 1.2093e-21, 2.28423e+08 ]
  Variable bound range        : [ 0.05, 1 ]
  RHS coefficient range       : [ 6.56485e-09, 1 ]
Objective value for Line heur k = 83: 2200034.9666425153
7
Actual reward of current solution: 34785353.06799477
Minimum Difference with past solutions:0.0.
New solution equals old solution at k=83
6
Total Reward at the start of the inner iterations: 34785353.06799477
Gurobi status: 2

Statistics for model Linearization Heuristic :
  Linear constraint matrix    : 2490 Constrs, 1800 Vars, 102115 NZs
  Matrix coefficient range    : [ 1.00032e-13, 1 ]
  Objective coefficient range : [ 1.2093e-21, 2.28423e+08 ]
  Variable bound range        : [ 0.05, 1 ]
  RHS coefficient range       : [ 8.27417e-09, 0.289866 ]
Objective value for Line heur k = 84: 2095886.3687272212
6
Actual reward of current solution: 34785353.06799477
Minimum Difference with past solutions:0.0.
New solution equals old solution at k=84
5
Total Reward at the start of the inner iterations: 34785353.06799477
Gurobi status: 2

Statistics for model Linearization Heuristic :
  Linear constraint matrix    : 2379 Constrs, 1710 Vars, 80650 NZs
  Matrix coefficient range    : [ 1.00032e-13, 1 ]
  Objective coefficient range : [ 1.2093e-21, 2.28423e+08 ]
  Variable bound range        : [ 0.05, 1 ]
  RHS coefficient range       : [ 1.00086e-08, 1 ]
Objective value for Line heur k = 85: 1991626.7526307246
5
Actual reward of current solution: 34785353.06799477
Minimum Difference with past solutions:0.0.
New solution equals old solution at k=85
4
Total Reward at the start of the inner iterations: 34785353.06799477
Gurobi status: 2

Statistics for model Linearization Heuristic :
  Linear constraint matrix    : 2214 Constrs, 1620 Vars, 60390 NZs
  Matrix coefficient range    : [ 1.00032e-13, 1 ]
  Objective coefficient range : [ 1.2093e-21, 2.28423e+08 ]
  Variable bound range        : [ 0.05, 1 ]
  RHS coefficient range       : [ 1.17865e-08, 1 ]
Objective value for Line heur k = 86: 1887266.4421403299
4
Actual reward of current solution: 34785353.06799477
Minimum Difference with past solutions:0.0.
New solution equals old solution at k=86
3
Total Reward at the start of the inner iterations: 34785353.06799477
Gurobi status: 2

Statistics for model Linearization Heuristic :
  Linear constraint matrix    : 2049 Constrs, 1530 Vars, 41430 NZs
  Matrix coefficient range    : [ 1.00032e-13, 1 ]
  Objective coefficient range : [ 1.2093e-21, 2.28423e+08 ]
  Variable bound range        : [ 0.05, 1 ]
  RHS coefficient range       : [ 1.36398e-08, 1 ]
Objective value for Line heur k = 87: 1782816.0290394076
3
Actual reward of current solution: 34785353.06799477
Minimum Difference with past solutions:0.0.
New solution equals old solution at k=87
2
Total Reward at the start of the inner iterations: 34785353.06799477
Gurobi status: 2

Statistics for model Linearization Heuristic :
  Linear constraint matrix    : 1884 Constrs, 1440 Vars, 23930 NZs
  Matrix coefficient range    : [ 1.10533e-13, 1 ]
  Objective coefficient range : [ 1.2093e-21, 2.28423e+08 ]
  Variable bound range        : [ 0.05, 1 ]
  RHS coefficient range       : [ 1.56239e-08, 1 ]
Objective value for Line heur k = 88: 1678286.9102685065
2
Actual reward of current solution: 34785353.06799477
Minimum Difference with past solutions:0.0.
New solution equals old solution at k=88
1
Total Reward at the start of the inner iterations: 34785353.06799477
Gurobi status: 2

Statistics for model Linearization Heuristic :
  Linear constraint matrix    : 1719 Constrs, 1350 Vars, 11838 NZs
  Matrix coefficient range    : [ 1.10533e-13, 1 ]
  Objective coefficient range : [ 1.38778e-17, 2.28423e+08 ]
  Variable bound range        : [ 0.05, 1 ]
  RHS coefficient range       : [ 1.78347e-08, 1 ]
Objective value for Line heur k = 89: 1573692.2026621038
1
Actual reward of current solution: 34785353.06799477
Minimum Difference with past solutions:0.0.
New solution equals old solution at k=89
0
Total Reward at the start of the inner iterations: 34785353.06799477
Gurobi status: 2

Statistics for model Linearization Heuristic :
  Linear constraint matrix    : 1554 Constrs, 1260 Vars, 2709 NZs
  Matrix coefficient range    : [ 0.288979, 1 ]
  Objective coefficient range : [ 1.38778e-17, 2.28423e+08 ]
  Variable bound range        : [ 0.05, 1 ]
  RHS coefficient range       : [ 2.04386e-08, 0.289838 ]
Objective value for Line heur k = 90: 1469048.3129197957
0
Actual reward of current solution: 34785353.06799477
Minimum Difference with past solutions:0.0.
New solution equals old solution at k=90
0
Total Reward at the start of the inner iterations: 34785353.06799477
Gurobi status: 2

Statistics for model Linearization Heuristic :
  Linear constraint matrix    : 1443 Constrs, 1170 Vars, 2457 NZs
  Matrix coefficient range    : [ 0.317935, 1 ]
  Objective coefficient range : [ 1.38778e-17, 2.28423e+08 ]
  Variable bound range        : [ 0.05, 1 ]
  RHS coefficient range       : [ 2.04386e-08, 0.289838 ]
Objective value for Line heur k = 91: 1364116.281210214
0
Actual reward of current solution: 34785353.06799477
Minimum Difference with past solutions:0.0.
New solution equals old solution at k=91
0
Total Reward at the start of the inner iterations: 34785353.06799477
Gurobi status: 2

Statistics for model Linearization Heuristic :
  Linear constraint matrix    : 1332 Constrs, 1080 Vars, 2214 NZs
  Matrix coefficient range    : [ 0.349792, 1 ]
  Objective coefficient range : [ 1.38778e-17, 2.28423e+08 ]
  Variable bound range        : [ 0.05, 1 ]
  RHS coefficient range       : [ 2.04386e-08, 0.289838 ]
Objective value for Line heur k = 92: 1259184.251641552
0
Actual reward of current solution: 34785353.06799477
Minimum Difference with past solutions:0.0.
New solution equals old solution at k=92
0
Total Reward at the start of the inner iterations: 34785353.06799477
Gurobi status: 2

Statistics for model Linearization Heuristic :
  Linear constraint matrix    : 1221 Constrs, 990 Vars, 1980 NZs
  Matrix coefficient range    : [ 0.384842, 1 ]
  Objective coefficient range : [ 1.38778e-17, 2.28423e+08 ]
  Variable bound range        : [ 0.05, 1 ]
  RHS coefficient range       : [ 2.04386e-08, 0.289838 ]
Objective value for Line heur k = 93: 1154252.2241106879
0
Actual reward of current solution: 34785353.06799477
Minimum Difference with past solutions:0.0.
New solution equals old solution at k=93
0
Total Reward at the start of the inner iterations: 34785353.06799477
Gurobi status: 2

Statistics for model Linearization Heuristic :
  Linear constraint matrix    : 1110 Constrs, 900 Vars, 1755 NZs
  Matrix coefficient range    : [ 0.423403, 1 ]
  Objective coefficient range : [ 1.38778e-17, 2.28423e+08 ]
  Variable bound range        : [ 0.05, 1 ]
  RHS coefficient range       : [ 2.04386e-08, 0.289838 ]
Objective value for Line heur k = 94: 1049320.198432257
0
Actual reward of current solution: 34785353.06799477
Minimum Difference with past solutions:0.0.
New solution equals old solution at k=94
0
Total Reward at the start of the inner iterations: 34785353.06799477
Gurobi status: 2

Statistics for model Linearization Heuristic :
  Linear constraint matrix    : 999 Constrs, 810 Vars, 1539 NZs
  Matrix coefficient range    : [ 0.465828, 1 ]
  Objective coefficient range : [ 1.38778e-17, 2.28423e+08 ]
  Variable bound range        : [ 0.05, 1 ]
  RHS coefficient range       : [ 2.04386e-08, 0.289838 ]
Objective value for Line heur k = 95: 944388.174386199
0
Actual reward of current solution: 34785353.06799477
Minimum Difference with past solutions:0.0.
New solution equals old solution at k=95
0
Total Reward at the start of the inner iterations: 34785353.06799477
Gurobi status: 2

Statistics for model Linearization Heuristic :
  Linear constraint matrix    : 888 Constrs, 720 Vars, 1332 NZs
  Matrix coefficient range    : [ 0.512504, 1 ]
  Objective coefficient range : [ 1.38778e-17, 2.28423e+08 ]
  Variable bound range        : [ 0.05, 1 ]
  RHS coefficient range       : [ 2.04386e-08, 0.289838 ]
Objective value for Line heur k = 96: 839456.1517467197
0
Actual reward of current solution: 34785353.06799477
Minimum Difference with past solutions:0.0.
New solution equals old solution at k=96
0
Total Reward at the start of the inner iterations: 34785353.06799477
Gurobi status: 2

Statistics for model Linearization Heuristic :
  Linear constraint matrix    : 777 Constrs, 630 Vars, 1134 NZs
  Matrix coefficient range    : [ 0.563857, 1 ]
  Objective coefficient range : [ 1.38778e-17, 2.28423e+08 ]
  Variable bound range        : [ 0.05, 1 ]
  RHS coefficient range       : [ 2.04386e-08, 0.289838 ]
Objective value for Line heur k = 97: 734524.1302988956
0
Actual reward of current solution: 34785353.06799477
Minimum Difference with past solutions:0.0.
New solution equals old solution at k=97
0
Total Reward at the start of the inner iterations: 34785353.06799477
Gurobi status: 2

Statistics for model Linearization Heuristic :
  Linear constraint matrix    : 666 Constrs, 540 Vars, 945 NZs
  Matrix coefficient range    : [ 0.620356, 1 ]
  Objective coefficient range : [ 1.38778e-17, 2.28423e+08 ]
  Variable bound range        : [ 0.05, 1 ]
  RHS coefficient range       : [ 2.04386e-08, 0.289838 ]
Objective value for Line heur k = 98: 629592.1098473561
0
Actual reward of current solution: 34785353.06799477
Minimum Difference with past solutions:0.0.
New solution equals old solution at k=98
0
Total Reward at the start of the inner iterations: 34785353.06799477
Gurobi status: 2

Statistics for model Linearization Heuristic :
  Linear constraint matrix    : 555 Constrs, 450 Vars, 765 NZs
  Matrix coefficient range    : [ 0.682516, 1 ]
  Objective coefficient range : [ 1.38778e-17, 2.28423e+08 ]
  Variable bound range        : [ 0.05, 1 ]
  RHS coefficient range       : [ 2.04386e-08, 0.289838 ]
Objective value for Line heur k = 99: 524660.0902199324
0
Actual reward of current solution: 34785353.06799477
Minimum Difference with past solutions:0.0.
New solution equals old solution at k=99
0
Total Reward at the start of the inner iterations: 34785353.06799477
Gurobi status: 2

Statistics for model Linearization Heuristic :
  Linear constraint matrix    : 444 Constrs, 360 Vars, 594 NZs
  Matrix coefficient range    : [ 0.750904, 1 ]
  Objective coefficient range : [ 1.38778e-17, 2.28423e+08 ]
  Variable bound range        : [ 0.05, 1 ]
  RHS coefficient range       : [ 2.04386e-08, 0.289838 ]
Objective value for Line heur k = 100: 419728.0712682754
0
Actual reward of current solution: 34785353.06799477
Minimum Difference with past solutions:0.0.
New solution equals old solution at k=100
0
Total Reward at the start of the inner iterations: 34785353.06799477
Gurobi status: 2

Statistics for model Linearization Heuristic :
  Linear constraint matrix    : 333 Constrs, 270 Vars, 432 NZs
  Matrix coefficient range    : [ 0.826145, 1 ]
  Objective coefficient range : [ 1.38778e-17, 2.28423e+08 ]
  Variable bound range        : [ 0.05, 1 ]
  RHS coefficient range       : [ 2.04386e-08, 0.289838 ]
Objective value for Line heur k = 101: 314796.0528667023
0
Actual reward of current solution: 34785353.06799477
Minimum Difference with past solutions:0.0.
New solution equals old solution at k=101
0
Total Reward at the start of the inner iterations: 34785353.06799477
Gurobi status: 2

Statistics for model Linearization Heuristic :
  Linear constraint matrix    : 222 Constrs, 180 Vars, 279 NZs
  Matrix coefficient range    : [ 0.908925, 1 ]
  Objective coefficient range : [ 0.000110437, 2.28423e+08 ]
  Variable bound range        : [ 0.05, 1 ]
  RHS coefficient range       : [ 2.04386e-08, 0.289838 ]
Objective value for Line heur k = 102: 209864.03491013576
0
Actual reward of current solution: 34785353.06799477
Minimum Difference with past solutions:0.0.
New solution equals old solution at k=102
0
Total Reward at the start of the inner iterations: 34785353.06799477
Gurobi status: 2

Statistics for model Linearization Heuristic :
  Linear constraint matrix    : 111 Constrs, 90 Vars, 135 NZs
  Matrix coefficient range    : [ 1, 1 ]
  Objective coefficient range : [ 326.734, 2.28423e+08 ]
  Variable bound range        : [ 0.05, 1 ]
  RHS coefficient range       : [ 2.04386e-08, 0.289838 ]
Objective value for Line heur k = 103: 104932.01731165971
0
Actual reward of current solution: 34785353.06799477
Minimum Difference with past solutions:0.0.
New solution equals old solution at k=103
Total running time for 90 days is 1945.571947336197
Economic Value: 59172663.06960309
Deaths 0.10907135665235533
Total Reward 34785353.06799477
