{'groups': 'all', 'params_to_try': {'delta_schooling': [0.5], 'xi': [0, 371990.3, 929975.75, 1859951.5, 3719903, 5579854.5], 'icus': [2900], 'tests': [[60000, 0]], 'testing': ['homogeneous'], 'eta': [0.1]}}
{'groups': 'all', 'params_to_try': {'delta_schooling': [0.5], 'xi': [0, 371990.3, 929975.75, 1859951.5, 3719903, 5579854.5], 'icus': [2900], 'tests': [[60000, 0]], 'testing': ['homogeneous'], 'eta': [0.1]}}
{'groups': 'all', 'params_to_try': {'delta_schooling': [0.48802820785090784], 'icus': [2900], 'eta': [0.054375082876818165], 'tests': [[0, 0]], 'xi': [18599515.0], 'testing': ['homogeneous']}}
results/time_gradient/xi-18599515_icus-2900_testing-homogeneous_natests-0_nmtests-0_T-90_startday-0_groups-all_dschool-0.488028_eta-0.054375_freq-90-14_initParamVarying-multiplier_beta_randomInstance-45.yaml
{'groups': 'all', 'params_to_try': {'delta_schooling': [0.5], 'xi': [0, 371990.3, 929975.75, 1859951.5, 3719903, 5579854.5], 'icus': [2900], 'tests': [[60000, 0]], 'testing': ['homogeneous'], 'eta': [0.1]}}
{'groups': 'all', 'params_to_try': {'delta_schooling': [0.5], 'xi': [0, 371990.3, 929975.75, 1859951.5, 3719903, 5579854.5], 'icus': [2900], 'tests': [[60000, 0]], 'testing': ['homogeneous'], 'eta': [0.1]}}
{'groups': 'all', 'params_to_try': {'delta_schooling': [0.48802820785090784], 'icus': [2900], 'eta': [0.054375082876818165], 'tests': [[0, 0]], 'xi': [18599515.0], 'testing': ['homogeneous']}}
results/dynamic_gradient/xi-18599515_icus-2900_testing-homogeneous_natests-0_nmtests-0_T-90_startday-0_groups-all_dschool-0.488028_eta-0.054375_freq-90-14_initParamVarying-multiplier_beta_randomInstance-45.yaml
500
(0.5, 185995150.0, 0.29, 0.0, (7, 14), 'fitted-scaled', 'econ-scaled', 'oct21-scaled', 0.1, 0.05, 2, 'dynamic_gradient', 45, 'multiplier_beta')
The value of T is: 104
Missing starting point -- Running the initial heuristic.
/home/groups/daniancu/covid-optimization/covid-optimization
90
Total Reward at the start of the inner iterations: 41552755.09169929
Using license file /share/software/user/restricted/gurobi/9.0.3_py36/licenses/gurobi.lic
Set parameter TokenServer to value license4.stanford.edu
Gurobi status: 2

Statistics for model Linearization Heuristic :
  Linear constraint matrix    : 16026 Constrs, 9360 Vars, 5534571 NZs
  Matrix coefficient range    : [ 1.0014e-13, 1 ]
  Objective coefficient range : [ 8.59728e-22, 1.91224e+08 ]
  Variable bound range        : [ 0.05, 1 ]
  RHS coefficient range       : [ 1.23731e-07, 0.2921 ]
Objective value for Line heur k = 0: 7104395.125638983
90
Actual reward of current solution: 41029099.62044068
Minimum Difference with past solutions:0.050000000000000044.
Gurobi status: 2

Statistics for model Linearization Heuristic :
  Linear constraint matrix    : 16026 Constrs, 9360 Vars, 6321100 NZs
  Matrix coefficient range    : [ 1.00166e-13, 1 ]
  Objective coefficient range : [ 3.4543e-22, 1.91224e+08 ]
  Variable bound range        : [ 0.05, 1 ]
  RHS coefficient range       : [ 2.497e-08, 0.292888 ]
Objective value for Line heur k = 0: 6421910.016612518
90
Actual reward of current solution: 41588918.15653594
Minimum Difference with past solutions:0.050000000000000044.
Gurobi status: 2

Statistics for model Linearization Heuristic :
  Linear constraint matrix    : 16026 Constrs, 9360 Vars, 5534571 NZs
  Matrix coefficient range    : [ 1.0014e-13, 1 ]
  Objective coefficient range : [ 8.64169e-22, 1.91224e+08 ]
  Variable bound range        : [ 0.05, 1 ]
  RHS coefficient range       : [ 1.23731e-07, 0.2921 ]
Objective value for Line heur k = 0: 7140555.603991445
90
Actual reward of current solution: 41065262.289450765
Minimum Difference with past solutions:0.050000000000000044.
Gurobi status: 2

Statistics for model Linearization Heuristic :
  Linear constraint matrix    : 16026 Constrs, 9360 Vars, 6321100 NZs
  Matrix coefficient range    : [ 1.00166e-13, 1 ]
  Objective coefficient range : [ 3.47479e-22, 1.91224e+08 ]
  Variable bound range        : [ 0.05, 1 ]
  RHS coefficient range       : [ 2.497e-08, 0.292888 ]
Objective value for Line heur k = 0: 6458069.627636575
90
Actual reward of current solution: 41625081.22137261
Minimum Difference with past solutions:0.050000000000000044.
Gurobi status: 2

Statistics for model Linearization Heuristic :
  Linear constraint matrix    : 16026 Constrs, 9360 Vars, 5534571 NZs
  Matrix coefficient range    : [ 1.0014e-13, 1 ]
  Objective coefficient range : [ 8.6861e-22, 1.91224e+08 ]
  Variable bound range        : [ 0.05, 1 ]
  RHS coefficient range       : [ 1.23731e-07, 0.2921 ]
Objective value for Line heur k = 0: 7176716.082343891
90
Actual reward of current solution: 41101424.958460845
Minimum Difference with past solutions:0.050000000000000044.
Gurobi status: 2

Statistics for model Linearization Heuristic :
  Linear constraint matrix    : 16026 Constrs, 9360 Vars, 6321100 NZs
  Matrix coefficient range    : [ 1.00166e-13, 1 ]
  Objective coefficient range : [ 3.49528e-22, 1.91224e+08 ]
  Variable bound range        : [ 0.05, 1 ]
  RHS coefficient range       : [ 2.497e-08, 0.292888 ]
Objective value for Line heur k = 0: 6494229.238660629
90
Actual reward of current solution: 41661244.28620926
Minimum Difference with past solutions:0.050000000000000044.
Gurobi status: 2

Statistics for model Linearization Heuristic :
  Linear constraint matrix    : 16026 Constrs, 9360 Vars, 5534571 NZs
  Matrix coefficient range    : [ 1.0014e-13, 1 ]
  Objective coefficient range : [ 8.73052e-22, 1.91224e+08 ]
  Variable bound range        : [ 0.05, 1 ]
  RHS coefficient range       : [ 1.23731e-07, 0.2921 ]
Objective value for Line heur k = 0: 7212876.560696354
90
Actual reward of current solution: 41137587.62747094
Minimum Difference with past solutions:0.050000000000000044.
Gurobi status: 2

Statistics for model Linearization Heuristic :
  Linear constraint matrix    : 16026 Constrs, 9360 Vars, 6321100 NZs
  Matrix coefficient range    : [ 1.00166e-13, 1 ]
  Objective coefficient range : [ 3.51577e-22, 1.91224e+08 ]
  Variable bound range        : [ 0.05, 1 ]
  RHS coefficient range       : [ 2.497e-08, 0.292888 ]
Objective value for Line heur k = 0: 6530388.849684676
90
Actual reward of current solution: 41697407.351045914
Minimum Difference with past solutions:0.050000000000000044.
Gurobi status: 2

Statistics for model Linearization Heuristic :
  Linear constraint matrix    : 16026 Constrs, 9360 Vars, 5534571 NZs
  Matrix coefficient range    : [ 1.0014e-13, 1 ]
  Objective coefficient range : [ 8.77493e-22, 1.91224e+08 ]
  Variable bound range        : [ 0.05, 1 ]
  RHS coefficient range       : [ 1.23731e-07, 0.2921 ]
Objective value for Line heur k = 0: 7249037.039048789
90
Actual reward of current solution: 41173750.29648104
Minimum Difference with past solutions:0.050000000000000044.
Gurobi status: 2

Statistics for model Linearization Heuristic :
  Linear constraint matrix    : 16026 Constrs, 9360 Vars, 6321100 NZs
  Matrix coefficient range    : [ 1.00166e-13, 1 ]
  Objective coefficient range : [ 3.53627e-22, 1.91224e+08 ]
  Variable bound range        : [ 0.05, 1 ]
  RHS coefficient range       : [ 2.497e-08, 0.292888 ]
Objective value for Line heur k = 0: 6566548.460708727
90
Actual reward of current solution: 41733570.41588255
Minimum Difference with past solutions:0.05.
Gurobi status: 2

Statistics for model Linearization Heuristic :
  Linear constraint matrix    : 16026 Constrs, 9360 Vars, 5534571 NZs
  Matrix coefficient range    : [ 1.0014e-13, 1 ]
  Objective coefficient range : [ 8.81935e-22, 1.91224e+08 ]
  Variable bound range        : [ 0.05, 1 ]
  RHS coefficient range       : [ 1.23731e-07, 0.2921 ]
Objective value for Line heur k = 0: 7285197.517401253
90
Actual reward of current solution: 41209912.965491116
Minimum Difference with past solutions:0.05.
Gurobi status: 2

Statistics for model Linearization Heuristic :
  Linear constraint matrix    : 16026 Constrs, 9360 Vars, 6321100 NZs
  Matrix coefficient range    : [ 1.00166e-13, 1 ]
  Objective coefficient range : [ 3.55676e-22, 1.91224e+08 ]
  Variable bound range        : [ 0.05, 1 ]
  RHS coefficient range       : [ 2.497e-08, 0.292888 ]
Objective value for Line heur k = 0: 6602708.071732765
90
Actual reward of current solution: 41769733.48071922
Minimum Difference with past solutions:0.05.
Gurobi status: 2

Statistics for model Linearization Heuristic :
  Linear constraint matrix    : 16026 Constrs, 9360 Vars, 5534571 NZs
  Matrix coefficient range    : [ 1.0014e-13, 1 ]
  Objective coefficient range : [ 8.86376e-22, 1.91224e+08 ]
  Variable bound range        : [ 0.05, 1 ]
  RHS coefficient range       : [ 1.23731e-07, 0.2921 ]
Objective value for Line heur k = 0: 7321357.995753697
90
Actual reward of current solution: 41246075.63450121
Minimum Difference with past solutions:0.05.
Gurobi status: 2

Statistics for model Linearization Heuristic :
  Linear constraint matrix    : 16026 Constrs, 9360 Vars, 6321100 NZs
  Matrix coefficient range    : [ 1.00166e-13, 1 ]
  Objective coefficient range : [ 3.57725e-22, 1.91224e+08 ]
  Variable bound range        : [ 0.05, 1 ]
  RHS coefficient range       : [ 2.497e-08, 0.292888 ]
Objective value for Line heur k = 0: 6638867.68275679
90
Actual reward of current solution: 41805896.54555588
Minimum Difference with past solutions:0.05.
Gurobi status: 2

Statistics for model Linearization Heuristic :
  Linear constraint matrix    : 16026 Constrs, 9360 Vars, 5534571 NZs
  Matrix coefficient range    : [ 1.0014e-13, 1 ]
  Objective coefficient range : [ 8.90817e-22, 1.91224e+08 ]
  Variable bound range        : [ 0.05, 1 ]
  RHS coefficient range       : [ 1.23731e-07, 0.2921 ]
Objective value for Line heur k = 0: 7357518.47410613
90
Actual reward of current solution: 41282238.30351131
Minimum Difference with past solutions:0.05.
Gurobi status: 2

Statistics for model Linearization Heuristic :
  Linear constraint matrix    : 16026 Constrs, 9360 Vars, 6321100 NZs
  Matrix coefficient range    : [ 1.00166e-13, 1 ]
  Objective coefficient range : [ 3.59775e-22, 1.91224e+08 ]
  Variable bound range        : [ 0.05, 1 ]
  RHS coefficient range       : [ 2.497e-08, 0.292888 ]
Objective value for Line heur k = 0: 6675027.293780862
90
Actual reward of current solution: 41842059.61039253
Minimum Difference with past solutions:0.05.
Gurobi status: 2

Statistics for model Linearization Heuristic :
  Linear constraint matrix    : 16026 Constrs, 9360 Vars, 5534571 NZs
  Matrix coefficient range    : [ 1.0014e-13, 1 ]
  Objective coefficient range : [ 8.95259e-22, 1.91224e+08 ]
  Variable bound range        : [ 0.05, 1 ]
  RHS coefficient range       : [ 1.23731e-07, 0.2921 ]
Objective value for Line heur k = 0: 7393678.952458588
90
Actual reward of current solution: 41318400.97252141
Minimum Difference with past solutions:0.05.
Gurobi status: 2

Statistics for model Linearization Heuristic :
  Linear constraint matrix    : 16026 Constrs, 9360 Vars, 6321100 NZs
  Matrix coefficient range    : [ 1.00166e-13, 1 ]
  Objective coefficient range : [ 3.61824e-22, 1.91224e+08 ]
  Variable bound range        : [ 0.05, 1 ]
  RHS coefficient range       : [ 2.497e-08, 0.292888 ]
Objective value for Line heur k = 0: 6711186.904804901
90
Actual reward of current solution: 41878222.675229184
Minimum Difference with past solutions:0.05.
Gurobi status: 2

Statistics for model Linearization Heuristic :
  Linear constraint matrix    : 16026 Constrs, 9360 Vars, 5534571 NZs
  Matrix coefficient range    : [ 1.0014e-13, 1 ]
  Objective coefficient range : [ 8.997e-22, 1.91224e+08 ]
  Variable bound range        : [ 0.05, 1 ]
  RHS coefficient range       : [ 1.23731e-07, 0.2921 ]
Objective value for Line heur k = 0: 7429839.430811037
90
Actual reward of current solution: 41354563.64153151
Minimum Difference with past solutions:0.05.
Gurobi status: 2

Statistics for model Linearization Heuristic :
  Linear constraint matrix    : 16026 Constrs, 9360 Vars, 6321100 NZs
  Matrix coefficient range    : [ 1.00166e-13, 1 ]
  Objective coefficient range : [ 3.63873e-22, 1.91224e+08 ]
  Variable bound range        : [ 0.05, 1 ]
  RHS coefficient range       : [ 2.497e-08, 0.292888 ]
Objective value for Line heur k = 0: 6747346.51582895
90
Actual reward of current solution: 41914385.74006587
Minimum Difference with past solutions:0.05.
Gurobi status: 2

Statistics for model Linearization Heuristic :
  Linear constraint matrix    : 16026 Constrs, 9360 Vars, 5534571 NZs
  Matrix coefficient range    : [ 1.0014e-13, 1 ]
  Objective coefficient range : [ 9.04141e-22, 1.91224e+08 ]
  Variable bound range        : [ 0.05, 1 ]
  RHS coefficient range       : [ 1.23731e-07, 0.2921 ]
Objective value for Line heur k = 0: 7447918.376464632
90
Actual reward of current solution: 41372644.97603653
Minimum Difference with past solutions:0.049999999999999684.
Gurobi status: 2

Statistics for model Linearization Heuristic :
  Linear constraint matrix    : 16026 Constrs, 9360 Vars, 6321100 NZs
  Matrix coefficient range    : [ 1.00166e-13, 1 ]
  Objective coefficient range : [ 3.64898e-22, 1.91224e+08 ]
  Variable bound range        : [ 0.05, 1 ]
  RHS coefficient range       : [ 2.497e-08, 0.292888 ]
Objective value for Line heur k = 0: 6747344.986487778
90
Actual reward of current solution: 41914385.74006587
Minimum Difference with past solutions:0.0.
New solution equals old solution at k=0
89
Total Reward at the start of the inner iterations: 41914385.74006587
Gurobi status: 2

Statistics for model Linearization Heuristic :
  Linear constraint matrix    : 15915 Constrs, 9270 Vars, 5440472 NZs
  Matrix coefficient range    : [ 1.0014e-13, 1 ]
  Objective coefficient range : [ 9.04141e-22, 1.91224e+08 ]
  Variable bound range        : [ 0.05, 1 ]
  RHS coefficient range       : [ 1.22712e-07, 1 ]
Objective value for Line heur k = 1: 7567105.0511726905
89
Actual reward of current solution: 41792993.25415862
Minimum Difference with past solutions:0.05.
Gurobi status: 2

Statistics for model Linearization Heuristic :
  Linear constraint matrix    : 15915 Constrs, 9270 Vars, 5818545 NZs
  Matrix coefficient range    : [ 1.00205e-13, 1 ]
  Objective coefficient range : [ 2.1973e-22, 1.91224e+08 ]
  Variable bound range        : [ 0.05, 1 ]
  RHS coefficient range       : [ 4.00579e-08, 1 ]
Objective value for Line heur k = 1: 7248791.753602131
89
Actual reward of current solution: 41914385.74006587
Minimum Difference with past solutions:0.0.
New solution equals old solution at k=1
88
Total Reward at the start of the inner iterations: 41914385.74006587
Gurobi status: 2

Statistics for model Linearization Heuristic :
  Linear constraint matrix    : 15750 Constrs, 9180 Vars, 5347250 NZs
  Matrix coefficient range    : [ 1.0014e-13, 1 ]
  Objective coefficient range : [ 9.04141e-22, 1.91224e+08 ]
  Variable bound range        : [ 0.05, 1 ]
  RHS coefficient range       : [ 4.64381e-08, 1 ]
Objective value for Line heur k = 2: 7723805.255448256
88
Actual reward of current solution: 41792993.25415862
Minimum Difference with past solutions:0.05.
Gurobi status: 2

Statistics for model Linearization Heuristic :
  Linear constraint matrix    : 15750 Constrs, 9180 Vars, 5725323 NZs
  Matrix coefficient range    : [ 1.00205e-13, 1 ]
  Objective coefficient range : [ 2.1973e-22, 1.91224e+08 ]
  Variable bound range        : [ 0.05, 1 ]
  RHS coefficient range       : [ 4.96575e-08, 1 ]
Objective value for Line heur k = 2: 7412473.27461091
88
Actual reward of current solution: 41914385.74006587
Minimum Difference with past solutions:0.0.
New solution equals old solution at k=2
87
Total Reward at the start of the inner iterations: 41914385.74006587
Gurobi status: 2

Statistics for model Linearization Heuristic :
  Linear constraint matrix    : 15585 Constrs, 9090 Vars, 5254959 NZs
  Matrix coefficient range    : [ 1.0014e-13, 1 ]
  Objective coefficient range : [ 9.04141e-22, 1.91224e+08 ]
  Variable bound range        : [ 0.05, 1 ]
  RHS coefficient range       : [ 1.20362e-07, 1 ]
Objective value for Line heur k = 3: 7873147.52336196
87
Actual reward of current solution: 41792993.25415862
Minimum Difference with past solutions:0.05.
Gurobi status: 2

Statistics for model Linearization Heuristic :
  Linear constraint matrix    : 15585 Constrs, 9090 Vars, 5633032 NZs
  Matrix coefficient range    : [ 1.00205e-13, 1 ]
  Objective coefficient range : [ 2.1973e-22, 1.91224e+08 ]
  Variable bound range        : [ 0.05, 1 ]
  RHS coefficient range       : [ 1.20637e-07, 1 ]
Objective value for Line heur k = 3: 7569282.696743515
87
Actual reward of current solution: 41914385.74006587
Minimum Difference with past solutions:0.0.
New solution equals old solution at k=3
86
Total Reward at the start of the inner iterations: 41914385.74006587
Gurobi status: 2

Statistics for model Linearization Heuristic :
  Linear constraint matrix    : 15420 Constrs, 9000 Vars, 5163599 NZs
  Matrix coefficient range    : [ 1.0014e-13, 1 ]
  Objective coefficient range : [ 9.04141e-22, 1.91224e+08 ]
  Variable bound range        : [ 0.05, 1 ]
  RHS coefficient range       : [ 1.19096e-07, 1 ]
Objective value for Line heur k = 4: 8009736.513392251
86
Actual reward of current solution: 41792993.25415862
Minimum Difference with past solutions:0.05.
Gurobi status: 2

Statistics for model Linearization Heuristic :
  Linear constraint matrix    : 15420 Constrs, 9000 Vars, 5541672 NZs
  Matrix coefficient range    : [ 1.00205e-13, 1 ]
  Objective coefficient range : [ 2.1973e-22, 1.91224e+08 ]
  Variable bound range        : [ 0.05, 1 ]
  RHS coefficient range       : [ 1.34608e-07, 1 ]
Objective value for Line heur k = 4: 7713659.22256164
86
Actual reward of current solution: 41914385.74006587
Minimum Difference with past solutions:0.0.
New solution equals old solution at k=4
85
Total Reward at the start of the inner iterations: 41914385.74006587
Gurobi status: 2

Statistics for model Linearization Heuristic :
  Linear constraint matrix    : 15255 Constrs, 8910 Vars, 5073170 NZs
  Matrix coefficient range    : [ 1.0014e-13, 1 ]
  Objective coefficient range : [ 9.04141e-22, 1.91224e+08 ]
  Variable bound range        : [ 0.05, 1 ]
  RHS coefficient range       : [ 1.86931e-09, 1 ]
Objective value for Line heur k = 5: 8131204.524797069
85
Actual reward of current solution: 41792993.25415862
Minimum Difference with past solutions:0.05.
Gurobi status: 2

Statistics for model Linearization Heuristic :
  Linear constraint matrix    : 15255 Constrs, 8910 Vars, 5451243 NZs
  Matrix coefficient range    : [ 1.00205e-13, 1 ]
  Objective coefficient range : [ 2.1973e-22, 1.91224e+08 ]
  Variable bound range        : [ 0.05, 1 ]
  RHS coefficient range       : [ 2.72255e-08, 1 ]
Objective value for Line heur k = 5: 7843122.008716899
85
Actual reward of current solution: 41914385.74006587
Minimum Difference with past solutions:0.0.
New solution equals old solution at k=5
84
Total Reward at the start of the inner iterations: 41914385.74006587
Gurobi status: 2

Statistics for model Linearization Heuristic :
  Linear constraint matrix    : 15090 Constrs, 8820 Vars, 4983672 NZs
  Matrix coefficient range    : [ 1.0014e-13, 1 ]
  Objective coefficient range : [ 9.04141e-22, 1.91224e+08 ]
  Variable bound range        : [ 0.05, 1 ]
  RHS coefficient range       : [ 1.16466e-07, 1 ]
Objective value for Line heur k = 6: 8236932.442588593
84
Actual reward of current solution: 41792993.25415862
Minimum Difference with past solutions:0.05.
Gurobi status: 2

Statistics for model Linearization Heuristic :
  Linear constraint matrix    : 15090 Constrs, 8820 Vars, 5361745 NZs
  Matrix coefficient range    : [ 1.00205e-13, 1 ]
  Objective coefficient range : [ 2.1973e-22, 1.91224e+08 ]
  Variable bound range        : [ 0.05, 1 ]
  RHS coefficient range       : [ 1.31671e-07, 1 ]
Objective value for Line heur k = 6: 7956971.576084186
84
Actual reward of current solution: 41914385.74006587
Minimum Difference with past solutions:0.0.
New solution equals old solution at k=6
83
Total Reward at the start of the inner iterations: 41914385.74006587
Gurobi status: 2

Statistics for model Linearization Heuristic :
  Linear constraint matrix    : 14925 Constrs, 8730 Vars, 4895105 NZs
  Matrix coefficient range    : [ 1.0014e-13, 1 ]
  Objective coefficient range : [ 9.04141e-22, 1.91224e+08 ]
  Variable bound range        : [ 0.05, 1 ]
  RHS coefficient range       : [ 6.06394e-08, 1 ]
Objective value for Line heur k = 7: 8327277.048131646
83
Actual reward of current solution: 41792993.25415862
Minimum Difference with past solutions:0.05.
Gurobi status: 2

Statistics for model Linearization Heuristic :
  Linear constraint matrix    : 14925 Constrs, 8730 Vars, 5273178 NZs
  Matrix coefficient range    : [ 1.00205e-13, 1 ]
  Objective coefficient range : [ 2.1973e-22, 1.91224e+08 ]
  Variable bound range        : [ 0.05, 1 ]
  RHS coefficient range       : [ 9.33264e-08, 1 ]
Objective value for Line heur k = 7: 8055503.614318165
83
Actual reward of current solution: 41914385.74006587
Minimum Difference with past solutions:0.0.
New solution equals old solution at k=7
82
Total Reward at the start of the inner iterations: 41914385.74006587
Gurobi status: 2

Statistics for model Linearization Heuristic :
  Linear constraint matrix    : 14760 Constrs, 8640 Vars, 4807469 NZs
  Matrix coefficient range    : [ 1.0014e-13, 1 ]
  Objective coefficient range : [ 9.04141e-22, 1.91224e+08 ]
  Variable bound range        : [ 0.05, 1 ]
  RHS coefficient range       : [ 6.32446e-08, 1 ]
Objective value for Line heur k = 8: 8403107.20498688
82
Actual reward of current solution: 41792993.25415862
Minimum Difference with past solutions:0.05.
Gurobi status: 2

Statistics for model Linearization Heuristic :
  Linear constraint matrix    : 14760 Constrs, 8640 Vars, 5185542 NZs
  Matrix coefficient range    : [ 1.00205e-13, 1 ]
  Objective coefficient range : [ 2.1973e-22, 1.91224e+08 ]
  Variable bound range        : [ 0.05, 1 ]
  RHS coefficient range       : [ 1.28652e-07, 1 ]
Objective value for Line heur k = 8: 8139535.170480519
82
Actual reward of current solution: 41914385.74006587
Minimum Difference with past solutions:0.0.
New solution equals old solution at k=8
81
Total Reward at the start of the inner iterations: 41914385.74006587
Gurobi status: 2

Statistics for model Linearization Heuristic :
  Linear constraint matrix    : 14595 Constrs, 8550 Vars, 4720764 NZs
  Matrix coefficient range    : [ 1.0014e-13, 1 ]
  Objective coefficient range : [ 9.04141e-22, 1.91224e+08 ]
  Variable bound range        : [ 0.05, 1 ]
  RHS coefficient range       : [ 8.64549e-09, 1 ]
Objective value for Line heur k = 9: 8465528.224385284
81
Actual reward of current solution: 41792993.25415862
Minimum Difference with past solutions:0.05.
Gurobi status: 2

Statistics for model Linearization Heuristic :
  Linear constraint matrix    : 14595 Constrs, 8550 Vars, 5098837 NZs
  Matrix coefficient range    : [ 1.00205e-13, 1 ]
  Objective coefficient range : [ 2.1973e-22, 1.91224e+08 ]
  Variable bound range        : [ 0.05, 1 ]
  RHS coefficient range       : [ 1.27125e-07, 1 ]
Objective value for Line heur k = 9: 8210120.680100896
81
Actual reward of current solution: 41914385.74006587
Minimum Difference with past solutions:0.0.
New solution equals old solution at k=9
80
Total Reward at the start of the inner iterations: 41914385.74006587
Gurobi status: 2

Statistics for model Linearization Heuristic :
  Linear constraint matrix    : 14430 Constrs, 8460 Vars, 4634990 NZs
  Matrix coefficient range    : [ 1.0014e-13, 1 ]
  Objective coefficient range : [ 9.04141e-22, 1.91224e+08 ]
  Variable bound range        : [ 0.05, 1 ]
  RHS coefficient range       : [ 3.40299e-08, 1 ]
Objective value for Line heur k = 10: 8515720.489947654
80
Actual reward of current solution: 41792993.25415862
Minimum Difference with past solutions:0.05.
Gurobi status: 2

Statistics for model Linearization Heuristic :
  Linear constraint matrix    : 14430 Constrs, 8460 Vars, 5013063 NZs
  Matrix coefficient range    : [ 1.00205e-13, 1 ]
  Objective coefficient range : [ 2.1973e-22, 1.91224e+08 ]
  Variable bound range        : [ 0.05, 1 ]
  RHS coefficient range       : [ 8.15359e-08, 1 ]
Objective value for Line heur k = 10: 8268382.391948746
80
Actual reward of current solution: 41914385.74006587
Minimum Difference with past solutions:0.0.
New solution equals old solution at k=10
79
Total Reward at the start of the inner iterations: 41914385.74006587
Gurobi status: 2

Statistics for model Linearization Heuristic :
  Linear constraint matrix    : 14265 Constrs, 8370 Vars, 4550147 NZs
  Matrix coefficient range    : [ 1.0014e-13, 1 ]
  Objective coefficient range : [ 9.04141e-22, 1.91224e+08 ]
  Variable bound range        : [ 0.05, 1 ]
  RHS coefficient range       : [ 1.92071e-08, 1 ]
Objective value for Line heur k = 11: 8554846.932362597
79
Actual reward of current solution: 41792993.25415862
Minimum Difference with past solutions:0.05.
Gurobi status: 2

Statistics for model Linearization Heuristic :
  Linear constraint matrix    : 14265 Constrs, 8370 Vars, 4928220 NZs
  Matrix coefficient range    : [ 1.00205e-13, 1 ]
  Objective coefficient range : [ 2.1973e-22, 1.91224e+08 ]
  Variable bound range        : [ 0.05, 1 ]
  RHS coefficient range       : [ 2.58331e-08, 1 ]
Objective value for Line heur k = 11: 8315408.271358951
79
Actual reward of current solution: 41914385.74006587
Minimum Difference with past solutions:0.0.
New solution equals old solution at k=11
78
Total Reward at the start of the inner iterations: 41914385.74006587
Gurobi status: 2

Statistics for model Linearization Heuristic :
  Linear constraint matrix    : 14100 Constrs, 8280 Vars, 4466235 NZs
  Matrix coefficient range    : [ 1.0014e-13, 1 ]
  Objective coefficient range : [ 9.04141e-22, 1.91224e+08 ]
  Variable bound range        : [ 0.05, 1 ]
  RHS coefficient range       : [ 6.60555e-09, 1 ]
Objective value for Line heur k = 12: 8584001.302112479
78
Actual reward of current solution: 41792993.25415862
Minimum Difference with past solutions:0.05.
Gurobi status: 2

Statistics for model Linearization Heuristic :
  Linear constraint matrix    : 14100 Constrs, 8280 Vars, 4844308 NZs
  Matrix coefficient range    : [ 1.00205e-13, 1 ]
  Objective coefficient range : [ 2.1973e-22, 1.91224e+08 ]
  Variable bound range        : [ 0.05, 1 ]
  RHS coefficient range       : [ 1.10427e-07, 1 ]
Objective value for Line heur k = 12: 8352187.55484113
78
Actual reward of current solution: 41914385.74006587
Minimum Difference with past solutions:0.0.
New solution equals old solution at k=12
77
Total Reward at the start of the inner iterations: 41914385.74006587
Gurobi status: 2

Statistics for model Linearization Heuristic :
  Linear constraint matrix    : 13935 Constrs, 8190 Vars, 4383254 NZs
  Matrix coefficient range    : [ 1.0014e-13, 1 ]
  Objective coefficient range : [ 9.04141e-22, 1.91224e+08 ]
  Variable bound range        : [ 0.05, 1 ]
  RHS coefficient range       : [ 1.73065e-08, 1 ]
Objective value for Line heur k = 13: 8604179.68989112
77
Actual reward of current solution: 41792993.25415862
Minimum Difference with past solutions:0.05.
Gurobi status: 2

Statistics for model Linearization Heuristic :
  Linear constraint matrix    : 13935 Constrs, 8190 Vars, 4761327 NZs
  Matrix coefficient range    : [ 1.00205e-13, 1 ]
  Objective coefficient range : [ 2.1973e-22, 1.91224e+08 ]
  Variable bound range        : [ 0.05, 1 ]
  RHS coefficient range       : [ 7.12797e-08, 1 ]
Objective value for Line heur k = 13: 8379564.014339474
77
Actual reward of current solution: 41914385.74006587
Minimum Difference with past solutions:0.0.
New solution equals old solution at k=13
76
Total Reward at the start of the inner iterations: 41914385.74006587
Gurobi status: 2

Statistics for model Linearization Heuristic :
  Linear constraint matrix    : 13770 Constrs, 8100 Vars, 4301258 NZs
  Matrix coefficient range    : [ 1.0014e-13, 1 ]
  Objective coefficient range : [ 9.04141e-22, 1.91224e+08 ]
  Variable bound range        : [ 0.05, 1 ]
  RHS coefficient range       : [ 3.6607e-08, 0.29137 ]
Objective value for Line heur k = 14: 8616263.976351336
76
Actual reward of current solution: 41792993.25415862
Minimum Difference with past solutions:0.05.
Gurobi status: 2

Statistics for model Linearization Heuristic :
  Linear constraint matrix    : 13770 Constrs, 8100 Vars, 4679331 NZs
  Matrix coefficient range    : [ 1.00205e-13, 1 ]
  Objective coefficient range : [ 2.1973e-22, 1.91224e+08 ]
  Variable bound range        : [ 0.05, 1 ]
  RHS coefficient range       : [ 4.79624e-09, 0.291636 ]
Objective value for Line heur k = 14: 8398192.13564903
76
Actual reward of current solution: 41914385.74006587
Minimum Difference with past solutions:0.0.
New solution equals old solution at k=14
75
Total Reward at the start of the inner iterations: 41914385.74006587
Gurobi status: 2

Statistics for model Linearization Heuristic :
  Linear constraint matrix    : 13659 Constrs, 8010 Vars, 4216817 NZs
  Matrix coefficient range    : [ 1.0014e-13, 1 ]
  Objective coefficient range : [ 9.04141e-22, 1.91224e+08 ]
  Variable bound range        : [ 0.05, 1 ]
  RHS coefficient range       : [ 3.7204e-08, 1 ]
Objective value for Line heur k = 15: 8587450.869048674
75
Actual reward of current solution: 41886071.32622597
Minimum Difference with past solutions:0.05.
Gurobi status: 2

Statistics for model Linearization Heuristic :
  Linear constraint matrix    : 13659 Constrs, 8010 Vars, 4289826 NZs
  Matrix coefficient range    : [ 1.00002e-13, 1 ]
  Objective coefficient range : [ 2.8478e-22, 1.91224e+08 ]
  Variable bound range        : [ 0.05, 1 ]
  RHS coefficient range       : [ 5.676e-08, 1 ]
Objective value for Line heur k = 15: 8514315.81470256
75
Actual reward of current solution: 41914385.74006587
Minimum Difference with past solutions:0.0.
New solution equals old solution at k=15
74
Total Reward at the start of the inner iterations: 41914385.74006587
Gurobi status: 2

Statistics for model Linearization Heuristic :
  Linear constraint matrix    : 13494 Constrs, 7920 Vars, 4133291 NZs
  Matrix coefficient range    : [ 1.0014e-13, 1 ]
  Objective coefficient range : [ 9.04141e-22, 1.91224e+08 ]
  Variable bound range        : [ 0.05, 1 ]
  RHS coefficient range       : [ 5.74267e-08, 1 ]
Objective value for Line heur k = 16: 8582013.00548776
74
Actual reward of current solution: 41886071.32622597
Minimum Difference with past solutions:0.05.
Gurobi status: 2

Statistics for model Linearization Heuristic :
  Linear constraint matrix    : 13494 Constrs, 7920 Vars, 4206300 NZs
  Matrix coefficient range    : [ 1.00002e-13, 1 ]
  Objective coefficient range : [ 2.8478e-22, 1.91224e+08 ]
  Variable bound range        : [ 0.05, 1 ]
  RHS coefficient range       : [ 3.59214e-08, 1 ]
Objective value for Line heur k = 16: 8510982.361351378
74
Actual reward of current solution: 41914385.74006587
Minimum Difference with past solutions:0.0.
New solution equals old solution at k=16
73
Total Reward at the start of the inner iterations: 41914385.74006587
Gurobi status: 2

Statistics for model Linearization Heuristic :
  Linear constraint matrix    : 13329 Constrs, 7830 Vars, 4050734 NZs
  Matrix coefficient range    : [ 1.0014e-13, 1 ]
  Objective coefficient range : [ 9.04141e-22, 1.91224e+08 ]
  Variable bound range        : [ 0.05, 1 ]
  RHS coefficient range       : [ 1.1261e-08, 1 ]
Objective value for Line heur k = 17: 8570671.21639719
73
Actual reward of current solution: 41886071.32622597
Minimum Difference with past solutions:0.05.
Gurobi status: 2

Statistics for model Linearization Heuristic :
  Linear constraint matrix    : 13329 Constrs, 7830 Vars, 4123743 NZs
  Matrix coefficient range    : [ 1.00002e-13, 1 ]
  Objective coefficient range : [ 2.8478e-22, 1.91224e+08 ]
  Variable bound range        : [ 0.05, 1 ]
  RHS coefficient range       : [ 5.66153e-09, 1 ]
Objective value for Line heur k = 17: 8501740.221369948
73
Actual reward of current solution: 41914385.74006587
Minimum Difference with past solutions:0.0.
New solution equals old solution at k=17
72
Total Reward at the start of the inner iterations: 41914385.74006587
Gurobi status: 2

Statistics for model Linearization Heuristic :
  Linear constraint matrix    : 13164 Constrs, 7740 Vars, 3969146 NZs
  Matrix coefficient range    : [ 1.0014e-13, 1 ]
  Objective coefficient range : [ 9.04141e-22, 1.91224e+08 ]
  Variable bound range        : [ 0.05, 1 ]
  RHS coefficient range       : [ 4.72787e-08, 1 ]
Objective value for Line heur k = 18: 8554083.77668242
72
Actual reward of current solution: 41886071.32622597
Minimum Difference with past solutions:0.05.
Gurobi status: 2

Statistics for model Linearization Heuristic :
  Linear constraint matrix    : 13164 Constrs, 7740 Vars, 4042155 NZs
  Matrix coefficient range    : [ 1.00002e-13, 1 ]
  Objective coefficient range : [ 2.8478e-22, 1.91224e+08 ]
  Variable bound range        : [ 0.05, 1 ]
  RHS coefficient range       : [ 5.47256e-08, 1 ]
Objective value for Line heur k = 18: 8487247.721403526
72
Actual reward of current solution: 41914385.74006587
Minimum Difference with past solutions:0.0.
New solution equals old solution at k=18
71
Total Reward at the start of the inner iterations: 41914385.74006587
Gurobi status: 2

Statistics for model Linearization Heuristic :
  Linear constraint matrix    : 12999 Constrs, 7650 Vars, 3888527 NZs
  Matrix coefficient range    : [ 1.0014e-13, 1 ]
  Objective coefficient range : [ 9.04141e-22, 1.91224e+08 ]
  Variable bound range        : [ 0.05, 1 ]
  RHS coefficient range       : [ 9.83279e-08, 1 ]
Objective value for Line heur k = 19: 8532821.146343488
71
Actual reward of current solution: 41886071.32622597
Minimum Difference with past solutions:0.05.
Gurobi status: 2

Statistics for model Linearization Heuristic :
  Linear constraint matrix    : 12999 Constrs, 7650 Vars, 3961536 NZs
  Matrix coefficient range    : [ 1.00002e-13, 1 ]
  Objective coefficient range : [ 2.8478e-22, 1.91224e+08 ]
  Variable bound range        : [ 0.05, 1 ]
  RHS coefficient range       : [ 3.6974e-08, 1 ]
Objective value for Line heur k = 19: 8468074.335348705
71
Actual reward of current solution: 41914385.74006587
Minimum Difference with past solutions:0.0.
New solution equals old solution at k=19
70
Total Reward at the start of the inner iterations: 41914385.74006587
Gurobi status: 2

Statistics for model Linearization Heuristic :
  Linear constraint matrix    : 12834 Constrs, 7560 Vars, 3808877 NZs
  Matrix coefficient range    : [ 1.0014e-13, 1 ]
  Objective coefficient range : [ 9.04141e-22, 1.91224e+08 ]
  Variable bound range        : [ 0.05, 1 ]
  RHS coefficient range       : [ 3.59085e-08, 1 ]
Objective value for Line heur k = 20: 8507379.657032697
70
Actual reward of current solution: 41886071.32622597
Minimum Difference with past solutions:0.05.
Gurobi status: 2

Statistics for model Linearization Heuristic :
  Linear constraint matrix    : 12834 Constrs, 7560 Vars, 3881886 NZs
  Matrix coefficient range    : [ 1.00002e-13, 1 ]
  Objective coefficient range : [ 2.8478e-22, 1.91224e+08 ]
  Variable bound range        : [ 0.05, 1 ]
  RHS coefficient range       : [ 8.74554e-09, 1 ]
Objective value for Line heur k = 20: 8444714.263185235
70
Actual reward of current solution: 41914385.74006587
Minimum Difference with past solutions:0.0.
New solution equals old solution at k=20
69
Total Reward at the start of the inner iterations: 41914385.74006587
Gurobi status: 2

Statistics for model Linearization Heuristic :
  Linear constraint matrix    : 12669 Constrs, 7470 Vars, 3730196 NZs
  Matrix coefficient range    : [ 1.0014e-13, 1 ]
  Objective coefficient range : [ 9.04141e-22, 1.91224e+08 ]
  Variable bound range        : [ 0.05, 1 ]
  RHS coefficient range       : [ 3.04827e-08, 1 ]
Objective value for Line heur k = 21: 8478191.165657118
69
Actual reward of current solution: 41886071.32622597
Minimum Difference with past solutions:0.05.
Gurobi status: 2

Statistics for model Linearization Heuristic :
  Linear constraint matrix    : 12669 Constrs, 7470 Vars, 3803205 NZs
  Matrix coefficient range    : [ 1.00002e-13, 1 ]
  Objective coefficient range : [ 2.8478e-22, 1.91224e+08 ]
  Variable bound range        : [ 0.05, 1 ]
  RHS coefficient range       : [ 6.30799e-08, 1 ]
Objective value for Line heur k = 21: 8417595.744431915
69
Actual reward of current solution: 41914385.74006587
Minimum Difference with past solutions:0.0.
New solution equals old solution at k=21
68
Total Reward at the start of the inner iterations: 41914385.74006587
Gurobi status: 2

Statistics for model Linearization Heuristic :
  Linear constraint matrix    : 12504 Constrs, 7380 Vars, 3652484 NZs
  Matrix coefficient range    : [ 1.0014e-13, 1 ]
  Objective coefficient range : [ 9.04141e-22, 1.91224e+08 ]
  Variable bound range        : [ 0.05, 1 ]
  RHS coefficient range       : [ 7.54233e-08, 1 ]
Objective value for Line heur k = 22: 8445629.586097956
68
Actual reward of current solution: 41886071.32622597
Minimum Difference with past solutions:0.05.
Gurobi status: 2

Statistics for model Linearization Heuristic :
  Linear constraint matrix    : 12504 Constrs, 7380 Vars, 3725493 NZs
  Matrix coefficient range    : [ 1.00002e-13, 1 ]
  Objective coefficient range : [ 2.8478e-22, 1.91224e+08 ]
  Variable bound range        : [ 0.05, 1 ]
  RHS coefficient range       : [ 6.12829e-08, 1 ]
Objective value for Line heur k = 22: 8387086.953290196
68
Actual reward of current solution: 41914385.74006587
Minimum Difference with past solutions:0.0.
New solution equals old solution at k=22
67
Total Reward at the start of the inner iterations: 41914385.74006587
Gurobi status: 2

Statistics for model Linearization Heuristic :
  Linear constraint matrix    : 12339 Constrs, 7290 Vars, 3575741 NZs
  Matrix coefficient range    : [ 1.0014e-13, 1 ]
  Objective coefficient range : [ 9.04141e-22, 1.91224e+08 ]
  Variable bound range        : [ 0.05, 1 ]
  RHS coefficient range       : [ 4.31088e-08, 1 ]
Objective value for Line heur k = 23: 8410014.588639503
67
Actual reward of current solution: 41886071.32622597
Minimum Difference with past solutions:0.05.
Gurobi status: 2

Statistics for model Linearization Heuristic :
  Linear constraint matrix    : 12339 Constrs, 7290 Vars, 3648750 NZs
  Matrix coefficient range    : [ 1.00002e-13, 1 ]
  Objective coefficient range : [ 2.8478e-22, 1.91224e+08 ]
  Variable bound range        : [ 0.05, 1 ]
  RHS coefficient range       : [ 2.70083e-08, 1 ]
Objective value for Line heur k = 23: 8353498.639508283
67
Actual reward of current solution: 41914385.74006587
Minimum Difference with past solutions:0.0.
New solution equals old solution at k=23
66
Total Reward at the start of the inner iterations: 41914385.74006587
Gurobi status: 2

Statistics for model Linearization Heuristic :
  Linear constraint matrix    : 12174 Constrs, 7200 Vars, 3499967 NZs
  Matrix coefficient range    : [ 1.0014e-13, 1 ]
  Objective coefficient range : [ 9.04141e-22, 1.91224e+08 ]
  Variable bound range        : [ 0.05, 1 ]
  RHS coefficient range       : [ 1.28903e-08, 1 ]
Objective value for Line heur k = 24: 8371612.239941365
66
Actual reward of current solution: 41886071.32622597
Minimum Difference with past solutions:0.05.
Gurobi status: 2

Statistics for model Linearization Heuristic :
  Linear constraint matrix    : 12174 Constrs, 7200 Vars, 3572976 NZs
  Matrix coefficient range    : [ 1.00002e-13, 1 ]
  Objective coefficient range : [ 2.8478e-22, 1.91224e+08 ]
  Variable bound range        : [ 0.05, 1 ]
  RHS coefficient range       : [ 5.17141e-09, 1 ]
Objective value for Line heur k = 24: 8317083.074755067
66
Actual reward of current solution: 41914385.74006587
Minimum Difference with past solutions:0.0.
New solution equals old solution at k=24
65
Total Reward at the start of the inner iterations: 41914385.74006587
Gurobi status: 2

Statistics for model Linearization Heuristic :
  Linear constraint matrix    : 12009 Constrs, 7110 Vars, 3425162 NZs
  Matrix coefficient range    : [ 1.0014e-13, 1 ]
  Objective coefficient range : [ 9.04141e-22, 1.91224e+08 ]
  Variable bound range        : [ 0.05, 1 ]
  RHS coefficient range       : [ 1.4846e-08, 1 ]
Objective value for Line heur k = 25: 8330631.809561184
65
Actual reward of current solution: 41886071.32622597
Minimum Difference with past solutions:0.05.
Gurobi status: 2

Statistics for model Linearization Heuristic :
  Linear constraint matrix    : 12009 Constrs, 7110 Vars, 3498171 NZs
  Matrix coefficient range    : [ 1.00002e-13, 1 ]
  Objective coefficient range : [ 2.8478e-22, 1.91224e+08 ]
  Variable bound range        : [ 0.05, 1 ]
  RHS coefficient range       : [ 1.1958e-08, 1 ]
Objective value for Line heur k = 25: 8278028.18555882
65
Actual reward of current solution: 41914385.74006587
Minimum Difference with past solutions:0.0.
New solution equals old solution at k=25
64
Total Reward at the start of the inner iterations: 41914385.74006587
Gurobi status: 2

Statistics for model Linearization Heuristic :
  Linear constraint matrix    : 11844 Constrs, 7020 Vars, 3351326 NZs
  Matrix coefficient range    : [ 1.0014e-13, 1 ]
  Objective coefficient range : [ 9.04141e-22, 1.91224e+08 ]
  Variable bound range        : [ 0.05, 1 ]
  RHS coefficient range       : [ 2.47885e-08, 1 ]
Objective value for Line heur k = 26: 8287217.262652248
64
Actual reward of current solution: 41886071.32622597
Minimum Difference with past solutions:0.05.
Gurobi status: 2

Statistics for model Linearization Heuristic :
  Linear constraint matrix    : 11844 Constrs, 7020 Vars, 3424335 NZs
  Matrix coefficient range    : [ 1.00002e-13, 1 ]
  Objective coefficient range : [ 2.8478e-22, 1.91224e+08 ]
  Variable bound range        : [ 0.05, 1 ]
  RHS coefficient range       : [ 6.25313e-08, 1 ]
Objective value for Line heur k = 26: 8236444.843247071
64
Actual reward of current solution: 41914385.74006587
Minimum Difference with past solutions:0.0.
New solution equals old solution at k=26
63
Total Reward at the start of the inner iterations: 41914385.74006587
Gurobi status: 2

Statistics for model Linearization Heuristic :
  Linear constraint matrix    : 11679 Constrs, 6930 Vars, 3278459 NZs
  Matrix coefficient range    : [ 1.0014e-13, 1 ]
  Objective coefficient range : [ 9.04141e-22, 1.91224e+08 ]
  Variable bound range        : [ 0.05, 1 ]
  RHS coefficient range       : [ 4.09969e-08, 1 ]
Objective value for Line heur k = 27: 8241430.935641182
63
Actual reward of current solution: 41886071.32622597
Minimum Difference with past solutions:0.05.
Gurobi status: 2

Statistics for model Linearization Heuristic :
  Linear constraint matrix    : 11679 Constrs, 6930 Vars, 3351468 NZs
  Matrix coefficient range    : [ 1.00002e-13, 1 ]
  Objective coefficient range : [ 2.8478e-22, 1.91224e+08 ]
  Variable bound range        : [ 0.05, 1 ]
  RHS coefficient range       : [ 1.55267e-08, 1 ]
Objective value for Line heur k = 27: 8192343.938676557
63
Actual reward of current solution: 41914385.74006587
Minimum Difference with past solutions:0.0.
New solution equals old solution at k=27
62
Total Reward at the start of the inner iterations: 41914385.74006587
Gurobi status: 2

Statistics for model Linearization Heuristic :
  Linear constraint matrix    : 11514 Constrs, 6840 Vars, 3206615 NZs
  Matrix coefficient range    : [ 1.0014e-13, 1 ]
  Objective coefficient range : [ 9.04141e-22, 1.91224e+08 ]
  Variable bound range        : [ 0.05, 1 ]
  RHS coefficient range       : [ 2.02015e-08, 0.290854 ]
Objective value for Line heur k = 28: 8193225.331756492
62
Actual reward of current solution: 41886071.32622597
Minimum Difference with past solutions:0.05.
Gurobi status: 2

Statistics for model Linearization Heuristic :
  Linear constraint matrix    : 11514 Constrs, 6840 Vars, 3279624 NZs
  Matrix coefficient range    : [ 1.00002e-13, 1 ]
  Objective coefficient range : [ 2.8478e-22, 1.91224e+08 ]
  Variable bound range        : [ 0.05, 1 ]
  RHS coefficient range       : [ 4.89167e-08, 0.290904 ]
Objective value for Line heur k = 28: 8145597.806320453
62
Actual reward of current solution: 41914385.74006587
Minimum Difference with past solutions:0.0.
New solution equals old solution at k=28
61
Total Reward at the start of the inner iterations: 41914385.74006587
Gurobi status: 2

Statistics for model Linearization Heuristic :
  Linear constraint matrix    : 11403 Constrs, 6750 Vars, 3121656 NZs
  Matrix coefficient range    : [ 1.0014e-13, 1 ]
  Objective coefficient range : [ 9.04141e-22, 1.91224e+08 ]
  Variable bound range        : [ 0.05, 1 ]
  RHS coefficient range       : [ 3.9279e-09, 1 ]
Objective value for Line heur k = 29: 8112576.643137136
61
Actual reward of current solution: 41914385.74006587
Minimum Difference with past solutions:0.0.
New solution equals old solution at k=29
60
Total Reward at the start of the inner iterations: 41914385.74006587
Gurobi status: 2

Statistics for model Linearization Heuristic :
  Linear constraint matrix    : 11238 Constrs, 6660 Vars, 3037802 NZs
  Matrix coefficient range    : [ 1.0014e-13, 1 ]
  Objective coefficient range : [ 9.04141e-22, 1.91224e+08 ]
  Variable bound range        : [ 0.05, 1 ]
  RHS coefficient range       : [ 8.70923e-09, 1 ]
Objective value for Line heur k = 30: 8037763.097383735
60
Actual reward of current solution: 41914385.74006587
Minimum Difference with past solutions:0.0.
New solution equals old solution at k=30
59
Total Reward at the start of the inner iterations: 41914385.74006587
Gurobi status: 2

Statistics for model Linearization Heuristic :
  Linear constraint matrix    : 11073 Constrs, 6570 Vars, 2955107 NZs
  Matrix coefficient range    : [ 1.0014e-13, 1 ]
  Objective coefficient range : [ 9.04141e-22, 1.91224e+08 ]
  Variable bound range        : [ 0.05, 1 ]
  RHS coefficient range       : [ 2.03159e-08, 1 ]
Objective value for Line heur k = 31: 7960793.223628984
59
Actual reward of current solution: 41914385.74006587
Minimum Difference with past solutions:0.0.
New solution equals old solution at k=31
58
Total Reward at the start of the inner iterations: 41914385.74006587
Gurobi status: 2

Statistics for model Linearization Heuristic :
  Linear constraint matrix    : 10908 Constrs, 6480 Vars, 2873571 NZs
  Matrix coefficient range    : [ 1.0014e-13, 1 ]
  Objective coefficient range : [ 9.04141e-22, 1.91224e+08 ]
  Variable bound range        : [ 0.05, 1 ]
  RHS coefficient range       : [ 2.09804e-08, 1 ]
Objective value for Line heur k = 32: 7882041.6816141885
58
Actual reward of current solution: 41914385.74006587
Minimum Difference with past solutions:0.0.
New solution equals old solution at k=32
57
Total Reward at the start of the inner iterations: 41914385.74006587
Gurobi status: 2

Statistics for model Linearization Heuristic :
  Linear constraint matrix    : 10743 Constrs, 6390 Vars, 2793195 NZs
  Matrix coefficient range    : [ 1.0014e-13, 1 ]
  Objective coefficient range : [ 9.04141e-22, 1.91224e+08 ]
  Variable bound range        : [ 0.05, 1 ]
  RHS coefficient range       : [ 1.9182e-08, 1 ]
Objective value for Line heur k = 33: 7801756.173785311
57
Actual reward of current solution: 41914385.74006587
Minimum Difference with past solutions:0.0.
New solution equals old solution at k=33
56
Total Reward at the start of the inner iterations: 41914385.74006587
Gurobi status: 2

Statistics for model Linearization Heuristic :
  Linear constraint matrix    : 10578 Constrs, 6300 Vars, 2713979 NZs
  Matrix coefficient range    : [ 1.0014e-13, 1 ]
  Objective coefficient range : [ 9.04141e-22, 1.91224e+08 ]
  Variable bound range        : [ 0.05, 1 ]
  RHS coefficient range       : [ 1.58498e-08, 1 ]
Objective value for Line heur k = 34: 7720109.056148451
56
Actual reward of current solution: 41914385.74006587
Minimum Difference with past solutions:0.0.
New solution equals old solution at k=34
55
Total Reward at the start of the inner iterations: 41914385.74006587
Gurobi status: 2

Statistics for model Linearization Heuristic :
  Linear constraint matrix    : 10413 Constrs, 6210 Vars, 2635922 NZs
  Matrix coefficient range    : [ 1.0014e-13, 1 ]
  Objective coefficient range : [ 9.04141e-22, 1.91224e+08 ]
  Variable bound range        : [ 0.05, 1 ]
  RHS coefficient range       : [ 1.15593e-08, 1 ]
Objective value for Line heur k = 35: 7637226.388290474
55
Actual reward of current solution: 41914385.74006587
Minimum Difference with past solutions:0.0.
New solution equals old solution at k=35
54
Total Reward at the start of the inner iterations: 41914385.74006587
Gurobi status: 2

Statistics for model Linearization Heuristic :
  Linear constraint matrix    : 10248 Constrs, 6120 Vars, 2559024 NZs
  Matrix coefficient range    : [ 1.0014e-13, 1 ]
  Objective coefficient range : [ 9.04141e-22, 1.91224e+08 ]
  Variable bound range        : [ 0.05, 1 ]
  RHS coefficient range       : [ 6.68364e-09, 1 ]
Objective value for Line heur k = 36: 7553203.834226069
54
Actual reward of current solution: 41914385.74006587
Minimum Difference with past solutions:0.0.
New solution equals old solution at k=36
53
Total Reward at the start of the inner iterations: 41914385.74006587
Gurobi status: 2

Statistics for model Linearization Heuristic :
  Linear constraint matrix    : 10083 Constrs, 6030 Vars, 2483285 NZs
  Matrix coefficient range    : [ 1.0014e-13, 1 ]
  Objective coefficient range : [ 9.04141e-22, 1.91224e+08 ]
  Variable bound range        : [ 0.05, 1 ]
  RHS coefficient range       : [ 1.46783e-09, 1 ]
Objective value for Line heur k = 37: 7468114.524744772
53
Actual reward of current solution: 41914385.74006587
Minimum Difference with past solutions:0.0.
New solution equals old solution at k=37
52
Total Reward at the start of the inner iterations: 41914385.74006587
Gurobi status: 2

Statistics for model Linearization Heuristic :
  Linear constraint matrix    : 9918 Constrs, 5940 Vars, 2408705 NZs
  Matrix coefficient range    : [ 1.0014e-13, 1 ]
  Objective coefficient range : [ 9.04141e-22, 1.91224e+08 ]
  Variable bound range        : [ 0.05, 1 ]
  RHS coefficient range       : [ 3.93496e-09, 1 ]
Objective value for Line heur k = 38: 7382011.402381933
52
Actual reward of current solution: 41914385.74006587
Minimum Difference with past solutions:0.0.
New solution equals old solution at k=38
51
Total Reward at the start of the inner iterations: 41914385.74006587
Gurobi status: 2

Statistics for model Linearization Heuristic :
  Linear constraint matrix    : 9753 Constrs, 5850 Vars, 2335284 NZs
  Matrix coefficient range    : [ 1.0014e-13, 1 ]
  Objective coefficient range : [ 9.04141e-22, 1.91224e+08 ]
  Variable bound range        : [ 0.05, 1 ]
  RHS coefficient range       : [ 4.89662e-10, 1 ]
Objective value for Line heur k = 39: 7294924.841157241
51
Actual reward of current solution: 41914385.74006587
Minimum Difference with past solutions:0.0.
New solution equals old solution at k=39
50
Total Reward at the start of the inner iterations: 41914385.74006587
Gurobi status: 2

Statistics for model Linearization Heuristic :
  Linear constraint matrix    : 9588 Constrs, 5760 Vars, 2263023 NZs
  Matrix coefficient range    : [ 1.0014e-13, 1 ]
  Objective coefficient range : [ 9.04141e-22, 1.91224e+08 ]
  Variable bound range        : [ 0.05, 1 ]
  RHS coefficient range       : [ 5.77276e-09, 1 ]
Objective value for Line heur k = 40: 7206854.910879125
50
Actual reward of current solution: 41914385.74006587
Minimum Difference with past solutions:0.0.
New solution equals old solution at k=40
49
Total Reward at the start of the inner iterations: 41914385.74006587
Gurobi status: 2

Statistics for model Linearization Heuristic :
  Linear constraint matrix    : 9423 Constrs, 5670 Vars, 2191919 NZs
  Matrix coefficient range    : [ 1.0014e-13, 1 ]
  Objective coefficient range : [ 9.04141e-22, 1.91224e+08 ]
  Variable bound range        : [ 0.05, 1 ]
  RHS coefficient range       : [ 1.17841e-08, 1 ]
Objective value for Line heur k = 41: 7117756.102962721
49
Actual reward of current solution: 41914385.74006587
Minimum Difference with past solutions:0.0.
New solution equals old solution at k=41
48
Total Reward at the start of the inner iterations: 41914385.74006587
Gurobi status: 2

Statistics for model Linearization Heuristic :
  Linear constraint matrix    : 9258 Constrs, 5580 Vars, 2122029 NZs
  Matrix coefficient range    : [ 1.0014e-13, 1 ]
  Objective coefficient range : [ 9.04141e-22, 1.91224e+08 ]
  Variable bound range        : [ 0.05, 1 ]
  RHS coefficient range       : [ 1.7787e-08, 0.290462 ]
Objective value for Line heur k = 42: 7027510.194662952
48
Actual reward of current solution: 41914385.74006587
Minimum Difference with past solutions:0.0.
New solution equals old solution at k=42
47
Total Reward at the start of the inner iterations: 41914385.74006587
Gurobi status: 2

Statistics for model Linearization Heuristic :
  Linear constraint matrix    : 9147 Constrs, 5490 Vars, 2048658 NZs
  Matrix coefficient range    : [ 1.0014e-13, 1 ]
  Objective coefficient range : [ 9.04141e-22, 1.91224e+08 ]
  Variable bound range        : [ 0.05, 1 ]
  RHS coefficient range       : [ 1.78688e-08, 1 ]
Objective value for Line heur k = 43: 6928399.114540037
47
Actual reward of current solution: 41914385.74006587
Minimum Difference with past solutions:0.0.
New solution equals old solution at k=43
46
Total Reward at the start of the inner iterations: 41914385.74006587
Gurobi status: 2

Statistics for model Linearization Heuristic :
  Linear constraint matrix    : 8982 Constrs, 5400 Vars, 1976468 NZs
  Matrix coefficient range    : [ 1.0014e-13, 1 ]
  Objective coefficient range : [ 9.04141e-22, 1.91224e+08 ]
  Variable bound range        : [ 0.05, 1 ]
  RHS coefficient range       : [ 7.66249e-09, 1 ]
Objective value for Line heur k = 44: 6827984.347009647
46
Actual reward of current solution: 41914385.74006587
Minimum Difference with past solutions:0.0.
New solution equals old solution at k=44
45
Total Reward at the start of the inner iterations: 41914385.74006587
Gurobi status: 2

Statistics for model Linearization Heuristic :
  Linear constraint matrix    : 8817 Constrs, 5310 Vars, 1905513 NZs
  Matrix coefficient range    : [ 1.0014e-13, 1 ]
  Objective coefficient range : [ 9.04141e-22, 1.91224e+08 ]
  Variable bound range        : [ 0.05, 1 ]
  RHS coefficient range       : [ 1.88652e-08, 1 ]
Objective value for Line heur k = 45: 6726477.708962273
45
Actual reward of current solution: 41914385.74006587
Minimum Difference with past solutions:0.0.
New solution equals old solution at k=45
44
Total Reward at the start of the inner iterations: 41914385.74006587
Gurobi status: 2

Statistics for model Linearization Heuristic :
  Linear constraint matrix    : 8652 Constrs, 5220 Vars, 1835793 NZs
  Matrix coefficient range    : [ 1.0014e-13, 1 ]
  Objective coefficient range : [ 9.04141e-22, 1.91224e+08 ]
  Variable bound range        : [ 0.05, 1 ]
  RHS coefficient range       : [ 1.93028e-08, 1 ]
Objective value for Line heur k = 46: 6624010.944635287
44
Actual reward of current solution: 41914385.74006587
Minimum Difference with past solutions:0.0.
New solution equals old solution at k=46
43
Total Reward at the start of the inner iterations: 41914385.74006587
Gurobi status: 2

Statistics for model Linearization Heuristic :
  Linear constraint matrix    : 8487 Constrs, 5130 Vars, 1767308 NZs
  Matrix coefficient range    : [ 1.0014e-13, 1 ]
  Objective coefficient range : [ 9.04141e-22, 1.91224e+08 ]
  Variable bound range        : [ 0.05, 1 ]
  RHS coefficient range       : [ 1.9592e-08, 1 ]
Objective value for Line heur k = 47: 6520670.649961566
43
Actual reward of current solution: 41914385.74006587
Minimum Difference with past solutions:0.0.
New solution equals old solution at k=47
42
Total Reward at the start of the inner iterations: 41914385.74006587
Gurobi status: 2

Statistics for model Linearization Heuristic :
  Linear constraint matrix    : 8322 Constrs, 5040 Vars, 1700059 NZs
  Matrix coefficient range    : [ 1.0014e-13, 1 ]
  Objective coefficient range : [ 9.04141e-22, 1.91224e+08 ]
  Variable bound range        : [ 0.05, 1 ]
  RHS coefficient range       : [ 1.97208e-08, 1 ]
Objective value for Line heur k = 48: 6416517.916975396
42
Actual reward of current solution: 41914385.74006587
Minimum Difference with past solutions:0.0.
New solution equals old solution at k=48
41
Total Reward at the start of the inner iterations: 41914385.74006587
Gurobi status: 2

Statistics for model Linearization Heuristic :
  Linear constraint matrix    : 8157 Constrs, 4950 Vars, 1634045 NZs
  Matrix coefficient range    : [ 1.0014e-13, 1 ]
  Objective coefficient range : [ 9.04141e-22, 1.91224e+08 ]
  Variable bound range        : [ 0.05, 1 ]
  RHS coefficient range       : [ 1.64922e-08, 1 ]
Objective value for Line heur k = 49: 6311599.379830791
41
Actual reward of current solution: 41914385.74006587
Minimum Difference with past solutions:0.0.
New solution equals old solution at k=49
40
Total Reward at the start of the inner iterations: 41914385.74006587
Gurobi status: 2

Statistics for model Linearization Heuristic :
  Linear constraint matrix    : 7992 Constrs, 4860 Vars, 1569266 NZs
  Matrix coefficient range    : [ 1.0014e-13, 1 ]
  Objective coefficient range : [ 9.04141e-22, 1.91224e+08 ]
  Variable bound range        : [ 0.05, 1 ]
  RHS coefficient range       : [ 8.5134e-10, 1 ]
Objective value for Line heur k = 50: 6205953.415646943
40
Actual reward of current solution: 41914385.74006587
Minimum Difference with past solutions:0.0.
New solution equals old solution at k=50
39
Total Reward at the start of the inner iterations: 41914385.74006587
Gurobi status: 2

Statistics for model Linearization Heuristic :
  Linear constraint matrix    : 7827 Constrs, 4770 Vars, 1505722 NZs
  Matrix coefficient range    : [ 1.0014e-13, 1 ]
  Objective coefficient range : [ 9.04141e-22, 1.91224e+08 ]
  Variable bound range        : [ 0.05, 1 ]
  RHS coefficient range       : [ 1.229e-08, 1 ]
Objective value for Line heur k = 51: 6099613.612584839
39
Actual reward of current solution: 41914385.74006587
Minimum Difference with past solutions:0.0.
New solution equals old solution at k=51
38
Total Reward at the start of the inner iterations: 41914385.74006587
Gurobi status: 2

Statistics for model Linearization Heuristic :
  Linear constraint matrix    : 7662 Constrs, 4680 Vars, 1443413 NZs
  Matrix coefficient range    : [ 1.0014e-13, 1 ]
  Objective coefficient range : [ 9.04141e-22, 1.91224e+08 ]
  Variable bound range        : [ 0.05, 1 ]
  RHS coefficient range       : [ 1.8917e-08, 1 ]
Objective value for Line heur k = 52: 5992610.696332505
38
Actual reward of current solution: 41914385.74006587
Minimum Difference with past solutions:0.0.
New solution equals old solution at k=52
37
Total Reward at the start of the inner iterations: 41914385.74006587
Gurobi status: 2

Statistics for model Linearization Heuristic :
  Linear constraint matrix    : 7497 Constrs, 4590 Vars, 1382339 NZs
  Matrix coefficient range    : [ 1.0014e-13, 1 ]
  Objective coefficient range : [ 9.04141e-22, 1.91224e+08 ]
  Variable bound range        : [ 0.05, 1 ]
  RHS coefficient range       : [ 1.84855e-08, 1 ]
Objective value for Line heur k = 53: 5884973.58788026
37
Actual reward of current solution: 41914385.74006587
Minimum Difference with past solutions:0.0.
New solution equals old solution at k=53
36
Total Reward at the start of the inner iterations: 41914385.74006587
Gurobi status: 2

Statistics for model Linearization Heuristic :
  Linear constraint matrix    : 7332 Constrs, 4500 Vars, 1322500 NZs
  Matrix coefficient range    : [ 1.0014e-13, 1 ]
  Objective coefficient range : [ 9.04141e-22, 1.91224e+08 ]
  Variable bound range        : [ 0.05, 1 ]
  RHS coefficient range       : [ 1.79976e-08, 1 ]
Objective value for Line heur k = 54: 5776729.973245128
36
Actual reward of current solution: 41914385.74006587
Minimum Difference with past solutions:0.0.
New solution equals old solution at k=54
35
Total Reward at the start of the inner iterations: 41914385.74006587
Gurobi status: 2

Statistics for model Linearization Heuristic :
  Linear constraint matrix    : 7167 Constrs, 4410 Vars, 1263896 NZs
  Matrix coefficient range    : [ 1.0014e-13, 1 ]
  Objective coefficient range : [ 9.04141e-22, 1.91224e+08 ]
  Variable bound range        : [ 0.05, 1 ]
  RHS coefficient range       : [ 1.74674e-08, 1 ]
Objective value for Line heur k = 55: 5667906.600693973
35
Actual reward of current solution: 41914385.74006587
Minimum Difference with past solutions:0.0.
New solution equals old solution at k=55
34
Total Reward at the start of the inner iterations: 41914385.74006587
Gurobi status: 2

Statistics for model Linearization Heuristic :
  Linear constraint matrix    : 7002 Constrs, 4320 Vars, 1206581 NZs
  Matrix coefficient range    : [ 1.0014e-13, 1 ]
  Objective coefficient range : [ 9.04141e-22, 1.91224e+08 ]
  Variable bound range        : [ 0.05, 1 ]
  RHS coefficient range       : [ 1.69067e-08, 0.290155 ]
Objective value for Line heur k = 56: 5558529.427532731
34
Actual reward of current solution: 41914385.74006587
Minimum Difference with past solutions:0.0.
New solution equals old solution at k=56
33
Total Reward at the start of the inner iterations: 41914385.74006587
Gurobi status: 2

Statistics for model Linearization Heuristic :
  Linear constraint matrix    : 6891 Constrs, 4230 Vars, 1150501 NZs
  Matrix coefficient range    : [ 1.0014e-13, 1 ]
  Objective coefficient range : [ 9.04141e-22, 1.91224e+08 ]
  Variable bound range        : [ 0.05, 1 ]
  RHS coefficient range       : [ 1.63256e-08, 1 ]
Objective value for Line heur k = 57: 5448623.6855008695
33
Actual reward of current solution: 41914385.74006587
Minimum Difference with past solutions:0.0.
New solution equals old solution at k=57
32
Total Reward at the start of the inner iterations: 41914385.74006587
Gurobi status: 2

Statistics for model Linearization Heuristic :
  Linear constraint matrix    : 6726 Constrs, 4140 Vars, 1095602 NZs
  Matrix coefficient range    : [ 1.0014e-13, 1 ]
  Objective coefficient range : [ 9.04141e-22, 1.91224e+08 ]
  Variable bound range        : [ 0.05, 1 ]
  RHS coefficient range       : [ 1.57324e-08, 1 ]
Objective value for Line heur k = 58: 5338213.903681347
32
Actual reward of current solution: 41914385.74006587
Minimum Difference with past solutions:0.0.
New solution equals old solution at k=58
31
Total Reward at the start of the inner iterations: 41914385.74006587
Gurobi status: 2

Statistics for model Linearization Heuristic :
  Linear constraint matrix    : 6561 Constrs, 4050 Vars, 1041938 NZs
  Matrix coefficient range    : [ 1.0014e-13, 1 ]
  Objective coefficient range : [ 9.04141e-22, 1.91224e+08 ]
  Variable bound range        : [ 0.05, 1 ]
  RHS coefficient range       : [ 1.51337e-08, 1 ]
Objective value for Line heur k = 59: 5227323.910700916
31
Actual reward of current solution: 41914385.74006587
Minimum Difference with past solutions:0.0.
New solution equals old solution at k=59
30
Total Reward at the start of the inner iterations: 41914385.74006587
Gurobi status: 2

Statistics for model Linearization Heuristic :
  Linear constraint matrix    : 6396 Constrs, 3960 Vars, 989510 NZs
  Matrix coefficient range    : [ 1.0014e-13, 1 ]
  Objective coefficient range : [ 9.04141e-22, 1.91224e+08 ]
  Variable bound range        : [ 0.05, 1 ]
  RHS coefficient range       : [ 1.45352e-08, 1 ]
Objective value for Line heur k = 60: 5115976.828247669
30
Actual reward of current solution: 41914385.74006587
Minimum Difference with past solutions:0.0.
New solution equals old solution at k=60
29
Total Reward at the start of the inner iterations: 41914385.74006587
Gurobi status: 2

Statistics for model Linearization Heuristic :
  Linear constraint matrix    : 6231 Constrs, 3870 Vars, 938317 NZs
  Matrix coefficient range    : [ 1.0014e-13, 1 ]
  Objective coefficient range : [ 9.04141e-22, 1.91224e+08 ]
  Variable bound range        : [ 0.05, 1 ]
  RHS coefficient range       : [ 1.39415e-08, 1 ]
Objective value for Line heur k = 61: 5004195.062394902
29
Actual reward of current solution: 41914385.74006587
Minimum Difference with past solutions:0.0.
New solution equals old solution at k=61
28
Total Reward at the start of the inner iterations: 41914385.74006587
Gurobi status: 2

Statistics for model Linearization Heuristic :
  Linear constraint matrix    : 6066 Constrs, 3780 Vars, 888359 NZs
  Matrix coefficient range    : [ 1.0014e-13, 1 ]
  Objective coefficient range : [ 9.04141e-22, 1.91224e+08 ]
  Variable bound range        : [ 0.05, 1 ]
  RHS coefficient range       : [ 1.33561e-08, 1 ]
Objective value for Line heur k = 62: 4892000.296084991
28
Actual reward of current solution: 41914385.74006587
Minimum Difference with past solutions:0.0.
New solution equals old solution at k=62
27
Total Reward at the start of the inner iterations: 41914385.74006587
Gurobi status: 2

Statistics for model Linearization Heuristic :
  Linear constraint matrix    : 5901 Constrs, 3690 Vars, 839637 NZs
  Matrix coefficient range    : [ 1.0014e-13, 1 ]
  Objective coefficient range : [ 9.04141e-22, 1.91224e+08 ]
  Variable bound range        : [ 0.05, 1 ]
  RHS coefficient range       : [ 1.27819e-08, 1 ]
Objective value for Line heur k = 63: 4779413.484364721
27
Actual reward of current solution: 41914385.74006587
Minimum Difference with past solutions:0.0.
New solution equals old solution at k=63
26
Total Reward at the start of the inner iterations: 41914385.74006587
Gurobi status: 2

Statistics for model Linearization Heuristic :
  Linear constraint matrix    : 5736 Constrs, 3600 Vars, 792150 NZs
  Matrix coefficient range    : [ 1.0014e-13, 1 ]
  Objective coefficient range : [ 9.04141e-22, 1.91224e+08 ]
  Variable bound range        : [ 0.05, 1 ]
  RHS coefficient range       : [ 1.22211e-08, 1 ]
Objective value for Line heur k = 64: 4666454.852986005
26
Actual reward of current solution: 41914385.74006587
Minimum Difference with past solutions:0.0.
New solution equals old solution at k=64
25
Total Reward at the start of the inner iterations: 41914385.74006587
Gurobi status: 2

Statistics for model Linearization Heuristic :
  Linear constraint matrix    : 5571 Constrs, 3510 Vars, 745900 NZs
  Matrix coefficient range    : [ 1.0014e-13, 1 ]
  Objective coefficient range : [ 9.04141e-22, 1.91224e+08 ]
  Variable bound range        : [ 0.05, 1 ]
  RHS coefficient range       : [ 1.16755e-08, 1 ]
Objective value for Line heur k = 65: 4553143.900456561
25
Actual reward of current solution: 41914385.74006587
Minimum Difference with past solutions:0.0.
New solution equals old solution at k=65
24
Total Reward at the start of the inner iterations: 41914385.74006587
Gurobi status: 2

Statistics for model Linearization Heuristic :
  Linear constraint matrix    : 5406 Constrs, 3420 Vars, 700885 NZs
  Matrix coefficient range    : [ 1.0014e-13, 1 ]
  Objective coefficient range : [ 9.04141e-22, 1.91224e+08 ]
  Variable bound range        : [ 0.05, 1 ]
  RHS coefficient range       : [ 1.11463e-08, 1 ]
Objective value for Line heur k = 66: 4439499.403350922
24
Actual reward of current solution: 41914385.74006587
Minimum Difference with past solutions:0.0.
New solution equals old solution at k=66
23
Total Reward at the start of the inner iterations: 41914385.74006587
Gurobi status: 2

Statistics for model Linearization Heuristic :
  Linear constraint matrix    : 5241 Constrs, 3330 Vars, 657106 NZs
  Matrix coefficient range    : [ 1.0016e-13, 1 ]
  Objective coefficient range : [ 9.04141e-22, 1.91224e+08 ]
  Variable bound range        : [ 0.05, 1 ]
  RHS coefficient range       : [ 1.06344e-08, 1 ]
Objective value for Line heur k = 67: 4325539.424562243
23
Actual reward of current solution: 41914385.74006587
Minimum Difference with past solutions:0.0.
New solution equals old solution at k=67
22
Total Reward at the start of the inner iterations: 41914385.74006587
Gurobi status: 2

Statistics for model Linearization Heuristic :
  Linear constraint matrix    : 5076 Constrs, 3240 Vars, 614564 NZs
  Matrix coefficient range    : [ 1.0016e-13, 1 ]
  Objective coefficient range : [ 9.04141e-22, 1.91224e+08 ]
  Variable bound range        : [ 0.05, 1 ]
  RHS coefficient range       : [ 1.01405e-08, 1 ]
Objective value for Line heur k = 68: 4211281.324125989
22
Actual reward of current solution: 41914385.74006587
Minimum Difference with past solutions:0.0.
New solution equals old solution at k=68
21
Total Reward at the start of the inner iterations: 41914385.74006587
Gurobi status: 2

Statistics for model Linearization Heuristic :
  Linear constraint matrix    : 4911 Constrs, 3150 Vars, 573257 NZs
  Matrix coefficient range    : [ 1.0016e-13, 1 ]
  Objective coefficient range : [ 9.04141e-22, 1.91224e+08 ]
  Variable bound range        : [ 0.05, 1 ]
  RHS coefficient range       : [ 9.66475e-09, 1 ]
Objective value for Line heur k = 69: 4096741.7722419007
21
Actual reward of current solution: 41914385.74006587
Minimum Difference with past solutions:0.0.
New solution equals old solution at k=69
20
Total Reward at the start of the inner iterations: 41914385.74006587
Gurobi status: 2

Statistics for model Linearization Heuristic :
  Linear constraint matrix    : 4746 Constrs, 3060 Vars, 533239 NZs
  Matrix coefficient range    : [ 1.0016e-13, 1 ]
  Objective coefficient range : [ 9.04141e-22, 1.91224e+08 ]
  Variable bound range        : [ 0.05, 1 ]
  RHS coefficient range       : [ 9.20742e-09, 0.289975 ]
Objective value for Line heur k = 70: 3981936.764139228
20
Actual reward of current solution: 41914385.74006587
Minimum Difference with past solutions:0.0.
New solution equals old solution at k=70
19
Total Reward at the start of the inner iterations: 41914385.74006587
Gurobi status: 2

Statistics for model Linearization Heuristic :
  Linear constraint matrix    : 4635 Constrs, 2970 Vars, 494457 NZs
  Matrix coefficient range    : [ 1.0016e-13, 1 ]
  Objective coefficient range : [ 9.04141e-22, 1.91224e+08 ]
  Variable bound range        : [ 0.05, 1 ]
  RHS coefficient range       : [ 8.76844e-09, 1 ]
Objective value for Line heur k = 71: 3866881.636461243
19
Actual reward of current solution: 41914385.74006587
Minimum Difference with past solutions:0.0.
New solution equals old solution at k=71
18
Total Reward at the start of the inner iterations: 41914385.74006587
Gurobi status: 2

Statistics for model Linearization Heuristic :
  Linear constraint matrix    : 4470 Constrs, 2880 Vars, 456857 NZs
  Matrix coefficient range    : [ 1.0016e-13, 1 ]
  Objective coefficient range : [ 9.04141e-22, 1.91224e+08 ]
  Variable bound range        : [ 0.05, 1 ]
  RHS coefficient range       : [ 8.34765e-09, 1 ]
Objective value for Line heur k = 72: 3751591.08488266
18
Actual reward of current solution: 41914385.74006587
Minimum Difference with past solutions:0.0.
New solution equals old solution at k=72
17
Total Reward at the start of the inner iterations: 41914385.74006587
Gurobi status: 2

Statistics for model Linearization Heuristic :
  Linear constraint matrix    : 4305 Constrs, 2790 Vars, 420492 NZs
  Matrix coefficient range    : [ 1.0016e-13, 1 ]
  Objective coefficient range : [ 9.04141e-22, 1.91224e+08 ]
  Variable bound range        : [ 0.05, 1 ]
  RHS coefficient range       : [ 7.94478e-09, 1 ]
Objective value for Line heur k = 73: 3636079.182715278
17
Actual reward of current solution: 41914385.74006587
Minimum Difference with past solutions:0.0.
New solution equals old solution at k=73
16
Total Reward at the start of the inner iterations: 41914385.74006587
Gurobi status: 2

Statistics for model Linearization Heuristic :
  Linear constraint matrix    : 4140 Constrs, 2700 Vars, 385363 NZs
  Matrix coefficient range    : [ 1.0016e-13, 1 ]
  Objective coefficient range : [ 9.04141e-22, 1.91224e+08 ]
  Variable bound range        : [ 0.05, 1 ]
  RHS coefficient range       : [ 7.55945e-09, 1 ]
Objective value for Line heur k = 74: 3520359.40030396
16
Actual reward of current solution: 41914385.74006587
Minimum Difference with past solutions:0.0.
New solution equals old solution at k=74
15
Total Reward at the start of the inner iterations: 41914385.74006587
Gurobi status: 2

Statistics for model Linearization Heuristic :
  Linear constraint matrix    : 3975 Constrs, 2610 Vars, 351469 NZs
  Matrix coefficient range    : [ 1.0016e-13, 1 ]
  Objective coefficient range : [ 9.04141e-22, 1.91224e+08 ]
  Variable bound range        : [ 0.05, 1 ]
  RHS coefficient range       : [ 6.96751e-09, 1 ]
Objective value for Line heur k = 75: 3404444.6250701956
15
Actual reward of current solution: 41914385.74006587
Minimum Difference with past solutions:0.0.
New solution equals old solution at k=75
14
Total Reward at the start of the inner iterations: 41914385.74006587
Gurobi status: 2

Statistics for model Linearization Heuristic :
  Linear constraint matrix    : 3810 Constrs, 2520 Vars, 318812 NZs
  Matrix coefficient range    : [ 1.0016e-13, 1 ]
  Objective coefficient range : [ 9.04141e-22, 1.91224e+08 ]
  Variable bound range        : [ 0.05, 1 ]
  RHS coefficient range       : [ 5.27719e-09, 1 ]
Objective value for Line heur k = 76: 3288347.1821321137
14
Actual reward of current solution: 41914385.74006587
Minimum Difference with past solutions:0.0.
New solution equals old solution at k=76
13
Total Reward at the start of the inner iterations: 41914385.74006587
Gurobi status: 2

Statistics for model Linearization Heuristic :
  Linear constraint matrix    : 3645 Constrs, 2430 Vars, 287391 NZs
  Matrix coefficient range    : [ 1.0016e-13, 1 ]
  Objective coefficient range : [ 9.04141e-22, 1.91224e+08 ]
  Variable bound range        : [ 0.05, 1 ]
  RHS coefficient range       : [ 6.84506e-10, 1 ]
Objective value for Line heur k = 77: 3172078.855530899
13
Actual reward of current solution: 41914385.74006587
Minimum Difference with past solutions:0.0.
New solution equals old solution at k=77
12
Total Reward at the start of the inner iterations: 41914385.74006587
Gurobi status: 2

Statistics for model Linearization Heuristic :
  Linear constraint matrix    : 3480 Constrs, 2340 Vars, 257205 NZs
  Matrix coefficient range    : [ 1.0016e-13, 1 ]
  Objective coefficient range : [ 9.04141e-22, 1.91224e+08 ]
  Variable bound range        : [ 0.05, 1 ]
  RHS coefficient range       : [ 1.05126e-09, 1 ]
Objective value for Line heur k = 78: 3055650.910248581
12
Actual reward of current solution: 41914385.74006587
Minimum Difference with past solutions:0.0.
New solution equals old solution at k=78
11
Total Reward at the start of the inner iterations: 41914385.74006587
Gurobi status: 2

Statistics for model Linearization Heuristic :
  Linear constraint matrix    : 3315 Constrs, 2250 Vars, 228255 NZs
  Matrix coefficient range    : [ 1.0016e-13, 1 ]
  Objective coefficient range : [ 9.04141e-22, 1.91224e+08 ]
  Variable bound range        : [ 0.05, 1 ]
  RHS coefficient range       : [ 9.95013e-12, 1 ]
Objective value for Line heur k = 79: 2939074.11545304
11
Actual reward of current solution: 41914385.74006587
Minimum Difference with past solutions:0.0.
New solution equals old solution at k=79
10
Total Reward at the start of the inner iterations: 41914385.74006587
Gurobi status: 2

Statistics for model Linearization Heuristic :
  Linear constraint matrix    : 3150 Constrs, 2160 Vars, 200542 NZs
  Matrix coefficient range    : [ 1.0016e-13, 1 ]
  Objective coefficient range : [ 9.04141e-22, 1.91224e+08 ]
  Variable bound range        : [ 0.05, 1 ]
  RHS coefficient range       : [ 1.49048e-09, 1 ]
Objective value for Line heur k = 80: 2822358.7698246427
10
Actual reward of current solution: 41914385.74006587
Minimum Difference with past solutions:0.0.
New solution equals old solution at k=80
9
Total Reward at the start of the inner iterations: 41914385.74006587
Gurobi status: 2

Statistics for model Linearization Heuristic :
  Linear constraint matrix    : 2985 Constrs, 2070 Vars, 174065 NZs
  Matrix coefficient range    : [ 1.0016e-13, 1 ]
  Objective coefficient range : [ 9.04141e-22, 1.91224e+08 ]
  Variable bound range        : [ 0.05, 1 ]
  RHS coefficient range       : [ 3.18701e-09, 1 ]
Objective value for Line heur k = 81: 2705514.7305312627
9
Actual reward of current solution: 41914385.74006587
Minimum Difference with past solutions:0.0.
New solution equals old solution at k=81
8
Total Reward at the start of the inner iterations: 41914385.74006587
Gurobi status: 2

Statistics for model Linearization Heuristic :
  Linear constraint matrix    : 2820 Constrs, 1980 Vars, 148824 NZs
  Matrix coefficient range    : [ 1.0016e-13, 1 ]
  Objective coefficient range : [ 9.04141e-22, 1.91224e+08 ]
  Variable bound range        : [ 0.05, 1 ]
  RHS coefficient range       : [ 4.88837e-09, 1 ]
Objective value for Line heur k = 82: 2588551.4486416713
8
Actual reward of current solution: 41914385.74006587
Minimum Difference with past solutions:0.0.
New solution equals old solution at k=82
7
Total Reward at the start of the inner iterations: 41914385.74006587
Gurobi status: 2

Statistics for model Linearization Heuristic :
  Linear constraint matrix    : 2655 Constrs, 1890 Vars, 124821 NZs
  Matrix coefficient range    : [ 1.0016e-13, 1 ]
  Objective coefficient range : [ 9.04141e-22, 1.91224e+08 ]
  Variable bound range        : [ 0.05, 1 ]
  RHS coefficient range       : [ 6.59812e-09, 1 ]
Objective value for Line heur k = 83: 2471478.0158787854
7
Actual reward of current solution: 41914385.74006587
Minimum Difference with past solutions:0.0.
New solution equals old solution at k=83
6
Total Reward at the start of the inner iterations: 41914385.74006587
Gurobi status: 2

Statistics for model Linearization Heuristic :
  Linear constraint matrix    : 2490 Constrs, 1800 Vars, 102112 NZs
  Matrix coefficient range    : [ 1.0016e-13, 1 ]
  Objective coefficient range : [ 9.04141e-22, 1.91224e+08 ]
  Variable bound range        : [ 0.05, 1 ]
  RHS coefficient range       : [ 8.32245e-09, 0.289871 ]
Objective value for Line heur k = 84: 2354303.2312681424
6
Actual reward of current solution: 41914385.74006587
Minimum Difference with past solutions:0.0.
New solution equals old solution at k=84
5
Total Reward at the start of the inner iterations: 41914385.74006587
Gurobi status: 2

Statistics for model Linearization Heuristic :
  Linear constraint matrix    : 2379 Constrs, 1710 Vars, 80647 NZs
  Matrix coefficient range    : [ 1.0016e-13, 1 ]
  Objective coefficient range : [ 9.04141e-22, 1.91224e+08 ]
  Variable bound range        : [ 0.05, 1 ]
  RHS coefficient range       : [ 1.00721e-08, 1 ]
Objective value for Line heur k = 85: 2237035.702567211
5
Actual reward of current solution: 41914385.74006587
Minimum Difference with past solutions:0.0.
New solution equals old solution at k=85
4
Total Reward at the start of the inner iterations: 41914385.74006587
Gurobi status: 2

Statistics for model Linearization Heuristic :
  Linear constraint matrix    : 2214 Constrs, 1620 Vars, 60388 NZs
  Matrix coefficient range    : [ 1.0016e-13, 1 ]
  Objective coefficient range : [ 9.04141e-22, 1.91224e+08 ]
  Variable bound range        : [ 0.05, 1 ]
  RHS coefficient range       : [ 1.18655e-08, 1 ]
Objective value for Line heur k = 86: 2119684.0083347857
4
Actual reward of current solution: 41914385.74006587
Minimum Difference with past solutions:0.0.
New solution equals old solution at k=86
3
Total Reward at the start of the inner iterations: 41914385.74006587
Gurobi status: 2

Statistics for model Linearization Heuristic :
  Linear constraint matrix    : 2049 Constrs, 1530 Vars, 41428 NZs
  Matrix coefficient range    : [ 1.00441e-13, 1 ]
  Objective coefficient range : [ 9.04141e-22, 1.91224e+08 ]
  Variable bound range        : [ 0.05, 1 ]
  RHS coefficient range       : [ 1.37351e-08, 1 ]
Objective value for Line heur k = 87: 2002256.9655265736
3
Actual reward of current solution: 41914385.74006587
Minimum Difference with past solutions:0.0.
New solution equals old solution at k=87
2
Total Reward at the start of the inner iterations: 41914385.74006587
Gurobi status: 2

Statistics for model Linearization Heuristic :
  Linear constraint matrix    : 1884 Constrs, 1440 Vars, 23930 NZs
  Matrix coefficient range    : [ 1.10142e-13, 1 ]
  Objective coefficient range : [ 1.27524e-21, 1.91224e+08 ]
  Variable bound range        : [ 0.05, 1 ]
  RHS coefficient range       : [ 1.57367e-08, 1 ]
Objective value for Line heur k = 88: 1884764.0804966323
2
Actual reward of current solution: 41914385.74006587
Minimum Difference with past solutions:0.0.
New solution equals old solution at k=88
1
Total Reward at the start of the inner iterations: 41914385.74006587
Gurobi status: 2

Statistics for model Linearization Heuristic :
  Linear constraint matrix    : 1719 Constrs, 1350 Vars, 11838 NZs
  Matrix coefficient range    : [ 1.10142e-13, 1 ]
  Objective coefficient range : [ 1.38778e-17, 1.91224e+08 ]
  Variable bound range        : [ 0.05, 1 ]
  RHS coefficient range       : [ 1.79672e-08, 1 ]
Objective value for Line heur k = 89: 1767216.318496079
1
Actual reward of current solution: 41914385.74006587
Minimum Difference with past solutions:0.0.
New solution equals old solution at k=89
0
Total Reward at the start of the inner iterations: 41914385.74006587
Gurobi status: 2

Statistics for model Linearization Heuristic :
  Linear constraint matrix    : 1554 Constrs, 1260 Vars, 2709 NZs
  Matrix coefficient range    : [ 0.288979, 1 ]
  Objective coefficient range : [ 1.38778e-17, 1.91224e+08 ]
  Variable bound range        : [ 0.05, 1 ]
  RHS coefficient range       : [ 2.0595e-08, 0.289843 ]
Objective value for Line heur k = 90: 1649627.4259648449
0
Actual reward of current solution: 41914385.74006587
Minimum Difference with past solutions:0.0.
New solution equals old solution at k=90
0
Total Reward at the start of the inner iterations: 41914385.74006587
Gurobi status: 2

Statistics for model Linearization Heuristic :
  Linear constraint matrix    : 1443 Constrs, 1170 Vars, 2457 NZs
  Matrix coefficient range    : [ 0.317935, 1 ]
  Objective coefficient range : [ 1.38778e-17, 1.91224e+08 ]
  Variable bound range        : [ 0.05, 1 ]
  RHS coefficient range       : [ 2.0595e-08, 0.289843 ]
Objective value for Line heur k = 91: 1531796.8832094443
0
Actual reward of current solution: 41914385.74006587
Minimum Difference with past solutions:0.0.
New solution equals old solution at k=91
0
Total Reward at the start of the inner iterations: 41914385.74006587
Gurobi status: 2

Statistics for model Linearization Heuristic :
  Linear constraint matrix    : 1332 Constrs, 1080 Vars, 2214 NZs
  Matrix coefficient range    : [ 0.349792, 1 ]
  Objective coefficient range : [ 1.38778e-17, 1.91224e+08 ]
  Variable bound range        : [ 0.05, 1 ]
  RHS coefficient range       : [ 2.0595e-08, 0.289843 ]
Objective value for Line heur k = 92: 1413966.343272515
0
Actual reward of current solution: 41914385.74006587
Minimum Difference with past solutions:0.0.
New solution equals old solution at k=92
0
Total Reward at the start of the inner iterations: 41914385.74006587
Gurobi status: 2

Statistics for model Linearization Heuristic :
  Linear constraint matrix    : 1221 Constrs, 990 Vars, 1980 NZs
  Matrix coefficient range    : [ 0.384842, 1 ]
  Objective coefficient range : [ 1.38778e-17, 1.91224e+08 ]
  Variable bound range        : [ 0.05, 1 ]
  RHS coefficient range       : [ 2.0595e-08, 0.289843 ]
Objective value for Line heur k = 93: 1296135.8060195816
0
Actual reward of current solution: 41914385.74006587
Minimum Difference with past solutions:0.0.
New solution equals old solution at k=93
0
Total Reward at the start of the inner iterations: 41914385.74006587
Gurobi status: 2

Statistics for model Linearization Heuristic :
  Linear constraint matrix    : 1110 Constrs, 900 Vars, 1755 NZs
  Matrix coefficient range    : [ 0.423403, 1 ]
  Objective coefficient range : [ 1.38778e-17, 1.91224e+08 ]
  Variable bound range        : [ 0.05, 1 ]
  RHS coefficient range       : [ 2.0595e-08, 0.289843 ]
Objective value for Line heur k = 94: 1178305.2712072555
0
Actual reward of current solution: 41914385.74006587
Minimum Difference with past solutions:0.0.
New solution equals old solution at k=94
0
Total Reward at the start of the inner iterations: 41914385.74006587
Gurobi status: 2

Statistics for model Linearization Heuristic :
  Linear constraint matrix    : 999 Constrs, 810 Vars, 1539 NZs
  Matrix coefficient range    : [ 0.465828, 1 ]
  Objective coefficient range : [ 1.38778e-17, 1.91224e+08 ]
  Variable bound range        : [ 0.05, 1 ]
  RHS coefficient range       : [ 2.0595e-08, 0.289843 ]
Objective value for Line heur k = 95: 1060474.7385460928
0
Actual reward of current solution: 41914385.74006587
Minimum Difference with past solutions:0.0.
New solution equals old solution at k=95
0
Total Reward at the start of the inner iterations: 41914385.74006587
Gurobi status: 2

Statistics for model Linearization Heuristic :
  Linear constraint matrix    : 888 Constrs, 720 Vars, 1332 NZs
  Matrix coefficient range    : [ 0.512504, 1 ]
  Objective coefficient range : [ 1.38778e-17, 1.91224e+08 ]
  Variable bound range        : [ 0.05, 1 ]
  RHS coefficient range       : [ 2.0595e-08, 0.289843 ]
Objective value for Line heur k = 96: 942644.2077388357
0
Actual reward of current solution: 41914385.74006587
Minimum Difference with past solutions:0.0.
New solution equals old solution at k=96
0
Total Reward at the start of the inner iterations: 41914385.74006587
Gurobi status: 2

Statistics for model Linearization Heuristic :
  Linear constraint matrix    : 777 Constrs, 630 Vars, 1134 NZs
  Matrix coefficient range    : [ 0.563857, 1 ]
  Objective coefficient range : [ 1.38778e-17, 1.91224e+08 ]
  Variable bound range        : [ 0.05, 1 ]
  RHS coefficient range       : [ 2.0595e-08, 0.289843 ]
Objective value for Line heur k = 97: 824813.6785024066
0
Actual reward of current solution: 41914385.74006587
Minimum Difference with past solutions:0.0.
New solution equals old solution at k=97
0
Total Reward at the start of the inner iterations: 41914385.74006587
Gurobi status: 2

Statistics for model Linearization Heuristic :
  Linear constraint matrix    : 666 Constrs, 540 Vars, 945 NZs
  Matrix coefficient range    : [ 0.620356, 1 ]
  Objective coefficient range : [ 1.38778e-17, 1.91224e+08 ]
  Variable bound range        : [ 0.05, 1 ]
  RHS coefficient range       : [ 2.0595e-08, 0.289843 ]
Objective value for Line heur k = 98: 706983.1505793923
0
Actual reward of current solution: 41914385.74006587
Minimum Difference with past solutions:0.0.
New solution equals old solution at k=98
0
Total Reward at the start of the inner iterations: 41914385.74006587
Gurobi status: 2

Statistics for model Linearization Heuristic :
  Linear constraint matrix    : 555 Constrs, 450 Vars, 765 NZs
  Matrix coefficient range    : [ 0.682516, 1 ]
  Objective coefficient range : [ 1.38778e-17, 1.91224e+08 ]
  Variable bound range        : [ 0.05, 1 ]
  RHS coefficient range       : [ 2.0595e-08, 0.289843 ]
Objective value for Line heur k = 99: 589152.6237429142
0
Actual reward of current solution: 41914385.74006587
Minimum Difference with past solutions:0.0.
New solution equals old solution at k=99
0
Total Reward at the start of the inner iterations: 41914385.74006587
Gurobi status: 2

Statistics for model Linearization Heuristic :
  Linear constraint matrix    : 444 Constrs, 360 Vars, 594 NZs
  Matrix coefficient range    : [ 0.750904, 1 ]
  Objective coefficient range : [ 1.38778e-17, 1.91224e+08 ]
  Variable bound range        : [ 0.05, 1 ]
  RHS coefficient range       : [ 2.0595e-08, 0.289843 ]
Objective value for Line heur k = 100: 471322.09779744415
0
Actual reward of current solution: 41914385.74006587
Minimum Difference with past solutions:0.0.
New solution equals old solution at k=100
0
Total Reward at the start of the inner iterations: 41914385.74006587
Gurobi status: 2

Statistics for model Linearization Heuristic :
  Linear constraint matrix    : 333 Constrs, 270 Vars, 432 NZs
  Matrix coefficient range    : [ 0.826145, 1 ]
  Objective coefficient range : [ 1.38778e-17, 1.91224e+08 ]
  Variable bound range        : [ 0.05, 1 ]
  RHS coefficient range       : [ 2.0595e-08, 0.289843 ]
Objective value for Line heur k = 101: 353491.572577308
0
Actual reward of current solution: 41914385.74006587
Minimum Difference with past solutions:0.0.
New solution equals old solution at k=101
0
Total Reward at the start of the inner iterations: 41914385.74006587
Gurobi status: 2

Statistics for model Linearization Heuristic :
  Linear constraint matrix    : 222 Constrs, 180 Vars, 279 NZs
  Matrix coefficient range    : [ 0.908925, 1 ]
  Objective coefficient range : [ 8.82964e-05, 1.91224e+08 ]
  Variable bound range        : [ 0.05, 1 ]
  RHS coefficient range       : [ 2.0595e-08, 0.289843 ]
Objective value for Line heur k = 102: 235661.0479439825
0
Actual reward of current solution: 41914385.74006587
Minimum Difference with past solutions:0.0.
New solution equals old solution at k=102
0
Total Reward at the start of the inner iterations: 41914385.74006587
Gurobi status: 2

Statistics for model Linearization Heuristic :
  Linear constraint matrix    : 111 Constrs, 90 Vars, 135 NZs
  Matrix coefficient range    : [ 1, 1 ]
  Objective coefficient range : [ 449.373, 1.91224e+08 ]
  Variable bound range        : [ 0.05, 1 ]
  RHS coefficient range       : [ 2.0595e-08, 0.289843 ]
Objective value for Line heur k = 103: 117830.52378287057
0
Actual reward of current solution: 41914385.74006587
Minimum Difference with past solutions:0.0.
New solution equals old solution at k=103
Total running time for 90 days is 1520.9185116291046
Economic Value: 58840279.97768439
Deaths 0.09080786438928215
Total Reward 41914385.74006587
