{'groups': 'all', 'params_to_try': {'delta_schooling': [0.5], 'xi': [0, 371990.3, 929975.75, 1859951.5, 3719903, 5579854.5], 'icus': [2900], 'tests': [[60000, 0]], 'testing': ['homogeneous'], 'eta': [0.1]}}
{'groups': 'all', 'params_to_try': {'delta_schooling': [0.5], 'xi': [0, 371990.3, 929975.75, 1859951.5, 3719903, 5579854.5], 'icus': [2900], 'tests': [[60000, 0]], 'testing': ['homogeneous'], 'eta': [0.1]}}
{'groups': 'all', 'params_to_try': {'delta_schooling': [0.2940790407586785], 'icus': [2900], 'eta': [0.1819538475847744], 'tests': [[0, 0]], 'xi': [11159709.0], 'testing': ['homogeneous']}}
results/time_gradient/xi-11159709_icus-2900_testing-homogeneous_natests-0_nmtests-0_T-90_startday-0_groups-all_dschool-0.294079_eta-0.181954_freq-90-14_initParamVarying-multiplier_beta_randomInstance-70.yaml
{'groups': 'all', 'params_to_try': {'delta_schooling': [0.5], 'xi': [0, 371990.3, 929975.75, 1859951.5, 3719903, 5579854.5], 'icus': [2900], 'tests': [[60000, 0]], 'testing': ['homogeneous'], 'eta': [0.1]}}
{'groups': 'all', 'params_to_try': {'delta_schooling': [0.5], 'xi': [0, 371990.3, 929975.75, 1859951.5, 3719903, 5579854.5], 'icus': [2900], 'tests': [[60000, 0]], 'testing': ['homogeneous'], 'eta': [0.1]}}
{'groups': 'all', 'params_to_try': {'delta_schooling': [0.2940790407586785], 'icus': [2900], 'eta': [0.1819538475847744], 'tests': [[0, 0]], 'xi': [11159709.0], 'testing': ['homogeneous']}}
results/dynamic_gradient/xi-11159709_icus-2900_testing-homogeneous_natests-0_nmtests-0_T-90_startday-0_groups-all_dschool-0.294079_eta-0.181954_freq-90-14_initParamVarying-multiplier_beta_randomInstance-70.yaml
500
(0.5, 111597090.0, 0.29, 0.0, (7, 14), 'fitted-scaled', 'econ-scaled', 'oct21-scaled', 0.1, 0.05, 2, 'dynamic_gradient', 70, 'multiplier_beta')
The value of T is: 104
Missing starting point -- Running the initial heuristic.
/home/groups/daniancu/covid-optimization/covid-optimization
90
Total Reward at the start of the inner iterations: 53668215.90963453
Using license file /share/software/user/restricted/gurobi/9.0.3_py36/licenses/gurobi.lic
Set parameter TokenServer to value license4.stanford.edu
Gurobi status: 2

Statistics for model Linearization Heuristic :
  Linear constraint matrix    : 16026 Constrs, 9360 Vars, 5999411 NZs
  Matrix coefficient range    : [ 1.00065e-13, 1 ]
  Objective coefficient range : [ 1.52294e-23, 1.16826e+08 ]
  Variable bound range        : [ 0.05, 1 ]
  RHS coefficient range       : [ 1.05664e-07, 0.293686 ]
Objective value for Line heur k = 0: 25318477.633182842
90
Actual reward of current solution: 53351373.55647501
Minimum Difference with past solutions:0.050000000000000044.
Gurobi status: 2

Statistics for model Linearization Heuristic :
  Linear constraint matrix    : 16026 Constrs, 9360 Vars, 6321306 NZs
  Matrix coefficient range    : [ 1.00145e-13, 1 ]
  Objective coefficient range : [ 2.06577e-21, 1.16826e+08 ]
  Variable bound range        : [ 0.05, 1 ]
  RHS coefficient range       : [ 6.04624e-08, 0.294769 ]
Objective value for Line heur k = 0: 24749066.811669506
90
Actual reward of current solution: 53794623.70946501
Minimum Difference with past solutions:0.050000000000000044.
Gurobi status: 2

Statistics for model Linearization Heuristic :
  Linear constraint matrix    : 16026 Constrs, 9360 Vars, 5999411 NZs
  Matrix coefficient range    : [ 1.00065e-13, 1 ]
  Objective coefficient range : [ 1.68427e-23, 1.16826e+08 ]
  Variable bound range        : [ 0.05, 1 ]
  RHS coefficient range       : [ 1.05664e-07, 0.293686 ]
Objective value for Line heur k = 0: 25444873.733094662
90
Actual reward of current solution: 53477779.9234278
Minimum Difference with past solutions:0.050000000000000044.
Gurobi status: 2

Statistics for model Linearization Heuristic :
  Linear constraint matrix    : 16026 Constrs, 9360 Vars, 6321306 NZs
  Matrix coefficient range    : [ 1.00145e-13, 1 ]
  Objective coefficient range : [ 2.10417e-21, 1.16826e+08 ]
  Variable bound range        : [ 0.05, 1 ]
  RHS coefficient range       : [ 6.04624e-08, 0.294769 ]
Objective value for Line heur k = 0: 24875459.43355479
90
Actual reward of current solution: 53921031.509295486
Minimum Difference with past solutions:0.050000000000000044.
Gurobi status: 2

Statistics for model Linearization Heuristic :
  Linear constraint matrix    : 16026 Constrs, 9360 Vars, 5999411 NZs
  Matrix coefficient range    : [ 1.00065e-13, 1 ]
  Objective coefficient range : [ 1.8456e-23, 1.16826e+08 ]
  Variable bound range        : [ 0.05, 1 ]
  RHS coefficient range       : [ 1.05664e-07, 0.293686 ]
Objective value for Line heur k = 0: 25571269.83300652
90
Actual reward of current solution: 53604186.29038059
Minimum Difference with past solutions:0.050000000000000044.
Gurobi status: 2

Statistics for model Linearization Heuristic :
  Linear constraint matrix    : 16026 Constrs, 9360 Vars, 6321306 NZs
  Matrix coefficient range    : [ 1.00145e-13, 1 ]
  Objective coefficient range : [ 2.14258e-21, 1.16826e+08 ]
  Variable bound range        : [ 0.05, 1 ]
  RHS coefficient range       : [ 6.04624e-08, 0.294769 ]
Objective value for Line heur k = 0: 25001852.055440146
90
Actual reward of current solution: 54047439.30912598
Minimum Difference with past solutions:0.050000000000000044.
Gurobi status: 2

Statistics for model Linearization Heuristic :
  Linear constraint matrix    : 16026 Constrs, 9360 Vars, 5999411 NZs
  Matrix coefficient range    : [ 1.00065e-13, 1 ]
  Objective coefficient range : [ 2.00693e-23, 1.16826e+08 ]
  Variable bound range        : [ 0.05, 1 ]
  RHS coefficient range       : [ 1.05664e-07, 0.293686 ]
Objective value for Line heur k = 0: 25697665.93291833
90
Actual reward of current solution: 53730592.65733339
Minimum Difference with past solutions:0.050000000000000044.
Gurobi status: 2

Statistics for model Linearization Heuristic :
  Linear constraint matrix    : 16026 Constrs, 9360 Vars, 6321306 NZs
  Matrix coefficient range    : [ 1.00145e-13, 1 ]
  Objective coefficient range : [ 2.18099e-21, 1.16826e+08 ]
  Variable bound range        : [ 0.05, 1 ]
  RHS coefficient range       : [ 6.04624e-08, 0.294769 ]
Objective value for Line heur k = 0: 25128244.677325517
90
Actual reward of current solution: 54173847.10895645
Minimum Difference with past solutions:0.050000000000000044.
Gurobi status: 2

Statistics for model Linearization Heuristic :
  Linear constraint matrix    : 16026 Constrs, 9360 Vars, 5999411 NZs
  Matrix coefficient range    : [ 1.00065e-13, 1 ]
  Objective coefficient range : [ 2.16826e-23, 1.16826e+08 ]
  Variable bound range        : [ 0.05, 1 ]
  RHS coefficient range       : [ 1.05664e-07, 0.293686 ]
Objective value for Line heur k = 0: 25824062.032830097
90
Actual reward of current solution: 53856999.02428619
Minimum Difference with past solutions:0.050000000000000044.
Gurobi status: 2

Statistics for model Linearization Heuristic :
  Linear constraint matrix    : 16026 Constrs, 9360 Vars, 6321306 NZs
  Matrix coefficient range    : [ 1.00145e-13, 1 ]
  Objective coefficient range : [ 2.21939e-21, 1.16826e+08 ]
  Variable bound range        : [ 0.05, 1 ]
  RHS coefficient range       : [ 6.04624e-08, 0.294769 ]
Objective value for Line heur k = 0: 25254637.299210913
90
Actual reward of current solution: 54300254.908786915
Minimum Difference with past solutions:0.05.
Gurobi status: 2

Statistics for model Linearization Heuristic :
  Linear constraint matrix    : 16026 Constrs, 9360 Vars, 5999411 NZs
  Matrix coefficient range    : [ 1.00065e-13, 1 ]
  Objective coefficient range : [ 2.32959e-23, 1.16826e+08 ]
  Variable bound range        : [ 0.05, 1 ]
  RHS coefficient range       : [ 1.05664e-07, 0.293686 ]
Objective value for Line heur k = 0: 25950458.132741936
90
Actual reward of current solution: 53983405.39123898
Minimum Difference with past solutions:0.05.
Gurobi status: 2

Statistics for model Linearization Heuristic :
  Linear constraint matrix    : 16026 Constrs, 9360 Vars, 6321306 NZs
  Matrix coefficient range    : [ 1.00145e-13, 1 ]
  Objective coefficient range : [ 2.2578e-21, 1.16826e+08 ]
  Variable bound range        : [ 0.05, 1 ]
  RHS coefficient range       : [ 6.04624e-08, 0.294769 ]
Objective value for Line heur k = 0: 25381029.921096236
90
Actual reward of current solution: 54426662.70861739
Minimum Difference with past solutions:0.05.
Gurobi status: 2

Statistics for model Linearization Heuristic :
  Linear constraint matrix    : 16026 Constrs, 9360 Vars, 5999411 NZs
  Matrix coefficient range    : [ 1.00065e-13, 1 ]
  Objective coefficient range : [ 2.49092e-23, 1.16826e+08 ]
  Variable bound range        : [ 0.05, 1 ]
  RHS coefficient range       : [ 1.05664e-07, 0.293686 ]
Objective value for Line heur k = 0: 26076854.232653745
90
Actual reward of current solution: 54109811.75819175
Minimum Difference with past solutions:0.05.
Gurobi status: 2

Statistics for model Linearization Heuristic :
  Linear constraint matrix    : 16026 Constrs, 9360 Vars, 6321306 NZs
  Matrix coefficient range    : [ 1.00145e-13, 1 ]
  Objective coefficient range : [ 2.29621e-21, 1.16826e+08 ]
  Variable bound range        : [ 0.05, 1 ]
  RHS coefficient range       : [ 6.04624e-08, 0.294769 ]
Objective value for Line heur k = 0: 25507422.5429815
90
Actual reward of current solution: 54553070.50844788
Minimum Difference with past solutions:0.05.
Gurobi status: 2

Statistics for model Linearization Heuristic :
  Linear constraint matrix    : 16026 Constrs, 9360 Vars, 5999411 NZs
  Matrix coefficient range    : [ 1.00065e-13, 1 ]
  Objective coefficient range : [ 2.65225e-23, 1.16826e+08 ]
  Variable bound range        : [ 0.05, 1 ]
  RHS coefficient range       : [ 1.05664e-07, 0.293686 ]
Objective value for Line heur k = 0: 26203250.33256575
90
Actual reward of current solution: 54236218.12514455
Minimum Difference with past solutions:0.05.
Gurobi status: 2

Statistics for model Linearization Heuristic :
  Linear constraint matrix    : 16026 Constrs, 9360 Vars, 6321306 NZs
  Matrix coefficient range    : [ 1.00145e-13, 1 ]
  Objective coefficient range : [ 2.33461e-21, 1.16826e+08 ]
  Variable bound range        : [ 0.05, 1 ]
  RHS coefficient range       : [ 6.04624e-08, 0.294769 ]
Objective value for Line heur k = 0: 25633815.164866906
90
Actual reward of current solution: 54679478.30827835
Minimum Difference with past solutions:0.05.
Gurobi status: 2

Statistics for model Linearization Heuristic :
  Linear constraint matrix    : 16026 Constrs, 9360 Vars, 5999411 NZs
  Matrix coefficient range    : [ 1.00065e-13, 1 ]
  Objective coefficient range : [ 2.81358e-23, 1.16826e+08 ]
  Variable bound range        : [ 0.05, 1 ]
  RHS coefficient range       : [ 1.05664e-07, 0.293686 ]
Objective value for Line heur k = 0: 26329646.432477415
90
Actual reward of current solution: 54362624.49209736
Minimum Difference with past solutions:0.05.
Gurobi status: 2

Statistics for model Linearization Heuristic :
  Linear constraint matrix    : 16026 Constrs, 9360 Vars, 6321306 NZs
  Matrix coefficient range    : [ 1.00145e-13, 1 ]
  Objective coefficient range : [ 2.37302e-21, 1.16826e+08 ]
  Variable bound range        : [ 0.05, 1 ]
  RHS coefficient range       : [ 6.04624e-08, 0.294769 ]
Objective value for Line heur k = 0: 25760207.786752272
90
Actual reward of current solution: 54805886.108108826
Minimum Difference with past solutions:0.05.
Gurobi status: 2

Statistics for model Linearization Heuristic :
  Linear constraint matrix    : 16026 Constrs, 9360 Vars, 5999411 NZs
  Matrix coefficient range    : [ 1.00065e-13, 1 ]
  Objective coefficient range : [ 2.97491e-23, 1.16826e+08 ]
  Variable bound range        : [ 0.05, 1 ]
  RHS coefficient range       : [ 1.05664e-07, 0.293686 ]
Objective value for Line heur k = 0: 26456042.53238929
90
Actual reward of current solution: 54489030.85905015
Minimum Difference with past solutions:0.05.
Gurobi status: 2

Statistics for model Linearization Heuristic :
  Linear constraint matrix    : 16026 Constrs, 9360 Vars, 6321306 NZs
  Matrix coefficient range    : [ 1.00145e-13, 1 ]
  Objective coefficient range : [ 2.41143e-21, 1.16826e+08 ]
  Variable bound range        : [ 0.05, 1 ]
  RHS coefficient range       : [ 6.04624e-08, 0.294769 ]
Objective value for Line heur k = 0: 25886600.40863759
90
Actual reward of current solution: 54932293.90793931
Minimum Difference with past solutions:0.05.
Gurobi status: 2

Statistics for model Linearization Heuristic :
  Linear constraint matrix    : 16026 Constrs, 9360 Vars, 5999411 NZs
  Matrix coefficient range    : [ 1.00065e-13, 1 ]
  Objective coefficient range : [ 3.13624e-23, 1.16826e+08 ]
  Variable bound range        : [ 0.05, 1 ]
  RHS coefficient range       : [ 1.05664e-07, 0.293686 ]
Objective value for Line heur k = 0: 26519234.731119003
90
Actual reward of current solution: 54552234.042526536
Minimum Difference with past solutions:0.049999999999999684.
Gurobi status: 2

Statistics for model Linearization Heuristic :
  Linear constraint matrix    : 16026 Constrs, 9360 Vars, 6321306 NZs
  Matrix coefficient range    : [ 1.00145e-13, 1 ]
  Objective coefficient range : [ 2.43063e-21, 1.16826e+08 ]
  Variable bound range        : [ 0.05, 1 ]
  RHS coefficient range       : [ 6.04624e-08, 0.294769 ]
Objective value for Line heur k = 0: 25886593.534588702
90
Actual reward of current solution: 54932293.90793931
Minimum Difference with past solutions:0.0.
New solution equals old solution at k=0
89
Total Reward at the start of the inner iterations: 54932293.90793931
Gurobi status: 2

Statistics for model Linearization Heuristic :
  Linear constraint matrix    : 15915 Constrs, 9270 Vars, 5893668 NZs
  Matrix coefficient range    : [ 1.00065e-13, 1 ]
  Objective coefficient range : [ 3.13624e-23, 1.16826e+08 ]
  Variable bound range        : [ 0.05, 1 ]
  RHS coefficient range       : [ 1.48904e-07, 1 ]
Objective value for Line heur k = 1: 26388480.578326628
89
Actual reward of current solution: 54869909.151554026
Minimum Difference with past solutions:0.05.
Gurobi status: 2

Statistics for model Linearization Heuristic :
  Linear constraint matrix    : 15915 Constrs, 9270 Vars, 5959761 NZs
  Matrix coefficient range    : [ 1.00007e-13, 1 ]
  Objective coefficient range : [ 3.57871e-21, 1.16826e+08 ]
  Variable bound range        : [ 0.05, 1 ]
  RHS coefficient range       : [ 1.66168e-07, 1 ]
Objective value for Line heur k = 1: 26226516.663307298
89
Actual reward of current solution: 54932293.90793931
Minimum Difference with past solutions:0.0.
New solution equals old solution at k=1
88
Total Reward at the start of the inner iterations: 54932293.90793931
Gurobi status: 2

Statistics for model Linearization Heuristic :
  Linear constraint matrix    : 15750 Constrs, 9180 Vars, 5788916 NZs
  Matrix coefficient range    : [ 1.00065e-13, 1 ]
  Objective coefficient range : [ 3.13624e-23, 1.16826e+08 ]
  Variable bound range        : [ 0.05, 1 ]
  RHS coefficient range       : [ 1.56662e-07, 1 ]
Objective value for Line heur k = 2: 26333644.195113163
88
Actual reward of current solution: 54869909.151554026
Minimum Difference with past solutions:0.05.
Gurobi status: 2

Statistics for model Linearization Heuristic :
  Linear constraint matrix    : 15750 Constrs, 9180 Vars, 5855009 NZs
  Matrix coefficient range    : [ 1.00007e-13, 1 ]
  Objective coefficient range : [ 3.57871e-21, 1.16826e+08 ]
  Variable bound range        : [ 0.05, 1 ]
  RHS coefficient range       : [ 1.44253e-07, 1 ]
Objective value for Line heur k = 2: 26175124.417025696
88
Actual reward of current solution: 54932293.90793931
Minimum Difference with past solutions:0.0.
New solution equals old solution at k=2
87
Total Reward at the start of the inner iterations: 54932293.90793931
Gurobi status: 2

Statistics for model Linearization Heuristic :
  Linear constraint matrix    : 15585 Constrs, 9090 Vars, 5685209 NZs
  Matrix coefficient range    : [ 1.00065e-13, 1 ]
  Objective coefficient range : [ 3.13624e-23, 1.16826e+08 ]
  Variable bound range        : [ 0.05, 1 ]
  RHS coefficient range       : [ 1.55253e-07, 1 ]
Objective value for Line heur k = 3: 26275755.201684058
87
Actual reward of current solution: 54869909.151554026
Minimum Difference with past solutions:0.05.
Gurobi status: 2

Statistics for model Linearization Heuristic :
  Linear constraint matrix    : 15585 Constrs, 9090 Vars, 5751302 NZs
  Matrix coefficient range    : [ 1.00007e-13, 1 ]
  Objective coefficient range : [ 3.57871e-21, 1.16826e+08 ]
  Variable bound range        : [ 0.05, 1 ]
  RHS coefficient range       : [ 9.05407e-08, 1 ]
Objective value for Line heur k = 3: 26120937.75511243
87
Actual reward of current solution: 54932293.90793931
Minimum Difference with past solutions:0.0.
New solution equals old solution at k=3
86
Total Reward at the start of the inner iterations: 54932293.90793931
Gurobi status: 2

Statistics for model Linearization Heuristic :
  Linear constraint matrix    : 15420 Constrs, 9000 Vars, 5582547 NZs
  Matrix coefficient range    : [ 1.00065e-13, 1 ]
  Objective coefficient range : [ 3.13624e-23, 1.16826e+08 ]
  Variable bound range        : [ 0.05, 1 ]
  RHS coefficient range       : [ 1.48032e-07, 1 ]
Objective value for Line heur k = 4: 26211491.932375424
86
Actual reward of current solution: 54869909.151554026
Minimum Difference with past solutions:0.05.
Gurobi status: 2

Statistics for model Linearization Heuristic :
  Linear constraint matrix    : 15420 Constrs, 9000 Vars, 5648640 NZs
  Matrix coefficient range    : [ 1.00007e-13, 1 ]
  Objective coefficient range : [ 3.57871e-21, 1.16826e+08 ]
  Variable bound range        : [ 0.05, 1 ]
  RHS coefficient range       : [ 9.99563e-10, 1 ]
Objective value for Line heur k = 4: 26060547.311566636
86
Actual reward of current solution: 54932293.90793931
Minimum Difference with past solutions:0.0.
New solution equals old solution at k=4
85
Total Reward at the start of the inner iterations: 54932293.90793931
Gurobi status: 2

Statistics for model Linearization Heuristic :
  Linear constraint matrix    : 15255 Constrs, 8910 Vars, 5480930 NZs
  Matrix coefficient range    : [ 1.00065e-13, 1 ]
  Objective coefficient range : [ 3.13624e-23, 1.16826e+08 ]
  Variable bound range        : [ 0.05, 1 ]
  RHS coefficient range       : [ 1.52248e-07, 1 ]
Objective value for Line heur k = 5: 26139299.341368876
85
Actual reward of current solution: 54869909.151554026
Minimum Difference with past solutions:0.05.
Gurobi status: 2

Statistics for model Linearization Heuristic :
  Linear constraint matrix    : 15255 Constrs, 8910 Vars, 5547023 NZs
  Matrix coefficient range    : [ 1.00007e-13, 1 ]
  Objective coefficient range : [ 3.57871e-21, 1.16826e+08 ]
  Variable bound range        : [ 0.05, 1 ]
  RHS coefficient range       : [ 1.60178e-07, 1 ]
Objective value for Line heur k = 5: 25992336.336416848
85
Actual reward of current solution: 54932293.90793931
Minimum Difference with past solutions:0.0.
New solution equals old solution at k=5
84
Total Reward at the start of the inner iterations: 54932293.90793931
Gurobi status: 2

Statistics for model Linearization Heuristic :
  Linear constraint matrix    : 15090 Constrs, 8820 Vars, 5380358 NZs
  Matrix coefficient range    : [ 1.00065e-13, 1 ]
  Objective coefficient range : [ 3.13624e-23, 1.16826e+08 ]
  Variable bound range        : [ 0.05, 1 ]
  RHS coefficient range       : [ 1.1316e-08, 1 ]
Objective value for Line heur k = 6: 26058645.688622687
84
Actual reward of current solution: 54869909.151554026
Minimum Difference with past solutions:0.05.
Gurobi status: 2

Statistics for model Linearization Heuristic :
  Linear constraint matrix    : 15090 Constrs, 8820 Vars, 5446451 NZs
  Matrix coefficient range    : [ 1.00007e-13, 1 ]
  Objective coefficient range : [ 3.57871e-21, 1.16826e+08 ]
  Variable bound range        : [ 0.05, 1 ]
  RHS coefficient range       : [ 2.88421e-08, 1 ]
Objective value for Line heur k = 6: 25915727.680406056
84
Actual reward of current solution: 54932293.90793931
Minimum Difference with past solutions:0.0.
New solution equals old solution at k=6
83
Total Reward at the start of the inner iterations: 54932293.90793931
Gurobi status: 2

Statistics for model Linearization Heuristic :
  Linear constraint matrix    : 14925 Constrs, 8730 Vars, 5280831 NZs
  Matrix coefficient range    : [ 1.00065e-13, 1 ]
  Objective coefficient range : [ 3.13624e-23, 1.16826e+08 ]
  Variable bound range        : [ 0.05, 1 ]
  RHS coefficient range       : [ 1.09645e-07, 1 ]
Objective value for Line heur k = 7: 25969572.03763878
83
Actual reward of current solution: 54869909.151554026
Minimum Difference with past solutions:0.05.
Gurobi status: 2

Statistics for model Linearization Heuristic :
  Linear constraint matrix    : 14925 Constrs, 8730 Vars, 5346924 NZs
  Matrix coefficient range    : [ 1.00007e-13, 1 ]
  Objective coefficient range : [ 3.57871e-21, 1.16826e+08 ]
  Variable bound range        : [ 0.05, 1 ]
  RHS coefficient range       : [ 2.4247e-08, 1 ]
Objective value for Line heur k = 7: 25830726.245378625
83
Actual reward of current solution: 54932293.90793931
Minimum Difference with past solutions:0.0.
New solution equals old solution at k=7
82
Total Reward at the start of the inner iterations: 54932293.90793931
Gurobi status: 2

Statistics for model Linearization Heuristic :
  Linear constraint matrix    : 14760 Constrs, 8640 Vars, 5182349 NZs
  Matrix coefficient range    : [ 1.00065e-13, 1 ]
  Objective coefficient range : [ 3.13624e-23, 1.16826e+08 ]
  Variable bound range        : [ 0.05, 1 ]
  RHS coefficient range       : [ 1.12417e-07, 1 ]
Objective value for Line heur k = 8: 25872418.832691684
82
Actual reward of current solution: 54869909.151554026
Minimum Difference with past solutions:0.05.
Gurobi status: 2

Statistics for model Linearization Heuristic :
  Linear constraint matrix    : 14760 Constrs, 8640 Vars, 5248442 NZs
  Matrix coefficient range    : [ 1.00007e-13, 1 ]
  Objective coefficient range : [ 3.57871e-21, 1.16826e+08 ]
  Variable bound range        : [ 0.05, 1 ]
  RHS coefficient range       : [ 9.42396e-08, 1 ]
Objective value for Line heur k = 8: 25737640.010474257
82
Actual reward of current solution: 54932293.90793931
Minimum Difference with past solutions:0.0.
New solution equals old solution at k=8
81
Total Reward at the start of the inner iterations: 54932293.90793931
Gurobi status: 2

Statistics for model Linearization Heuristic :
  Linear constraint matrix    : 14595 Constrs, 8550 Vars, 5084912 NZs
  Matrix coefficient range    : [ 1.00065e-13, 1 ]
  Objective coefficient range : [ 3.13624e-23, 1.16826e+08 ]
  Variable bound range        : [ 0.05, 1 ]
  RHS coefficient range       : [ 1.45928e-07, 1 ]
Objective value for Line heur k = 9: 25767658.605573792
81
Actual reward of current solution: 54869909.151554026
Minimum Difference with past solutions:0.05.
Gurobi status: 2

Statistics for model Linearization Heuristic :
  Linear constraint matrix    : 14595 Constrs, 8550 Vars, 5151005 NZs
  Matrix coefficient range    : [ 1.00007e-13, 1 ]
  Objective coefficient range : [ 3.57871e-21, 1.16826e+08 ]
  Variable bound range        : [ 0.05, 1 ]
  RHS coefficient range       : [ 1.05695e-07, 1 ]
Objective value for Line heur k = 9: 25636907.77479448
81
Actual reward of current solution: 54932293.90793931
Minimum Difference with past solutions:0.0.
New solution equals old solution at k=9
80
Total Reward at the start of the inner iterations: 54932293.90793931
Gurobi status: 2

Statistics for model Linearization Heuristic :
  Linear constraint matrix    : 14430 Constrs, 8460 Vars, 4988520 NZs
  Matrix coefficient range    : [ 1.00065e-13, 1 ]
  Objective coefficient range : [ 3.13624e-23, 1.16826e+08 ]
  Variable bound range        : [ 0.05, 1 ]
  RHS coefficient range       : [ 9.69765e-08, 1 ]
Objective value for Line heur k = 10: 25655790.839742765
80
Actual reward of current solution: 54869909.151554026
Minimum Difference with past solutions:0.05.
Gurobi status: 2

Statistics for model Linearization Heuristic :
  Linear constraint matrix    : 14430 Constrs, 8460 Vars, 5054613 NZs
  Matrix coefficient range    : [ 1.00007e-13, 1 ]
  Objective coefficient range : [ 3.57871e-21, 1.16826e+08 ]
  Variable bound range        : [ 0.05, 1 ]
  RHS coefficient range       : [ 3.5005e-08, 1 ]
Objective value for Line heur k = 10: 25528988.83125146
80
Actual reward of current solution: 54932293.90793931
Minimum Difference with past solutions:0.0.
New solution equals old solution at k=10
79
Total Reward at the start of the inner iterations: 54932293.90793931
Gurobi status: 2

Statistics for model Linearization Heuristic :
  Linear constraint matrix    : 14265 Constrs, 8370 Vars, 4893173 NZs
  Matrix coefficient range    : [ 1.00065e-13, 1 ]
  Objective coefficient range : [ 3.13624e-23, 1.16826e+08 ]
  Variable bound range        : [ 0.05, 1 ]
  RHS coefficient range       : [ 2.81669e-08, 1 ]
Objective value for Line heur k = 11: 25537271.05921183
79
Actual reward of current solution: 54869909.151554026
Minimum Difference with past solutions:0.05.
Gurobi status: 2

Statistics for model Linearization Heuristic :
  Linear constraint matrix    : 14265 Constrs, 8370 Vars, 4959266 NZs
  Matrix coefficient range    : [ 1.00007e-13, 1 ]
  Objective coefficient range : [ 3.57871e-21, 1.16826e+08 ]
  Variable bound range        : [ 0.05, 1 ]
  RHS coefficient range       : [ 3.4605e-09, 1 ]
Objective value for Line heur k = 11: 25414285.785536148
79
Actual reward of current solution: 54932293.90793931
Minimum Difference with past solutions:0.0.
New solution equals old solution at k=11
78
Total Reward at the start of the inner iterations: 54932293.90793931
Gurobi status: 2

Statistics for model Linearization Heuristic :
  Linear constraint matrix    : 14100 Constrs, 8280 Vars, 4798871 NZs
  Matrix coefficient range    : [ 1.00065e-13, 1 ]
  Objective coefficient range : [ 3.13624e-23, 1.16826e+08 ]
  Variable bound range        : [ 0.05, 1 ]
  RHS coefficient range       : [ 4.46809e-08, 1 ]
Objective value for Line heur k = 12: 25412455.40834591
78
Actual reward of current solution: 54869909.151554026
Minimum Difference with past solutions:0.05.
Gurobi status: 2

Statistics for model Linearization Heuristic :
  Linear constraint matrix    : 14100 Constrs, 8280 Vars, 4864964 NZs
  Matrix coefficient range    : [ 1.00007e-13, 1 ]
  Objective coefficient range : [ 3.57871e-21, 1.16826e+08 ]
  Variable bound range        : [ 0.05, 1 ]
  RHS coefficient range       : [ 1.20295e-07, 1 ]
Objective value for Line heur k = 12: 25293080.748863943
78
Actual reward of current solution: 54932293.90793931
Minimum Difference with past solutions:0.0.
New solution equals old solution at k=12
77
Total Reward at the start of the inner iterations: 54932293.90793931
Gurobi status: 2

Statistics for model Linearization Heuristic :
  Linear constraint matrix    : 13935 Constrs, 8190 Vars, 4705614 NZs
  Matrix coefficient range    : [ 1.00065e-13, 1 ]
  Objective coefficient range : [ 3.13624e-23, 1.16826e+08 ]
  Variable bound range        : [ 0.05, 1 ]
  RHS coefficient range       : [ 1.21697e-07, 1 ]
Objective value for Line heur k = 13: 25281546.73472619
77
Actual reward of current solution: 54869909.151554026
Minimum Difference with past solutions:0.05.
Gurobi status: 2

Statistics for model Linearization Heuristic :
  Linear constraint matrix    : 13935 Constrs, 8190 Vars, 4771707 NZs
  Matrix coefficient range    : [ 1.00007e-13, 1 ]
  Objective coefficient range : [ 3.57871e-21, 1.16826e+08 ]
  Variable bound range        : [ 0.05, 1 ]
  RHS coefficient range       : [ 1.47039e-07, 1 ]
Objective value for Line heur k = 13: 25165469.51934201
77
Actual reward of current solution: 54932293.90793931
Minimum Difference with past solutions:0.0.
New solution equals old solution at k=13
76
Total Reward at the start of the inner iterations: 54932293.90793931
Gurobi status: 2

Statistics for model Linearization Heuristic :
  Linear constraint matrix    : 13770 Constrs, 8100 Vars, 4613456 NZs
  Matrix coefficient range    : [ 1.00065e-13, 1 ]
  Objective coefficient range : [ 3.13624e-23, 1.16826e+08 ]
  Variable bound range        : [ 0.05, 1 ]
  RHS coefficient range       : [ 6.35855e-08, 0.292289 ]
Objective value for Line heur k = 14: 25144529.7820826
76
Actual reward of current solution: 54869909.151554026
Minimum Difference with past solutions:0.05.
Gurobi status: 2

Statistics for model Linearization Heuristic :
  Linear constraint matrix    : 13770 Constrs, 8100 Vars, 4679549 NZs
  Matrix coefficient range    : [ 1.00007e-13, 1 ]
  Objective coefficient range : [ 3.57871e-21, 1.16826e+08 ]
  Variable bound range        : [ 0.05, 1 ]
  RHS coefficient range       : [ 3.22564e-08, 0.292464 ]
Objective value for Line heur k = 14: 25031279.364269603
76
Actual reward of current solution: 54932293.90793931
Minimum Difference with past solutions:0.0.
New solution equals old solution at k=14
75
Total Reward at the start of the inner iterations: 54932293.90793931
Gurobi status: 2

Statistics for model Linearization Heuristic :
  Linear constraint matrix    : 13659 Constrs, 8010 Vars, 4510591 NZs
  Matrix coefficient range    : [ 1.00065e-13, 1 ]
  Objective coefficient range : [ 3.13624e-23, 1.16826e+08 ]
  Variable bound range        : [ 0.05, 1 ]
  RHS coefficient range       : [ 6.84533e-08, 1 ]
Objective value for Line heur k = 15: 24931924.604398865
75
Actual reward of current solution: 54932293.90793931
Minimum Difference with past solutions:0.0.
New solution equals old solution at k=15
74
Total Reward at the start of the inner iterations: 54932293.90793931
Gurobi status: 2

Statistics for model Linearization Heuristic :
  Linear constraint matrix    : 13494 Constrs, 7920 Vars, 4408850 NZs
  Matrix coefficient range    : [ 1.00065e-13, 1 ]
  Objective coefficient range : [ 3.13624e-23, 1.16826e+08 ]
  Variable bound range        : [ 0.05, 1 ]
  RHS coefficient range       : [ 1.33814e-07, 1 ]
Objective value for Line heur k = 16: 24733479.793024056
74
Actual reward of current solution: 54932293.90793931
Minimum Difference with past solutions:0.0.
New solution equals old solution at k=16
73
Total Reward at the start of the inner iterations: 54932293.90793931
Gurobi status: 2

Statistics for model Linearization Heuristic :
  Linear constraint matrix    : 13329 Constrs, 7830 Vars, 4308287 NZs
  Matrix coefficient range    : [ 1.00065e-13, 1 ]
  Objective coefficient range : [ 3.13624e-23, 1.16826e+08 ]
  Variable bound range        : [ 0.05, 1 ]
  RHS coefficient range       : [ 1.31713e-07, 1 ]
Objective value for Line heur k = 17: 24529339.95803878
73
Actual reward of current solution: 54932293.90793931
Minimum Difference with past solutions:0.0.
New solution equals old solution at k=17
72
Total Reward at the start of the inner iterations: 54932293.90793931
Gurobi status: 2

Statistics for model Linearization Heuristic :
  Linear constraint matrix    : 13164 Constrs, 7740 Vars, 4208902 NZs
  Matrix coefficient range    : [ 1.00065e-13, 1 ]
  Objective coefficient range : [ 3.13624e-23, 1.16826e+08 ]
  Variable bound range        : [ 0.05, 1 ]
  RHS coefficient range       : [ 1.29644e-07, 1 ]
Objective value for Line heur k = 18: 24320575.343024034
72
Actual reward of current solution: 54932293.90793931
Minimum Difference with past solutions:0.0.
New solution equals old solution at k=18
71
Total Reward at the start of the inner iterations: 54932293.90793931
Gurobi status: 2

Statistics for model Linearization Heuristic :
  Linear constraint matrix    : 12999 Constrs, 7650 Vars, 4110695 NZs
  Matrix coefficient range    : [ 1.00065e-13, 1 ]
  Objective coefficient range : [ 3.13624e-23, 1.16826e+08 ]
  Variable bound range        : [ 0.05, 1 ]
  RHS coefficient range       : [ 3.09598e-08, 1 ]
Objective value for Line heur k = 19: 24107894.72445101
71
Actual reward of current solution: 54932293.90793931
Minimum Difference with past solutions:0.0.
New solution equals old solution at k=19
70
Total Reward at the start of the inner iterations: 54932293.90793931
Gurobi status: 2

Statistics for model Linearization Heuristic :
  Linear constraint matrix    : 12834 Constrs, 7560 Vars, 4013666 NZs
  Matrix coefficient range    : [ 1.00065e-13, 1 ]
  Objective coefficient range : [ 3.13624e-23, 1.16826e+08 ]
  Variable bound range        : [ 0.05, 1 ]
  RHS coefficient range       : [ 1.25553e-07, 1 ]
Objective value for Line heur k = 20: 23891792.725063268
70
Actual reward of current solution: 54932293.90793931
Minimum Difference with past solutions:0.0.
New solution equals old solution at k=20
69
Total Reward at the start of the inner iterations: 54932293.90793931
Gurobi status: 2

Statistics for model Linearization Heuristic :
  Linear constraint matrix    : 12669 Constrs, 7470 Vars, 3917815 NZs
  Matrix coefficient range    : [ 1.00065e-13, 1 ]
  Objective coefficient range : [ 3.13624e-23, 1.16826e+08 ]
  Variable bound range        : [ 0.05, 1 ]
  RHS coefficient range       : [ 1.2352e-07, 1 ]
Objective value for Line heur k = 21: 23672632.883995425
69
Actual reward of current solution: 54932293.90793931
Minimum Difference with past solutions:0.0.
New solution equals old solution at k=21
68
Total Reward at the start of the inner iterations: 54932293.90793931
Gurobi status: 2

Statistics for model Linearization Heuristic :
  Linear constraint matrix    : 12504 Constrs, 7380 Vars, 3823142 NZs
  Matrix coefficient range    : [ 1.00065e-13, 1 ]
  Objective coefficient range : [ 3.13624e-23, 1.16826e+08 ]
  Variable bound range        : [ 0.05, 1 ]
  RHS coefficient range       : [ 9.08078e-08, 1 ]
Objective value for Line heur k = 22: 23450693.926583607
68
Actual reward of current solution: 54932293.90793931
Minimum Difference with past solutions:0.0.
New solution equals old solution at k=22
67
Total Reward at the start of the inner iterations: 54932293.90793931
Gurobi status: 2

Statistics for model Linearization Heuristic :
  Linear constraint matrix    : 12339 Constrs, 7290 Vars, 3729647 NZs
  Matrix coefficient range    : [ 1.00065e-13, 1 ]
  Objective coefficient range : [ 3.13624e-23, 1.16826e+08 ]
  Variable bound range        : [ 0.05, 1 ]
  RHS coefficient range       : [ 5.68903e-08, 1 ]
Objective value for Line heur k = 23: 23226194.32988167
67
Actual reward of current solution: 54932293.90793931
Minimum Difference with past solutions:0.0.
New solution equals old solution at k=23
66
Total Reward at the start of the inner iterations: 54932293.90793931
Gurobi status: 2

Statistics for model Linearization Heuristic :
  Linear constraint matrix    : 12174 Constrs, 7200 Vars, 3637330 NZs
  Matrix coefficient range    : [ 1.00065e-13, 1 ]
  Objective coefficient range : [ 3.13624e-23, 1.16826e+08 ]
  Variable bound range        : [ 0.05, 1 ]
  RHS coefficient range       : [ 2.20504e-08, 1 ]
Objective value for Line heur k = 24: 22999303.09966785
66
Actual reward of current solution: 54932293.90793931
Minimum Difference with past solutions:0.0.
New solution equals old solution at k=24
65
Total Reward at the start of the inner iterations: 54932293.90793931
Gurobi status: 2

Statistics for model Linearization Heuristic :
  Linear constraint matrix    : 12009 Constrs, 7110 Vars, 3546191 NZs
  Matrix coefficient range    : [ 1.00065e-13, 1 ]
  Objective coefficient range : [ 3.13624e-23, 1.16826e+08 ]
  Variable bound range        : [ 0.05, 1 ]
  RHS coefficient range       : [ 5.5637e-09, 1 ]
Objective value for Line heur k = 25: 22770140.23411002
65
Actual reward of current solution: 54932293.90793931
Minimum Difference with past solutions:0.0.
New solution equals old solution at k=25
64
Total Reward at the start of the inner iterations: 54932293.90793931
Gurobi status: 2

Statistics for model Linearization Heuristic :
  Linear constraint matrix    : 11844 Constrs, 7020 Vars, 3456230 NZs
  Matrix coefficient range    : [ 1.00065e-13, 1 ]
  Objective coefficient range : [ 3.13624e-23, 1.16826e+08 ]
  Variable bound range        : [ 0.05, 1 ]
  RHS coefficient range       : [ 3.18218e-08, 1 ]
Objective value for Line heur k = 26: 22538767.175946493
64
Actual reward of current solution: 54932293.90793931
Minimum Difference with past solutions:0.0.
New solution equals old solution at k=26
63
Total Reward at the start of the inner iterations: 54932293.90793931
Gurobi status: 2

Statistics for model Linearization Heuristic :
  Linear constraint matrix    : 11679 Constrs, 6930 Vars, 3367447 NZs
  Matrix coefficient range    : [ 1.00065e-13, 1 ]
  Objective coefficient range : [ 3.13624e-23, 1.16826e+08 ]
  Variable bound range        : [ 0.05, 1 ]
  RHS coefficient range       : [ 1.10344e-08, 1 ]
Objective value for Line heur k = 27: 22305164.636208497
63
Actual reward of current solution: 54932293.90793931
Minimum Difference with past solutions:0.0.
New solution equals old solution at k=27
62
Total Reward at the start of the inner iterations: 54932293.90793931
Gurobi status: 2

Statistics for model Linearization Heuristic :
  Linear constraint matrix    : 11514 Constrs, 6840 Vars, 3279896 NZs
  Matrix coefficient range    : [ 1.00065e-13, 1 ]
  Objective coefficient range : [ 3.13624e-23, 1.16826e+08 ]
  Variable bound range        : [ 0.05, 1 ]
  RHS coefficient range       : [ 9.46302e-09, 0.291209 ]
Objective value for Line heur k = 28: 22069191.62541527
62
Actual reward of current solution: 54932293.90793931
Minimum Difference with past solutions:0.0.
New solution equals old solution at k=28
61
Total Reward at the start of the inner iterations: 54932293.90793931
Gurobi status: 2

Statistics for model Linearization Heuristic :
  Linear constraint matrix    : 11403 Constrs, 6750 Vars, 3189233 NZs
  Matrix coefficient range    : [ 1.00065e-13, 1 ]
  Objective coefficient range : [ 3.13624e-23, 1.16826e+08 ]
  Variable bound range        : [ 0.05, 1 ]
  RHS coefficient range       : [ 1.22074e-08, 1 ]
Objective value for Line heur k = 29: 21808265.116022382
61
Actual reward of current solution: 54932293.90793931
Minimum Difference with past solutions:0.0.
New solution equals old solution at k=29
60
Total Reward at the start of the inner iterations: 54932293.90793931
Gurobi status: 2

Statistics for model Linearization Heuristic :
  Linear constraint matrix    : 11238 Constrs, 6660 Vars, 3099751 NZs
  Matrix coefficient range    : [ 1.00065e-13, 1 ]
  Objective coefficient range : [ 3.13624e-23, 1.16826e+08 ]
  Variable bound range        : [ 0.05, 1 ]
  RHS coefficient range       : [ 1.60543e-08, 1 ]
Objective value for Line heur k = 30: 21544688.706544768
60
Actual reward of current solution: 54932293.90793931
Minimum Difference with past solutions:0.0.
New solution equals old solution at k=30
59
Total Reward at the start of the inner iterations: 54932293.90793931
Gurobi status: 2

Statistics for model Linearization Heuristic :
  Linear constraint matrix    : 11073 Constrs, 6570 Vars, 3011504 NZs
  Matrix coefficient range    : [ 1.00065e-13, 1 ]
  Objective coefficient range : [ 3.13624e-23, 1.16826e+08 ]
  Variable bound range        : [ 0.05, 1 ]
  RHS coefficient range       : [ 1.99948e-08, 1 ]
Objective value for Line heur k = 31: 21278894.24268948
59
Actual reward of current solution: 54932293.90793931
Minimum Difference with past solutions:0.0.
New solution equals old solution at k=31
58
Total Reward at the start of the inner iterations: 54932293.90793931
Gurobi status: 2

Statistics for model Linearization Heuristic :
  Linear constraint matrix    : 10908 Constrs, 6480 Vars, 2924492 NZs
  Matrix coefficient range    : [ 1.00065e-13, 1 ]
  Objective coefficient range : [ 3.13624e-23, 1.16826e+08 ]
  Variable bound range        : [ 0.05, 1 ]
  RHS coefficient range       : [ 2.35645e-08, 1 ]
Objective value for Line heur k = 32: 21011158.36475123
58
Actual reward of current solution: 54932293.90793931
Minimum Difference with past solutions:0.0.
New solution equals old solution at k=32
57
Total Reward at the start of the inner iterations: 54932293.90793931
Gurobi status: 2

Statistics for model Linearization Heuristic :
  Linear constraint matrix    : 10743 Constrs, 6390 Vars, 2838715 NZs
  Matrix coefficient range    : [ 1.00065e-13, 1 ]
  Objective coefficient range : [ 3.13624e-23, 1.16826e+08 ]
  Variable bound range        : [ 0.05, 1 ]
  RHS coefficient range       : [ 2.65812e-08, 1 ]
Objective value for Line heur k = 33: 20741669.008029513
57
Actual reward of current solution: 54932293.90793931
Minimum Difference with past solutions:0.0.
New solution equals old solution at k=33
56
Total Reward at the start of the inner iterations: 54932293.90793931
Gurobi status: 2

Statistics for model Linearization Heuristic :
  Linear constraint matrix    : 10578 Constrs, 6300 Vars, 2754173 NZs
  Matrix coefficient range    : [ 1.00065e-13, 1 ]
  Objective coefficient range : [ 3.13624e-23, 1.16826e+08 ]
  Variable bound range        : [ 0.05, 1 ]
  RHS coefficient range       : [ 2.90048e-08, 1 ]
Objective value for Line heur k = 34: 20470562.871175773
56
Actual reward of current solution: 54932293.90793931
Minimum Difference with past solutions:0.0.
New solution equals old solution at k=34
55
Total Reward at the start of the inner iterations: 54932293.90793931
Gurobi status: 2

Statistics for model Linearization Heuristic :
  Linear constraint matrix    : 10413 Constrs, 6210 Vars, 2670866 NZs
  Matrix coefficient range    : [ 1.00065e-13, 1 ]
  Objective coefficient range : [ 3.13624e-23, 1.16826e+08 ]
  Variable bound range        : [ 0.05, 1 ]
  RHS coefficient range       : [ 3.08632e-08, 1 ]
Objective value for Line heur k = 35: 20197946.565438896
55
Actual reward of current solution: 54932293.90793931
Minimum Difference with past solutions:0.0.
New solution equals old solution at k=35
54
Total Reward at the start of the inner iterations: 54932293.90793931
Gurobi status: 2

Statistics for model Linearization Heuristic :
  Linear constraint matrix    : 10248 Constrs, 6120 Vars, 2588794 NZs
  Matrix coefficient range    : [ 1.00065e-13, 1 ]
  Objective coefficient range : [ 3.13624e-23, 1.16826e+08 ]
  Variable bound range        : [ 0.05, 1 ]
  RHS coefficient range       : [ 3.22128e-08, 1 ]
Objective value for Line heur k = 36: 19923908.5769552
54
Actual reward of current solution: 54932293.90793931
Minimum Difference with past solutions:0.0.
New solution equals old solution at k=36
53
Total Reward at the start of the inner iterations: 54932293.90793931
Gurobi status: 2

Statistics for model Linearization Heuristic :
  Linear constraint matrix    : 10083 Constrs, 6030 Vars, 2507957 NZs
  Matrix coefficient range    : [ 1.00065e-13, 1 ]
  Objective coefficient range : [ 3.13624e-23, 1.16826e+08 ]
  Variable bound range        : [ 0.05, 1 ]
  RHS coefficient range       : [ 3.31195e-08, 1 ]
Objective value for Line heur k = 37: 19648526.04989659
53
Actual reward of current solution: 54932293.90793931
Minimum Difference with past solutions:0.0.
New solution equals old solution at k=37
52
Total Reward at the start of the inner iterations: 54932293.90793931
Gurobi status: 2

Statistics for model Linearization Heuristic :
  Linear constraint matrix    : 9918 Constrs, 5940 Vars, 2428355 NZs
  Matrix coefficient range    : [ 1.00065e-13, 1 ]
  Objective coefficient range : [ 3.13624e-23, 1.16826e+08 ]
  Variable bound range        : [ 0.05, 1 ]
  RHS coefficient range       : [ 3.36485e-08, 1 ]
Objective value for Line heur k = 38: 19371868.646294277
52
Actual reward of current solution: 54932293.90793931
Minimum Difference with past solutions:0.0.
New solution equals old solution at k=38
51
Total Reward at the start of the inner iterations: 54932293.90793931
Gurobi status: 2

Statistics for model Linearization Heuristic :
  Linear constraint matrix    : 9753 Constrs, 5850 Vars, 2349988 NZs
  Matrix coefficient range    : [ 1.00065e-13, 1 ]
  Objective coefficient range : [ 3.13624e-23, 1.16826e+08 ]
  Variable bound range        : [ 0.05, 1 ]
  RHS coefficient range       : [ 3.38599e-08, 1 ]
Objective value for Line heur k = 39: 19094000.75424511
51
Actual reward of current solution: 54932293.90793931
Minimum Difference with past solutions:0.0.
New solution equals old solution at k=39
50
Total Reward at the start of the inner iterations: 54932293.90793931
Gurobi status: 2

Statistics for model Linearization Heuristic :
  Linear constraint matrix    : 9588 Constrs, 5760 Vars, 2272856 NZs
  Matrix coefficient range    : [ 1.00065e-13, 1 ]
  Objective coefficient range : [ 3.13624e-23, 1.16826e+08 ]
  Variable bound range        : [ 0.05, 1 ]
  RHS coefficient range       : [ 3.38076e-08, 1 ]
Objective value for Line heur k = 40: 18814982.76247421
50
Actual reward of current solution: 54932293.90793931
Minimum Difference with past solutions:0.0.
New solution equals old solution at k=40
49
Total Reward at the start of the inner iterations: 54932293.90793931
Gurobi status: 2

Statistics for model Linearization Heuristic :
  Linear constraint matrix    : 9423 Constrs, 5670 Vars, 2196959 NZs
  Matrix coefficient range    : [ 1.00065e-13, 1 ]
  Objective coefficient range : [ 3.13624e-23, 1.16826e+08 ]
  Variable bound range        : [ 0.05, 1 ]
  RHS coefficient range       : [ 3.35383e-08, 1 ]
Objective value for Line heur k = 41: 18534871.80712079
49
Actual reward of current solution: 54932293.90793931
Minimum Difference with past solutions:0.0.
New solution equals old solution at k=41
48
Total Reward at the start of the inner iterations: 54932293.90793931
Gurobi status: 2

Statistics for model Linearization Heuristic :
  Linear constraint matrix    : 9258 Constrs, 5580 Vars, 2122351 NZs
  Matrix coefficient range    : [ 1.00065e-13, 1 ]
  Objective coefficient range : [ 3.13624e-23, 1.16826e+08 ]
  Variable bound range        : [ 0.05, 1 ]
  RHS coefficient range       : [ 3.30926e-08, 0.290598 ]
Objective value for Line heur k = 42: 18253722.22040174
48
Actual reward of current solution: 54932293.90793931
Minimum Difference with past solutions:0.0.
New solution equals old solution at k=42
47
Total Reward at the start of the inner iterations: 54932293.90793931
Gurobi status: 2

Statistics for model Linearization Heuristic :
  Linear constraint matrix    : 9147 Constrs, 5490 Vars, 2048978 NZs
  Matrix coefficient range    : [ 1.00065e-13, 1 ]
  Objective coefficient range : [ 3.13624e-23, 1.16826e+08 ]
  Variable bound range        : [ 0.05, 1 ]
  RHS coefficient range       : [ 3.25049e-08, 1 ]
Objective value for Line heur k = 43: 17971585.811160523
47
Actual reward of current solution: 54932293.90793931
Minimum Difference with past solutions:0.0.
New solution equals old solution at k=43
46
Total Reward at the start of the inner iterations: 54932293.90793931
Gurobi status: 2

Statistics for model Linearization Heuristic :
  Linear constraint matrix    : 8982 Constrs, 5400 Vars, 1976786 NZs
  Matrix coefficient range    : [ 1.00065e-13, 1 ]
  Objective coefficient range : [ 3.13624e-23, 1.16826e+08 ]
  Variable bound range        : [ 0.05, 1 ]
  RHS coefficient range       : [ 3.18048e-08, 1 ]
Objective value for Line heur k = 44: 17688512.05087849
46
Actual reward of current solution: 54932293.90793931
Minimum Difference with past solutions:0.0.
New solution equals old solution at k=44
45
Total Reward at the start of the inner iterations: 54932293.90793931
Gurobi status: 2

Statistics for model Linearization Heuristic :
  Linear constraint matrix    : 8817 Constrs, 5310 Vars, 1905829 NZs
  Matrix coefficient range    : [ 1.00065e-13, 1 ]
  Objective coefficient range : [ 3.13624e-23, 1.16826e+08 ]
  Variable bound range        : [ 0.05, 1 ]
  RHS coefficient range       : [ 3.1017e-08, 1 ]
Objective value for Line heur k = 45: 17404548.206729475
45
Actual reward of current solution: 54932293.90793931
Minimum Difference with past solutions:0.0.
New solution equals old solution at k=45
44
Total Reward at the start of the inner iterations: 54932293.90793931
Gurobi status: 2

Statistics for model Linearization Heuristic :
  Linear constraint matrix    : 8652 Constrs, 5220 Vars, 1836107 NZs
  Matrix coefficient range    : [ 1.00065e-13, 1 ]
  Objective coefficient range : [ 3.13624e-23, 1.16826e+08 ]
  Variable bound range        : [ 0.05, 1 ]
  RHS coefficient range       : [ 3.01627e-08, 1 ]
Objective value for Line heur k = 46: 17119739.44510437
44
Actual reward of current solution: 54932293.90793931
Minimum Difference with past solutions:0.0.
New solution equals old solution at k=46
43
Total Reward at the start of the inner iterations: 54932293.90793931
Gurobi status: 2

Statistics for model Linearization Heuristic :
  Linear constraint matrix    : 8487 Constrs, 5130 Vars, 1767620 NZs
  Matrix coefficient range    : [ 1.00065e-13, 1 ]
  Objective coefficient range : [ 3.13624e-23, 1.16826e+08 ]
  Variable bound range        : [ 0.05, 1 ]
  RHS coefficient range       : [ 2.92594e-08, 1 ]
Objective value for Line heur k = 47: 16834128.918727215
43
Actual reward of current solution: 54932293.90793931
Minimum Difference with past solutions:0.0.
New solution equals old solution at k=47
42
Total Reward at the start of the inner iterations: 54932293.90793931
Gurobi status: 2

Statistics for model Linearization Heuristic :
  Linear constraint matrix    : 8322 Constrs, 5040 Vars, 1700368 NZs
  Matrix coefficient range    : [ 1.00065e-13, 1 ]
  Objective coefficient range : [ 3.13624e-23, 1.16826e+08 ]
  Variable bound range        : [ 0.05, 1 ]
  RHS coefficient range       : [ 2.83221e-08, 1 ]
Objective value for Line heur k = 48: 16547757.844640214
42
Actual reward of current solution: 54932293.90793931
Minimum Difference with past solutions:0.0.
New solution equals old solution at k=48
41
Total Reward at the start of the inner iterations: 54932293.90793931
Gurobi status: 2

Statistics for model Linearization Heuristic :
  Linear constraint matrix    : 8157 Constrs, 4950 Vars, 1634351 NZs
  Matrix coefficient range    : [ 1.00065e-13, 1 ]
  Objective coefficient range : [ 3.13624e-23, 1.16826e+08 ]
  Variable bound range        : [ 0.05, 1 ]
  RHS coefficient range       : [ 2.73631e-08, 1 ]
Objective value for Line heur k = 49: 16260665.577030547
41
Actual reward of current solution: 54932293.90793931
Minimum Difference with past solutions:0.0.
New solution equals old solution at k=49
40
Total Reward at the start of the inner iterations: 54932293.90793931
Gurobi status: 2

Statistics for model Linearization Heuristic :
  Linear constraint matrix    : 7992 Constrs, 4860 Vars, 1569570 NZs
  Matrix coefficient range    : [ 1.00065e-13, 1 ]
  Objective coefficient range : [ 3.13624e-23, 1.16826e+08 ]
  Variable bound range        : [ 0.05, 1 ]
  RHS coefficient range       : [ 2.63928e-08, 1 ]
Objective value for Line heur k = 50: 15972889.677005652
40
Actual reward of current solution: 54932293.90793931
Minimum Difference with past solutions:0.0.
New solution equals old solution at k=50
39
Total Reward at the start of the inner iterations: 54932293.90793931
Gurobi status: 2

Statistics for model Linearization Heuristic :
  Linear constraint matrix    : 7827 Constrs, 4770 Vars, 1506024 NZs
  Matrix coefficient range    : [ 1.00065e-13, 1 ]
  Objective coefficient range : [ 3.13624e-23, 1.16826e+08 ]
  Variable bound range        : [ 0.05, 1 ]
  RHS coefficient range       : [ 2.54196e-08, 1 ]
Objective value for Line heur k = 51: 15684465.9803839
39
Actual reward of current solution: 54932293.90793931
Minimum Difference with past solutions:0.0.
New solution equals old solution at k=51
38
Total Reward at the start of the inner iterations: 54932293.90793931
Gurobi status: 2

Statistics for model Linearization Heuristic :
  Linear constraint matrix    : 7662 Constrs, 4680 Vars, 1443713 NZs
  Matrix coefficient range    : [ 1.00065e-13, 1 ]
  Objective coefficient range : [ 3.13624e-23, 1.16826e+08 ]
  Variable bound range        : [ 0.05, 1 ]
  RHS coefficient range       : [ 2.44506e-08, 1 ]
Objective value for Line heur k = 52: 15395428.663992595
38
Actual reward of current solution: 54932293.90793931
Minimum Difference with past solutions:0.0.
New solution equals old solution at k=52
37
Total Reward at the start of the inner iterations: 54932293.90793931
Gurobi status: 2

Statistics for model Linearization Heuristic :
  Linear constraint matrix    : 7497 Constrs, 4590 Vars, 1382637 NZs
  Matrix coefficient range    : [ 1.00065e-13, 1 ]
  Objective coefficient range : [ 3.13624e-23, 1.16826e+08 ]
  Variable bound range        : [ 0.05, 1 ]
  RHS coefficient range       : [ 2.34915e-08, 1 ]
Objective value for Line heur k = 53: 15105810.31065581
37
Actual reward of current solution: 54932293.90793931
Minimum Difference with past solutions:0.0.
New solution equals old solution at k=53
36
Total Reward at the start of the inner iterations: 54932293.90793931
Gurobi status: 2

Statistics for model Linearization Heuristic :
  Linear constraint matrix    : 7332 Constrs, 4500 Vars, 1322796 NZs
  Matrix coefficient range    : [ 1.00065e-13, 1 ]
  Objective coefficient range : [ 3.13624e-23, 1.16826e+08 ]
  Variable bound range        : [ 0.05, 1 ]
  RHS coefficient range       : [ 2.2547e-08, 1 ]
Objective value for Line heur k = 54: 14815641.972894644
36
Actual reward of current solution: 54932293.90793931
Minimum Difference with past solutions:0.0.
New solution equals old solution at k=54
35
Total Reward at the start of the inner iterations: 54932293.90793931
Gurobi status: 2

Statistics for model Linearization Heuristic :
  Linear constraint matrix    : 7167 Constrs, 4410 Vars, 1264190 NZs
  Matrix coefficient range    : [ 1.00065e-13, 1 ]
  Objective coefficient range : [ 3.13624e-23, 1.16826e+08 ]
  Variable bound range        : [ 0.05, 1 ]
  RHS coefficient range       : [ 2.16207e-08, 1 ]
Objective value for Line heur k = 55: 14524953.235286348
35
Actual reward of current solution: 54932293.90793931
Minimum Difference with past solutions:0.0.
New solution equals old solution at k=55
34
Total Reward at the start of the inner iterations: 54932293.90793931
Gurobi status: 2

Statistics for model Linearization Heuristic :
  Linear constraint matrix    : 7002 Constrs, 4320 Vars, 1206873 NZs
  Matrix coefficient range    : [ 1.00065e-13, 1 ]
  Objective coefficient range : [ 3.13624e-23, 1.16826e+08 ]
  Variable bound range        : [ 0.05, 1 ]
  RHS coefficient range       : [ 2.07156e-08, 0.290194 ]
Objective value for Line heur k = 56: 14233772.275398672
34
Actual reward of current solution: 54932293.90793931
Minimum Difference with past solutions:0.0.
New solution equals old solution at k=56
33
Total Reward at the start of the inner iterations: 54932293.90793931
Gurobi status: 2

Statistics for model Linearization Heuristic :
  Linear constraint matrix    : 6891 Constrs, 4230 Vars, 1150791 NZs
  Matrix coefficient range    : [ 1.00065e-13, 1 ]
  Objective coefficient range : [ 3.13624e-23, 1.16826e+08 ]
  Variable bound range        : [ 0.05, 1 ]
  RHS coefficient range       : [ 1.98339e-08, 1 ]
Objective value for Line heur k = 57: 13942125.923210522
33
Actual reward of current solution: 54932293.90793931
Minimum Difference with past solutions:0.0.
New solution equals old solution at k=57
32
Total Reward at the start of the inner iterations: 54932293.90793931
Gurobi status: 2

Statistics for model Linearization Heuristic :
  Linear constraint matrix    : 6726 Constrs, 4140 Vars, 1095891 NZs
  Matrix coefficient range    : [ 1.00065e-13, 1 ]
  Objective coefficient range : [ 3.13624e-23, 1.16826e+08 ]
  Variable bound range        : [ 0.05, 1 ]
  RHS coefficient range       : [ 1.89774e-08, 1 ]
Objective value for Line heur k = 58: 13650039.718937097
32
Actual reward of current solution: 54932293.90793931
Minimum Difference with past solutions:0.0.
New solution equals old solution at k=58
31
Total Reward at the start of the inner iterations: 54932293.90793931
Gurobi status: 2

Statistics for model Linearization Heuristic :
  Linear constraint matrix    : 6561 Constrs, 4050 Vars, 1042226 NZs
  Matrix coefficient range    : [ 1.00065e-13, 1 ]
  Objective coefficient range : [ 3.13624e-23, 1.16826e+08 ]
  Variable bound range        : [ 0.05, 1 ]
  RHS coefficient range       : [ 1.81472e-08, 1 ]
Objective value for Line heur k = 59: 13357537.969191512
31
Actual reward of current solution: 54932293.90793931
Minimum Difference with past solutions:0.0.
New solution equals old solution at k=59
30
Total Reward at the start of the inner iterations: 54932293.90793931
Gurobi status: 2

Statistics for model Linearization Heuristic :
  Linear constraint matrix    : 6396 Constrs, 3960 Vars, 989796 NZs
  Matrix coefficient range    : [ 1.00065e-13, 1 ]
  Objective coefficient range : [ 3.13624e-23, 1.16826e+08 ]
  Variable bound range        : [ 0.05, 1 ]
  RHS coefficient range       : [ 1.73443e-08, 1 ]
Objective value for Line heur k = 60: 13064643.801429547
30
Actual reward of current solution: 54932293.90793931
Minimum Difference with past solutions:0.0.
New solution equals old solution at k=60
29
Total Reward at the start of the inner iterations: 54932293.90793931
Gurobi status: 2

Statistics for model Linearization Heuristic :
  Linear constraint matrix    : 6231 Constrs, 3870 Vars, 938602 NZs
  Matrix coefficient range    : [ 1.00065e-13, 1 ]
  Objective coefficient range : [ 3.13624e-23, 1.16826e+08 ]
  Variable bound range        : [ 0.05, 1 ]
  RHS coefficient range       : [ 1.6569e-08, 1 ]
Objective value for Line heur k = 61: 12771379.21664059
29
Actual reward of current solution: 54932293.90793931
Minimum Difference with past solutions:0.0.
New solution equals old solution at k=61
28
Total Reward at the start of the inner iterations: 54932293.90793931
Gurobi status: 2

Statistics for model Linearization Heuristic :
  Linear constraint matrix    : 6066 Constrs, 3780 Vars, 888643 NZs
  Matrix coefficient range    : [ 1.00065e-13, 1 ]
  Objective coefficient range : [ 3.13624e-23, 1.16826e+08 ]
  Variable bound range        : [ 0.05, 1 ]
  RHS coefficient range       : [ 1.58216e-08, 1 ]
Objective value for Line heur k = 62: 12477765.140261514
28
Actual reward of current solution: 54932293.90793931
Minimum Difference with past solutions:0.0.
New solution equals old solution at k=62
27
Total Reward at the start of the inner iterations: 54932293.90793931
Gurobi status: 2

Statistics for model Linearization Heuristic :
  Linear constraint matrix    : 5901 Constrs, 3690 Vars, 839919 NZs
  Matrix coefficient range    : [ 1.00065e-13, 1 ]
  Objective coefficient range : [ 3.13624e-23, 1.16826e+08 ]
  Variable bound range        : [ 0.05, 1 ]
  RHS coefficient range       : [ 1.51022e-08, 1 ]
Objective value for Line heur k = 63: 12183821.471304407
27
Actual reward of current solution: 54932293.90793931
Minimum Difference with past solutions:0.0.
New solution equals old solution at k=63
26
Total Reward at the start of the inner iterations: 54932293.90793931
Gurobi status: 2

Statistics for model Linearization Heuristic :
  Linear constraint matrix    : 5736 Constrs, 3600 Vars, 792430 NZs
  Matrix coefficient range    : [ 1.00065e-13, 1 ]
  Objective coefficient range : [ 3.13624e-23, 1.16826e+08 ]
  Variable bound range        : [ 0.05, 1 ]
  RHS coefficient range       : [ 1.44105e-08, 1 ]
Objective value for Line heur k = 64: 11889567.129700035
26
Actual reward of current solution: 54932293.90793931
Minimum Difference with past solutions:0.0.
New solution equals old solution at k=64
25
Total Reward at the start of the inner iterations: 54932293.90793931
Gurobi status: 2

Statistics for model Linearization Heuristic :
  Linear constraint matrix    : 5571 Constrs, 3510 Vars, 746176 NZs
  Matrix coefficient range    : [ 1.00065e-13, 1 ]
  Objective coefficient range : [ 3.13624e-23, 1.16826e+08 ]
  Variable bound range        : [ 0.05, 1 ]
  RHS coefficient range       : [ 1.37461e-08, 1 ]
Objective value for Line heur k = 65: 11595020.101869516
25
Actual reward of current solution: 54932293.90793931
Minimum Difference with past solutions:0.0.
New solution equals old solution at k=65
24
Total Reward at the start of the inner iterations: 54932293.90793931
Gurobi status: 2

Statistics for model Linearization Heuristic :
  Linear constraint matrix    : 5406 Constrs, 3420 Vars, 701157 NZs
  Matrix coefficient range    : [ 1.00065e-13, 1 ]
  Objective coefficient range : [ 3.13624e-23, 1.16826e+08 ]
  Variable bound range        : [ 0.05, 1 ]
  RHS coefficient range       : [ 1.31087e-08, 1 ]
Objective value for Line heur k = 66: 11300197.484545272
24
Actual reward of current solution: 54932293.90793931
Minimum Difference with past solutions:0.0.
New solution equals old solution at k=66
23
Total Reward at the start of the inner iterations: 54932293.90793931
Gurobi status: 2

Statistics for model Linearization Heuristic :
  Linear constraint matrix    : 5241 Constrs, 3330 Vars, 657373 NZs
  Matrix coefficient range    : [ 1.00065e-13, 1 ]
  Objective coefficient range : [ 3.13624e-23, 1.16826e+08 ]
  Variable bound range        : [ 0.05, 1 ]
  RHS coefficient range       : [ 1.24977e-08, 1 ]
Objective value for Line heur k = 67: 11005115.526869476
23
Actual reward of current solution: 54932293.90793931
Minimum Difference with past solutions:0.0.
New solution equals old solution at k=67
22
Total Reward at the start of the inner iterations: 54932293.90793931
Gurobi status: 2

Statistics for model Linearization Heuristic :
  Linear constraint matrix    : 5076 Constrs, 3240 Vars, 614824 NZs
  Matrix coefficient range    : [ 1.00065e-13, 1 ]
  Objective coefficient range : [ 3.13624e-23, 1.16826e+08 ]
  Variable bound range        : [ 0.05, 1 ]
  RHS coefficient range       : [ 1.19124e-08, 1 ]
Objective value for Line heur k = 68: 10709789.670805108
22
Actual reward of current solution: 54932293.90793931
Minimum Difference with past solutions:0.0.
New solution equals old solution at k=68
21
Total Reward at the start of the inner iterations: 54932293.90793931
Gurobi status: 2

Statistics for model Linearization Heuristic :
  Linear constraint matrix    : 4911 Constrs, 3150 Vars, 573511 NZs
  Matrix coefficient range    : [ 1.00065e-13, 1 ]
  Objective coefficient range : [ 3.13624e-23, 1.16826e+08 ]
  Variable bound range        : [ 0.05, 1 ]
  RHS coefficient range       : [ 1.13522e-08, 1 ]
Objective value for Line heur k = 69: 10414234.58989972
21
Actual reward of current solution: 54932293.90793931
Minimum Difference with past solutions:0.0.
New solution equals old solution at k=69
20
Total Reward at the start of the inner iterations: 54932293.90793931
Gurobi status: 2

Statistics for model Linearization Heuristic :
  Linear constraint matrix    : 4746 Constrs, 3060 Vars, 533487 NZs
  Matrix coefficient range    : [ 1.00065e-13, 1 ]
  Objective coefficient range : [ 3.13624e-23, 1.16826e+08 ]
  Variable bound range        : [ 0.05, 1 ]
  RHS coefficient range       : [ 1.08163e-08, 0.289963 ]
Objective value for Line heur k = 70: 10118464.226447485
20
Actual reward of current solution: 54932293.90793931
Minimum Difference with past solutions:0.0.
New solution equals old solution at k=70
19
Total Reward at the start of the inner iterations: 54932293.90793931
Gurobi status: 2

Statistics for model Linearization Heuristic :
  Linear constraint matrix    : 4635 Constrs, 2970 Vars, 494699 NZs
  Matrix coefficient range    : [ 1.00065e-13, 1 ]
  Objective coefficient range : [ 3.13624e-23, 1.16826e+08 ]
  Variable bound range        : [ 0.05, 1 ]
  RHS coefficient range       : [ 1.03039e-08, 1 ]
Objective value for Line heur k = 71: 9822491.827100072
19
Actual reward of current solution: 54932293.90793931
Minimum Difference with past solutions:0.0.
New solution equals old solution at k=71
18
Total Reward at the start of the inner iterations: 54932293.90793931
Gurobi status: 2

Statistics for model Linearization Heuristic :
  Linear constraint matrix    : 4470 Constrs, 2880 Vars, 457093 NZs
  Matrix coefficient range    : [ 1.00065e-13, 1 ]
  Objective coefficient range : [ 3.13624e-23, 1.16826e+08 ]
  Variable bound range        : [ 0.05, 1 ]
  RHS coefficient range       : [ 9.81426e-09, 1 ]
Objective value for Line heur k = 72: 9526329.976983085
18
Actual reward of current solution: 54932293.90793931
Minimum Difference with past solutions:0.0.
New solution equals old solution at k=72
17
Total Reward at the start of the inner iterations: 54932293.90793931
Gurobi status: 2

Statistics for model Linearization Heuristic :
  Linear constraint matrix    : 4305 Constrs, 2790 Vars, 420723 NZs
  Matrix coefficient range    : [ 1.00065e-13, 1 ]
  Objective coefficient range : [ 3.13624e-23, 1.16826e+08 ]
  Variable bound range        : [ 0.05, 1 ]
  RHS coefficient range       : [ 9.3466e-09, 1 ]
Objective value for Line heur k = 73: 9229990.63238249
17
Actual reward of current solution: 54932293.90793931
Minimum Difference with past solutions:0.0.
New solution equals old solution at k=73
16
Total Reward at the start of the inner iterations: 54932293.90793931
Gurobi status: 2

Statistics for model Linearization Heuristic :
  Linear constraint matrix    : 4140 Constrs, 2700 Vars, 385590 NZs
  Matrix coefficient range    : [ 1.00065e-13, 1 ]
  Objective coefficient range : [ 3.13624e-23, 1.16826e+08 ]
  Variable bound range        : [ 0.05, 1 ]
  RHS coefficient range       : [ 8.9001e-09, 1 ]
Objective value for Line heur k = 74: 8933485.152078759
16
Actual reward of current solution: 54932293.90793931
Minimum Difference with past solutions:0.0.
New solution equals old solution at k=74
15
Total Reward at the start of the inner iterations: 54932293.90793931
Gurobi status: 2

Statistics for model Linearization Heuristic :
  Linear constraint matrix    : 3975 Constrs, 2610 Vars, 351693 NZs
  Matrix coefficient range    : [ 1.00065e-13, 1 ]
  Objective coefficient range : [ 3.13624e-23, 1.16826e+08 ]
  Variable bound range        : [ 0.05, 1 ]
  RHS coefficient range       : [ 8.47396e-09, 1 ]
Objective value for Line heur k = 75: 8636824.327425329
15
Actual reward of current solution: 54932293.90793931
Minimum Difference with past solutions:0.0.
New solution equals old solution at k=75
14
Total Reward at the start of the inner iterations: 54932293.90793931
Gurobi status: 2

Statistics for model Linearization Heuristic :
  Linear constraint matrix    : 3810 Constrs, 2520 Vars, 319031 NZs
  Matrix coefficient range    : [ 1.00065e-13, 1 ]
  Objective coefficient range : [ 3.13624e-23, 1.16826e+08 ]
  Variable bound range        : [ 0.05, 1 ]
  RHS coefficient range       : [ 6.63432e-09, 1 ]
Objective value for Line heur k = 76: 8340018.411303755
14
Actual reward of current solution: 54932293.90793931
Minimum Difference with past solutions:0.0.
New solution equals old solution at k=76
13
Total Reward at the start of the inner iterations: 54932293.90793931
Gurobi status: 2

Statistics for model Linearization Heuristic :
  Linear constraint matrix    : 3645 Constrs, 2430 Vars, 287604 NZs
  Matrix coefficient range    : [ 1.00065e-13, 1 ]
  Objective coefficient range : [ 3.13624e-23, 1.16826e+08 ]
  Variable bound range        : [ 0.05, 1 ]
  RHS coefficient range       : [ 1.27172e-09, 1 ]
Objective value for Line heur k = 77: 8043077.146145501
13
Actual reward of current solution: 54932293.90793931
Minimum Difference with past solutions:0.0.
New solution equals old solution at k=77
12
Total Reward at the start of the inner iterations: 54932293.90793931
Gurobi status: 2

Statistics for model Linearization Heuristic :
  Linear constraint matrix    : 3480 Constrs, 2340 Vars, 257414 NZs
  Matrix coefficient range    : [ 1.00065e-13, 1 ]
  Objective coefficient range : [ 3.13624e-23, 1.16826e+08 ]
  Variable bound range        : [ 0.05, 1 ]
  RHS coefficient range       : [ 1.46086e-09, 1 ]
Objective value for Line heur k = 78: 7746009.791312643
12
Actual reward of current solution: 54932293.90793931
Minimum Difference with past solutions:0.0.
New solution equals old solution at k=78
11
Total Reward at the start of the inner iterations: 54932293.90793931
Gurobi status: 2

Statistics for model Linearization Heuristic :
  Linear constraint matrix    : 3315 Constrs, 2250 Vars, 228459 NZs
  Matrix coefficient range    : [ 1.00065e-13, 1 ]
  Objective coefficient range : [ 3.13624e-23, 1.16826e+08 ]
  Variable bound range        : [ 0.05, 1 ]
  RHS coefficient range       : [ 7.59428e-11, 1 ]
Objective value for Line heur k = 79: 7448825.15030633
11
Actual reward of current solution: 54932293.90793931
Minimum Difference with past solutions:0.0.
New solution equals old solution at k=79
10
Total Reward at the start of the inner iterations: 54932293.90793931
Gurobi status: 2

Statistics for model Linearization Heuristic :
  Linear constraint matrix    : 3150 Constrs, 2160 Vars, 200740 NZs
  Matrix coefficient range    : [ 1.00065e-13, 1 ]
  Objective coefficient range : [ 3.13624e-23, 1.16826e+08 ]
  Variable bound range        : [ 0.05, 1 ]
  RHS coefficient range       : [ 1.94266e-09, 1 ]
Objective value for Line heur k = 80: 7151531.598577418
10
Actual reward of current solution: 54932293.90793931
Minimum Difference with past solutions:0.0.
New solution equals old solution at k=80
9
Total Reward at the start of the inner iterations: 54932293.90793931
Gurobi status: 2

Statistics for model Linearization Heuristic :
  Linear constraint matrix    : 2985 Constrs, 2070 Vars, 174256 NZs
  Matrix coefficient range    : [ 1.00065e-13, 1 ]
  Objective coefficient range : [ 3.13624e-23, 1.16826e+08 ]
  Variable bound range        : [ 0.05, 1 ]
  RHS coefficient range       : [ 4.09282e-09, 1 ]
Objective value for Line heur k = 81: 6854137.113244871
9
Actual reward of current solution: 54932293.90793931
Minimum Difference with past solutions:0.0.
New solution equals old solution at k=81
8
Total Reward at the start of the inner iterations: 54932293.90793931
Gurobi status: 2

Statistics for model Linearization Heuristic :
  Linear constraint matrix    : 2820 Constrs, 1980 Vars, 149009 NZs
  Matrix coefficient range    : [ 1.00065e-13, 1 ]
  Objective coefficient range : [ 3.13624e-23, 1.16826e+08 ]
  Variable bound range        : [ 0.05, 1 ]
  RHS coefficient range       : [ 6.24917e-09, 1 ]
Objective value for Line heur k = 82: 6556649.306947261
8
Actual reward of current solution: 54932293.90793931
Minimum Difference with past solutions:0.0.
New solution equals old solution at k=82
7
Total Reward at the start of the inner iterations: 54932293.90793931
Gurobi status: 2

Statistics for model Linearization Heuristic :
  Linear constraint matrix    : 2655 Constrs, 1890 Vars, 124998 NZs
  Matrix coefficient range    : [ 1.00065e-13, 1 ]
  Objective coefficient range : [ 3.13624e-23, 1.16826e+08 ]
  Variable bound range        : [ 0.05, 1 ]
  RHS coefficient range       : [ 8.41624e-09, 1 ]
Objective value for Line heur k = 83: 6259075.469647864
7
Actual reward of current solution: 54932293.90793931
Minimum Difference with past solutions:0.0.
New solution equals old solution at k=83
6
Total Reward at the start of the inner iterations: 54932293.90793931
Gurobi status: 2

Statistics for model Linearization Heuristic :
  Linear constraint matrix    : 2490 Constrs, 1800 Vars, 102278 NZs
  Matrix coefficient range    : [ 1.00065e-13, 1 ]
  Objective coefficient range : [ 3.13624e-23, 1.16826e+08 ]
  Variable bound range        : [ 0.05, 1 ]
  RHS coefficient range       : [ 1.06019e-08, 0.289828 ]
Objective value for Line heur k = 84: 5961422.624978459
6
Actual reward of current solution: 54932293.90793931
Minimum Difference with past solutions:0.0.
New solution equals old solution at k=84
5
Total Reward at the start of the inner iterations: 54932293.90793931
Gurobi status: 2

Statistics for model Linearization Heuristic :
  Linear constraint matrix    : 2379 Constrs, 1710 Vars, 80799 NZs
  Matrix coefficient range    : [ 1.00065e-13, 1 ]
  Objective coefficient range : [ 3.13624e-23, 1.16826e+08 ]
  Variable bound range        : [ 0.05, 1 ]
  RHS coefficient range       : [ 1.28196e-08, 1 ]
Objective value for Line heur k = 85: 5663697.612497639
5
Actual reward of current solution: 54932293.90793931
Minimum Difference with past solutions:0.0.
New solution equals old solution at k=85
4
Total Reward at the start of the inner iterations: 54932293.90793931
Gurobi status: 2

Statistics for model Linearization Heuristic :
  Linear constraint matrix    : 2214 Constrs, 1620 Vars, 60516 NZs
  Matrix coefficient range    : [ 1.00065e-13, 1 ]
  Objective coefficient range : [ 3.13624e-23, 1.16826e+08 ]
  Variable bound range        : [ 0.05, 1 ]
  RHS coefficient range       : [ 1.50931e-08, 1 ]
Objective value for Line heur k = 86: 5365907.215541221
4
Actual reward of current solution: 54932293.90793931
Minimum Difference with past solutions:0.0.
New solution equals old solution at k=86
3
Total Reward at the start of the inner iterations: 54932293.90793931
Gurobi status: 2

Statistics for model Linearization Heuristic :
  Linear constraint matrix    : 2049 Constrs, 1530 Vars, 41512 NZs
  Matrix coefficient range    : [ 1.00065e-13, 1 ]
  Objective coefficient range : [ 3.13624e-23, 1.16826e+08 ]
  Variable bound range        : [ 0.05, 1 ]
  RHS coefficient range       : [ 1.7463e-08, 1 ]
Objective value for Line heur k = 87: 5068058.368727947
3
Actual reward of current solution: 54932293.90793931
Minimum Difference with past solutions:0.0.
New solution equals old solution at k=87
2
Total Reward at the start of the inner iterations: 54932293.90793931
Gurobi status: 2

Statistics for model Linearization Heuristic :
  Linear constraint matrix    : 1884 Constrs, 1440 Vars, 23931 NZs
  Matrix coefficient range    : [ 1.21035e-13, 1 ]
  Objective coefficient range : [ 3.13624e-23, 1.16826e+08 ]
  Variable bound range        : [ 0.05, 1 ]
  RHS coefficient range       : [ 2.00001e-08, 1 ]
Objective value for Line heur k = 88: 4770158.504108956
2
Actual reward of current solution: 54932293.90793931
Minimum Difference with past solutions:0.0.
New solution equals old solution at k=88
1
Total Reward at the start of the inner iterations: 54932293.90793931
Gurobi status: 2

Statistics for model Linearization Heuristic :
  Linear constraint matrix    : 1719 Constrs, 1350 Vars, 11838 NZs
  Matrix coefficient range    : [ 1.42534e-13, 1 ]
  Objective coefficient range : [ 6.93889e-18, 1.16826e+08 ]
  Variable bound range        : [ 0.05, 1 ]
  RHS coefficient range       : [ 2.28267e-08, 1 ]
Objective value for Line heur k = 89: 4472216.1381389005
1
Actual reward of current solution: 54932293.90793931
Minimum Difference with past solutions:0.0.
New solution equals old solution at k=89
0
Total Reward at the start of the inner iterations: 54932293.90793931
Gurobi status: 2

Statistics for model Linearization Heuristic :
  Linear constraint matrix    : 1554 Constrs, 1260 Vars, 2709 NZs
  Matrix coefficient range    : [ 0.288979, 1 ]
  Objective coefficient range : [ 6.93889e-18, 1.16826e+08 ]
  Variable bound range        : [ 0.05, 1 ]
  RHS coefficient range       : [ 2.61551e-08, 0.289792 ]
Objective value for Line heur k = 90: 4174241.876477948
0
Actual reward of current solution: 54932293.90793931
Minimum Difference with past solutions:0.0.
New solution equals old solution at k=90
0
Total Reward at the start of the inner iterations: 54932293.90793931
Gurobi status: 2

Statistics for model Linearization Heuristic :
  Linear constraint matrix    : 1443 Constrs, 1170 Vars, 2457 NZs
  Matrix coefficient range    : [ 0.317935, 1 ]
  Objective coefficient range : [ 6.93889e-18, 1.16826e+08 ]
  Variable bound range        : [ 0.05, 1 ]
  RHS coefficient range       : [ 2.61551e-08, 0.289792 ]
Objective value for Line heur k = 91: 3876081.692066997
0
Actual reward of current solution: 54932293.90793931
Minimum Difference with past solutions:0.0.
New solution equals old solution at k=91
0
Total Reward at the start of the inner iterations: 54932293.90793931
Gurobi status: 2

Statistics for model Linearization Heuristic :
  Linear constraint matrix    : 1332 Constrs, 1080 Vars, 2214 NZs
  Matrix coefficient range    : [ 0.349792, 1 ]
  Objective coefficient range : [ 6.93889e-18, 1.16826e+08 ]
  Variable bound range        : [ 0.05, 1 ]
  RHS coefficient range       : [ 2.61551e-08, 0.289792 ]
Objective value for Line heur k = 92: 3577921.519194978
0
Actual reward of current solution: 54932293.90793931
Minimum Difference with past solutions:0.0.
New solution equals old solution at k=92
0
Total Reward at the start of the inner iterations: 54932293.90793931
Gurobi status: 2

Statistics for model Linearization Heuristic :
  Linear constraint matrix    : 1221 Constrs, 990 Vars, 1980 NZs
  Matrix coefficient range    : [ 0.384842, 1 ]
  Objective coefficient range : [ 6.93889e-18, 1.16826e+08 ]
  Variable bound range        : [ 0.05, 1 ]
  RHS coefficient range       : [ 2.61551e-08, 0.289792 ]
Objective value for Line heur k = 93: 3279761.3572978354
0
Actual reward of current solution: 54932293.90793931
Minimum Difference with past solutions:0.0.
New solution equals old solution at k=93
0
Total Reward at the start of the inner iterations: 54932293.90793931
Gurobi status: 2

Statistics for model Linearization Heuristic :
  Linear constraint matrix    : 1110 Constrs, 900 Vars, 1755 NZs
  Matrix coefficient range    : [ 0.423403, 1 ]
  Objective coefficient range : [ 6.93889e-18, 1.16826e+08 ]
  Variable bound range        : [ 0.05, 1 ]
  RHS coefficient range       : [ 2.61551e-08, 0.289792 ]
Objective value for Line heur k = 94: 2981601.2053723815
0
Actual reward of current solution: 54932293.90793931
Minimum Difference with past solutions:0.0.
New solution equals old solution at k=94
0
Total Reward at the start of the inner iterations: 54932293.90793931
Gurobi status: 2

Statistics for model Linearization Heuristic :
  Linear constraint matrix    : 999 Constrs, 810 Vars, 1539 NZs
  Matrix coefficient range    : [ 0.465828, 1 ]
  Objective coefficient range : [ 6.93889e-18, 1.16826e+08 ]
  Variable bound range        : [ 0.05, 1 ]
  RHS coefficient range       : [ 2.61551e-08, 0.289792 ]
Objective value for Line heur k = 95: 2683441.0622310704
0
Actual reward of current solution: 54932293.90793931
Minimum Difference with past solutions:0.0.
New solution equals old solution at k=95
0
Total Reward at the start of the inner iterations: 54932293.90793931
Gurobi status: 2

Statistics for model Linearization Heuristic :
  Linear constraint matrix    : 888 Constrs, 720 Vars, 1332 NZs
  Matrix coefficient range    : [ 0.512504, 1 ]
  Objective coefficient range : [ 6.93889e-18, 1.16826e+08 ]
  Variable bound range        : [ 0.05, 1 ]
  RHS coefficient range       : [ 2.61551e-08, 0.289792 ]
Objective value for Line heur k = 96: 2385280.9266569032
0
Actual reward of current solution: 54932293.90793931
Minimum Difference with past solutions:0.0.
New solution equals old solution at k=96
0
Total Reward at the start of the inner iterations: 54932293.90793931
Gurobi status: 2

Statistics for model Linearization Heuristic :
  Linear constraint matrix    : 777 Constrs, 630 Vars, 1134 NZs
  Matrix coefficient range    : [ 0.563857, 1 ]
  Objective coefficient range : [ 6.93889e-18, 1.16826e+08 ]
  Variable bound range        : [ 0.05, 1 ]
  RHS coefficient range       : [ 2.61551e-08, 0.289792 ]
Objective value for Line heur k = 97: 2087120.7974923817
0
Actual reward of current solution: 54932293.90793931
Minimum Difference with past solutions:0.0.
New solution equals old solution at k=97
0
Total Reward at the start of the inner iterations: 54932293.90793931
Gurobi status: 2

Statistics for model Linearization Heuristic :
  Linear constraint matrix    : 666 Constrs, 540 Vars, 945 NZs
  Matrix coefficient range    : [ 0.620356, 1 ]
  Objective coefficient range : [ 6.93889e-18, 1.16826e+08 ]
  Variable bound range        : [ 0.05, 1 ]
  RHS coefficient range       : [ 2.61551e-08, 0.289792 ]
Objective value for Line heur k = 98: 1788960.6736857968
0
Actual reward of current solution: 54932293.90793931
Minimum Difference with past solutions:0.0.
New solution equals old solution at k=98
0
Total Reward at the start of the inner iterations: 54932293.90793931
Gurobi status: 2

Statistics for model Linearization Heuristic :
  Linear constraint matrix    : 555 Constrs, 450 Vars, 765 NZs
  Matrix coefficient range    : [ 0.682516, 1 ]
  Objective coefficient range : [ 6.93889e-18, 1.16826e+08 ]
  Variable bound range        : [ 0.05, 1 ]
  RHS coefficient range       : [ 2.61551e-08, 0.289792 ]
Objective value for Line heur k = 99: 1490800.5543107009
0
Actual reward of current solution: 54932293.90793931
Minimum Difference with past solutions:0.0.
New solution equals old solution at k=99
0
Total Reward at the start of the inner iterations: 54932293.90793931
Gurobi status: 2

Statistics for model Linearization Heuristic :
  Linear constraint matrix    : 444 Constrs, 360 Vars, 594 NZs
  Matrix coefficient range    : [ 0.750904, 1 ]
  Objective coefficient range : [ 6.93889e-18, 1.16826e+08 ]
  Variable bound range        : [ 0.05, 1 ]
  RHS coefficient range       : [ 2.61551e-08, 0.289792 ]
Objective value for Line heur k = 100: 1192640.4385689977
0
Actual reward of current solution: 54932293.90793931
Minimum Difference with past solutions:0.0.
New solution equals old solution at k=100
0
Total Reward at the start of the inner iterations: 54932293.90793931
Gurobi status: 2

Statistics for model Linearization Heuristic :
  Linear constraint matrix    : 333 Constrs, 270 Vars, 432 NZs
  Matrix coefficient range    : [ 0.826145, 1 ]
  Objective coefficient range : [ 6.93889e-18, 1.16826e+08 ]
  Variable bound range        : [ 0.05, 1 ]
  RHS coefficient range       : [ 2.61551e-08, 0.289792 ]
Objective value for Line heur k = 101: 894480.3257846707
0
Actual reward of current solution: 54932293.90793931
Minimum Difference with past solutions:0.0.
New solution equals old solution at k=101
0
Total Reward at the start of the inner iterations: 54932293.90793931
Gurobi status: 2

Statistics for model Linearization Heuristic :
  Linear constraint matrix    : 222 Constrs, 180 Vars, 279 NZs
  Matrix coefficient range    : [ 0.908925, 1 ]
  Objective coefficient range : [ 6.75724e-05, 1.16826e+08 ]
  Variable bound range        : [ 0.05, 1 ]
  RHS coefficient range       : [ 2.61551e-08, 0.289792 ]
Objective value for Line heur k = 102: 596320.2153926209
0
Actual reward of current solution: 54932293.90793931
Minimum Difference with past solutions:0.0.
New solution equals old solution at k=102
0
Total Reward at the start of the inner iterations: 54932293.90793931
Gurobi status: 2

Statistics for model Linearization Heuristic :
  Linear constraint matrix    : 111 Constrs, 90 Vars, 135 NZs
  Matrix coefficient range    : [ 1, 1 ]
  Objective coefficient range : [ 1570.53, 1.16826e+08 ]
  Variable bound range        : [ 0.05, 1 ]
  RHS coefficient range       : [ 2.61551e-08, 0.289792 ]
Objective value for Line heur k = 103: 298160.1069254673
0
Actual reward of current solution: 54932293.90793931
Minimum Difference with past solutions:0.0.
New solution equals old solution at k=103
Total running time for 90 days is 1933.0890316963196
Economic Value: 63847818.06261326
Deaths 0.07960852686731354
Total Reward 54932293.90793931
