{'groups': 'all', 'params_to_try': {'delta_schooling': [0.5], 'xi': [0, 371990.3, 929975.75, 1859951.5, 3719903, 5579854.5], 'icus': [2900], 'tests': [[60000, 0]], 'testing': ['homogeneous'], 'eta': [0.1]}}
{'groups': 'all', 'params_to_try': {'delta_schooling': [0.5], 'xi': [0, 371990.3, 929975.75, 1859951.5, 3719903, 5579854.5], 'icus': [2900], 'tests': [[60000, 0]], 'testing': ['homogeneous'], 'eta': [0.1]}}
{'groups': 'all', 'params_to_try': {'delta_schooling': [0.4288890546751146], 'icus': [2900], 'eta': [0.1142805189379827], 'tests': [[0, 0]], 'xi': [7439806.0], 'testing': ['homogeneous']}}
results/time_gradient/xi-7439806_icus-2900_testing-homogeneous_natests-0_nmtests-0_T-90_startday-0_groups-all_dschool-0.428889_eta-0.114281_freq-90-14_initParamVarying-multiplier_beta_randomInstance-10.yaml
{'groups': 'all', 'params_to_try': {'delta_schooling': [0.5], 'xi': [0, 371990.3, 929975.75, 1859951.5, 3719903, 5579854.5], 'icus': [2900], 'tests': [[60000, 0]], 'testing': ['homogeneous'], 'eta': [0.1]}}
{'groups': 'all', 'params_to_try': {'delta_schooling': [0.5], 'xi': [0, 371990.3, 929975.75, 1859951.5, 3719903, 5579854.5], 'icus': [2900], 'tests': [[60000, 0]], 'testing': ['homogeneous'], 'eta': [0.1]}}
{'groups': 'all', 'params_to_try': {'delta_schooling': [0.4288890546751146], 'icus': [2900], 'eta': [0.1142805189379827], 'tests': [[0, 0]], 'xi': [7439806.0], 'testing': ['homogeneous']}}
results/dynamic_gradient/xi-7439806_icus-2900_testing-homogeneous_natests-0_nmtests-0_T-90_startday-0_groups-all_dschool-0.428889_eta-0.114281_freq-90-14_initParamVarying-multiplier_beta_randomInstance-10.yaml
500
(0.5, 74398060.0, 0.29, 0.0, (7, 14), 'fitted-scaled', 'econ-scaled', 'oct21-scaled', 0.1, 0.05, 2, 'dynamic_gradient', 10, 'multiplier_beta')
The value of T is: 104
Missing starting point -- Running the initial heuristic.
/home/groups/daniancu/covid-optimization/covid-optimization
90
Total Reward at the start of the inner iterations: 52688438.65931305
Using license file /share/software/user/restricted/gurobi/9.0.3_py36/licenses/gurobi.lic
Set parameter TokenServer to value license4.stanford.edu
Gurobi status: 2

Statistics for model Linearization Heuristic :
  Linear constraint matrix    : 16026 Constrs, 9360 Vars, 5974148 NZs
  Matrix coefficient range    : [ 1.00089e-13, 1 ]
  Objective coefficient range : [ 1.06906e-22, 7.96265e+07 ]
  Variable bound range        : [ 0.05, 1 ]
  RHS coefficient range       : [ 6.85891e-08, 0.296463 ]
Objective value for Line heur k = 0: 16492477.941131474
90
Actual reward of current solution: 52428975.69622861
Minimum Difference with past solutions:0.050000000000000044.
Gurobi status: 2

Statistics for model Linearization Heuristic :
  Linear constraint matrix    : 16026 Constrs, 9360 Vars, 6321587 NZs
  Matrix coefficient range    : [ 1.00122e-13, 1 ]
  Objective coefficient range : [ 4.67577e-21, 7.96265e+07 ]
  Variable bound range        : [ 0.05, 1 ]
  RHS coefficient range       : [ 3.20237e-07, 0.297876 ]
Objective value for Line heur k = 0: 16042152.664719068
90
Actual reward of current solution: 52769636.51617908
Minimum Difference with past solutions:0.050000000000000044.
Gurobi status: 2

Statistics for model Linearization Heuristic :
  Linear constraint matrix    : 16026 Constrs, 9360 Vars, 5974150 NZs
  Matrix coefficient range    : [ 1.00149e-13, 1 ]
  Objective coefficient range : [ 1.20512e-21, 7.96265e+07 ]
  Variable bound range        : [ 0.05, 1 ]
  RHS coefficient range       : [ 8.48123e-08, 0.296518 ]
Objective value for Line heur k = 0: 16586203.523600062
90
Actual reward of current solution: 52505585.22765757
Minimum Difference with past solutions:0.050000000000000044.
Gurobi status: 2

Statistics for model Linearization Heuristic :
  Linear constraint matrix    : 16026 Constrs, 9360 Vars, 6321592 NZs
  Matrix coefficient range    : [ 1.00264e-13, 1 ]
  Objective coefficient range : [ 3.12256e-21, 7.96265e+07 ]
  Variable bound range        : [ 0.05, 1 ]
  RHS coefficient range       : [ 3.22185e-07, 0.297958 ]
Objective value for Line heur k = 0: 16128298.831979861
90
Actual reward of current solution: 52851252.67289808
Minimum Difference with past solutions:0.050000000000000044.
Gurobi status: 2

Statistics for model Linearization Heuristic :
  Linear constraint matrix    : 16026 Constrs, 9360 Vars, 5974151 NZs
  Matrix coefficient range    : [ 1.00119e-13, 1 ]
  Objective coefficient range : [ 1.11812e-21, 7.96265e+07 ]
  Variable bound range        : [ 0.05, 1 ]
  RHS coefficient range       : [ 1.00084e-07, 0.296572 ]
Objective value for Line heur k = 0: 16680793.347389871
90
Actual reward of current solution: 52582843.092577755
Minimum Difference with past solutions:0.050000000000000044.
Gurobi status: 2

Statistics for model Linearization Heuristic :
  Linear constraint matrix    : 16026 Constrs, 9360 Vars, 6321595 NZs
  Matrix coefficient range    : [ 1.00159e-13, 1 ]
  Objective coefficient range : [ 3.8957e-21, 7.96265e+07 ]
  Variable bound range        : [ 0.05, 1 ]
  RHS coefficient range       : [ 3.24036e-07, 0.298036 ]
Objective value for Line heur k = 0: 16211208.627581073
90
Actual reward of current solution: 52932491.261070065
Minimum Difference with past solutions:0.050000000000000044.
Gurobi status: 2

Statistics for model Linearization Heuristic :
  Linear constraint matrix    : 16026 Constrs, 9360 Vars, 5974151 NZs
  Matrix coefficient range    : [ 1.0055e-13, 1 ]
  Objective coefficient range : [ 1.71466e-21, 7.96265e+07 ]
  Variable bound range        : [ 0.05, 1 ]
  RHS coefficient range       : [ 1.12942e-07, 0.296619 ]
Objective value for Line heur k = 0: 16764289.387283651
90
Actual reward of current solution: 52660687.78796157
Minimum Difference with past solutions:0.050000000000000044.
Gurobi status: 2

Statistics for model Linearization Heuristic :
  Linear constraint matrix    : 16026 Constrs, 9360 Vars, 6321595 NZs
  Matrix coefficient range    : [ 1.00577e-13, 1 ]
  Objective coefficient range : [ 1.37738e-21, 7.96265e+07 ]
  Variable bound range        : [ 0.05, 1 ]
  RHS coefficient range       : [ 3.25341e-07, 0.298088 ]
Objective value for Line heur k = 0: 16288366.381248444
90
Actual reward of current solution: 53012113.22533503
Minimum Difference with past solutions:0.050000000000000044.
Gurobi status: 2

Statistics for model Linearization Heuristic :
  Linear constraint matrix    : 16026 Constrs, 9360 Vars, 5974151 NZs
  Matrix coefficient range    : [ 1.00761e-13, 1 ]
  Objective coefficient range : [ 1.71007e-21, 7.96265e+07 ]
  Variable bound range        : [ 0.05, 1 ]
  RHS coefficient range       : [ 1.23464e-07, 0.29664 ]
Objective value for Line heur k = 0: 16845523.44252134
90
Actual reward of current solution: 52738801.28348018
Minimum Difference with past solutions:0.050000000000000044.
Gurobi status: 2

Statistics for model Linearization Heuristic :
  Linear constraint matrix    : 16026 Constrs, 9360 Vars, 6321596 NZs
  Matrix coefficient range    : [ 1.00145e-13, 1 ]
  Objective coefficient range : [ 8.44916e-22, 7.96265e+07 ]
  Variable bound range        : [ 0.05, 1 ]
  RHS coefficient range       : [ 3.25839e-07, 0.298105 ]
Objective value for Line heur k = 0: 16366931.096171726
90
Actual reward of current solution: 53091022.23071121
Minimum Difference with past solutions:0.05.
Gurobi status: 2

Statistics for model Linearization Heuristic :
  Linear constraint matrix    : 16026 Constrs, 9360 Vars, 5974151 NZs
  Matrix coefficient range    : [ 1.00832e-13, 1 ]
  Objective coefficient range : [ 1.19699e-22, 7.96265e+07 ]
  Variable bound range        : [ 0.05, 1 ]
  RHS coefficient range       : [ 1.29186e-07, 0.296646 ]
Objective value for Line heur k = 0: 16922917.60043327
90
Actual reward of current solution: 52817097.64627646
Minimum Difference with past solutions:0.05.
Gurobi status: 2

Statistics for model Linearization Heuristic :
  Linear constraint matrix    : 16026 Constrs, 9360 Vars, 6321596 NZs
  Matrix coefficient range    : [ 1.00155e-13, 1 ]
  Objective coefficient range : [ 5.50812e-22, 7.96265e+07 ]
  Variable bound range        : [ 0.05, 1 ]
  RHS coefficient range       : [ 3.25873e-07, 0.298106 ]
Objective value for Line heur k = 0: 16445015.67369273
90
Actual reward of current solution: 53169326.925181724
Minimum Difference with past solutions:0.05.
Gurobi status: 2

Statistics for model Linearization Heuristic :
  Linear constraint matrix    : 16026 Constrs, 9360 Vars, 5974151 NZs
  Matrix coefficient range    : [ 1.00832e-13, 1 ]
  Objective coefficient range : [ 1.19661e-22, 7.96265e+07 ]
  Variable bound range        : [ 0.05, 1 ]
  RHS coefficient range       : [ 1.29186e-07, 0.296646 ]
Objective value for Line heur k = 0: 17001210.68903559
90
Actual reward of current solution: 52895401.15778719
Minimum Difference with past solutions:0.05.
Gurobi status: 2

Statistics for model Linearization Heuristic :
  Linear constraint matrix    : 16026 Constrs, 9360 Vars, 6321596 NZs
  Matrix coefficient range    : [ 1.00155e-13, 1 ]
  Objective coefficient range : [ 5.52162e-22, 7.96265e+07 ]
  Variable bound range        : [ 0.05, 1 ]
  RHS coefficient range       : [ 3.25873e-07, 0.298106 ]
Objective value for Line heur k = 0: 16523305.882368892
90
Actual reward of current solution: 53247631.61965229
Minimum Difference with past solutions:0.05.
Gurobi status: 2

Statistics for model Linearization Heuristic :
  Linear constraint matrix    : 16026 Constrs, 9360 Vars, 5974151 NZs
  Matrix coefficient range    : [ 1.00832e-13, 1 ]
  Objective coefficient range : [ 1.19624e-22, 7.96265e+07 ]
  Variable bound range        : [ 0.05, 1 ]
  RHS coefficient range       : [ 1.29186e-07, 0.296646 ]
Objective value for Line heur k = 0: 17079503.777637914
90
Actual reward of current solution: 52973704.66929788
Minimum Difference with past solutions:0.05.
Gurobi status: 2

Statistics for model Linearization Heuristic :
  Linear constraint matrix    : 16026 Constrs, 9360 Vars, 6321596 NZs
  Matrix coefficient range    : [ 1.00155e-13, 1 ]
  Objective coefficient range : [ 4.76662e-22, 7.96265e+07 ]
  Variable bound range        : [ 0.05, 1 ]
  RHS coefficient range       : [ 3.25873e-07, 0.298106 ]
Objective value for Line heur k = 0: 16601596.091045022
90
Actual reward of current solution: 53325936.31412283
Minimum Difference with past solutions:0.05.
Gurobi status: 2

Statistics for model Linearization Heuristic :
  Linear constraint matrix    : 16026 Constrs, 9360 Vars, 5974151 NZs
  Matrix coefficient range    : [ 1.00832e-13, 1 ]
  Objective coefficient range : [ 1.19586e-22, 7.96265e+07 ]
  Variable bound range        : [ 0.05, 1 ]
  RHS coefficient range       : [ 1.29186e-07, 0.296646 ]
Objective value for Line heur k = 0: 17157796.86624014
90
Actual reward of current solution: 53052008.1808086
Minimum Difference with past solutions:0.05.
Gurobi status: 2

Statistics for model Linearization Heuristic :
  Linear constraint matrix    : 16026 Constrs, 9360 Vars, 6321596 NZs
  Matrix coefficient range    : [ 1.00155e-13, 1 ]
  Objective coefficient range : [ 5.54864e-22, 7.96265e+07 ]
  Variable bound range        : [ 0.05, 1 ]
  RHS coefficient range       : [ 3.25873e-07, 0.298106 ]
Objective value for Line heur k = 0: 16679886.29972112
90
Actual reward of current solution: 53404241.00859339
Minimum Difference with past solutions:0.05.
Gurobi status: 2

Statistics for model Linearization Heuristic :
  Linear constraint matrix    : 16026 Constrs, 9360 Vars, 5974151 NZs
  Matrix coefficient range    : [ 1.00832e-13, 1 ]
  Objective coefficient range : [ 1.19549e-22, 7.96265e+07 ]
  Variable bound range        : [ 0.05, 1 ]
  RHS coefficient range       : [ 1.29186e-07, 0.296646 ]
Objective value for Line heur k = 0: 17236089.954842452
90
Actual reward of current solution: 53130311.69231931
Minimum Difference with past solutions:0.05.
Gurobi status: 2

Statistics for model Linearization Heuristic :
  Linear constraint matrix    : 16026 Constrs, 9360 Vars, 6321596 NZs
  Matrix coefficient range    : [ 1.00155e-13, 1 ]
  Objective coefficient range : [ 5.56215e-22, 7.96265e+07 ]
  Variable bound range        : [ 0.05, 1 ]
  RHS coefficient range       : [ 3.25873e-07, 0.298106 ]
Objective value for Line heur k = 0: 16758176.508397281
90
Actual reward of current solution: 53482545.70306394
Minimum Difference with past solutions:0.05.
Gurobi status: 2

Statistics for model Linearization Heuristic :
  Linear constraint matrix    : 16026 Constrs, 9360 Vars, 5974151 NZs
  Matrix coefficient range    : [ 1.00832e-13, 1 ]
  Objective coefficient range : [ 1.19511e-22, 7.96265e+07 ]
  Variable bound range        : [ 0.05, 1 ]
  RHS coefficient range       : [ 1.29186e-07, 0.296646 ]
Objective value for Line heur k = 0: 17275230.69483877
90
Actual reward of current solution: 53169463.44807467
Minimum Difference with past solutions:0.049999999999999684.
Gurobi status: 2

Statistics for model Linearization Heuristic :
  Linear constraint matrix    : 16026 Constrs, 9360 Vars, 6321596 NZs
  Matrix coefficient range    : [ 1.00155e-13, 1 ]
  Objective coefficient range : [ 5.5689e-22, 7.96265e+07 ]
  Variable bound range        : [ 0.05, 1 ]
  RHS coefficient range       : [ 3.25873e-07, 0.298106 ]
Objective value for Line heur k = 0: 16758169.855413502
90
Actual reward of current solution: 53482545.70306394
Minimum Difference with past solutions:0.0.
New solution equals old solution at k=0
89
Total Reward at the start of the inner iterations: 53482545.70306394
Gurobi status: 2

Statistics for model Linearization Heuristic :
  Linear constraint matrix    : 15915 Constrs, 9270 Vars, 5870362 NZs
  Matrix coefficient range    : [ 1.00832e-13, 1 ]
  Objective coefficient range : [ 1.19511e-22, 7.96265e+07 ]
  Variable bound range        : [ 0.05, 1 ]
  RHS coefficient range       : [ 2.57567e-07, 1 ]
Objective value for Line heur k = 1: 17222391.30337216
89
Actual reward of current solution: 53417744.25083266
Minimum Difference with past solutions:0.05.
Gurobi status: 2

Statistics for model Linearization Heuristic :
  Linear constraint matrix    : 15915 Constrs, 9270 Vars, 5936429 NZs
  Matrix coefficient range    : [ 1.00093e-13, 1 ]
  Objective coefficient range : [ 2.04497e-21, 7.96265e+07 ]
  Variable bound range        : [ 0.05, 1 ]
  RHS coefficient range       : [ 2.69041e-07, 1 ]
Objective value for Line heur k = 1: 17064594.792596683
89
Actual reward of current solution: 53482545.70306394
Minimum Difference with past solutions:0.0.
New solution equals old solution at k=1
88
Total Reward at the start of the inner iterations: 53482545.70306394
Gurobi status: 2

Statistics for model Linearization Heuristic :
  Linear constraint matrix    : 15750 Constrs, 9180 Vars, 5767545 NZs
  Matrix coefficient range    : [ 1.00832e-13, 1 ]
  Objective coefficient range : [ 1.19511e-22, 7.96265e+07 ]
  Variable bound range        : [ 0.05, 1 ]
  RHS coefficient range       : [ 1.44386e-09, 1 ]
Objective value for Line heur k = 2: 17222390.42574307
88
Actual reward of current solution: 53417744.25083266
Minimum Difference with past solutions:0.05.
Gurobi status: 2

Statistics for model Linearization Heuristic :
  Linear constraint matrix    : 15750 Constrs, 9180 Vars, 5833612 NZs
  Matrix coefficient range    : [ 1.00093e-13, 1 ]
  Objective coefficient range : [ 2.04497e-21, 7.96265e+07 ]
  Variable bound range        : [ 0.05, 1 ]
  RHS coefficient range       : [ 1.44476e-07, 1 ]
Objective value for Line heur k = 2: 17068309.533321433
88
Actual reward of current solution: 53482545.70306394
Minimum Difference with past solutions:0.0.
New solution equals old solution at k=2
87
Total Reward at the start of the inner iterations: 53482545.70306394
Gurobi status: 2

Statistics for model Linearization Heuristic :
  Linear constraint matrix    : 15585 Constrs, 9090 Vars, 5665754 NZs
  Matrix coefficient range    : [ 1.00832e-13, 1 ]
  Objective coefficient range : [ 1.19511e-22, 7.96265e+07 ]
  Variable bound range        : [ 0.05, 1 ]
  RHS coefficient range       : [ 2.69807e-07, 1 ]
Objective value for Line heur k = 3: 17219878.359657176
87
Actual reward of current solution: 53417744.25083266
Minimum Difference with past solutions:0.05.
Gurobi status: 2

Statistics for model Linearization Heuristic :
  Linear constraint matrix    : 15585 Constrs, 9090 Vars, 5731821 NZs
  Matrix coefficient range    : [ 1.00093e-13, 1 ]
  Objective coefficient range : [ 2.04497e-21, 7.96265e+07 ]
  Variable bound range        : [ 0.05, 1 ]
  RHS coefficient range       : [ 2.88654e-07, 1 ]
Objective value for Line heur k = 3: 17069752.9845594
87
Actual reward of current solution: 53482545.70306394
Minimum Difference with past solutions:0.0.
New solution equals old solution at k=3
86
Total Reward at the start of the inner iterations: 53482545.70306394
Gurobi status: 2

Statistics for model Linearization Heuristic :
  Linear constraint matrix    : 15420 Constrs, 9000 Vars, 5564989 NZs
  Matrix coefficient range    : [ 1.00832e-13, 1 ]
  Objective coefficient range : [ 1.19511e-22, 7.96265e+07 ]
  Variable bound range        : [ 0.05, 1 ]
  RHS coefficient range       : [ 2.4752e-07, 1 ]
Objective value for Line heur k = 4: 17211838.89625146
86
Actual reward of current solution: 53417744.25083266
Minimum Difference with past solutions:0.05.
Gurobi status: 2

Statistics for model Linearization Heuristic :
  Linear constraint matrix    : 15420 Constrs, 9000 Vars, 5631056 NZs
  Matrix coefficient range    : [ 1.00093e-13, 1 ]
  Objective coefficient range : [ 2.04497e-21, 7.96265e+07 ]
  Variable bound range        : [ 0.05, 1 ]
  RHS coefficient range       : [ 2.81671e-07, 1 ]
Objective value for Line heur k = 4: 17065825.30852109
86
Actual reward of current solution: 53482545.70306394
Minimum Difference with past solutions:0.0.
New solution equals old solution at k=4
85
Total Reward at the start of the inner iterations: 53482545.70306394
Gurobi status: 2

Statistics for model Linearization Heuristic :
  Linear constraint matrix    : 15255 Constrs, 8910 Vars, 5465250 NZs
  Matrix coefficient range    : [ 1.00832e-13, 1 ]
  Objective coefficient range : [ 1.19511e-22, 7.96265e+07 ]
  Variable bound range        : [ 0.05, 1 ]
  RHS coefficient range       : [ 2.55361e-08, 1 ]
Objective value for Line heur k = 5: 17196856.258970223
85
Actual reward of current solution: 53417744.25083266
Minimum Difference with past solutions:0.05.
Gurobi status: 2

Statistics for model Linearization Heuristic :
  Linear constraint matrix    : 15255 Constrs, 8910 Vars, 5531317 NZs
  Matrix coefficient range    : [ 1.00093e-13, 1 ]
  Objective coefficient range : [ 2.04497e-21, 7.96265e+07 ]
  Variable bound range        : [ 0.05, 1 ]
  RHS coefficient range       : [ 1.41855e-07, 1 ]
Objective value for Line heur k = 5: 17055053.542492874
85
Actual reward of current solution: 53482545.70306394
Minimum Difference with past solutions:0.0.
New solution equals old solution at k=5
84
Total Reward at the start of the inner iterations: 53482545.70306394
Gurobi status: 2

Statistics for model Linearization Heuristic :
  Linear constraint matrix    : 15090 Constrs, 8820 Vars, 5366537 NZs
  Matrix coefficient range    : [ 1.00832e-13, 1 ]
  Objective coefficient range : [ 1.19511e-22, 7.96265e+07 ]
  Variable bound range        : [ 0.05, 1 ]
  RHS coefficient range       : [ 2.31209e-07, 1 ]
Objective value for Line heur k = 6: 17174438.418064866
84
Actual reward of current solution: 53417744.25083266
Minimum Difference with past solutions:0.05.
Gurobi status: 2

Statistics for model Linearization Heuristic :
  Linear constraint matrix    : 15090 Constrs, 8820 Vars, 5432604 NZs
  Matrix coefficient range    : [ 1.00093e-13, 1 ]
  Objective coefficient range : [ 2.04497e-21, 7.96265e+07 ]
  Variable bound range        : [ 0.05, 1 ]
  RHS coefficient range       : [ 1.13578e-07, 1 ]
Objective value for Line heur k = 6: 17036904.492832962
84
Actual reward of current solution: 53482545.70306394
Minimum Difference with past solutions:0.0.
New solution equals old solution at k=6
83
Total Reward at the start of the inner iterations: 53482545.70306394
Gurobi status: 2

Statistics for model Linearization Heuristic :
  Linear constraint matrix    : 14925 Constrs, 8730 Vars, 5268850 NZs
  Matrix coefficient range    : [ 1.00832e-13, 1 ]
  Objective coefficient range : [ 1.19511e-22, 7.96265e+07 ]
  Variable bound range        : [ 0.05, 1 ]
  RHS coefficient range       : [ 2.439e-07, 1 ]
Objective value for Line heur k = 7: 17144608.86769043
83
Actual reward of current solution: 53417744.25083266
Minimum Difference with past solutions:0.05.
Gurobi status: 2

Statistics for model Linearization Heuristic :
  Linear constraint matrix    : 14925 Constrs, 8730 Vars, 5334917 NZs
  Matrix coefficient range    : [ 1.00093e-13, 1 ]
  Objective coefficient range : [ 2.04497e-21, 7.96265e+07 ]
  Variable bound range        : [ 0.05, 1 ]
  RHS coefficient range       : [ 2.76319e-07, 1 ]
Objective value for Line heur k = 7: 17011369.307424307
83
Actual reward of current solution: 53482545.70306394
Minimum Difference with past solutions:0.0.
New solution equals old solution at k=7
82
Total Reward at the start of the inner iterations: 53482545.70306394
Gurobi status: 2

Statistics for model Linearization Heuristic :
  Linear constraint matrix    : 14760 Constrs, 8640 Vars, 5172189 NZs
  Matrix coefficient range    : [ 1.00832e-13, 1 ]
  Objective coefficient range : [ 1.19511e-22, 7.96265e+07 ]
  Variable bound range        : [ 0.05, 1 ]
  RHS coefficient range       : [ 1.81293e-07, 1 ]
Objective value for Line heur k = 8: 17107659.80908451
82
Actual reward of current solution: 53417744.25083266
Minimum Difference with past solutions:0.05.
Gurobi status: 2

Statistics for model Linearization Heuristic :
  Linear constraint matrix    : 14760 Constrs, 8640 Vars, 5238256 NZs
  Matrix coefficient range    : [ 1.00093e-13, 1 ]
  Objective coefficient range : [ 2.04497e-21, 7.96265e+07 ]
  Variable bound range        : [ 0.05, 1 ]
  RHS coefficient range       : [ 2.11848e-07, 1 ]
Objective value for Line heur k = 8: 16978711.188613188
82
Actual reward of current solution: 53482545.70306394
Minimum Difference with past solutions:0.0.
New solution equals old solution at k=8
81
Total Reward at the start of the inner iterations: 53482545.70306394
Gurobi status: 2

Statistics for model Linearization Heuristic :
  Linear constraint matrix    : 14595 Constrs, 8550 Vars, 5076554 NZs
  Matrix coefficient range    : [ 1.00832e-13, 1 ]
  Objective coefficient range : [ 1.19511e-22, 7.96265e+07 ]
  Variable bound range        : [ 0.05, 1 ]
  RHS coefficient range       : [ 4.71119e-08, 1 ]
Objective value for Line heur k = 9: 17064001.43387103
81
Actual reward of current solution: 53417744.25083266
Minimum Difference with past solutions:0.05.
Gurobi status: 2

Statistics for model Linearization Heuristic :
  Linear constraint matrix    : 14595 Constrs, 8550 Vars, 5142621 NZs
  Matrix coefficient range    : [ 1.00093e-13, 1 ]
  Objective coefficient range : [ 2.04497e-21, 7.96265e+07 ]
  Variable bound range        : [ 0.05, 1 ]
  RHS coefficient range       : [ 1.39842e-07, 1 ]
Objective value for Line heur k = 9: 16939309.835097067
81
Actual reward of current solution: 53482545.70306394
Minimum Difference with past solutions:0.0.
New solution equals old solution at k=9
80
Total Reward at the start of the inner iterations: 53482545.70306394
Gurobi status: 2

Statistics for model Linearization Heuristic :
  Linear constraint matrix    : 14430 Constrs, 8460 Vars, 4981945 NZs
  Matrix coefficient range    : [ 1.00832e-13, 1 ]
  Objective coefficient range : [ 1.19511e-22, 7.96265e+07 ]
  Variable bound range        : [ 0.05, 1 ]
  RHS coefficient range       : [ 2.06935e-07, 1 ]
Objective value for Line heur k = 10: 17014066.83450025
80
Actual reward of current solution: 53417744.25083266
Minimum Difference with past solutions:0.05.
Gurobi status: 2

Statistics for model Linearization Heuristic :
  Linear constraint matrix    : 14430 Constrs, 8460 Vars, 5048012 NZs
  Matrix coefficient range    : [ 1.00093e-13, 1 ]
  Objective coefficient range : [ 2.04497e-21, 7.96265e+07 ]
  Variable bound range        : [ 0.05, 1 ]
  RHS coefficient range       : [ 1.19412e-07, 1 ]
Objective value for Line heur k = 10: 16893561.167943224
80
Actual reward of current solution: 53482545.70306394
Minimum Difference with past solutions:0.0.
New solution equals old solution at k=10
79
Total Reward at the start of the inner iterations: 53482545.70306394
Gurobi status: 2

Statistics for model Linearization Heuristic :
  Linear constraint matrix    : 14265 Constrs, 8370 Vars, 4888362 NZs
  Matrix coefficient range    : [ 1.00832e-13, 1 ]
  Objective coefficient range : [ 1.19511e-22, 7.96265e+07 ]
  Variable bound range        : [ 0.05, 1 ]
  RHS coefficient range       : [ 8.60241e-08, 1 ]
Objective value for Line heur k = 11: 16958246.532125346
79
Actual reward of current solution: 53417744.25083266
Minimum Difference with past solutions:0.05.
Gurobi status: 2

Statistics for model Linearization Heuristic :
  Linear constraint matrix    : 14265 Constrs, 8370 Vars, 4954429 NZs
  Matrix coefficient range    : [ 1.00093e-13, 1 ]
  Objective coefficient range : [ 2.04497e-21, 7.96265e+07 ]
  Variable bound range        : [ 0.05, 1 ]
  RHS coefficient range       : [ 1.39139e-08, 1 ]
Objective value for Line heur k = 11: 16841805.28029634
79
Actual reward of current solution: 53482545.70306394
Minimum Difference with past solutions:0.0.
New solution equals old solution at k=11
78
Total Reward at the start of the inner iterations: 53482545.70306394
Gurobi status: 2

Statistics for model Linearization Heuristic :
  Linear constraint matrix    : 14100 Constrs, 8280 Vars, 4795805 NZs
  Matrix coefficient range    : [ 1.00832e-13, 1 ]
  Objective coefficient range : [ 1.19511e-22, 7.96265e+07 ]
  Variable bound range        : [ 0.05, 1 ]
  RHS coefficient range       : [ 3.93149e-08, 1 ]
Objective value for Line heur k = 12: 16896834.501651753
78
Actual reward of current solution: 53417744.25083266
Minimum Difference with past solutions:0.05.
Gurobi status: 2

Statistics for model Linearization Heuristic :
  Linear constraint matrix    : 14100 Constrs, 8280 Vars, 4861872 NZs
  Matrix coefficient range    : [ 1.00093e-13, 1 ]
  Objective coefficient range : [ 2.04497e-21, 7.96265e+07 ]
  Variable bound range        : [ 0.05, 1 ]
  RHS coefficient range       : [ 1.54491e-07, 1 ]
Objective value for Line heur k = 12: 16784263.129535075
78
Actual reward of current solution: 53482545.70306394
Minimum Difference with past solutions:0.0.
New solution equals old solution at k=12
77
Total Reward at the start of the inner iterations: 53482545.70306394
Gurobi status: 2

Statistics for model Linearization Heuristic :
  Linear constraint matrix    : 13935 Constrs, 8190 Vars, 4704274 NZs
  Matrix coefficient range    : [ 1.00832e-13, 1 ]
  Objective coefficient range : [ 1.19511e-22, 7.96265e+07 ]
  Variable bound range        : [ 0.05, 1 ]
  RHS coefficient range       : [ 2.32108e-08, 1 ]
Objective value for Line heur k = 13: 16829970.965936728
77
Actual reward of current solution: 53417744.25083266
Minimum Difference with past solutions:0.05.
Gurobi status: 2

Statistics for model Linearization Heuristic :
  Linear constraint matrix    : 13935 Constrs, 8190 Vars, 4770341 NZs
  Matrix coefficient range    : [ 1.00093e-13, 1 ]
  Objective coefficient range : [ 2.04497e-21, 7.96265e+07 ]
  Variable bound range        : [ 0.05, 1 ]
  RHS coefficient range       : [ 2.04889e-08, 1 ]
Objective value for Line heur k = 13: 16720965.26989512
77
Actual reward of current solution: 53482545.70306394
Minimum Difference with past solutions:0.0.
New solution equals old solution at k=13
76
Total Reward at the start of the inner iterations: 53482545.70306394
Gurobi status: 2

Statistics for model Linearization Heuristic :
  Linear constraint matrix    : 13770 Constrs, 8100 Vars, 4613823 NZs
  Matrix coefficient range    : [ 1.00832e-13, 1 ]
  Objective coefficient range : [ 1.19511e-22, 7.96265e+07 ]
  Variable bound range        : [ 0.05, 1 ]
  RHS coefficient range       : [ 3.23188e-08, 0.294046 ]
Objective value for Line heur k = 14: 16757567.051671468
76
Actual reward of current solution: 53417744.25083266
Minimum Difference with past solutions:0.05.
Gurobi status: 2

Statistics for model Linearization Heuristic :
  Linear constraint matrix    : 13770 Constrs, 8100 Vars, 4679890 NZs
  Matrix coefficient range    : [ 1.00093e-13, 1 ]
  Objective coefficient range : [ 2.04497e-21, 7.96265e+07 ]
  Variable bound range        : [ 0.05, 1 ]
  RHS coefficient range       : [ 1.07301e-07, 0.294312 ]
Objective value for Line heur k = 14: 16651654.687430503
76
Actual reward of current solution: 53482545.70306394
Minimum Difference with past solutions:0.0.
New solution equals old solution at k=14
75
Total Reward at the start of the inner iterations: 53482545.70306394
Gurobi status: 2

Statistics for model Linearization Heuristic :
  Linear constraint matrix    : 13659 Constrs, 8010 Vars, 4510958 NZs
  Matrix coefficient range    : [ 1.00832e-13, 1 ]
  Objective coefficient range : [ 1.19511e-22, 7.96265e+07 ]
  Variable bound range        : [ 0.05, 1 ]
  RHS coefficient range       : [ 6.60581e-09, 1 ]
Objective value for Line heur k = 15: 16636700.744207326
75
Actual reward of current solution: 53482545.70306394
Minimum Difference with past solutions:0.0.
New solution equals old solution at k=15
74
Total Reward at the start of the inner iterations: 53482545.70306394
Gurobi status: 2

Statistics for model Linearization Heuristic :
  Linear constraint matrix    : 13494 Constrs, 7920 Vars, 4409217 NZs
  Matrix coefficient range    : [ 1.00832e-13, 1 ]
  Objective coefficient range : [ 1.19511e-22, 7.96265e+07 ]
  Variable bound range        : [ 0.05, 1 ]
  RHS coefficient range       : [ 2.5749e-08, 1 ]
Objective value for Line heur k = 16: 16522810.966235159
74
Actual reward of current solution: 53482545.70306394
Minimum Difference with past solutions:0.0.
New solution equals old solution at k=16
73
Total Reward at the start of the inner iterations: 53482545.70306394
Gurobi status: 2

Statistics for model Linearization Heuristic :
  Linear constraint matrix    : 13329 Constrs, 7830 Vars, 4308654 NZs
  Matrix coefficient range    : [ 1.00832e-13, 1 ]
  Objective coefficient range : [ 1.19511e-22, 7.96265e+07 ]
  Variable bound range        : [ 0.05, 1 ]
  RHS coefficient range       : [ 2.91926e-08, 1 ]
Objective value for Line heur k = 17: 16403737.746929975
73
Actual reward of current solution: 53482545.70306394
Minimum Difference with past solutions:0.0.
New solution equals old solution at k=17
72
Total Reward at the start of the inner iterations: 53482545.70306394
Gurobi status: 2

Statistics for model Linearization Heuristic :
  Linear constraint matrix    : 13164 Constrs, 7740 Vars, 4209269 NZs
  Matrix coefficient range    : [ 1.00832e-13, 1 ]
  Objective coefficient range : [ 1.19511e-22, 7.96265e+07 ]
  Variable bound range        : [ 0.05, 1 ]
  RHS coefficient range       : [ 1.67488e-08, 1 ]
Objective value for Line heur k = 18: 16280363.772999989
72
Actual reward of current solution: 53482545.70306394
Minimum Difference with past solutions:0.0.
New solution equals old solution at k=18
71
Total Reward at the start of the inner iterations: 53482545.70306394
Gurobi status: 2

Statistics for model Linearization Heuristic :
  Linear constraint matrix    : 12999 Constrs, 7650 Vars, 4111062 NZs
  Matrix coefficient range    : [ 1.00832e-13, 1 ]
  Objective coefficient range : [ 1.19511e-22, 7.96265e+07 ]
  Variable bound range        : [ 0.05, 1 ]
  RHS coefficient range       : [ 3.41184e-09, 1 ]
Objective value for Line heur k = 19: 16153284.077211462
71
Actual reward of current solution: 53482545.70306394
Minimum Difference with past solutions:0.0.
New solution equals old solution at k=19
70
Total Reward at the start of the inner iterations: 53482545.70306394
Gurobi status: 2

Statistics for model Linearization Heuristic :
  Linear constraint matrix    : 12834 Constrs, 7560 Vars, 4014033 NZs
  Matrix coefficient range    : [ 1.00832e-13, 1 ]
  Objective coefficient range : [ 1.19511e-22, 7.96265e+07 ]
  Variable bound range        : [ 0.05, 1 ]
  RHS coefficient range       : [ 3.1174e-08, 1 ]
Objective value for Line heur k = 20: 16022920.246583981
70
Actual reward of current solution: 53482545.70306394
Minimum Difference with past solutions:0.0.
New solution equals old solution at k=20
69
Total Reward at the start of the inner iterations: 53482545.70306394
Gurobi status: 2

Statistics for model Linearization Heuristic :
  Linear constraint matrix    : 12669 Constrs, 7470 Vars, 3918182 NZs
  Matrix coefficient range    : [ 1.00832e-13, 1 ]
  Objective coefficient range : [ 1.19511e-22, 7.96265e+07 ]
  Variable bound range        : [ 0.05, 1 ]
  RHS coefficient range       : [ 6.02916e-08, 1 ]
Objective value for Line heur k = 21: 15889585.741600705
69
Actual reward of current solution: 53482545.70306394
Minimum Difference with past solutions:0.0.
New solution equals old solution at k=21
68
Total Reward at the start of the inner iterations: 53482545.70306394
Gurobi status: 2

Statistics for model Linearization Heuristic :
  Linear constraint matrix    : 12504 Constrs, 7380 Vars, 3823509 NZs
  Matrix coefficient range    : [ 1.00832e-13, 1 ]
  Objective coefficient range : [ 1.19511e-22, 7.96265e+07 ]
  Variable bound range        : [ 0.05, 1 ]
  RHS coefficient range       : [ 6.75816e-08, 1 ]
Objective value for Line heur k = 22: 15753522.526233073
68
Actual reward of current solution: 53482545.70306394
Minimum Difference with past solutions:0.0.
New solution equals old solution at k=22
67
Total Reward at the start of the inner iterations: 53482545.70306394
Gurobi status: 2

Statistics for model Linearization Heuristic :
  Linear constraint matrix    : 12339 Constrs, 7290 Vars, 3730014 NZs
  Matrix coefficient range    : [ 1.00832e-13, 1 ]
  Objective coefficient range : [ 1.19511e-22, 7.96265e+07 ]
  Variable bound range        : [ 0.05, 1 ]
  RHS coefficient range       : [ 3.97047e-08, 1 ]
Objective value for Line heur k = 23: 15614920.17127648
67
Actual reward of current solution: 53482545.70306394
Minimum Difference with past solutions:0.0.
New solution equals old solution at k=23
66
Total Reward at the start of the inner iterations: 53482545.70306394
Gurobi status: 2

Statistics for model Linearization Heuristic :
  Linear constraint matrix    : 12174 Constrs, 7200 Vars, 3637697 NZs
  Matrix coefficient range    : [ 1.00832e-13, 1 ]
  Objective coefficient range : [ 1.19511e-22, 7.96265e+07 ]
  Variable bound range        : [ 0.05, 1 ]
  RHS coefficient range       : [ 7.52515e-09, 1 ]
Objective value for Line heur k = 24: 15473923.154145034
66
Actual reward of current solution: 53482545.70306394
Minimum Difference with past solutions:0.0.
New solution equals old solution at k=24
65
Total Reward at the start of the inner iterations: 53482545.70306394
Gurobi status: 2

Statistics for model Linearization Heuristic :
  Linear constraint matrix    : 12009 Constrs, 7110 Vars, 3546558 NZs
  Matrix coefficient range    : [ 1.00832e-13, 1 ]
  Objective coefficient range : [ 1.19511e-22, 7.96265e+07 ]
  Variable bound range        : [ 0.05, 1 ]
  RHS coefficient range       : [ 1.28854e-08, 1 ]
Objective value for Line heur k = 25: 15330628.499045301
65
Actual reward of current solution: 53482545.70306394
Minimum Difference with past solutions:0.0.
New solution equals old solution at k=25
64
Total Reward at the start of the inner iterations: 53482545.70306394
Gurobi status: 2

Statistics for model Linearization Heuristic :
  Linear constraint matrix    : 11844 Constrs, 7020 Vars, 3456597 NZs
  Matrix coefficient range    : [ 1.00832e-13, 1 ]
  Objective coefficient range : [ 1.19511e-22, 7.96265e+07 ]
  Variable bound range        : [ 0.05, 1 ]
  RHS coefficient range       : [ 3.77269e-08, 1 ]
Objective value for Line heur k = 26: 15185073.06290824
64
Actual reward of current solution: 53482545.70306394
Minimum Difference with past solutions:0.0.
New solution equals old solution at k=26
63
Total Reward at the start of the inner iterations: 53482545.70306394
Gurobi status: 2

Statistics for model Linearization Heuristic :
  Linear constraint matrix    : 11679 Constrs, 6930 Vars, 3367814 NZs
  Matrix coefficient range    : [ 1.00832e-13, 1 ]
  Objective coefficient range : [ 1.19511e-22, 7.96265e+07 ]
  Variable bound range        : [ 0.05, 1 ]
  RHS coefficient range       : [ 6.21547e-08, 1 ]
Objective value for Line heur k = 27: 15037206.81592561
63
Actual reward of current solution: 53482545.70306394
Minimum Difference with past solutions:0.0.
New solution equals old solution at k=27
62
Total Reward at the start of the inner iterations: 53482545.70306394
Gurobi status: 2

Statistics for model Linearization Heuristic :
  Linear constraint matrix    : 11514 Constrs, 6840 Vars, 3280263 NZs
  Matrix coefficient range    : [ 1.00832e-13, 1 ]
  Objective coefficient range : [ 1.19511e-22, 7.96265e+07 ]
  Variable bound range        : [ 0.05, 1 ]
  RHS coefficient range       : [ 8.71043e-08, 0.292154 ]
Objective value for Line heur k = 28: 14886844.528264731
62
Actual reward of current solution: 53482545.70306394
Minimum Difference with past solutions:0.0.
New solution equals old solution at k=28
61
Total Reward at the start of the inner iterations: 53482545.70306394
Gurobi status: 2

Statistics for model Linearization Heuristic :
  Linear constraint matrix    : 11403 Constrs, 6750 Vars, 3189600 NZs
  Matrix coefficient range    : [ 1.00832e-13, 1 ]
  Objective coefficient range : [ 1.19511e-22, 7.96265e+07 ]
  Variable bound range        : [ 0.05, 1 ]
  RHS coefficient range       : [ 8.48564e-08, 1 ]
Objective value for Line heur k = 29: 14723330.306436883
61
Actual reward of current solution: 53482545.70306394
Minimum Difference with past solutions:0.0.
New solution equals old solution at k=29
60
Total Reward at the start of the inner iterations: 53482545.70306394
Gurobi status: 2

Statistics for model Linearization Heuristic :
  Linear constraint matrix    : 11238 Constrs, 6660 Vars, 3100118 NZs
  Matrix coefficient range    : [ 1.00832e-13, 1 ]
  Objective coefficient range : [ 1.19511e-22, 7.96265e+07 ]
  Variable bound range        : [ 0.05, 1 ]
  RHS coefficient range       : [ 8.49627e-08, 1 ]
Objective value for Line heur k = 30: 14557047.617646432
60
Actual reward of current solution: 53482545.70306394
Minimum Difference with past solutions:0.0.
New solution equals old solution at k=30
59
Total Reward at the start of the inner iterations: 53482545.70306394
Gurobi status: 2

Statistics for model Linearization Heuristic :
  Linear constraint matrix    : 11073 Constrs, 6570 Vars, 3011871 NZs
  Matrix coefficient range    : [ 1.00832e-13, 1 ]
  Objective coefficient range : [ 1.19511e-22, 7.96265e+07 ]
  Variable bound range        : [ 0.05, 1 ]
  RHS coefficient range       : [ 8.13316e-08, 1 ]
Objective value for Line heur k = 31: 14388433.863137068
59
Actual reward of current solution: 53482545.70306394
Minimum Difference with past solutions:0.0.
New solution equals old solution at k=31
58
Total Reward at the start of the inner iterations: 53482545.70306394
Gurobi status: 2

Statistics for model Linearization Heuristic :
  Linear constraint matrix    : 10908 Constrs, 6480 Vars, 2924859 NZs
  Matrix coefficient range    : [ 1.00832e-13, 1 ]
  Objective coefficient range : [ 1.19511e-22, 7.96265e+07 ]
  Variable bound range        : [ 0.05, 1 ]
  RHS coefficient range       : [ 4.67382e-08, 1 ]
Objective value for Line heur k = 32: 14217766.572146
58
Actual reward of current solution: 53482545.70306394
Minimum Difference with past solutions:0.0.
New solution equals old solution at k=32
57
Total Reward at the start of the inner iterations: 53482545.70306394
Gurobi status: 2

Statistics for model Linearization Heuristic :
  Linear constraint matrix    : 10743 Constrs, 6390 Vars, 2839082 NZs
  Matrix coefficient range    : [ 1.00832e-13, 1 ]
  Objective coefficient range : [ 1.19511e-22, 7.96265e+07 ]
  Variable bound range        : [ 0.05, 1 ]
  RHS coefficient range       : [ 8.69009e-08, 1 ]
Objective value for Line heur k = 33: 14045232.503245559
57
Actual reward of current solution: 53482545.70306394
Minimum Difference with past solutions:0.0.
New solution equals old solution at k=33
56
Total Reward at the start of the inner iterations: 53482545.70306394
Gurobi status: 2

Statistics for model Linearization Heuristic :
  Linear constraint matrix    : 10578 Constrs, 6300 Vars, 2754540 NZs
  Matrix coefficient range    : [ 1.00832e-13, 1 ]
  Objective coefficient range : [ 1.19511e-22, 7.96265e+07 ]
  Variable bound range        : [ 0.05, 1 ]
  RHS coefficient range       : [ 8.6747e-08, 1 ]
Objective value for Line heur k = 34: 13870966.500337211
56
Actual reward of current solution: 53482545.70306394
Minimum Difference with past solutions:0.0.
New solution equals old solution at k=34
55
Total Reward at the start of the inner iterations: 53482545.70306394
Gurobi status: 2

Statistics for model Linearization Heuristic :
  Linear constraint matrix    : 10413 Constrs, 6210 Vars, 2671233 NZs
  Matrix coefficient range    : [ 1.00832e-13, 1 ]
  Objective coefficient range : [ 1.19511e-22, 7.96265e+07 ]
  Variable bound range        : [ 0.05, 1 ]
  RHS coefficient range       : [ 8.60838e-08, 1 ]
Objective value for Line heur k = 35: 13695073.35948861
55
Actual reward of current solution: 53482545.70306394
Minimum Difference with past solutions:0.0.
New solution equals old solution at k=35
54
Total Reward at the start of the inner iterations: 53482545.70306394
Gurobi status: 2

Statistics for model Linearization Heuristic :
  Linear constraint matrix    : 10248 Constrs, 6120 Vars, 2589161 NZs
  Matrix coefficient range    : [ 1.00832e-13, 1 ]
  Objective coefficient range : [ 1.19511e-22, 7.96265e+07 ]
  Variable bound range        : [ 0.05, 1 ]
  RHS coefficient range       : [ 8.4962e-08, 1 ]
Objective value for Line heur k = 36: 13517640.14054327
54
Actual reward of current solution: 53482545.70306394
Minimum Difference with past solutions:0.0.
New solution equals old solution at k=36
53
Total Reward at the start of the inner iterations: 53482545.70306394
Gurobi status: 2

Statistics for model Linearization Heuristic :
  Linear constraint matrix    : 10083 Constrs, 6030 Vars, 2508324 NZs
  Matrix coefficient range    : [ 1.00832e-13, 1 ]
  Objective coefficient range : [ 1.19511e-22, 7.96265e+07 ]
  Variable bound range        : [ 0.05, 1 ]
  RHS coefficient range       : [ 8.34505e-08, 1 ]
Objective value for Line heur k = 37: 13338743.09897879
53
Actual reward of current solution: 53482545.70306394
Minimum Difference with past solutions:0.0.
New solution equals old solution at k=37
52
Total Reward at the start of the inner iterations: 53482545.70306394
Gurobi status: 2

Statistics for model Linearization Heuristic :
  Linear constraint matrix    : 9918 Constrs, 5940 Vars, 2428722 NZs
  Matrix coefficient range    : [ 1.00832e-13, 1 ]
  Objective coefficient range : [ 1.19511e-22, 7.96265e+07 ]
  Variable bound range        : [ 0.05, 1 ]
  RHS coefficient range       : [ 8.16206e-08, 1 ]
Objective value for Line heur k = 38: 13158451.586913027
52
Actual reward of current solution: 53482545.70306394
Minimum Difference with past solutions:0.0.
New solution equals old solution at k=38
51
Total Reward at the start of the inner iterations: 53482545.70306394
Gurobi status: 2

Statistics for model Linearization Heuristic :
  Linear constraint matrix    : 9753 Constrs, 5850 Vars, 2350355 NZs
  Matrix coefficient range    : [ 1.00832e-13, 1 ]
  Objective coefficient range : [ 1.19511e-22, 7.96265e+07 ]
  Variable bound range        : [ 0.05, 1 ]
  RHS coefficient range       : [ 7.95396e-08, 1 ]
Objective value for Line heur k = 39: 12976830.246540813
51
Actual reward of current solution: 53482545.70306394
Minimum Difference with past solutions:0.0.
New solution equals old solution at k=39
50
Total Reward at the start of the inner iterations: 53482545.70306394
Gurobi status: 2

Statistics for model Linearization Heuristic :
  Linear constraint matrix    : 9588 Constrs, 5760 Vars, 2273223 NZs
  Matrix coefficient range    : [ 1.00832e-13, 1 ]
  Objective coefficient range : [ 1.19511e-22, 7.96265e+07 ]
  Variable bound range        : [ 0.05, 1 ]
  RHS coefficient range       : [ 7.72669e-08, 1 ]
Objective value for Line heur k = 40: 12793940.242436398
50
Actual reward of current solution: 53482545.70306394
Minimum Difference with past solutions:0.0.
New solution equals old solution at k=40
49
Total Reward at the start of the inner iterations: 53482545.70306394
Gurobi status: 2

Statistics for model Linearization Heuristic :
  Linear constraint matrix    : 9423 Constrs, 5670 Vars, 2197326 NZs
  Matrix coefficient range    : [ 1.00832e-13, 1 ]
  Objective coefficient range : [ 1.19511e-22, 7.96265e+07 ]
  Variable bound range        : [ 0.05, 1 ]
  RHS coefficient range       : [ 7.48541e-08, 1 ]
Objective value for Line heur k = 41: 12609839.954176344
49
Actual reward of current solution: 53482545.70306394
Minimum Difference with past solutions:0.0.
New solution equals old solution at k=41
48
Total Reward at the start of the inner iterations: 53482545.70306394
Gurobi status: 2

Statistics for model Linearization Heuristic :
  Linear constraint matrix    : 9258 Constrs, 5580 Vars, 2122718 NZs
  Matrix coefficient range    : [ 1.00832e-13, 1 ]
  Objective coefficient range : [ 1.19511e-22, 7.96265e+07 ]
  Variable bound range        : [ 0.05, 1 ]
  RHS coefficient range       : [ 7.23448e-08, 0.291067 ]
Objective value for Line heur k = 42: 12424585.367357368
48
Actual reward of current solution: 53482545.70306394
Minimum Difference with past solutions:0.0.
New solution equals old solution at k=42
47
Total Reward at the start of the inner iterations: 53482545.70306394
Gurobi status: 2

Statistics for model Linearization Heuristic :
  Linear constraint matrix    : 9147 Constrs, 5490 Vars, 2049345 NZs
  Matrix coefficient range    : [ 1.00832e-13, 1 ]
  Objective coefficient range : [ 1.19511e-22, 7.96265e+07 ]
  Variable bound range        : [ 0.05, 1 ]
  RHS coefficient range       : [ 6.97757e-08, 1 ]
Objective value for Line heur k = 43: 12238230.297451466
47
Actual reward of current solution: 53482545.70306394
Minimum Difference with past solutions:0.0.
New solution equals old solution at k=43
46
Total Reward at the start of the inner iterations: 53482545.70306394
Gurobi status: 2

Statistics for model Linearization Heuristic :
  Linear constraint matrix    : 8982 Constrs, 5400 Vars, 1977153 NZs
  Matrix coefficient range    : [ 1.00832e-13, 1 ]
  Objective coefficient range : [ 1.19511e-22, 7.96265e+07 ]
  Variable bound range        : [ 0.05, 1 ]
  RHS coefficient range       : [ 6.7177e-08, 1 ]
Objective value for Line heur k = 44: 12050826.522300722
46
Actual reward of current solution: 53482545.70306394
Minimum Difference with past solutions:0.0.
New solution equals old solution at k=44
45
Total Reward at the start of the inner iterations: 53482545.70306394
Gurobi status: 2

Statistics for model Linearization Heuristic :
  Linear constraint matrix    : 8817 Constrs, 5310 Vars, 1906196 NZs
  Matrix coefficient range    : [ 1.00832e-13, 1 ]
  Objective coefficient range : [ 1.19511e-22, 7.96265e+07 ]
  Variable bound range        : [ 0.05, 1 ]
  RHS coefficient range       : [ 6.45735e-08, 1 ]
Objective value for Line heur k = 45: 11862423.865841594
45
Actual reward of current solution: 53482545.70306394
Minimum Difference with past solutions:0.0.
New solution equals old solution at k=45
44
Total Reward at the start of the inner iterations: 53482545.70306394
Gurobi status: 2

Statistics for model Linearization Heuristic :
  Linear constraint matrix    : 8652 Constrs, 5220 Vars, 1836474 NZs
  Matrix coefficient range    : [ 1.00832e-13, 1 ]
  Objective coefficient range : [ 1.19511e-22, 7.96265e+07 ]
  Variable bound range        : [ 0.05, 1 ]
  RHS coefficient range       : [ 6.19856e-08, 1 ]
Objective value for Line heur k = 46: 11673070.256829122
44
Actual reward of current solution: 53482545.70306394
Minimum Difference with past solutions:0.0.
New solution equals old solution at k=46
43
Total Reward at the start of the inner iterations: 53482545.70306394
Gurobi status: 2

Statistics for model Linearization Heuristic :
  Linear constraint matrix    : 8487 Constrs, 5130 Vars, 1767987 NZs
  Matrix coefficient range    : [ 1.00832e-13, 1 ]
  Objective coefficient range : [ 1.19511e-22, 7.96265e+07 ]
  Variable bound range        : [ 0.05, 1 ]
  RHS coefficient range       : [ 5.94295e-08, 1 ]
Objective value for Line heur k = 47: 11482811.775673095
43
Actual reward of current solution: 53482545.70306394
Minimum Difference with past solutions:0.0.
New solution equals old solution at k=47
42
Total Reward at the start of the inner iterations: 53482545.70306394
Gurobi status: 2

Statistics for model Linearization Heuristic :
  Linear constraint matrix    : 8322 Constrs, 5040 Vars, 1700735 NZs
  Matrix coefficient range    : [ 1.00832e-13, 1 ]
  Objective coefficient range : [ 1.19511e-22, 7.96265e+07 ]
  Variable bound range        : [ 0.05, 1 ]
  RHS coefficient range       : [ 5.69183e-08, 1 ]
Objective value for Line heur k = 48: 11291692.696471332
42
Actual reward of current solution: 53482545.70306394
Minimum Difference with past solutions:0.0.
New solution equals old solution at k=48
41
Total Reward at the start of the inner iterations: 53482545.70306394
Gurobi status: 2

Statistics for model Linearization Heuristic :
  Linear constraint matrix    : 8157 Constrs, 4950 Vars, 1634718 NZs
  Matrix coefficient range    : [ 1.00832e-13, 1 ]
  Objective coefficient range : [ 1.19511e-22, 7.96265e+07 ]
  Variable bound range        : [ 0.05, 1 ]
  RHS coefficient range       : [ 5.4462e-08, 1 ]
Objective value for Line heur k = 49: 11099755.527931744
41
Actual reward of current solution: 53482545.70306394
Minimum Difference with past solutions:0.0.
New solution equals old solution at k=49
40
Total Reward at the start of the inner iterations: 53482545.70306394
Gurobi status: 2

Statistics for model Linearization Heuristic :
  Linear constraint matrix    : 7992 Constrs, 4860 Vars, 1569936 NZs
  Matrix coefficient range    : [ 1.00832e-13, 1 ]
  Objective coefficient range : [ 1.19511e-22, 7.96265e+07 ]
  Variable bound range        : [ 0.05, 1 ]
  RHS coefficient range       : [ 5.20687e-08, 1 ]
Objective value for Line heur k = 50: 10907041.054975946
40
Actual reward of current solution: 53482545.70306394
Minimum Difference with past solutions:0.0.
New solution equals old solution at k=50
39
Total Reward at the start of the inner iterations: 53482545.70306394
Gurobi status: 2

Statistics for model Linearization Heuristic :
  Linear constraint matrix    : 7827 Constrs, 4770 Vars, 1506389 NZs
  Matrix coefficient range    : [ 1.00832e-13, 1 ]
  Objective coefficient range : [ 1.19511e-22, 7.96265e+07 ]
  Variable bound range        : [ 0.05, 1 ]
  RHS coefficient range       : [ 4.97442e-08, 1 ]
Objective value for Line heur k = 51: 10713588.38176957
39
Actual reward of current solution: 53482545.70306394
Minimum Difference with past solutions:0.0.
New solution equals old solution at k=51
38
Total Reward at the start of the inner iterations: 53482545.70306394
Gurobi status: 2

Statistics for model Linearization Heuristic :
  Linear constraint matrix    : 7662 Constrs, 4680 Vars, 1444077 NZs
  Matrix coefficient range    : [ 1.00832e-13, 1 ]
  Objective coefficient range : [ 1.19511e-22, 7.96265e+07 ]
  Variable bound range        : [ 0.05, 1 ]
  RHS coefficient range       : [ 4.74927e-08, 1 ]
Objective value for Line heur k = 52: 10519434.976359162
38
Actual reward of current solution: 53482545.70306394
Minimum Difference with past solutions:0.0.
New solution equals old solution at k=52
37
Total Reward at the start of the inner iterations: 53482545.70306394
Gurobi status: 2

Statistics for model Linearization Heuristic :
  Linear constraint matrix    : 7497 Constrs, 4590 Vars, 1383000 NZs
  Matrix coefficient range    : [ 1.00832e-13, 1 ]
  Objective coefficient range : [ 1.19511e-22, 7.96265e+07 ]
  Variable bound range        : [ 0.05, 1 ]
  RHS coefficient range       : [ 4.53172e-08, 1 ]
Objective value for Line heur k = 53: 10324616.716801925
37
Actual reward of current solution: 53482545.70306394
Minimum Difference with past solutions:0.0.
New solution equals old solution at k=53
36
Total Reward at the start of the inner iterations: 53482545.70306394
Gurobi status: 2

Statistics for model Linearization Heuristic :
  Linear constraint matrix    : 7332 Constrs, 4500 Vars, 1323158 NZs
  Matrix coefficient range    : [ 1.00832e-13, 1 ]
  Objective coefficient range : [ 1.19511e-22, 7.96265e+07 ]
  Variable bound range        : [ 0.05, 1 ]
  RHS coefficient range       : [ 4.32196e-08, 1 ]
Objective value for Line heur k = 54: 10129167.938534789
36
Actual reward of current solution: 53482545.70306394
Minimum Difference with past solutions:0.0.
New solution equals old solution at k=54
35
Total Reward at the start of the inner iterations: 53482545.70306394
Gurobi status: 2

Statistics for model Linearization Heuristic :
  Linear constraint matrix    : 7167 Constrs, 4410 Vars, 1264551 NZs
  Matrix coefficient range    : [ 1.00832e-13, 1 ]
  Objective coefficient range : [ 1.19511e-22, 7.96265e+07 ]
  Variable bound range        : [ 0.05, 1 ]
  RHS coefficient range       : [ 4.12006e-08, 1 ]
Objective value for Line heur k = 55: 9933121.482673815
35
Actual reward of current solution: 53482545.70306394
Minimum Difference with past solutions:0.0.
New solution equals old solution at k=55
34
Total Reward at the start of the inner iterations: 53482545.70306394
Gurobi status: 2

Statistics for model Linearization Heuristic :
  Linear constraint matrix    : 7002 Constrs, 4320 Vars, 1207233 NZs
  Matrix coefficient range    : [ 1.00832e-13, 1 ]
  Objective coefficient range : [ 1.19511e-22, 7.96265e+07 ]
  Variable bound range        : [ 0.05, 1 ]
  RHS coefficient range       : [ 3.92604e-08, 0.290355 ]
Objective value for Line heur k = 56: 9736508.744925907
34
Actual reward of current solution: 53482545.70306394
Minimum Difference with past solutions:0.0.
New solution equals old solution at k=56
33
Total Reward at the start of the inner iterations: 53482545.70306394
Gurobi status: 2

Statistics for model Linearization Heuristic :
  Linear constraint matrix    : 6891 Constrs, 4230 Vars, 1151150 NZs
  Matrix coefficient range    : [ 1.00832e-13, 1 ]
  Objective coefficient range : [ 1.19511e-22, 7.96265e+07 ]
  Variable bound range        : [ 0.05, 1 ]
  RHS coefficient range       : [ 3.73984e-08, 1 ]
Objective value for Line heur k = 57: 9539359.72480973
33
Actual reward of current solution: 53482545.70306394
Minimum Difference with past solutions:0.0.
New solution equals old solution at k=57
32
Total Reward at the start of the inner iterations: 53482545.70306394
Gurobi status: 2

Statistics for model Linearization Heuristic :
  Linear constraint matrix    : 6726 Constrs, 4140 Vars, 1096248 NZs
  Matrix coefficient range    : [ 1.00832e-13, 1 ]
  Objective coefficient range : [ 1.19511e-22, 7.96265e+07 ]
  Variable bound range        : [ 0.05, 1 ]
  RHS coefficient range       : [ 3.56138e-08, 1 ]
Objective value for Line heur k = 58: 9341703.074908327
32
Actual reward of current solution: 53482545.70306394
Minimum Difference with past solutions:0.0.
New solution equals old solution at k=58
31
Total Reward at the start of the inner iterations: 53482545.70306394
Gurobi status: 2

Statistics for model Linearization Heuristic :
  Linear constraint matrix    : 6561 Constrs, 4050 Vars, 1042581 NZs
  Matrix coefficient range    : [ 1.00832e-13, 1 ]
  Objective coefficient range : [ 1.19511e-22, 7.96265e+07 ]
  Variable bound range        : [ 0.05, 1 ]
  RHS coefficient range       : [ 3.39051e-08, 1 ]
Objective value for Line heur k = 59: 9143566.149907866
31
Actual reward of current solution: 53482545.70306394
Minimum Difference with past solutions:0.0.
New solution equals old solution at k=59
30
Total Reward at the start of the inner iterations: 53482545.70306394
Gurobi status: 2

Statistics for model Linearization Heuristic :
  Linear constraint matrix    : 6396 Constrs, 3960 Vars, 990149 NZs
  Matrix coefficient range    : [ 1.00832e-13, 1 ]
  Objective coefficient range : [ 1.19511e-22, 7.96265e+07 ]
  Variable bound range        : [ 0.05, 1 ]
  RHS coefficient range       : [ 3.22706e-08, 1 ]
Objective value for Line heur k = 60: 8944975.055208208
30
Actual reward of current solution: 53482545.70306394
Minimum Difference with past solutions:0.0.
New solution equals old solution at k=60
29
Total Reward at the start of the inner iterations: 53482545.70306394
Gurobi status: 2

Statistics for model Linearization Heuristic :
  Linear constraint matrix    : 6231 Constrs, 3870 Vars, 938952 NZs
  Matrix coefficient range    : [ 1.00832e-13, 1 ]
  Objective coefficient range : [ 1.19511e-22, 7.96265e+07 ]
  Variable bound range        : [ 0.05, 1 ]
  RHS coefficient range       : [ 3.07085e-08, 1 ]
Objective value for Line heur k = 61: 8745954.69492184
29
Actual reward of current solution: 53482545.70306394
Minimum Difference with past solutions:0.0.
New solution equals old solution at k=61
28
Total Reward at the start of the inner iterations: 53482545.70306394
Gurobi status: 2

Statistics for model Linearization Heuristic :
  Linear constraint matrix    : 6066 Constrs, 3780 Vars, 888991 NZs
  Matrix coefficient range    : [ 1.00832e-13, 1 ]
  Objective coefficient range : [ 1.19511e-22, 7.96265e+07 ]
  Variable bound range        : [ 0.05, 1 ]
  RHS coefficient range       : [ 2.92165e-08, 1 ]
Objective value for Line heur k = 62: 8546528.819106545
28
Actual reward of current solution: 53482545.70306394
Minimum Difference with past solutions:0.0.
New solution equals old solution at k=62
27
Total Reward at the start of the inner iterations: 53482545.70306394
Gurobi status: 2

Statistics for model Linearization Heuristic :
  Linear constraint matrix    : 5901 Constrs, 3690 Vars, 840265 NZs
  Matrix coefficient range    : [ 1.00832e-13, 1 ]
  Objective coefficient range : [ 1.19511e-22, 7.96265e+07 ]
  Variable bound range        : [ 0.05, 1 ]
  RHS coefficient range       : [ 2.77925e-08, 1 ]
Objective value for Line heur k = 63: 8346720.070103057
27
Actual reward of current solution: 53482545.70306394
Minimum Difference with past solutions:0.0.
New solution equals old solution at k=63
26
Total Reward at the start of the inner iterations: 53482545.70306394
Gurobi status: 2

Statistics for model Linearization Heuristic :
  Linear constraint matrix    : 5736 Constrs, 3600 Vars, 792774 NZs
  Matrix coefficient range    : [ 1.00832e-13, 1 ]
  Objective coefficient range : [ 1.19511e-22, 7.96265e+07 ]
  Variable bound range        : [ 0.05, 1 ]
  RHS coefficient range       : [ 2.64341e-08, 1 ]
Objective value for Line heur k = 64: 8146550.027872463
26
Actual reward of current solution: 53482545.70306394
Minimum Difference with past solutions:0.0.
New solution equals old solution at k=64
25
Total Reward at the start of the inner iterations: 53482545.70306394
Gurobi status: 2

Statistics for model Linearization Heuristic :
  Linear constraint matrix    : 5571 Constrs, 3510 Vars, 746518 NZs
  Matrix coefficient range    : [ 1.00832e-13, 1 ]
  Objective coefficient range : [ 1.19511e-22, 7.96265e+07 ]
  Variable bound range        : [ 0.05, 1 ]
  RHS coefficient range       : [ 2.51391e-08, 1 ]
Objective value for Line heur k = 65: 7946039.254248814
25
Actual reward of current solution: 53482545.70306394
Minimum Difference with past solutions:0.0.
New solution equals old solution at k=65
24
Total Reward at the start of the inner iterations: 53482545.70306394
Gurobi status: 2

Statistics for model Linearization Heuristic :
  Linear constraint matrix    : 5406 Constrs, 3420 Vars, 701497 NZs
  Matrix coefficient range    : [ 1.00832e-13, 1 ]
  Objective coefficient range : [ 1.19511e-22, 7.96265e+07 ]
  Variable bound range        : [ 0.05, 1 ]
  RHS coefficient range       : [ 2.39049e-08, 1 ]
Objective value for Line heur k = 66: 7745207.336041496
24
Actual reward of current solution: 53482545.70306394
Minimum Difference with past solutions:0.0.
New solution equals old solution at k=66
23
Total Reward at the start of the inner iterations: 53482545.70306394
Gurobi status: 2

Statistics for model Linearization Heuristic :
  Linear constraint matrix    : 5241 Constrs, 3330 Vars, 657711 NZs
  Matrix coefficient range    : [ 1.00832e-13, 1 ]
  Objective coefficient range : [ 1.19511e-22, 7.96265e+07 ]
  Variable bound range        : [ 0.05, 1 ]
  RHS coefficient range       : [ 2.27291e-08, 1 ]
Objective value for Line heur k = 67: 7544072.926937496
23
Actual reward of current solution: 53482545.70306394
Minimum Difference with past solutions:0.0.
New solution equals old solution at k=67
22
Total Reward at the start of the inner iterations: 53482545.70306394
Gurobi status: 2

Statistics for model Linearization Heuristic :
  Linear constraint matrix    : 5076 Constrs, 3240 Vars, 615160 NZs
  Matrix coefficient range    : [ 1.00832e-13, 1 ]
  Objective coefficient range : [ 1.19511e-22, 7.96265e+07 ]
  Variable bound range        : [ 0.05, 1 ]
  RHS coefficient range       : [ 2.16095e-08, 1 ]
Objective value for Line heur k = 68: 7342653.788168815
22
Actual reward of current solution: 53482545.70306394
Minimum Difference with past solutions:0.0.
New solution equals old solution at k=68
21
Total Reward at the start of the inner iterations: 53482545.70306394
Gurobi status: 2

Statistics for model Linearization Heuristic :
  Linear constraint matrix    : 4911 Constrs, 3150 Vars, 573845 NZs
  Matrix coefficient range    : [ 1.00832e-13, 1 ]
  Objective coefficient range : [ 1.19511e-22, 7.96265e+07 ]
  Variable bound range        : [ 0.05, 1 ]
  RHS coefficient range       : [ 2.05436e-08, 1 ]
Objective value for Line heur k = 69: 7140966.827923126
21
Actual reward of current solution: 53482545.70306394
Minimum Difference with past solutions:0.0.
New solution equals old solution at k=69
20
Total Reward at the start of the inner iterations: 53482545.70306394
Gurobi status: 2

Statistics for model Linearization Heuristic :
  Linear constraint matrix    : 4746 Constrs, 3060 Vars, 533819 NZs
  Matrix coefficient range    : [ 1.00832e-13, 1 ]
  Objective coefficient range : [ 1.19511e-22, 7.96265e+07 ]
  Variable bound range        : [ 0.05, 1 ]
  RHS coefficient range       : [ 1.95291e-08, 0.289943 ]
Objective value for Line heur k = 70: 6939028.139487631
20
Actual reward of current solution: 53482545.70306394
Minimum Difference with past solutions:0.0.
New solution equals old solution at k=70
19
Total Reward at the start of the inner iterations: 53482545.70306394
Gurobi status: 2

Statistics for model Linearization Heuristic :
  Linear constraint matrix    : 4635 Constrs, 2970 Vars, 495028 NZs
  Matrix coefficient range    : [ 1.00832e-13, 1 ]
  Objective coefficient range : [ 1.19511e-22, 7.96265e+07 ]
  Variable bound range        : [ 0.05, 1 ]
  RHS coefficient range       : [ 1.85638e-08, 1 ]
Objective value for Line heur k = 71: 6736853.038127926
19
Actual reward of current solution: 53482545.70306394
Minimum Difference with past solutions:0.0.
New solution equals old solution at k=71
18
Total Reward at the start of the inner iterations: 53482545.70306394
Gurobi status: 2

Statistics for model Linearization Heuristic :
  Linear constraint matrix    : 4470 Constrs, 2880 Vars, 457418 NZs
  Matrix coefficient range    : [ 1.00832e-13, 1 ]
  Objective coefficient range : [ 1.19511e-22, 7.96265e+07 ]
  Variable bound range        : [ 0.05, 1 ]
  RHS coefficient range       : [ 1.76455e-08, 1 ]
Objective value for Line heur k = 72: 6534456.096715688
18
Actual reward of current solution: 53482545.70306394
Minimum Difference with past solutions:0.0.
New solution equals old solution at k=72
17
Total Reward at the start of the inner iterations: 53482545.70306394
Gurobi status: 2

Statistics for model Linearization Heuristic :
  Linear constraint matrix    : 4305 Constrs, 2790 Vars, 421044 NZs
  Matrix coefficient range    : [ 1.00832e-13, 1 ]
  Objective coefficient range : [ 1.19511e-22, 7.96265e+07 ]
  Variable bound range        : [ 0.05, 1 ]
  RHS coefficient range       : [ 1.67721e-08, 1 ]
Objective value for Line heur k = 73: 6331851.180133206
17
Actual reward of current solution: 53482545.70306394
Minimum Difference with past solutions:0.0.
New solution equals old solution at k=73
16
Total Reward at the start of the inner iterations: 53482545.70306394
Gurobi status: 2

Statistics for model Linearization Heuristic :
  Linear constraint matrix    : 4140 Constrs, 2700 Vars, 385905 NZs
  Matrix coefficient range    : [ 1.00832e-13, 1 ]
  Objective coefficient range : [ 1.19511e-22, 7.96265e+07 ]
  Variable bound range        : [ 0.05, 1 ]
  RHS coefficient range       : [ 1.59415e-08, 1 ]
Objective value for Line heur k = 74: 6129051.478501847
16
Actual reward of current solution: 53482545.70306394
Minimum Difference with past solutions:0.0.
New solution equals old solution at k=74
15
Total Reward at the start of the inner iterations: 53482545.70306394
Gurobi status: 2

Statistics for model Linearization Heuristic :
  Linear constraint matrix    : 3975 Constrs, 2610 Vars, 352001 NZs
  Matrix coefficient range    : [ 1.00832e-13, 1 ]
  Objective coefficient range : [ 1.19511e-22, 7.96265e+07 ]
  Variable bound range        : [ 0.05, 1 ]
  RHS coefficient range       : [ 1.51516e-08, 1 ]
Objective value for Line heur k = 75: 5926069.539309123
15
Actual reward of current solution: 53482545.70306394
Minimum Difference with past solutions:0.0.
New solution equals old solution at k=75
14
Total Reward at the start of the inner iterations: 53482545.70306394
Gurobi status: 2

Statistics for model Linearization Heuristic :
  Linear constraint matrix    : 3810 Constrs, 2520 Vars, 319332 NZs
  Matrix coefficient range    : [ 1.00832e-13, 1 ]
  Objective coefficient range : [ 1.19511e-22, 7.96265e+07 ]
  Variable bound range        : [ 0.05, 1 ]
  RHS coefficient range       : [ 1.17312e-08, 1 ]
Objective value for Line heur k = 76: 5722917.298553277
14
Actual reward of current solution: 53482545.70306394
Minimum Difference with past solutions:0.0.
New solution equals old solution at k=76
13
Total Reward at the start of the inner iterations: 53482545.70306394
Gurobi status: 2

Statistics for model Linearization Heuristic :
  Linear constraint matrix    : 3645 Constrs, 2430 Vars, 287898 NZs
  Matrix coefficient range    : [ 1.00832e-13, 1 ]
  Objective coefficient range : [ 1.19511e-22, 7.96265e+07 ]
  Variable bound range        : [ 0.05, 1 ]
  RHS coefficient range       : [ 2.36472e-09, 1 ]
Objective value for Line heur k = 77: 5519606.111096816
13
Actual reward of current solution: 53482545.70306394
Minimum Difference with past solutions:0.0.
New solution equals old solution at k=77
12
Total Reward at the start of the inner iterations: 53482545.70306394
Gurobi status: 2

Statistics for model Linearization Heuristic :
  Linear constraint matrix    : 3480 Constrs, 2340 Vars, 257699 NZs
  Matrix coefficient range    : [ 1.00832e-13, 1 ]
  Objective coefficient range : [ 1.19511e-22, 7.96265e+07 ]
  Variable bound range        : [ 0.05, 1 ]
  RHS coefficient range       : [ 2.63996e-09, 1 ]
Objective value for Line heur k = 78: 5316146.780543684
12
Actual reward of current solution: 53482545.70306394
Minimum Difference with past solutions:0.0.
New solution equals old solution at k=78
11
Total Reward at the start of the inner iterations: 53482545.70306394
Gurobi status: 2

Statistics for model Linearization Heuristic :
  Linear constraint matrix    : 3315 Constrs, 2250 Vars, 228735 NZs
  Matrix coefficient range    : [ 1.00832e-13, 1 ]
  Objective coefficient range : [ 1.19511e-22, 7.96265e+07 ]
  Variable bound range        : [ 0.05, 1 ]
  RHS coefficient range       : [ 8.15056e-11, 1 ]
Objective value for Line heur k = 79: 5112549.589166085
11
Actual reward of current solution: 53482545.70306394
Minimum Difference with past solutions:0.0.
New solution equals old solution at k=79
10
Total Reward at the start of the inner iterations: 53482545.70306394
Gurobi status: 2

Statistics for model Linearization Heuristic :
  Linear constraint matrix    : 3150 Constrs, 2160 Vars, 201007 NZs
  Matrix coefficient range    : [ 1.00832e-13, 1 ]
  Objective coefficient range : [ 1.19511e-22, 7.96265e+07 ]
  Variable bound range        : [ 0.05, 1 ]
  RHS coefficient range       : [ 3.42471e-09, 1 ]
Objective value for Line heur k = 80: 4908824.328770962
10
Actual reward of current solution: 53482545.70306394
Minimum Difference with past solutions:0.0.
New solution equals old solution at k=80
9
Total Reward at the start of the inner iterations: 53482545.70306394
Gurobi status: 2

Statistics for model Linearization Heuristic :
  Linear constraint matrix    : 2985 Constrs, 2070 Vars, 174514 NZs
  Matrix coefficient range    : [ 1.00832e-13, 1 ]
  Objective coefficient range : [ 1.19511e-22, 7.96265e+07 ]
  Variable bound range        : [ 0.05, 1 ]
  RHS coefficient range       : [ 7.22416e-09, 1 ]
Objective value for Line heur k = 81: 4704980.3340251995
9
Actual reward of current solution: 53482545.70306394
Minimum Difference with past solutions:0.0.
New solution equals old solution at k=81
8
Total Reward at the start of the inner iterations: 53482545.70306394
Gurobi status: 2

Statistics for model Linearization Heuristic :
  Linear constraint matrix    : 2820 Constrs, 1980 Vars, 149257 NZs
  Matrix coefficient range    : [ 1.00832e-13, 1 ]
  Objective coefficient range : [ 1.19511e-22, 7.96265e+07 ]
  Variable bound range        : [ 0.05, 1 ]
  RHS coefficient range       : [ 1.10346e-08, 1 ]
Objective value for Line heur k = 82: 4501026.5208481
8
Actual reward of current solution: 53482545.70306394
Minimum Difference with past solutions:0.0.
New solution equals old solution at k=82
7
Total Reward at the start of the inner iterations: 53482545.70306394
Gurobi status: 2

Statistics for model Linearization Heuristic :
  Linear constraint matrix    : 2655 Constrs, 1890 Vars, 125235 NZs
  Matrix coefficient range    : [ 1.00832e-13, 1 ]
  Objective coefficient range : [ 1.19511e-22, 7.96265e+07 ]
  Variable bound range        : [ 0.05, 1 ]
  RHS coefficient range       : [ 1.48639e-08, 1 ]
Objective value for Line heur k = 83: 4296971.434365646
7
Actual reward of current solution: 53482545.70306394
Minimum Difference with past solutions:0.0.
New solution equals old solution at k=83
6
Total Reward at the start of the inner iterations: 53482545.70306394
Gurobi status: 2

Statistics for model Linearization Heuristic :
  Linear constraint matrix    : 2490 Constrs, 1800 Vars, 102504 NZs
  Matrix coefficient range    : [ 1.00832e-13, 1 ]
  Objective coefficient range : [ 1.19511e-22, 7.96265e+07 ]
  Variable bound range        : [ 0.05, 1 ]
  RHS coefficient range       : [ 1.87261e-08, 0.289706 ]
Objective value for Line heur k = 84: 4092823.314188643
6
Actual reward of current solution: 53482545.70306394
Minimum Difference with past solutions:0.0.
New solution equals old solution at k=84
5
Total Reward at the start of the inner iterations: 53482545.70306394
Gurobi status: 2

Statistics for model Linearization Heuristic :
  Linear constraint matrix    : 2379 Constrs, 1710 Vars, 81010 NZs
  Matrix coefficient range    : [ 1.00832e-13, 1 ]
  Objective coefficient range : [ 1.19511e-22, 7.96265e+07 ]
  Variable bound range        : [ 0.05, 1 ]
  RHS coefficient range       : [ 2.2645e-08, 1 ]
Objective value for Line heur k = 85: 3888590.190436547
5
Actual reward of current solution: 53482545.70306394
Minimum Difference with past solutions:0.0.
New solution equals old solution at k=85
4
Total Reward at the start of the inner iterations: 53482545.70306394
Gurobi status: 2

Statistics for model Linearization Heuristic :
  Linear constraint matrix    : 2214 Constrs, 1620 Vars, 60701 NZs
  Matrix coefficient range    : [ 1.00832e-13, 1 ]
  Objective coefficient range : [ 1.19511e-22, 7.96265e+07 ]
  Variable bound range        : [ 0.05, 1 ]
  RHS coefficient range       : [ 2.66625e-08, 1 ]
Objective value for Line heur k = 86: 3684280.03373366
4
Actual reward of current solution: 53482545.70306394
Minimum Difference with past solutions:0.0.
New solution equals old solution at k=86
3
Total Reward at the start of the inner iterations: 53482545.70306394
Gurobi status: 2

Statistics for model Linearization Heuristic :
  Linear constraint matrix    : 2049 Constrs, 1530 Vars, 41647 NZs
  Matrix coefficient range    : [ 1.00832e-13, 1 ]
  Objective coefficient range : [ 1.91054e-21, 7.96265e+07 ]
  Variable bound range        : [ 0.05, 1 ]
  RHS coefficient range       : [ 3.08504e-08, 1 ]
Objective value for Line heur k = 87: 3479900.9993891614
3
Actual reward of current solution: 53482545.70306394
Minimum Difference with past solutions:0.0.
New solution equals old solution at k=87
2
Total Reward at the start of the inner iterations: 53482545.70306394
Gurobi status: 2

Statistics for model Linearization Heuristic :
  Linear constraint matrix    : 1884 Constrs, 1440 Vars, 23931 NZs
  Matrix coefficient range    : [ 2.14499e-13, 1 ]
  Objective coefficient range : [ 1.91054e-21, 7.96265e+07 ]
  Variable bound range        : [ 0.05, 1 ]
  RHS coefficient range       : [ 3.53338e-08, 1 ]
Objective value for Line heur k = 88: 3275461.835394313
2
Actual reward of current solution: 53482545.70306394
Minimum Difference with past solutions:0.0.
New solution equals old solution at k=88
1
Total Reward at the start of the inner iterations: 53482545.70306394
Gurobi status: 2

Statistics for model Linearization Heuristic :
  Linear constraint matrix    : 1719 Constrs, 1350 Vars, 11838 NZs
  Matrix coefficient range    : [ 2.52688e-13, 1 ]
  Objective coefficient range : [ 1.38778e-17, 7.96265e+07 ]
  Variable bound range        : [ 0.05, 1 ]
  RHS coefficient range       : [ 4.0329e-08, 1 ]
Objective value for Line heur k = 89: 3070972.5748343663
1
Actual reward of current solution: 53482545.70306394
Minimum Difference with past solutions:0.0.
New solution equals old solution at k=89
0
Total Reward at the start of the inner iterations: 53482545.70306394
Gurobi status: 2

Statistics for model Linearization Heuristic :
  Linear constraint matrix    : 1554 Constrs, 1260 Vars, 2709 NZs
  Matrix coefficient range    : [ 0.288979, 1 ]
  Objective coefficient range : [ 1.38778e-17, 7.96265e+07 ]
  Variable bound range        : [ 0.05, 1 ]
  RHS coefficient range       : [ 4.62107e-08, 0.289642 ]
Objective value for Line heur k = 90: 2866445.7215910032
0
Actual reward of current solution: 53482545.70306394
Minimum Difference with past solutions:0.0.
New solution equals old solution at k=90
0
Total Reward at the start of the inner iterations: 53482545.70306394
Gurobi status: 2

Statistics for model Linearization Heuristic :
  Linear constraint matrix    : 1443 Constrs, 1170 Vars, 2457 NZs
  Matrix coefficient range    : [ 0.317935, 1 ]
  Objective coefficient range : [ 1.38778e-17, 7.96265e+07 ]
  Variable bound range        : [ 0.05, 1 ]
  RHS coefficient range       : [ 4.62107e-08, 0.289642 ]
Objective value for Line heur k = 91: 2661699.542470064
0
Actual reward of current solution: 53482545.70306394
Minimum Difference with past solutions:0.0.
New solution equals old solution at k=91
0
Total Reward at the start of the inner iterations: 53482545.70306394
Gurobi status: 2

Statistics for model Linearization Heuristic :
  Linear constraint matrix    : 1332 Constrs, 1080 Vars, 2214 NZs
  Matrix coefficient range    : [ 0.349792, 1 ]
  Objective coefficient range : [ 1.38778e-17, 7.96265e+07 ]
  Variable bound range        : [ 0.05, 1 ]
  RHS coefficient range       : [ 4.62107e-08, 0.289642 ]
Objective value for Line heur k = 92: 2456953.376206788
0
Actual reward of current solution: 53482545.70306394
Minimum Difference with past solutions:0.0.
New solution equals old solution at k=92
0
Total Reward at the start of the inner iterations: 53482545.70306394
Gurobi status: 2

Statistics for model Linearization Heuristic :
  Linear constraint matrix    : 1221 Constrs, 990 Vars, 1980 NZs
  Matrix coefficient range    : [ 0.384842, 1 ]
  Objective coefficient range : [ 1.38778e-17, 7.96265e+07 ]
  Variable bound range        : [ 0.05, 1 ]
  RHS coefficient range       : [ 4.62107e-08, 0.289642 ]
Objective value for Line heur k = 93: 2252207.2221748265
0
Actual reward of current solution: 53482545.70306394
Minimum Difference with past solutions:0.0.
New solution equals old solution at k=93
0
Total Reward at the start of the inner iterations: 53482545.70306394
Gurobi status: 2

Statistics for model Linearization Heuristic :
  Linear constraint matrix    : 1110 Constrs, 900 Vars, 1755 NZs
  Matrix coefficient range    : [ 0.423403, 1 ]
  Objective coefficient range : [ 1.38778e-17, 7.96265e+07 ]
  Variable bound range        : [ 0.05, 1 ]
  RHS coefficient range       : [ 4.62107e-08, 0.289642 ]
Objective value for Line heur k = 94: 2047461.0792574056
0
Actual reward of current solution: 53482545.70306394
Minimum Difference with past solutions:0.0.
New solution equals old solution at k=94
0
Total Reward at the start of the inner iterations: 53482545.70306394
Gurobi status: 2

Statistics for model Linearization Heuristic :
  Linear constraint matrix    : 999 Constrs, 810 Vars, 1539 NZs
  Matrix coefficient range    : [ 0.465828, 1 ]
  Objective coefficient range : [ 1.38778e-17, 7.96265e+07 ]
  Variable bound range        : [ 0.05, 1 ]
  RHS coefficient range       : [ 4.62107e-08, 0.289642 ]
Objective value for Line heur k = 95: 1842714.9461316874
0
Actual reward of current solution: 53482545.70306394
Minimum Difference with past solutions:0.0.
New solution equals old solution at k=95
0
Total Reward at the start of the inner iterations: 53482545.70306394
Gurobi status: 2

Statistics for model Linearization Heuristic :
  Linear constraint matrix    : 888 Constrs, 720 Vars, 1332 NZs
  Matrix coefficient range    : [ 0.512504, 1 ]
  Objective coefficient range : [ 1.38778e-17, 7.96265e+07 ]
  Variable bound range        : [ 0.05, 1 ]
  RHS coefficient range       : [ 4.62107e-08, 0.289642 ]
Objective value for Line heur k = 96: 1637968.8214415812
0
Actual reward of current solution: 53482545.70306394
Minimum Difference with past solutions:0.0.
New solution equals old solution at k=96
0
Total Reward at the start of the inner iterations: 53482545.70306394
Gurobi status: 2

Statistics for model Linearization Heuristic :
  Linear constraint matrix    : 777 Constrs, 630 Vars, 1134 NZs
  Matrix coefficient range    : [ 0.563857, 1 ]
  Objective coefficient range : [ 1.38778e-17, 7.96265e+07 ]
  Variable bound range        : [ 0.05, 1 ]
  RHS coefficient range       : [ 4.62107e-08, 0.289642 ]
Objective value for Line heur k = 97: 1433222.7038970662
0
Actual reward of current solution: 53482545.70306394
Minimum Difference with past solutions:0.0.
New solution equals old solution at k=97
0
Total Reward at the start of the inner iterations: 53482545.70306394
Gurobi status: 2

Statistics for model Linearization Heuristic :
  Linear constraint matrix    : 666 Constrs, 540 Vars, 945 NZs
  Matrix coefficient range    : [ 0.620356, 1 ]
  Objective coefficient range : [ 1.38778e-17, 7.96265e+07 ]
  Variable bound range        : [ 0.05, 1 ]
  RHS coefficient range       : [ 4.62107e-08, 0.289642 ]
Objective value for Line heur k = 98: 1228476.5923259063
0
Actual reward of current solution: 53482545.70306394
Minimum Difference with past solutions:0.0.
New solution equals old solution at k=98
0
Total Reward at the start of the inner iterations: 53482545.70306394
Gurobi status: 2

Statistics for model Linearization Heuristic :
  Linear constraint matrix    : 555 Constrs, 450 Vars, 765 NZs
  Matrix coefficient range    : [ 0.682516, 1 ]
  Objective coefficient range : [ 1.38778e-17, 7.96265e+07 ]
  Variable bound range        : [ 0.05, 1 ]
  RHS coefficient range       : [ 4.62107e-08, 0.289642 ]
Objective value for Line heur k = 99: 1023730.4856953814
0
Actual reward of current solution: 53482545.70306394
Minimum Difference with past solutions:0.0.
New solution equals old solution at k=99
0
Total Reward at the start of the inner iterations: 53482545.70306394
Gurobi status: 2

Statistics for model Linearization Heuristic :
  Linear constraint matrix    : 444 Constrs, 360 Vars, 594 NZs
  Matrix coefficient range    : [ 0.750904, 1 ]
  Objective coefficient range : [ 1.38778e-17, 7.96265e+07 ]
  Variable bound range        : [ 0.05, 1 ]
  RHS coefficient range       : [ 4.62107e-08, 0.289642 ]
Objective value for Line heur k = 100: 818984.3831157961
0
Actual reward of current solution: 53482545.70306394
Minimum Difference with past solutions:0.0.
New solution equals old solution at k=100
0
Total Reward at the start of the inner iterations: 53482545.70306394
Gurobi status: 2

Statistics for model Linearization Heuristic :
  Linear constraint matrix    : 333 Constrs, 270 Vars, 432 NZs
  Matrix coefficient range    : [ 0.826145, 1 ]
  Objective coefficient range : [ 1.38778e-17, 7.96265e+07 ]
  Variable bound range        : [ 0.05, 1 ]
  RHS coefficient range       : [ 4.62107e-08, 0.289642 ]
Objective value for Line heur k = 101: 614238.283833515
0
Actual reward of current solution: 53482545.70306394
Minimum Difference with past solutions:0.0.
New solution equals old solution at k=101
0
Total Reward at the start of the inner iterations: 53482545.70306394
Gurobi status: 2

Statistics for model Linearization Heuristic :
  Linear constraint matrix    : 222 Constrs, 180 Vars, 279 NZs
  Matrix coefficient range    : [ 0.908925, 1 ]
  Objective coefficient range : [ 0.000174117, 7.96265e+07 ]
  Variable bound range        : [ 0.05, 1 ]
  RHS coefficient range       : [ 4.62107e-08, 0.289642 ]
Objective value for Line heur k = 102: 409492.1872185383
0
Actual reward of current solution: 53482545.70306394
Minimum Difference with past solutions:0.0.
New solution equals old solution at k=102
0
Total Reward at the start of the inner iterations: 53482545.70306394
Gurobi status: 2

Statistics for model Linearization Heuristic :
  Linear constraint matrix    : 111 Constrs, 90 Vars, 135 NZs
  Matrix coefficient range    : [ 1, 1 ]
  Objective coefficient range : [ 973.183, 7.96265e+07 ]
  Variable bound range        : [ 0.05, 1 ]
  RHS coefficient range       : [ 4.62107e-08, 0.289642 ]
Objective value for Line heur k = 103: 204746.09274978287
0
Actual reward of current solution: 53482545.70306394
Minimum Difference with past solutions:0.0.
New solution equals old solution at k=103
Total running time for 90 days is 1649.1726965904236
Economic Value: 61593164.27328836
Deaths 0.1084423406236448
Total Reward 53482545.70306394
