{'groups': 'all', 'params_to_try': {'delta_schooling': [0.5], 'xi': [0, 371990.3, 929975.75, 1859951.5, 3719903, 5579854.5], 'icus': [2900], 'tests': [[60000, 0]], 'testing': ['homogeneous'], 'eta': [0.1]}}
{'groups': 'all', 'params_to_try': {'delta_schooling': [0.5], 'xi': [0, 371990.3, 929975.75, 1859951.5, 3719903, 5579854.5], 'icus': [2900], 'tests': [[60000, 0]], 'testing': ['homogeneous'], 'eta': [0.1]}}
{'groups': 'all', 'params_to_try': {'delta_schooling': [0.7579544029403025], 'icus': [2900], 'eta': [0.16888437030500963], 'tests': [[0, 0]], 'xi': [33479127.0], 'testing': ['homogeneous']}}
results/time_gradient/xi-33479127_icus-2900_testing-homogeneous_natests-0_nmtests-0_T-90_startday-0_groups-all_dschool-0.757954_eta-0.168884_freq-90-14_initParamVarying-multiplier_beta_randomInstance-0.yaml
{'groups': 'all', 'params_to_try': {'delta_schooling': [0.5], 'xi': [0, 371990.3, 929975.75, 1859951.5, 3719903, 5579854.5], 'icus': [2900], 'tests': [[60000, 0]], 'testing': ['homogeneous'], 'eta': [0.1]}}
{'groups': 'all', 'params_to_try': {'delta_schooling': [0.5], 'xi': [0, 371990.3, 929975.75, 1859951.5, 3719903, 5579854.5], 'icus': [2900], 'tests': [[60000, 0]], 'testing': ['homogeneous'], 'eta': [0.1]}}
{'groups': 'all', 'params_to_try': {'delta_schooling': [0.7579544029403025], 'icus': [2900], 'eta': [0.16888437030500963], 'tests': [[0, 0]], 'xi': [33479127.0], 'testing': ['homogeneous']}}
results/dynamic_gradient/xi-33479127_icus-2900_testing-homogeneous_natests-0_nmtests-0_T-90_startday-0_groups-all_dschool-0.757954_eta-0.168884_freq-90-14_initParamVarying-multiplier_beta_randomInstance-0.yaml
500
(0.5, 334791270.0, 0.29, 0.0, (7, 14), 'fitted-scaled', 'econ-scaled', 'oct21-scaled', 0.1, 0.05, 2, 'dynamic_gradient', 0, 'multiplier_beta')
The value of T is: 104
Missing starting point -- Running the initial heuristic.
/home/groups/daniancu/covid-optimization/covid-optimization
90
Total Reward at the start of the inner iterations: 37293754.14726553
Using license file /share/software/user/restricted/gurobi/9.0.3_py36/licenses/gurobi.lic
Set parameter TokenServer to value license4.stanford.edu
Gurobi status: 2

Statistics for model Linearization Heuristic :
  Linear constraint matrix    : 16026 Constrs, 9360 Vars, 5835887 NZs
  Matrix coefficient range    : [ 1.00137e-13, 1 ]
  Objective coefficient range : [ 1.4666e-21, 3.4002e+08 ]
  Variable bound range        : [ 0.05, 1 ]
  RHS coefficient range       : [ 7.86286e-09, 0.292522 ]
Objective value for Line heur k = 0: 21863602.948554747
90
Actual reward of current solution: 36425872.311443254
Minimum Difference with past solutions:0.050000000000000044.
Gurobi status: 2

Statistics for model Linearization Heuristic :
  Linear constraint matrix    : 16026 Constrs, 9360 Vars, 6321141 NZs
  Matrix coefficient range    : [ 1.00013e-13, 1 ]
  Objective coefficient range : [ 3.27004e-21, 3.4002e+08 ]
  Variable bound range        : [ 0.05, 1 ]
  RHS coefficient range       : [ 1.55028e-07, 0.293443 ]
Objective value for Line heur k = 0: 20545006.013810154
90
Actual reward of current solution: 37411500.33153281
Minimum Difference with past solutions:0.050000000000000044.
Gurobi status: 2

Statistics for model Linearization Heuristic :
  Linear constraint matrix    : 16026 Constrs, 9360 Vars, 5835898 NZs
  Matrix coefficient range    : [ 1.00083e-13, 1 ]
  Objective coefficient range : [ 2.38423e-22, 3.4002e+08 ]
  Variable bound range        : [ 0.05, 1 ]
  RHS coefficient range       : [ 1.99914e-08, 0.292556 ]
Objective value for Line heur k = 0: 21976660.811786048
90
Actual reward of current solution: 36534334.36984534
Minimum Difference with past solutions:0.050000000000000044.
Gurobi status: 2

Statistics for model Linearization Heuristic :
  Linear constraint matrix    : 16026 Constrs, 9360 Vars, 6321150 NZs
  Matrix coefficient range    : [ 1.0009e-13, 1 ]
  Objective coefficient range : [ 1.63664e-21, 3.4002e+08 ]
  Variable bound range        : [ 0.05, 1 ]
  RHS coefficient range       : [ 2.47374e-08, 0.293479 ]
Objective value for Line heur k = 0: 20646707.054454613
90
Actual reward of current solution: 37528471.288624205
Minimum Difference with past solutions:0.050000000000000044.
Gurobi status: 2

Statistics for model Linearization Heuristic :
  Linear constraint matrix    : 16026 Constrs, 9360 Vars, 5835907 NZs
  Matrix coefficient range    : [ 1.0005e-13, 1 ]
  Objective coefficient range : [ 1.35161e-21, 3.4002e+08 ]
  Variable bound range        : [ 0.05, 1 ]
  RHS coefficient range       : [ 2.0548e-08, 0.29258 ]
Objective value for Line heur k = 0: 22090077.98975474
90
Actual reward of current solution: 36644657.92189345
Minimum Difference with past solutions:0.050000000000000044.
Gurobi status: 2

Statistics for model Linearization Heuristic :
  Linear constraint matrix    : 16026 Constrs, 9360 Vars, 6321159 NZs
  Matrix coefficient range    : [ 1.00231e-13, 1 ]
  Objective coefficient range : [ 9.97406e-22, 3.4002e+08 ]
  Variable bound range        : [ 0.05, 1 ]
  RHS coefficient range       : [ 1.90128e-08, 0.293508 ]
Objective value for Line heur k = 0: 20748957.427528135
90
Actual reward of current solution: 37645288.12950091
Minimum Difference with past solutions:0.050000000000000044.
Gurobi status: 2

Statistics for model Linearization Heuristic :
  Linear constraint matrix    : 16026 Constrs, 9360 Vars, 5835910 NZs
  Matrix coefficient range    : [ 1.00018e-13, 1 ]
  Objective coefficient range : [ 9.91145e-23, 3.4002e+08 ]
  Variable bound range        : [ 0.05, 1 ]
  RHS coefficient range       : [ 4.04673e-08, 0.292594 ]
Objective value for Line heur k = 0: 22203613.47772681
90
Actual reward of current solution: 36756189.02931092
Minimum Difference with past solutions:0.050000000000000044.
Gurobi status: 2

Statistics for model Linearization Heuristic :
  Linear constraint matrix    : 16026 Constrs, 9360 Vars, 6321160 NZs
  Matrix coefficient range    : [ 1.00037e-13, 1 ]
  Objective coefficient range : [ 1.5375e-21, 3.4002e+08 ]
  Variable bound range        : [ 0.05, 1 ]
  RHS coefficient range       : [ 5.78015e-08, 0.29352 ]
Objective value for Line heur k = 0: 20861145.160744216
90
Actual reward of current solution: 37762168.84085286
Minimum Difference with past solutions:0.050000000000000044.
Gurobi status: 2

Statistics for model Linearization Heuristic :
  Linear constraint matrix    : 16026 Constrs, 9360 Vars, 5835911 NZs
  Matrix coefficient range    : [ 1.00186e-13, 1 ]
  Objective coefficient range : [ 3.55763e-22, 3.4002e+08 ]
  Variable bound range        : [ 0.05, 1 ]
  RHS coefficient range       : [ 4.94948e-08, 0.292601 ]
Objective value for Line heur k = 0: 22322567.100287925
90
Actual reward of current solution: 36868387.925902635
Minimum Difference with past solutions:0.050000000000000044.
Gurobi status: 2

Statistics for model Linearization Heuristic :
  Linear constraint matrix    : 16026 Constrs, 9360 Vars, 6321161 NZs
  Matrix coefficient range    : [ 1.00085e-13, 1 ]
  Objective coefficient range : [ 2.62376e-21, 3.4002e+08 ]
  Variable bound range        : [ 0.05, 1 ]
  RHS coefficient range       : [ 1.3003e-07, 0.29353 ]
Objective value for Line heur k = 0: 20974405.14520813
90
Actual reward of current solution: 37879303.09344152
Minimum Difference with past solutions:0.050000000000000044.
Gurobi status: 2

Statistics for model Linearization Heuristic :
  Linear constraint matrix    : 16026 Constrs, 9360 Vars, 5835915 NZs
  Matrix coefficient range    : [ 1.00089e-13, 1 ]
  Objective coefficient range : [ 7.69282e-22, 3.4002e+08 ]
  Variable bound range        : [ 0.05, 1 ]
  RHS coefficient range       : [ 5.803e-08, 0.292608 ]
Objective value for Line heur k = 0: 22442111.037197135
90
Actual reward of current solution: 36981130.0382258
Minimum Difference with past solutions:0.050000000000000044.
Gurobi status: 2

Statistics for model Linearization Heuristic :
  Linear constraint matrix    : 16026 Constrs, 9360 Vars, 6321163 NZs
  Matrix coefficient range    : [ 1.00062e-13, 1 ]
  Objective coefficient range : [ 6.76456e-22, 3.4002e+08 ]
  Variable bound range        : [ 0.05, 1 ]
  RHS coefficient range       : [ 1.58791e-07, 0.29354 ]
Objective value for Line heur k = 0: 21088545.61918198
90
Actual reward of current solution: 37996647.21812923
Minimum Difference with past solutions:0.050000000000000044.
Gurobi status: 2

Statistics for model Linearization Heuristic :
  Linear constraint matrix    : 16026 Constrs, 9360 Vars, 5835915 NZs
  Matrix coefficient range    : [ 1.00264e-13, 1 ]
  Objective coefficient range : [ 6.33614e-22, 3.4002e+08 ]
  Variable bound range        : [ 0.05, 1 ]
  RHS coefficient range       : [ 6.61594e-08, 0.292614 ]
Objective value for Line heur k = 0: 22560191.81437268
90
Actual reward of current solution: 37095167.69376353
Minimum Difference with past solutions:0.05.
Gurobi status: 2

Statistics for model Linearization Heuristic :
  Linear constraint matrix    : 16026 Constrs, 9360 Vars, 6321168 NZs
  Matrix coefficient range    : [ 1.00009e-13, 1 ]
  Objective coefficient range : [ 6.7653e-22, 3.4002e+08 ]
  Variable bound range        : [ 0.05, 1 ]
  RHS coefficient range       : [ 1.59045e-07, 0.293548 ]
Objective value for Line heur k = 0: 21201412.675386272
90
Actual reward of current solution: 38113968.44543203
Minimum Difference with past solutions:0.05.
Gurobi status: 2

Statistics for model Linearization Heuristic :
  Linear constraint matrix    : 16026 Constrs, 9360 Vars, 5835916 NZs
  Matrix coefficient range    : [ 1.00035e-13, 1 ]
  Objective coefficient range : [ 2.02202e-21, 3.4002e+08 ]
  Variable bound range        : [ 0.05, 1 ]
  RHS coefficient range       : [ 6.84063e-08, 0.292616 ]
Objective value for Line heur k = 0: 22675716.090553023
90
Actual reward of current solution: 37212431.60169044
Minimum Difference with past solutions:0.05.
Gurobi status: 2

Statistics for model Linearization Heuristic :
  Linear constraint matrix    : 16026 Constrs, 9360 Vars, 6321168 NZs
  Matrix coefficient range    : [ 1.00009e-13, 1 ]
  Objective coefficient range : [ 6.81546e-22, 3.4002e+08 ]
  Variable bound range        : [ 0.05, 1 ]
  RHS coefficient range       : [ 1.59045e-07, 0.293548 ]
Objective value for Line heur k = 0: 21318666.13370692
90
Actual reward of current solution: 38231233.62882995
Minimum Difference with past solutions:0.05.
Gurobi status: 2

Statistics for model Linearization Heuristic :
  Linear constraint matrix    : 16026 Constrs, 9360 Vars, 5835916 NZs
  Matrix coefficient range    : [ 1.00035e-13, 1 ]
  Objective coefficient range : [ 2.04261e-21, 3.4002e+08 ]
  Variable bound range        : [ 0.05, 1 ]
  RHS coefficient range       : [ 6.84063e-08, 0.292616 ]
Objective value for Line heur k = 0: 22792972.489880975
90
Actual reward of current solution: 37329695.50961737
Minimum Difference with past solutions:0.05.
Gurobi status: 2

Statistics for model Linearization Heuristic :
  Linear constraint matrix    : 16026 Constrs, 9360 Vars, 6321168 NZs
  Matrix coefficient range    : [ 1.00009e-13, 1 ]
  Objective coefficient range : [ 6.86563e-22, 3.4002e+08 ]
  Variable bound range        : [ 0.05, 1 ]
  RHS coefficient range       : [ 1.59045e-07, 0.293548 ]
Objective value for Line heur k = 0: 21435919.592027586
90
Actual reward of current solution: 38348498.81222788
Minimum Difference with past solutions:0.05.
Gurobi status: 2

Statistics for model Linearization Heuristic :
  Linear constraint matrix    : 16026 Constrs, 9360 Vars, 5835916 NZs
  Matrix coefficient range    : [ 1.00035e-13, 1 ]
  Objective coefficient range : [ 2.0632e-21, 3.4002e+08 ]
  Variable bound range        : [ 0.05, 1 ]
  RHS coefficient range       : [ 6.84063e-08, 0.292616 ]
Objective value for Line heur k = 0: 22910228.88920896
90
Actual reward of current solution: 37446959.417544305
Minimum Difference with past solutions:0.05.
Gurobi status: 2

Statistics for model Linearization Heuristic :
  Linear constraint matrix    : 16026 Constrs, 9360 Vars, 6321168 NZs
  Matrix coefficient range    : [ 1.00009e-13, 1 ]
  Objective coefficient range : [ 6.91579e-22, 3.4002e+08 ]
  Variable bound range        : [ 0.05, 1 ]
  RHS coefficient range       : [ 1.59045e-07, 0.293548 ]
Objective value for Line heur k = 0: 21553173.050348353
90
Actual reward of current solution: 38465763.995625824
Minimum Difference with past solutions:0.05.
Gurobi status: 2

Statistics for model Linearization Heuristic :
  Linear constraint matrix    : 16026 Constrs, 9360 Vars, 5835916 NZs
  Matrix coefficient range    : [ 1.00035e-13, 1 ]
  Objective coefficient range : [ 2.0838e-21, 3.4002e+08 ]
  Variable bound range        : [ 0.05, 1 ]
  RHS coefficient range       : [ 6.84063e-08, 0.292616 ]
Objective value for Line heur k = 0: 22968852.695893582
90
Actual reward of current solution: 37505591.37150776
Minimum Difference with past solutions:0.049999999999999684.
Gurobi status: 2

Statistics for model Linearization Heuristic :
  Linear constraint matrix    : 16026 Constrs, 9360 Vars, 6321168 NZs
  Matrix coefficient range    : [ 1.00009e-13, 1 ]
  Objective coefficient range : [ 6.94087e-22, 3.4002e+08 ]
  Variable bound range        : [ 0.05, 1 ]
  RHS coefficient range       : [ 1.59045e-07, 0.293548 ]
Objective value for Line heur k = 0: 21553167.82437091
90
Actual reward of current solution: 38465763.995625824
Minimum Difference with past solutions:0.0.
New solution equals old solution at k=0
89
Total Reward at the start of the inner iterations: 38465763.995625824
Gurobi status: 2

Statistics for model Linearization Heuristic :
  Linear constraint matrix    : 15915 Constrs, 9270 Vars, 5735979 NZs
  Matrix coefficient range    : [ 1.00035e-13, 1 ]
  Objective coefficient range : [ 2.0838e-21, 3.4002e+08 ]
  Variable bound range        : [ 0.05, 1 ]
  RHS coefficient range       : [ 1.25905e-07, 1 ]
Objective value for Line heur k = 1: 23074679.234903257
89
Actual reward of current solution: 38277551.916890174
Minimum Difference with past solutions:0.05.
Gurobi status: 2

Statistics for model Linearization Heuristic :
  Linear constraint matrix    : 15915 Constrs, 9270 Vars, 5889276 NZs
  Matrix coefficient range    : [ 1.00122e-13, 1 ]
  Objective coefficient range : [ 8.89877e-23, 3.4002e+08 ]
  Variable bound range        : [ 0.05, 1 ]
  RHS coefficient range       : [ 1.35657e-07, 1 ]
Objective value for Line heur k = 1: 22629123.481485844
89
Actual reward of current solution: 38465763.995625824
Minimum Difference with past solutions:0.0.
New solution equals old solution at k=1
88
Total Reward at the start of the inner iterations: 38465763.995625824
Gurobi status: 2

Statistics for model Linearization Heuristic :
  Linear constraint matrix    : 15750 Constrs, 9180 Vars, 5636976 NZs
  Matrix coefficient range    : [ 1.00035e-13, 1 ]
  Objective coefficient range : [ 2.0838e-21, 3.4002e+08 ]
  Variable bound range        : [ 0.05, 1 ]
  RHS coefficient range       : [ 1.24925e-07, 1 ]
Objective value for Line heur k = 2: 23292410.327941075
88
Actual reward of current solution: 38277551.916890174
Minimum Difference with past solutions:0.05.
Gurobi status: 2

Statistics for model Linearization Heuristic :
  Linear constraint matrix    : 15750 Constrs, 9180 Vars, 5790273 NZs
  Matrix coefficient range    : [ 1.00122e-13, 1 ]
  Objective coefficient range : [ 8.89877e-23, 3.4002e+08 ]
  Variable bound range        : [ 0.05, 1 ]
  RHS coefficient range       : [ 8.77866e-08, 1 ]
Objective value for Line heur k = 2: 22856400.325063575
88
Actual reward of current solution: 38465763.995625824
Minimum Difference with past solutions:0.0.
New solution equals old solution at k=2
87
Total Reward at the start of the inner iterations: 38465763.995625824
Gurobi status: 2

Statistics for model Linearization Heuristic :
  Linear constraint matrix    : 15585 Constrs, 9090 Vars, 5538961 NZs
  Matrix coefficient range    : [ 1.00035e-13, 1 ]
  Objective coefficient range : [ 2.0838e-21, 3.4002e+08 ]
  Variable bound range        : [ 0.05, 1 ]
  RHS coefficient range       : [ 1.85508e-08, 1 ]
Objective value for Line heur k = 3: 23499550.025127545
87
Actual reward of current solution: 38277551.916890174
Minimum Difference with past solutions:0.05.
Gurobi status: 2

Statistics for model Linearization Heuristic :
  Linear constraint matrix    : 15585 Constrs, 9090 Vars, 5692258 NZs
  Matrix coefficient range    : [ 1.00122e-13, 1 ]
  Objective coefficient range : [ 8.89877e-23, 3.4002e+08 ]
  Variable bound range        : [ 0.05, 1 ]
  RHS coefficient range       : [ 1.33468e-07, 1 ]
Objective value for Line heur k = 3: 23073859.230074033
87
Actual reward of current solution: 38465763.995625824
Minimum Difference with past solutions:0.0.
New solution equals old solution at k=3
86
Total Reward at the start of the inner iterations: 38465763.995625824
Gurobi status: 2

Statistics for model Linearization Heuristic :
  Linear constraint matrix    : 15420 Constrs, 9000 Vars, 5441934 NZs
  Matrix coefficient range    : [ 1.00035e-13, 1 ]
  Objective coefficient range : [ 2.0838e-21, 3.4002e+08 ]
  Variable bound range        : [ 0.05, 1 ]
  RHS coefficient range       : [ 7.96632e-08, 1 ]
Objective value for Line heur k = 4: 23686657.19229181
86
Actual reward of current solution: 38277551.916890174
Minimum Difference with past solutions:0.05.
Gurobi status: 2

Statistics for model Linearization Heuristic :
  Linear constraint matrix    : 15420 Constrs, 9000 Vars, 5595231 NZs
  Matrix coefficient range    : [ 1.00122e-13, 1 ]
  Objective coefficient range : [ 8.89877e-23, 3.4002e+08 ]
  Variable bound range        : [ 0.05, 1 ]
  RHS coefficient range       : [ 4.31236e-08, 1 ]
Objective value for Line heur k = 4: 23271804.78396134
86
Actual reward of current solution: 38465763.995625824
Minimum Difference with past solutions:0.0.
New solution equals old solution at k=4
85
Total Reward at the start of the inner iterations: 38465763.995625824
Gurobi status: 2

Statistics for model Linearization Heuristic :
  Linear constraint matrix    : 15255 Constrs, 8910 Vars, 5345895 NZs
  Matrix coefficient range    : [ 1.00035e-13, 1 ]
  Objective coefficient range : [ 2.0838e-21, 3.4002e+08 ]
  Variable bound range        : [ 0.05, 1 ]
  RHS coefficient range       : [ 5.56924e-08, 1 ]
Objective value for Line heur k = 5: 23849442.755354386
85
Actual reward of current solution: 38277551.916890174
Minimum Difference with past solutions:0.05.
Gurobi status: 2

Statistics for model Linearization Heuristic :
  Linear constraint matrix    : 15255 Constrs, 8910 Vars, 5499192 NZs
  Matrix coefficient range    : [ 1.00122e-13, 1 ]
  Objective coefficient range : [ 8.89877e-23, 3.4002e+08 ]
  Variable bound range        : [ 0.05, 1 ]
  RHS coefficient range       : [ 1.22524e-07, 1 ]
Objective value for Line heur k = 5: 23445765.234243445
85
Actual reward of current solution: 38465763.995625824
Minimum Difference with past solutions:0.0.
New solution equals old solution at k=5
84
Total Reward at the start of the inner iterations: 38465763.995625824
Gurobi status: 2

Statistics for model Linearization Heuristic :
  Linear constraint matrix    : 15090 Constrs, 8820 Vars, 5250844 NZs
  Matrix coefficient range    : [ 1.00035e-13, 1 ]
  Objective coefficient range : [ 2.0838e-21, 3.4002e+08 ]
  Variable bound range        : [ 0.05, 1 ]
  RHS coefficient range       : [ 4.25831e-08, 1 ]
Objective value for Line heur k = 6: 23986612.423540242
84
Actual reward of current solution: 38277551.916890174
Minimum Difference with past solutions:0.05.
Gurobi status: 2

Statistics for model Linearization Heuristic :
  Linear constraint matrix    : 15090 Constrs, 8820 Vars, 5404141 NZs
  Matrix coefficient range    : [ 1.00122e-13, 1 ]
  Objective coefficient range : [ 8.89877e-23, 3.4002e+08 ]
  Variable bound range        : [ 0.05, 1 ]
  RHS coefficient range       : [ 4.7497e-08, 1 ]
Objective value for Line heur k = 6: 23594309.313607834
84
Actual reward of current solution: 38465763.995625824
Minimum Difference with past solutions:0.0.
New solution equals old solution at k=6
83
Total Reward at the start of the inner iterations: 38465763.995625824
Gurobi status: 2

Statistics for model Linearization Heuristic :
  Linear constraint matrix    : 14925 Constrs, 8730 Vars, 5156781 NZs
  Matrix coefficient range    : [ 1.00035e-13, 1 ]
  Objective coefficient range : [ 2.0838e-21, 3.4002e+08 ]
  Variable bound range        : [ 0.05, 1 ]
  RHS coefficient range       : [ 2.06215e-08, 1 ]
Objective value for Line heur k = 7: 24098552.221550457
83
Actual reward of current solution: 38277551.916890174
Minimum Difference with past solutions:0.05.
Gurobi status: 2

Statistics for model Linearization Heuristic :
  Linear constraint matrix    : 14925 Constrs, 8730 Vars, 5310078 NZs
  Matrix coefficient range    : [ 1.00122e-13, 1 ]
  Objective coefficient range : [ 8.89877e-23, 3.4002e+08 ]
  Variable bound range        : [ 0.05, 1 ]
  RHS coefficient range       : [ 2.78803e-08, 1 ]
Objective value for Line heur k = 7: 23717712.564492702
83
Actual reward of current solution: 38465763.995625824
Minimum Difference with past solutions:0.0.
New solution equals old solution at k=7
82
Total Reward at the start of the inner iterations: 38465763.995625824
Gurobi status: 2

Statistics for model Linearization Heuristic :
  Linear constraint matrix    : 14760 Constrs, 8640 Vars, 5063706 NZs
  Matrix coefficient range    : [ 1.00035e-13, 1 ]
  Objective coefficient range : [ 2.0838e-21, 3.4002e+08 ]
  Variable bound range        : [ 0.05, 1 ]
  RHS coefficient range       : [ 4.9651e-08, 1 ]
Objective value for Line heur k = 8: 24186530.193980485
82
Actual reward of current solution: 38277551.916890174
Minimum Difference with past solutions:0.05.
Gurobi status: 2

Statistics for model Linearization Heuristic :
  Linear constraint matrix    : 14760 Constrs, 8640 Vars, 5217003 NZs
  Matrix coefficient range    : [ 1.00122e-13, 1 ]
  Objective coefficient range : [ 8.89877e-23, 3.4002e+08 ]
  Variable bound range        : [ 0.05, 1 ]
  RHS coefficient range       : [ 1.53845e-08, 1 ]
Objective value for Line heur k = 8: 23817143.68876298
82
Actual reward of current solution: 38465763.995625824
Minimum Difference with past solutions:0.0.
New solution equals old solution at k=8
81
Total Reward at the start of the inner iterations: 38465763.995625824
Gurobi status: 2

Statistics for model Linearization Heuristic :
  Linear constraint matrix    : 14595 Constrs, 8550 Vars, 4971619 NZs
  Matrix coefficient range    : [ 1.00035e-13, 1 ]
  Objective coefficient range : [ 2.0838e-21, 3.4002e+08 ]
  Variable bound range        : [ 0.05, 1 ]
  RHS coefficient range       : [ 6.71607e-08, 1 ]
Objective value for Line heur k = 9: 24252212.58030224
81
Actual reward of current solution: 38277551.916890174
Minimum Difference with past solutions:0.05.
Gurobi status: 2

Statistics for model Linearization Heuristic :
  Linear constraint matrix    : 14595 Constrs, 8550 Vars, 5124916 NZs
  Matrix coefficient range    : [ 1.00122e-13, 1 ]
  Objective coefficient range : [ 8.89877e-23, 3.4002e+08 ]
  Variable bound range        : [ 0.05, 1 ]
  RHS coefficient range       : [ 1.22491e-07, 1 ]
Objective value for Line heur k = 9: 23894166.957241293
81
Actual reward of current solution: 38465763.995625824
Minimum Difference with past solutions:0.0.
New solution equals old solution at k=9
80
Total Reward at the start of the inner iterations: 38465763.995625824
Gurobi status: 2

Statistics for model Linearization Heuristic :
  Linear constraint matrix    : 14430 Constrs, 8460 Vars, 4880520 NZs
  Matrix coefficient range    : [ 1.00035e-13, 1 ]
  Objective coefficient range : [ 2.0838e-21, 3.4002e+08 ]
  Variable bound range        : [ 0.05, 1 ]
  RHS coefficient range       : [ 9.17961e-08, 1 ]
Objective value for Line heur k = 10: 24297369.293092564
80
Actual reward of current solution: 38277551.916890174
Minimum Difference with past solutions:0.05.
Gurobi status: 2

Statistics for model Linearization Heuristic :
  Linear constraint matrix    : 14430 Constrs, 8460 Vars, 5033817 NZs
  Matrix coefficient range    : [ 1.00122e-13, 1 ]
  Objective coefficient range : [ 8.89877e-23, 3.4002e+08 ]
  Variable bound range        : [ 0.05, 1 ]
  RHS coefficient range       : [ 2.82849e-08, 1 ]
Objective value for Line heur k = 10: 23950433.481659263
80
Actual reward of current solution: 38465763.995625824
Minimum Difference with past solutions:0.0.
New solution equals old solution at k=10
79
Total Reward at the start of the inner iterations: 38465763.995625824
Gurobi status: 2

Statistics for model Linearization Heuristic :
  Linear constraint matrix    : 14265 Constrs, 8370 Vars, 4790409 NZs
  Matrix coefficient range    : [ 1.00035e-13, 1 ]
  Objective coefficient range : [ 2.0838e-21, 3.4002e+08 ]
  Variable bound range        : [ 0.05, 1 ]
  RHS coefficient range       : [ 2.86835e-08, 1 ]
Objective value for Line heur k = 11: 24323690.171065077
79
Actual reward of current solution: 38277551.916890174
Minimum Difference with past solutions:0.05.
Gurobi status: 2

Statistics for model Linearization Heuristic :
  Linear constraint matrix    : 14265 Constrs, 8370 Vars, 4943706 NZs
  Matrix coefficient range    : [ 1.00122e-13, 1 ]
  Objective coefficient range : [ 8.89877e-23, 3.4002e+08 ]
  Variable bound range        : [ 0.05, 1 ]
  RHS coefficient range       : [ 6.1874e-08, 1 ]
Objective value for Line heur k = 11: 23987480.716584466
79
Actual reward of current solution: 38465763.995625824
Minimum Difference with past solutions:0.0.
New solution equals old solution at k=11
78
Total Reward at the start of the inner iterations: 38465763.995625824
Gurobi status: 2

Statistics for model Linearization Heuristic :
  Linear constraint matrix    : 14100 Constrs, 8280 Vars, 4701286 NZs
  Matrix coefficient range    : [ 1.00035e-13, 1 ]
  Objective coefficient range : [ 2.0838e-21, 3.4002e+08 ]
  Variable bound range        : [ 0.05, 1 ]
  RHS coefficient range       : [ 1.79503e-08, 1 ]
Objective value for Line heur k = 12: 24332661.507070027
78
Actual reward of current solution: 38277551.916890174
Minimum Difference with past solutions:0.05.
Gurobi status: 2

Statistics for model Linearization Heuristic :
  Linear constraint matrix    : 14100 Constrs, 8280 Vars, 4854583 NZs
  Matrix coefficient range    : [ 1.00122e-13, 1 ]
  Objective coefficient range : [ 8.89877e-23, 3.4002e+08 ]
  Variable bound range        : [ 0.05, 1 ]
  RHS coefficient range       : [ 3.95463e-08, 1 ]
Objective value for Line heur k = 12: 24006587.193091873
78
Actual reward of current solution: 38465763.995625824
Minimum Difference with past solutions:0.0.
New solution equals old solution at k=12
77
Total Reward at the start of the inner iterations: 38465763.995625824
Gurobi status: 2

Statistics for model Linearization Heuristic :
  Linear constraint matrix    : 13935 Constrs, 8190 Vars, 4613151 NZs
  Matrix coefficient range    : [ 1.00035e-13, 1 ]
  Objective coefficient range : [ 2.0838e-21, 3.4002e+08 ]
  Variable bound range        : [ 0.05, 1 ]
  RHS coefficient range       : [ 1.11967e-07, 1 ]
Objective value for Line heur k = 13: 24325468.591608763
77
Actual reward of current solution: 38277551.916890174
Minimum Difference with past solutions:0.05.
Gurobi status: 2

Statistics for model Linearization Heuristic :
  Linear constraint matrix    : 13935 Constrs, 8190 Vars, 4766448 NZs
  Matrix coefficient range    : [ 1.00122e-13, 1 ]
  Objective coefficient range : [ 8.89877e-23, 3.4002e+08 ]
  Variable bound range        : [ 0.05, 1 ]
  RHS coefficient range       : [ 1.19472e-07, 1 ]
Objective value for Line heur k = 13: 24008644.949037205
77
Actual reward of current solution: 38465763.995625824
Minimum Difference with past solutions:0.0.
New solution equals old solution at k=13
76
Total Reward at the start of the inner iterations: 38465763.995625824
Gurobi status: 2

Statistics for model Linearization Heuristic :
  Linear constraint matrix    : 13770 Constrs, 8100 Vars, 4526058 NZs
  Matrix coefficient range    : [ 1.00035e-13, 1 ]
  Objective coefficient range : [ 2.0838e-21, 3.4002e+08 ]
  Variable bound range        : [ 0.05, 1 ]
  RHS coefficient range       : [ 4.36281e-08, 0.291702 ]
Objective value for Line heur k = 14: 24302898.496403657
76
Actual reward of current solution: 38277551.916890174
Minimum Difference with past solutions:0.05.
Gurobi status: 2

Statistics for model Linearization Heuristic :
  Linear constraint matrix    : 13770 Constrs, 8100 Vars, 4679355 NZs
  Matrix coefficient range    : [ 1.00122e-13, 1 ]
  Objective coefficient range : [ 8.89877e-23, 3.4002e+08 ]
  Variable bound range        : [ 0.05, 1 ]
  RHS coefficient range       : [ 1.88794e-08, 0.291891 ]
Objective value for Line heur k = 14: 23994019.322885882
76
Actual reward of current solution: 38465763.995625824
Minimum Difference with past solutions:0.0.
New solution equals old solution at k=14
75
Total Reward at the start of the inner iterations: 38465763.995625824
Gurobi status: 2

Statistics for model Linearization Heuristic :
  Linear constraint matrix    : 13659 Constrs, 8010 Vars, 4429913 NZs
  Matrix coefficient range    : [ 1.00035e-13, 1 ]
  Objective coefficient range : [ 2.0838e-21, 3.4002e+08 ]
  Variable bound range        : [ 0.05, 1 ]
  RHS coefficient range       : [ 1.09084e-07, 1 ]
Objective value for Line heur k = 15: 24177084.196950786
75
Actual reward of current solution: 38465763.995625824
Minimum Difference with past solutions:0.0.
New solution equals old solution at k=15
74
Total Reward at the start of the inner iterations: 38465763.995625824
Gurobi status: 2

Statistics for model Linearization Heuristic :
  Linear constraint matrix    : 13494 Constrs, 7920 Vars, 4334816 NZs
  Matrix coefficient range    : [ 1.00035e-13, 1 ]
  Objective coefficient range : [ 2.0838e-21, 3.4002e+08 ]
  Variable bound range        : [ 0.05, 1 ]
  RHS coefficient range       : [ 1.07397e-07, 1 ]
Objective value for Line heur k = 16: 24081722.64218602
74
Actual reward of current solution: 38465763.995625824
Minimum Difference with past solutions:0.0.
New solution equals old solution at k=16
73
Total Reward at the start of the inner iterations: 38465763.995625824
Gurobi status: 2

Statistics for model Linearization Heuristic :
  Linear constraint matrix    : 13329 Constrs, 7830 Vars, 4240821 NZs
  Matrix coefficient range    : [ 1.00035e-13, 1 ]
  Objective coefficient range : [ 2.0838e-21, 3.4002e+08 ]
  Variable bound range        : [ 0.05, 1 ]
  RHS coefficient range       : [ 4.59157e-08, 1 ]
Objective value for Line heur k = 17: 23973448.58525719
73
Actual reward of current solution: 38465763.995625824
Minimum Difference with past solutions:0.0.
New solution equals old solution at k=17
72
Total Reward at the start of the inner iterations: 38465763.995625824
Gurobi status: 2

Statistics for model Linearization Heuristic :
  Linear constraint matrix    : 13164 Constrs, 7740 Vars, 4147928 NZs
  Matrix coefficient range    : [ 1.00035e-13, 1 ]
  Objective coefficient range : [ 2.0838e-21, 3.4002e+08 ]
  Variable bound range        : [ 0.05, 1 ]
  RHS coefficient range       : [ 3.81127e-08, 1 ]
Objective value for Line heur k = 18: 23854489.92006102
72
Actual reward of current solution: 38465763.995625824
Minimum Difference with past solutions:0.0.
New solution equals old solution at k=18
71
Total Reward at the start of the inner iterations: 38465763.995625824
Gurobi status: 2

Statistics for model Linearization Heuristic :
  Linear constraint matrix    : 12999 Constrs, 7650 Vars, 4056137 NZs
  Matrix coefficient range    : [ 1.00035e-13, 1 ]
  Objective coefficient range : [ 2.0838e-21, 3.4002e+08 ]
  Variable bound range        : [ 0.05, 1 ]
  RHS coefficient range       : [ 1.0453e-08, 1 ]
Objective value for Line heur k = 19: 23726426.434873957
71
Actual reward of current solution: 38465763.995625824
Minimum Difference with past solutions:0.0.
New solution equals old solution at k=19
70
Total Reward at the start of the inner iterations: 38465763.995625824
Gurobi status: 2

Statistics for model Linearization Heuristic :
  Linear constraint matrix    : 12834 Constrs, 7560 Vars, 3965448 NZs
  Matrix coefficient range    : [ 1.00035e-13, 1 ]
  Objective coefficient range : [ 2.0838e-21, 3.4002e+08 ]
  Variable bound range        : [ 0.05, 1 ]
  RHS coefficient range       : [ 1.82583e-08, 1 ]
Objective value for Line heur k = 20: 23590431.245838236
70
Actual reward of current solution: 38465763.995625824
Minimum Difference with past solutions:0.0.
New solution equals old solution at k=20
69
Total Reward at the start of the inner iterations: 38465763.995625824
Gurobi status: 2

Statistics for model Linearization Heuristic :
  Linear constraint matrix    : 12669 Constrs, 7470 Vars, 3875861 NZs
  Matrix coefficient range    : [ 1.00035e-13, 1 ]
  Objective coefficient range : [ 2.0838e-21, 3.4002e+08 ]
  Variable bound range        : [ 0.05, 1 ]
  RHS coefficient range       : [ 8.60586e-09, 1 ]
Objective value for Line heur k = 21: 23447408.375356592
69
Actual reward of current solution: 38465763.995625824
Minimum Difference with past solutions:0.0.
New solution equals old solution at k=21
68
Total Reward at the start of the inner iterations: 38465763.995625824
Gurobi status: 2

Statistics for model Linearization Heuristic :
  Linear constraint matrix    : 12504 Constrs, 7380 Vars, 3787376 NZs
  Matrix coefficient range    : [ 1.00035e-13, 1 ]
  Objective coefficient range : [ 2.0838e-21, 3.4002e+08 ]
  Variable bound range        : [ 0.05, 1 ]
  RHS coefficient range       : [ 2.53564e-08, 1 ]
Objective value for Line heur k = 22: 23298069.526016917
68
Actual reward of current solution: 38465763.995625824
Minimum Difference with past solutions:0.0.
New solution equals old solution at k=22
67
Total Reward at the start of the inner iterations: 38465763.995625824
Gurobi status: 2

Statistics for model Linearization Heuristic :
  Linear constraint matrix    : 12339 Constrs, 7290 Vars, 3699993 NZs
  Matrix coefficient range    : [ 1.00035e-13, 1 ]
  Objective coefficient range : [ 2.0838e-21, 3.4002e+08 ]
  Variable bound range        : [ 0.05, 1 ]
  RHS coefficient range       : [ 2.01451e-08, 1 ]
Objective value for Line heur k = 23: 23142973.33972878
67
Actual reward of current solution: 38465763.995625824
Minimum Difference with past solutions:0.0.
New solution equals old solution at k=23
66
Total Reward at the start of the inner iterations: 38465763.995625824
Gurobi status: 2

Statistics for model Linearization Heuristic :
  Linear constraint matrix    : 12174 Constrs, 7200 Vars, 3613712 NZs
  Matrix coefficient range    : [ 1.00035e-13, 1 ]
  Objective coefficient range : [ 2.0838e-21, 3.4002e+08 ]
  Variable bound range        : [ 0.05, 1 ]
  RHS coefficient range       : [ 8.20134e-08, 1 ]
Objective value for Line heur k = 24: 22982538.60724762
66
Actual reward of current solution: 38465763.995625824
Minimum Difference with past solutions:0.0.
New solution equals old solution at k=24
65
Total Reward at the start of the inner iterations: 38465763.995625824
Gurobi status: 2

Statistics for model Linearization Heuristic :
  Linear constraint matrix    : 12009 Constrs, 7110 Vars, 3528533 NZs
  Matrix coefficient range    : [ 1.00035e-13, 1 ]
  Objective coefficient range : [ 2.0838e-21, 3.4002e+08 ]
  Variable bound range        : [ 0.05, 1 ]
  RHS coefficient range       : [ 4.81736e-08, 1 ]
Objective value for Line heur k = 25: 22817035.10750429
65
Actual reward of current solution: 38465763.995625824
Minimum Difference with past solutions:0.0.
New solution equals old solution at k=25
64
Total Reward at the start of the inner iterations: 38465763.995625824
Gurobi status: 2

Statistics for model Linearization Heuristic :
  Linear constraint matrix    : 11844 Constrs, 7020 Vars, 3444456 NZs
  Matrix coefficient range    : [ 1.00035e-13, 1 ]
  Objective coefficient range : [ 2.0838e-21, 3.4002e+08 ]
  Variable bound range        : [ 0.05, 1 ]
  RHS coefficient range       : [ 5.77265e-10, 1 ]
Objective value for Line heur k = 26: 22646549.526721586
64
Actual reward of current solution: 38465763.995625824
Minimum Difference with past solutions:0.0.
New solution equals old solution at k=26
63
Total Reward at the start of the inner iterations: 38465763.995625824
Gurobi status: 2

Statistics for model Linearization Heuristic :
  Linear constraint matrix    : 11679 Constrs, 6930 Vars, 3361481 NZs
  Matrix coefficient range    : [ 1.00035e-13, 1 ]
  Objective coefficient range : [ 2.0838e-21, 3.4002e+08 ]
  Variable bound range        : [ 0.05, 1 ]
  RHS coefficient range       : [ 4.5133e-08, 1 ]
Objective value for Line heur k = 27: 22470917.360122323
63
Actual reward of current solution: 38465763.995625824
Minimum Difference with past solutions:0.0.
New solution equals old solution at k=27
62
Total Reward at the start of the inner iterations: 38465763.995625824
Gurobi status: 2

Statistics for model Linearization Heuristic :
  Linear constraint matrix    : 11514 Constrs, 6840 Vars, 3279662 NZs
  Matrix coefficient range    : [ 1.00035e-13, 1 ]
  Objective coefficient range : [ 2.0838e-21, 3.4002e+08 ]
  Variable bound range        : [ 0.05, 1 ]
  RHS coefficient range       : [ 1.37272e-08, 0.290956 ]
Objective value for Line heur k = 28: 22289602.988845777
62
Actual reward of current solution: 38465763.995625824
Minimum Difference with past solutions:0.0.
New solution equals old solution at k=28
61
Total Reward at the start of the inner iterations: 38465763.995625824
Gurobi status: 2

Statistics for model Linearization Heuristic :
  Linear constraint matrix    : 11403 Constrs, 6750 Vars, 3188999 NZs
  Matrix coefficient range    : [ 1.00035e-13, 1 ]
  Objective coefficient range : [ 2.0838e-21, 3.4002e+08 ]
  Variable bound range        : [ 0.05, 1 ]
  RHS coefficient range       : [ 1.46748e-08, 1 ]
Objective value for Line heur k = 29: 22066638.288859513
61
Actual reward of current solution: 38465763.995625824
Minimum Difference with past solutions:0.0.
New solution equals old solution at k=29
60
Total Reward at the start of the inner iterations: 38465763.995625824
Gurobi status: 2

Statistics for model Linearization Heuristic :
  Linear constraint matrix    : 11238 Constrs, 6660 Vars, 3099517 NZs
  Matrix coefficient range    : [ 1.00035e-13, 1 ]
  Objective coefficient range : [ 2.0838e-21, 3.4002e+08 ]
  Variable bound range        : [ 0.05, 1 ]
  RHS coefficient range       : [ 9.05196e-09, 1 ]
Objective value for Line heur k = 30: 21836209.83430758
60
Actual reward of current solution: 38465763.995625824
Minimum Difference with past solutions:0.0.
New solution equals old solution at k=30
59
Total Reward at the start of the inner iterations: 38465763.995625824
Gurobi status: 2

Statistics for model Linearization Heuristic :
  Linear constraint matrix    : 11073 Constrs, 6570 Vars, 3011270 NZs
  Matrix coefficient range    : [ 1.00035e-13, 1 ]
  Objective coefficient range : [ 2.0838e-21, 3.4002e+08 ]
  Variable bound range        : [ 0.05, 1 ]
  RHS coefficient range       : [ 2.99412e-09, 1 ]
Objective value for Line heur k = 31: 21600000.966207065
59
Actual reward of current solution: 38465763.995625824
Minimum Difference with past solutions:0.0.
New solution equals old solution at k=31
58
Total Reward at the start of the inner iterations: 38465763.995625824
Gurobi status: 2

Statistics for model Linearization Heuristic :
  Linear constraint matrix    : 10908 Constrs, 6480 Vars, 2924258 NZs
  Matrix coefficient range    : [ 1.00035e-13, 1 ]
  Objective coefficient range : [ 2.0838e-21, 3.4002e+08 ]
  Variable bound range        : [ 0.05, 1 ]
  RHS coefficient range       : [ 2.70942e-09, 1 ]
Objective value for Line heur k = 32: 21359021.31134776
58
Actual reward of current solution: 38465763.995625824
Minimum Difference with past solutions:0.0.
New solution equals old solution at k=32
57
Total Reward at the start of the inner iterations: 38465763.995625824
Gurobi status: 2

Statistics for model Linearization Heuristic :
  Linear constraint matrix    : 10743 Constrs, 6390 Vars, 2838481 NZs
  Matrix coefficient range    : [ 1.00035e-13, 1 ]
  Objective coefficient range : [ 2.0838e-21, 3.4002e+08 ]
  Variable bound range        : [ 0.05, 1 ]
  RHS coefficient range       : [ 7.72643e-09, 1 ]
Objective value for Line heur k = 33: 21113900.317987695
57
Actual reward of current solution: 38465763.995625824
Minimum Difference with past solutions:0.0.
New solution equals old solution at k=33
56
Total Reward at the start of the inner iterations: 38465763.995625824
Gurobi status: 2

Statistics for model Linearization Heuristic :
  Linear constraint matrix    : 10578 Constrs, 6300 Vars, 2753939 NZs
  Matrix coefficient range    : [ 1.00035e-13, 1 ]
  Objective coefficient range : [ 2.0838e-21, 3.4002e+08 ]
  Variable bound range        : [ 0.05, 1 ]
  RHS coefficient range       : [ 1.19583e-08, 1 ]
Objective value for Line heur k = 34: 20865052.11828308
56
Actual reward of current solution: 38465763.995625824
Minimum Difference with past solutions:0.0.
New solution equals old solution at k=34
55
Total Reward at the start of the inner iterations: 38465763.995625824
Gurobi status: 2

Statistics for model Linearization Heuristic :
  Linear constraint matrix    : 10413 Constrs, 6210 Vars, 2670632 NZs
  Matrix coefficient range    : [ 1.00035e-13, 1 ]
  Objective coefficient range : [ 2.0838e-21, 3.4002e+08 ]
  Variable bound range        : [ 0.05, 1 ]
  RHS coefficient range       : [ 1.54205e-08, 1 ]
Objective value for Line heur k = 35: 20612768.20399618
55
Actual reward of current solution: 38465763.995625824
Minimum Difference with past solutions:0.0.
New solution equals old solution at k=35
54
Total Reward at the start of the inner iterations: 38465763.995625824
Gurobi status: 2

Statistics for model Linearization Heuristic :
  Linear constraint matrix    : 10248 Constrs, 6120 Vars, 2588560 NZs
  Matrix coefficient range    : [ 1.00035e-13, 1 ]
  Objective coefficient range : [ 2.0838e-21, 3.4002e+08 ]
  Variable bound range        : [ 0.05, 1 ]
  RHS coefficient range       : [ 1.81793e-08, 1 ]
Objective value for Line heur k = 36: 20357269.551068768
54
Actual reward of current solution: 38465763.995625824
Minimum Difference with past solutions:0.0.
New solution equals old solution at k=36
53
Total Reward at the start of the inner iterations: 38465763.995625824
Gurobi status: 2

Statistics for model Linearization Heuristic :
  Linear constraint matrix    : 10083 Constrs, 6030 Vars, 2507723 NZs
  Matrix coefficient range    : [ 1.00035e-13, 1 ]
  Objective coefficient range : [ 2.0838e-21, 3.4002e+08 ]
  Variable bound range        : [ 0.05, 1 ]
  RHS coefficient range       : [ 2.03196e-08, 1 ]
Objective value for Line heur k = 37: 20098735.937924717
53
Actual reward of current solution: 38465763.995625824
Minimum Difference with past solutions:0.0.
New solution equals old solution at k=37
52
Total Reward at the start of the inner iterations: 38465763.995625824
Gurobi status: 2

Statistics for model Linearization Heuristic :
  Linear constraint matrix    : 9918 Constrs, 5940 Vars, 2428121 NZs
  Matrix coefficient range    : [ 1.00035e-13, 1 ]
  Objective coefficient range : [ 2.0838e-21, 3.4002e+08 ]
  Variable bound range        : [ 0.05, 1 ]
  RHS coefficient range       : [ 2.1928e-08, 1 ]
Objective value for Line heur k = 38: 19837322.4260269
52
Actual reward of current solution: 38465763.995625824
Minimum Difference with past solutions:0.0.
New solution equals old solution at k=38
51
Total Reward at the start of the inner iterations: 38465763.995625824
Gurobi status: 2

Statistics for model Linearization Heuristic :
  Linear constraint matrix    : 9753 Constrs, 5850 Vars, 2349754 NZs
  Matrix coefficient range    : [ 1.00035e-13, 1 ]
  Objective coefficient range : [ 2.0838e-21, 3.4002e+08 ]
  Variable bound range        : [ 0.05, 1 ]
  RHS coefficient range       : [ 2.30861e-08, 1 ]
Objective value for Line heur k = 39: 19573168.610934656
51
Actual reward of current solution: 38465763.995625824
Minimum Difference with past solutions:0.0.
New solution equals old solution at k=39
50
Total Reward at the start of the inner iterations: 38465763.995625824
Gurobi status: 2

Statistics for model Linearization Heuristic :
  Linear constraint matrix    : 9588 Constrs, 5760 Vars, 2272622 NZs
  Matrix coefficient range    : [ 1.00035e-13, 1 ]
  Objective coefficient range : [ 2.0838e-21, 3.4002e+08 ]
  Variable bound range        : [ 0.05, 1 ]
  RHS coefficient range       : [ 2.38668e-08, 1 ]
Objective value for Line heur k = 40: 19306403.80329428
50
Actual reward of current solution: 38465763.995625824
Minimum Difference with past solutions:0.0.
New solution equals old solution at k=40
49
Total Reward at the start of the inner iterations: 38465763.995625824
Gurobi status: 2

Statistics for model Linearization Heuristic :
  Linear constraint matrix    : 9423 Constrs, 5670 Vars, 2196725 NZs
  Matrix coefficient range    : [ 1.00035e-13, 1 ]
  Objective coefficient range : [ 2.0838e-21, 3.4002e+08 ]
  Variable bound range        : [ 0.05, 1 ]
  RHS coefficient range       : [ 2.43339e-08, 1 ]
Objective value for Line heur k = 41: 19037149.921654746
49
Actual reward of current solution: 38465763.995625824
Minimum Difference with past solutions:0.0.
New solution equals old solution at k=41
48
Total Reward at the start of the inner iterations: 38465763.995625824
Gurobi status: 2

Statistics for model Linearization Heuristic :
  Linear constraint matrix    : 9258 Constrs, 5580 Vars, 2122117 NZs
  Matrix coefficient range    : [ 1.00035e-13, 1 ]
  Objective coefficient range : [ 2.0838e-21, 3.4002e+08 ]
  Variable bound range        : [ 0.05, 1 ]
  RHS coefficient range       : [ 2.45422e-08, 0.290477 ]
Objective value for Line heur k = 42: 18765523.102847394
48
Actual reward of current solution: 38465763.995625824
Minimum Difference with past solutions:0.0.
New solution equals old solution at k=42
47
Total Reward at the start of the inner iterations: 38465763.995625824
Gurobi status: 2

Statistics for model Linearization Heuristic :
  Linear constraint matrix    : 9147 Constrs, 5490 Vars, 2048744 NZs
  Matrix coefficient range    : [ 1.00035e-13, 1 ]
  Objective coefficient range : [ 2.0838e-21, 3.4002e+08 ]
  Variable bound range        : [ 0.05, 1 ]
  RHS coefficient range       : [ 2.45385e-08, 1 ]
Objective value for Line heur k = 43: 18491634.597687546
47
Actual reward of current solution: 38465763.995625824
Minimum Difference with past solutions:0.0.
New solution equals old solution at k=43
46
Total Reward at the start of the inner iterations: 38465763.995625824
Gurobi status: 2

Statistics for model Linearization Heuristic :
  Linear constraint matrix    : 8982 Constrs, 5400 Vars, 1976553 NZs
  Matrix coefficient range    : [ 1.00035e-13, 1 ]
  Objective coefficient range : [ 2.0838e-21, 3.4002e+08 ]
  Variable bound range        : [ 0.05, 1 ]
  RHS coefficient range       : [ 2.43625e-08, 1 ]
Objective value for Line heur k = 44: 18215591.272266008
46
Actual reward of current solution: 38465763.995625824
Minimum Difference with past solutions:0.0.
New solution equals old solution at k=44
45
Total Reward at the start of the inner iterations: 38465763.995625824
Gurobi status: 2

Statistics for model Linearization Heuristic :
  Linear constraint matrix    : 8817 Constrs, 5310 Vars, 1905597 NZs
  Matrix coefficient range    : [ 1.00035e-13, 1 ]
  Objective coefficient range : [ 2.0838e-21, 3.4002e+08 ]
  Variable bound range        : [ 0.05, 1 ]
  RHS coefficient range       : [ 2.40477e-08, 1 ]
Objective value for Line heur k = 45: 17937495.895091306
45
Actual reward of current solution: 38465763.995625824
Minimum Difference with past solutions:0.0.
New solution equals old solution at k=45
44
Total Reward at the start of the inner iterations: 38465763.995625824
Gurobi status: 2

Statistics for model Linearization Heuristic :
  Linear constraint matrix    : 8652 Constrs, 5220 Vars, 1835876 NZs
  Matrix coefficient range    : [ 1.00035e-13, 1 ]
  Objective coefficient range : [ 2.0838e-21, 3.4002e+08 ]
  Variable bound range        : [ 0.05, 1 ]
  RHS coefficient range       : [ 2.36223e-08, 1 ]
Objective value for Line heur k = 46: 17657447.31108669
44
Actual reward of current solution: 38465763.995625824
Minimum Difference with past solutions:0.0.
New solution equals old solution at k=46
43
Total Reward at the start of the inner iterations: 38465763.995625824
Gurobi status: 2

Statistics for model Linearization Heuristic :
  Linear constraint matrix    : 8487 Constrs, 5130 Vars, 1767390 NZs
  Matrix coefficient range    : [ 1.00035e-13, 1 ]
  Objective coefficient range : [ 2.0838e-21, 3.4002e+08 ]
  Variable bound range        : [ 0.05, 1 ]
  RHS coefficient range       : [ 2.31099e-08, 1 ]
Objective value for Line heur k = 47: 17375540.558577467
43
Actual reward of current solution: 38465763.995625824
Minimum Difference with past solutions:0.0.
New solution equals old solution at k=47
42
Total Reward at the start of the inner iterations: 38465763.995625824
Gurobi status: 2

Statistics for model Linearization Heuristic :
  Linear constraint matrix    : 8322 Constrs, 5040 Vars, 1700139 NZs
  Matrix coefficient range    : [ 1.00035e-13, 1 ]
  Objective coefficient range : [ 2.0838e-21, 3.4002e+08 ]
  Variable bound range        : [ 0.05, 1 ]
  RHS coefficient range       : [ 2.25305e-08, 1 ]
Objective value for Line heur k = 48: 17091866.960030053
42
Actual reward of current solution: 38465763.995625824
Minimum Difference with past solutions:0.0.
New solution equals old solution at k=48
41
Total Reward at the start of the inner iterations: 38465763.995625824
Gurobi status: 2

Statistics for model Linearization Heuristic :
  Linear constraint matrix    : 8157 Constrs, 4950 Vars, 1634123 NZs
  Matrix coefficient range    : [ 1.00035e-13, 1 ]
  Objective coefficient range : [ 2.0838e-21, 3.4002e+08 ]
  Variable bound range        : [ 0.05, 1 ]
  RHS coefficient range       : [ 2.19005e-08, 1 ]
Objective value for Line heur k = 49: 16806514.20299267
41
Actual reward of current solution: 38465763.995625824
Minimum Difference with past solutions:0.0.
New solution equals old solution at k=49
40
Total Reward at the start of the inner iterations: 38465763.995625824
Gurobi status: 2

Statistics for model Linearization Heuristic :
  Linear constraint matrix    : 7992 Constrs, 4860 Vars, 1569342 NZs
  Matrix coefficient range    : [ 1.00035e-13, 1 ]
  Objective coefficient range : [ 2.0838e-21, 3.4002e+08 ]
  Variable bound range        : [ 0.05, 1 ]
  RHS coefficient range       : [ 2.12338e-08, 1 ]
Objective value for Line heur k = 50: 16519566.419657618
40
Actual reward of current solution: 38465763.995625824
Minimum Difference with past solutions:0.0.
New solution equals old solution at k=50
39
Total Reward at the start of the inner iterations: 38465763.995625824
Gurobi status: 2

Statistics for model Linearization Heuristic :
  Linear constraint matrix    : 7827 Constrs, 4770 Vars, 1505796 NZs
  Matrix coefficient range    : [ 1.00035e-13, 1 ]
  Objective coefficient range : [ 2.0838e-21, 3.4002e+08 ]
  Variable bound range        : [ 0.05, 1 ]
  RHS coefficient range       : [ 2.05419e-08, 1 ]
Objective value for Line heur k = 51: 16231104.269003693
39
Actual reward of current solution: 38465763.995625824
Minimum Difference with past solutions:0.0.
New solution equals old solution at k=51
38
Total Reward at the start of the inner iterations: 38465763.995625824
Gurobi status: 2

Statistics for model Linearization Heuristic :
  Linear constraint matrix    : 7662 Constrs, 4680 Vars, 1443486 NZs
  Matrix coefficient range    : [ 1.00035e-13, 1 ]
  Objective coefficient range : [ 2.0838e-21, 3.4002e+08 ]
  Variable bound range        : [ 0.05, 1 ]
  RHS coefficient range       : [ 1.98344e-08, 1 ]
Objective value for Line heur k = 52: 15941205.023036452
38
Actual reward of current solution: 38465763.995625824
Minimum Difference with past solutions:0.0.
New solution equals old solution at k=52
37
Total Reward at the start of the inner iterations: 38465763.995625824
Gurobi status: 2

Statistics for model Linearization Heuristic :
  Linear constraint matrix    : 7497 Constrs, 4590 Vars, 1382411 NZs
  Matrix coefficient range    : [ 1.00035e-13, 1 ]
  Objective coefficient range : [ 2.0838e-21, 3.4002e+08 ]
  Variable bound range        : [ 0.05, 1 ]
  RHS coefficient range       : [ 1.9119e-08, 1 ]
Objective value for Line heur k = 53: 15649942.657349898
37
Actual reward of current solution: 38465763.995625824
Minimum Difference with past solutions:0.0.
New solution equals old solution at k=53
36
Total Reward at the start of the inner iterations: 38465763.995625824
Gurobi status: 2

Statistics for model Linearization Heuristic :
  Linear constraint matrix    : 7332 Constrs, 4500 Vars, 1322571 NZs
  Matrix coefficient range    : [ 1.00035e-13, 1 ]
  Objective coefficient range : [ 2.0838e-21, 3.4002e+08 ]
  Variable bound range        : [ 0.05, 1 ]
  RHS coefficient range       : [ 1.84023e-08, 1 ]
Objective value for Line heur k = 54: 15357387.945580503
36
Actual reward of current solution: 38465763.995625824
Minimum Difference with past solutions:0.0.
New solution equals old solution at k=54
35
Total Reward at the start of the inner iterations: 38465763.995625824
Gurobi status: 2

Statistics for model Linearization Heuristic :
  Linear constraint matrix    : 7167 Constrs, 4410 Vars, 1263966 NZs
  Matrix coefficient range    : [ 1.00035e-13, 1 ]
  Objective coefficient range : [ 2.0838e-21, 3.4002e+08 ]
  Variable bound range        : [ 0.05, 1 ]
  RHS coefficient range       : [ 1.76895e-08, 1 ]
Objective value for Line heur k = 55: 15063608.5570306
35
Actual reward of current solution: 38465763.995625824
Minimum Difference with past solutions:0.0.
New solution equals old solution at k=55
34
Total Reward at the start of the inner iterations: 38465763.995625824
Gurobi status: 2

Statistics for model Linearization Heuristic :
  Linear constraint matrix    : 7002 Constrs, 4320 Vars, 1206651 NZs
  Matrix coefficient range    : [ 1.00035e-13, 1 ]
  Objective coefficient range : [ 2.0838e-21, 3.4002e+08 ]
  Variable bound range        : [ 0.05, 1 ]
  RHS coefficient range       : [ 1.69848e-08, 0.290155 ]
Objective value for Line heur k = 56: 14768669.15663992
34
Actual reward of current solution: 38465763.995625824
Minimum Difference with past solutions:0.0.
New solution equals old solution at k=56
33
Total Reward at the start of the inner iterations: 38465763.995625824
Gurobi status: 2

Statistics for model Linearization Heuristic :
  Linear constraint matrix    : 6891 Constrs, 4230 Vars, 1150571 NZs
  Matrix coefficient range    : [ 1.00035e-13, 1 ]
  Objective coefficient range : [ 2.0838e-21, 3.4002e+08 ]
  Variable bound range        : [ 0.05, 1 ]
  RHS coefficient range       : [ 1.62916e-08, 1 ]
Objective value for Line heur k = 57: 14472631.50649001
33
Actual reward of current solution: 38465763.995625824
Minimum Difference with past solutions:0.0.
New solution equals old solution at k=57
32
Total Reward at the start of the inner iterations: 38465763.995625824
Gurobi status: 2

Statistics for model Linearization Heuristic :
  Linear constraint matrix    : 6726 Constrs, 4140 Vars, 1095672 NZs
  Matrix coefficient range    : [ 1.00035e-13, 1 ]
  Objective coefficient range : [ 2.0838e-21, 3.4002e+08 ]
  Variable bound range        : [ 0.05, 1 ]
  RHS coefficient range       : [ 1.56127e-08, 1 ]
Objective value for Line heur k = 58: 14175554.568083491
32
Actual reward of current solution: 38465763.995625824
Minimum Difference with past solutions:0.0.
New solution equals old solution at k=58
31
Total Reward at the start of the inner iterations: 38465763.995625824
Gurobi status: 2

Statistics for model Linearization Heuristic :
  Linear constraint matrix    : 6561 Constrs, 4050 Vars, 1042008 NZs
  Matrix coefficient range    : [ 1.00035e-13, 1 ]
  Objective coefficient range : [ 2.0838e-21, 3.4002e+08 ]
  Variable bound range        : [ 0.05, 1 ]
  RHS coefficient range       : [ 1.49502e-08, 1 ]
Objective value for Line heur k = 59: 13877494.604721205
31
Actual reward of current solution: 38465763.995625824
Minimum Difference with past solutions:0.0.
New solution equals old solution at k=59
30
Total Reward at the start of the inner iterations: 38465763.995625824
Gurobi status: 2

Statistics for model Linearization Heuristic :
  Linear constraint matrix    : 6396 Constrs, 3960 Vars, 989579 NZs
  Matrix coefficient range    : [ 1.00035e-13, 1 ]
  Objective coefficient range : [ 2.0838e-21, 3.4002e+08 ]
  Variable bound range        : [ 0.05, 1 ]
  RHS coefficient range       : [ 1.43056e-08, 1 ]
Objective value for Line heur k = 60: 13578505.283387786
30
Actual reward of current solution: 38465763.995625824
Minimum Difference with past solutions:0.0.
New solution equals old solution at k=60
29
Total Reward at the start of the inner iterations: 38465763.995625824
Gurobi status: 2

Statistics for model Linearization Heuristic :
  Linear constraint matrix    : 6231 Constrs, 3870 Vars, 938385 NZs
  Matrix coefficient range    : [ 1.00035e-13, 1 ]
  Objective coefficient range : [ 2.0838e-21, 3.4002e+08 ]
  Variable bound range        : [ 0.05, 1 ]
  RHS coefficient range       : [ 1.36802e-08, 1 ]
Objective value for Line heur k = 61: 13278637.775642795
29
Actual reward of current solution: 38465763.995625824
Minimum Difference with past solutions:0.0.
New solution equals old solution at k=61
28
Total Reward at the start of the inner iterations: 38465763.995625824
Gurobi status: 2

Statistics for model Linearization Heuristic :
  Linear constraint matrix    : 6066 Constrs, 3780 Vars, 888426 NZs
  Matrix coefficient range    : [ 1.00035e-13, 1 ]
  Objective coefficient range : [ 2.0838e-21, 3.4002e+08 ]
  Variable bound range        : [ 0.05, 1 ]
  RHS coefficient range       : [ 1.30747e-08, 1 ]
Objective value for Line heur k = 62: 12977940.857095353
28
Actual reward of current solution: 38465763.995625824
Minimum Difference with past solutions:0.0.
New solution equals old solution at k=62
27
Total Reward at the start of the inner iterations: 38465763.995625824
Gurobi status: 2

Statistics for model Linearization Heuristic :
  Linear constraint matrix    : 5901 Constrs, 3690 Vars, 839702 NZs
  Matrix coefficient range    : [ 1.00035e-13, 1 ]
  Objective coefficient range : [ 2.0838e-21, 3.4002e+08 ]
  Variable bound range        : [ 0.05, 1 ]
  RHS coefficient range       : [ 1.24897e-08, 1 ]
Objective value for Line heur k = 63: 12676461.005114168
27
Actual reward of current solution: 38465763.995625824
Minimum Difference with past solutions:0.0.
New solution equals old solution at k=63
26
Total Reward at the start of the inner iterations: 38465763.995625824
Gurobi status: 2

Statistics for model Linearization Heuristic :
  Linear constraint matrix    : 5736 Constrs, 3600 Vars, 792214 NZs
  Matrix coefficient range    : [ 1.00035e-13, 1 ]
  Objective coefficient range : [ 2.0838e-21, 3.4002e+08 ]
  Variable bound range        : [ 0.05, 1 ]
  RHS coefficient range       : [ 1.19255e-08, 1 ]
Objective value for Line heur k = 64: 12374242.4944898
26
Actual reward of current solution: 38465763.995625824
Minimum Difference with past solutions:0.0.
New solution equals old solution at k=64
25
Total Reward at the start of the inner iterations: 38465763.995625824
Gurobi status: 2

Statistics for model Linearization Heuristic :
  Linear constraint matrix    : 5571 Constrs, 3510 Vars, 745961 NZs
  Matrix coefficient range    : [ 1.00035e-13, 1 ]
  Objective coefficient range : [ 2.0838e-21, 3.4002e+08 ]
  Variable bound range        : [ 0.05, 1 ]
  RHS coefficient range       : [ 1.13821e-08, 1 ]
Objective value for Line heur k = 65: 12071327.49082473
25
Actual reward of current solution: 38465763.995625824
Minimum Difference with past solutions:0.0.
New solution equals old solution at k=65
24
Total Reward at the start of the inner iterations: 38465763.995625824
Gurobi status: 2

Statistics for model Linearization Heuristic :
  Linear constraint matrix    : 5406 Constrs, 3420 Vars, 700944 NZs
  Matrix coefficient range    : [ 1.00035e-13, 1 ]
  Objective coefficient range : [ 2.0838e-21, 3.4002e+08 ]
  Variable bound range        : [ 0.05, 1 ]
  RHS coefficient range       : [ 1.08597e-08, 1 ]
Objective value for Line heur k = 66: 11767756.141476547
24
Actual reward of current solution: 38465763.995625824
Minimum Difference with past solutions:0.0.
New solution equals old solution at k=66
23
Total Reward at the start of the inner iterations: 38465763.995625824
Gurobi status: 2

Statistics for model Linearization Heuristic :
  Linear constraint matrix    : 5241 Constrs, 3330 Vars, 657162 NZs
  Matrix coefficient range    : [ 1.00035e-13, 1 ]
  Objective coefficient range : [ 2.0838e-21, 3.4002e+08 ]
  Variable bound range        : [ 0.05, 1 ]
  RHS coefficient range       : [ 1.03578e-08, 1 ]
Objective value for Line heur k = 67: 11463566.663924107
23
Actual reward of current solution: 38465763.995625824
Minimum Difference with past solutions:0.0.
New solution equals old solution at k=67
22
Total Reward at the start of the inner iterations: 38465763.995625824
Gurobi status: 2

Statistics for model Linearization Heuristic :
  Linear constraint matrix    : 5076 Constrs, 3240 Vars, 614617 NZs
  Matrix coefficient range    : [ 1.00035e-13, 1 ]
  Objective coefficient range : [ 2.0838e-21, 3.4002e+08 ]
  Variable bound range        : [ 0.05, 1 ]
  RHS coefficient range       : [ 9.87627e-09, 1 ]
Objective value for Line heur k = 68: 11158795.431465114
22
Actual reward of current solution: 38465763.995625824
Minimum Difference with past solutions:0.0.
New solution equals old solution at k=68
21
Total Reward at the start of the inner iterations: 38465763.995625824
Gurobi status: 2

Statistics for model Linearization Heuristic :
  Linear constraint matrix    : 4911 Constrs, 3150 Vars, 573307 NZs
  Matrix coefficient range    : [ 1.00035e-13, 1 ]
  Objective coefficient range : [ 2.0838e-21, 3.4002e+08 ]
  Variable bound range        : [ 0.05, 1 ]
  RHS coefficient range       : [ 9.41467e-09, 1 ]
Objective value for Line heur k = 69: 10853477.056186752
21
Actual reward of current solution: 38465763.995625824
Minimum Difference with past solutions:0.0.
New solution equals old solution at k=69
20
Total Reward at the start of the inner iterations: 38465763.995625824
Gurobi status: 2

Statistics for model Linearization Heuristic :
  Linear constraint matrix    : 4746 Constrs, 3060 Vars, 533288 NZs
  Matrix coefficient range    : [ 1.00035e-13, 1 ]
  Objective coefficient range : [ 2.0838e-21, 3.4002e+08 ]
  Variable bound range        : [ 0.05, 1 ]
  RHS coefficient range       : [ 8.97255e-09, 0.28997 ]
Objective value for Line heur k = 70: 10547644.469181385
20
Actual reward of current solution: 38465763.995625824
Minimum Difference with past solutions:0.0.
New solution equals old solution at k=70
19
Total Reward at the start of the inner iterations: 38465763.995625824
Gurobi status: 2

Statistics for model Linearization Heuristic :
  Linear constraint matrix    : 4635 Constrs, 2970 Vars, 494505 NZs
  Matrix coefficient range    : [ 1.00035e-13, 1 ]
  Objective coefficient range : [ 2.0838e-21, 3.4002e+08 ]
  Variable bound range        : [ 0.05, 1 ]
  RHS coefficient range       : [ 8.5494e-09, 1 ]
Objective value for Line heur k = 71: 10241328.998008117
19
Actual reward of current solution: 38465763.995625824
Minimum Difference with past solutions:0.0.
New solution equals old solution at k=71
18
Total Reward at the start of the inner iterations: 38465763.995625824
Gurobi status: 2

Statistics for model Linearization Heuristic :
  Linear constraint matrix    : 4470 Constrs, 2880 Vars, 456903 NZs
  Matrix coefficient range    : [ 1.00035e-13, 1 ]
  Objective coefficient range : [ 2.0838e-21, 3.4002e+08 ]
  Variable bound range        : [ 0.05, 1 ]
  RHS coefficient range       : [ 8.14468e-09, 1 ]
Objective value for Line heur k = 72: 9934560.441428533
18
Actual reward of current solution: 38465763.995625824
Minimum Difference with past solutions:0.0.
New solution equals old solution at k=72
17
Total Reward at the start of the inner iterations: 38465763.995625824
Gurobi status: 2

Statistics for model Linearization Heuristic :
  Linear constraint matrix    : 4305 Constrs, 2790 Vars, 420537 NZs
  Matrix coefficient range    : [ 1.00035e-13, 1 ]
  Objective coefficient range : [ 2.0838e-21, 3.4002e+08 ]
  Variable bound range        : [ 0.05, 1 ]
  RHS coefficient range       : [ 7.7578e-09, 1 ]
Objective value for Line heur k = 73: 9627367.141477518
17
Actual reward of current solution: 38465763.995625824
Minimum Difference with past solutions:0.0.
New solution equals old solution at k=73
16
Total Reward at the start of the inner iterations: 38465763.995625824
Gurobi status: 2

Statistics for model Linearization Heuristic :
  Linear constraint matrix    : 4140 Constrs, 2700 Vars, 385407 NZs
  Matrix coefficient range    : [ 1.00035e-13, 1 ]
  Objective coefficient range : [ 2.0838e-21, 3.4002e+08 ]
  Variable bound range        : [ 0.05, 1 ]
  RHS coefficient range       : [ 7.38818e-09, 1 ]
Objective value for Line heur k = 74: 9319776.052969946
16
Actual reward of current solution: 38465763.995625824
Minimum Difference with past solutions:0.0.
New solution equals old solution at k=74
15
Total Reward at the start of the inner iterations: 38465763.995625824
Gurobi status: 2

Statistics for model Linearization Heuristic :
  Linear constraint matrix    : 3975 Constrs, 2610 Vars, 351512 NZs
  Matrix coefficient range    : [ 1.00035e-13, 1 ]
  Objective coefficient range : [ 2.0838e-21, 3.4002e+08 ]
  Variable bound range        : [ 0.05, 1 ]
  RHS coefficient range       : [ 7.03522e-09, 1 ]
Objective value for Line heur k = 75: 9011812.81060319
15
Actual reward of current solution: 38465763.995625824
Minimum Difference with past solutions:0.0.
New solution equals old solution at k=75
14
Total Reward at the start of the inner iterations: 38465763.995625824
Gurobi status: 2

Statistics for model Linearization Heuristic :
  Linear constraint matrix    : 3810 Constrs, 2520 Vars, 318853 NZs
  Matrix coefficient range    : [ 1.00035e-13, 1 ]
  Objective coefficient range : [ 2.0838e-21, 3.4002e+08 ]
  Variable bound range        : [ 0.05, 1 ]
  RHS coefficient range       : [ 5.37441e-09, 1 ]
Objective value for Line heur k = 76: 8703501.793905074
14
Actual reward of current solution: 38465763.995625824
Minimum Difference with past solutions:0.0.
New solution equals old solution at k=76
13
Total Reward at the start of the inner iterations: 38465763.995625824
Gurobi status: 2

Statistics for model Linearization Heuristic :
  Linear constraint matrix    : 3645 Constrs, 2430 Vars, 287430 NZs
  Matrix coefficient range    : [ 1.00035e-13, 1 ]
  Objective coefficient range : [ 2.0838e-21, 3.4002e+08 ]
  Variable bound range        : [ 0.05, 1 ]
  RHS coefficient range       : [ 1.19326e-09, 1 ]
Objective value for Line heur k = 77: 8394866.190427214
13
Actual reward of current solution: 38465763.995625824
Minimum Difference with past solutions:0.0.
New solution equals old solution at k=77
12
Total Reward at the start of the inner iterations: 38465763.995625824
Gurobi status: 2

Statistics for model Linearization Heuristic :
  Linear constraint matrix    : 3480 Constrs, 2340 Vars, 257243 NZs
  Matrix coefficient range    : [ 1.00035e-13, 1 ]
  Objective coefficient range : [ 2.0838e-21, 3.4002e+08 ]
  Variable bound range        : [ 0.05, 1 ]
  RHS coefficient range       : [ 1.26672e-09, 1 ]
Objective value for Line heur k = 78: 8085928.057835001
12
Actual reward of current solution: 38465763.995625824
Minimum Difference with past solutions:0.0.
New solution equals old solution at k=78
11
Total Reward at the start of the inner iterations: 38465763.995625824
Gurobi status: 2

Statistics for model Linearization Heuristic :
  Linear constraint matrix    : 3315 Constrs, 2250 Vars, 228292 NZs
  Matrix coefficient range    : [ 1.00035e-13, 1 ]
  Objective coefficient range : [ 2.0838e-21, 3.4002e+08 ]
  Variable bound range        : [ 0.05, 1 ]
  RHS coefficient range       : [ 8.30019e-11, 1 ]
Objective value for Line heur k = 79: 7776708.38597734
11
Actual reward of current solution: 38465763.995625824
Minimum Difference with past solutions:0.0.
New solution equals old solution at k=79
10
Total Reward at the start of the inner iterations: 38465763.995625824
Gurobi status: 2

Statistics for model Linearization Heuristic :
  Linear constraint matrix    : 3150 Constrs, 2160 Vars, 200577 NZs
  Matrix coefficient range    : [ 1.00035e-13, 1 ]
  Objective coefficient range : [ 2.0838e-21, 3.4002e+08 ]
  Variable bound range        : [ 0.05, 1 ]
  RHS coefficient range       : [ 1.55157e-09, 1 ]
Objective value for Line heur k = 80: 7467227.160763632
10
Actual reward of current solution: 38465763.995625824
Minimum Difference with past solutions:0.0.
New solution equals old solution at k=80
9
Total Reward at the start of the inner iterations: 38465763.995625824
Gurobi status: 2

Statistics for model Linearization Heuristic :
  Linear constraint matrix    : 2985 Constrs, 2070 Vars, 174099 NZs
  Matrix coefficient range    : [ 1.00035e-13, 1 ]
  Objective coefficient range : [ 2.0838e-21, 3.4002e+08 ]
  Variable bound range        : [ 0.05, 1 ]
  RHS coefficient range       : [ 3.28782e-09, 1 ]
Objective value for Line heur k = 81: 7157503.432962527
9
Actual reward of current solution: 38465763.995625824
Minimum Difference with past solutions:0.0.
New solution equals old solution at k=81
8
Total Reward at the start of the inner iterations: 38465763.995625824
Gurobi status: 2

Statistics for model Linearization Heuristic :
  Linear constraint matrix    : 2820 Constrs, 1980 Vars, 148857 NZs
  Matrix coefficient range    : [ 1.00035e-13, 1 ]
  Objective coefficient range : [ 2.0838e-21, 3.4002e+08 ]
  Variable bound range        : [ 0.05, 1 ]
  RHS coefficient range       : [ 5.02904e-09, 1 ]
Objective value for Line heur k = 82: 6847555.39726622
8
Actual reward of current solution: 38465763.995625824
Minimum Difference with past solutions:0.0.
New solution equals old solution at k=82
7
Total Reward at the start of the inner iterations: 38465763.995625824
Gurobi status: 2

Statistics for model Linearization Heuristic :
  Linear constraint matrix    : 2655 Constrs, 1890 Vars, 124852 NZs
  Matrix coefficient range    : [ 1.00035e-13, 1 ]
  Objective coefficient range : [ 2.0838e-21, 3.4002e+08 ]
  Variable bound range        : [ 0.05, 1 ]
  RHS coefficient range       : [ 6.77889e-09, 1 ]
Objective value for Line heur k = 83: 6537400.490827976
7
Actual reward of current solution: 38465763.995625824
Minimum Difference with past solutions:0.0.
New solution equals old solution at k=83
6
Total Reward at the start of the inner iterations: 38465763.995625824
Gurobi status: 2

Statistics for model Linearization Heuristic :
  Linear constraint matrix    : 2490 Constrs, 1800 Vars, 102141 NZs
  Matrix coefficient range    : [ 1.00035e-13, 1 ]
  Objective coefficient range : [ 2.0838e-21, 3.4002e+08 ]
  Variable bound range        : [ 0.05, 1 ]
  RHS coefficient range       : [ 8.54369e-09, 0.289861 ]
Objective value for Line heur k = 84: 6227055.527177319
6
Actual reward of current solution: 38465763.995625824
Minimum Difference with past solutions:0.0.
New solution equals old solution at k=84
5
Total Reward at the start of the inner iterations: 38465763.995625824
Gurobi status: 2

Statistics for model Linearization Heuristic :
  Linear constraint matrix    : 2379 Constrs, 1710 Vars, 80674 NZs
  Matrix coefficient range    : [ 1.00035e-13, 1 ]
  Objective coefficient range : [ 2.0838e-21, 3.4002e+08 ]
  Variable bound range        : [ 0.05, 1 ]
  RHS coefficient range       : [ 1.03344e-08, 1 ]
Objective value for Line heur k = 85: 5916536.893028222
5
Actual reward of current solution: 38465763.995625824
Minimum Difference with past solutions:0.0.
New solution equals old solution at k=85
4
Total Reward at the start of the inner iterations: 38465763.995625824
Gurobi status: 2

Statistics for model Linearization Heuristic :
  Linear constraint matrix    : 2214 Constrs, 1620 Vars, 60411 NZs
  Matrix coefficient range    : [ 1.00035e-13, 1 ]
  Objective coefficient range : [ 2.0838e-21, 3.4002e+08 ]
  Variable bound range        : [ 0.05, 1 ]
  RHS coefficient range       : [ 1.21701e-08, 1 ]
Objective value for Line heur k = 86: 5605860.855623951
4
Actual reward of current solution: 38465763.995625824
Minimum Difference with past solutions:0.0.
New solution equals old solution at k=86
3
Total Reward at the start of the inner iterations: 38465763.995625824
Gurobi status: 2

Statistics for model Linearization Heuristic :
  Linear constraint matrix    : 2049 Constrs, 1530 Vars, 41443 NZs
  Matrix coefficient range    : [ 1.00035e-13, 1 ]
  Objective coefficient range : [ 2.0838e-21, 3.4002e+08 ]
  Variable bound range        : [ 0.05, 1 ]
  RHS coefficient range       : [ 1.40836e-08, 1 ]
Objective value for Line heur k = 87: 5295044.063157944
3
Actual reward of current solution: 38465763.995625824
Minimum Difference with past solutions:0.0.
New solution equals old solution at k=87
2
Total Reward at the start of the inner iterations: 38465763.995625824
Gurobi status: 2

Statistics for model Linearization Heuristic :
  Linear constraint matrix    : 1884 Constrs, 1440 Vars, 23930 NZs
  Matrix coefficient range    : [ 1.14772e-13, 1 ]
  Objective coefficient range : [ 2.0838e-21, 3.4002e+08 ]
  Variable bound range        : [ 0.05, 1 ]
  RHS coefficient range       : [ 1.61321e-08, 1 ]
Objective value for Line heur k = 88: 4984104.381306504
2
Actual reward of current solution: 38465763.995625824
Minimum Difference with past solutions:0.0.
New solution equals old solution at k=88
1
Total Reward at the start of the inner iterations: 38465763.995625824
Gurobi status: 2

Statistics for model Linearization Heuristic :
  Linear constraint matrix    : 1719 Constrs, 1350 Vars, 11838 NZs
  Matrix coefficient range    : [ 1.14772e-13, 1 ]
  Objective coefficient range : [ 2.77556e-17, 3.4002e+08 ]
  Variable bound range        : [ 0.05, 1 ]
  RHS coefficient range       : [ 1.84147e-08, 1 ]
Objective value for Line heur k = 89: 4673062.313784793
1
Actual reward of current solution: 38465763.995625824
Minimum Difference with past solutions:0.0.
New solution equals old solution at k=89
0
Total Reward at the start of the inner iterations: 38465763.995625824
Gurobi status: 2

Statistics for model Linearization Heuristic :
  Linear constraint matrix    : 1554 Constrs, 1260 Vars, 2709 NZs
  Matrix coefficient range    : [ 0.288979, 1 ]
  Objective coefficient range : [ 2.77556e-17, 3.4002e+08 ]
  Variable bound range        : [ 0.05, 1 ]
  RHS coefficient range       : [ 2.1103e-08, 0.289832 ]
Objective value for Line heur k = 90: 4361943.436649043
0
Actual reward of current solution: 38465763.995625824
Minimum Difference with past solutions:0.0.
New solution equals old solution at k=90
0
Total Reward at the start of the inner iterations: 38465763.995625824
Gurobi status: 2

Statistics for model Linearization Heuristic :
  Linear constraint matrix    : 1443 Constrs, 1170 Vars, 2457 NZs
  Matrix coefficient range    : [ 0.317935, 1 ]
  Objective coefficient range : [ 2.77556e-17, 3.4002e+08 ]
  Variable bound range        : [ 0.05, 1 ]
  RHS coefficient range       : [ 2.1103e-08, 0.289832 ]
Objective value for Line heur k = 91: 4050376.0099123395
0
Actual reward of current solution: 38465763.995625824
Minimum Difference with past solutions:0.0.
New solution equals old solution at k=91
0
Total Reward at the start of the inner iterations: 38465763.995625824
Gurobi status: 2

Statistics for model Linearization Heuristic :
  Linear constraint matrix    : 1332 Constrs, 1080 Vars, 2214 NZs
  Matrix coefficient range    : [ 0.349792, 1 ]
  Objective coefficient range : [ 2.77556e-17, 3.4002e+08 ]
  Variable bound range        : [ 0.05, 1 ]
  RHS coefficient range       : [ 2.1103e-08, 0.289832 ]
Objective value for Line heur k = 92: 3738808.5919678058
0
Actual reward of current solution: 38465763.995625824
Minimum Difference with past solutions:0.0.
New solution equals old solution at k=92
0
Total Reward at the start of the inner iterations: 38465763.995625824
Gurobi status: 2

Statistics for model Linearization Heuristic :
  Linear constraint matrix    : 1221 Constrs, 990 Vars, 1980 NZs
  Matrix coefficient range    : [ 0.384842, 1 ]
  Objective coefficient range : [ 2.77556e-17, 3.4002e+08 ]
  Variable bound range        : [ 0.05, 1 ]
  RHS coefficient range       : [ 2.1103e-08, 0.289832 ]
Objective value for Line heur k = 93: 3427241.182388328
0
Actual reward of current solution: 38465763.995625824
Minimum Difference with past solutions:0.0.
New solution equals old solution at k=93
0
Total Reward at the start of the inner iterations: 38465763.995625824
Gurobi status: 2

Statistics for model Linearization Heuristic :
  Linear constraint matrix    : 1110 Constrs, 900 Vars, 1755 NZs
  Matrix coefficient range    : [ 0.423403, 1 ]
  Objective coefficient range : [ 2.77556e-17, 3.4002e+08 ]
  Variable bound range        : [ 0.05, 1 ]
  RHS coefficient range       : [ 2.1103e-08, 0.289832 ]
Objective value for Line heur k = 94: 3115673.7804108234
0
Actual reward of current solution: 38465763.995625824
Minimum Difference with past solutions:0.0.
New solution equals old solution at k=94
0
Total Reward at the start of the inner iterations: 38465763.995625824
Gurobi status: 2

Statistics for model Linearization Heuristic :
  Linear constraint matrix    : 999 Constrs, 810 Vars, 1539 NZs
  Matrix coefficient range    : [ 0.465828, 1 ]
  Objective coefficient range : [ 2.77556e-17, 3.4002e+08 ]
  Variable bound range        : [ 0.05, 1 ]
  RHS coefficient range       : [ 2.1103e-08, 0.289832 ]
Objective value for Line heur k = 95: 2804106.3851309447
0
Actual reward of current solution: 38465763.995625824
Minimum Difference with past solutions:0.0.
New solution equals old solution at k=95
0
Total Reward at the start of the inner iterations: 38465763.995625824
Gurobi status: 2

Statistics for model Linearization Heuristic :
  Linear constraint matrix    : 888 Constrs, 720 Vars, 1332 NZs
  Matrix coefficient range    : [ 0.512504, 1 ]
  Objective coefficient range : [ 2.77556e-17, 3.4002e+08 ]
  Variable bound range        : [ 0.05, 1 ]
  RHS coefficient range       : [ 2.1103e-08, 0.289832 ]
Objective value for Line heur k = 96: 2492538.995621401
0
Actual reward of current solution: 38465763.995625824
Minimum Difference with past solutions:0.0.
New solution equals old solution at k=96
0
Total Reward at the start of the inner iterations: 38465763.995625824
Gurobi status: 2

Statistics for model Linearization Heuristic :
  Linear constraint matrix    : 777 Constrs, 630 Vars, 1134 NZs
  Matrix coefficient range    : [ 0.563857, 1 ]
  Objective coefficient range : [ 2.77556e-17, 3.4002e+08 ]
  Variable bound range        : [ 0.05, 1 ]
  RHS coefficient range       : [ 2.1103e-08, 0.289832 ]
Objective value for Line heur k = 97: 2180971.61099992
0
Actual reward of current solution: 38465763.995625824
Minimum Difference with past solutions:0.0.
New solution equals old solution at k=97
0
Total Reward at the start of the inner iterations: 38465763.995625824
Gurobi status: 2

Statistics for model Linearization Heuristic :
  Linear constraint matrix    : 666 Constrs, 540 Vars, 945 NZs
  Matrix coefficient range    : [ 0.620356, 1 ]
  Objective coefficient range : [ 2.77556e-17, 3.4002e+08 ]
  Variable bound range        : [ 0.05, 1 ]
  RHS coefficient range       : [ 2.1103e-08, 0.289832 ]
Objective value for Line heur k = 98: 1869404.230464741
0
Actual reward of current solution: 38465763.995625824
Minimum Difference with past solutions:0.0.
New solution equals old solution at k=98
0
Total Reward at the start of the inner iterations: 38465763.995625824
Gurobi status: 2

Statistics for model Linearization Heuristic :
  Linear constraint matrix    : 555 Constrs, 450 Vars, 765 NZs
  Matrix coefficient range    : [ 0.682516, 1 ]
  Objective coefficient range : [ 2.77556e-17, 3.4002e+08 ]
  Variable bound range        : [ 0.05, 1 ]
  RHS coefficient range       : [ 2.1103e-08, 0.289832 ]
Objective value for Line heur k = 99: 1557836.8533094742
0
Actual reward of current solution: 38465763.995625824
Minimum Difference with past solutions:0.0.
New solution equals old solution at k=99
0
Total Reward at the start of the inner iterations: 38465763.995625824
Gurobi status: 2

Statistics for model Linearization Heuristic :
  Linear constraint matrix    : 444 Constrs, 360 Vars, 594 NZs
  Matrix coefficient range    : [ 0.750904, 1 ]
  Objective coefficient range : [ 2.77556e-17, 3.4002e+08 ]
  Variable bound range        : [ 0.05, 1 ]
  RHS coefficient range       : [ 2.1103e-08, 0.289832 ]
Objective value for Line heur k = 100: 1246269.4789255278
0
Actual reward of current solution: 38465763.995625824
Minimum Difference with past solutions:0.0.
New solution equals old solution at k=100
0
Total Reward at the start of the inner iterations: 38465763.995625824
Gurobi status: 2

Statistics for model Linearization Heuristic :
  Linear constraint matrix    : 333 Constrs, 270 Vars, 432 NZs
  Matrix coefficient range    : [ 0.826145, 1 ]
  Objective coefficient range : [ 2.77556e-17, 3.4002e+08 ]
  Variable bound range        : [ 0.05, 1 ]
  RHS coefficient range       : [ 2.1103e-08, 0.289832 ]
Objective value for Line heur k = 101: 934702.1067973647
0
Actual reward of current solution: 38465763.995625824
Minimum Difference with past solutions:0.0.
New solution equals old solution at k=101
0
Total Reward at the start of the inner iterations: 38465763.995625824
Gurobi status: 2

Statistics for model Linearization Heuristic :
  Linear constraint matrix    : 222 Constrs, 180 Vars, 279 NZs
  Matrix coefficient range    : [ 0.908925, 1 ]
  Objective coefficient range : [ 0.000140518, 3.4002e+08 ]
  Variable bound range        : [ 0.05, 1 ]
  RHS coefficient range       : [ 2.1103e-08, 0.289832 ]
Objective value for Line heur k = 102: 623134.7364940078
0
Actual reward of current solution: 38465763.995625824
Minimum Difference with past solutions:0.0.
New solution equals old solution at k=102
0
Total Reward at the start of the inner iterations: 38465763.995625824
Gurobi status: 2

Statistics for model Linearization Heuristic :
  Linear constraint matrix    : 111 Constrs, 90 Vars, 135 NZs
  Matrix coefficient range    : [ 1, 1 ]
  Objective coefficient range : [ 1457.02, 3.4002e+08 ]
  Variable bound range        : [ 0.05, 1 ]
  RHS coefficient range       : [ 2.1103e-08, 0.289832 ]
Objective value for Line heur k = 103: 311567.3676589821
0
Actual reward of current solution: 38465763.995625824
Minimum Difference with past solutions:0.0.
New solution equals old solution at k=103
Total running time for 90 days is 1948.793100118637
Economic Value: 66084017.79274339
Deaths 0.08239631503920355
Total Reward 38465763.995625824
