{'groups': 'all', 'params_to_try': {'delta_schooling': [0.5], 'xi': [0, 371990.3, 929975.75, 1859951.5, 3719903, 5579854.5], 'icus': [2900], 'tests': [[60000, 0]], 'testing': ['homogeneous'], 'eta': [0.1]}}
{'groups': 'all', 'params_to_try': {'delta_schooling': [0.5], 'xi': [0, 371990.3, 929975.75, 1859951.5, 3719903, 5579854.5], 'icus': [2900], 'tests': [[60000, 0]], 'testing': ['homogeneous'], 'eta': [0.1]}}
{'groups': 'all', 'params_to_try': {'delta_schooling': [0.15084917392450192], 'icus': [2900], 'eta': [0.06476655296663247], 'tests': [[0, 0]], 'xi': [29759224.0], 'testing': ['homogeneous']}}
results/time_gradient/xi-29759224_icus-2900_testing-homogeneous_natests-0_nmtests-0_T-90_startday-0_groups-all_dschool-0.150849_eta-0.064767_freq-90-14_initParamVarying-multiplier_beta_randomInstance-7.yaml
{'groups': 'all', 'params_to_try': {'delta_schooling': [0.5], 'xi': [0, 371990.3, 929975.75, 1859951.5, 3719903, 5579854.5], 'icus': [2900], 'tests': [[60000, 0]], 'testing': ['homogeneous'], 'eta': [0.1]}}
{'groups': 'all', 'params_to_try': {'delta_schooling': [0.5], 'xi': [0, 371990.3, 929975.75, 1859951.5, 3719903, 5579854.5], 'icus': [2900], 'tests': [[60000, 0]], 'testing': ['homogeneous'], 'eta': [0.1]}}
{'groups': 'all', 'params_to_try': {'delta_schooling': [0.15084917392450192], 'icus': [2900], 'eta': [0.06476655296663247], 'tests': [[0, 0]], 'xi': [29759224.0], 'testing': ['homogeneous']}}
results/dynamic_gradient/xi-29759224_icus-2900_testing-homogeneous_natests-0_nmtests-0_T-90_startday-0_groups-all_dschool-0.150849_eta-0.064767_freq-90-14_initParamVarying-multiplier_beta_randomInstance-7.yaml
500
(0.5, 297592240.0, 0.29, 0.0, (7, 14), 'fitted-scaled', 'econ-scaled', 'oct21-scaled', 0.1, 0.05, 2, 'dynamic_gradient', 7, 'multiplier_beta')
The value of T is: 104
Missing starting point -- Running the initial heuristic.
/home/groups/daniancu/covid-optimization/covid-optimization
90
Total Reward at the start of the inner iterations: 29033173.343152452
Using license file /share/software/user/restricted/gurobi/9.0.3_py36/licenses/gurobi.lic
Set parameter TokenServer to value license4.stanford.edu
Gurobi status: 2

Statistics for model Linearization Heuristic :
  Linear constraint matrix    : 16026 Constrs, 9360 Vars, 5501222 NZs
  Matrix coefficient range    : [ 1.00041e-13, 1 ]
  Objective coefficient range : [ 6.31659e-22, 3.02821e+08 ]
  Variable bound range        : [ 0.00322434, 1 ]
  RHS coefficient range       : [ 2.37884e-10, 0.290554 ]
Objective value for Line heur k = 0: 4590462.1637278
90
Actual reward of current solution: 28311971.789265558
Minimum Difference with past solutions:0.050000000000000044.
Gurobi status: 2

Statistics for model Linearization Heuristic :
  Linear constraint matrix    : 16026 Constrs, 9360 Vars, 6319523 NZs
  Matrix coefficient range    : [ 1.00069e-13, 1 ]
  Objective coefficient range : [ 3.3788e-22, 3.02821e+08 ]
  Variable bound range        : [ 0.0311546, 1 ]
  RHS coefficient range       : [ 5.69006e-08, 0.290929 ]
Objective value for Line heur k = 0: 3880922.752282419
90
Actual reward of current solution: 29088530.986048434
Minimum Difference with past solutions:0.050000000000000044.
Gurobi status: 2

Statistics for model Linearization Heuristic :
  Linear constraint matrix    : 16026 Constrs, 9360 Vars, 5591424 NZs
  Matrix coefficient range    : [ 1.00011e-13, 1 ]
  Objective coefficient range : [ 3.31696e-22, 3.02821e+08 ]
  Variable bound range        : [ 0.00322434, 1 ]
  RHS coefficient range       : [ 2.05225e-08, 0.290661 ]
Objective value for Line heur k = 0: 4660857.130985358
90
Actual reward of current solution: 28350905.93119567
Minimum Difference with past solutions:0.050000000000000044.
Gurobi status: 2

Statistics for model Linearization Heuristic :
  Linear constraint matrix    : 16026 Constrs, 9360 Vars, 6319773 NZs
  Matrix coefficient range    : [ 1.00042e-13, 1 ]
  Objective coefficient range : [ 3.72375e-22, 3.02821e+08 ]
  Variable bound range        : [ 0.0311546, 1 ]
  RHS coefficient range       : [ 6.2821e-08, 0.291075 ]
Objective value for Line heur k = 0: 3928098.26458652
90
Actual reward of current solution: 29149314.11951906
Minimum Difference with past solutions:0.050000000000000044.
Gurobi status: 2

Statistics for model Linearization Heuristic :
  Linear constraint matrix    : 16026 Constrs, 9360 Vars, 5591695 NZs
  Matrix coefficient range    : [ 1.00006e-13, 1 ]
  Objective coefficient range : [ 3.7063e-22, 3.02821e+08 ]
  Variable bound range        : [ 0.00322434, 1 ]
  RHS coefficient range       : [ 4.80977e-08, 0.290749 ]
Objective value for Line heur k = 0: 4752032.425357081
90
Actual reward of current solution: 28392983.099229656
Minimum Difference with past solutions:0.050000000000000044.
Gurobi status: 2

Statistics for model Linearization Heuristic :
  Linear constraint matrix    : 16026 Constrs, 9360 Vars, 6319969 NZs
  Matrix coefficient range    : [ 1.00007e-13, 1 ]
  Objective coefficient range : [ 4.82083e-22, 3.02821e+08 ]
  Variable bound range        : [ 0.0311546, 1 ]
  RHS coefficient range       : [ 6.84419e-08, 0.291218 ]
Objective value for Line heur k = 0: 3968437.5218223142
90
Actual reward of current solution: 29207766.4523917
Minimum Difference with past solutions:0.050000000000000044.
Gurobi status: 2

Statistics for model Linearization Heuristic :
  Linear constraint matrix    : 16026 Constrs, 9360 Vars, 5591894 NZs
  Matrix coefficient range    : [ 1.00001e-13, 1 ]
  Objective coefficient range : [ 8.20376e-23, 3.02821e+08 ]
  Variable bound range        : [ 0.00322434, 1 ]
  RHS coefficient range       : [ 5.17898e-08, 0.290834 ]
Objective value for Line heur k = 0: 4822835.731978415
90
Actual reward of current solution: 28434141.18137411
Minimum Difference with past solutions:0.050000000000000044.
Gurobi status: 2

Statistics for model Linearization Heuristic :
  Linear constraint matrix    : 16026 Constrs, 9360 Vars, 6320126 NZs
  Matrix coefficient range    : [ 1.00078e-13, 1 ]
  Objective coefficient range : [ 3.50865e-23, 3.02821e+08 ]
  Variable bound range        : [ 0.0311546, 1 ]
  RHS coefficient range       : [ 6.43051e-08, 0.291344 ]
Objective value for Line heur k = 0: 3999895.8341975636
90
Actual reward of current solution: 29261313.06954075
Minimum Difference with past solutions:0.050000000000000044.
Gurobi status: 2

Statistics for model Linearization Heuristic :
  Linear constraint matrix    : 16026 Constrs, 9360 Vars, 5592041 NZs
  Matrix coefficient range    : [ 1.00027e-13, 1 ]
  Objective coefficient range : [ 3.59239e-24, 3.02821e+08 ]
  Variable bound range        : [ 0.00322434, 1 ]
  RHS coefficient range       : [ 5.47873e-08, 0.290905 ]
Objective value for Line heur k = 0: 4882816.159211032
90
Actual reward of current solution: 28474370.633443817
Minimum Difference with past solutions:0.050000000000000044.
Gurobi status: 2

Statistics for model Linearization Heuristic :
  Linear constraint matrix    : 16026 Constrs, 9360 Vars, 6320233 NZs
  Matrix coefficient range    : [ 1.00046e-13, 1 ]
  Objective coefficient range : [ 1.65159e-21, 3.02821e+08 ]
  Variable bound range        : [ 0.0311546, 1 ]
  RHS coefficient range       : [ 3.71301e-08, 0.291445 ]
Objective value for Line heur k = 0: 4025612.9572756262
90
Actual reward of current solution: 29310615.53740059
Minimum Difference with past solutions:0.050000000000000044.
Gurobi status: 2

Statistics for model Linearization Heuristic :
  Linear constraint matrix    : 16026 Constrs, 9360 Vars, 5592142 NZs
  Matrix coefficient range    : [ 1.00022e-13, 1 ]
  Objective coefficient range : [ 3.56157e-22, 3.02821e+08 ]
  Variable bound range        : [ 0.00322434, 1 ]
  RHS coefficient range       : [ 5.71295e-08, 0.29096 ]
Objective value for Line heur k = 0: 4931691.374788389
90
Actual reward of current solution: 28525759.573468182
Minimum Difference with past solutions:0.050000000000000044.
Gurobi status: 2

Statistics for model Linearization Heuristic :
  Linear constraint matrix    : 16026 Constrs, 9360 Vars, 6298149 NZs
  Matrix coefficient range    : [ 1.00036e-13, 1 ]
  Objective coefficient range : [ 1.6575e-22, 3.02821e+08 ]
  Variable bound range        : [ 0.05, 1 ]
  RHS coefficient range       : [ 2.01484e-08, 0.291497 ]
Objective value for Line heur k = 0: 4085400.753451539
90
Actual reward of current solution: 29357756.48229539
Minimum Difference with past solutions:0.050000000000000044.
Gurobi status: 2

Statistics for model Linearization Heuristic :
  Linear constraint matrix    : 16026 Constrs, 9360 Vars, 5592248 NZs
  Matrix coefficient range    : [ 1.00068e-13, 1 ]
  Objective coefficient range : [ 1.76399e-22, 3.02821e+08 ]
  Variable bound range        : [ 0.00322434, 1 ]
  RHS coefficient range       : [ 5.94094e-08, 0.291012 ]
Objective value for Line heur k = 0: 4981153.211034508
90
Actual reward of current solution: 28553042.798353046
Minimum Difference with past solutions:0.050000000000000044.
Gurobi status: 2

Statistics for model Linearization Heuristic :
  Linear constraint matrix    : 16026 Constrs, 9360 Vars, 6320378 NZs
  Matrix coefficient range    : [ 1.00036e-13, 1 ]
  Objective coefficient range : [ 4.13563e-22, 3.02821e+08 ]
  Variable bound range        : [ 0.05, 1 ]
  RHS coefficient range       : [ 4.5868e-09, 0.291608 ]
Objective value for Line heur k = 0: 4079999.845474169
90
Actual reward of current solution: 29404556.92252546
Minimum Difference with past solutions:0.050000000000000044.
Gurobi status: 2

Statistics for model Linearization Heuristic :
  Linear constraint matrix    : 16026 Constrs, 9360 Vars, 5592327 NZs
  Matrix coefficient range    : [ 1.00152e-13, 1 ]
  Objective coefficient range : [ 2.53953e-23, 3.02821e+08 ]
  Variable bound range        : [ 0.00322434, 1 ]
  RHS coefficient range       : [ 6.15248e-08, 0.29106 ]
Objective value for Line heur k = 0: 5025865.050698075
90
Actual reward of current solution: 28592856.5002045
Minimum Difference with past solutions:0.050000000000000044.
Gurobi status: 2

Statistics for model Linearization Heuristic :
  Linear constraint matrix    : 16026 Constrs, 9360 Vars, 6320431 NZs
  Matrix coefficient range    : [ 1.00029e-13, 1 ]
  Objective coefficient range : [ 4.40445e-22, 3.02821e+08 ]
  Variable bound range        : [ 0.05, 1 ]
  RHS coefficient range       : [ 2.21794e-08, 0.291683 ]
Objective value for Line heur k = 0: 4105322.064797451
90
Actual reward of current solution: 29450489.53212292
Minimum Difference with past solutions:0.050000000000000044.
Gurobi status: 2

Statistics for model Linearization Heuristic :
  Linear constraint matrix    : 16026 Constrs, 9360 Vars, 5592391 NZs
  Matrix coefficient range    : [ 1.00002e-13, 1 ]
  Objective coefficient range : [ 1.74476e-22, 3.02821e+08 ]
  Variable bound range        : [ 0.00322434, 1 ]
  RHS coefficient range       : [ 6.35437e-08, 0.291107 ]
Objective value for Line heur k = 0: 5068788.248821286
90
Actual reward of current solution: 28633148.787695345
Minimum Difference with past solutions:0.050000000000000044.
Gurobi status: 2

Statistics for model Linearization Heuristic :
  Linear constraint matrix    : 16026 Constrs, 9360 Vars, 6320496 NZs
  Matrix coefficient range    : [ 1.00001e-13, 1 ]
  Objective coefficient range : [ 1.23359e-22, 3.02821e+08 ]
  Variable bound range        : [ 0.05, 1 ]
  RHS coefficient range       : [ 2.51659e-08, 0.291755 ]
Objective value for Line heur k = 0: 4128590.9688011752
90
Actual reward of current solution: 29495515.30644145
Minimum Difference with past solutions:0.050000000000000044.
Gurobi status: 2

Statistics for model Linearization Heuristic :
  Linear constraint matrix    : 16026 Constrs, 9360 Vars, 5592446 NZs
  Matrix coefficient range    : [ 1.00121e-13, 1 ]
  Objective coefficient range : [ 8.52345e-22, 3.02821e+08 ]
  Variable bound range        : [ 0.00322434, 1 ]
  RHS coefficient range       : [ 6.52243e-08, 0.291148 ]
Objective value for Line heur k = 0: 5106962.68827212
90
Actual reward of current solution: 28673448.593838908
Minimum Difference with past solutions:0.050000000000000044.
Gurobi status: 2

Statistics for model Linearization Heuristic :
  Linear constraint matrix    : 16026 Constrs, 9360 Vars, 6320533 NZs
  Matrix coefficient range    : [ 1.00006e-13, 1 ]
  Objective coefficient range : [ 3.96686e-22, 3.02821e+08 ]
  Variable bound range        : [ 0.05, 1 ]
  RHS coefficient range       : [ 2.52357e-08, 0.291813 ]
Objective value for Line heur k = 0: 4156829.393578248
90
Actual reward of current solution: 29539642.74389302
Minimum Difference with past solutions:0.05.
Gurobi status: 2

Statistics for model Linearization Heuristic :
  Linear constraint matrix    : 16026 Constrs, 9360 Vars, 5592495 NZs
  Matrix coefficient range    : [ 1.00106e-13, 1 ]
  Objective coefficient range : [ 1.1651e-22, 3.02821e+08 ]
  Variable bound range        : [ 0.00322434, 1 ]
  RHS coefficient range       : [ 6.66436e-08, 0.291184 ]
Objective value for Line heur k = 0: 5116956.046211206
90
Actual reward of current solution: 28693663.246769287
Minimum Difference with past solutions:0.04999999999999971.
Gurobi status: 2

Statistics for model Linearization Heuristic :
  Linear constraint matrix    : 16026 Constrs, 9360 Vars, 6320547 NZs
  Matrix coefficient range    : [ 1.00062e-13, 1 ]
  Objective coefficient range : [ 7.54803e-23, 3.02821e+08 ]
  Variable bound range        : [ 0.05, 1 ]
  RHS coefficient range       : [ 2.52357e-08, 0.291842 ]
Objective value for Line heur k = 0: 4142449.69874321
90
Actual reward of current solution: 29539642.74389302
Minimum Difference with past solutions:0.0.
New solution equals old solution at k=0
89
Total Reward at the start of the inner iterations: 29539642.74389302
Gurobi status: 2

Statistics for model Linearization Heuristic :
  Linear constraint matrix    : 15915 Constrs, 9270 Vars, 5498348 NZs
  Matrix coefficient range    : [ 1.00106e-13, 1 ]
  Objective coefficient range : [ 1.1651e-22, 3.02821e+08 ]
  Variable bound range        : [ 0.00322434, 1 ]
  RHS coefficient range       : [ 6.61839e-08, 1 ]
Objective value for Line heur k = 1: 5360781.998504156
89
Actual reward of current solution: 29375268.484877557
Minimum Difference with past solutions:0.05.
Gurobi status: 2

Statistics for model Linearization Heuristic :
  Linear constraint matrix    : 15915 Constrs, 9270 Vars, 5818464 NZs
  Matrix coefficient range    : [ 1.00056e-13, 1 ]
  Objective coefficient range : [ 4.95478e-23, 3.02821e+08 ]
  Variable bound range        : [ 0.05, 1 ]
  RHS coefficient range       : [ 7.86544e-08, 1 ]
Objective value for Line heur k = 1: 4975546.671477652
89
Actual reward of current solution: 29539642.74389302
Minimum Difference with past solutions:0.0.
New solution equals old solution at k=1
88
Total Reward at the start of the inner iterations: 29539642.74389302
Gurobi status: 2

Statistics for model Linearization Heuristic :
  Linear constraint matrix    : 15750 Constrs, 9180 Vars, 5405078 NZs
  Matrix coefficient range    : [ 1.00106e-13, 1 ]
  Objective coefficient range : [ 1.1651e-22, 3.02821e+08 ]
  Variable bound range        : [ 0.00322434, 1 ]
  RHS coefficient range       : [ 1.17914e-08, 1 ]
Objective value for Line heur k = 2: 5651646.171850536
88
Actual reward of current solution: 29375268.484877557
Minimum Difference with past solutions:0.05.
Gurobi status: 2

Statistics for model Linearization Heuristic :
  Linear constraint matrix    : 15750 Constrs, 9180 Vars, 5725194 NZs
  Matrix coefficient range    : [ 1.00056e-13, 1 ]
  Objective coefficient range : [ 4.95478e-23, 3.02821e+08 ]
  Variable bound range        : [ 0.05, 1 ]
  RHS coefficient range       : [ 6.05911e-08, 1 ]
Objective value for Line heur k = 2: 5274707.821388782
88
Actual reward of current solution: 29539642.74389302
Minimum Difference with past solutions:0.0.
New solution equals old solution at k=2
87
Total Reward at the start of the inner iterations: 29539642.74389302
Gurobi status: 2

Statistics for model Linearization Heuristic :
  Linear constraint matrix    : 15585 Constrs, 9090 Vars, 5312739 NZs
  Matrix coefficient range    : [ 1.00106e-13, 1 ]
  Objective coefficient range : [ 1.1651e-22, 3.02821e+08 ]
  Variable bound range        : [ 0.00322434, 1 ]
  RHS coefficient range       : [ 4.72063e-09, 1 ]
Objective value for Line heur k = 3: 5930304.990184636
87
Actual reward of current solution: 29375268.484877557
Minimum Difference with past solutions:0.05.
Gurobi status: 2

Statistics for model Linearization Heuristic :
  Linear constraint matrix    : 15585 Constrs, 9090 Vars, 5632855 NZs
  Matrix coefficient range    : [ 1.00056e-13, 1 ]
  Objective coefficient range : [ 4.95478e-23, 3.02821e+08 ]
  Variable bound range        : [ 0.05, 1 ]
  RHS coefficient range       : [ 2.69356e-08, 1 ]
Objective value for Line heur k = 3: 5562359.239736296
87
Actual reward of current solution: 29539642.74389302
Minimum Difference with past solutions:0.0.
New solution equals old solution at k=3
86
Total Reward at the start of the inner iterations: 29539642.74389302
Gurobi status: 2

Statistics for model Linearization Heuristic :
  Linear constraint matrix    : 15420 Constrs, 9000 Vars, 5221331 NZs
  Matrix coefficient range    : [ 1.00106e-13, 1 ]
  Objective coefficient range : [ 1.1651e-22, 3.02821e+08 ]
  Variable bound range        : [ 0.00322434, 1 ]
  RHS coefficient range       : [ 6.4482e-08, 1 ]
Objective value for Line heur k = 4: 6188160.766411393
86
Actual reward of current solution: 29375268.484877557
Minimum Difference with past solutions:0.05.
Gurobi status: 2

Statistics for model Linearization Heuristic :
  Linear constraint matrix    : 15420 Constrs, 9000 Vars, 5541447 NZs
  Matrix coefficient range    : [ 1.00056e-13, 1 ]
  Objective coefficient range : [ 4.95478e-23, 3.02821e+08 ]
  Variable bound range        : [ 0.05, 1 ]
  RHS coefficient range       : [ 6.70975e-08, 1 ]
Objective value for Line heur k = 4: 5829680.293557307
86
Actual reward of current solution: 29539642.74389302
Minimum Difference with past solutions:0.0.
New solution equals old solution at k=4
85
Total Reward at the start of the inner iterations: 29539642.74389302
Gurobi status: 2

Statistics for model Linearization Heuristic :
  Linear constraint matrix    : 15255 Constrs, 8910 Vars, 5130854 NZs
  Matrix coefficient range    : [ 1.00106e-13, 1 ]
  Objective coefficient range : [ 1.1651e-22, 3.02821e+08 ]
  Variable bound range        : [ 0.00322434, 1 ]
  RHS coefficient range       : [ 6.38542e-08, 1 ]
Objective value for Line heur k = 5: 6421473.899447818
85
Actual reward of current solution: 29375268.484877557
Minimum Difference with past solutions:0.05.
Gurobi status: 2

Statistics for model Linearization Heuristic :
  Linear constraint matrix    : 15255 Constrs, 8910 Vars, 5450970 NZs
  Matrix coefficient range    : [ 1.00056e-13, 1 ]
  Objective coefficient range : [ 4.95478e-23, 3.02821e+08 ]
  Variable bound range        : [ 0.05, 1 ]
  RHS coefficient range       : [ 1.74839e-08, 1 ]
Objective value for Line heur k = 5: 6072771.189511388
85
Actual reward of current solution: 29539642.74389302
Minimum Difference with past solutions:0.0.
New solution equals old solution at k=5
84
Total Reward at the start of the inner iterations: 29539642.74389302
Gurobi status: 2

Statistics for model Linearization Heuristic :
  Linear constraint matrix    : 15090 Constrs, 8820 Vars, 5041308 NZs
  Matrix coefficient range    : [ 1.00106e-13, 1 ]
  Objective coefficient range : [ 1.1651e-22, 3.02821e+08 ]
  Variable bound range        : [ 0.00322434, 1 ]
  RHS coefficient range       : [ 6.32097e-08, 1 ]
Objective value for Line heur k = 6: 6629323.482130939
84
Actual reward of current solution: 29375268.484877557
Minimum Difference with past solutions:0.05.
Gurobi status: 2

Statistics for model Linearization Heuristic :
  Linear constraint matrix    : 15090 Constrs, 8820 Vars, 5361424 NZs
  Matrix coefficient range    : [ 1.00056e-13, 1 ]
  Objective coefficient range : [ 4.95478e-23, 3.02821e+08 ]
  Variable bound range        : [ 0.05, 1 ]
  RHS coefficient range       : [ 5.2111e-08, 1 ]
Objective value for Line heur k = 6: 6290591.717504804
84
Actual reward of current solution: 29539642.74389302
Minimum Difference with past solutions:0.0.
New solution equals old solution at k=6
83
Total Reward at the start of the inner iterations: 29539642.74389302
Gurobi status: 2

Statistics for model Linearization Heuristic :
  Linear constraint matrix    : 14925 Constrs, 8730 Vars, 4952693 NZs
  Matrix coefficient range    : [ 1.00106e-13, 1 ]
  Objective coefficient range : [ 1.1651e-22, 3.02821e+08 ]
  Variable bound range        : [ 0.00322434, 1 ]
  RHS coefficient range       : [ 2.79702e-08, 1 ]
Objective value for Line heur k = 7: 6812366.40298378
83
Actual reward of current solution: 29375268.484877557
Minimum Difference with past solutions:0.05.
Gurobi status: 2

Statistics for model Linearization Heuristic :
  Linear constraint matrix    : 14925 Constrs, 8730 Vars, 5272809 NZs
  Matrix coefficient range    : [ 1.00056e-13, 1 ]
  Objective coefficient range : [ 4.95478e-23, 3.02821e+08 ]
  Variable bound range        : [ 0.05, 1 ]
  RHS coefficient range       : [ 7.44e-08, 1 ]
Objective value for Line heur k = 7: 6483704.2218678845
83
Actual reward of current solution: 29539642.74389302
Minimum Difference with past solutions:0.0.
New solution equals old solution at k=7
82
Total Reward at the start of the inner iterations: 29539642.74389302
Gurobi status: 2

Statistics for model Linearization Heuristic :
  Linear constraint matrix    : 14760 Constrs, 8640 Vars, 4865009 NZs
  Matrix coefficient range    : [ 1.00106e-13, 1 ]
  Objective coefficient range : [ 1.1651e-22, 3.02821e+08 ]
  Variable bound range        : [ 0.00322434, 1 ]
  RHS coefficient range       : [ 3.59949e-08, 1 ]
Objective value for Line heur k = 8: 6972088.077436299
82
Actual reward of current solution: 29375268.484877557
Minimum Difference with past solutions:0.05.
Gurobi status: 2

Statistics for model Linearization Heuristic :
  Linear constraint matrix    : 14760 Constrs, 8640 Vars, 5185125 NZs
  Matrix coefficient range    : [ 1.00056e-13, 1 ]
  Objective coefficient range : [ 4.95478e-23, 3.02821e+08 ]
  Variable bound range        : [ 0.05, 1 ]
  RHS coefficient range       : [ 7.36219e-08, 1 ]
Objective value for Line heur k = 8: 6653511.653495148
82
Actual reward of current solution: 29539642.74389302
Minimum Difference with past solutions:0.0.
New solution equals old solution at k=8
81
Total Reward at the start of the inner iterations: 29539642.74389302
Gurobi status: 2

Statistics for model Linearization Heuristic :
  Linear constraint matrix    : 14595 Constrs, 8550 Vars, 4778256 NZs
  Matrix coefficient range    : [ 1.00106e-13, 1 ]
  Objective coefficient range : [ 1.1651e-22, 3.02821e+08 ]
  Variable bound range        : [ 0.00322434, 1 ]
  RHS coefficient range       : [ 5.48106e-09, 1 ]
Objective value for Line heur k = 9: 7110355.219996079
81
Actual reward of current solution: 29375268.484877557
Minimum Difference with past solutions:0.05.
Gurobi status: 2

Statistics for model Linearization Heuristic :
  Linear constraint matrix    : 14595 Constrs, 8550 Vars, 5098372 NZs
  Matrix coefficient range    : [ 1.00056e-13, 1 ]
  Objective coefficient range : [ 4.95478e-23, 3.02821e+08 ]
  Variable bound range        : [ 0.05, 1 ]
  RHS coefficient range       : [ 4.96076e-08, 1 ]
Objective value for Line heur k = 9: 6801799.322356124
81
Actual reward of current solution: 29539642.74389302
Minimum Difference with past solutions:0.0.
New solution equals old solution at k=9
80
Total Reward at the start of the inner iterations: 29539642.74389302
Gurobi status: 2

Statistics for model Linearization Heuristic :
  Linear constraint matrix    : 14430 Constrs, 8460 Vars, 4692434 NZs
  Matrix coefficient range    : [ 1.00106e-13, 1 ]
  Objective coefficient range : [ 1.1651e-22, 3.02821e+08 ]
  Variable bound range        : [ 0.00322434, 1 ]
  RHS coefficient range       : [ 1.17144e-08, 1 ]
Objective value for Line heur k = 10: 7229153.493745983
80
Actual reward of current solution: 29375268.484877557
Minimum Difference with past solutions:0.05.
Gurobi status: 2

Statistics for model Linearization Heuristic :
  Linear constraint matrix    : 14430 Constrs, 8460 Vars, 5012550 NZs
  Matrix coefficient range    : [ 1.00056e-13, 1 ]
  Objective coefficient range : [ 4.95478e-23, 3.02821e+08 ]
  Variable bound range        : [ 0.05, 1 ]
  RHS coefficient range       : [ 1.67431e-08, 1 ]
Objective value for Line heur k = 10: 6930461.6279264
80
Actual reward of current solution: 29539642.74389302
Minimum Difference with past solutions:0.0.
New solution equals old solution at k=10
79
Total Reward at the start of the inner iterations: 29539642.74389302
Gurobi status: 2

Statistics for model Linearization Heuristic :
  Linear constraint matrix    : 14265 Constrs, 8370 Vars, 4607543 NZs
  Matrix coefficient range    : [ 1.00106e-13, 1 ]
  Objective coefficient range : [ 1.1651e-22, 3.02821e+08 ]
  Variable bound range        : [ 0.00322434, 1 ]
  RHS coefficient range       : [ 1.41391e-08, 1 ]
Objective value for Line heur k = 11: 7330437.6009075465
79
Actual reward of current solution: 29375268.484877557
Minimum Difference with past solutions:0.05.
Gurobi status: 2

Statistics for model Linearization Heuristic :
  Linear constraint matrix    : 14265 Constrs, 8370 Vars, 4927659 NZs
  Matrix coefficient range    : [ 1.00056e-13, 1 ]
  Objective coefficient range : [ 4.95478e-23, 3.02821e+08 ]
  Variable bound range        : [ 0.05, 1 ]
  RHS coefficient range       : [ 1.95622e-08, 1 ]
Objective value for Line heur k = 11: 7041339.780640125
79
Actual reward of current solution: 29539642.74389302
Minimum Difference with past solutions:0.0.
New solution equals old solution at k=11
78
Total Reward at the start of the inner iterations: 29539642.74389302
Gurobi status: 2

Statistics for model Linearization Heuristic :
  Linear constraint matrix    : 14100 Constrs, 8280 Vars, 4523583 NZs
  Matrix coefficient range    : [ 1.00106e-13, 1 ]
  Objective coefficient range : [ 1.1651e-22, 3.02821e+08 ]
  Variable bound range        : [ 0.00322434, 1 ]
  RHS coefficient range       : [ 1.32372e-08, 1 ]
Objective value for Line heur k = 12: 7416048.9838253185
78
Actual reward of current solution: 29375268.484877557
Minimum Difference with past solutions:0.05.
Gurobi status: 2

Statistics for model Linearization Heuristic :
  Linear constraint matrix    : 14100 Constrs, 8280 Vars, 4843699 NZs
  Matrix coefficient range    : [ 1.00056e-13, 1 ]
  Objective coefficient range : [ 4.95478e-23, 3.02821e+08 ]
  Variable bound range        : [ 0.05, 1 ]
  RHS coefficient range       : [ 6.70549e-08, 1 ]
Objective value for Line heur k = 12: 7136123.915708953
78
Actual reward of current solution: 29539642.74389302
Minimum Difference with past solutions:0.0.
New solution equals old solution at k=12
77
Total Reward at the start of the inner iterations: 29539642.74389302
Gurobi status: 2

Statistics for model Linearization Heuristic :
  Linear constraint matrix    : 13935 Constrs, 8190 Vars, 4440554 NZs
  Matrix coefficient range    : [ 1.00106e-13, 1 ]
  Objective coefficient range : [ 1.1651e-22, 3.02821e+08 ]
  Variable bound range        : [ 0.00322434, 1 ]
  RHS coefficient range       : [ 1.95725e-08, 1 ]
Objective value for Line heur k = 13: 7487673.308356556
77
Actual reward of current solution: 29375268.484877557
Minimum Difference with past solutions:0.05.
Gurobi status: 2

Statistics for model Linearization Heuristic :
  Linear constraint matrix    : 13935 Constrs, 8190 Vars, 4760670 NZs
  Matrix coefficient range    : [ 1.00056e-13, 1 ]
  Objective coefficient range : [ 4.95478e-23, 3.02821e+08 ]
  Variable bound range        : [ 0.05, 1 ]
  RHS coefficient range       : [ 1.74824e-08, 1 ]
Objective value for Line heur k = 13: 7216289.52693944
77
Actual reward of current solution: 29539642.74389302
Minimum Difference with past solutions:0.0.
New solution equals old solution at k=13
76
Total Reward at the start of the inner iterations: 29539642.74389302
Gurobi status: 2

Statistics for model Linearization Heuristic :
  Linear constraint matrix    : 13770 Constrs, 8100 Vars, 4358510 NZs
  Matrix coefficient range    : [ 1.00106e-13, 1 ]
  Objective coefficient range : [ 1.1651e-22, 3.02821e+08 ]
  Variable bound range        : [ 0.00322434, 1 ]
  RHS coefficient range       : [ 1.33706e-08, 0.290748 ]
Objective value for Line heur k = 14: 7546820.3157037655
76
Actual reward of current solution: 29375268.484877557
Minimum Difference with past solutions:0.05.
Gurobi status: 2

Statistics for model Linearization Heuristic :
  Linear constraint matrix    : 13770 Constrs, 8100 Vars, 4678626 NZs
  Matrix coefficient range    : [ 1.00056e-13, 1 ]
  Objective coefficient range : [ 4.95478e-23, 3.02821e+08 ]
  Variable bound range        : [ 0.05, 1 ]
  RHS coefficient range       : [ 2.04584e-08, 0.290946 ]
Objective value for Line heur k = 14: 7283047.755266643
76
Actual reward of current solution: 29539642.74389302
Minimum Difference with past solutions:0.0.
New solution equals old solution at k=14
75
Total Reward at the start of the inner iterations: 29539642.74389302
Gurobi status: 2

Statistics for model Linearization Heuristic :
  Linear constraint matrix    : 13659 Constrs, 8010 Vars, 4272381 NZs
  Matrix coefficient range    : [ 1.00106e-13, 1 ]
  Objective coefficient range : [ 1.1651e-22, 3.02821e+08 ]
  Variable bound range        : [ 0.00322434, 1 ]
  RHS coefficient range       : [ 5.65669e-09, 1 ]
Objective value for Line heur k = 15: 7558809.926858125
75
Actual reward of current solution: 29514388.47864175
Minimum Difference with past solutions:0.05.
Gurobi status: 2

Statistics for model Linearization Heuristic :
  Linear constraint matrix    : 13659 Constrs, 8010 Vars, 4309146 NZs
  Matrix coefficient range    : [ 1.00011e-13, 1 ]
  Objective coefficient range : [ 6.47362e-22, 3.02821e+08 ]
  Variable bound range        : [ 0.00322434, 1 ]
  RHS coefficient range       : [ 3.78609e-09, 1 ]
Objective value for Line heur k = 15: 7506094.265410841
75
Actual reward of current solution: 29539642.74389302
Minimum Difference with past solutions:0.0.
New solution equals old solution at k=15
74
Total Reward at the start of the inner iterations: 29539642.74389302
Gurobi status: 2

Statistics for model Linearization Heuristic :
  Linear constraint matrix    : 13494 Constrs, 7920 Vars, 4187186 NZs
  Matrix coefficient range    : [ 1.00106e-13, 1 ]
  Objective coefficient range : [ 1.1651e-22, 3.02821e+08 ]
  Variable bound range        : [ 0.00322434, 1 ]
  RHS coefficient range       : [ 5.56468e-09, 1 ]
Objective value for Line heur k = 16: 7596002.33156076
74
Actual reward of current solution: 29514388.47864175
Minimum Difference with past solutions:0.05.
Gurobi status: 2

Statistics for model Linearization Heuristic :
  Linear constraint matrix    : 13494 Constrs, 7920 Vars, 4223951 NZs
  Matrix coefficient range    : [ 1.00011e-13, 1 ]
  Objective coefficient range : [ 6.47362e-22, 3.02821e+08 ]
  Variable bound range        : [ 0.00322434, 1 ]
  RHS coefficient range       : [ 7.95728e-09, 1 ]
Objective value for Line heur k = 16: 7544899.795990947
74
Actual reward of current solution: 29539642.74389302
Minimum Difference with past solutions:0.0.
New solution equals old solution at k=16
73
Total Reward at the start of the inner iterations: 29539642.74389302
Gurobi status: 2

Statistics for model Linearization Heuristic :
  Linear constraint matrix    : 13329 Constrs, 7830 Vars, 4102979 NZs
  Matrix coefficient range    : [ 1.00106e-13, 1 ]
  Objective coefficient range : [ 1.1651e-22, 3.02821e+08 ]
  Variable bound range        : [ 0.00322434, 1 ]
  RHS coefficient range       : [ 8.19101e-10, 1 ]
Objective value for Line heur k = 17: 7624276.5010017445
73
Actual reward of current solution: 29514388.47864175
Minimum Difference with past solutions:0.05.
Gurobi status: 2

Statistics for model Linearization Heuristic :
  Linear constraint matrix    : 13329 Constrs, 7830 Vars, 4139744 NZs
  Matrix coefficient range    : [ 1.00011e-13, 1 ]
  Objective coefficient range : [ 6.47362e-22, 3.02821e+08 ]
  Variable bound range        : [ 0.00322434, 1 ]
  RHS coefficient range       : [ 4.66787e-09, 1 ]
Objective value for Line heur k = 17: 7574783.448695098
73
Actual reward of current solution: 29539642.74389302
Minimum Difference with past solutions:0.0.
New solution equals old solution at k=17
72
Total Reward at the start of the inner iterations: 29539642.74389302
Gurobi status: 2

Statistics for model Linearization Heuristic :
  Linear constraint matrix    : 13164 Constrs, 7740 Vars, 4019760 NZs
  Matrix coefficient range    : [ 1.00106e-13, 1 ]
  Objective coefficient range : [ 1.1651e-22, 3.02821e+08 ]
  Variable bound range        : [ 0.00322434, 1 ]
  RHS coefficient range       : [ 3.59535e-08, 1 ]
Objective value for Line heur k = 18: 7644684.627602877
72
Actual reward of current solution: 29514388.47864175
Minimum Difference with past solutions:0.05.
Gurobi status: 2

Statistics for model Linearization Heuristic :
  Linear constraint matrix    : 13164 Constrs, 7740 Vars, 4056525 NZs
  Matrix coefficient range    : [ 1.00011e-13, 1 ]
  Objective coefficient range : [ 6.47362e-22, 3.02821e+08 ]
  Variable bound range        : [ 0.00322434, 1 ]
  RHS coefficient range       : [ 3.94618e-08, 1 ]
Objective value for Line heur k = 18: 7596796.143396574
72
Actual reward of current solution: 29539642.74389302
Minimum Difference with past solutions:0.0.
New solution equals old solution at k=18
71
Total Reward at the start of the inner iterations: 29539642.74389302
Gurobi status: 2

Statistics for model Linearization Heuristic :
  Linear constraint matrix    : 12999 Constrs, 7650 Vars, 3937529 NZs
  Matrix coefficient range    : [ 1.00106e-13, 1 ]
  Objective coefficient range : [ 1.1651e-22, 3.02821e+08 ]
  Variable bound range        : [ 0.00322434, 1 ]
  RHS coefficient range       : [ 5.37684e-08, 1 ]
Objective value for Line heur k = 19: 7658142.801349048
71
Actual reward of current solution: 29514388.47864175
Minimum Difference with past solutions:0.05.
Gurobi status: 2

Statistics for model Linearization Heuristic :
  Linear constraint matrix    : 12999 Constrs, 7650 Vars, 3974294 NZs
  Matrix coefficient range    : [ 1.00011e-13, 1 ]
  Objective coefficient range : [ 6.47362e-22, 3.02821e+08 ]
  Variable bound range        : [ 0.00322434, 1 ]
  RHS coefficient range       : [ 3.6594e-08, 1 ]
Objective value for Line heur k = 19: 7611852.010760033
71
Actual reward of current solution: 29539642.74389302
Minimum Difference with past solutions:0.0.
New solution equals old solution at k=19
70
Total Reward at the start of the inner iterations: 29539642.74389302
Gurobi status: 2

Statistics for model Linearization Heuristic :
  Linear constraint matrix    : 12834 Constrs, 7560 Vars, 3856286 NZs
  Matrix coefficient range    : [ 1.00106e-13, 1 ]
  Objective coefficient range : [ 1.1651e-22, 3.02821e+08 ]
  Variable bound range        : [ 0.00322434, 1 ]
  RHS coefficient range       : [ 2.26294e-08, 1 ]
Objective value for Line heur k = 20: 7665447.520255465
70
Actual reward of current solution: 29514388.47864175
Minimum Difference with past solutions:0.05.
Gurobi status: 2

Statistics for model Linearization Heuristic :
  Linear constraint matrix    : 12834 Constrs, 7560 Vars, 3893051 NZs
  Matrix coefficient range    : [ 1.00011e-13, 1 ]
  Objective coefficient range : [ 6.47362e-22, 3.02821e+08 ]
  Variable bound range        : [ 0.00322434, 1 ]
  RHS coefficient range       : [ 2.04373e-08, 1 ]
Objective value for Line heur k = 20: 7620744.640498697
70
Actual reward of current solution: 29539642.74389302
Minimum Difference with past solutions:0.0.
New solution equals old solution at k=20
69
Total Reward at the start of the inner iterations: 29539642.74389302
Gurobi status: 2

Statistics for model Linearization Heuristic :
  Linear constraint matrix    : 12669 Constrs, 7470 Vars, 3776031 NZs
  Matrix coefficient range    : [ 1.00106e-13, 1 ]
  Objective coefficient range : [ 1.1651e-22, 3.02821e+08 ]
  Variable bound range        : [ 0.00322434, 1 ]
  RHS coefficient range       : [ 2.14981e-08, 1 ]
Objective value for Line heur k = 21: 7667288.379191307
69
Actual reward of current solution: 29514388.47864175
Minimum Difference with past solutions:0.05.
Gurobi status: 2

Statistics for model Linearization Heuristic :
  Linear constraint matrix    : 12669 Constrs, 7470 Vars, 3812796 NZs
  Matrix coefficient range    : [ 1.00011e-13, 1 ]
  Objective coefficient range : [ 6.47362e-22, 3.02821e+08 ]
  Variable bound range        : [ 0.00322434, 1 ]
  RHS coefficient range       : [ 2.86971e-08, 1 ]
Objective value for Line heur k = 21: 7624159.372515484
69
Actual reward of current solution: 29539642.74389302
Minimum Difference with past solutions:0.0.
New solution equals old solution at k=21
68
Total Reward at the start of the inner iterations: 29539642.74389302
Gurobi status: 2

Statistics for model Linearization Heuristic :
  Linear constraint matrix    : 12504 Constrs, 7380 Vars, 3696764 NZs
  Matrix coefficient range    : [ 1.00106e-13, 1 ]
  Objective coefficient range : [ 1.1651e-22, 3.02821e+08 ]
  Variable bound range        : [ 0.00322434, 1 ]
  RHS coefficient range       : [ 5.14498e-08, 1 ]
Objective value for Line heur k = 22: 7664257.258019926
68
Actual reward of current solution: 29514388.47864175
Minimum Difference with past solutions:0.05.
Gurobi status: 2

Statistics for model Linearization Heuristic :
  Linear constraint matrix    : 12504 Constrs, 7380 Vars, 3733529 NZs
  Matrix coefficient range    : [ 1.00011e-13, 1 ]
  Objective coefficient range : [ 6.47362e-22, 3.02821e+08 ]
  Variable bound range        : [ 0.00322434, 1 ]
  RHS coefficient range       : [ 4.66958e-08, 1 ]
Objective value for Line heur k = 22: 7622681.894458274
68
Actual reward of current solution: 29539642.74389302
Minimum Difference with past solutions:0.0.
New solution equals old solution at k=22
67
Total Reward at the start of the inner iterations: 29539642.74389302
Gurobi status: 2

Statistics for model Linearization Heuristic :
  Linear constraint matrix    : 12339 Constrs, 7290 Vars, 3618485 NZs
  Matrix coefficient range    : [ 1.00106e-13, 1 ]
  Objective coefficient range : [ 1.1651e-22, 3.02821e+08 ]
  Variable bound range        : [ 0.00322434, 1 ]
  RHS coefficient range       : [ 2.02958e-08, 1 ]
Objective value for Line heur k = 23: 7656853.965516063
67
Actual reward of current solution: 29514388.47864175
Minimum Difference with past solutions:0.05.
Gurobi status: 2

Statistics for model Linearization Heuristic :
  Linear constraint matrix    : 12339 Constrs, 7290 Vars, 3655250 NZs
  Matrix coefficient range    : [ 1.00011e-13, 1 ]
  Objective coefficient range : [ 6.47362e-22, 3.02821e+08 ]
  Variable bound range        : [ 0.00322434, 1 ]
  RHS coefficient range       : [ 1.49712e-08, 1 ]
Objective value for Line heur k = 23: 7616803.016265216
67
Actual reward of current solution: 29539642.74389302
Minimum Difference with past solutions:0.0.
New solution equals old solution at k=23
66
Total Reward at the start of the inner iterations: 29539642.74389302
Gurobi status: 2

Statistics for model Linearization Heuristic :
  Linear constraint matrix    : 12174 Constrs, 7200 Vars, 3541194 NZs
  Matrix coefficient range    : [ 1.00106e-13, 1 ]
  Objective coefficient range : [ 1.1651e-22, 3.02821e+08 ]
  Variable bound range        : [ 0.00322434, 1 ]
  RHS coefficient range       : [ 9.55716e-09, 1 ]
Objective value for Line heur k = 24: 7645487.919710002
66
Actual reward of current solution: 29514388.47864175
Minimum Difference with past solutions:0.05.
Gurobi status: 2

Statistics for model Linearization Heuristic :
  Linear constraint matrix    : 12174 Constrs, 7200 Vars, 3577959 NZs
  Matrix coefficient range    : [ 1.00011e-13, 1 ]
  Objective coefficient range : [ 6.47362e-22, 3.02821e+08 ]
  Variable bound range        : [ 0.00322434, 1 ]
  RHS coefficient range       : [ 3.18546e-09, 1 ]
Objective value for Line heur k = 24: 7606919.075216078
66
Actual reward of current solution: 29539642.74389302
Minimum Difference with past solutions:0.0.
New solution equals old solution at k=24
65
Total Reward at the start of the inner iterations: 29539642.74389302
Gurobi status: 2

Statistics for model Linearization Heuristic :
  Linear constraint matrix    : 12009 Constrs, 7110 Vars, 3464891 NZs
  Matrix coefficient range    : [ 1.00106e-13, 1 ]
  Objective coefficient range : [ 1.1651e-22, 3.02821e+08 ]
  Variable bound range        : [ 0.00322434, 1 ]
  RHS coefficient range       : [ 3.81791e-08, 1 ]
Objective value for Line heur k = 25: 7630474.996863036
65
Actual reward of current solution: 29514388.47864175
Minimum Difference with past solutions:0.05.
Gurobi status: 2

Statistics for model Linearization Heuristic :
  Linear constraint matrix    : 12009 Constrs, 7110 Vars, 3501656 NZs
  Matrix coefficient range    : [ 1.00011e-13, 1 ]
  Objective coefficient range : [ 6.47362e-22, 3.02821e+08 ]
  Variable bound range        : [ 0.00322434, 1 ]
  RHS coefficient range       : [ 4.46651e-08, 1 ]
Objective value for Line heur k = 25: 7593326.916318242
65
Actual reward of current solution: 29539642.74389302
Minimum Difference with past solutions:0.0.
New solution equals old solution at k=25
64
Total Reward at the start of the inner iterations: 29539642.74389302
Gurobi status: 2

Statistics for model Linearization Heuristic :
  Linear constraint matrix    : 11844 Constrs, 7020 Vars, 3389576 NZs
  Matrix coefficient range    : [ 1.00106e-13, 1 ]
  Objective coefficient range : [ 1.1651e-22, 3.02821e+08 ]
  Variable bound range        : [ 0.00322434, 1 ]
  RHS coefficient range       : [ 2.87701e-08, 1 ]
Objective value for Line heur k = 26: 7612028.090629859
64
Actual reward of current solution: 29514388.47864175
Minimum Difference with past solutions:0.05.
Gurobi status: 2

Statistics for model Linearization Heuristic :
  Linear constraint matrix    : 11844 Constrs, 7020 Vars, 3426341 NZs
  Matrix coefficient range    : [ 1.00011e-13, 1 ]
  Objective coefficient range : [ 6.47362e-22, 3.02821e+08 ]
  Variable bound range        : [ 0.00322434, 1 ]
  RHS coefficient range       : [ 1.4804e-08, 1 ]
Objective value for Line heur k = 26: 7576211.7139051715
64
Actual reward of current solution: 29539642.74389302
Minimum Difference with past solutions:0.0.
New solution equals old solution at k=26
63
Total Reward at the start of the inner iterations: 29539642.74389302
Gurobi status: 2

Statistics for model Linearization Heuristic :
  Linear constraint matrix    : 11679 Constrs, 6930 Vars, 3315249 NZs
  Matrix coefficient range    : [ 1.00106e-13, 1 ]
  Objective coefficient range : [ 1.1651e-22, 3.02821e+08 ]
  Variable bound range        : [ 0.00322434, 1 ]
  RHS coefficient range       : [ 1.86653e-08, 1 ]
Objective value for Line heur k = 27: 7590239.10057535
63
Actual reward of current solution: 29514388.47864175
Minimum Difference with past solutions:0.05.
Gurobi status: 2

Statistics for model Linearization Heuristic :
  Linear constraint matrix    : 11679 Constrs, 6930 Vars, 3352014 NZs
  Matrix coefficient range    : [ 1.00011e-13, 1 ]
  Objective coefficient range : [ 6.47362e-22, 3.02821e+08 ]
  Variable bound range        : [ 0.00322434, 1 ]
  RHS coefficient range       : [ 1.00008e-08, 1 ]
Objective value for Line heur k = 27: 7555624.948265194
63
Actual reward of current solution: 29539642.74389302
Minimum Difference with past solutions:0.0.
New solution equals old solution at k=27
62
Total Reward at the start of the inner iterations: 29539642.74389302
Gurobi status: 2

Statistics for model Linearization Heuristic :
  Linear constraint matrix    : 11514 Constrs, 6840 Vars, 3241964 NZs
  Matrix coefficient range    : [ 1.00106e-13, 1 ]
  Objective coefficient range : [ 1.1651e-22, 3.02821e+08 ]
  Variable bound range        : [ 0.05, 1 ]
  RHS coefficient range       : [ 5.59271e-09, 0.290478 ]
Objective value for Line heur k = 28: 7565048.891301001
62
Actual reward of current solution: 29514388.47864175
Minimum Difference with past solutions:0.05.
Gurobi status: 2

Statistics for model Linearization Heuristic :
  Linear constraint matrix    : 11514 Constrs, 6840 Vars, 3278729 NZs
  Matrix coefficient range    : [ 1.00011e-13, 1 ]
  Objective coefficient range : [ 6.47362e-22, 3.02821e+08 ]
  Variable bound range        : [ 0.05, 1 ]
  RHS coefficient range       : [ 1.27971e-08, 0.290493 ]
Objective value for Line heur k = 28: 7531448.48259079
62
Actual reward of current solution: 29539642.74389302
Minimum Difference with past solutions:0.0.
New solution equals old solution at k=28
61
Total Reward at the start of the inner iterations: 29539642.74389302
Gurobi status: 2

Statistics for model Linearization Heuristic :
  Linear constraint matrix    : 11403 Constrs, 6750 Vars, 3154169 NZs
  Matrix coefficient range    : [ 1.00106e-13, 1 ]
  Objective coefficient range : [ 1.1651e-22, 3.02821e+08 ]
  Variable bound range        : [ 0.05, 1 ]
  RHS coefficient range       : [ 4.44239e-09, 1 ]
Objective value for Line heur k = 29: 7500788.325050351
61
Actual reward of current solution: 29539642.74389302
Minimum Difference with past solutions:0.0.
New solution equals old solution at k=29
60
Total Reward at the start of the inner iterations: 29539642.74389302
Gurobi status: 2

Statistics for model Linearization Heuristic :
  Linear constraint matrix    : 11238 Constrs, 6660 Vars, 3067517 NZs
  Matrix coefficient range    : [ 1.00106e-13, 1 ]
  Objective coefficient range : [ 1.1651e-22, 3.02821e+08 ]
  Variable bound range        : [ 0.05, 1 ]
  RHS coefficient range       : [ 6.21935e-09, 1 ]
Objective value for Line heur k = 30: 7436913.082218688
60
Actual reward of current solution: 29539642.74389302
Minimum Difference with past solutions:0.0.
New solution equals old solution at k=30
59
Total Reward at the start of the inner iterations: 29539642.74389302
Gurobi status: 2

Statistics for model Linearization Heuristic :
  Linear constraint matrix    : 11073 Constrs, 6570 Vars, 2982062 NZs
  Matrix coefficient range    : [ 1.00106e-13, 1 ]
  Objective coefficient range : [ 1.1651e-22, 3.02821e+08 ]
  Variable bound range        : [ 0.05, 1 ]
  RHS coefficient range       : [ 1.20669e-09, 1 ]
Objective value for Line heur k = 31: 7369603.3465748
59
Actual reward of current solution: 29539642.74389302
Minimum Difference with past solutions:0.0.
New solution equals old solution at k=31
58
Total Reward at the start of the inner iterations: 29539642.74389302
Gurobi status: 2

Statistics for model Linearization Heuristic :
  Linear constraint matrix    : 10908 Constrs, 6480 Vars, 2897806 NZs
  Matrix coefficient range    : [ 1.00106e-13, 1 ]
  Objective coefficient range : [ 1.1651e-22, 3.02821e+08 ]
  Variable bound range        : [ 0.05, 1 ]
  RHS coefficient range       : [ 3.99156e-10, 1 ]
Objective value for Line heur k = 32: 7299629.4333882965
58
Actual reward of current solution: 29539642.74389302
Minimum Difference with past solutions:0.0.
New solution equals old solution at k=32
57
Total Reward at the start of the inner iterations: 29539642.74389302
Gurobi status: 2

Statistics for model Linearization Heuristic :
  Linear constraint matrix    : 10743 Constrs, 6390 Vars, 2814747 NZs
  Matrix coefficient range    : [ 1.00106e-13, 1 ]
  Objective coefficient range : [ 1.1651e-22, 3.02821e+08 ]
  Variable bound range        : [ 0.05, 1 ]
  RHS coefficient range       : [ 1.81417e-10, 1 ]
Objective value for Line heur k = 33: 7227467.832316113
57
Actual reward of current solution: 29539642.74389302
Minimum Difference with past solutions:0.0.
New solution equals old solution at k=33
56
Total Reward at the start of the inner iterations: 29539642.74389302
Gurobi status: 2

Statistics for model Linearization Heuristic :
  Linear constraint matrix    : 10578 Constrs, 6300 Vars, 2732885 NZs
  Matrix coefficient range    : [ 1.00106e-13, 1 ]
  Objective coefficient range : [ 1.1651e-22, 3.02821e+08 ]
  Variable bound range        : [ 0.05, 1 ]
  RHS coefficient range       : [ 9.9028e-10, 1 ]
Objective value for Line heur k = 34: 7153427.928823139
56
Actual reward of current solution: 29539642.74389302
Minimum Difference with past solutions:0.0.
New solution equals old solution at k=34
55
Total Reward at the start of the inner iterations: 29539642.74389302
Gurobi status: 2

Statistics for model Linearization Heuristic :
  Linear constraint matrix    : 10413 Constrs, 6210 Vars, 2652220 NZs
  Matrix coefficient range    : [ 1.00106e-13, 1 ]
  Objective coefficient range : [ 1.1651e-22, 3.02821e+08 ]
  Variable bound range        : [ 0.05, 1 ]
  RHS coefficient range       : [ 2.63446e-09, 1 ]
Objective value for Line heur k = 35: 7077722.2724941075
55
Actual reward of current solution: 29539642.74389302
Minimum Difference with past solutions:0.0.
New solution equals old solution at k=35
54
Total Reward at the start of the inner iterations: 29539642.74389302
Gurobi status: 2

Statistics for model Linearization Heuristic :
  Linear constraint matrix    : 10248 Constrs, 6120 Vars, 2572752 NZs
  Matrix coefficient range    : [ 1.00106e-13, 1 ]
  Objective coefficient range : [ 1.1651e-22, 3.02821e+08 ]
  Variable bound range        : [ 0.05, 1 ]
  RHS coefficient range       : [ 4.48355e-09, 1 ]
Objective value for Line heur k = 36: 7000505.292158904
54
Actual reward of current solution: 29539642.74389302
Minimum Difference with past solutions:0.0.
New solution equals old solution at k=36
53
Total Reward at the start of the inner iterations: 29539642.74389302
Gurobi status: 2

Statistics for model Linearization Heuristic :
  Linear constraint matrix    : 10083 Constrs, 6030 Vars, 2494482 NZs
  Matrix coefficient range    : [ 1.00106e-13, 1 ]
  Objective coefficient range : [ 1.1651e-22, 3.02821e+08 ]
  Variable bound range        : [ 0.05, 1 ]
  RHS coefficient range       : [ 5.56356e-09, 1 ]
Objective value for Line heur k = 37: 6921894.101944872
53
Actual reward of current solution: 29539642.74389302
Minimum Difference with past solutions:0.0.
New solution equals old solution at k=37
52
Total Reward at the start of the inner iterations: 29539642.74389302
Gurobi status: 2

Statistics for model Linearization Heuristic :
  Linear constraint matrix    : 9918 Constrs, 5940 Vars, 2417410 NZs
  Matrix coefficient range    : [ 1.00106e-13, 1 ]
  Objective coefficient range : [ 1.1651e-22, 3.02821e+08 ]
  Variable bound range        : [ 0.05, 1 ]
  RHS coefficient range       : [ 3.80832e-09, 1 ]
Objective value for Line heur k = 38: 6841978.6994421845
52
Actual reward of current solution: 29539642.74389302
Minimum Difference with past solutions:0.0.
New solution equals old solution at k=38
51
Total Reward at the start of the inner iterations: 29539642.74389302
Gurobi status: 2

Statistics for model Linearization Heuristic :
  Linear constraint matrix    : 9753 Constrs, 5850 Vars, 2341535 NZs
  Matrix coefficient range    : [ 1.00106e-13, 1 ]
  Objective coefficient range : [ 1.1651e-22, 3.02821e+08 ]
  Variable bound range        : [ 0.05, 1 ]
  RHS coefficient range       : [ 8.31244e-09, 1 ]
Objective value for Line heur k = 39: 6760825.155803043
51
Actual reward of current solution: 29539642.74389302
Minimum Difference with past solutions:0.0.
New solution equals old solution at k=39
50
Total Reward at the start of the inner iterations: 29539642.74389302
Gurobi status: 2

Statistics for model Linearization Heuristic :
  Linear constraint matrix    : 9588 Constrs, 5760 Vars, 2266858 NZs
  Matrix coefficient range    : [ 1.00106e-13, 1 ]
  Objective coefficient range : [ 1.1651e-22, 3.02821e+08 ]
  Variable bound range        : [ 0.05, 1 ]
  RHS coefficient range       : [ 1.19016e-08, 1 ]
Objective value for Line heur k = 40: 6678473.026493074
50
Actual reward of current solution: 29539642.74389302
Minimum Difference with past solutions:0.0.
New solution equals old solution at k=40
49
Total Reward at the start of the inner iterations: 29539642.74389302
Gurobi status: 2

Statistics for model Linearization Heuristic :
  Linear constraint matrix    : 9423 Constrs, 5670 Vars, 2193376 NZs
  Matrix coefficient range    : [ 1.00106e-13, 1 ]
  Objective coefficient range : [ 1.1651e-22, 3.02821e+08 ]
  Variable bound range        : [ 0.05, 1 ]
  RHS coefficient range       : [ 1.18256e-08, 1 ]
Objective value for Line heur k = 41: 6594926.350835526
49
Actual reward of current solution: 29539642.74389302
Minimum Difference with past solutions:0.0.
New solution equals old solution at k=41
48
Total Reward at the start of the inner iterations: 29539642.74389302
Gurobi status: 2

Statistics for model Linearization Heuristic :
  Linear constraint matrix    : 9258 Constrs, 5580 Vars, 2121145 NZs
  Matrix coefficient range    : [ 1.00106e-13, 1 ]
  Objective coefficient range : [ 1.1651e-22, 3.02821e+08 ]
  Variable bound range        : [ 0.05, 1 ]
  RHS coefficient range       : [ 7.75207e-09, 0.290243 ]
Objective value for Line heur k = 42: 6510135.643411175
48
Actual reward of current solution: 29539642.74389302
Minimum Difference with past solutions:0.0.
New solution equals old solution at k=42
47
Total Reward at the start of the inner iterations: 29539642.74389302
Gurobi status: 2

Statistics for model Linearization Heuristic :
  Linear constraint matrix    : 9147 Constrs, 5490 Vars, 2047775 NZs
  Matrix coefficient range    : [ 1.00106e-13, 1 ]
  Objective coefficient range : [ 1.1651e-22, 3.02821e+08 ]
  Variable bound range        : [ 0.05, 1 ]
  RHS coefficient range       : [ 5.4621e-09, 1 ]
Objective value for Line heur k = 43: 6419983.451882471
47
Actual reward of current solution: 29539642.74389302
Minimum Difference with past solutions:0.0.
New solution equals old solution at k=43
46
Total Reward at the start of the inner iterations: 29539642.74389302
Gurobi status: 2

Statistics for model Linearization Heuristic :
  Linear constraint matrix    : 8982 Constrs, 5400 Vars, 1975586 NZs
  Matrix coefficient range    : [ 1.00106e-13, 1 ]
  Objective coefficient range : [ 1.1651e-22, 3.02821e+08 ]
  Variable bound range        : [ 0.05, 1 ]
  RHS coefficient range       : [ 3.39957e-09, 1 ]
Objective value for Line heur k = 44: 6328531.021207999
46
Actual reward of current solution: 29539642.74389302
Minimum Difference with past solutions:0.0.
New solution equals old solution at k=44
45
Total Reward at the start of the inner iterations: 29539642.74389302
Gurobi status: 2

Statistics for model Linearization Heuristic :
  Linear constraint matrix    : 8817 Constrs, 5310 Vars, 1904632 NZs
  Matrix coefficient range    : [ 1.00106e-13, 1 ]
  Objective coefficient range : [ 1.1651e-22, 3.02821e+08 ]
  Variable bound range        : [ 0.05, 1 ]
  RHS coefficient range       : [ 1.60081e-09, 1 ]
Objective value for Line heur k = 45: 6235924.869533695
45
Actual reward of current solution: 29539642.74389302
Minimum Difference with past solutions:0.0.
New solution equals old solution at k=45
44
Total Reward at the start of the inner iterations: 29539642.74389302
Gurobi status: 2

Statistics for model Linearization Heuristic :
  Linear constraint matrix    : 8652 Constrs, 5220 Vars, 1834913 NZs
  Matrix coefficient range    : [ 1.00106e-13, 1 ]
  Objective coefficient range : [ 1.1651e-22, 3.02821e+08 ]
  Variable bound range        : [ 0.05, 1 ]
  RHS coefficient range       : [ 6.4981e-11, 1 ]
Objective value for Line heur k = 46: 6142269.095552754
44
Actual reward of current solution: 29539642.74389302
Minimum Difference with past solutions:0.0.
New solution equals old solution at k=46
43
Total Reward at the start of the inner iterations: 29539642.74389302
Gurobi status: 2

Statistics for model Linearization Heuristic :
  Linear constraint matrix    : 8487 Constrs, 5130 Vars, 1766429 NZs
  Matrix coefficient range    : [ 1.00106e-13, 1 ]
  Objective coefficient range : [ 1.1651e-22, 3.02821e+08 ]
  Variable bound range        : [ 0.05, 1 ]
  RHS coefficient range       : [ 1.22599e-09, 1 ]
Objective value for Line heur k = 47: 6047642.589810261
43
Actual reward of current solution: 29539642.74389302
Minimum Difference with past solutions:0.0.
New solution equals old solution at k=47
42
Total Reward at the start of the inner iterations: 29539642.74389302
Gurobi status: 2

Statistics for model Linearization Heuristic :
  Linear constraint matrix    : 8322 Constrs, 5040 Vars, 1699180 NZs
  Matrix coefficient range    : [ 1.00106e-13, 1 ]
  Objective coefficient range : [ 1.1651e-22, 3.02821e+08 ]
  Variable bound range        : [ 0.05, 1 ]
  RHS coefficient range       : [ 2.29699e-09, 1 ]
Objective value for Line heur k = 48: 5952108.966924438
42
Actual reward of current solution: 29539642.74389302
Minimum Difference with past solutions:0.0.
New solution equals old solution at k=48
41
Total Reward at the start of the inner iterations: 29539642.74389302
Gurobi status: 2

Statistics for model Linearization Heuristic :
  Linear constraint matrix    : 8157 Constrs, 4950 Vars, 1633167 NZs
  Matrix coefficient range    : [ 1.00106e-13, 1 ]
  Objective coefficient range : [ 1.1651e-22, 3.02821e+08 ]
  Variable bound range        : [ 0.05, 1 ]
  RHS coefficient range       : [ 3.17443e-09, 1 ]
Objective value for Line heur k = 49: 5855722.314483167
41
Actual reward of current solution: 29539642.74389302
Minimum Difference with past solutions:0.0.
New solution equals old solution at k=49
40
Total Reward at the start of the inner iterations: 29539642.74389302
Gurobi status: 2

Statistics for model Linearization Heuristic :
  Linear constraint matrix    : 7992 Constrs, 4860 Vars, 1568389 NZs
  Matrix coefficient range    : [ 1.00106e-13, 1 ]
  Objective coefficient range : [ 1.1651e-22, 3.02821e+08 ]
  Variable bound range        : [ 0.05, 1 ]
  RHS coefficient range       : [ 3.88374e-09, 1 ]
Objective value for Line heur k = 50: 5758530.531245017
40
Actual reward of current solution: 29539642.74389302
Minimum Difference with past solutions:0.0.
New solution equals old solution at k=50
39
Total Reward at the start of the inner iterations: 29539642.74389302
Gurobi status: 2

Statistics for model Linearization Heuristic :
  Linear constraint matrix    : 7827 Constrs, 4770 Vars, 1504846 NZs
  Matrix coefficient range    : [ 1.00106e-13, 1 ]
  Objective coefficient range : [ 1.1651e-22, 3.02821e+08 ]
  Variable bound range        : [ 0.05, 1 ]
  RHS coefficient range       : [ 4.44821e-09, 1 ]
Objective value for Line heur k = 51: 5660577.272976994
39
Actual reward of current solution: 29539642.74389302
Minimum Difference with past solutions:0.0.
New solution equals old solution at k=51
38
Total Reward at the start of the inner iterations: 29539642.74389302
Gurobi status: 2

Statistics for model Linearization Heuristic :
  Linear constraint matrix    : 7662 Constrs, 4680 Vars, 1442538 NZs
  Matrix coefficient range    : [ 1.00106e-13, 1 ]
  Objective coefficient range : [ 1.1651e-22, 3.02821e+08 ]
  Variable bound range        : [ 0.05, 1 ]
  RHS coefficient range       : [ 4.88867e-09, 1 ]
Objective value for Line heur k = 52: 5561903.092785591
38
Actual reward of current solution: 29539642.74389302
Minimum Difference with past solutions:0.0.
New solution equals old solution at k=52
37
Total Reward at the start of the inner iterations: 29539642.74389302
Gurobi status: 2

Statistics for model Linearization Heuristic :
  Linear constraint matrix    : 7497 Constrs, 4590 Vars, 1381466 NZs
  Matrix coefficient range    : [ 1.00106e-13, 1 ]
  Objective coefficient range : [ 1.1651e-22, 3.02821e+08 ]
  Variable bound range        : [ 0.05, 1 ]
  RHS coefficient range       : [ 5.22343e-09, 1 ]
Objective value for Line heur k = 53: 5462546.115127092
37
Actual reward of current solution: 29539642.74389302
Minimum Difference with past solutions:0.0.
New solution equals old solution at k=53
36
Total Reward at the start of the inner iterations: 29539642.74389302
Gurobi status: 2

Statistics for model Linearization Heuristic :
  Linear constraint matrix    : 7332 Constrs, 4500 Vars, 1321629 NZs
  Matrix coefficient range    : [ 1.00106e-13, 1 ]
  Objective coefficient range : [ 1.1651e-22, 3.02821e+08 ]
  Variable bound range        : [ 0.05, 1 ]
  RHS coefficient range       : [ 5.46845e-09, 1 ]
Objective value for Line heur k = 54: 5362542.440022118
36
Actual reward of current solution: 29539642.74389302
Minimum Difference with past solutions:0.0.
New solution equals old solution at k=54
35
Total Reward at the start of the inner iterations: 29539642.74389302
Gurobi status: 2

Statistics for model Linearization Heuristic :
  Linear constraint matrix    : 7167 Constrs, 4410 Vars, 1263028 NZs
  Matrix coefficient range    : [ 1.00106e-13, 1 ]
  Objective coefficient range : [ 1.1651e-22, 3.02821e+08 ]
  Variable bound range        : [ 0.05, 1 ]
  RHS coefficient range       : [ 5.63759e-09, 1 ]
Objective value for Line heur k = 55: 5261926.3915454475
35
Actual reward of current solution: 29539642.74389302
Minimum Difference with past solutions:0.0.
New solution equals old solution at k=55
34
Total Reward at the start of the inner iterations: 29539642.74389302
Gurobi status: 2

Statistics for model Linearization Heuristic :
  Linear constraint matrix    : 7002 Constrs, 4320 Vars, 1205717 NZs
  Matrix coefficient range    : [ 1.00106e-13, 1 ]
  Objective coefficient range : [ 1.1651e-22, 3.02821e+08 ]
  Variable bound range        : [ 0.05, 1 ]
  RHS coefficient range       : [ 5.74281e-09, 0.290071 ]
Objective value for Line heur k = 56: 5160730.676852431
34
Actual reward of current solution: 29539642.74389302
Minimum Difference with past solutions:0.0.
New solution equals old solution at k=56
33
Total Reward at the start of the inner iterations: 29539642.74389302
Gurobi status: 2

Statistics for model Linearization Heuristic :
  Linear constraint matrix    : 6891 Constrs, 4230 Vars, 1149641 NZs
  Matrix coefficient range    : [ 1.00106e-13, 1 ]
  Objective coefficient range : [ 1.1651e-22, 3.02821e+08 ]
  Variable bound range        : [ 0.05, 1 ]
  RHS coefficient range       : [ 5.79444e-09, 1 ]
Objective value for Line heur k = 57: 5058986.494202066
33
Actual reward of current solution: 29539642.74389302
Minimum Difference with past solutions:0.0.
New solution equals old solution at k=57
32
Total Reward at the start of the inner iterations: 29539642.74389302
Gurobi status: 2

Statistics for model Linearization Heuristic :
  Linear constraint matrix    : 6726 Constrs, 4140 Vars, 1094749 NZs
  Matrix coefficient range    : [ 1.00106e-13, 1 ]
  Objective coefficient range : [ 1.1651e-22, 3.02821e+08 ]
  Variable bound range        : [ 0.05, 1 ]
  RHS coefficient range       : [ 5.80135e-09, 1 ]
Objective value for Line heur k = 58: 4956723.612233187
32
Actual reward of current solution: 29539642.74389302
Minimum Difference with past solutions:0.0.
New solution equals old solution at k=58
31
Total Reward at the start of the inner iterations: 29539642.74389302
Gurobi status: 2

Statistics for model Linearization Heuristic :
  Linear constraint matrix    : 6561 Constrs, 4050 Vars, 1041092 NZs
  Matrix coefficient range    : [ 1.00106e-13, 1 ]
  Objective coefficient range : [ 1.1651e-22, 3.02821e+08 ]
  Variable bound range        : [ 0.05, 1 ]
  RHS coefficient range       : [ 5.77117e-09, 1 ]
Objective value for Line heur k = 59: 4853970.433292837
31
Actual reward of current solution: 29539642.74389302
Minimum Difference with past solutions:0.0.
New solution equals old solution at k=59
30
Total Reward at the start of the inner iterations: 29539642.74389302
Gurobi status: 2

Statistics for model Linearization Heuristic :
  Linear constraint matrix    : 6396 Constrs, 3960 Vars, 988670 NZs
  Matrix coefficient range    : [ 1.00106e-13, 1 ]
  Objective coefficient range : [ 1.1651e-22, 3.02821e+08 ]
  Variable bound range        : [ 0.05, 1 ]
  RHS coefficient range       : [ 5.71045e-09, 1 ]
Objective value for Line heur k = 60: 4750754.048095212
30
Actual reward of current solution: 29539642.74389302
Minimum Difference with past solutions:0.0.
New solution equals old solution at k=60
29
Total Reward at the start of the inner iterations: 29539642.74389302
Gurobi status: 2

Statistics for model Linearization Heuristic :
  Linear constraint matrix    : 6231 Constrs, 3870 Vars, 937484 NZs
  Matrix coefficient range    : [ 1.00106e-13, 1 ]
  Objective coefficient range : [ 1.1651e-22, 3.02821e+08 ]
  Variable bound range        : [ 0.05, 1 ]
  RHS coefficient range       : [ 5.6248e-09, 1 ]
Objective value for Line heur k = 61: 4647100.28577185
29
Actual reward of current solution: 29539642.74389302
Minimum Difference with past solutions:0.0.
New solution equals old solution at k=61
28
Total Reward at the start of the inner iterations: 29539642.74389302
Gurobi status: 2

Statistics for model Linearization Heuristic :
  Linear constraint matrix    : 6066 Constrs, 3780 Vars, 887534 NZs
  Matrix coefficient range    : [ 1.00106e-13, 1 ]
  Objective coefficient range : [ 1.1651e-22, 3.02821e+08 ]
  Variable bound range        : [ 0.05, 1 ]
  RHS coefficient range       : [ 5.51901e-09, 1 ]
Objective value for Line heur k = 62: 4543033.761508251
28
Actual reward of current solution: 29539642.74389302
Minimum Difference with past solutions:0.0.
New solution equals old solution at k=62
27
Total Reward at the start of the inner iterations: 29539642.74389302
Gurobi status: 2

Statistics for model Linearization Heuristic :
  Linear constraint matrix    : 5901 Constrs, 3690 Vars, 838819 NZs
  Matrix coefficient range    : [ 1.00106e-13, 1 ]
  Objective coefficient range : [ 1.1651e-22, 3.02821e+08 ]
  Variable bound range        : [ 0.05, 1 ]
  RHS coefficient range       : [ 5.3972e-09, 1 ]
Objective value for Line heur k = 63: 4438577.922888536
27
Actual reward of current solution: 29539642.74389302
Minimum Difference with past solutions:0.0.
New solution equals old solution at k=63
26
Total Reward at the start of the inner iterations: 29539642.74389302
Gurobi status: 2

Statistics for model Linearization Heuristic :
  Linear constraint matrix    : 5736 Constrs, 3600 Vars, 791340 NZs
  Matrix coefficient range    : [ 1.00106e-13, 1 ]
  Objective coefficient range : [ 1.1651e-22, 3.02821e+08 ]
  Variable bound range        : [ 0.05, 1 ]
  RHS coefficient range       : [ 5.26285e-09, 1 ]
Objective value for Line heur k = 64: 4333755.095462689
26
Actual reward of current solution: 29539642.74389302
Minimum Difference with past solutions:0.0.
New solution equals old solution at k=64
25
Total Reward at the start of the inner iterations: 29539642.74389302
Gurobi status: 2

Statistics for model Linearization Heuristic :
  Linear constraint matrix    : 5571 Constrs, 3510 Vars, 745097 NZs
  Matrix coefficient range    : [ 1.00106e-13, 1 ]
  Objective coefficient range : [ 1.1651e-22, 3.02821e+08 ]
  Variable bound range        : [ 0.05, 1 ]
  RHS coefficient range       : [ 5.11893e-09, 1 ]
Objective value for Line heur k = 65: 4228586.527715693
25
Actual reward of current solution: 29539642.74389302
Minimum Difference with past solutions:0.0.
New solution equals old solution at k=65
24
Total Reward at the start of the inner iterations: 29539642.74389302
Gurobi status: 2

Statistics for model Linearization Heuristic :
  Linear constraint matrix    : 5406 Constrs, 3420 Vars, 700090 NZs
  Matrix coefficient range    : [ 1.00106e-13, 1 ]
  Objective coefficient range : [ 1.1651e-22, 3.02821e+08 ]
  Variable bound range        : [ 0.05, 1 ]
  RHS coefficient range       : [ 4.96797e-09, 1 ]
Objective value for Line heur k = 66: 4123092.435441974
24
Actual reward of current solution: 29539642.74389302
Minimum Difference with past solutions:0.0.
New solution equals old solution at k=66
23
Total Reward at the start of the inner iterations: 29539642.74389302
Gurobi status: 2

Statistics for model Linearization Heuristic :
  Linear constraint matrix    : 5241 Constrs, 3330 Vars, 656319 NZs
  Matrix coefficient range    : [ 1.00106e-13, 1 ]
  Objective coefficient range : [ 1.1651e-22, 3.02821e+08 ]
  Variable bound range        : [ 0.05, 1 ]
  RHS coefficient range       : [ 4.8121e-09, 1 ]
Objective value for Line heur k = 67: 4017292.0454439754
23
Actual reward of current solution: 29539642.74389302
Minimum Difference with past solutions:0.0.
New solution equals old solution at k=67
22
Total Reward at the start of the inner iterations: 29539642.74389302
Gurobi status: 2

Statistics for model Linearization Heuristic :
  Linear constraint matrix    : 5076 Constrs, 3240 Vars, 613783 NZs
  Matrix coefficient range    : [ 1.00106e-13, 1 ]
  Objective coefficient range : [ 1.1651e-22, 3.02821e+08 ]
  Variable bound range        : [ 0.05, 1 ]
  RHS coefficient range       : [ 4.65312e-09, 1 ]
Objective value for Line heur k = 68: 3911203.638440905
22
Actual reward of current solution: 29539642.74389302
Minimum Difference with past solutions:0.0.
New solution equals old solution at k=68
21
Total Reward at the start of the inner iterations: 29539642.74389302
Gurobi status: 2

Statistics for model Linearization Heuristic :
  Linear constraint matrix    : 4911 Constrs, 3150 Vars, 572484 NZs
  Matrix coefficient range    : [ 1.00106e-13, 1 ]
  Objective coefficient range : [ 1.1651e-22, 3.02821e+08 ]
  Variable bound range        : [ 0.05, 1 ]
  RHS coefficient range       : [ 4.49253e-09, 1 ]
Objective value for Line heur k = 69: 3804844.591069971
21
Actual reward of current solution: 29539642.74389302
Minimum Difference with past solutions:0.0.
New solution equals old solution at k=69
20
Total Reward at the start of the inner iterations: 29539642.74389302
Gurobi status: 2

Statistics for model Linearization Heuristic :
  Linear constraint matrix    : 4746 Constrs, 3060 Vars, 532476 NZs
  Matrix coefficient range    : [ 1.00106e-13, 1 ]
  Objective coefficient range : [ 1.1651e-22, 3.02821e+08 ]
  Variable bound range        : [ 0.05, 1 ]
  RHS coefficient range       : [ 4.33161e-09, 0.289976 ]
Objective value for Line heur k = 70: 3698231.4168737284
20
Actual reward of current solution: 29539642.74389302
Minimum Difference with past solutions:0.0.
New solution equals old solution at k=70
19
Total Reward at the start of the inner iterations: 29539642.74389302
Gurobi status: 2

Statistics for model Linearization Heuristic :
  Linear constraint matrix    : 4635 Constrs, 2970 Vars, 493703 NZs
  Matrix coefficient range    : [ 1.00106e-13, 1 ]
  Objective coefficient range : [ 1.1651e-22, 3.02821e+08 ]
  Variable bound range        : [ 0.05, 1 ]
  RHS coefficient range       : [ 4.17139e-09, 1 ]
Objective value for Line heur k = 71: 3591379.806186656
19
Actual reward of current solution: 29539642.74389302
Minimum Difference with past solutions:0.0.
New solution equals old solution at k=71
18
Total Reward at the start of the inner iterations: 29539642.74389302
Gurobi status: 2

Statistics for model Linearization Heuristic :
  Linear constraint matrix    : 4470 Constrs, 2880 Vars, 456113 NZs
  Matrix coefficient range    : [ 1.00106e-13, 1 ]
  Objective coefficient range : [ 1.1651e-22, 3.02821e+08 ]
  Variable bound range        : [ 0.05, 1 ]
  RHS coefficient range       : [ 4.01274e-09, 1 ]
Objective value for Line heur k = 72: 3484304.6648575617
18
Actual reward of current solution: 29539642.74389302
Minimum Difference with past solutions:0.0.
New solution equals old solution at k=72
17
Total Reward at the start of the inner iterations: 29539642.74389302
Gurobi status: 2

Statistics for model Linearization Heuristic :
  Linear constraint matrix    : 4305 Constrs, 2790 Vars, 419760 NZs
  Matrix coefficient range    : [ 1.00106e-13, 1 ]
  Objective coefficient range : [ 1.1651e-22, 3.02821e+08 ]
  Variable bound range        : [ 0.05, 1 ]
  RHS coefficient range       : [ 3.85637e-09, 1 ]
Objective value for Line heur k = 73: 3377020.1517711887
17
Actual reward of current solution: 29539642.74389302
Minimum Difference with past solutions:0.0.
New solution equals old solution at k=73
16
Total Reward at the start of the inner iterations: 29539642.74389302
Gurobi status: 2

Statistics for model Linearization Heuristic :
  Linear constraint matrix    : 4140 Constrs, 2700 Vars, 384645 NZs
  Matrix coefficient range    : [ 1.00106e-13, 1 ]
  Objective coefficient range : [ 1.1651e-22, 3.02821e+08 ]
  Variable bound range        : [ 0.05, 1 ]
  RHS coefficient range       : [ 3.70285e-09, 1 ]
Objective value for Line heur k = 74: 3269539.7151633874
16
Actual reward of current solution: 29539642.74389302
Minimum Difference with past solutions:0.0.
New solution equals old solution at k=74
15
Total Reward at the start of the inner iterations: 29539642.74389302
Gurobi status: 2

Statistics for model Linearization Heuristic :
  Linear constraint matrix    : 3975 Constrs, 2610 Vars, 350766 NZs
  Matrix coefficient range    : [ 1.00106e-13, 1 ]
  Objective coefficient range : [ 1.1651e-22, 3.02821e+08 ]
  Variable bound range        : [ 0.05, 1 ]
  RHS coefficient range       : [ 3.55264e-09, 1 ]
Objective value for Line heur k = 75: 3161876.127762993
15
Actual reward of current solution: 29539642.74389302
Minimum Difference with past solutions:0.0.
New solution equals old solution at k=75
14
Total Reward at the start of the inner iterations: 29539642.74389302
Gurobi status: 2

Statistics for model Linearization Heuristic :
  Linear constraint matrix    : 3810 Constrs, 2520 Vars, 318125 NZs
  Matrix coefficient range    : [ 1.00106e-13, 1 ]
  Objective coefficient range : [ 1.1651e-22, 3.02821e+08 ]
  Variable bound range        : [ 0.05, 1 ]
  RHS coefficient range       : [ 2.91888e-09, 1 ]
Objective value for Line heur k = 76: 3054041.520847097
14
Actual reward of current solution: 29539642.74389302
Minimum Difference with past solutions:0.0.
New solution equals old solution at k=76
13
Total Reward at the start of the inner iterations: 29539642.74389302
Gurobi status: 2

Statistics for model Linearization Heuristic :
  Linear constraint matrix    : 3645 Constrs, 2430 Vars, 286721 NZs
  Matrix coefficient range    : [ 1.00106e-13, 1 ]
  Objective coefficient range : [ 1.1651e-22, 3.02821e+08 ]
  Variable bound range        : [ 0.05, 1 ]
  RHS coefficient range       : [ 4.3563e-10, 1 ]
Objective value for Line heur k = 77: 2946047.417377135
13
Actual reward of current solution: 29539642.74389302
Minimum Difference with past solutions:0.0.
New solution equals old solution at k=77
12
Total Reward at the start of the inner iterations: 29539642.74389302
Gurobi status: 2

Statistics for model Linearization Heuristic :
  Linear constraint matrix    : 3480 Constrs, 2340 Vars, 256554 NZs
  Matrix coefficient range    : [ 1.00106e-13, 1 ]
  Objective coefficient range : [ 1.1651e-22, 3.02821e+08 ]
  Variable bound range        : [ 0.05, 1 ]
  RHS coefficient range       : [ 5.81197e-10, 1 ]
Objective value for Line heur k = 78: 2837904.764512711
12
Actual reward of current solution: 29539642.74389302
Minimum Difference with past solutions:0.0.
New solution equals old solution at k=78
11
Total Reward at the start of the inner iterations: 29539642.74389302
Gurobi status: 2

Statistics for model Linearization Heuristic :
  Linear constraint matrix    : 3315 Constrs, 2250 Vars, 227623 NZs
  Matrix coefficient range    : [ 1.00106e-13, 1 ]
  Objective coefficient range : [ 1.1651e-22, 3.02821e+08 ]
  Variable bound range        : [ 0.05, 1 ]
  RHS coefficient range       : [ 8.54979e-12, 1 ]
Objective value for Line heur k = 79: 2729623.966015646
11
Actual reward of current solution: 29539642.74389302
Minimum Difference with past solutions:0.0.
New solution equals old solution at k=79
10
Total Reward at the start of the inner iterations: 29539642.74389302
Gurobi status: 2

Statistics for model Linearization Heuristic :
  Linear constraint matrix    : 3150 Constrs, 2160 Vars, 199928 NZs
  Matrix coefficient range    : [ 1.00106e-13, 1 ]
  Objective coefficient range : [ 1.1651e-22, 3.02821e+08 ]
  Variable bound range        : [ 0.05, 1 ]
  RHS coefficient range       : [ 8.66289e-10, 1 ]
Objective value for Line heur k = 80: 2621214.9154231753
10
Actual reward of current solution: 29539642.74389302
Minimum Difference with past solutions:0.0.
New solution equals old solution at k=80
9
Total Reward at the start of the inner iterations: 29539642.74389302
Gurobi status: 2

Statistics for model Linearization Heuristic :
  Linear constraint matrix    : 2985 Constrs, 2070 Vars, 173473 NZs
  Matrix coefficient range    : [ 1.00106e-13, 1 ]
  Objective coefficient range : [ 1.1651e-22, 3.02821e+08 ]
  Variable bound range        : [ 0.05, 1 ]
  RHS coefficient range       : [ 1.81519e-09, 1 ]
Objective value for Line heur k = 81: 2512687.031498269
9
Actual reward of current solution: 29539642.74389302
Minimum Difference with past solutions:0.0.
New solution equals old solution at k=81
8
Total Reward at the start of the inner iterations: 29539642.74389302
Gurobi status: 2

Statistics for model Linearization Heuristic :
  Linear constraint matrix    : 2820 Constrs, 1980 Vars, 148259 NZs
  Matrix coefficient range    : [ 1.00106e-13, 1 ]
  Objective coefficient range : [ 1.1651e-22, 3.02821e+08 ]
  Variable bound range        : [ 0.05, 1 ]
  RHS coefficient range       : [ 2.76683e-09, 1 ]
Objective value for Line heur k = 82: 2404049.298550653
8
Actual reward of current solution: 29539642.74389302
Minimum Difference with past solutions:0.0.
New solution equals old solution at k=82
7
Total Reward at the start of the inner iterations: 29539642.74389302
Gurobi status: 2

Statistics for model Linearization Heuristic :
  Linear constraint matrix    : 2655 Constrs, 1890 Vars, 124287 NZs
  Matrix coefficient range    : [ 1.00106e-13, 1 ]
  Objective coefficient range : [ 1.1651e-22, 3.02821e+08 ]
  Variable bound range        : [ 0.05, 1 ]
  RHS coefficient range       : [ 3.7232e-09, 1 ]
Objective value for Line heur k = 83: 2295310.3161002877
7
Actual reward of current solution: 29539642.74389302
Minimum Difference with past solutions:0.0.
New solution equals old solution at k=83
6
Total Reward at the start of the inner iterations: 29539642.74389302
Gurobi status: 2

Statistics for model Linearization Heuristic :
  Linear constraint matrix    : 2490 Constrs, 1800 Vars, 101617 NZs
  Matrix coefficient range    : [ 1.00106e-13, 1 ]
  Objective coefficient range : [ 1.1651e-22, 3.02821e+08 ]
  Variable bound range        : [ 0.05, 1 ]
  RHS coefficient range       : [ 4.68775e-09, 0.289917 ]
Objective value for Line heur k = 84: 2186478.365607861
6
Actual reward of current solution: 29539642.74389302
Minimum Difference with past solutions:0.0.
New solution equals old solution at k=84
5
Total Reward at the start of the inner iterations: 29539642.74389302
Gurobi status: 2

Statistics for model Linearization Heuristic :
  Linear constraint matrix    : 2379 Constrs, 1710 Vars, 80207 NZs
  Matrix coefficient range    : [ 1.00106e-13, 1 ]
  Objective coefficient range : [ 1.1651e-22, 3.02821e+08 ]
  Variable bound range        : [ 0.05, 1 ]
  RHS coefficient range       : [ 5.66648e-09, 1 ]
Objective value for Line heur k = 85: 2077561.5076343887
5
Actual reward of current solution: 29539642.74389302
Minimum Difference with past solutions:0.0.
New solution equals old solution at k=85
4
Total Reward at the start of the inner iterations: 29539642.74389302
Gurobi status: 2

Statistics for model Linearization Heuristic :
  Linear constraint matrix    : 2214 Constrs, 1620 Vars, 60028 NZs
  Matrix coefficient range    : [ 1.00106e-13, 1 ]
  Objective coefficient range : [ 1.1651e-22, 3.02821e+08 ]
  Variable bound range        : [ 0.05, 1 ]
  RHS coefficient range       : [ 6.66975e-09, 1 ]
Objective value for Line heur k = 86: 1968567.7325640137
4
Actual reward of current solution: 29539642.74389302
Minimum Difference with past solutions:0.0.
New solution equals old solution at k=86
3
Total Reward at the start of the inner iterations: 29539642.74389302
Gurobi status: 2

Statistics for model Linearization Heuristic :
  Linear constraint matrix    : 2049 Constrs, 1530 Vars, 41197 NZs
  Matrix coefficient range    : [ 1.00214e-13, 1 ]
  Objective coefficient range : [ 4.21347e-22, 3.02821e+08 ]
  Variable bound range        : [ 0.05, 1 ]
  RHS coefficient range       : [ 7.71555e-09, 1 ]
Objective value for Line heur k = 87: 1859505.2049669316
3
Actual reward of current solution: 29539642.74389302
Minimum Difference with past solutions:0.0.
New solution equals old solution at k=87
2
Total Reward at the start of the inner iterations: 29539642.74389302
Gurobi status: 2

Statistics for model Linearization Heuristic :
  Linear constraint matrix    : 1884 Constrs, 1440 Vars, 23924 NZs
  Matrix coefficient range    : [ 1.00385e-13, 1 ]
  Objective coefficient range : [ 4.21347e-22, 3.02821e+08 ]
  Variable bound range        : [ 0.05, 1 ]
  RHS coefficient range       : [ 8.83505e-09, 1 ]
Objective value for Line heur k = 88: 1750382.6710556601
2
Actual reward of current solution: 29539642.74389302
Minimum Difference with past solutions:0.0.
New solution equals old solution at k=88
1
Total Reward at the start of the inner iterations: 29539642.74389302
Gurobi status: 2

Statistics for model Linearization Heuristic :
  Linear constraint matrix    : 1719 Constrs, 1350 Vars, 11835 NZs
  Matrix coefficient range    : [ 1.08232e-13, 1 ]
  Objective coefficient range : [ 1.38778e-17, 3.02821e+08 ]
  Variable bound range        : [ 0.05, 1 ]
  RHS coefficient range       : [ 1.00823e-08, 1 ]
Objective value for Line heur k = 89: 1641210.149626101
1
Actual reward of current solution: 29539642.74389302
Minimum Difference with past solutions:0.0.
New solution equals old solution at k=89
0
Total Reward at the start of the inner iterations: 29539642.74389302
Gurobi status: 2

Statistics for model Linearization Heuristic :
  Linear constraint matrix    : 1554 Constrs, 1260 Vars, 2709 NZs
  Matrix coefficient range    : [ 0.288979, 1 ]
  Objective coefficient range : [ 1.38778e-17, 3.02821e+08 ]
  Variable bound range        : [ 0.05, 1 ]
  RHS coefficient range       : [ 1.15509e-08, 0.289901 ]
Objective value for Line heur k = 90: 1532000.1152040435
0
Actual reward of current solution: 29539642.74389302
Minimum Difference with past solutions:0.0.
New solution equals old solution at k=90
0
Total Reward at the start of the inner iterations: 29539642.74389302
Gurobi status: 2

Statistics for model Linearization Heuristic :
  Linear constraint matrix    : 1443 Constrs, 1170 Vars, 2457 NZs
  Matrix coefficient range    : [ 0.317935, 1 ]
  Objective coefficient range : [ 1.38778e-17, 3.02821e+08 ]
  Variable bound range        : [ 0.05, 1 ]
  RHS coefficient range       : [ 1.15509e-08, 0.289901 ]
Objective value for Line heur k = 91: 1422571.5276351343
0
Actual reward of current solution: 29539642.74389302
Minimum Difference with past solutions:0.0.
New solution equals old solution at k=91
0
Total Reward at the start of the inner iterations: 29539642.74389302
Gurobi status: 2

Statistics for model Linearization Heuristic :
  Linear constraint matrix    : 1332 Constrs, 1080 Vars, 2214 NZs
  Matrix coefficient range    : [ 0.349792, 1 ]
  Objective coefficient range : [ 1.38778e-17, 3.02821e+08 ]
  Variable bound range        : [ 0.05, 1 ]
  RHS coefficient range       : [ 1.15509e-08, 0.289901 ]
Objective value for Line heur k = 92: 1313142.941878716
0
Actual reward of current solution: 29539642.74389302
Minimum Difference with past solutions:0.0.
New solution equals old solution at k=92
0
Total Reward at the start of the inner iterations: 29539642.74389302
Gurobi status: 2

Statistics for model Linearization Heuristic :
  Linear constraint matrix    : 1221 Constrs, 990 Vars, 1980 NZs
  Matrix coefficient range    : [ 0.384842, 1 ]
  Objective coefficient range : [ 1.38778e-17, 3.02821e+08 ]
  Variable bound range        : [ 0.05, 1 ]
  RHS coefficient range       : [ 1.15509e-08, 0.289901 ]
Objective value for Line heur k = 93: 1203714.3578459874
0
Actual reward of current solution: 29539642.74389302
Minimum Difference with past solutions:0.0.
New solution equals old solution at k=93
0
Total Reward at the start of the inner iterations: 29539642.74389302
Gurobi status: 2

Statistics for model Linearization Heuristic :
  Linear constraint matrix    : 1110 Constrs, 900 Vars, 1755 NZs
  Matrix coefficient range    : [ 0.423403, 1 ]
  Objective coefficient range : [ 1.38778e-17, 3.02821e+08 ]
  Variable bound range        : [ 0.05, 1 ]
  RHS coefficient range       : [ 1.15509e-08, 0.289901 ]
Objective value for Line heur k = 94: 1094285.7753792654
0
Actual reward of current solution: 29539642.74389302
Minimum Difference with past solutions:0.0.
New solution equals old solution at k=94
0
Total Reward at the start of the inner iterations: 29539642.74389302
Gurobi status: 2

Statistics for model Linearization Heuristic :
  Linear constraint matrix    : 999 Constrs, 810 Vars, 1539 NZs
  Matrix coefficient range    : [ 0.465828, 1 ]
  Objective coefficient range : [ 1.38778e-17, 3.02821e+08 ]
  Variable bound range        : [ 0.05, 1 ]
  RHS coefficient range       : [ 1.15509e-08, 0.289901 ]
Objective value for Line heur k = 95: 984857.1942919744
0
Actual reward of current solution: 29539642.74389302
Minimum Difference with past solutions:0.0.
New solution equals old solution at k=95
0
Total Reward at the start of the inner iterations: 29539642.74389302
Gurobi status: 2

Statistics for model Linearization Heuristic :
  Linear constraint matrix    : 888 Constrs, 720 Vars, 1332 NZs
  Matrix coefficient range    : [ 0.512504, 1 ]
  Objective coefficient range : [ 1.38778e-17, 3.02821e+08 ]
  Variable bound range        : [ 0.05, 1 ]
  RHS coefficient range       : [ 1.15509e-08, 0.289901 ]
Objective value for Line heur k = 96: 875428.614392955
0
Actual reward of current solution: 29539642.74389302
Minimum Difference with past solutions:0.0.
New solution equals old solution at k=96
0
Total Reward at the start of the inner iterations: 29539642.74389302
Gurobi status: 2

Statistics for model Linearization Heuristic :
  Linear constraint matrix    : 777 Constrs, 630 Vars, 1134 NZs
  Matrix coefficient range    : [ 0.563857, 1 ]
  Objective coefficient range : [ 1.38778e-17, 3.02821e+08 ]
  Variable bound range        : [ 0.05, 1 ]
  RHS coefficient range       : [ 1.15509e-08, 0.289901 ]
Objective value for Line heur k = 97: 766000.0355004128
0
Actual reward of current solution: 29539642.74389302
Minimum Difference with past solutions:0.0.
New solution equals old solution at k=97
0
Total Reward at the start of the inner iterations: 29539642.74389302
Gurobi status: 2

Statistics for model Linearization Heuristic :
  Linear constraint matrix    : 666 Constrs, 540 Vars, 945 NZs
  Matrix coefficient range    : [ 0.620356, 1 ]
  Objective coefficient range : [ 1.38778e-17, 3.02821e+08 ]
  Variable bound range        : [ 0.05, 1 ]
  RHS coefficient range       : [ 1.15509e-08, 0.289901 ]
Objective value for Line heur k = 98: 656571.4574491811
0
Actual reward of current solution: 29539642.74389302
Minimum Difference with past solutions:0.0.
New solution equals old solution at k=98
0
Total Reward at the start of the inner iterations: 29539642.74389302
Gurobi status: 2

Statistics for model Linearization Heuristic :
  Linear constraint matrix    : 555 Constrs, 450 Vars, 765 NZs
  Matrix coefficient range    : [ 0.682516, 1 ]
  Objective coefficient range : [ 1.38778e-17, 3.02821e+08 ]
  Variable bound range        : [ 0.05, 1 ]
  RHS coefficient range       : [ 1.15509e-08, 0.289901 ]
Objective value for Line heur k = 99: 547142.8800937737
0
Actual reward of current solution: 29539642.74389302
Minimum Difference with past solutions:0.0.
New solution equals old solution at k=99
0
Total Reward at the start of the inner iterations: 29539642.74389302
Gurobi status: 2

Statistics for model Linearization Heuristic :
  Linear constraint matrix    : 444 Constrs, 360 Vars, 594 NZs
  Matrix coefficient range    : [ 0.750904, 1 ]
  Objective coefficient range : [ 1.38778e-17, 3.02821e+08 ]
  Variable bound range        : [ 0.05, 1 ]
  RHS coefficient range       : [ 1.15509e-08, 0.289901 ]
Objective value for Line heur k = 100: 437714.3033088685
0
Actual reward of current solution: 29539642.74389302
Minimum Difference with past solutions:0.0.
New solution equals old solution at k=100
0
Total Reward at the start of the inner iterations: 29539642.74389302
Gurobi status: 2

Statistics for model Linearization Heuristic :
  Linear constraint matrix    : 333 Constrs, 270 Vars, 432 NZs
  Matrix coefficient range    : [ 0.826145, 1 ]
  Objective coefficient range : [ 1.38778e-17, 3.02821e+08 ]
  Variable bound range        : [ 0.05, 1 ]
  RHS coefficient range       : [ 1.15509e-08, 0.289901 ]
Objective value for Line heur k = 101: 328285.7269883117
0
Actual reward of current solution: 29539642.74389302
Minimum Difference with past solutions:0.0.
New solution equals old solution at k=101
0
Total Reward at the start of the inner iterations: 29539642.74389302
Gurobi status: 2

Statistics for model Linearization Heuristic :
  Linear constraint matrix    : 222 Constrs, 180 Vars, 279 NZs
  Matrix coefficient range    : [ 0.908925, 1 ]
  Objective coefficient range : [ 1.5308e-05, 3.02821e+08 ]
  Variable bound range        : [ 0.05, 1 ]
  RHS coefficient range       : [ 1.15509e-08, 0.289901 ]
Objective value for Line heur k = 102: 218857.1510433701
0
Actual reward of current solution: 29539642.74389302
Minimum Difference with past solutions:0.0.
New solution equals old solution at k=102
0
Total Reward at the start of the inner iterations: 29539642.74389302
Gurobi status: 2

Statistics for model Linearization Heuristic :
  Linear constraint matrix    : 111 Constrs, 90 Vars, 135 NZs
  Matrix coefficient range    : [ 1, 1 ]
  Objective coefficient range : [ 533.706, 3.02821e+08 ]
  Variable bound range        : [ 0.05, 1 ]
  RHS coefficient range       : [ 1.15509e-08, 0.289901 ]
Objective value for Line heur k = 103: 109428.57540065607
0
Actual reward of current solution: 29539642.74389302
Minimum Difference with past solutions:0.0.
New solution equals old solution at k=103
Total running time for 90 days is 1186.462776184082
Economic Value: 56620324.52131779
Deaths 0.09087813472727826
Total Reward 29539642.74389302
