{'groups': 'all', 'params_to_try': {'delta_schooling': [0.5], 'xi': [0, 371990.3, 929975.75, 1859951.5, 3719903, 5579854.5], 'icus': [2900], 'tests': [[60000, 0]], 'testing': ['homogeneous'], 'eta': [0.1]}}
{'groups': 'all', 'params_to_try': {'delta_schooling': [0.5], 'xi': [0, 371990.3, 929975.75, 1859951.5, 3719903, 5579854.5], 'icus': [2900], 'tests': [[60000, 0]], 'testing': ['homogeneous'], 'eta': [0.1]}}
{'groups': 'all', 'params_to_try': {'delta_schooling': [0.39999439597101294], 'icus': [2900], 'eta': [0.1776536152904976], 'tests': [[0, 0]], 'xi': [33479127.0], 'testing': ['homogeneous']}}
results/time_gradient/xi-33479127_icus-2900_testing-homogeneous_natests-0_nmtests-0_T-90_startday-0_groups-all_dschool-0.399994_eta-0.177654_freq-90-14_initParamVarying-multiplier_beta_randomInstance-46.yaml
{'groups': 'all', 'params_to_try': {'delta_schooling': [0.5], 'xi': [0, 371990.3, 929975.75, 1859951.5, 3719903, 5579854.5], 'icus': [2900], 'tests': [[60000, 0]], 'testing': ['homogeneous'], 'eta': [0.1]}}
{'groups': 'all', 'params_to_try': {'delta_schooling': [0.5], 'xi': [0, 371990.3, 929975.75, 1859951.5, 3719903, 5579854.5], 'icus': [2900], 'tests': [[60000, 0]], 'testing': ['homogeneous'], 'eta': [0.1]}}
{'groups': 'all', 'params_to_try': {'delta_schooling': [0.39999439597101294], 'icus': [2900], 'eta': [0.1776536152904976], 'tests': [[0, 0]], 'xi': [33479127.0], 'testing': ['homogeneous']}}
results/dynamic_gradient/xi-33479127_icus-2900_testing-homogeneous_natests-0_nmtests-0_T-90_startday-0_groups-all_dschool-0.399994_eta-0.177654_freq-90-14_initParamVarying-multiplier_beta_randomInstance-46.yaml
500
(0.5, 334791270.0, 0.29, 0.0, (7, 14), 'fitted-scaled', 'econ-scaled', 'oct21-scaled', 0.1, 0.05, 2, 'dynamic_gradient', 46, 'multiplier_beta')
The value of T is: 104
Missing starting point -- Running the initial heuristic.
/home/groups/daniancu/covid-optimization/covid-optimization
90
Total Reward at the start of the inner iterations: 35323376.97355999
Using license file /share/software/user/restricted/gurobi/9.0.3_py36/licenses/gurobi.lic
Set parameter TokenServer to value license4.stanford.edu
Gurobi status: 2

Statistics for model Linearization Heuristic :
  Linear constraint matrix    : 16026 Constrs, 9360 Vars, 5810785 NZs
  Matrix coefficient range    : [ 1.001e-13, 1 ]
  Objective coefficient range : [ 1.55105e-22, 3.4002e+08 ]
  Variable bound range        : [ 0.05, 1 ]
  RHS coefficient range       : [ 1.16437e-07, 0.292453 ]
Objective value for Line heur k = 0: 20649483.662298996
90
Actual reward of current solution: 34498973.64587371
Minimum Difference with past solutions:0.050000000000000044.
Gurobi status: 2

Statistics for model Linearization Heuristic :
  Linear constraint matrix    : 16026 Constrs, 9360 Vars, 6321117 NZs
  Matrix coefficient range    : [ 1.00001e-13, 1 ]
  Objective coefficient range : [ 1.46239e-21, 3.4002e+08 ]
  Variable bound range        : [ 0.05, 1 ]
  RHS coefficient range       : [ 1.50177e-07, 0.293318 ]
Objective value for Line heur k = 0: 19409699.914813355
90
Actual reward of current solution: 35447287.91248334
Minimum Difference with past solutions:0.050000000000000044.
Gurobi status: 2

Statistics for model Linearization Heuristic :
  Linear constraint matrix    : 16026 Constrs, 9360 Vars, 5810785 NZs
  Matrix coefficient range    : [ 1.001e-13, 1 ]
  Objective coefficient range : [ 1.5081e-22, 3.4002e+08 ]
  Variable bound range        : [ 0.05, 1 ]
  RHS coefficient range       : [ 1.16437e-07, 0.292453 ]
Objective value for Line heur k = 0: 20773385.75836358
90
Actual reward of current solution: 34622883.335605524
Minimum Difference with past solutions:0.050000000000000044.
Gurobi status: 2

Statistics for model Linearization Heuristic :
  Linear constraint matrix    : 16026 Constrs, 9360 Vars, 6321117 NZs
  Matrix coefficient range    : [ 1.00001e-13, 1 ]
  Objective coefficient range : [ 1.48196e-21, 3.4002e+08 ]
  Variable bound range        : [ 0.05, 1 ]
  RHS coefficient range       : [ 1.50177e-07, 0.293318 ]
Objective value for Line heur k = 0: 19533599.173875365
90
Actual reward of current solution: 35571198.85140669
Minimum Difference with past solutions:0.050000000000000044.
Gurobi status: 2

Statistics for model Linearization Heuristic :
  Linear constraint matrix    : 16026 Constrs, 9360 Vars, 5810785 NZs
  Matrix coefficient range    : [ 1.001e-13, 1 ]
  Objective coefficient range : [ 1.46514e-22, 3.4002e+08 ]
  Variable bound range        : [ 0.05, 1 ]
  RHS coefficient range       : [ 1.16437e-07, 0.292453 ]
Objective value for Line heur k = 0: 20897287.854428083
90
Actual reward of current solution: 34746793.025337346
Minimum Difference with past solutions:0.050000000000000044.
Gurobi status: 2

Statistics for model Linearization Heuristic :
  Linear constraint matrix    : 16026 Constrs, 9360 Vars, 6321117 NZs
  Matrix coefficient range    : [ 1.00001e-13, 1 ]
  Objective coefficient range : [ 1.50152e-21, 3.4002e+08 ]
  Variable bound range        : [ 0.05, 1 ]
  RHS coefficient range       : [ 1.50177e-07, 0.293318 ]
Objective value for Line heur k = 0: 19657498.43293738
90
Actual reward of current solution: 35695109.79033004
Minimum Difference with past solutions:0.050000000000000044.
Gurobi status: 2

Statistics for model Linearization Heuristic :
  Linear constraint matrix    : 16026 Constrs, 9360 Vars, 5810785 NZs
  Matrix coefficient range    : [ 1.001e-13, 1 ]
  Objective coefficient range : [ 1.42219e-22, 3.4002e+08 ]
  Variable bound range        : [ 0.05, 1 ]
  RHS coefficient range       : [ 1.16437e-07, 0.292453 ]
Objective value for Line heur k = 0: 21021189.95049261
90
Actual reward of current solution: 34870702.71506915
Minimum Difference with past solutions:0.050000000000000044.
Gurobi status: 2

Statistics for model Linearization Heuristic :
  Linear constraint matrix    : 16026 Constrs, 9360 Vars, 6321117 NZs
  Matrix coefficient range    : [ 1.00001e-13, 1 ]
  Objective coefficient range : [ 1.52109e-21, 3.4002e+08 ]
  Variable bound range        : [ 0.05, 1 ]
  RHS coefficient range       : [ 1.50177e-07, 0.293318 ]
Objective value for Line heur k = 0: 19781397.69199936
90
Actual reward of current solution: 35819020.72925339
Minimum Difference with past solutions:0.050000000000000044.
Gurobi status: 2

Statistics for model Linearization Heuristic :
  Linear constraint matrix    : 16026 Constrs, 9360 Vars, 5810785 NZs
  Matrix coefficient range    : [ 1.001e-13, 1 ]
  Objective coefficient range : [ 1.37924e-22, 3.4002e+08 ]
  Variable bound range        : [ 0.05, 1 ]
  RHS coefficient range       : [ 1.16437e-07, 0.292453 ]
Objective value for Line heur k = 0: 21145092.046557162
90
Actual reward of current solution: 34994612.40480097
Minimum Difference with past solutions:0.050000000000000044.
Gurobi status: 2

Statistics for model Linearization Heuristic :
  Linear constraint matrix    : 16026 Constrs, 9360 Vars, 6321117 NZs
  Matrix coefficient range    : [ 1.00001e-13, 1 ]
  Objective coefficient range : [ 1.54065e-21, 3.4002e+08 ]
  Variable bound range        : [ 0.05, 1 ]
  RHS coefficient range       : [ 1.50177e-07, 0.293318 ]
Objective value for Line heur k = 0: 19905296.951061353
90
Actual reward of current solution: 35942931.66817673
Minimum Difference with past solutions:0.05.
Gurobi status: 2

Statistics for model Linearization Heuristic :
  Linear constraint matrix    : 16026 Constrs, 9360 Vars, 5810785 NZs
  Matrix coefficient range    : [ 1.001e-13, 1 ]
  Objective coefficient range : [ 1.33628e-22, 3.4002e+08 ]
  Variable bound range        : [ 0.05, 1 ]
  RHS coefficient range       : [ 1.16437e-07, 0.292453 ]
Objective value for Line heur k = 0: 21268994.14262171
90
Actual reward of current solution: 35118522.09453279
Minimum Difference with past solutions:0.05.
Gurobi status: 2

Statistics for model Linearization Heuristic :
  Linear constraint matrix    : 16026 Constrs, 9360 Vars, 6321117 NZs
  Matrix coefficient range    : [ 1.00001e-13, 1 ]
  Objective coefficient range : [ 1.46324e-21, 3.4002e+08 ]
  Variable bound range        : [ 0.05, 1 ]
  RHS coefficient range       : [ 1.50177e-07, 0.293318 ]
Objective value for Line heur k = 0: 20029196.210123364
90
Actual reward of current solution: 36066842.607100084
Minimum Difference with past solutions:0.05.
Gurobi status: 2

Statistics for model Linearization Heuristic :
  Linear constraint matrix    : 16026 Constrs, 9360 Vars, 5810785 NZs
  Matrix coefficient range    : [ 1.001e-13, 1 ]
  Objective coefficient range : [ 1.29333e-22, 3.4002e+08 ]
  Variable bound range        : [ 0.05, 1 ]
  RHS coefficient range       : [ 1.16437e-07, 0.292453 ]
Objective value for Line heur k = 0: 21392896.238686305
90
Actual reward of current solution: 35242431.7842646
Minimum Difference with past solutions:0.05.
Gurobi status: 2

Statistics for model Linearization Heuristic :
  Linear constraint matrix    : 16026 Constrs, 9360 Vars, 6321117 NZs
  Matrix coefficient range    : [ 1.00001e-13, 1 ]
  Objective coefficient range : [ 1.06382e-21, 3.4002e+08 ]
  Variable bound range        : [ 0.05, 1 ]
  RHS coefficient range       : [ 1.50177e-07, 0.293318 ]
Objective value for Line heur k = 0: 20153095.469185364
90
Actual reward of current solution: 36190753.54602343
Minimum Difference with past solutions:0.05.
Gurobi status: 2

Statistics for model Linearization Heuristic :
  Linear constraint matrix    : 16026 Constrs, 9360 Vars, 5810785 NZs
  Matrix coefficient range    : [ 1.001e-13, 1 ]
  Objective coefficient range : [ 1.25038e-22, 3.4002e+08 ]
  Variable bound range        : [ 0.05, 1 ]
  RHS coefficient range       : [ 1.16437e-07, 0.292453 ]
Objective value for Line heur k = 0: 21516798.334750827
90
Actual reward of current solution: 35366341.47399642
Minimum Difference with past solutions:0.05.
Gurobi status: 2

Statistics for model Linearization Heuristic :
  Linear constraint matrix    : 16026 Constrs, 9360 Vars, 6321117 NZs
  Matrix coefficient range    : [ 1.00001e-13, 1 ]
  Objective coefficient range : [ 9.38968e-22, 3.4002e+08 ]
  Variable bound range        : [ 0.05, 1 ]
  RHS coefficient range       : [ 1.50177e-07, 0.293318 ]
Objective value for Line heur k = 0: 20276994.728247326
90
Actual reward of current solution: 36314664.48494678
Minimum Difference with past solutions:0.05.
Gurobi status: 2

Statistics for model Linearization Heuristic :
  Linear constraint matrix    : 16026 Constrs, 9360 Vars, 5810785 NZs
  Matrix coefficient range    : [ 1.001e-13, 1 ]
  Objective coefficient range : [ 1.20742e-22, 3.4002e+08 ]
  Variable bound range        : [ 0.05, 1 ]
  RHS coefficient range       : [ 1.16437e-07, 0.292453 ]
Objective value for Line heur k = 0: 21640700.43081538
90
Actual reward of current solution: 35490251.16372823
Minimum Difference with past solutions:0.05.
Gurobi status: 2

Statistics for model Linearization Heuristic :
  Linear constraint matrix    : 16026 Constrs, 9360 Vars, 6321117 NZs
  Matrix coefficient range    : [ 1.00001e-13, 1 ]
  Objective coefficient range : [ 6.76833e-22, 3.4002e+08 ]
  Variable bound range        : [ 0.05, 1 ]
  RHS coefficient range       : [ 1.50177e-07, 0.293318 ]
Objective value for Line heur k = 0: 20400893.98730931
90
Actual reward of current solution: 36438575.42387013
Minimum Difference with past solutions:0.05.
Gurobi status: 2

Statistics for model Linearization Heuristic :
  Linear constraint matrix    : 16026 Constrs, 9360 Vars, 5810785 NZs
  Matrix coefficient range    : [ 1.001e-13, 1 ]
  Objective coefficient range : [ 1.16447e-22, 3.4002e+08 ]
  Variable bound range        : [ 0.05, 1 ]
  RHS coefficient range       : [ 1.16437e-07, 0.292453 ]
Objective value for Line heur k = 0: 21764602.526879963
90
Actual reward of current solution: 35614160.85346005
Minimum Difference with past solutions:0.05.
Gurobi status: 2

Statistics for model Linearization Heuristic :
  Linear constraint matrix    : 16026 Constrs, 9360 Vars, 6321117 NZs
  Matrix coefficient range    : [ 1.00001e-13, 1 ]
  Objective coefficient range : [ 4.14697e-22, 3.4002e+08 ]
  Variable bound range        : [ 0.05, 1 ]
  RHS coefficient range       : [ 1.50177e-07, 0.293318 ]
Objective value for Line heur k = 0: 20524793.24637129
90
Actual reward of current solution: 36562486.362793475
Minimum Difference with past solutions:0.05.
Gurobi status: 2

Statistics for model Linearization Heuristic :
  Linear constraint matrix    : 16026 Constrs, 9360 Vars, 5810785 NZs
  Matrix coefficient range    : [ 1.001e-13, 1 ]
  Objective coefficient range : [ 1.12152e-22, 3.4002e+08 ]
  Variable bound range        : [ 0.05, 1 ]
  RHS coefficient range       : [ 1.16437e-07, 0.292453 ]
Objective value for Line heur k = 0: 21826549.152535565
90
Actual reward of current solution: 35676115.698325954
Minimum Difference with past solutions:0.049999999999999684.
Gurobi status: 2

Statistics for model Linearization Heuristic :
  Linear constraint matrix    : 16026 Constrs, 9360 Vars, 6321117 NZs
  Matrix coefficient range    : [ 1.00001e-13, 1 ]
  Objective coefficient range : [ 2.83629e-22, 3.4002e+08 ]
  Variable bound range        : [ 0.05, 1 ]
  RHS coefficient range       : [ 1.50177e-07, 0.293318 ]
Objective value for Line heur k = 0: 20524788.02986129
90
Actual reward of current solution: 36562486.362793475
Minimum Difference with past solutions:0.0.
New solution equals old solution at k=0
89
Total Reward at the start of the inner iterations: 36562486.362793475
Gurobi status: 2

Statistics for model Linearization Heuristic :
  Linear constraint matrix    : 15915 Constrs, 9270 Vars, 5712762 NZs
  Matrix coefficient range    : [ 1.001e-13, 1 ]
  Objective coefficient range : [ 1.12152e-22, 3.4002e+08 ]
  Variable bound range        : [ 0.05, 1 ]
  RHS coefficient range       : [ 2.50592e-08, 1 ]
Objective value for Line heur k = 1: 21938750.804432083
89
Actual reward of current solution: 36382286.46261261
Minimum Difference with past solutions:0.05.
Gurobi status: 2

Statistics for model Linearization Heuristic :
  Linear constraint matrix    : 15915 Constrs, 9270 Vars, 5866075 NZs
  Matrix coefficient range    : [ 1.00034e-13, 1 ]
  Objective coefficient range : [ 1.43849e-21, 3.4002e+08 ]
  Variable bound range        : [ 0.05, 1 ]
  RHS coefficient range       : [ 9.74929e-10, 1 ]
Objective value for Line heur k = 1: 21508296.93967347
89
Actual reward of current solution: 36562486.362793475
Minimum Difference with past solutions:0.0.
New solution equals old solution at k=1
88
Total Reward at the start of the inner iterations: 36562486.362793475
Gurobi status: 2

Statistics for model Linearization Heuristic :
  Linear constraint matrix    : 15750 Constrs, 9180 Vars, 5615654 NZs
  Matrix coefficient range    : [ 1.001e-13, 1 ]
  Objective coefficient range : [ 1.12152e-22, 3.4002e+08 ]
  Variable bound range        : [ 0.05, 1 ]
  RHS coefficient range       : [ 3.72001e-09, 1 ]
Objective value for Line heur k = 2: 22163649.723492686
88
Actual reward of current solution: 36382286.46261261
Minimum Difference with past solutions:0.05.
Gurobi status: 2

Statistics for model Linearization Heuristic :
  Linear constraint matrix    : 15750 Constrs, 9180 Vars, 5768967 NZs
  Matrix coefficient range    : [ 1.00034e-13, 1 ]
  Objective coefficient range : [ 1.43849e-21, 3.4002e+08 ]
  Variable bound range        : [ 0.05, 1 ]
  RHS coefficient range       : [ 3.1894e-08, 1 ]
Objective value for Line heur k = 2: 21742177.413634654
88
Actual reward of current solution: 36562486.362793475
Minimum Difference with past solutions:0.0.
New solution equals old solution at k=2
87
Total Reward at the start of the inner iterations: 36562486.362793475
Gurobi status: 2

Statistics for model Linearization Heuristic :
  Linear constraint matrix    : 15585 Constrs, 9090 Vars, 5519515 NZs
  Matrix coefficient range    : [ 1.001e-13, 1 ]
  Objective coefficient range : [ 1.12152e-22, 3.4002e+08 ]
  Variable bound range        : [ 0.05, 1 ]
  RHS coefficient range       : [ 1.04385e-08, 1 ]
Objective value for Line heur k = 3: 22377924.123852316
87
Actual reward of current solution: 36382286.46261261
Minimum Difference with past solutions:0.05.
Gurobi status: 2

Statistics for model Linearization Heuristic :
  Linear constraint matrix    : 15585 Constrs, 9090 Vars, 5672828 NZs
  Matrix coefficient range    : [ 1.00034e-13, 1 ]
  Objective coefficient range : [ 1.43849e-21, 3.4002e+08 ]
  Variable bound range        : [ 0.05, 1 ]
  RHS coefficient range       : [ 3.45369e-08, 1 ]
Objective value for Line heur k = 3: 21966180.835450683
87
Actual reward of current solution: 36562486.362793475
Minimum Difference with past solutions:0.0.
New solution equals old solution at k=3
86
Total Reward at the start of the inner iterations: 36562486.362793475
Gurobi status: 2

Statistics for model Linearization Heuristic :
  Linear constraint matrix    : 15420 Constrs, 9000 Vars, 5424345 NZs
  Matrix coefficient range    : [ 1.001e-13, 1 ]
  Objective coefficient range : [ 1.12152e-22, 3.4002e+08 ]
  Variable bound range        : [ 0.05, 1 ]
  RHS coefficient range       : [ 2.31429e-08, 1 ]
Objective value for Line heur k = 4: 22572235.998455435
86
Actual reward of current solution: 36382286.46261261
Minimum Difference with past solutions:0.05.
Gurobi status: 2

Statistics for model Linearization Heuristic :
  Linear constraint matrix    : 15420 Constrs, 9000 Vars, 5577658 NZs
  Matrix coefficient range    : [ 1.00034e-13, 1 ]
  Objective coefficient range : [ 1.43849e-21, 3.4002e+08 ]
  Variable bound range        : [ 0.05, 1 ]
  RHS coefficient range       : [ 3.09926e-08, 1 ]
Objective value for Line heur k = 4: 22170726.150219817
86
Actual reward of current solution: 36562486.362793475
Minimum Difference with past solutions:0.0.
New solution equals old solution at k=4
85
Total Reward at the start of the inner iterations: 36562486.362793475
Gurobi status: 2

Statistics for model Linearization Heuristic :
  Linear constraint matrix    : 15255 Constrs, 8910 Vars, 5330144 NZs
  Matrix coefficient range    : [ 1.001e-13, 1 ]
  Objective coefficient range : [ 1.12152e-22, 3.4002e+08 ]
  Variable bound range        : [ 0.05, 1 ]
  RHS coefficient range       : [ 3.12557e-08, 1 ]
Objective value for Line heur k = 5: 22742353.79285707
85
Actual reward of current solution: 36382286.46261261
Minimum Difference with past solutions:0.05.
Gurobi status: 2

Statistics for model Linearization Heuristic :
  Linear constraint matrix    : 15255 Constrs, 8910 Vars, 5483457 NZs
  Matrix coefficient range    : [ 1.00034e-13, 1 ]
  Objective coefficient range : [ 1.43849e-21, 3.4002e+08 ]
  Variable bound range        : [ 0.05, 1 ]
  RHS coefficient range       : [ 3.18371e-08, 1 ]
Objective value for Line heur k = 5: 22351405.738893494
85
Actual reward of current solution: 36562486.362793475
Minimum Difference with past solutions:0.0.
New solution equals old solution at k=5
84
Total Reward at the start of the inner iterations: 36562486.362793475
Gurobi status: 2

Statistics for model Linearization Heuristic :
  Linear constraint matrix    : 15090 Constrs, 8820 Vars, 5236912 NZs
  Matrix coefficient range    : [ 1.001e-13, 1 ]
  Objective coefficient range : [ 1.12152e-22, 3.4002e+08 ]
  Variable bound range        : [ 0.05, 1 ]
  RHS coefficient range       : [ 3.05974e-08, 1 ]
Objective value for Line heur k = 6: 22887017.36931188
84
Actual reward of current solution: 36382286.46261261
Minimum Difference with past solutions:0.05.
Gurobi status: 2

Statistics for model Linearization Heuristic :
  Linear constraint matrix    : 15090 Constrs, 8820 Vars, 5390225 NZs
  Matrix coefficient range    : [ 1.00034e-13, 1 ]
  Objective coefficient range : [ 1.43849e-21, 3.4002e+08 ]
  Variable bound range        : [ 0.05, 1 ]
  RHS coefficient range       : [ 3.75664e-08, 1 ]
Objective value for Line heur k = 6: 22506826.381665684
84
Actual reward of current solution: 36562486.362793475
Minimum Difference with past solutions:0.0.
New solution equals old solution at k=6
83
Total Reward at the start of the inner iterations: 36562486.362793475
Gurobi status: 2

Statistics for model Linearization Heuristic :
  Linear constraint matrix    : 14925 Constrs, 8730 Vars, 5144649 NZs
  Matrix coefficient range    : [ 1.001e-13, 1 ]
  Objective coefficient range : [ 1.12152e-22, 3.4002e+08 ]
  Variable bound range        : [ 0.05, 1 ]
  RHS coefficient range       : [ 2.03553e-08, 1 ]
Objective value for Line heur k = 7: 23006634.46220105
83
Actual reward of current solution: 36382286.46261261
Minimum Difference with past solutions:0.05.
Gurobi status: 2

Statistics for model Linearization Heuristic :
  Linear constraint matrix    : 14925 Constrs, 8730 Vars, 5297962 NZs
  Matrix coefficient range    : [ 1.00034e-13, 1 ]
  Objective coefficient range : [ 1.43849e-21, 3.4002e+08 ]
  Variable bound range        : [ 0.05, 1 ]
  RHS coefficient range       : [ 5.98827e-08, 1 ]
Objective value for Line heur k = 7: 22637287.76233988
83
Actual reward of current solution: 36562486.362793475
Minimum Difference with past solutions:0.0.
New solution equals old solution at k=7
82
Total Reward at the start of the inner iterations: 36562486.362793475
Gurobi status: 2

Statistics for model Linearization Heuristic :
  Linear constraint matrix    : 14760 Constrs, 8640 Vars, 5053355 NZs
  Matrix coefficient range    : [ 1.001e-13, 1 ]
  Objective coefficient range : [ 1.12152e-22, 3.4002e+08 ]
  Variable bound range        : [ 0.05, 1 ]
  RHS coefficient range       : [ 1.31853e-09, 1 ]
Objective value for Line heur k = 8: 23102487.71444673
82
Actual reward of current solution: 36382286.46261261
Minimum Difference with past solutions:0.05.
Gurobi status: 2

Statistics for model Linearization Heuristic :
  Linear constraint matrix    : 14760 Constrs, 8640 Vars, 5206668 NZs
  Matrix coefficient range    : [ 1.00034e-13, 1 ]
  Objective coefficient range : [ 1.43849e-21, 3.4002e+08 ]
  Variable bound range        : [ 0.05, 1 ]
  RHS coefficient range       : [ 8.70127e-08, 1 ]
Objective value for Line heur k = 8: 22743975.05314041
82
Actual reward of current solution: 36562486.362793475
Minimum Difference with past solutions:0.0.
New solution equals old solution at k=8
81
Total Reward at the start of the inner iterations: 36562486.362793475
Gurobi status: 2

Statistics for model Linearization Heuristic :
  Linear constraint matrix    : 14595 Constrs, 8550 Vars, 4963030 NZs
  Matrix coefficient range    : [ 1.001e-13, 1 ]
  Objective coefficient range : [ 1.12152e-22, 3.4002e+08 ]
  Variable bound range        : [ 0.05, 1 ]
  RHS coefficient range       : [ 2.51236e-08, 1 ]
Objective value for Line heur k = 9: 23176253.60631467
81
Actual reward of current solution: 36382286.46261261
Minimum Difference with past solutions:0.05.
Gurobi status: 2

Statistics for model Linearization Heuristic :
  Linear constraint matrix    : 14595 Constrs, 8550 Vars, 5116343 NZs
  Matrix coefficient range    : [ 1.00034e-13, 1 ]
  Objective coefficient range : [ 1.43849e-21, 3.4002e+08 ]
  Variable bound range        : [ 0.05, 1 ]
  RHS coefficient range       : [ 9.52098e-08, 1 ]
Objective value for Line heur k = 9: 22828464.84272036
81
Actual reward of current solution: 36562486.362793475
Minimum Difference with past solutions:0.0.
New solution equals old solution at k=9
80
Total Reward at the start of the inner iterations: 36562486.362793475
Gurobi status: 2

Statistics for model Linearization Heuristic :
  Linear constraint matrix    : 14430 Constrs, 8460 Vars, 4873674 NZs
  Matrix coefficient range    : [ 1.001e-13, 1 ]
  Objective coefficient range : [ 1.12152e-22, 3.4002e+08 ]
  Variable bound range        : [ 0.05, 1 ]
  RHS coefficient range       : [ 5.75361e-08, 1 ]
Objective value for Line heur k = 10: 23229709.714167174
80
Actual reward of current solution: 36382286.46261261
Minimum Difference with past solutions:0.05.
Gurobi status: 2

Statistics for model Linearization Heuristic :
  Linear constraint matrix    : 14430 Constrs, 8460 Vars, 5026987 NZs
  Matrix coefficient range    : [ 1.00034e-13, 1 ]
  Objective coefficient range : [ 1.43849e-21, 3.4002e+08 ]
  Variable bound range        : [ 0.05, 1 ]
  RHS coefficient range       : [ 9.39189e-08, 1 ]
Objective value for Line heur k = 10: 22892419.000965904
80
Actual reward of current solution: 36562486.362793475
Minimum Difference with past solutions:0.0.
New solution equals old solution at k=10
79
Total Reward at the start of the inner iterations: 36562486.362793475
Gurobi status: 2

Statistics for model Linearization Heuristic :
  Linear constraint matrix    : 14265 Constrs, 8370 Vars, 4785287 NZs
  Matrix coefficient range    : [ 1.001e-13, 1 ]
  Objective coefficient range : [ 1.12152e-22, 3.4002e+08 ]
  Variable bound range        : [ 0.05, 1 ]
  RHS coefficient range       : [ 3.38759e-08, 1 ]
Objective value for Line heur k = 11: 23264552.691858932
79
Actual reward of current solution: 36382286.46261261
Minimum Difference with past solutions:0.05.
Gurobi status: 2

Statistics for model Linearization Heuristic :
  Linear constraint matrix    : 14265 Constrs, 8370 Vars, 4938600 NZs
  Matrix coefficient range    : [ 1.00034e-13, 1 ]
  Objective coefficient range : [ 1.43849e-21, 3.4002e+08 ]
  Variable bound range        : [ 0.05, 1 ]
  RHS coefficient range       : [ 5.28353e-08, 1 ]
Objective value for Line heur k = 11: 22937386.96519033
79
Actual reward of current solution: 36562486.362793475
Minimum Difference with past solutions:0.0.
New solution equals old solution at k=11
78
Total Reward at the start of the inner iterations: 36562486.362793475
Gurobi status: 2

Statistics for model Linearization Heuristic :
  Linear constraint matrix    : 14100 Constrs, 8280 Vars, 4697869 NZs
  Matrix coefficient range    : [ 1.001e-13, 1 ]
  Objective coefficient range : [ 1.12152e-22, 3.4002e+08 ]
  Variable bound range        : [ 0.05, 1 ]
  RHS coefficient range       : [ 2.34042e-08, 1 ]
Objective value for Line heur k = 12: 23282277.128160547
78
Actual reward of current solution: 36382286.46261261
Minimum Difference with past solutions:0.05.
Gurobi status: 2

Statistics for model Linearization Heuristic :
  Linear constraint matrix    : 14100 Constrs, 8280 Vars, 4851182 NZs
  Matrix coefficient range    : [ 1.00034e-13, 1 ]
  Objective coefficient range : [ 1.43849e-21, 3.4002e+08 ]
  Variable bound range        : [ 0.05, 1 ]
  RHS coefficient range       : [ 1.15881e-07, 1 ]
Objective value for Line heur k = 12: 22964664.348833214
78
Actual reward of current solution: 36562486.362793475
Minimum Difference with past solutions:0.0.
New solution equals old solution at k=12
77
Total Reward at the start of the inner iterations: 36562486.362793475
Gurobi status: 2

Statistics for model Linearization Heuristic :
  Linear constraint matrix    : 13935 Constrs, 8190 Vars, 4611420 NZs
  Matrix coefficient range    : [ 1.001e-13, 1 ]
  Objective coefficient range : [ 1.12152e-22, 3.4002e+08 ]
  Variable bound range        : [ 0.05, 1 ]
  RHS coefficient range       : [ 1.06274e-07, 1 ]
Objective value for Line heur k = 13: 23284081.669956457
77
Actual reward of current solution: 36382286.46261261
Minimum Difference with past solutions:0.05.
Gurobi status: 2

Statistics for model Linearization Heuristic :
  Linear constraint matrix    : 13935 Constrs, 8190 Vars, 4764733 NZs
  Matrix coefficient range    : [ 1.00034e-13, 1 ]
  Objective coefficient range : [ 1.43849e-21, 3.4002e+08 ]
  Variable bound range        : [ 0.05, 1 ]
  RHS coefficient range       : [ 8.85008e-08, 1 ]
Objective value for Line heur k = 13: 22975171.333254714
77
Actual reward of current solution: 36562486.362793475
Minimum Difference with past solutions:0.0.
New solution equals old solution at k=13
76
Total Reward at the start of the inner iterations: 36562486.362793475
Gurobi status: 2

Statistics for model Linearization Heuristic :
  Linear constraint matrix    : 13770 Constrs, 8100 Vars, 4525994 NZs
  Matrix coefficient range    : [ 1.001e-13, 1 ]
  Objective coefficient range : [ 1.12152e-22, 3.4002e+08 ]
  Variable bound range        : [ 0.05, 1 ]
  RHS coefficient range       : [ 1.98946e-09, 0.291609 ]
Objective value for Line heur k = 14: 23270777.487821676
76
Actual reward of current solution: 36382286.46261261
Minimum Difference with past solutions:0.05.
Gurobi status: 2

Statistics for model Linearization Heuristic :
  Linear constraint matrix    : 13770 Constrs, 8100 Vars, 4679307 NZs
  Matrix coefficient range    : [ 1.00034e-13, 1 ]
  Objective coefficient range : [ 1.43849e-21, 3.4002e+08 ]
  Variable bound range        : [ 0.05, 1 ]
  RHS coefficient range       : [ 4.70019e-09, 0.291791 ]
Objective value for Line heur k = 14: 22969321.87803533
76
Actual reward of current solution: 36562486.362793475
Minimum Difference with past solutions:0.0.
New solution equals old solution at k=14
75
Total Reward at the start of the inner iterations: 36562486.362793475
Gurobi status: 2

Statistics for model Linearization Heuristic :
  Linear constraint matrix    : 13659 Constrs, 8010 Vars, 4429849 NZs
  Matrix coefficient range    : [ 1.001e-13, 1 ]
  Objective coefficient range : [ 1.12152e-22, 3.4002e+08 ]
  Variable bound range        : [ 0.05, 1 ]
  RHS coefficient range       : [ 1.03555e-07, 1 ]
Objective value for Line heur k = 15: 23152981.096617844
75
Actual reward of current solution: 36562486.362793475
Minimum Difference with past solutions:0.0.
New solution equals old solution at k=15
74
Total Reward at the start of the inner iterations: 36562486.362793475
Gurobi status: 2

Statistics for model Linearization Heuristic :
  Linear constraint matrix    : 13494 Constrs, 7920 Vars, 4334752 NZs
  Matrix coefficient range    : [ 1.001e-13, 1 ]
  Objective coefficient range : [ 1.12152e-22, 3.4002e+08 ]
  Variable bound range        : [ 0.05, 1 ]
  RHS coefficient range       : [ 1.01943e-07, 1 ]
Objective value for Line heur k = 16: 23068144.149352405
74
Actual reward of current solution: 36562486.362793475
Minimum Difference with past solutions:0.0.
New solution equals old solution at k=16
73
Total Reward at the start of the inner iterations: 36562486.362793475
Gurobi status: 2

Statistics for model Linearization Heuristic :
  Linear constraint matrix    : 13329 Constrs, 7830 Vars, 4240757 NZs
  Matrix coefficient range    : [ 1.001e-13, 1 ]
  Objective coefficient range : [ 1.12152e-22, 3.4002e+08 ]
  Variable bound range        : [ 0.05, 1 ]
  RHS coefficient range       : [ 9.96101e-08, 1 ]
Objective value for Line heur k = 17: 22970550.197690014
73
Actual reward of current solution: 36562486.362793475
Minimum Difference with past solutions:0.0.
New solution equals old solution at k=17
72
Total Reward at the start of the inner iterations: 36562486.362793475
Gurobi status: 2

Statistics for model Linearization Heuristic :
  Linear constraint matrix    : 13164 Constrs, 7740 Vars, 4147864 NZs
  Matrix coefficient range    : [ 1.001e-13, 1 ]
  Objective coefficient range : [ 1.12152e-22, 3.4002e+08 ]
  Variable bound range        : [ 0.05, 1 ]
  RHS coefficient range       : [ 5.53557e-08, 1 ]
Objective value for Line heur k = 18: 22862461.417668138
72
Actual reward of current solution: 36562486.362793475
Minimum Difference with past solutions:0.0.
New solution equals old solution at k=18
71
Total Reward at the start of the inner iterations: 36562486.362793475
Gurobi status: 2

Statistics for model Linearization Heuristic :
  Linear constraint matrix    : 12999 Constrs, 7650 Vars, 4056073 NZs
  Matrix coefficient range    : [ 1.001e-13, 1 ]
  Objective coefficient range : [ 1.12152e-22, 3.4002e+08 ]
  Variable bound range        : [ 0.05, 1 ]
  RHS coefficient range       : [ 6.98607e-09, 1 ]
Objective value for Line heur k = 19: 22745470.787250735
71
Actual reward of current solution: 36562486.362793475
Minimum Difference with past solutions:0.0.
New solution equals old solution at k=19
70
Total Reward at the start of the inner iterations: 36562486.362793475
Gurobi status: 2

Statistics for model Linearization Heuristic :
  Linear constraint matrix    : 12834 Constrs, 7560 Vars, 3965384 NZs
  Matrix coefficient range    : [ 1.001e-13, 1 ]
  Objective coefficient range : [ 1.12152e-22, 3.4002e+08 ]
  Variable bound range        : [ 0.05, 1 ]
  RHS coefficient range       : [ 2.21014e-08, 1 ]
Objective value for Line heur k = 20: 22620753.13729242
70
Actual reward of current solution: 36562486.362793475
Minimum Difference with past solutions:0.0.
New solution equals old solution at k=20
69
Total Reward at the start of the inner iterations: 36562486.362793475
Gurobi status: 2

Statistics for model Linearization Heuristic :
  Linear constraint matrix    : 12669 Constrs, 7470 Vars, 3875797 NZs
  Matrix coefficient range    : [ 1.001e-13, 1 ]
  Objective coefficient range : [ 1.12152e-22, 3.4002e+08 ]
  Variable bound range        : [ 0.05, 1 ]
  RHS coefficient range       : [ 3.85832e-09, 1 ]
Objective value for Line heur k = 21: 22489208.355809096
69
Actual reward of current solution: 36562486.362793475
Minimum Difference with past solutions:0.0.
New solution equals old solution at k=21
68
Total Reward at the start of the inner iterations: 36562486.362793475
Gurobi status: 2

Statistics for model Linearization Heuristic :
  Linear constraint matrix    : 12504 Constrs, 7380 Vars, 3787312 NZs
  Matrix coefficient range    : [ 1.001e-13, 1 ]
  Objective coefficient range : [ 1.12152e-22, 3.4002e+08 ]
  Variable bound range        : [ 0.05, 1 ]
  RHS coefficient range       : [ 6.76477e-10, 1 ]
Objective value for Line heur k = 22: 22351541.57789684
68
Actual reward of current solution: 36562486.362793475
Minimum Difference with past solutions:0.0.
New solution equals old solution at k=22
67
Total Reward at the start of the inner iterations: 36562486.362793475
Gurobi status: 2

Statistics for model Linearization Heuristic :
  Linear constraint matrix    : 12339 Constrs, 7290 Vars, 3699929 NZs
  Matrix coefficient range    : [ 1.001e-13, 1 ]
  Objective coefficient range : [ 1.12152e-22, 3.4002e+08 ]
  Variable bound range        : [ 0.05, 1 ]
  RHS coefficient range       : [ 5.25695e-08, 1 ]
Objective value for Line heur k = 23: 22208304.726266257
67
Actual reward of current solution: 36562486.362793475
Minimum Difference with past solutions:0.0.
New solution equals old solution at k=23
66
Total Reward at the start of the inner iterations: 36562486.362793475
Gurobi status: 2

Statistics for model Linearization Heuristic :
  Linear constraint matrix    : 12174 Constrs, 7200 Vars, 3613648 NZs
  Matrix coefficient range    : [ 1.001e-13, 1 ]
  Objective coefficient range : [ 1.12152e-22, 3.4002e+08 ]
  Variable bound range        : [ 0.05, 1 ]
  RHS coefficient range       : [ 7.49133e-08, 1 ]
Objective value for Line heur k = 24: 22059911.57254476
66
Actual reward of current solution: 36562486.362793475
Minimum Difference with past solutions:0.0.
New solution equals old solution at k=24
65
Total Reward at the start of the inner iterations: 36562486.362793475
Gurobi status: 2

Statistics for model Linearization Heuristic :
  Linear constraint matrix    : 12009 Constrs, 7110 Vars, 3528469 NZs
  Matrix coefficient range    : [ 1.001e-13, 1 ]
  Objective coefficient range : [ 1.12152e-22, 3.4002e+08 ]
  Variable bound range        : [ 0.05, 1 ]
  RHS coefficient range       : [ 5.50061e-08, 1 ]
Objective value for Line heur k = 25: 21906630.549014557
65
Actual reward of current solution: 36562486.362793475
Minimum Difference with past solutions:0.0.
New solution equals old solution at k=25
64
Total Reward at the start of the inner iterations: 36562486.362793475
Gurobi status: 2

Statistics for model Linearization Heuristic :
  Linear constraint matrix    : 11844 Constrs, 7020 Vars, 3444392 NZs
  Matrix coefficient range    : [ 1.001e-13, 1 ]
  Objective coefficient range : [ 1.12152e-22, 3.4002e+08 ]
  Variable bound range        : [ 0.05, 1 ]
  RHS coefficient range       : [ 8.3919e-09, 1 ]
Objective value for Line heur k = 26: 21748553.318145137
64
Actual reward of current solution: 36562486.362793475
Minimum Difference with past solutions:0.0.
New solution equals old solution at k=26
63
Total Reward at the start of the inner iterations: 36562486.362793475
Gurobi status: 2

Statistics for model Linearization Heuristic :
  Linear constraint matrix    : 11679 Constrs, 6930 Vars, 3361417 NZs
  Matrix coefficient range    : [ 1.001e-13, 1 ]
  Objective coefficient range : [ 1.12152e-22, 3.4002e+08 ]
  Variable bound range        : [ 0.05, 1 ]
  RHS coefficient range       : [ 3.62824e-08, 1 ]
Objective value for Line heur k = 27: 21585530.72371342
63
Actual reward of current solution: 36562486.362793475
Minimum Difference with past solutions:0.0.
New solution equals old solution at k=27
62
Total Reward at the start of the inner iterations: 36562486.362793475
Gurobi status: 2

Statistics for model Linearization Heuristic :
  Linear constraint matrix    : 11514 Constrs, 6840 Vars, 3279598 NZs
  Matrix coefficient range    : [ 1.001e-13, 1 ]
  Objective coefficient range : [ 1.12152e-22, 3.4002e+08 ]
  Variable bound range        : [ 0.05, 1 ]
  RHS coefficient range       : [ 1.86014e-09, 0.290905 ]
Objective value for Line heur k = 28: 21417059.396427814
62
Actual reward of current solution: 36562486.362793475
Minimum Difference with past solutions:0.0.
New solution equals old solution at k=28
61
Total Reward at the start of the inner iterations: 36562486.362793475
Gurobi status: 2

Statistics for model Linearization Heuristic :
  Linear constraint matrix    : 11403 Constrs, 6750 Vars, 3188935 NZs
  Matrix coefficient range    : [ 1.001e-13, 1 ]
  Objective coefficient range : [ 1.12152e-22, 3.4002e+08 ]
  Variable bound range        : [ 0.05, 1 ]
  RHS coefficient range       : [ 1.57403e-08, 1 ]
Objective value for Line heur k = 29: 21202448.025386486
61
Actual reward of current solution: 36562486.362793475
Minimum Difference with past solutions:0.0.
New solution equals old solution at k=29
60
Total Reward at the start of the inner iterations: 36562486.362793475
Gurobi status: 2

Statistics for model Linearization Heuristic :
  Linear constraint matrix    : 11238 Constrs, 6660 Vars, 3099453 NZs
  Matrix coefficient range    : [ 1.001e-13, 1 ]
  Objective coefficient range : [ 1.12152e-22, 3.4002e+08 ]
  Variable bound range        : [ 0.05, 1 ]
  RHS coefficient range       : [ 1.02348e-08, 1 ]
Objective value for Line heur k = 30: 20980669.559916735
60
Actual reward of current solution: 36562486.362793475
Minimum Difference with past solutions:0.0.
New solution equals old solution at k=30
59
Total Reward at the start of the inner iterations: 36562486.362793475
Gurobi status: 2

Statistics for model Linearization Heuristic :
  Linear constraint matrix    : 11073 Constrs, 6570 Vars, 3011206 NZs
  Matrix coefficient range    : [ 1.001e-13, 1 ]
  Objective coefficient range : [ 1.12152e-22, 3.4002e+08 ]
  Variable bound range        : [ 0.05, 1 ]
  RHS coefficient range       : [ 4.31888e-09, 1 ]
Objective value for Line heur k = 31: 20753342.953745227
59
Actual reward of current solution: 36562486.362793475
Minimum Difference with past solutions:0.0.
New solution equals old solution at k=31
58
Total Reward at the start of the inner iterations: 36562486.362793475
Gurobi status: 2

Statistics for model Linearization Heuristic :
  Linear constraint matrix    : 10908 Constrs, 6480 Vars, 2924194 NZs
  Matrix coefficient range    : [ 1.001e-13, 1 ]
  Objective coefficient range : [ 1.12152e-22, 3.4002e+08 ]
  Variable bound range        : [ 0.05, 1 ]
  RHS coefficient range       : [ 1.25045e-09, 1 ]
Objective value for Line heur k = 32: 20521440.095867474
58
Actual reward of current solution: 36562486.362793475
Minimum Difference with past solutions:0.0.
New solution equals old solution at k=32
57
Total Reward at the start of the inner iterations: 36562486.362793475
Gurobi status: 2

Statistics for model Linearization Heuristic :
  Linear constraint matrix    : 10743 Constrs, 6390 Vars, 2838417 NZs
  Matrix coefficient range    : [ 1.001e-13, 1 ]
  Objective coefficient range : [ 1.12152e-22, 3.4002e+08 ]
  Variable bound range        : [ 0.05, 1 ]
  RHS coefficient range       : [ 4.85057e-09, 1 ]
Objective value for Line heur k = 33: 20285567.55025208
57
Actual reward of current solution: 36562486.362793475
Minimum Difference with past solutions:0.0.
New solution equals old solution at k=33
56
Total Reward at the start of the inner iterations: 36562486.362793475
Gurobi status: 2

Statistics for model Linearization Heuristic :
  Linear constraint matrix    : 10578 Constrs, 6300 Vars, 2753875 NZs
  Matrix coefficient range    : [ 1.001e-13, 1 ]
  Objective coefficient range : [ 1.12152e-22, 3.4002e+08 ]
  Variable bound range        : [ 0.05, 1 ]
  RHS coefficient range       : [ 1.03002e-08, 1 ]
Objective value for Line heur k = 34: 20046124.82258896
56
Actual reward of current solution: 36562486.362793475
Minimum Difference with past solutions:0.0.
New solution equals old solution at k=34
55
Total Reward at the start of the inner iterations: 36562486.362793475
Gurobi status: 2

Statistics for model Linearization Heuristic :
  Linear constraint matrix    : 10413 Constrs, 6210 Vars, 2670568 NZs
  Matrix coefficient range    : [ 1.001e-13, 1 ]
  Objective coefficient range : [ 1.12152e-22, 3.4002e+08 ]
  Variable bound range        : [ 0.05, 1 ]
  RHS coefficient range       : [ 1.37015e-08, 1 ]
Objective value for Line heur k = 35: 19803393.352248624
55
Actual reward of current solution: 36562486.362793475
Minimum Difference with past solutions:0.0.
New solution equals old solution at k=35
54
Total Reward at the start of the inner iterations: 36562486.362793475
Gurobi status: 2

Statistics for model Linearization Heuristic :
  Linear constraint matrix    : 10248 Constrs, 6120 Vars, 2588496 NZs
  Matrix coefficient range    : [ 1.001e-13, 1 ]
  Objective coefficient range : [ 1.12152e-22, 3.4002e+08 ]
  Variable bound range        : [ 0.05, 1 ]
  RHS coefficient range       : [ 1.64227e-08, 1 ]
Objective value for Line heur k = 36: 19557586.58471419
54
Actual reward of current solution: 36562486.362793475
Minimum Difference with past solutions:0.0.
New solution equals old solution at k=36
53
Total Reward at the start of the inner iterations: 36562486.362793475
Gurobi status: 2

Statistics for model Linearization Heuristic :
  Linear constraint matrix    : 10083 Constrs, 6030 Vars, 2507659 NZs
  Matrix coefficient range    : [ 1.001e-13, 1 ]
  Objective coefficient range : [ 1.12152e-22, 3.4002e+08 ]
  Variable bound range        : [ 0.05, 1 ]
  RHS coefficient range       : [ 1.85455e-08, 1 ]
Objective value for Line heur k = 37: 19308878.152126625
53
Actual reward of current solution: 36562486.362793475
Minimum Difference with past solutions:0.0.
New solution equals old solution at k=37
52
Total Reward at the start of the inner iterations: 36562486.362793475
Gurobi status: 2

Statistics for model Linearization Heuristic :
  Linear constraint matrix    : 9918 Constrs, 5940 Vars, 2428057 NZs
  Matrix coefficient range    : [ 1.001e-13, 1 ]
  Objective coefficient range : [ 1.12152e-22, 3.4002e+08 ]
  Variable bound range        : [ 0.05, 1 ]
  RHS coefficient range       : [ 2.01535e-08, 1 ]
Objective value for Line heur k = 38: 19057417.728230245
52
Actual reward of current solution: 36562486.362793475
Minimum Difference with past solutions:0.0.
New solution equals old solution at k=38
51
Total Reward at the start of the inner iterations: 36562486.362793475
Gurobi status: 2

Statistics for model Linearization Heuristic :
  Linear constraint matrix    : 9753 Constrs, 5850 Vars, 2349690 NZs
  Matrix coefficient range    : [ 1.001e-13, 1 ]
  Objective coefficient range : [ 1.12152e-22, 3.4002e+08 ]
  Variable bound range        : [ 0.05, 1 ]
  RHS coefficient range       : [ 2.13251e-08, 1 ]
Objective value for Line heur k = 39: 18803339.940169018
51
Actual reward of current solution: 36562486.362793475
Minimum Difference with past solutions:0.0.
New solution equals old solution at k=39
50
Total Reward at the start of the inner iterations: 36562486.362793475
Gurobi status: 2

Statistics for model Linearization Heuristic :
  Linear constraint matrix    : 9588 Constrs, 5760 Vars, 2272558 NZs
  Matrix coefficient range    : [ 1.001e-13, 1 ]
  Objective coefficient range : [ 1.12152e-22, 3.4002e+08 ]
  Variable bound range        : [ 0.05, 1 ]
  RHS coefficient range       : [ 2.21304e-08, 1 ]
Objective value for Line heur k = 40: 18546769.36973775
50
Actual reward of current solution: 36562486.362793475
Minimum Difference with past solutions:0.0.
New solution equals old solution at k=40
49
Total Reward at the start of the inner iterations: 36562486.362793475
Gurobi status: 2

Statistics for model Linearization Heuristic :
  Linear constraint matrix    : 9423 Constrs, 5670 Vars, 2196661 NZs
  Matrix coefficient range    : [ 1.001e-13, 1 ]
  Objective coefficient range : [ 1.12152e-22, 3.4002e+08 ]
  Variable bound range        : [ 0.05, 1 ]
  RHS coefficient range       : [ 2.2631e-08, 1 ]
Objective value for Line heur k = 41: 18287823.35473835
49
Actual reward of current solution: 36562486.362793475
Minimum Difference with past solutions:0.0.
New solution equals old solution at k=41
48
Total Reward at the start of the inner iterations: 36562486.362793475
Gurobi status: 2

Statistics for model Linearization Heuristic :
  Linear constraint matrix    : 9258 Constrs, 5580 Vars, 2122053 NZs
  Matrix coefficient range    : [ 1.001e-13, 1 ]
  Objective coefficient range : [ 1.12152e-22, 3.4002e+08 ]
  Variable bound range        : [ 0.05, 1 ]
  RHS coefficient range       : [ 2.28797e-08, 0.290451 ]
Objective value for Line heur k = 42: 18026613.556192324
48
Actual reward of current solution: 36562486.362793475
Minimum Difference with past solutions:0.0.
New solution equals old solution at k=42
47
Total Reward at the start of the inner iterations: 36562486.362793475
Gurobi status: 2

Statistics for model Linearization Heuristic :
  Linear constraint matrix    : 9147 Constrs, 5490 Vars, 2048681 NZs
  Matrix coefficient range    : [ 1.001e-13, 1 ]
  Objective coefficient range : [ 1.12152e-22, 3.4002e+08 ]
  Variable bound range        : [ 0.05, 1 ]
  RHS coefficient range       : [ 2.29217e-08, 1 ]
Objective value for Line heur k = 43: 17763246.836771145
47
Actual reward of current solution: 36562486.362793475
Minimum Difference with past solutions:0.0.
New solution equals old solution at k=43
46
Total Reward at the start of the inner iterations: 36562486.362793475
Gurobi status: 2

Statistics for model Linearization Heuristic :
  Linear constraint matrix    : 8982 Constrs, 5400 Vars, 1976490 NZs
  Matrix coefficient range    : [ 1.001e-13, 1 ]
  Objective coefficient range : [ 1.12152e-22, 3.4002e+08 ]
  Variable bound range        : [ 0.05, 1 ]
  RHS coefficient range       : [ 2.27952e-08, 1 ]
Objective value for Line heur k = 44: 17497825.75822171
46
Actual reward of current solution: 36562486.362793475
Minimum Difference with past solutions:0.0.
New solution equals old solution at k=44
45
Total Reward at the start of the inner iterations: 36562486.362793475
Gurobi status: 2

Statistics for model Linearization Heuristic :
  Linear constraint matrix    : 8817 Constrs, 5310 Vars, 1905534 NZs
  Matrix coefficient range    : [ 1.001e-13, 1 ]
  Objective coefficient range : [ 1.12152e-22, 3.4002e+08 ]
  Variable bound range        : [ 0.05, 1 ]
  RHS coefficient range       : [ 2.25326e-08, 1 ]
Objective value for Line heur k = 45: 17230448.871135987
45
Actual reward of current solution: 36562486.362793475
Minimum Difference with past solutions:0.0.
New solution equals old solution at k=45
44
Total Reward at the start of the inner iterations: 36562486.362793475
Gurobi status: 2

Statistics for model Linearization Heuristic :
  Linear constraint matrix    : 8652 Constrs, 5220 Vars, 1835813 NZs
  Matrix coefficient range    : [ 1.001e-13, 1 ]
  Objective coefficient range : [ 1.12152e-22, 3.4002e+08 ]
  Variable bound range        : [ 0.05, 1 ]
  RHS coefficient range       : [ 2.21611e-08, 1 ]
Objective value for Line heur k = 46: 16961210.89429452
44
Actual reward of current solution: 36562486.362793475
Minimum Difference with past solutions:0.0.
New solution equals old solution at k=46
43
Total Reward at the start of the inner iterations: 36562486.362793475
Gurobi status: 2

Statistics for model Linearization Heuristic :
  Linear constraint matrix    : 8487 Constrs, 5130 Vars, 1767327 NZs
  Matrix coefficient range    : [ 1.001e-13, 1 ]
  Objective coefficient range : [ 1.12152e-22, 3.4002e+08 ]
  Variable bound range        : [ 0.05, 1 ]
  RHS coefficient range       : [ 2.17037e-08, 1 ]
Objective value for Line heur k = 47: 16690202.837706218
43
Actual reward of current solution: 36562486.362793475
Minimum Difference with past solutions:0.0.
New solution equals old solution at k=47
42
Total Reward at the start of the inner iterations: 36562486.362793475
Gurobi status: 2

Statistics for model Linearization Heuristic :
  Linear constraint matrix    : 8322 Constrs, 5040 Vars, 1700076 NZs
  Matrix coefficient range    : [ 1.001e-13, 1 ]
  Objective coefficient range : [ 1.12152e-22, 3.4002e+08 ]
  Variable bound range        : [ 0.05, 1 ]
  RHS coefficient range       : [ 2.11794e-08, 1 ]
Objective value for Line heur k = 48: 16417512.099076843
42
Actual reward of current solution: 36562486.362793475
Minimum Difference with past solutions:0.0.
New solution equals old solution at k=48
41
Total Reward at the start of the inner iterations: 36562486.362793475
Gurobi status: 2

Statistics for model Linearization Heuristic :
  Linear constraint matrix    : 8157 Constrs, 4950 Vars, 1634060 NZs
  Matrix coefficient range    : [ 1.001e-13, 1 ]
  Objective coefficient range : [ 1.12152e-22, 3.4002e+08 ]
  Variable bound range        : [ 0.05, 1 ]
  RHS coefficient range       : [ 2.06045e-08, 1 ]
Objective value for Line heur k = 49: 16143222.54967113
41
Actual reward of current solution: 36562486.362793475
Minimum Difference with past solutions:0.0.
New solution equals old solution at k=49
40
Total Reward at the start of the inner iterations: 36562486.362793475
Gurobi status: 2

Statistics for model Linearization Heuristic :
  Linear constraint matrix    : 7992 Constrs, 4860 Vars, 1569279 NZs
  Matrix coefficient range    : [ 1.001e-13, 1 ]
  Objective coefficient range : [ 1.12152e-22, 3.4002e+08 ]
  Variable bound range        : [ 0.05, 1 ]
  RHS coefficient range       : [ 1.99923e-08, 1 ]
Objective value for Line heur k = 50: 15867414.617802043
40
Actual reward of current solution: 36562486.362793475
Minimum Difference with past solutions:0.0.
New solution equals old solution at k=50
39
Total Reward at the start of the inner iterations: 36562486.362793475
Gurobi status: 2

Statistics for model Linearization Heuristic :
  Linear constraint matrix    : 7827 Constrs, 4770 Vars, 1505734 NZs
  Matrix coefficient range    : [ 1.001e-13, 1 ]
  Objective coefficient range : [ 1.12152e-22, 3.4002e+08 ]
  Variable bound range        : [ 0.05, 1 ]
  RHS coefficient range       : [ 1.9354e-08, 1 ]
Objective value for Line heur k = 51: 15590165.373875758
39
Actual reward of current solution: 36562486.362793475
Minimum Difference with past solutions:0.0.
New solution equals old solution at k=51
38
Total Reward at the start of the inner iterations: 36562486.362793475
Gurobi status: 2

Statistics for model Linearization Heuristic :
  Linear constraint matrix    : 7662 Constrs, 4680 Vars, 1443424 NZs
  Matrix coefficient range    : [ 1.001e-13, 1 ]
  Objective coefficient range : [ 1.12152e-22, 3.4002e+08 ]
  Variable bound range        : [ 0.05, 1 ]
  RHS coefficient range       : [ 1.86989e-08, 1 ]
Objective value for Line heur k = 52: 15311548.618562534
38
Actual reward of current solution: 36562486.362793475
Minimum Difference with past solutions:0.0.
New solution equals old solution at k=52
37
Total Reward at the start of the inner iterations: 36562486.362793475
Gurobi status: 2

Statistics for model Linearization Heuristic :
  Linear constraint matrix    : 7497 Constrs, 4590 Vars, 1382349 NZs
  Matrix coefficient range    : [ 1.001e-13, 1 ]
  Objective coefficient range : [ 1.12152e-22, 3.4002e+08 ]
  Variable bound range        : [ 0.05, 1 ]
  RHS coefficient range       : [ 1.80346e-08, 1 ]
Objective value for Line heur k = 53: 15031634.974405142
37
Actual reward of current solution: 36562486.362793475
Minimum Difference with past solutions:0.0.
New solution equals old solution at k=53
36
Total Reward at the start of the inner iterations: 36562486.362793475
Gurobi status: 2

Statistics for model Linearization Heuristic :
  Linear constraint matrix    : 7332 Constrs, 4500 Vars, 1322509 NZs
  Matrix coefficient range    : [ 1.001e-13, 1 ]
  Objective coefficient range : [ 1.12152e-22, 3.4002e+08 ]
  Variable bound range        : [ 0.05, 1 ]
  RHS coefficient range       : [ 1.73674e-08, 1 ]
Objective value for Line heur k = 54: 14750491.98053841
36
Actual reward of current solution: 36562486.362793475
Minimum Difference with past solutions:0.0.
New solution equals old solution at k=54
35
Total Reward at the start of the inner iterations: 36562486.362793475
Gurobi status: 2

Statistics for model Linearization Heuristic :
  Linear constraint matrix    : 7167 Constrs, 4410 Vars, 1263905 NZs
  Matrix coefficient range    : [ 1.001e-13, 1 ]
  Objective coefficient range : [ 1.12152e-22, 3.4002e+08 ]
  Variable bound range        : [ 0.05, 1 ]
  RHS coefficient range       : [ 1.67026e-08, 1 ]
Objective value for Line heur k = 55: 14468184.189900104
35
Actual reward of current solution: 36562486.362793475
Minimum Difference with past solutions:0.0.
New solution equals old solution at k=55
34
Total Reward at the start of the inner iterations: 36562486.362793475
Gurobi status: 2

Statistics for model Linearization Heuristic :
  Linear constraint matrix    : 7002 Constrs, 4320 Vars, 1206590 NZs
  Matrix coefficient range    : [ 1.001e-13, 1 ]
  Objective coefficient range : [ 1.12152e-22, 3.4002e+08 ]
  Variable bound range        : [ 0.05, 1 ]
  RHS coefficient range       : [ 1.60442e-08, 0.290146 ]
Objective value for Line heur k = 56: 14184773.268210683
34
Actual reward of current solution: 36562486.362793475
Minimum Difference with past solutions:0.0.
New solution equals old solution at k=56
33
Total Reward at the start of the inner iterations: 36562486.362793475
Gurobi status: 2

Statistics for model Linearization Heuristic :
  Linear constraint matrix    : 6891 Constrs, 4230 Vars, 1150510 NZs
  Matrix coefficient range    : [ 1.001e-13, 1 ]
  Objective coefficient range : [ 1.12152e-22, 3.4002e+08 ]
  Variable bound range        : [ 0.05, 1 ]
  RHS coefficient range       : [ 1.53956e-08, 1 ]
Objective value for Line heur k = 57: 13900318.093996454
33
Actual reward of current solution: 36562486.362793475
Minimum Difference with past solutions:0.0.
New solution equals old solution at k=57
32
Total Reward at the start of the inner iterations: 36562486.362793475
Gurobi status: 2

Statistics for model Linearization Heuristic :
  Linear constraint matrix    : 6726 Constrs, 4140 Vars, 1095611 NZs
  Matrix coefficient range    : [ 1.001e-13, 1 ]
  Objective coefficient range : [ 1.12152e-22, 3.4002e+08 ]
  Variable bound range        : [ 0.05, 1 ]
  RHS coefficient range       : [ 1.47596e-08, 1 ]
Objective value for Line heur k = 58: 13614874.85897954
32
Actual reward of current solution: 36562486.362793475
Minimum Difference with past solutions:0.0.
New solution equals old solution at k=58
31
Total Reward at the start of the inner iterations: 36562486.362793475
Gurobi status: 2

Statistics for model Linearization Heuristic :
  Linear constraint matrix    : 6561 Constrs, 4050 Vars, 1041947 NZs
  Matrix coefficient range    : [ 1.001e-13, 1 ]
  Objective coefficient range : [ 1.12152e-22, 3.4002e+08 ]
  Variable bound range        : [ 0.05, 1 ]
  RHS coefficient range       : [ 1.41382e-08, 1 ]
Objective value for Line heur k = 59: 13328497.168229384
31
Actual reward of current solution: 36562486.362793475
Minimum Difference with past solutions:0.0.
New solution equals old solution at k=59
30
Total Reward at the start of the inner iterations: 36562486.362793475
Gurobi status: 2

Statistics for model Linearization Heuristic :
  Linear constraint matrix    : 6396 Constrs, 3960 Vars, 989518 NZs
  Matrix coefficient range    : [ 1.001e-13, 1 ]
  Objective coefficient range : [ 1.12152e-22, 3.4002e+08 ]
  Variable bound range        : [ 0.05, 1 ]
  RHS coefficient range       : [ 1.35331e-08, 1 ]
Objective value for Line heur k = 60: 13041236.139549725
30
Actual reward of current solution: 36562486.362793475
Minimum Difference with past solutions:0.0.
New solution equals old solution at k=60
29
Total Reward at the start of the inner iterations: 36562486.362793475
Gurobi status: 2

Statistics for model Linearization Heuristic :
  Linear constraint matrix    : 6231 Constrs, 3870 Vars, 938324 NZs
  Matrix coefficient range    : [ 1.001e-13, 1 ]
  Objective coefficient range : [ 1.12152e-22, 3.4002e+08 ]
  Variable bound range        : [ 0.05, 1 ]
  RHS coefficient range       : [ 1.29454e-08, 1 ]
Objective value for Line heur k = 61: 12753140.501653297
29
Actual reward of current solution: 36562486.362793475
Minimum Difference with past solutions:0.0.
New solution equals old solution at k=61
28
Total Reward at the start of the inner iterations: 36562486.362793475
Gurobi status: 2

Statistics for model Linearization Heuristic :
  Linear constraint matrix    : 6066 Constrs, 3780 Vars, 888365 NZs
  Matrix coefficient range    : [ 1.001e-13, 1 ]
  Objective coefficient range : [ 1.12152e-22, 3.4002e+08 ]
  Variable bound range        : [ 0.05, 1 ]
  RHS coefficient range       : [ 1.2376e-08, 1 ]
Objective value for Line heur k = 62: 12464256.690750297
28
Actual reward of current solution: 36562486.362793475
Minimum Difference with past solutions:0.0.
New solution equals old solution at k=62
27
Total Reward at the start of the inner iterations: 36562486.362793475
Gurobi status: 2

Statistics for model Linearization Heuristic :
  Linear constraint matrix    : 5901 Constrs, 3690 Vars, 839642 NZs
  Matrix coefficient range    : [ 1.001e-13, 1 ]
  Objective coefficient range : [ 1.12152e-22, 3.4002e+08 ]
  Variable bound range        : [ 0.05, 1 ]
  RHS coefficient range       : [ 1.18254e-08, 1 ]
Objective value for Line heur k = 63: 12174628.945243852
27
Actual reward of current solution: 36562486.362793475
Minimum Difference with past solutions:0.0.
New solution equals old solution at k=63
26
Total Reward at the start of the inner iterations: 36562486.362793475
Gurobi status: 2

Statistics for model Linearization Heuristic :
  Linear constraint matrix    : 5736 Constrs, 3600 Vars, 792154 NZs
  Matrix coefficient range    : [ 1.001e-13, 1 ]
  Objective coefficient range : [ 1.12152e-22, 3.4002e+08 ]
  Variable bound range        : [ 0.05, 1 ]
  RHS coefficient range       : [ 1.12941e-08, 1 ]
Objective value for Line heur k = 64: 11884299.398285385
26
Actual reward of current solution: 36562486.362793475
Minimum Difference with past solutions:0.0.
New solution equals old solution at k=64
25
Total Reward at the start of the inner iterations: 36562486.362793475
Gurobi status: 2

Statistics for model Linearization Heuristic :
  Linear constraint matrix    : 5571 Constrs, 3510 Vars, 745902 NZs
  Matrix coefficient range    : [ 1.001e-13, 1 ]
  Objective coefficient range : [ 1.12152e-22, 3.4002e+08 ]
  Variable bound range        : [ 0.05, 1 ]
  RHS coefficient range       : [ 1.07822e-08, 1 ]
Objective value for Line heur k = 65: 11593308.16799569
25
Actual reward of current solution: 36562486.362793475
Minimum Difference with past solutions:0.0.
New solution equals old solution at k=65
24
Total Reward at the start of the inner iterations: 36562486.362793475
Gurobi status: 2

Statistics for model Linearization Heuristic :
  Linear constraint matrix    : 5406 Constrs, 3420 Vars, 700885 NZs
  Matrix coefficient range    : [ 1.001e-13, 1 ]
  Objective coefficient range : [ 1.12152e-22, 3.4002e+08 ]
  Variable bound range        : [ 0.05, 1 ]
  RHS coefficient range       : [ 1.02895e-08, 1 ]
Objective value for Line heur k = 66: 11301693.445203658
24
Actual reward of current solution: 36562486.362793475
Minimum Difference with past solutions:0.0.
New solution equals old solution at k=66
23
Total Reward at the start of the inner iterations: 36562486.362793475
Gurobi status: 2

Statistics for model Linearization Heuristic :
  Linear constraint matrix    : 5241 Constrs, 3330 Vars, 657105 NZs
  Matrix coefficient range    : [ 1.001e-13, 1 ]
  Objective coefficient range : [ 1.12152e-22, 3.4002e+08 ]
  Variable bound range        : [ 0.05, 1 ]
  RHS coefficient range       : [ 9.81614e-09, 1 ]
Objective value for Line heur k = 67: 11009491.578594867
23
Actual reward of current solution: 36562486.362793475
Minimum Difference with past solutions:0.0.
New solution equals old solution at k=67
22
Total Reward at the start of the inner iterations: 36562486.362793475
Gurobi status: 2

Statistics for model Linearization Heuristic :
  Linear constraint matrix    : 5076 Constrs, 3240 Vars, 614560 NZs
  Matrix coefficient range    : [ 1.00241e-13, 1 ]
  Objective coefficient range : [ 1.12152e-22, 3.4002e+08 ]
  Variable bound range        : [ 0.05, 1 ]
  RHS coefficient range       : [ 9.3617e-09, 1 ]
Objective value for Line heur k = 68: 10716737.157196755
22
Actual reward of current solution: 36562486.362793475
Minimum Difference with past solutions:0.0.
New solution equals old solution at k=68
21
Total Reward at the start of the inner iterations: 36562486.362793475
Gurobi status: 2

Statistics for model Linearization Heuristic :
  Linear constraint matrix    : 4911 Constrs, 3150 Vars, 573252 NZs
  Matrix coefficient range    : [ 1.00241e-13, 1 ]
  Objective coefficient range : [ 1.12152e-22, 3.4002e+08 ]
  Variable bound range        : [ 0.05, 1 ]
  RHS coefficient range       : [ 8.92587e-09, 1 ]
Objective value for Line heur k = 69: 10423463.090158055
21
Actual reward of current solution: 36562486.362793475
Minimum Difference with past solutions:0.0.
New solution equals old solution at k=69
20
Total Reward at the start of the inner iterations: 36562486.362793475
Gurobi status: 2

Statistics for model Linearization Heuristic :
  Linear constraint matrix    : 4746 Constrs, 3060 Vars, 533234 NZs
  Matrix coefficient range    : [ 1.00241e-13, 1 ]
  Objective coefficient range : [ 1.12152e-22, 3.4002e+08 ]
  Variable bound range        : [ 0.05, 1 ]
  RHS coefficient range       : [ 8.50826e-09, 0.289971 ]
Objective value for Line heur k = 70: 10129700.68380775
20
Actual reward of current solution: 36562486.362793475
Minimum Difference with past solutions:0.0.
New solution equals old solution at k=70
19
Total Reward at the start of the inner iterations: 36562486.362793475
Gurobi status: 2

Statistics for model Linearization Heuristic :
  Linear constraint matrix    : 4635 Constrs, 2970 Vars, 494451 NZs
  Matrix coefficient range    : [ 1.00241e-13, 1 ]
  Objective coefficient range : [ 1.12152e-22, 3.4002e+08 ]
  Variable bound range        : [ 0.05, 1 ]
  RHS coefficient range       : [ 8.10842e-09, 1 ]
Objective value for Line heur k = 71: 9835479.716004293
19
Actual reward of current solution: 36562486.362793475
Minimum Difference with past solutions:0.0.
New solution equals old solution at k=71
18
Total Reward at the start of the inner iterations: 36562486.362793475
Gurobi status: 2

Statistics for model Linearization Heuristic :
  Linear constraint matrix    : 4470 Constrs, 2880 Vars, 456850 NZs
  Matrix coefficient range    : [ 1.00241e-13, 1 ]
  Objective coefficient range : [ 1.12152e-22, 3.4002e+08 ]
  Variable bound range        : [ 0.05, 1 ]
  RHS coefficient range       : [ 7.72585e-09, 1 ]
Objective value for Line heur k = 72: 9540828.507811531
18
Actual reward of current solution: 36562486.362793475
Minimum Difference with past solutions:0.0.
New solution equals old solution at k=72
17
Total Reward at the start of the inner iterations: 36562486.362793475
Gurobi status: 2

Statistics for model Linearization Heuristic :
  Linear constraint matrix    : 4305 Constrs, 2790 Vars, 420485 NZs
  Matrix coefficient range    : [ 1.00241e-13, 1 ]
  Objective coefficient range : [ 1.12152e-22, 3.4002e+08 ]
  Variable bound range        : [ 0.05, 1 ]
  RHS coefficient range       : [ 7.36003e-09, 1 ]
Objective value for Line heur k = 73: 9245773.992567651
17
Actual reward of current solution: 36562486.362793475
Minimum Difference with past solutions:0.0.
New solution equals old solution at k=73
16
Total Reward at the start of the inner iterations: 36562486.362793475
Gurobi status: 2

Statistics for model Linearization Heuristic :
  Linear constraint matrix    : 4140 Constrs, 2700 Vars, 385355 NZs
  Matrix coefficient range    : [ 1.00241e-13, 1 ]
  Objective coefficient range : [ 1.12152e-22, 3.4002e+08 ]
  Variable bound range        : [ 0.05, 1 ]
  RHS coefficient range       : [ 7.01042e-09, 1 ]
Objective value for Line heur k = 74: 8950341.782450851
16
Actual reward of current solution: 36562486.362793475
Minimum Difference with past solutions:0.0.
New solution equals old solution at k=74
15
Total Reward at the start of the inner iterations: 36562486.362793475
Gurobi status: 2

Statistics for model Linearization Heuristic :
  Linear constraint matrix    : 3975 Constrs, 2610 Vars, 351461 NZs
  Matrix coefficient range    : [ 1.00241e-13, 1 ]
  Objective coefficient range : [ 1.12152e-22, 3.4002e+08 ]
  Variable bound range        : [ 0.05, 1 ]
  RHS coefficient range       : [ 6.67647e-09, 1 ]
Objective value for Line heur k = 75: 8654556.232699713
15
Actual reward of current solution: 36562486.362793475
Minimum Difference with past solutions:0.0.
New solution equals old solution at k=75
14
Total Reward at the start of the inner iterations: 36562486.362793475
Gurobi status: 2

Statistics for model Linearization Heuristic :
  Linear constraint matrix    : 3810 Constrs, 2520 Vars, 318803 NZs
  Matrix coefficient range    : [ 1.00241e-13, 1 ]
  Objective coefficient range : [ 1.12152e-22, 3.4002e+08 ]
  Variable bound range        : [ 0.05, 1 ]
  RHS coefficient range       : [ 5.10105e-09, 1 ]
Objective value for Line heur k = 76: 8358440.503732418
14
Actual reward of current solution: 36562486.362793475
Minimum Difference with past solutions:0.0.
New solution equals old solution at k=76
13
Total Reward at the start of the inner iterations: 36562486.362793475
Gurobi status: 2

Statistics for model Linearization Heuristic :
  Linear constraint matrix    : 3645 Constrs, 2430 Vars, 287381 NZs
  Matrix coefficient range    : [ 1.00241e-13, 1 ]
  Objective coefficient range : [ 1.12152e-22, 3.4002e+08 ]
  Variable bound range        : [ 0.05, 1 ]
  RHS coefficient range       : [ 1.13325e-09, 1 ]
Objective value for Line heur k = 77: 8062016.621549525
13
Actual reward of current solution: 36562486.362793475
Minimum Difference with past solutions:0.0.
New solution equals old solution at k=77
12
Total Reward at the start of the inner iterations: 36562486.362793475
Gurobi status: 2

Statistics for model Linearization Heuristic :
  Linear constraint matrix    : 3480 Constrs, 2340 Vars, 257195 NZs
  Matrix coefficient range    : [ 1.00241e-13, 1 ]
  Objective coefficient range : [ 1.12152e-22, 3.4002e+08 ]
  Variable bound range        : [ 0.05, 1 ]
  RHS coefficient range       : [ 1.20132e-09, 1 ]
Objective value for Line heur k = 78: 7765305.537043391
12
Actual reward of current solution: 36562486.362793475
Minimum Difference with past solutions:0.0.
New solution equals old solution at k=78
11
Total Reward at the start of the inner iterations: 36562486.362793475
Gurobi status: 2

Statistics for model Linearization Heuristic :
  Linear constraint matrix    : 3315 Constrs, 2250 Vars, 228245 NZs
  Matrix coefficient range    : [ 1.00241e-13, 1 ]
  Objective coefficient range : [ 1.12152e-22, 3.4002e+08 ]
  Variable bound range        : [ 0.05, 1 ]
  RHS coefficient range       : [ 7.90467e-11, 1 ]
Objective value for Line heur k = 79: 7468327.185247285
11
Actual reward of current solution: 36562486.362793475
Minimum Difference with past solutions:0.0.
New solution equals old solution at k=79
10
Total Reward at the start of the inner iterations: 36562486.362793475
Gurobi status: 2

Statistics for model Linearization Heuristic :
  Linear constraint matrix    : 3150 Constrs, 2160 Vars, 200532 NZs
  Matrix coefficient range    : [ 1.00241e-13, 1 ]
  Objective coefficient range : [ 1.12152e-22, 3.4002e+08 ]
  Variable bound range        : [ 0.05, 1 ]
  RHS coefficient range       : [ 1.47237e-09, 1 ]
Objective value for Line heur k = 80: 7171100.546262177
10
Actual reward of current solution: 36562486.362793475
Minimum Difference with past solutions:0.0.
New solution equals old solution at k=80
9
Total Reward at the start of the inner iterations: 36562486.362793475
Gurobi status: 2

Statistics for model Linearization Heuristic :
  Linear constraint matrix    : 2985 Constrs, 2070 Vars, 174055 NZs
  Matrix coefficient range    : [ 1.00241e-13, 1 ]
  Objective coefficient range : [ 1.12152e-22, 3.4002e+08 ]
  Variable bound range        : [ 0.05, 1 ]
  RHS coefficient range       : [ 3.12023e-09, 1 ]
Objective value for Line heur k = 81: 6873643.710820895
9
Actual reward of current solution: 36562486.362793475
Minimum Difference with past solutions:0.0.
New solution equals old solution at k=81
8
Total Reward at the start of the inner iterations: 36562486.362793475
Gurobi status: 2

Statistics for model Linearization Heuristic :
  Linear constraint matrix    : 2820 Constrs, 1980 Vars, 148814 NZs
  Matrix coefficient range    : [ 1.00241e-13, 1 ]
  Objective coefficient range : [ 1.02889e-21, 3.4002e+08 ]
  Variable bound range        : [ 0.05, 1 ]
  RHS coefficient range       : [ 4.77282e-09, 1 ]
Objective value for Line heur k = 82: 6575973.955564444
8
Actual reward of current solution: 36562486.362793475
Minimum Difference with past solutions:0.0.
New solution equals old solution at k=82
7
Total Reward at the start of the inner iterations: 36562486.362793475
Gurobi status: 2

Statistics for model Linearization Heuristic :
  Linear constraint matrix    : 2655 Constrs, 1890 Vars, 124811 NZs
  Matrix coefficient range    : [ 1.00241e-13, 1 ]
  Objective coefficient range : [ 1.02889e-21, 3.4002e+08 ]
  Variable bound range        : [ 0.05, 1 ]
  RHS coefficient range       : [ 6.43359e-09, 1 ]
Objective value for Line heur k = 83: 6278107.836771576
7
Actual reward of current solution: 36562486.362793475
Minimum Difference with past solutions:0.0.
New solution equals old solution at k=83
6
Total Reward at the start of the inner iterations: 36562486.362793475
Gurobi status: 2

Statistics for model Linearization Heuristic :
  Linear constraint matrix    : 2490 Constrs, 1800 Vars, 102102 NZs
  Matrix coefficient range    : [ 1.00241e-13, 1 ]
  Objective coefficient range : [ 1.02889e-21, 3.4002e+08 ]
  Variable bound range        : [ 0.05, 1 ]
  RHS coefficient range       : [ 8.10856e-09, 0.289868 ]
Objective value for Line heur k = 84: 5980061.317638621
6
Actual reward of current solution: 36562486.362793475
Minimum Difference with past solutions:0.0.
New solution equals old solution at k=84
5
Total Reward at the start of the inner iterations: 36562486.362793475
Gurobi status: 2

Statistics for model Linearization Heuristic :
  Linear constraint matrix    : 2379 Constrs, 1710 Vars, 80637 NZs
  Matrix coefficient range    : [ 1.00241e-13, 1 ]
  Objective coefficient range : [ 1.02889e-21, 3.4002e+08 ]
  Variable bound range        : [ 0.05, 1 ]
  RHS coefficient range       : [ 9.80812e-09, 1 ]
Objective value for Line heur k = 85: 5681849.955225765
5
Actual reward of current solution: 36562486.362793475
Minimum Difference with past solutions:0.0.
New solution equals old solution at k=85
4
Total Reward at the start of the inner iterations: 36562486.362793475
Gurobi status: 2

Statistics for model Linearization Heuristic :
  Linear constraint matrix    : 2214 Constrs, 1620 Vars, 60378 NZs
  Matrix coefficient range    : [ 1.00241e-13, 1 ]
  Objective coefficient range : [ 1.02889e-21, 3.4002e+08 ]
  Variable bound range        : [ 0.05, 1 ]
  RHS coefficient range       : [ 1.15503e-08, 1 ]
Objective value for Line heur k = 86: 5383489.1922899345
4
Actual reward of current solution: 36562486.362793475
Minimum Difference with past solutions:0.0.
New solution equals old solution at k=86
3
Total Reward at the start of the inner iterations: 36562486.362793475
Gurobi status: 2

Statistics for model Linearization Heuristic :
  Linear constraint matrix    : 2049 Constrs, 1530 Vars, 41421 NZs
  Matrix coefficient range    : [ 1.00241e-13, 1 ]
  Objective coefficient range : [ 1.02889e-21, 3.4002e+08 ]
  Variable bound range        : [ 0.05, 1 ]
  RHS coefficient range       : [ 1.33664e-08, 1 ]
Objective value for Line heur k = 87: 5084994.832346629
3
Actual reward of current solution: 36562486.362793475
Minimum Difference with past solutions:0.0.
New solution equals old solution at k=87
2
Total Reward at the start of the inner iterations: 36562486.362793475
Gurobi status: 2

Statistics for model Linearization Heuristic :
  Linear constraint matrix    : 1884 Constrs, 1440 Vars, 23930 NZs
  Matrix coefficient range    : [ 1.08952e-13, 1 ]
  Objective coefficient range : [ 1.02889e-21, 3.4002e+08 ]
  Variable bound range        : [ 0.05, 1 ]
  RHS coefficient range       : [ 1.53107e-08, 1 ]
Objective value for Line heur k = 88: 4786383.833724521
2
Actual reward of current solution: 36562486.362793475
Minimum Difference with past solutions:0.0.
New solution equals old solution at k=88
1
Total Reward at the start of the inner iterations: 36562486.362793475
Gurobi status: 2

Statistics for model Linearization Heuristic :
  Linear constraint matrix    : 1719 Constrs, 1350 Vars, 11838 NZs
  Matrix coefficient range    : [ 1.08952e-13, 1 ]
  Objective coefficient range : [ 1.38778e-17, 3.4002e+08 ]
  Variable bound range        : [ 0.05, 1 ]
  RHS coefficient range       : [ 1.7477e-08, 1 ]
Objective value for Line heur k = 89: 4487675.657929994
1
Actual reward of current solution: 36562486.362793475
Minimum Difference with past solutions:0.0.
New solution equals old solution at k=89
0
Total Reward at the start of the inner iterations: 36562486.362793475
Gurobi status: 2

Statistics for model Linearization Heuristic :
  Linear constraint matrix    : 1554 Constrs, 1260 Vars, 2709 NZs
  Matrix coefficient range    : [ 0.288979, 1 ]
  Objective coefficient range : [ 1.38778e-17, 3.4002e+08 ]
  Variable bound range        : [ 0.05, 1 ]
  RHS coefficient range       : [ 2.00285e-08, 0.28984 ]
Objective value for Line heur k = 90: 4188894.5802268474
0
Actual reward of current solution: 36562486.362793475
Minimum Difference with past solutions:0.0.
New solution equals old solution at k=90
0
Total Reward at the start of the inner iterations: 36562486.362793475
Gurobi status: 2

Statistics for model Linearization Heuristic :
  Linear constraint matrix    : 1443 Constrs, 1170 Vars, 2457 NZs
  Matrix coefficient range    : [ 0.317935, 1 ]
  Objective coefficient range : [ 1.38778e-17, 3.4002e+08 ]
  Variable bound range        : [ 0.05, 1 ]
  RHS coefficient range       : [ 2.00285e-08, 0.28984 ]
Objective value for Line heur k = 91: 3889687.786795935
0
Actual reward of current solution: 36562486.362793475
Minimum Difference with past solutions:0.0.
New solution equals old solution at k=91
0
Total Reward at the start of the inner iterations: 36562486.362793475
Gurobi status: 2

Statistics for model Linearization Heuristic :
  Linear constraint matrix    : 1332 Constrs, 1080 Vars, 2214 NZs
  Matrix coefficient range    : [ 0.349792, 1 ]
  Objective coefficient range : [ 1.38778e-17, 3.4002e+08 ]
  Variable bound range        : [ 0.05, 1 ]
  RHS coefficient range       : [ 2.00285e-08, 0.28984 ]
Objective value for Line heur k = 92: 3590481.0019960394
0
Actual reward of current solution: 36562486.362793475
Minimum Difference with past solutions:0.0.
New solution equals old solution at k=92
0
Total Reward at the start of the inner iterations: 36562486.362793475
Gurobi status: 2

Statistics for model Linearization Heuristic :
  Linear constraint matrix    : 1221 Constrs, 990 Vars, 1980 NZs
  Matrix coefficient range    : [ 0.384842, 1 ]
  Objective coefficient range : [ 1.38778e-17, 3.4002e+08 ]
  Variable bound range        : [ 0.05, 1 ]
  RHS coefficient range       : [ 2.00285e-08, 0.28984 ]
Objective value for Line heur k = 93: 3291274.225407827
0
Actual reward of current solution: 36562486.362793475
Minimum Difference with past solutions:0.0.
New solution equals old solution at k=93
0
Total Reward at the start of the inner iterations: 36562486.362793475
Gurobi status: 2

Statistics for model Linearization Heuristic :
  Linear constraint matrix    : 1110 Constrs, 900 Vars, 1755 NZs
  Matrix coefficient range    : [ 0.423403, 1 ]
  Objective coefficient range : [ 1.38778e-17, 3.4002e+08 ]
  Variable bound range        : [ 0.05, 1 ]
  RHS coefficient range       : [ 2.00285e-08, 0.28984 ]
Objective value for Line heur k = 94: 2992067.456282203
0
Actual reward of current solution: 36562486.362793475
Minimum Difference with past solutions:0.0.
New solution equals old solution at k=94
0
Total Reward at the start of the inner iterations: 36562486.362793475
Gurobi status: 2

Statistics for model Linearization Heuristic :
  Linear constraint matrix    : 999 Constrs, 810 Vars, 1539 NZs
  Matrix coefficient range    : [ 0.465828, 1 ]
  Objective coefficient range : [ 1.38778e-17, 3.4002e+08 ]
  Variable bound range        : [ 0.05, 1 ]
  RHS coefficient range       : [ 2.00285e-08, 0.28984 ]
Objective value for Line heur k = 95: 2692860.6937313695
0
Actual reward of current solution: 36562486.362793475
Minimum Difference with past solutions:0.0.
New solution equals old solution at k=95
0
Total Reward at the start of the inner iterations: 36562486.362793475
Gurobi status: 2

Statistics for model Linearization Heuristic :
  Linear constraint matrix    : 888 Constrs, 720 Vars, 1332 NZs
  Matrix coefficient range    : [ 0.512504, 1 ]
  Objective coefficient range : [ 1.38778e-17, 3.4002e+08 ]
  Variable bound range        : [ 0.05, 1 ]
  RHS coefficient range       : [ 2.00285e-08, 0.28984 ]
Objective value for Line heur k = 96: 2393653.936845044
0
Actual reward of current solution: 36562486.362793475
Minimum Difference with past solutions:0.0.
New solution equals old solution at k=96
0
Total Reward at the start of the inner iterations: 36562486.362793475
Gurobi status: 2

Statistics for model Linearization Heuristic :
  Linear constraint matrix    : 777 Constrs, 630 Vars, 1134 NZs
  Matrix coefficient range    : [ 0.563857, 1 ]
  Objective coefficient range : [ 1.38778e-17, 3.4002e+08 ]
  Variable bound range        : [ 0.05, 1 ]
  RHS coefficient range       : [ 2.00285e-08, 0.28984 ]
Objective value for Line heur k = 97: 2094447.1847571307
0
Actual reward of current solution: 36562486.362793475
Minimum Difference with past solutions:0.0.
New solution equals old solution at k=97
0
Total Reward at the start of the inner iterations: 36562486.362793475
Gurobi status: 2

Statistics for model Linearization Heuristic :
  Linear constraint matrix    : 666 Constrs, 540 Vars, 945 NZs
  Matrix coefficient range    : [ 0.620356, 1 ]
  Objective coefficient range : [ 1.38778e-17, 3.4002e+08 ]
  Variable bound range        : [ 0.05, 1 ]
  RHS coefficient range       : [ 2.00285e-08, 0.28984 ]
Objective value for Line heur k = 98: 1795240.436680567
0
Actual reward of current solution: 36562486.362793475
Minimum Difference with past solutions:0.0.
New solution equals old solution at k=98
0
Total Reward at the start of the inner iterations: 36562486.362793475
Gurobi status: 2

Statistics for model Linearization Heuristic :
  Linear constraint matrix    : 555 Constrs, 450 Vars, 765 NZs
  Matrix coefficient range    : [ 0.682516, 1 ]
  Objective coefficient range : [ 1.38778e-17, 3.4002e+08 ]
  Variable bound range        : [ 0.05, 1 ]
  RHS coefficient range       : [ 2.00285e-08, 0.28984 ]
Objective value for Line heur k = 99: 1496033.6919219196
0
Actual reward of current solution: 36562486.362793475
Minimum Difference with past solutions:0.0.
New solution equals old solution at k=99
0
Total Reward at the start of the inner iterations: 36562486.362793475
Gurobi status: 2

Statistics for model Linearization Heuristic :
  Linear constraint matrix    : 444 Constrs, 360 Vars, 594 NZs
  Matrix coefficient range    : [ 0.750904, 1 ]
  Objective coefficient range : [ 1.38778e-17, 3.4002e+08 ]
  Variable bound range        : [ 0.05, 1 ]
  RHS coefficient range       : [ 2.00285e-08, 0.28984 ]
Objective value for Line heur k = 100: 1196826.94988376
0
Actual reward of current solution: 36562486.362793475
Minimum Difference with past solutions:0.0.
New solution equals old solution at k=100
0
Total Reward at the start of the inner iterations: 36562486.362793475
Gurobi status: 2

Statistics for model Linearization Heuristic :
  Linear constraint matrix    : 333 Constrs, 270 Vars, 432 NZs
  Matrix coefficient range    : [ 0.826145, 1 ]
  Objective coefficient range : [ 1.38778e-17, 3.4002e+08 ]
  Variable bound range        : [ 0.05, 1 ]
  RHS coefficient range       : [ 2.00285e-08, 0.28984 ]
Objective value for Line heur k = 101: 897620.2100600052
0
Actual reward of current solution: 36562486.362793475
Minimum Difference with past solutions:0.0.
New solution equals old solution at k=101
0
Total Reward at the start of the inner iterations: 36562486.362793475
Gurobi status: 2

Statistics for model Linearization Heuristic :
  Linear constraint matrix    : 222 Constrs, 180 Vars, 279 NZs
  Matrix coefficient range    : [ 0.908925, 1 ]
  Objective coefficient range : [ 7.03795e-05, 3.4002e+08 ]
  Variable bound range        : [ 0.05, 1 ]
  RHS coefficient range       : [ 2.00285e-08, 0.28984 ]
Objective value for Line heur k = 102: 598413.472027583
0
Actual reward of current solution: 36562486.362793475
Minimum Difference with past solutions:0.0.
New solution equals old solution at k=102
0
Total Reward at the start of the inner iterations: 36562486.362793475
Gurobi status: 2

Statistics for model Linearization Heuristic :
  Linear constraint matrix    : 111 Constrs, 90 Vars, 135 NZs
  Matrix coefficient range    : [ 1, 1 ]
  Objective coefficient range : [ 1539.59, 3.4002e+08 ]
  Variable bound range        : [ 0.05, 1 ]
  RHS coefficient range       : [ 2.00285e-08, 0.28984 ]
Objective value for Line heur k = 103: 299206.7354365572
0
Actual reward of current solution: 36562486.362793475
Minimum Difference with past solutions:0.0.
New solution equals old solution at k=103
Total running time for 90 days is 1680.7490463256836
Economic Value: 64001438.66871921
Deaths 0.08186154816592835
Total Reward 36562486.362793475
