{'groups': 'all', 'params_to_try': {'delta_schooling': [0.5], 'xi': [0, 371990.3, 929975.75, 1859951.5, 3719903, 5579854.5], 'icus': [2900], 'tests': [[60000, 0]], 'testing': ['homogeneous'], 'eta': [0.1]}}
{'groups': 'all', 'params_to_try': {'delta_schooling': [0.5], 'xi': [0, 371990.3, 929975.75, 1859951.5, 3719903, 5579854.5], 'icus': [2900], 'tests': [[60000, 0]], 'testing': ['homogeneous'], 'eta': [0.1]}}
{'groups': 'all', 'params_to_try': {'delta_schooling': [0.1031660342307158], 'icus': [2900], 'eta': [0.047209617947486904], 'tests': [[0, 0]], 'xi': [26039321.0], 'testing': ['homogeneous']}}
results/time_gradient/xi-26039321_icus-2900_testing-homogeneous_natests-0_nmtests-0_T-90_startday-0_groups-all_dschool-0.103166_eta-0.047210_freq-90-14_initParamVarying-multiplier_beta_randomInstance-4.yaml
{'groups': 'all', 'params_to_try': {'delta_schooling': [0.5], 'xi': [0, 371990.3, 929975.75, 1859951.5, 3719903, 5579854.5], 'icus': [2900], 'tests': [[60000, 0]], 'testing': ['homogeneous'], 'eta': [0.1]}}
{'groups': 'all', 'params_to_try': {'delta_schooling': [0.5], 'xi': [0, 371990.3, 929975.75, 1859951.5, 3719903, 5579854.5], 'icus': [2900], 'tests': [[60000, 0]], 'testing': ['homogeneous'], 'eta': [0.1]}}
{'groups': 'all', 'params_to_try': {'delta_schooling': [0.1031660342307158], 'icus': [2900], 'eta': [0.047209617947486904], 'tests': [[0, 0]], 'xi': [26039321.0], 'testing': ['homogeneous']}}
results/dynamic_gradient/xi-26039321_icus-2900_testing-homogeneous_natests-0_nmtests-0_T-90_startday-0_groups-all_dschool-0.103166_eta-0.047210_freq-90-14_initParamVarying-multiplier_beta_randomInstance-4.yaml
500
(0.5, 260393210.0, 0.29, 0.0, (7, 14), 'fitted-scaled', 'econ-scaled', 'oct21-scaled', 0.1, 0.05, 2, 'dynamic_gradient', 4, 'multiplier_beta')
The value of T is: 104
Missing starting point -- Running the initial heuristic.
/home/groups/daniancu/covid-optimization/covid-optimization
90
Total Reward at the start of the inner iterations: 29854355.647244524
Using license file /share/software/user/restricted/gurobi/9.0.3_py36/licenses/gurobi.lic
Set parameter TokenServer to value license4.stanford.edu
Gurobi status: 2

Statistics for model Linearization Heuristic :
  Linear constraint matrix    : 16026 Constrs, 9360 Vars, 5443505 NZs
  Matrix coefficient range    : [ 1.00009e-13, 1 ]
  Objective coefficient range : [ 4.06139e-23, 2.65622e+08 ]
  Variable bound range        : [ 0.00729595, 1 ]
  RHS coefficient range       : [ 9.3937e-09, 0.290705 ]
Objective value for Line heur k = 0: 2543531.2929551997
90
Actual reward of current solution: 29160679.115207773
Minimum Difference with past solutions:0.050000000000000044.
Gurobi status: 2

Statistics for model Linearization Heuristic :
  Linear constraint matrix    : 16026 Constrs, 9360 Vars, 6319976 NZs
  Matrix coefficient range    : [ 1.00019e-13, 1 ]
  Objective coefficient range : [ 1.86062e-21, 2.65622e+08 ]
  Variable bound range        : [ 0.05, 1 ]
  RHS coefficient range       : [ 6.84619e-08, 0.291167 ]
Objective value for Line heur k = 0: 1850677.319806226
90
Actual reward of current solution: 29889384.875495575
Minimum Difference with past solutions:0.050000000000000044.
Gurobi status: 2

Statistics for model Linearization Heuristic :
  Linear constraint matrix    : 16026 Constrs, 9360 Vars, 5443627 NZs
  Matrix coefficient range    : [ 1.00005e-13, 1 ]
  Objective coefficient range : [ 1.75102e-22, 2.65622e+08 ]
  Variable bound range        : [ 0.05, 1 ]
  RHS coefficient range       : [ 3.39283e-09, 0.290745 ]
Objective value for Line heur k = 0: 2586122.766270809
90
Actual reward of current solution: 29186247.91477819
Minimum Difference with past solutions:0.050000000000000044.
Gurobi status: 2

Statistics for model Linearization Heuristic :
  Linear constraint matrix    : 16026 Constrs, 9360 Vars, 6320053 NZs
  Matrix coefficient range    : [ 1.00021e-13, 1 ]
  Objective coefficient range : [ 2.14869e-22, 2.65622e+08 ]
  Variable bound range        : [ 0.05, 1 ]
  RHS coefficient range       : [ 7.10856e-08, 0.291228 ]
Objective value for Line heur k = 0: 1873548.930334692
90
Actual reward of current solution: 29923693.111120846
Minimum Difference with past solutions:0.050000000000000044.
Gurobi status: 2

Statistics for model Linearization Heuristic :
  Linear constraint matrix    : 16026 Constrs, 9360 Vars, 5443706 NZs
  Matrix coefficient range    : [ 1.00018e-13, 1 ]
  Objective coefficient range : [ 2.15477e-22, 2.65622e+08 ]
  Variable bound range        : [ 0.05, 1 ]
  RHS coefficient range       : [ 3.32147e-09, 0.290772 ]
Objective value for Line heur k = 0: 2625308.5715464745
90
Actual reward of current solution: 29212423.421906926
Minimum Difference with past solutions:0.050000000000000044.
Gurobi status: 2

Statistics for model Linearization Heuristic :
  Linear constraint matrix    : 16026 Constrs, 9360 Vars, 6320123 NZs
  Matrix coefficient range    : [ 1.0005e-13, 1 ]
  Objective coefficient range : [ 1.18024e-21, 2.65622e+08 ]
  Variable bound range        : [ 0.05, 1 ]
  RHS coefficient range       : [ 7.30874e-08, 0.291272 ]
Objective value for Line heur k = 0: 1896432.2182495561
90
Actual reward of current solution: 29956801.22006005
Minimum Difference with past solutions:0.050000000000000044.
Gurobi status: 2

Statistics for model Linearization Heuristic :
  Linear constraint matrix    : 16026 Constrs, 9360 Vars, 5443750 NZs
  Matrix coefficient range    : [ 1.00027e-13, 1 ]
  Objective coefficient range : [ 5.29215e-22, 2.65622e+08 ]
  Variable bound range        : [ 0.05, 1 ]
  RHS coefficient range       : [ 8.98824e-09, 0.290792 ]
Objective value for Line heur k = 0: 2665288.967641378
90
Actual reward of current solution: 29239295.293450892
Minimum Difference with past solutions:0.050000000000000044.
Gurobi status: 2

Statistics for model Linearization Heuristic :
  Linear constraint matrix    : 16026 Constrs, 9360 Vars, 6320174 NZs
  Matrix coefficient range    : [ 1.00015e-13, 1 ]
  Objective coefficient range : [ 1.45262e-22, 2.65622e+08 ]
  Variable bound range        : [ 0.05, 1 ]
  RHS coefficient range       : [ 7.48944e-08, 0.29131 ]
Objective value for Line heur k = 0: 1923444.109090674
90
Actual reward of current solution: 29990172.927252114
Minimum Difference with past solutions:0.050000000000000044.
Gurobi status: 2

Statistics for model Linearization Heuristic :
  Linear constraint matrix    : 16026 Constrs, 9360 Vars, 5443795 NZs
  Matrix coefficient range    : [ 1.00061e-13, 1 ]
  Objective coefficient range : [ 1.92722e-22, 2.65622e+08 ]
  Variable bound range        : [ 0.05, 1 ]
  RHS coefficient range       : [ 1.42862e-08, 0.29081 ]
Objective value for Line heur k = 0: 2703929.368063428
90
Actual reward of current solution: 29267240.39930572
Minimum Difference with past solutions:0.050000000000000044.
Gurobi status: 2

Statistics for model Linearization Heuristic :
  Linear constraint matrix    : 16026 Constrs, 9360 Vars, 6320208 NZs
  Matrix coefficient range    : [ 1.00088e-13, 1 ]
  Objective coefficient range : [ 6.68415e-22, 2.65622e+08 ]
  Variable bound range        : [ 0.05, 1 ]
  RHS coefficient range       : [ 7.64724e-08, 0.291342 ]
Objective value for Line heur k = 0: 1951177.8757615255
90
Actual reward of current solution: 30023058.466120757
Minimum Difference with past solutions:0.050000000000000044.
Gurobi status: 2

Statistics for model Linearization Heuristic :
  Linear constraint matrix    : 16026 Constrs, 9360 Vars, 5443832 NZs
  Matrix coefficient range    : [ 1.00001e-13, 1 ]
  Objective coefficient range : [ 7.30888e-22, 2.65622e+08 ]
  Variable bound range        : [ 0.05, 1 ]
  RHS coefficient range       : [ 1.71571e-08, 0.290826 ]
Objective value for Line heur k = 0: 2741773.907044197
90
Actual reward of current solution: 29297047.070838526
Minimum Difference with past solutions:0.050000000000000044.
Gurobi status: 2

Statistics for model Linearization Heuristic :
  Linear constraint matrix    : 16026 Constrs, 9360 Vars, 6320234 NZs
  Matrix coefficient range    : [ 1.00009e-13, 1 ]
  Objective coefficient range : [ 4.43216e-22, 2.65622e+08 ]
  Variable bound range        : [ 0.05, 1 ]
  RHS coefficient range       : [ 7.78e-08, 0.291369 ]
Objective value for Line heur k = 0: 1980946.4355647275
90
Actual reward of current solution: 30055682.058889642
Minimum Difference with past solutions:0.050000000000000044.
Gurobi status: 2

Statistics for model Linearization Heuristic :
  Linear constraint matrix    : 16026 Constrs, 9360 Vars, 5443859 NZs
  Matrix coefficient range    : [ 1.00026e-13, 1 ]
  Objective coefficient range : [ 5.02939e-22, 2.65622e+08 ]
  Variable bound range        : [ 0.05, 1 ]
  RHS coefficient range       : [ 1.87895e-08, 0.290838 ]
Objective value for Line heur k = 0: 2776961.1413099333
90
Actual reward of current solution: 29326803.13660571
Minimum Difference with past solutions:0.050000000000000044.
Gurobi status: 2

Statistics for model Linearization Heuristic :
  Linear constraint matrix    : 16026 Constrs, 9360 Vars, 6320249 NZs
  Matrix coefficient range    : [ 1.00049e-13, 1 ]
  Objective coefficient range : [ 5.70481e-22, 2.65622e+08 ]
  Variable bound range        : [ 0.05, 1 ]
  RHS coefficient range       : [ 7.86647e-08, 0.291388 ]
Objective value for Line heur k = 0: 2010486.4675389866
90
Actual reward of current solution: 30087578.178251248
Minimum Difference with past solutions:0.050000000000000044.
Gurobi status: 2

Statistics for model Linearization Heuristic :
  Linear constraint matrix    : 16026 Constrs, 9360 Vars, 5443882 NZs
  Matrix coefficient range    : [ 1.00053e-13, 1 ]
  Objective coefficient range : [ 1.24297e-23, 2.65622e+08 ]
  Variable bound range        : [ 0.05, 1 ]
  RHS coefficient range       : [ 1.91608e-08, 0.290848 ]
Objective value for Line heur k = 0: 2811825.7098195087
90
Actual reward of current solution: 29356847.031987723
Minimum Difference with past solutions:0.050000000000000044.
Gurobi status: 2

Statistics for model Linearization Heuristic :
  Linear constraint matrix    : 16026 Constrs, 9360 Vars, 6320269 NZs
  Matrix coefficient range    : [ 1.00063e-13, 1 ]
  Objective coefficient range : [ 4.84018e-22, 2.65622e+08 ]
  Variable bound range        : [ 0.05, 1 ]
  RHS coefficient range       : [ 7.94685e-08, 0.291407 ]
Objective value for Line heur k = 0: 2039726.6386129933
90
Actual reward of current solution: 30119500.18143178
Minimum Difference with past solutions:0.050000000000000044.
Gurobi status: 2

Statistics for model Linearization Heuristic :
  Linear constraint matrix    : 16026 Constrs, 9360 Vars, 5443902 NZs
  Matrix coefficient range    : [ 1.00035e-13, 1 ]
  Objective coefficient range : [ 6.27312e-22, 2.65622e+08 ]
  Variable bound range        : [ 0.05, 1 ]
  RHS coefficient range       : [ 1.92637e-08, 0.290857 ]
Objective value for Line heur k = 0: 2843799.415402199
90
Actual reward of current solution: 29387363.814229127
Minimum Difference with past solutions:0.050000000000000044.
Gurobi status: 2

Statistics for model Linearization Heuristic :
  Linear constraint matrix    : 16026 Constrs, 9360 Vars, 6320294 NZs
  Matrix coefficient range    : [ 1.00099e-13, 1 ]
  Objective coefficient range : [ 6.52674e-23, 2.65622e+08 ]
  Variable bound range        : [ 0.05, 1 ]
  RHS coefficient range       : [ 8.01358e-08, 0.291422 ]
Objective value for Line heur k = 0: 2067003.70838319
90
Actual reward of current solution: 30150953.972874
Minimum Difference with past solutions:0.050000000000000044.
Gurobi status: 2

Statistics for model Linearization Heuristic :
  Linear constraint matrix    : 16026 Constrs, 9360 Vars, 5443914 NZs
  Matrix coefficient range    : [ 1.00084e-13, 1 ]
  Objective coefficient range : [ 2.74223e-22, 2.65622e+08 ]
  Variable bound range        : [ 0.05, 1 ]
  RHS coefficient range       : [ 1.92637e-08, 0.290863 ]
Objective value for Line heur k = 0: 2874890.1404444673
90
Actual reward of current solution: 29417942.94321735
Minimum Difference with past solutions:0.050000000000000044.
Gurobi status: 2

Statistics for model Linearization Heuristic :
  Linear constraint matrix    : 16026 Constrs, 9360 Vars, 6320300 NZs
  Matrix coefficient range    : [ 1.00022e-13, 1 ]
  Objective coefficient range : [ 3.29013e-22, 2.65622e+08 ]
  Variable bound range        : [ 0.05, 1 ]
  RHS coefficient range       : [ 8.04836e-08, 0.29143 ]
Objective value for Line heur k = 0: 2095305.83530384
90
Actual reward of current solution: 30181935.198024675
Minimum Difference with past solutions:0.050000000000000044.
Gurobi status: 2

Statistics for model Linearization Heuristic :
  Linear constraint matrix    : 16026 Constrs, 9360 Vars, 5443920 NZs
  Matrix coefficient range    : [ 1.00002e-13, 1 ]
  Objective coefficient range : [ 4.97406e-22, 2.65622e+08 ]
  Variable bound range        : [ 0.05, 1 ]
  RHS coefficient range       : [ 1.92637e-08, 0.290865 ]
Objective value for Line heur k = 0: 2889397.3560866355
90
Actual reward of current solution: 29433301.25712119
Minimum Difference with past solutions:0.049999999999999684.
Gurobi status: 2

Statistics for model Linearization Heuristic :
  Linear constraint matrix    : 16026 Constrs, 9360 Vars, 6320300 NZs
  Matrix coefficient range    : [ 1.00022e-13, 1 ]
  Objective coefficient range : [ 3.20871e-22, 2.65622e+08 ]
  Variable bound range        : [ 0.05, 1 ]
  RHS coefficient range       : [ 8.04836e-08, 0.29143 ]
Objective value for Line heur k = 0: 2095304.845026307
90
Actual reward of current solution: 30181935.198024675
Minimum Difference with past solutions:0.0.
New solution equals old solution at k=0
89
Total Reward at the start of the inner iterations: 30181935.198024675
Gurobi status: 2

Statistics for model Linearization Heuristic :
  Linear constraint matrix    : 15915 Constrs, 9270 Vars, 5353641 NZs
  Matrix coefficient range    : [ 1.00002e-13, 1 ]
  Objective coefficient range : [ 4.97406e-22, 2.65622e+08 ]
  Variable bound range        : [ 0.05, 1 ]
  RHS coefficient range       : [ 2.64164e-08, 1 ]
Objective value for Line heur k = 1: 3132042.7567027668
89
Actual reward of current solution: 30031543.01581367
Minimum Difference with past solutions:0.05.
Gurobi status: 2

Statistics for model Linearization Heuristic :
  Linear constraint matrix    : 15915 Constrs, 9270 Vars, 5771369 NZs
  Matrix coefficient range    : [ 1.0003e-13, 1 ]
  Objective coefficient range : [ 9.29161e-22, 2.65622e+08 ]
  Variable bound range        : [ 0.05, 1 ]
  RHS coefficient range       : [ 3.59179e-08, 1 ]
Objective value for Line heur k = 1: 2786397.67852324
89
Actual reward of current solution: 30181935.198024675
Minimum Difference with past solutions:0.0.
New solution equals old solution at k=1
88
Total Reward at the start of the inner iterations: 30181935.198024675
Gurobi status: 2

Statistics for model Linearization Heuristic :
  Linear constraint matrix    : 15750 Constrs, 9180 Vars, 5264201 NZs
  Matrix coefficient range    : [ 1.00002e-13, 1 ]
  Objective coefficient range : [ 4.97406e-22, 2.65622e+08 ]
  Variable bound range        : [ 0.05, 1 ]
  RHS coefficient range       : [ 5.48923e-08, 1 ]
Objective value for Line heur k = 2: 3414457.511248476
88
Actual reward of current solution: 30031543.01581367
Minimum Difference with past solutions:0.05.
Gurobi status: 2

Statistics for model Linearization Heuristic :
  Linear constraint matrix    : 15750 Constrs, 9180 Vars, 5681929 NZs
  Matrix coefficient range    : [ 1.0003e-13, 1 ]
  Objective coefficient range : [ 9.29161e-22, 2.65622e+08 ]
  Variable bound range        : [ 0.05, 1 ]
  RHS coefficient range       : [ 6.87588e-08, 1 ]
Objective value for Line heur k = 2: 3076115.7206622614
88
Actual reward of current solution: 30181935.198024675
Minimum Difference with past solutions:0.0.
New solution equals old solution at k=2
87
Total Reward at the start of the inner iterations: 30181935.198024675
Gurobi status: 2

Statistics for model Linearization Heuristic :
  Linear constraint matrix    : 15585 Constrs, 9090 Vars, 5175654 NZs
  Matrix coefficient range    : [ 1.00002e-13, 1 ]
  Objective coefficient range : [ 4.97406e-22, 2.65622e+08 ]
  Variable bound range        : [ 0.05, 1 ]
  RHS coefficient range       : [ 1.05339e-08, 1 ]
Objective value for Line heur k = 3: 3685105.7261462337
87
Actual reward of current solution: 30031543.01581367
Minimum Difference with past solutions:0.05.
Gurobi status: 2

Statistics for model Linearization Heuristic :
  Linear constraint matrix    : 15585 Constrs, 9090 Vars, 5593382 NZs
  Matrix coefficient range    : [ 1.0003e-13, 1 ]
  Objective coefficient range : [ 9.29161e-22, 2.65622e+08 ]
  Variable bound range        : [ 0.05, 1 ]
  RHS coefficient range       : [ 4.96612e-09, 1 ]
Objective value for Line heur k = 3: 3354702.411990539
87
Actual reward of current solution: 30181935.198024675
Minimum Difference with past solutions:0.0.
New solution equals old solution at k=3
86
Total Reward at the start of the inner iterations: 30181935.198024675
Gurobi status: 2

Statistics for model Linearization Heuristic :
  Linear constraint matrix    : 15420 Constrs, 9000 Vars, 5088000 NZs
  Matrix coefficient range    : [ 1.00002e-13, 1 ]
  Objective coefficient range : [ 4.97406e-22, 2.65622e+08 ]
  Variable bound range        : [ 0.05, 1 ]
  RHS coefficient range       : [ 1.80217e-08, 1 ]
Objective value for Line heur k = 4: 3936002.850946963
86
Actual reward of current solution: 30031543.01581367
Minimum Difference with past solutions:0.05.
Gurobi status: 2

Statistics for model Linearization Heuristic :
  Linear constraint matrix    : 15420 Constrs, 9000 Vars, 5505728 NZs
  Matrix coefficient range    : [ 1.0003e-13, 1 ]
  Objective coefficient range : [ 9.29161e-22, 2.65622e+08 ]
  Variable bound range        : [ 0.05, 1 ]
  RHS coefficient range       : [ 1.79097e-08, 1 ]
Objective value for Line heur k = 4: 3613972.829880042
86
Actual reward of current solution: 30181935.198024675
Minimum Difference with past solutions:0.0.
New solution equals old solution at k=4
85
Total Reward at the start of the inner iterations: 30181935.198024675
Gurobi status: 2

Statistics for model Linearization Heuristic :
  Linear constraint matrix    : 15255 Constrs, 8910 Vars, 5001239 NZs
  Matrix coefficient range    : [ 1.00002e-13, 1 ]
  Objective coefficient range : [ 4.97406e-22, 2.65622e+08 ]
  Variable bound range        : [ 0.05, 1 ]
  RHS coefficient range       : [ 5.34113e-08, 1 ]
Objective value for Line heur k = 5: 4163702.2452578642
85
Actual reward of current solution: 30031543.01581367
Minimum Difference with past solutions:0.05.
Gurobi status: 2

Statistics for model Linearization Heuristic :
  Linear constraint matrix    : 15255 Constrs, 8910 Vars, 5418967 NZs
  Matrix coefficient range    : [ 1.0003e-13, 1 ]
  Objective coefficient range : [ 9.29161e-22, 2.65622e+08 ]
  Variable bound range        : [ 0.05, 1 ]
  RHS coefficient range       : [ 6.6935e-08, 1 ]
Objective value for Line heur k = 5: 3850334.9931879565
85
Actual reward of current solution: 30181935.198024675
Minimum Difference with past solutions:0.0.
New solution equals old solution at k=5
84
Total Reward at the start of the inner iterations: 30181935.198024675
Gurobi status: 2

Statistics for model Linearization Heuristic :
  Linear constraint matrix    : 15090 Constrs, 8820 Vars, 4915371 NZs
  Matrix coefficient range    : [ 1.00002e-13, 1 ]
  Objective coefficient range : [ 4.97406e-22, 2.65622e+08 ]
  Variable bound range        : [ 0.05, 1 ]
  RHS coefficient range       : [ 1.34628e-08, 1 ]
Objective value for Line heur k = 6: 4367389.952839381
84
Actual reward of current solution: 30031543.01581367
Minimum Difference with past solutions:0.05.
Gurobi status: 2

Statistics for model Linearization Heuristic :
  Linear constraint matrix    : 15090 Constrs, 8820 Vars, 5333099 NZs
  Matrix coefficient range    : [ 1.0003e-13, 1 ]
  Objective coefficient range : [ 9.29161e-22, 2.65622e+08 ]
  Variable bound range        : [ 0.05, 1 ]
  RHS coefficient range       : [ 3.93968e-08, 1 ]
Objective value for Line heur k = 6: 4062865.819131723
84
Actual reward of current solution: 30181935.198024675
Minimum Difference with past solutions:0.0.
New solution equals old solution at k=6
83
Total Reward at the start of the inner iterations: 30181935.198024675
Gurobi status: 2

Statistics for model Linearization Heuristic :
  Linear constraint matrix    : 14925 Constrs, 8730 Vars, 4830396 NZs
  Matrix coefficient range    : [ 1.00002e-13, 1 ]
  Objective coefficient range : [ 4.97406e-22, 2.65622e+08 ]
  Variable bound range        : [ 0.05, 1 ]
  RHS coefficient range       : [ 5.23388e-08, 1 ]
Objective value for Line heur k = 7: 4547724.147698786
83
Actual reward of current solution: 30031543.01581367
Minimum Difference with past solutions:0.05.
Gurobi status: 2

Statistics for model Linearization Heuristic :
  Linear constraint matrix    : 14925 Constrs, 8730 Vars, 5248124 NZs
  Matrix coefficient range    : [ 1.0003e-13, 1 ]
  Objective coefficient range : [ 9.29161e-22, 2.65622e+08 ]
  Variable bound range        : [ 0.05, 1 ]
  RHS coefficient range       : [ 1.5895e-08, 1 ]
Objective value for Line heur k = 7: 4252136.511893678
83
Actual reward of current solution: 30181935.198024675
Minimum Difference with past solutions:0.0.
New solution equals old solution at k=7
82
Total Reward at the start of the inner iterations: 30181935.198024675
Gurobi status: 2

Statistics for model Linearization Heuristic :
  Linear constraint matrix    : 14760 Constrs, 8640 Vars, 4746314 NZs
  Matrix coefficient range    : [ 1.00002e-13, 1 ]
  Objective coefficient range : [ 4.97406e-22, 2.65622e+08 ]
  Variable bound range        : [ 0.05, 1 ]
  RHS coefficient range       : [ 3.75489e-08, 1 ]
Objective value for Line heur k = 8: 4706133.801731761
82
Actual reward of current solution: 30031543.01581367
Minimum Difference with past solutions:0.05.
Gurobi status: 2

Statistics for model Linearization Heuristic :
  Linear constraint matrix    : 14760 Constrs, 8640 Vars, 5164042 NZs
  Matrix coefficient range    : [ 1.0003e-13, 1 ]
  Objective coefficient range : [ 9.29161e-22, 2.65622e+08 ]
  Variable bound range        : [ 0.05, 1 ]
  RHS coefficient range       : [ 6.35945e-08, 1 ]
Objective value for Line heur k = 8: 4419500.0725039765
82
Actual reward of current solution: 30181935.198024675
Minimum Difference with past solutions:0.0.
New solution equals old solution at k=8
81
Total Reward at the start of the inner iterations: 30181935.198024675
Gurobi status: 2

Statistics for model Linearization Heuristic :
  Linear constraint matrix    : 14595 Constrs, 8550 Vars, 4663125 NZs
  Matrix coefficient range    : [ 1.00002e-13, 1 ]
  Objective coefficient range : [ 4.97406e-22, 2.65622e+08 ]
  Variable bound range        : [ 0.05, 1 ]
  RHS coefficient range       : [ 1.23894e-08, 1 ]
Objective value for Line heur k = 9: 4844399.840789806
81
Actual reward of current solution: 30031543.01581367
Minimum Difference with past solutions:0.05.
Gurobi status: 2

Statistics for model Linearization Heuristic :
  Linear constraint matrix    : 14595 Constrs, 8550 Vars, 5080853 NZs
  Matrix coefficient range    : [ 1.0003e-13, 1 ]
  Objective coefficient range : [ 9.29161e-22, 2.65622e+08 ]
  Variable bound range        : [ 0.05, 1 ]
  RHS coefficient range       : [ 4.1857e-08, 1 ]
Objective value for Line heur k = 9: 4566662.716909446
81
Actual reward of current solution: 30181935.198024675
Minimum Difference with past solutions:0.0.
New solution equals old solution at k=9
80
Total Reward at the start of the inner iterations: 30181935.198024675
Gurobi status: 2

Statistics for model Linearization Heuristic :
  Linear constraint matrix    : 14430 Constrs, 8460 Vars, 4580829 NZs
  Matrix coefficient range    : [ 1.00002e-13, 1 ]
  Objective coefficient range : [ 4.97406e-22, 2.65622e+08 ]
  Variable bound range        : [ 0.05, 1 ]
  RHS coefficient range       : [ 6.39376e-09, 1 ]
Objective value for Line heur k = 10: 4964409.361498846
80
Actual reward of current solution: 30031543.01581367
Minimum Difference with past solutions:0.05.
Gurobi status: 2

Statistics for model Linearization Heuristic :
  Linear constraint matrix    : 14430 Constrs, 8460 Vars, 4998557 NZs
  Matrix coefficient range    : [ 1.0003e-13, 1 ]
  Objective coefficient range : [ 9.29161e-22, 2.65622e+08 ]
  Variable bound range        : [ 0.05, 1 ]
  RHS coefficient range       : [ 1.07268e-08, 1 ]
Objective value for Line heur k = 10: 4695428.478612277
80
Actual reward of current solution: 30181935.198024675
Minimum Difference with past solutions:0.0.
New solution equals old solution at k=10
79
Total Reward at the start of the inner iterations: 30181935.198024675
Gurobi status: 2

Statistics for model Linearization Heuristic :
  Linear constraint matrix    : 14265 Constrs, 8370 Vars, 4499426 NZs
  Matrix coefficient range    : [ 1.00002e-13, 1 ]
  Objective coefficient range : [ 4.97406e-22, 2.65622e+08 ]
  Variable bound range        : [ 0.05, 1 ]
  RHS coefficient range       : [ 5.50478e-09, 1 ]
Objective value for Line heur k = 11: 5068015.136123684
79
Actual reward of current solution: 30031543.01581367
Minimum Difference with past solutions:0.05.
Gurobi status: 2

Statistics for model Linearization Heuristic :
  Linear constraint matrix    : 14265 Constrs, 8370 Vars, 4917154 NZs
  Matrix coefficient range    : [ 1.0003e-13, 1 ]
  Objective coefficient range : [ 9.29161e-22, 2.65622e+08 ]
  Variable bound range        : [ 0.05, 1 ]
  RHS coefficient range       : [ 6.28957e-08, 1 ]
Objective value for Line heur k = 11: 4807547.937740957
79
Actual reward of current solution: 30181935.198024675
Minimum Difference with past solutions:0.0.
New solution equals old solution at k=11
78
Total Reward at the start of the inner iterations: 30181935.198024675
Gurobi status: 2

Statistics for model Linearization Heuristic :
  Linear constraint matrix    : 14100 Constrs, 8280 Vars, 4418916 NZs
  Matrix coefficient range    : [ 1.00002e-13, 1 ]
  Objective coefficient range : [ 4.97406e-22, 2.65622e+08 ]
  Variable bound range        : [ 0.05, 1 ]
  RHS coefficient range       : [ 8.4818e-09, 1 ]
Objective value for Line heur k = 12: 5156958.387636093
78
Actual reward of current solution: 30031543.01581367
Minimum Difference with past solutions:0.05.
Gurobi status: 2

Statistics for model Linearization Heuristic :
  Linear constraint matrix    : 14100 Constrs, 8280 Vars, 4836644 NZs
  Matrix coefficient range    : [ 1.0003e-13, 1 ]
  Objective coefficient range : [ 9.29161e-22, 2.65622e+08 ]
  Variable bound range        : [ 0.05, 1 ]
  RHS coefficient range       : [ 3.79564e-09, 1 ]
Objective value for Line heur k = 12: 4904627.610028227
78
Actual reward of current solution: 30181935.198024675
Minimum Difference with past solutions:0.0.
New solution equals old solution at k=12
77
Total Reward at the start of the inner iterations: 30181935.198024675
Gurobi status: 2

Statistics for model Linearization Heuristic :
  Linear constraint matrix    : 13935 Constrs, 8190 Vars, 4339299 NZs
  Matrix coefficient range    : [ 1.00002e-13, 1 ]
  Objective coefficient range : [ 4.97406e-22, 2.65622e+08 ]
  Variable bound range        : [ 0.05, 1 ]
  RHS coefficient range       : [ 1.21631e-08, 1 ]
Objective value for Line heur k = 13: 5232828.700286216
77
Actual reward of current solution: 30031543.01581367
Minimum Difference with past solutions:0.05.
Gurobi status: 2

Statistics for model Linearization Heuristic :
  Linear constraint matrix    : 13935 Constrs, 8190 Vars, 4757027 NZs
  Matrix coefficient range    : [ 1.0003e-13, 1 ]
  Objective coefficient range : [ 9.29161e-22, 2.65622e+08 ]
  Variable bound range        : [ 0.05, 1 ]
  RHS coefficient range       : [ 3.94465e-08, 1 ]
Objective value for Line heur k = 13: 4988072.051755671
77
Actual reward of current solution: 30181935.198024675
Minimum Difference with past solutions:0.0.
New solution equals old solution at k=13
76
Total Reward at the start of the inner iterations: 30181935.198024675
Gurobi status: 2

Statistics for model Linearization Heuristic :
  Linear constraint matrix    : 13770 Constrs, 8100 Vars, 4260629 NZs
  Matrix coefficient range    : [ 1.00002e-13, 1 ]
  Objective coefficient range : [ 4.97406e-22, 2.65622e+08 ]
  Variable bound range        : [ 0.05, 1 ]
  RHS coefficient range       : [ 1.20505e-09, 0.290561 ]
Objective value for Line heur k = 14: 5297044.664962119
76
Actual reward of current solution: 30031543.01581367
Minimum Difference with past solutions:0.05.
Gurobi status: 2

Statistics for model Linearization Heuristic :
  Linear constraint matrix    : 13770 Constrs, 8100 Vars, 4678357 NZs
  Matrix coefficient range    : [ 1.0003e-13, 1 ]
  Objective coefficient range : [ 9.29161e-22, 2.65622e+08 ]
  Variable bound range        : [ 0.05, 1 ]
  RHS coefficient range       : [ 6.08721e-08, 0.290763 ]
Objective value for Line heur k = 14: 5059039.862435272
76
Actual reward of current solution: 30181935.198024675
Minimum Difference with past solutions:0.0.
New solution equals old solution at k=14
75
Total Reward at the start of the inner iterations: 30181935.198024675
Gurobi status: 2

Statistics for model Linearization Heuristic :
  Linear constraint matrix    : 13659 Constrs, 8010 Vars, 4177836 NZs
  Matrix coefficient range    : [ 1.00002e-13, 1 ]
  Objective coefficient range : [ 4.97406e-22, 2.65622e+08 ]
  Variable bound range        : [ 0.05, 1 ]
  RHS coefficient range       : [ 6.08711e-09, 1 ]
Objective value for Line heur k = 15: 5317337.599227696
75
Actual reward of current solution: 30155345.180392556
Minimum Difference with past solutions:0.05.
Gurobi status: 2

Statistics for model Linearization Heuristic :
  Linear constraint matrix    : 13659 Constrs, 8010 Vars, 4268923 NZs
  Matrix coefficient range    : [ 1.00178e-13, 1 ]
  Objective coefficient range : [ 2.07192e-22, 2.65622e+08 ]
  Variable bound range        : [ 0.05, 1 ]
  RHS coefficient range       : [ 1.11455e-09, 1 ]
Objective value for Line heur k = 15: 5249545.084153648
75
Actual reward of current solution: 30181935.198024675
Minimum Difference with past solutions:0.0.
New solution equals old solution at k=15
74
Total Reward at the start of the inner iterations: 30181935.198024675
Gurobi status: 2

Statistics for model Linearization Heuristic :
  Linear constraint matrix    : 13494 Constrs, 7920 Vars, 4095939 NZs
  Matrix coefficient range    : [ 1.00002e-13, 1 ]
  Objective coefficient range : [ 4.97406e-22, 2.65622e+08 ]
  Variable bound range        : [ 0.05, 1 ]
  RHS coefficient range       : [ 6.20082e-09, 1 ]
Objective value for Line heur k = 16: 5357093.451175555
74
Actual reward of current solution: 30155345.180392556
Minimum Difference with past solutions:0.05.
Gurobi status: 2

Statistics for model Linearization Heuristic :
  Linear constraint matrix    : 13494 Constrs, 7920 Vars, 4187026 NZs
  Matrix coefficient range    : [ 1.00178e-13, 1 ]
  Objective coefficient range : [ 2.07192e-22, 2.65622e+08 ]
  Variable bound range        : [ 0.05, 1 ]
  RHS coefficient range       : [ 3.36144e-09, 1 ]
Objective value for Line heur k = 16: 5291074.393681443
74
Actual reward of current solution: 30181935.198024675
Minimum Difference with past solutions:0.0.
New solution equals old solution at k=16
73
Total Reward at the start of the inner iterations: 30181935.198024675
Gurobi status: 2

Statistics for model Linearization Heuristic :
  Linear constraint matrix    : 13329 Constrs, 7830 Vars, 4014992 NZs
  Matrix coefficient range    : [ 1.00002e-13, 1 ]
  Objective coefficient range : [ 4.97406e-22, 2.65622e+08 ]
  Variable bound range        : [ 0.05, 1 ]
  RHS coefficient range       : [ 1.75478e-09, 1 ]
Objective value for Line heur k = 17: 5388590.128239767
73
Actual reward of current solution: 30155345.180392556
Minimum Difference with past solutions:0.05.
Gurobi status: 2

Statistics for model Linearization Heuristic :
  Linear constraint matrix    : 13329 Constrs, 7830 Vars, 4106079 NZs
  Matrix coefficient range    : [ 1.00178e-13, 1 ]
  Objective coefficient range : [ 2.07192e-22, 2.65622e+08 ]
  Variable bound range        : [ 0.05, 1 ]
  RHS coefficient range       : [ 9.7346e-09, 1 ]
Objective value for Line heur k = 17: 5324337.717995824
73
Actual reward of current solution: 30181935.198024675
Minimum Difference with past solutions:0.0.
New solution equals old solution at k=17
72
Total Reward at the start of the inner iterations: 30181935.198024675
Gurobi status: 2

Statistics for model Linearization Heuristic :
  Linear constraint matrix    : 13164 Constrs, 7740 Vars, 3934995 NZs
  Matrix coefficient range    : [ 1.00002e-13, 1 ]
  Objective coefficient range : [ 4.97406e-22, 2.65622e+08 ]
  Variable bound range        : [ 0.05, 1 ]
  RHS coefficient range       : [ 5.68438e-09, 1 ]
Objective value for Line heur k = 18: 5412834.96213298
72
Actual reward of current solution: 30155345.180392556
Minimum Difference with past solutions:0.05.
Gurobi status: 2

Statistics for model Linearization Heuristic :
  Linear constraint matrix    : 13164 Constrs, 7740 Vars, 4026082 NZs
  Matrix coefficient range    : [ 1.00178e-13, 1 ]
  Objective coefficient range : [ 2.07192e-22, 2.65622e+08 ]
  Variable bound range        : [ 0.05, 1 ]
  RHS coefficient range       : [ 1.90944e-08, 1 ]
Objective value for Line heur k = 18: 5350342.043946463
72
Actual reward of current solution: 30181935.198024675
Minimum Difference with past solutions:0.0.
New solution equals old solution at k=18
71
Total Reward at the start of the inner iterations: 30181935.198024675
Gurobi status: 2

Statistics for model Linearization Heuristic :
  Linear constraint matrix    : 12999 Constrs, 7650 Vars, 3855948 NZs
  Matrix coefficient range    : [ 1.00002e-13, 1 ]
  Objective coefficient range : [ 4.97406e-22, 2.65622e+08 ]
  Variable bound range        : [ 0.05, 1 ]
  RHS coefficient range       : [ 3.8652e-09, 1 ]
Objective value for Line heur k = 19: 5430699.465390972
71
Actual reward of current solution: 30155345.180392556
Minimum Difference with past solutions:0.05.
Gurobi status: 2

Statistics for model Linearization Heuristic :
  Linear constraint matrix    : 12999 Constrs, 7650 Vars, 3947035 NZs
  Matrix coefficient range    : [ 1.00178e-13, 1 ]
  Objective coefficient range : [ 2.07192e-22, 2.65622e+08 ]
  Variable bound range        : [ 0.05, 1 ]
  RHS coefficient range       : [ 3.05164e-08, 1 ]
Objective value for Line heur k = 19: 5369957.465201567
71
Actual reward of current solution: 30181935.198024675
Minimum Difference with past solutions:0.0.
New solution equals old solution at k=19
70
Total Reward at the start of the inner iterations: 30181935.198024675
Gurobi status: 2

Statistics for model Linearization Heuristic :
  Linear constraint matrix    : 12834 Constrs, 7560 Vars, 3777851 NZs
  Matrix coefficient range    : [ 1.00002e-13, 1 ]
  Objective coefficient range : [ 4.97406e-22, 2.65622e+08 ]
  Variable bound range        : [ 0.05, 1 ]
  RHS coefficient range       : [ 2.60877e-08, 1 ]
Objective value for Line heur k = 20: 5442939.6169277085
70
Actual reward of current solution: 30155345.180392556
Minimum Difference with past solutions:0.05.
Gurobi status: 2

Statistics for model Linearization Heuristic :
  Linear constraint matrix    : 12834 Constrs, 7560 Vars, 3868938 NZs
  Matrix coefficient range    : [ 1.00178e-13, 1 ]
  Objective coefficient range : [ 2.07192e-22, 2.65622e+08 ]
  Variable bound range        : [ 0.05, 1 ]
  RHS coefficient range       : [ 1.04997e-08, 1 ]
Objective value for Line heur k = 20: 5383937.305038036
70
Actual reward of current solution: 30181935.198024675
Minimum Difference with past solutions:0.0.
New solution equals old solution at k=20
69
Total Reward at the start of the inner iterations: 30181935.198024675
Gurobi status: 2

Statistics for model Linearization Heuristic :
  Linear constraint matrix    : 12669 Constrs, 7470 Vars, 3700704 NZs
  Matrix coefficient range    : [ 1.00002e-13, 1 ]
  Objective coefficient range : [ 4.97406e-22, 2.65622e+08 ]
  Variable bound range        : [ 0.05, 1 ]
  RHS coefficient range       : [ 3.57805e-09, 1 ]
Objective value for Line heur k = 21: 5450211.168333045
69
Actual reward of current solution: 30155345.180392556
Minimum Difference with past solutions:0.05.
Gurobi status: 2

Statistics for model Linearization Heuristic :
  Linear constraint matrix    : 12669 Constrs, 7470 Vars, 3791791 NZs
  Matrix coefficient range    : [ 1.00178e-13, 1 ]
  Objective coefficient range : [ 2.07192e-22, 2.65622e+08 ]
  Variable bound range        : [ 0.05, 1 ]
  RHS coefficient range       : [ 2.928e-08, 1 ]
Objective value for Line heur k = 21: 5392933.079979269
69
Actual reward of current solution: 30181935.198024675
Minimum Difference with past solutions:0.0.
New solution equals old solution at k=21
68
Total Reward at the start of the inner iterations: 30181935.198024675
Gurobi status: 2

Statistics for model Linearization Heuristic :
  Linear constraint matrix    : 12504 Constrs, 7380 Vars, 3624507 NZs
  Matrix coefficient range    : [ 1.00002e-13, 1 ]
  Objective coefficient range : [ 4.97406e-22, 2.65622e+08 ]
  Variable bound range        : [ 0.05, 1 ]
  RHS coefficient range       : [ 4.37404e-08, 1 ]
Objective value for Line heur k = 22: 5453081.179319072
68
Actual reward of current solution: 30155345.180392556
Minimum Difference with past solutions:0.05.
Gurobi status: 2

Statistics for model Linearization Heuristic :
  Linear constraint matrix    : 12504 Constrs, 7380 Vars, 3715594 NZs
  Matrix coefficient range    : [ 1.00178e-13, 1 ]
  Objective coefficient range : [ 2.07192e-22, 2.65622e+08 ]
  Variable bound range        : [ 0.05, 1 ]
  RHS coefficient range       : [ 2.0363e-08, 1 ]
Objective value for Line heur k = 22: 5397505.464778012
68
Actual reward of current solution: 30181935.198024675
Minimum Difference with past solutions:0.0.
New solution equals old solution at k=22
67
Total Reward at the start of the inner iterations: 30181935.198024675
Gurobi status: 2

Statistics for model Linearization Heuristic :
  Linear constraint matrix    : 12339 Constrs, 7290 Vars, 3549260 NZs
  Matrix coefficient range    : [ 1.00002e-13, 1 ]
  Objective coefficient range : [ 4.97406e-22, 2.65622e+08 ]
  Variable bound range        : [ 0.05, 1 ]
  RHS coefficient range       : [ 1.38077e-08, 1 ]
Objective value for Line heur k = 23: 5452036.398048208
67
Actual reward of current solution: 30155345.180392556
Minimum Difference with past solutions:0.05.
Gurobi status: 2

Statistics for model Linearization Heuristic :
  Linear constraint matrix    : 12339 Constrs, 7290 Vars, 3640347 NZs
  Matrix coefficient range    : [ 1.00178e-13, 1 ]
  Objective coefficient range : [ 2.07192e-22, 2.65622e+08 ]
  Variable bound range        : [ 0.05, 1 ]
  RHS coefficient range       : [ 2.28005e-08, 1 ]
Objective value for Line heur k = 23: 5398131.7929775445
67
Actual reward of current solution: 30181935.198024675
Minimum Difference with past solutions:0.0.
New solution equals old solution at k=23
66
Total Reward at the start of the inner iterations: 30181935.198024675
Gurobi status: 2

Statistics for model Linearization Heuristic :
  Linear constraint matrix    : 12174 Constrs, 7200 Vars, 3474963 NZs
  Matrix coefficient range    : [ 1.00002e-13, 1 ]
  Objective coefficient range : [ 4.97406e-22, 2.65622e+08 ]
  Variable bound range        : [ 0.05, 1 ]
  RHS coefficient range       : [ 5.08884e-09, 1 ]
Objective value for Line heur k = 24: 5447488.672991627
66
Actual reward of current solution: 30155345.180392556
Minimum Difference with past solutions:0.05.
Gurobi status: 2

Statistics for model Linearization Heuristic :
  Linear constraint matrix    : 12174 Constrs, 7200 Vars, 3566050 NZs
  Matrix coefficient range    : [ 1.00178e-13, 1 ]
  Objective coefficient range : [ 2.07192e-22, 2.65622e+08 ]
  Variable bound range        : [ 0.05, 1 ]
  RHS coefficient range       : [ 7.46614e-09, 1 ]
Objective value for Line heur k = 24: 5395210.152613227
66
Actual reward of current solution: 30181935.198024675
Minimum Difference with past solutions:0.0.
New solution equals old solution at k=24
65
Total Reward at the start of the inner iterations: 30181935.198024675
Gurobi status: 2

Statistics for model Linearization Heuristic :
  Linear constraint matrix    : 12009 Constrs, 7110 Vars, 3401616 NZs
  Matrix coefficient range    : [ 1.00002e-13, 1 ]
  Objective coefficient range : [ 4.97406e-22, 2.65622e+08 ]
  Variable bound range        : [ 0.05, 1 ]
  RHS coefficient range       : [ 2.97293e-08, 1 ]
Objective value for Line heur k = 25: 5439777.217648949
65
Actual reward of current solution: 30155345.180392556
Minimum Difference with past solutions:0.05.
Gurobi status: 2

Statistics for model Linearization Heuristic :
  Linear constraint matrix    : 12009 Constrs, 7110 Vars, 3492703 NZs
  Matrix coefficient range    : [ 1.00178e-13, 1 ]
  Objective coefficient range : [ 2.07192e-22, 2.65622e+08 ]
  Variable bound range        : [ 0.05, 1 ]
  RHS coefficient range       : [ 2.89887e-09, 1 ]
Objective value for Line heur k = 25: 5389059.706906087
65
Actual reward of current solution: 30181935.198024675
Minimum Difference with past solutions:0.0.
New solution equals old solution at k=25
64
Total Reward at the start of the inner iterations: 30181935.198024675
Gurobi status: 2

Statistics for model Linearization Heuristic :
  Linear constraint matrix    : 11844 Constrs, 7020 Vars, 3329219 NZs
  Matrix coefficient range    : [ 1.00002e-13, 1 ]
  Objective coefficient range : [ 4.97406e-22, 2.65622e+08 ]
  Variable bound range        : [ 0.05, 1 ]
  RHS coefficient range       : [ 8.09682e-09, 1 ]
Objective value for Line heur k = 26: 5429167.172879216
64
Actual reward of current solution: 30155345.180392556
Minimum Difference with past solutions:0.05.
Gurobi status: 2

Statistics for model Linearization Heuristic :
  Linear constraint matrix    : 11844 Constrs, 7020 Vars, 3420306 NZs
  Matrix coefficient range    : [ 1.00178e-13, 1 ]
  Objective coefficient range : [ 2.07192e-22, 2.65622e+08 ]
  Variable bound range        : [ 0.05, 1 ]
  RHS coefficient range       : [ 9.51596e-09, 1 ]
Objective value for Line heur k = 26: 5379916.400393278
64
Actual reward of current solution: 30181935.198024675
Minimum Difference with past solutions:0.0.
New solution equals old solution at k=26
63
Total Reward at the start of the inner iterations: 30181935.198024675
Gurobi status: 2

Statistics for model Linearization Heuristic :
  Linear constraint matrix    : 11679 Constrs, 6930 Vars, 3257772 NZs
  Matrix coefficient range    : [ 1.00002e-13, 1 ]
  Objective coefficient range : [ 4.97406e-22, 2.65622e+08 ]
  Variable bound range        : [ 0.05, 1 ]
  RHS coefficient range       : [ 6.35588e-09, 1 ]
Objective value for Line heur k = 27: 5415843.456055502
63
Actual reward of current solution: 30155345.180392556
Minimum Difference with past solutions:0.05.
Gurobi status: 2

Statistics for model Linearization Heuristic :
  Linear constraint matrix    : 11679 Constrs, 6930 Vars, 3348859 NZs
  Matrix coefficient range    : [ 1.00178e-13, 1 ]
  Objective coefficient range : [ 2.07192e-22, 2.65622e+08 ]
  Variable bound range        : [ 0.05, 1 ]
  RHS coefficient range       : [ 6.87788e-09, 1 ]
Objective value for Line heur k = 27: 5367922.6202500425
63
Actual reward of current solution: 30181935.198024675
Minimum Difference with past solutions:0.0.
New solution equals old solution at k=27
62
Total Reward at the start of the inner iterations: 30181935.198024675
Gurobi status: 2

Statistics for model Linearization Heuristic :
  Linear constraint matrix    : 11514 Constrs, 6840 Vars, 3187329 NZs
  Matrix coefficient range    : [ 1.00002e-13, 1 ]
  Objective coefficient range : [ 4.97406e-22, 2.65622e+08 ]
  Variable bound range        : [ 0.05, 1 ]
  RHS coefficient range       : [ 3.51808e-08, 0.290366 ]
Objective value for Line heur k = 28: 5399898.277529773
62
Actual reward of current solution: 30155345.180392556
Minimum Difference with past solutions:0.05.
Gurobi status: 2

Statistics for model Linearization Heuristic :
  Linear constraint matrix    : 11514 Constrs, 6840 Vars, 3278416 NZs
  Matrix coefficient range    : [ 1.00178e-13, 1 ]
  Objective coefficient range : [ 2.07192e-22, 2.65622e+08 ]
  Variable bound range        : [ 0.05, 1 ]
  RHS coefficient range       : [ 1.31009e-08, 0.290401 ]
Objective value for Line heur k = 28: 5353108.576099753
62
Actual reward of current solution: 30181935.198024675
Minimum Difference with past solutions:0.0.
New solution equals old solution at k=28
61
Total Reward at the start of the inner iterations: 30181935.198024675
Gurobi status: 2

Statistics for model Linearization Heuristic :
  Linear constraint matrix    : 11403 Constrs, 6750 Vars, 3103776 NZs
  Matrix coefficient range    : [ 1.00002e-13, 1 ]
  Objective coefficient range : [ 4.97406e-22, 2.65622e+08 ]
  Variable bound range        : [ 0.05, 1 ]
  RHS coefficient range       : [ 8.55313e-09, 1 ]
Objective value for Line heur k = 29: 5353674.943863542
61
Actual reward of current solution: 30181935.198024675
Minimum Difference with past solutions:0.0.
New solution equals old solution at k=29
60
Total Reward at the start of the inner iterations: 30181935.198024675
Gurobi status: 2

Statistics for model Linearization Heuristic :
  Linear constraint matrix    : 11238 Constrs, 6660 Vars, 3021309 NZs
  Matrix coefficient range    : [ 1.00002e-13, 1 ]
  Objective coefficient range : [ 4.97406e-22, 2.65622e+08 ]
  Variable bound range        : [ 0.05, 1 ]
  RHS coefficient range       : [ 4.91501e-09, 1 ]
Objective value for Line heur k = 30: 5313715.827057417
60
Actual reward of current solution: 30181935.198024675
Minimum Difference with past solutions:0.0.
New solution equals old solution at k=30
59
Total Reward at the start of the inner iterations: 30181935.198024675
Gurobi status: 2

Statistics for model Linearization Heuristic :
  Linear constraint matrix    : 11073 Constrs, 6570 Vars, 2939982 NZs
  Matrix coefficient range    : [ 1.00002e-13, 1 ]
  Objective coefficient range : [ 4.97406e-22, 2.65622e+08 ]
  Variable bound range        : [ 0.05, 1 ]
  RHS coefficient range       : [ 2.02136e-08, 1 ]
Objective value for Line heur k = 31: 5271395.8600315405
59
Actual reward of current solution: 30181935.198024675
Minimum Difference with past solutions:0.0.
New solution equals old solution at k=31
58
Total Reward at the start of the inner iterations: 30181935.198024675
Gurobi status: 2

Statistics for model Linearization Heuristic :
  Linear constraint matrix    : 10908 Constrs, 6480 Vars, 2859796 NZs
  Matrix coefficient range    : [ 1.00002e-13, 1 ]
  Objective coefficient range : [ 4.97406e-22, 2.65622e+08 ]
  Variable bound range        : [ 0.05, 1 ]
  RHS coefficient range       : [ 2.91486e-08, 1 ]
Objective value for Line heur k = 32: 5227160.796274172
58
Actual reward of current solution: 30181935.198024675
Minimum Difference with past solutions:0.0.
New solution equals old solution at k=32
57
Total Reward at the start of the inner iterations: 30181935.198024675
Gurobi status: 2

Statistics for model Linearization Heuristic :
  Linear constraint matrix    : 10743 Constrs, 6390 Vars, 2780751 NZs
  Matrix coefficient range    : [ 1.00002e-13, 1 ]
  Objective coefficient range : [ 4.97406e-22, 2.65622e+08 ]
  Variable bound range        : [ 0.05, 1 ]
  RHS coefficient range       : [ 2.46212e-08, 1 ]
Objective value for Line heur k = 33: 5181312.591563656
57
Actual reward of current solution: 30181935.198024675
Minimum Difference with past solutions:0.0.
New solution equals old solution at k=33
56
Total Reward at the start of the inner iterations: 30181935.198024675
Gurobi status: 2

Statistics for model Linearization Heuristic :
  Linear constraint matrix    : 10578 Constrs, 6300 Vars, 2702846 NZs
  Matrix coefficient range    : [ 1.00002e-13, 1 ]
  Objective coefficient range : [ 4.97406e-22, 2.65622e+08 ]
  Variable bound range        : [ 0.05, 1 ]
  RHS coefficient range       : [ 1.37616e-08, 1 ]
Objective value for Line heur k = 34: 5134066.423113321
56
Actual reward of current solution: 30181935.198024675
Minimum Difference with past solutions:0.0.
New solution equals old solution at k=34
55
Total Reward at the start of the inner iterations: 30181935.198024675
Gurobi status: 2

Statistics for model Linearization Heuristic :
  Linear constraint matrix    : 10413 Constrs, 6210 Vars, 2626081 NZs
  Matrix coefficient range    : [ 1.00002e-13, 1 ]
  Objective coefficient range : [ 4.97406e-22, 2.65622e+08 ]
  Variable bound range        : [ 0.05, 1 ]
  RHS coefficient range       : [ 7.98046e-09, 1 ]
Objective value for Line heur k = 35: 5085582.941703535
55
Actual reward of current solution: 30181935.198024675
Minimum Difference with past solutions:0.0.
New solution equals old solution at k=35
54
Total Reward at the start of the inner iterations: 30181935.198024675
Gurobi status: 2

Statistics for model Linearization Heuristic :
  Linear constraint matrix    : 10248 Constrs, 6120 Vars, 2550456 NZs
  Matrix coefficient range    : [ 1.00002e-13, 1 ]
  Objective coefficient range : [ 4.97406e-22, 2.65622e+08 ]
  Variable bound range        : [ 0.05, 1 ]
  RHS coefficient range       : [ 6.66715e-10, 1 ]
Objective value for Line heur k = 36: 5035986.278532891
54
Actual reward of current solution: 30181935.198024675
Minimum Difference with past solutions:0.0.
New solution equals old solution at k=36
53
Total Reward at the start of the inner iterations: 30181935.198024675
Gurobi status: 2

Statistics for model Linearization Heuristic :
  Linear constraint matrix    : 10083 Constrs, 6030 Vars, 2475972 NZs
  Matrix coefficient range    : [ 1.00002e-13, 1 ]
  Objective coefficient range : [ 4.97406e-22, 2.65622e+08 ]
  Variable bound range        : [ 0.05, 1 ]
  RHS coefficient range       : [ 5.97428e-09, 1 ]
Objective value for Line heur k = 37: 4985373.568997333
53
Actual reward of current solution: 30181935.198024675
Minimum Difference with past solutions:0.0.
New solution equals old solution at k=37
52
Total Reward at the start of the inner iterations: 30181935.198024675
Gurobi status: 2

Statistics for model Linearization Heuristic :
  Linear constraint matrix    : 9918 Constrs, 5940 Vars, 2402629 NZs
  Matrix coefficient range    : [ 1.00002e-13, 1 ]
  Objective coefficient range : [ 4.97406e-22, 2.65622e+08 ]
  Variable bound range        : [ 0.05, 1 ]
  RHS coefficient range       : [ 1.19773e-08, 1 ]
Objective value for Line heur k = 38: 4933818.97693233
52
Actual reward of current solution: 30181935.198024675
Minimum Difference with past solutions:0.0.
New solution equals old solution at k=38
51
Total Reward at the start of the inner iterations: 30181935.198024675
Gurobi status: 2

Statistics for model Linearization Heuristic :
  Linear constraint matrix    : 9753 Constrs, 5850 Vars, 2330426 NZs
  Matrix coefficient range    : [ 1.00002e-13, 1 ]
  Objective coefficient range : [ 4.97406e-22, 2.65622e+08 ]
  Variable bound range        : [ 0.05, 1 ]
  RHS coefficient range       : [ 5.36508e-09, 1 ]
Objective value for Line heur k = 39: 4881373.466516583
51
Actual reward of current solution: 30181935.198024675
Minimum Difference with past solutions:0.0.
New solution equals old solution at k=39
50
Total Reward at the start of the inner iterations: 30181935.198024675
Gurobi status: 2

Statistics for model Linearization Heuristic :
  Linear constraint matrix    : 9588 Constrs, 5760 Vars, 2259364 NZs
  Matrix coefficient range    : [ 1.00002e-13, 1 ]
  Objective coefficient range : [ 4.97406e-22, 2.65622e+08 ]
  Variable bound range        : [ 0.05, 1 ]
  RHS coefficient range       : [ 2.37186e-09, 1 ]
Objective value for Line heur k = 40: 4828060.301993669
50
Actual reward of current solution: 30181935.198024675
Minimum Difference with past solutions:0.0.
New solution equals old solution at k=40
49
Total Reward at the start of the inner iterations: 30181935.198024675
Gurobi status: 2

Statistics for model Linearization Heuristic :
  Linear constraint matrix    : 9423 Constrs, 5670 Vars, 2189440 NZs
  Matrix coefficient range    : [ 1.00002e-13, 1 ]
  Objective coefficient range : [ 4.97406e-22, 2.65622e+08 ]
  Variable bound range        : [ 0.05, 1 ]
  RHS coefficient range       : [ 3.26135e-09, 1 ]
Objective value for Line heur k = 41: 4773865.057845145
49
Actual reward of current solution: 30181935.198024675
Minimum Difference with past solutions:0.0.
New solution equals old solution at k=41
48
Total Reward at the start of the inner iterations: 30181935.198024675
Gurobi status: 2

Statistics for model Linearization Heuristic :
  Linear constraint matrix    : 9258 Constrs, 5580 Vars, 2120710 NZs
  Matrix coefficient range    : [ 1.00002e-13, 1 ]
  Objective coefficient range : [ 4.97406e-22, 2.65622e+08 ]
  Variable bound range        : [ 0.05, 1 ]
  RHS coefficient range       : [ 9.64386e-10, 0.290197 ]
Objective value for Line heur k = 42: 4718717.438406551
48
Actual reward of current solution: 30181935.198024675
Minimum Difference with past solutions:0.0.
New solution equals old solution at k=42
47
Total Reward at the start of the inner iterations: 30181935.198024675
Gurobi status: 2

Statistics for model Linearization Heuristic :
  Linear constraint matrix    : 9147 Constrs, 5490 Vars, 2047340 NZs
  Matrix coefficient range    : [ 1.00002e-13, 1 ]
  Objective coefficient range : [ 4.97406e-22, 2.65622e+08 ]
  Variable bound range        : [ 0.05, 1 ]
  RHS coefficient range       : [ 7.8827e-10, 1 ]
Objective value for Line heur k = 43: 4653420.472973934
47
Actual reward of current solution: 30181935.198024675
Minimum Difference with past solutions:0.0.
New solution equals old solution at k=43
46
Total Reward at the start of the inner iterations: 30181935.198024675
Gurobi status: 2

Statistics for model Linearization Heuristic :
  Linear constraint matrix    : 8982 Constrs, 5400 Vars, 1975151 NZs
  Matrix coefficient range    : [ 1.00002e-13, 1 ]
  Objective coefficient range : [ 4.97406e-22, 2.65622e+08 ]
  Variable bound range        : [ 0.05, 1 ]
  RHS coefficient range       : [ 7.60943e-09, 1 ]
Objective value for Line heur k = 44: 4586979.503748789
46
Actual reward of current solution: 30181935.198024675
Minimum Difference with past solutions:0.0.
New solution equals old solution at k=44
45
Total Reward at the start of the inner iterations: 30181935.198024675
Gurobi status: 2

Statistics for model Linearization Heuristic :
  Linear constraint matrix    : 8817 Constrs, 5310 Vars, 1904198 NZs
  Matrix coefficient range    : [ 1.00002e-13, 1 ]
  Objective coefficient range : [ 4.97406e-22, 2.65622e+08 ]
  Variable bound range        : [ 0.05, 1 ]
  RHS coefficient range       : [ 5.39427e-09, 1 ]
Objective value for Line heur k = 45: 4519615.594561943
45
Actual reward of current solution: 30181935.198024675
Minimum Difference with past solutions:0.0.
New solution equals old solution at k=45
44
Total Reward at the start of the inner iterations: 30181935.198024675
Gurobi status: 2

Statistics for model Linearization Heuristic :
  Linear constraint matrix    : 8652 Constrs, 5220 Vars, 1834480 NZs
  Matrix coefficient range    : [ 1.00002e-13, 1 ]
  Objective coefficient range : [ 4.97406e-22, 2.65622e+08 ]
  Variable bound range        : [ 0.05, 1 ]
  RHS coefficient range       : [ 3.421e-09, 1 ]
Objective value for Line heur k = 46: 4451465.384160303
44
Actual reward of current solution: 30181935.198024675
Minimum Difference with past solutions:0.0.
New solution equals old solution at k=46
43
Total Reward at the start of the inner iterations: 30181935.198024675
Gurobi status: 2

Statistics for model Linearization Heuristic :
  Linear constraint matrix    : 8487 Constrs, 5130 Vars, 1765997 NZs
  Matrix coefficient range    : [ 1.00002e-13, 1 ]
  Objective coefficient range : [ 4.97406e-22, 2.65622e+08 ]
  Variable bound range        : [ 0.05, 1 ]
  RHS coefficient range       : [ 1.71973e-09, 1 ]
Objective value for Line heur k = 47: 4382617.625638024
43
Actual reward of current solution: 30181935.198024675
Minimum Difference with past solutions:0.0.
New solution equals old solution at k=47
42
Total Reward at the start of the inner iterations: 30181935.198024675
Gurobi status: 2

Statistics for model Linearization Heuristic :
  Linear constraint matrix    : 8322 Constrs, 5040 Vars, 1698750 NZs
  Matrix coefficient range    : [ 1.00002e-13, 1 ]
  Objective coefficient range : [ 4.97406e-22, 2.65622e+08 ]
  Variable bound range        : [ 0.05, 1 ]
  RHS coefficient range       : [ 2.84638e-10, 1 ]
Objective value for Line heur k = 48: 4313133.750366969
42
Actual reward of current solution: 30181935.198024675
Minimum Difference with past solutions:0.0.
New solution equals old solution at k=48
41
Total Reward at the start of the inner iterations: 30181935.198024675
Gurobi status: 2

Statistics for model Linearization Heuristic :
  Linear constraint matrix    : 8157 Constrs, 4950 Vars, 1632740 NZs
  Matrix coefficient range    : [ 1.00002e-13, 1 ]
  Objective coefficient range : [ 4.97406e-22, 2.65622e+08 ]
  Variable bound range        : [ 0.05, 1 ]
  RHS coefficient range       : [ 9.06282e-10, 1 ]
Objective value for Line heur k = 49: 4243059.453603677
41
Actual reward of current solution: 30181935.198024675
Minimum Difference with past solutions:0.0.
New solution equals old solution at k=49
40
Total Reward at the start of the inner iterations: 30181935.198024675
Gurobi status: 2

Statistics for model Linearization Heuristic :
  Linear constraint matrix    : 7992 Constrs, 4860 Vars, 1567965 NZs
  Matrix coefficient range    : [ 1.00002e-13, 1 ]
  Objective coefficient range : [ 4.97406e-22, 2.65622e+08 ]
  Variable bound range        : [ 0.05, 1 ]
  RHS coefficient range       : [ 1.88093e-09, 1 ]
Objective value for Line heur k = 50: 4172431.226588251
40
Actual reward of current solution: 30181935.198024675
Minimum Difference with past solutions:0.0.
New solution equals old solution at k=50
39
Total Reward at the start of the inner iterations: 30181935.198024675
Gurobi status: 2

Statistics for model Linearization Heuristic :
  Linear constraint matrix    : 7827 Constrs, 4770 Vars, 1504426 NZs
  Matrix coefficient range    : [ 1.00002e-13, 1 ]
  Objective coefficient range : [ 4.97406e-22, 2.65622e+08 ]
  Variable bound range        : [ 0.05, 1 ]
  RHS coefficient range       : [ 2.66795e-09, 1 ]
Objective value for Line heur k = 51: 4101280.040541118
39
Actual reward of current solution: 30181935.198024675
Minimum Difference with past solutions:0.0.
New solution equals old solution at k=51
38
Total Reward at the start of the inner iterations: 30181935.198024675
Gurobi status: 2

Statistics for model Linearization Heuristic :
  Linear constraint matrix    : 7662 Constrs, 4680 Vars, 1442123 NZs
  Matrix coefficient range    : [ 1.00002e-13, 1 ]
  Objective coefficient range : [ 4.97406e-22, 2.65622e+08 ]
  Variable bound range        : [ 0.05, 1 ]
  RHS coefficient range       : [ 3.29427e-09, 1 ]
Objective value for Line heur k = 52: 4029633.423994087
38
Actual reward of current solution: 30181935.198024675
Minimum Difference with past solutions:0.0.
New solution equals old solution at k=52
37
Total Reward at the start of the inner iterations: 30181935.198024675
Gurobi status: 2

Statistics for model Linearization Heuristic :
  Linear constraint matrix    : 7497 Constrs, 4590 Vars, 1381056 NZs
  Matrix coefficient range    : [ 1.00002e-13, 1 ]
  Objective coefficient range : [ 4.97406e-22, 2.65622e+08 ]
  Variable bound range        : [ 0.05, 1 ]
  RHS coefficient range       : [ 3.78416e-09, 1 ]
Objective value for Line heur k = 53: 3957516.633449906
37
Actual reward of current solution: 30181935.198024675
Minimum Difference with past solutions:0.0.
New solution equals old solution at k=53
36
Total Reward at the start of the inner iterations: 30181935.198024675
Gurobi status: 2

Statistics for model Linearization Heuristic :
  Linear constraint matrix    : 7332 Constrs, 4500 Vars, 1321224 NZs
  Matrix coefficient range    : [ 1.00002e-13, 1 ]
  Objective coefficient range : [ 4.97406e-22, 2.65622e+08 ]
  Variable bound range        : [ 0.05, 1 ]
  RHS coefficient range       : [ 4.15892e-09, 1 ]
Objective value for Line heur k = 54: 3884953.3126705256
36
Actual reward of current solution: 30181935.198024675
Minimum Difference with past solutions:0.0.
New solution equals old solution at k=54
35
Total Reward at the start of the inner iterations: 30181935.198024675
Gurobi status: 2

Statistics for model Linearization Heuristic :
  Linear constraint matrix    : 7167 Constrs, 4410 Vars, 1262627 NZs
  Matrix coefficient range    : [ 1.00002e-13, 1 ]
  Objective coefficient range : [ 4.97406e-22, 2.65622e+08 ]
  Variable bound range        : [ 0.05, 1 ]
  RHS coefficient range       : [ 4.437e-09, 1 ]
Objective value for Line heur k = 55: 3811965.8641016055
35
Actual reward of current solution: 30181935.198024675
Minimum Difference with past solutions:0.0.
New solution equals old solution at k=55
34
Total Reward at the start of the inner iterations: 30181935.198024675
Gurobi status: 2

Statistics for model Linearization Heuristic :
  Linear constraint matrix    : 7002 Constrs, 4320 Vars, 1205320 NZs
  Matrix coefficient range    : [ 1.00002e-13, 1 ]
  Objective coefficient range : [ 4.97406e-22, 2.65622e+08 ]
  Variable bound range        : [ 0.05, 1 ]
  RHS coefficient range       : [ 4.63424e-09, 0.290056 ]
Objective value for Line heur k = 56: 3738575.6588994004
34
Actual reward of current solution: 30181935.198024675
Minimum Difference with past solutions:0.0.
New solution equals old solution at k=56
33
Total Reward at the start of the inner iterations: 30181935.198024675
Gurobi status: 2

Statistics for model Linearization Heuristic :
  Linear constraint matrix    : 6891 Constrs, 4230 Vars, 1149249 NZs
  Matrix coefficient range    : [ 1.00002e-13, 1 ]
  Objective coefficient range : [ 4.97406e-22, 2.65622e+08 ]
  Variable bound range        : [ 0.05, 1 ]
  RHS coefficient range       : [ 4.76413e-09, 1 ]
Objective value for Line heur k = 57: 3664803.1571130287
33
Actual reward of current solution: 30181935.198024675
Minimum Difference with past solutions:0.0.
New solution equals old solution at k=57
32
Total Reward at the start of the inner iterations: 30181935.198024675
Gurobi status: 2

Statistics for model Linearization Heuristic :
  Linear constraint matrix    : 6726 Constrs, 4140 Vars, 1094359 NZs
  Matrix coefficient range    : [ 1.00002e-13, 1 ]
  Objective coefficient range : [ 4.97406e-22, 2.65622e+08 ]
  Variable bound range        : [ 0.05, 1 ]
  RHS coefficient range       : [ 4.83818e-09, 1 ]
Objective value for Line heur k = 58: 3590667.978452872
32
Actual reward of current solution: 30181935.198024675
Minimum Difference with past solutions:0.0.
New solution equals old solution at k=58
31
Total Reward at the start of the inner iterations: 30181935.198024675
Gurobi status: 2

Statistics for model Linearization Heuristic :
  Linear constraint matrix    : 6561 Constrs, 4050 Vars, 1040705 NZs
  Matrix coefficient range    : [ 1.00002e-13, 1 ]
  Objective coefficient range : [ 4.97406e-22, 2.65622e+08 ]
  Variable bound range        : [ 0.05, 1 ]
  RHS coefficient range       : [ 4.86614e-09, 1 ]
Objective value for Line heur k = 59: 3516188.946416096
31
Actual reward of current solution: 30181935.198024675
Minimum Difference with past solutions:0.0.
New solution equals old solution at k=59
30
Total Reward at the start of the inner iterations: 30181935.198024675
Gurobi status: 2

Statistics for model Linearization Heuristic :
  Linear constraint matrix    : 6396 Constrs, 3960 Vars, 988287 NZs
  Matrix coefficient range    : [ 1.00002e-13, 1 ]
  Objective coefficient range : [ 4.97406e-22, 2.65622e+08 ]
  Variable bound range        : [ 0.05, 1 ]
  RHS coefficient range       : [ 4.85626e-09, 1 ]
Objective value for Line heur k = 60: 3441384.118513449
30
Actual reward of current solution: 30181935.198024675
Minimum Difference with past solutions:0.0.
New solution equals old solution at k=60
29
Total Reward at the start of the inner iterations: 30181935.198024675
Gurobi status: 2

Statistics for model Linearization Heuristic :
  Linear constraint matrix    : 6231 Constrs, 3870 Vars, 937105 NZs
  Matrix coefficient range    : [ 1.00002e-13, 1 ]
  Objective coefficient range : [ 4.97406e-22, 2.65622e+08 ]
  Variable bound range        : [ 0.05, 1 ]
  RHS coefficient range       : [ 4.81553e-09, 1 ]
Objective value for Line heur k = 61: 3366270.8096504617
29
Actual reward of current solution: 30181935.198024675
Minimum Difference with past solutions:0.0.
New solution equals old solution at k=61
28
Total Reward at the start of the inner iterations: 30181935.198024675
Gurobi status: 2

Statistics for model Linearization Heuristic :
  Linear constraint matrix    : 6066 Constrs, 3780 Vars, 887159 NZs
  Matrix coefficient range    : [ 1.00002e-13, 1 ]
  Objective coefficient range : [ 4.97406e-22, 2.65622e+08 ]
  Variable bound range        : [ 0.05, 1 ]
  RHS coefficient range       : [ 4.74988e-09, 1 ]
Objective value for Line heur k = 62: 3290865.612491581
28
Actual reward of current solution: 30181935.198024675
Minimum Difference with past solutions:0.0.
New solution equals old solution at k=62
27
Total Reward at the start of the inner iterations: 30181935.198024675
Gurobi status: 2

Statistics for model Linearization Heuristic :
  Linear constraint matrix    : 5901 Constrs, 3690 Vars, 838448 NZs
  Matrix coefficient range    : [ 1.00002e-13, 1 ]
  Objective coefficient range : [ 4.97406e-22, 2.65622e+08 ]
  Variable bound range        : [ 0.05, 1 ]
  RHS coefficient range       : [ 4.66427e-09, 1 ]
Objective value for Line heur k = 63: 3215184.4168163715
27
Actual reward of current solution: 30181935.198024675
Minimum Difference with past solutions:0.0.
New solution equals old solution at k=63
26
Total Reward at the start of the inner iterations: 30181935.198024675
Gurobi status: 2

Statistics for model Linearization Heuristic :
  Linear constraint matrix    : 5736 Constrs, 3600 Vars, 790973 NZs
  Matrix coefficient range    : [ 1.00002e-13, 1 ]
  Objective coefficient range : [ 4.97406e-22, 2.65622e+08 ]
  Variable bound range        : [ 0.05, 1 ]
  RHS coefficient range       : [ 4.56291e-09, 1 ]
Objective value for Line heur k = 64: 3139242.4288581153
26
Actual reward of current solution: 30181935.198024675
Minimum Difference with past solutions:0.0.
New solution equals old solution at k=64
25
Total Reward at the start of the inner iterations: 30181935.198024675
Gurobi status: 2

Statistics for model Linearization Heuristic :
  Linear constraint matrix    : 5571 Constrs, 3510 Vars, 744735 NZs
  Matrix coefficient range    : [ 1.00002e-13, 1 ]
  Objective coefficient range : [ 4.97406e-22, 2.65622e+08 ]
  Variable bound range        : [ 0.05, 1 ]
  RHS coefficient range       : [ 4.44935e-09, 1 ]
Objective value for Line heur k = 65: 3063054.1910524517
25
Actual reward of current solution: 30181935.198024675
Minimum Difference with past solutions:0.0.
New solution equals old solution at k=65
24
Total Reward at the start of the inner iterations: 30181935.198024675
Gurobi status: 2

Statistics for model Linearization Heuristic :
  Linear constraint matrix    : 5406 Constrs, 3420 Vars, 699733 NZs
  Matrix coefficient range    : [ 1.00002e-13, 1 ]
  Objective coefficient range : [ 4.97406e-22, 2.65622e+08 ]
  Variable bound range        : [ 0.05, 1 ]
  RHS coefficient range       : [ 4.32656e-09, 1 ]
Objective value for Line heur k = 66: 2986633.6023203917
24
Actual reward of current solution: 30181935.198024675
Minimum Difference with past solutions:0.0.
New solution equals old solution at k=66
23
Total Reward at the start of the inner iterations: 30181935.198024675
Gurobi status: 2

Statistics for model Linearization Heuristic :
  Linear constraint matrix    : 5241 Constrs, 3330 Vars, 655967 NZs
  Matrix coefficient range    : [ 1.00002e-13, 1 ]
  Objective coefficient range : [ 4.97406e-22, 2.65622e+08 ]
  Variable bound range        : [ 0.05, 1 ]
  RHS coefficient range       : [ 4.19701e-09, 1 ]
Objective value for Line heur k = 67: 2909993.9388534115
23
Actual reward of current solution: 30181935.198024675
Minimum Difference with past solutions:0.0.
New solution equals old solution at k=67
22
Total Reward at the start of the inner iterations: 30181935.198024675
Gurobi status: 2

Statistics for model Linearization Heuristic :
  Linear constraint matrix    : 5076 Constrs, 3240 Vars, 613437 NZs
  Matrix coefficient range    : [ 1.00002e-13, 1 ]
  Objective coefficient range : [ 4.97406e-22, 2.65622e+08 ]
  Variable bound range        : [ 0.05, 1 ]
  RHS coefficient range       : [ 4.06281e-09, 1 ]
Objective value for Line heur k = 68: 2833147.8752943007
22
Actual reward of current solution: 30181935.198024675
Minimum Difference with past solutions:0.0.
New solution equals old solution at k=68
21
Total Reward at the start of the inner iterations: 30181935.198024675
Gurobi status: 2

Statistics for model Linearization Heuristic :
  Linear constraint matrix    : 4911 Constrs, 3150 Vars, 572145 NZs
  Matrix coefficient range    : [ 1.00002e-13, 1 ]
  Objective coefficient range : [ 4.97406e-22, 2.65622e+08 ]
  Variable bound range        : [ 0.05, 1 ]
  RHS coefficient range       : [ 3.92567e-09, 1 ]
Objective value for Line heur k = 69: 2756107.506179106
21
Actual reward of current solution: 30181935.198024675
Minimum Difference with past solutions:0.0.
New solution equals old solution at k=69
20
Total Reward at the start of the inner iterations: 30181935.198024675
Gurobi status: 2

Statistics for model Linearization Heuristic :
  Linear constraint matrix    : 4746 Constrs, 3060 Vars, 532143 NZs
  Matrix coefficient range    : [ 1.00002e-13, 1 ]
  Objective coefficient range : [ 4.97406e-22, 2.65622e+08 ]
  Variable bound range        : [ 0.05, 1 ]
  RHS coefficient range       : [ 3.78705e-09, 0.289978 ]
Objective value for Line heur k = 70: 2678884.367502008
20
Actual reward of current solution: 30181935.198024675
Minimum Difference with past solutions:0.0.
New solution equals old solution at k=70
19
Total Reward at the start of the inner iterations: 30181935.198024675
Gurobi status: 2

Statistics for model Linearization Heuristic :
  Linear constraint matrix    : 4635 Constrs, 2970 Vars, 493378 NZs
  Matrix coefficient range    : [ 1.00002e-13, 1 ]
  Objective coefficient range : [ 4.97406e-22, 2.65622e+08 ]
  Variable bound range        : [ 0.05, 1 ]
  RHS coefficient range       : [ 3.64813e-09, 1 ]
Objective value for Line heur k = 71: 2601489.458275057
19
Actual reward of current solution: 30181935.198024675
Minimum Difference with past solutions:0.0.
New solution equals old solution at k=71
18
Total Reward at the start of the inner iterations: 30181935.198024675
Gurobi status: 2

Statistics for model Linearization Heuristic :
  Linear constraint matrix    : 4470 Constrs, 2880 Vars, 455796 NZs
  Matrix coefficient range    : [ 1.00002e-13, 1 ]
  Objective coefficient range : [ 4.97406e-22, 2.65622e+08 ]
  Variable bound range        : [ 0.05, 1 ]
  RHS coefficient range       : [ 3.50988e-09, 1 ]
Objective value for Line heur k = 72: 2523933.261971769
18
Actual reward of current solution: 30181935.198024675
Minimum Difference with past solutions:0.0.
New solution equals old solution at k=72
17
Total Reward at the start of the inner iterations: 30181935.198024675
Gurobi status: 2

Statistics for model Linearization Heuristic :
  Linear constraint matrix    : 4305 Constrs, 2790 Vars, 419452 NZs
  Matrix coefficient range    : [ 1.00002e-13, 1 ]
  Objective coefficient range : [ 4.97406e-22, 2.65622e+08 ]
  Variable bound range        : [ 0.05, 1 ]
  RHS coefficient range       : [ 3.37311e-09, 1 ]
Objective value for Line heur k = 73: 2446225.7677653576
17
Actual reward of current solution: 30181935.198024675
Minimum Difference with past solutions:0.0.
New solution equals old solution at k=73
16
Total Reward at the start of the inner iterations: 30181935.198024675
Gurobi status: 2

Statistics for model Linearization Heuristic :
  Linear constraint matrix    : 4140 Constrs, 2700 Vars, 384345 NZs
  Matrix coefficient range    : [ 1.00002e-13, 1 ]
  Objective coefficient range : [ 4.97406e-22, 2.65622e+08 ]
  Variable bound range        : [ 0.05, 1 ]
  RHS coefficient range       : [ 3.23844e-09, 1 ]
Objective value for Line heur k = 74: 2368376.491498293
16
Actual reward of current solution: 30181935.198024675
Minimum Difference with past solutions:0.0.
New solution equals old solution at k=74
15
Total Reward at the start of the inner iterations: 30181935.198024675
Gurobi status: 2

Statistics for model Linearization Heuristic :
  Linear constraint matrix    : 3975 Constrs, 2610 Vars, 350474 NZs
  Matrix coefficient range    : [ 1.00002e-13, 1 ]
  Objective coefficient range : [ 4.97406e-22, 2.65622e+08 ]
  Variable bound range        : [ 0.05, 1 ]
  RHS coefficient range       : [ 3.10641e-09, 1 ]
Objective value for Line heur k = 75: 2290394.496352005
15
Actual reward of current solution: 30181935.198024675
Minimum Difference with past solutions:0.0.
New solution equals old solution at k=75
14
Total Reward at the start of the inner iterations: 30181935.198024675
Gurobi status: 2

Statistics for model Linearization Heuristic :
  Linear constraint matrix    : 3810 Constrs, 2520 Vars, 317838 NZs
  Matrix coefficient range    : [ 1.00002e-13, 1 ]
  Objective coefficient range : [ 4.97406e-22, 2.65622e+08 ]
  Variable bound range        : [ 0.05, 1 ]
  RHS coefficient range       : [ 2.47823e-09, 1 ]
Objective value for Line heur k = 76: 2212288.4132289947
14
Actual reward of current solution: 30181935.198024675
Minimum Difference with past solutions:0.0.
New solution equals old solution at k=76
13
Total Reward at the start of the inner iterations: 30181935.198024675
Gurobi status: 2

Statistics for model Linearization Heuristic :
  Linear constraint matrix    : 3645 Constrs, 2430 Vars, 286442 NZs
  Matrix coefficient range    : [ 1.00002e-13, 1 ]
  Objective coefficient range : [ 4.97406e-22, 2.65622e+08 ]
  Variable bound range        : [ 0.05, 1 ]
  RHS coefficient range       : [ 4.54923e-10, 1 ]
Objective value for Line heur k = 77: 2134066.4609227716
13
Actual reward of current solution: 30181935.198024675
Minimum Difference with past solutions:0.0.
New solution equals old solution at k=77
12
Total Reward at the start of the inner iterations: 30181935.198024675
Gurobi status: 2

Statistics for model Linearization Heuristic :
  Linear constraint matrix    : 3480 Constrs, 2340 Vars, 256284 NZs
  Matrix coefficient range    : [ 1.00002e-13, 1 ]
  Objective coefficient range : [ 4.97406e-22, 2.65622e+08 ]
  Variable bound range        : [ 0.05, 1 ]
  RHS coefficient range       : [ 5.43141e-10, 1 ]
Objective value for Line heur k = 78: 2055736.466250273
12
Actual reward of current solution: 30181935.198024675
Minimum Difference with past solutions:0.0.
New solution equals old solution at k=78
11
Total Reward at the start of the inner iterations: 30181935.198024675
Gurobi status: 2

Statistics for model Linearization Heuristic :
  Linear constraint matrix    : 3315 Constrs, 2250 Vars, 227361 NZs
  Matrix coefficient range    : [ 1.00002e-13, 1 ]
  Objective coefficient range : [ 4.97406e-22, 2.65622e+08 ]
  Variable bound range        : [ 0.05, 1 ]
  RHS coefficient range       : [ 2.97532e-11, 1 ]
Objective value for Line heur k = 79: 1977305.8844840857
11
Actual reward of current solution: 30181935.198024675
Minimum Difference with past solutions:0.0.
New solution equals old solution at k=79
10
Total Reward at the start of the inner iterations: 30181935.198024675
Gurobi status: 2

Statistics for model Linearization Heuristic :
  Linear constraint matrix    : 3150 Constrs, 2160 Vars, 199677 NZs
  Matrix coefficient range    : [ 1.00027e-13, 1 ]
  Objective coefficient range : [ 4.97406e-22, 2.65622e+08 ]
  Variable bound range        : [ 0.05, 1 ]
  RHS coefficient range       : [ 7.24085e-10, 1 ]
Objective value for Line heur k = 80: 1898781.8206956561
10
Actual reward of current solution: 30181935.198024675
Minimum Difference with past solutions:0.0.
New solution equals old solution at k=80
9
Total Reward at the start of the inner iterations: 30181935.198024675
Gurobi status: 2

Statistics for model Linearization Heuristic :
  Linear constraint matrix    : 2985 Constrs, 2070 Vars, 173234 NZs
  Matrix coefficient range    : [ 1.00027e-13, 1 ]
  Objective coefficient range : [ 4.97406e-22, 2.65622e+08 ]
  Variable bound range        : [ 0.05, 1 ]
  RHS coefficient range       : [ 1.52686e-09, 1 ]
Objective value for Line heur k = 81: 1820171.0530888212
9
Actual reward of current solution: 30181935.198024675
Minimum Difference with past solutions:0.0.
New solution equals old solution at k=81
8
Total Reward at the start of the inner iterations: 30181935.198024675
Gurobi status: 2

Statistics for model Linearization Heuristic :
  Linear constraint matrix    : 2820 Constrs, 1980 Vars, 148035 NZs
  Matrix coefficient range    : [ 1.00027e-13, 1 ]
  Objective coefficient range : [ 4.97406e-22, 2.65622e+08 ]
  Variable bound range        : [ 0.05, 1 ]
  RHS coefficient range       : [ 2.33194e-09, 1 ]
Objective value for Line heur k = 82: 1741480.0602089663
8
Actual reward of current solution: 30181935.198024675
Minimum Difference with past solutions:0.0.
New solution equals old solution at k=82
7
Total Reward at the start of the inner iterations: 30181935.198024675
Gurobi status: 2

Statistics for model Linearization Heuristic :
  Linear constraint matrix    : 2655 Constrs, 1890 Vars, 124080 NZs
  Matrix coefficient range    : [ 1.00027e-13, 1 ]
  Objective coefficient range : [ 4.97406e-22, 2.65622e+08 ]
  Variable bound range        : [ 0.05, 1 ]
  RHS coefficient range       : [ 3.141e-09, 1 ]
Objective value for Line heur k = 83: 1662715.0553061406
7
Actual reward of current solution: 30181935.198024675
Minimum Difference with past solutions:0.0.
New solution equals old solution at k=83
6
Total Reward at the start of the inner iterations: 30181935.198024675
Gurobi status: 2

Statistics for model Linearization Heuristic :
  Linear constraint matrix    : 2490 Constrs, 1800 Vars, 101430 NZs
  Matrix coefficient range    : [ 1.00027e-13, 1 ]
  Objective coefficient range : [ 4.97406e-22, 2.65622e+08 ]
  Variable bound range        : [ 0.05, 1 ]
  RHS coefficient range       : [ 3.95698e-09, 0.289928 ]
Objective value for Line heur k = 84: 1583882.0335426156
6
Actual reward of current solution: 30181935.198024675
Minimum Difference with past solutions:0.0.
New solution equals old solution at k=84
5
Total Reward at the start of the inner iterations: 30181935.198024675
Gurobi status: 2

Statistics for model Linearization Heuristic :
  Linear constraint matrix    : 2379 Constrs, 1710 Vars, 80046 NZs
  Matrix coefficient range    : [ 1.00027e-13, 1 ]
  Objective coefficient range : [ 4.97406e-22, 2.65622e+08 ]
  Variable bound range        : [ 0.05, 1 ]
  RHS coefficient range       : [ 4.78492e-09, 1 ]
Objective value for Line heur k = 85: 1504986.841916189
5
Actual reward of current solution: 30181935.198024675
Minimum Difference with past solutions:0.0.
New solution equals old solution at k=85
4
Total Reward at the start of the inner iterations: 30181935.198024675
Gurobi status: 2

Statistics for model Linearization Heuristic :
  Linear constraint matrix    : 2214 Constrs, 1620 Vars, 59902 NZs
  Matrix coefficient range    : [ 1.00027e-13, 1 ]
  Objective coefficient range : [ 4.97406e-22, 2.65622e+08 ]
  Variable bound range        : [ 0.05, 1 ]
  RHS coefficient range       : [ 5.63362e-09, 1 ]
Objective value for Line heur k = 86: 1426035.2890200538
4
Actual reward of current solution: 30181935.198024675
Minimum Difference with past solutions:0.0.
New solution equals old solution at k=86
3
Total Reward at the start of the inner iterations: 30181935.198024675
Gurobi status: 2

Statistics for model Linearization Heuristic :
  Linear constraint matrix    : 2049 Constrs, 1530 Vars, 41122 NZs
  Matrix coefficient range    : [ 1.0038e-13, 1 ]
  Objective coefficient range : [ 4.97406e-22, 2.65622e+08 ]
  Variable bound range        : [ 0.05, 1 ]
  RHS coefficient range       : [ 6.51829e-09, 1 ]
Objective value for Line heur k = 87: 1347033.3243335886
3
Actual reward of current solution: 30181935.198024675
Minimum Difference with past solutions:0.0.
New solution equals old solution at k=87
2
Total Reward at the start of the inner iterations: 30181935.198024675
Gurobi status: 2

Statistics for model Linearization Heuristic :
  Linear constraint matrix    : 1884 Constrs, 1440 Vars, 23919 NZs
  Matrix coefficient range    : [ 1.01729e-13, 1 ]
  Objective coefficient range : [ 4.97406e-22, 2.65622e+08 ]
  Variable bound range        : [ 0.05, 1 ]
  RHS coefficient range       : [ 7.46533e-09, 1 ]
Objective value for Line heur k = 88: 1267987.338547716
2
Actual reward of current solution: 30181935.198024675
Minimum Difference with past solutions:0.0.
New solution equals old solution at k=88
1
Total Reward at the start of the inner iterations: 30181935.198024675
Gurobi status: 2

Statistics for model Linearization Heuristic :
  Linear constraint matrix    : 1719 Constrs, 1350 Vars, 11833 NZs
  Matrix coefficient range    : [ 1.0694e-13, 1 ]
  Objective coefficient range : [ 6.93889e-18, 2.65622e+08 ]
  Variable bound range        : [ 0.05, 1 ]
  RHS coefficient range       : [ 8.52054e-09, 1 ]
Objective value for Line heur k = 89: 1188904.6742601108
1
Actual reward of current solution: 30181935.198024675
Minimum Difference with past solutions:0.0.
New solution equals old solution at k=89
0
Total Reward at the start of the inner iterations: 30181935.198024675
Gurobi status: 2

Statistics for model Linearization Heuristic :
  Linear constraint matrix    : 1554 Constrs, 1260 Vars, 2709 NZs
  Matrix coefficient range    : [ 0.288979, 1 ]
  Objective coefficient range : [ 6.93889e-18, 2.65622e+08 ]
  Variable bound range        : [ 0.05, 1 ]
  RHS coefficient range       : [ 9.76331e-09, 0.289915 ]
Objective value for Line heur k = 90: 1109794.50200111
0
Actual reward of current solution: 30181935.198024675
Minimum Difference with past solutions:0.0.
New solution equals old solution at k=90
0
Total Reward at the start of the inner iterations: 30181935.198024675
Gurobi status: 2

Statistics for model Linearization Heuristic :
  Linear constraint matrix    : 1443 Constrs, 1170 Vars, 2457 NZs
  Matrix coefficient range    : [ 0.317935, 1 ]
  Objective coefficient range : [ 6.93889e-18, 2.65622e+08 ]
  Variable bound range        : [ 0.05, 1 ]
  RHS coefficient range       : [ 9.76331e-09, 0.289915 ]
Objective value for Line heur k = 91: 1030523.46131775
0
Actual reward of current solution: 30181935.198024675
Minimum Difference with past solutions:0.0.
New solution equals old solution at k=91
0
Total Reward at the start of the inner iterations: 30181935.198024675
Gurobi status: 2

Statistics for model Linearization Heuristic :
  Linear constraint matrix    : 1332 Constrs, 1080 Vars, 2214 NZs
  Matrix coefficient range    : [ 0.349792, 1 ]
  Objective coefficient range : [ 6.93889e-18, 2.65622e+08 ]
  Variable bound range        : [ 0.05, 1 ]
  RHS coefficient range       : [ 9.76331e-09, 0.289915 ]
Objective value for Line heur k = 92: 951252.4217389238
0
Actual reward of current solution: 30181935.198024675
Minimum Difference with past solutions:0.0.
New solution equals old solution at k=92
0
Total Reward at the start of the inner iterations: 30181935.198024675
Gurobi status: 2

Statistics for model Linearization Heuristic :
  Linear constraint matrix    : 1221 Constrs, 990 Vars, 1980 NZs
  Matrix coefficient range    : [ 0.384842, 1 ]
  Objective coefficient range : [ 6.93889e-18, 2.65622e+08 ]
  Variable bound range        : [ 0.05, 1 ]
  RHS coefficient range       : [ 9.76331e-09, 0.289915 ]
Objective value for Line heur k = 93: 871981.3832111739
0
Actual reward of current solution: 30181935.198024675
Minimum Difference with past solutions:0.0.
New solution equals old solution at k=93
0
Total Reward at the start of the inner iterations: 30181935.198024675
Gurobi status: 2

Statistics for model Linearization Heuristic :
  Linear constraint matrix    : 1110 Constrs, 900 Vars, 1755 NZs
  Matrix coefficient range    : [ 0.423403, 1 ]
  Objective coefficient range : [ 6.93889e-18, 2.65622e+08 ]
  Variable bound range        : [ 0.05, 1 ]
  RHS coefficient range       : [ 9.76331e-09, 0.289915 ]
Objective value for Line heur k = 94: 792710.345638738
0
Actual reward of current solution: 30181935.198024675
Minimum Difference with past solutions:0.0.
New solution equals old solution at k=94
0
Total Reward at the start of the inner iterations: 30181935.198024675
Gurobi status: 2

Statistics for model Linearization Heuristic :
  Linear constraint matrix    : 999 Constrs, 810 Vars, 1539 NZs
  Matrix coefficient range    : [ 0.465828, 1 ]
  Objective coefficient range : [ 6.93889e-18, 2.65622e+08 ]
  Variable bound range        : [ 0.05, 1 ]
  RHS coefficient range       : [ 9.76331e-09, 0.289915 ]
Objective value for Line heur k = 95: 713439.3089080402
0
Actual reward of current solution: 30181935.198024675
Minimum Difference with past solutions:0.0.
New solution equals old solution at k=95
0
Total Reward at the start of the inner iterations: 30181935.198024675
Gurobi status: 2

Statistics for model Linearization Heuristic :
  Linear constraint matrix    : 888 Constrs, 720 Vars, 1332 NZs
  Matrix coefficient range    : [ 0.512504, 1 ]
  Objective coefficient range : [ 6.93889e-18, 2.65622e+08 ]
  Variable bound range        : [ 0.05, 1 ]
  RHS coefficient range       : [ 9.76331e-09, 0.289915 ]
Objective value for Line heur k = 96: 634168.2729025907
0
Actual reward of current solution: 30181935.198024675
Minimum Difference with past solutions:0.0.
New solution equals old solution at k=96
0
Total Reward at the start of the inner iterations: 30181935.198024675
Gurobi status: 2

Statistics for model Linearization Heuristic :
  Linear constraint matrix    : 777 Constrs, 630 Vars, 1134 NZs
  Matrix coefficient range    : [ 0.563857, 1 ]
  Objective coefficient range : [ 6.93889e-18, 2.65622e+08 ]
  Variable bound range        : [ 0.05, 1 ]
  RHS coefficient range       : [ 9.76331e-09, 0.289915 ]
Objective value for Line heur k = 97: 554897.2375115304
0
Actual reward of current solution: 30181935.198024675
Minimum Difference with past solutions:0.0.
New solution equals old solution at k=97
0
Total Reward at the start of the inner iterations: 30181935.198024675
Gurobi status: 2

Statistics for model Linearization Heuristic :
  Linear constraint matrix    : 666 Constrs, 540 Vars, 945 NZs
  Matrix coefficient range    : [ 0.620356, 1 ]
  Objective coefficient range : [ 6.93889e-18, 2.65622e+08 ]
  Variable bound range        : [ 0.05, 1 ]
  RHS coefficient range       : [ 9.76331e-09, 0.289915 ]
Objective value for Line heur k = 98: 475626.202634104
0
Actual reward of current solution: 30181935.198024675
Minimum Difference with past solutions:0.0.
New solution equals old solution at k=98
0
Total Reward at the start of the inner iterations: 30181935.198024675
Gurobi status: 2

Statistics for model Linearization Heuristic :
  Linear constraint matrix    : 555 Constrs, 450 Vars, 765 NZs
  Matrix coefficient range    : [ 0.682516, 1 ]
  Objective coefficient range : [ 6.93889e-18, 2.65622e+08 ]
  Variable bound range        : [ 0.05, 1 ]
  RHS coefficient range       : [ 9.76331e-09, 0.289915 ]
Objective value for Line heur k = 99: 396355.1681815349
0
Actual reward of current solution: 30181935.198024675
Minimum Difference with past solutions:0.0.
New solution equals old solution at k=99
0
Total Reward at the start of the inner iterations: 30181935.198024675
Gurobi status: 2

Statistics for model Linearization Heuristic :
  Linear constraint matrix    : 444 Constrs, 360 Vars, 594 NZs
  Matrix coefficient range    : [ 0.750904, 1 ]
  Objective coefficient range : [ 6.93889e-18, 2.65622e+08 ]
  Variable bound range        : [ 0.05, 1 ]
  RHS coefficient range       : [ 9.76331e-09, 0.289915 ]
Objective value for Line heur k = 100: 317084.1340773338
0
Actual reward of current solution: 30181935.198024675
Minimum Difference with past solutions:0.0.
New solution equals old solution at k=100
0
Total Reward at the start of the inner iterations: 30181935.198024675
Gurobi status: 2

Statistics for model Linearization Heuristic :
  Linear constraint matrix    : 333 Constrs, 270 Vars, 432 NZs
  Matrix coefficient range    : [ 0.826145, 1 ]
  Objective coefficient range : [ 6.93889e-18, 2.65622e+08 ]
  Variable bound range        : [ 0.05, 1 ]
  RHS coefficient range       : [ 9.76331e-09, 0.289915 ]
Objective value for Line heur k = 101: 237813.10025670033
0
Actual reward of current solution: 30181935.198024675
Minimum Difference with past solutions:0.0.
New solution equals old solution at k=101
0
Total Reward at the start of the inner iterations: 30181935.198024675
Gurobi status: 2

Statistics for model Linearization Heuristic :
  Linear constraint matrix    : 222 Constrs, 180 Vars, 279 NZs
  Matrix coefficient range    : [ 0.908925, 1 ]
  Objective coefficient range : [ 8.84893e-06, 2.65622e+08 ]
  Variable bound range        : [ 0.05, 1 ]
  RHS coefficient range       : [ 9.76331e-09, 0.289915 ]
Objective value for Line heur k = 102: 158542.06666546123
0
Actual reward of current solution: 30181935.198024675
Minimum Difference with past solutions:0.0.
New solution equals old solution at k=102
0
Total Reward at the start of the inner iterations: 30181935.198024675
Gurobi status: 2

Statistics for model Linearization Heuristic :
  Linear constraint matrix    : 111 Constrs, 90 Vars, 135 NZs
  Matrix coefficient range    : [ 1, 1 ]
  Objective coefficient range : [ 381.732, 2.65622e+08 ]
  Variable bound range        : [ 0.05, 1 ]
  RHS coefficient range       : [ 9.76331e-09, 0.289915 ]
Objective value for Line heur k = 103: 79271.03325880838
0
Actual reward of current solution: 30181935.198024675
Minimum Difference with past solutions:0.0.
New solution equals old solution at k=103
Total running time for 90 days is 1874.1493322849274
Economic Value: 55485450.306222804
Deaths 0.0970267617619396
Total Reward 30181935.198024675
