{'groups': 'all', 'params_to_try': {'delta_schooling': [0.5], 'xi': [0, 371990.3, 929975.75, 1859951.5, 3719903, 5579854.5], 'icus': [2900], 'tests': [[60000, 0]], 'testing': ['homogeneous'], 'eta': [0.1]}}
{'groups': 'all', 'params_to_try': {'delta_schooling': [0.5], 'xi': [0, 371990.3, 929975.75, 1859951.5, 3719903, 5579854.5], 'icus': [2900], 'tests': [[60000, 0]], 'testing': ['homogeneous'], 'eta': [0.1]}}
{'groups': 'all', 'params_to_try': {'delta_schooling': [0.6322329955787785], 'icus': [2900], 'eta': [0.11406568462737464], 'tests': [[60000, 0]], 'xi': [0.0], 'testing': ['homogeneous']}}
results/time_gradient/xi-0_icus-2900_testing-homogeneous_natests-0_nmtests-60000_T-90_startday-0_groups-all_dschool-0.632233_eta-0.114066_freq-90-14_initParamVarying-multiplier_beta_randomInstance-33.yaml
{'groups': 'all', 'params_to_try': {'delta_schooling': [0.5], 'xi': [0, 371990.3, 929975.75, 1859951.5, 3719903, 5579854.5], 'icus': [2900], 'tests': [[60000, 0]], 'testing': ['homogeneous'], 'eta': [0.1]}}
{'groups': 'all', 'params_to_try': {'delta_schooling': [0.5], 'xi': [0, 371990.3, 929975.75, 1859951.5, 3719903, 5579854.5], 'icus': [2900], 'tests': [[60000, 0]], 'testing': ['homogeneous'], 'eta': [0.1]}}
{'groups': 'all', 'params_to_try': {'delta_schooling': [0.6322329955787785], 'icus': [2900], 'eta': [0.11406568462737464], 'tests': [[60000, 0]], 'xi': [0.0], 'testing': ['homogeneous']}}
results/dynamic_gradient/xi-0_icus-2900_testing-homogeneous_natests-0_nmtests-60000_T-90_startday-0_groups-all_dschool-0.632233_eta-0.114066_freq-90-14_initParamVarying-multiplier_beta_randomInstance-33.yaml
500
(0.5, 0.0, 0.29, 6.0, (7, 14), 'fitted-scaled', 'econ-scaled', 'oct21-scaled', 0.1, 0.05, 2, 'dynamic_gradient', 33, 'multiplier_beta')
The value of T is: 104
Missing starting point -- Running the initial heuristic.
/home/groups/daniancu/covid-optimization/covid-optimization
90
Total Reward at the start of the inner iterations: 62700459.813620046
Using license file /share/software/user/restricted/gurobi/9.0.3_py36/licenses/gurobi.lic
Set parameter TokenServer to value license4.stanford.edu
Gurobi status: 2

Statistics for model Linearization Heuristic :
  Linear constraint matrix    : 17520 Constrs, 9360 Vars, 7166187 NZs
  Matrix coefficient range    : [ 1.00008e-13, 1 ]
  Objective coefficient range : [ 7.57222e-21, 5.22844e+06 ]
  Variable bound range        : [ 0.05, 1 ]
  RHS coefficient range       : [ 3.28493e-07, 6 ]
Objective value for Line heur k = 0: 22007599.2394055
90
Actual reward of current solution: 62739872.88636562
Minimum Difference with past solutions:0.10000000000000006.
Gurobi status: 2

Statistics for model Linearization Heuristic :
  Linear constraint matrix    : 17520 Constrs, 9360 Vars, 7164577 NZs
  Matrix coefficient range    : [ 1.00002e-13, 1 ]
  Objective coefficient range : [ 1.04094e-20, 5.22844e+06 ]
  Variable bound range        : [ 0.05, 1.26667 ]
  RHS coefficient range       : [ 2.56834e-07, 6 ]
Objective value for Line heur k = 0: 22049171.289419726
90
Actual reward of current solution: 62779294.78035028
Minimum Difference with past solutions:0.10000000000000006.
Gurobi status: 2

Statistics for model Linearization Heuristic :
  Linear constraint matrix    : 17520 Constrs, 9360 Vars, 7147713 NZs
  Matrix coefficient range    : [ 1.00002e-13, 1 ]
  Objective coefficient range : [ 1.11752e-20, 5.22844e+06 ]
  Variable bound range        : [ 0.05, 1.56667 ]
  RHS coefficient range       : [ 2.55186e-07, 6 ]
Objective value for Line heur k = 0: 22090016.844935812
90
Actual reward of current solution: 62818478.27718197
Minimum Difference with past solutions:0.10000000000000006.
Gurobi status: 2

Statistics for model Linearization Heuristic :
  Linear constraint matrix    : 17520 Constrs, 9360 Vars, 6690456 NZs
  Matrix coefficient range    : [ 1.00029e-13, 1 ]
  Objective coefficient range : [ 4.84515e-21, 5.22844e+06 ]
  Variable bound range        : [ 0.05, 1.86667 ]
  RHS coefficient range       : [ 7.05746e-08, 6 ]
Objective value for Line heur k = 0: 22129330.571507625
90
Actual reward of current solution: 62857529.48567182
Minimum Difference with past solutions:0.10000000000000006.
Gurobi status: 2

Statistics for model Linearization Heuristic :
  Linear constraint matrix    : 17520 Constrs, 9360 Vars, 6690192 NZs
  Matrix coefficient range    : [ 1e-13, 1 ]
  Objective coefficient range : [ 2.47933e-21, 5.22844e+06 ]
  Variable bound range        : [ 0.05, 2.16667 ]
  RHS coefficient range       : [ 5.04618e-08, 6 ]
Objective value for Line heur k = 0: 22168490.795448888
90
Actual reward of current solution: 62896579.084478416
Minimum Difference with past solutions:0.10000000000000009.
Gurobi status: 2

Statistics for model Linearization Heuristic :
  Linear constraint matrix    : 17520 Constrs, 9360 Vars, 6680562 NZs
  Matrix coefficient range    : [ 1.00005e-13, 1 ]
  Objective coefficient range : [ 1.0282e-21, 5.22844e+06 ]
  Variable bound range        : [ 0.05, 2.46667 ]
  RHS coefficient range       : [ 2.06246e-07, 6 ]
Objective value for Line heur k = 0: 22207646.26117384
90
Actual reward of current solution: 62935626.9106527
Minimum Difference with past solutions:0.10000000000000006.
Gurobi status: 2

Statistics for model Linearization Heuristic :
  Linear constraint matrix    : 17520 Constrs, 9360 Vars, 6680395 NZs
  Matrix coefficient range    : [ 1.00029e-13, 1 ]
  Objective coefficient range : [ 2.55535e-21, 5.22844e+06 ]
  Variable bound range        : [ 0.05, 2.76667 ]
  RHS coefficient range       : [ 3.45195e-07, 6 ]
Objective value for Line heur k = 0: 22246799.67961212
90
Actual reward of current solution: 62974673.140344776
Minimum Difference with past solutions:0.10000000000000006.
Gurobi status: 2

Statistics for model Linearization Heuristic :
  Linear constraint matrix    : 17520 Constrs, 9360 Vars, 6679515 NZs
  Matrix coefficient range    : [ 1.00023e-13, 1 ]
  Objective coefficient range : [ 6.42275e-21, 5.22844e+06 ]
  Variable bound range        : [ 0.05, 3.06667 ]
  RHS coefficient range       : [ 3.52947e-07, 6 ]
Objective value for Line heur k = 0: 22285950.776299827
90
Actual reward of current solution: 63013717.04787924
Minimum Difference with past solutions:0.10000000000000006.
Gurobi status: 2

Statistics for model Linearization Heuristic :
  Linear constraint matrix    : 17520 Constrs, 9360 Vars, 6650323 NZs
  Matrix coefficient range    : [ 1.00133e-13, 1 ]
  Objective coefficient range : [ 4.52606e-21, 5.22844e+06 ]
  Variable bound range        : [ 0.05, 3.36667 ]
  RHS coefficient range       : [ 3.61974e-07, 6 ]
Objective value for Line heur k = 0: 22325150.660521377
90
Actual reward of current solution: 63052773.30877801
Minimum Difference with past solutions:0.10000000000000006.
Gurobi status: 2

Statistics for model Linearization Heuristic :
  Linear constraint matrix    : 17520 Constrs, 9360 Vars, 6573659 NZs
  Matrix coefficient range    : [ 1.00123e-13, 1 ]
  Objective coefficient range : [ 5.59385e-21, 5.22844e+06 ]
  Variable bound range        : [ 0.05, 3.66667 ]
  RHS coefficient range       : [ 3.65709e-07, 6 ]
Objective value for Line heur k = 0: 22364304.063465048
90
Actual reward of current solution: 63091832.85922628
Minimum Difference with past solutions:0.1.
Gurobi status: 2

Statistics for model Linearization Heuristic :
  Linear constraint matrix    : 17520 Constrs, 9360 Vars, 6571078 NZs
  Matrix coefficient range    : [ 1.00001e-13, 1 ]
  Objective coefficient range : [ 3.00785e-21, 5.22844e+06 ]
  Variable bound range        : [ 0.05, 3.96667 ]
  RHS coefficient range       : [ 3.12684e-07, 6 ]
Objective value for Line heur k = 0: 22403435.368040666
90
Actual reward of current solution: 63130891.7956589
Minimum Difference with past solutions:0.1.
Gurobi status: 2

Statistics for model Linearization Heuristic :
  Linear constraint matrix    : 17520 Constrs, 9360 Vars, 6565944 NZs
  Matrix coefficient range    : [ 1.00032e-13, 1 ]
  Objective coefficient range : [ 5.00726e-21, 5.22844e+06 ]
  Variable bound range        : [ 0.05, 4.26667 ]
  RHS coefficient range       : [ 1.28305e-07, 6 ]
Objective value for Line heur k = 0: 22442566.459079333
90
Actual reward of current solution: 63169950.292448655
Minimum Difference with past solutions:0.1.
Gurobi status: 2

Statistics for model Linearization Heuristic :
  Linear constraint matrix    : 17520 Constrs, 9360 Vars, 6551528 NZs
  Matrix coefficient range    : [ 1.00016e-13, 1 ]
  Objective coefficient range : [ 1.06229e-20, 5.22844e+06 ]
  Variable bound range        : [ 0.05, 4.56667 ]
  RHS coefficient range       : [ 4.58338e-08, 6 ]
Objective value for Line heur k = 0: 22481631.333629146
90
Actual reward of current solution: 63209008.5703395
Minimum Difference with past solutions:0.10000000000000012.
Gurobi status: 2

Statistics for model Linearization Heuristic :
  Linear constraint matrix    : 17520 Constrs, 9360 Vars, 6551094 NZs
  Matrix coefficient range    : [ 1.00119e-13, 1 ]
  Objective coefficient range : [ 8.49644e-21, 5.22844e+06 ]
  Variable bound range        : [ 0.05, 4.86667 ]
  RHS coefficient range       : [ 2.10061e-07, 6 ]
Objective value for Line heur k = 0: 22520760.90364113
90
Actual reward of current solution: 63248066.65824102
Minimum Difference with past solutions:0.1.
Gurobi status: 2

Statistics for model Linearization Heuristic :
  Linear constraint matrix    : 17520 Constrs, 9360 Vars, 6550559 NZs
  Matrix coefficient range    : [ 1.00009e-13, 1 ]
  Objective coefficient range : [ 2.82392e-21, 5.22844e+06 ]
  Variable bound range        : [ 0.05, 5.16667 ]
  RHS coefficient range       : [ 3.52373e-07, 6 ]
Objective value for Line heur k = 0: 22559818.448286857
90
Actual reward of current solution: 63287124.10715606
Minimum Difference with past solutions:0.10000000000000012.
Gurobi status: 2

Statistics for model Linearization Heuristic :
  Linear constraint matrix    : 17520 Constrs, 9360 Vars, 6549568 NZs
  Matrix coefficient range    : [ 1.00027e-13, 1 ]
  Objective coefficient range : [ 3.59203e-21, 5.22844e+06 ]
  Variable bound range        : [ 0.05, 5.46667 ]
  RHS coefficient range       : [ 2.10061e-07, 6 ]
Objective value for Line heur k = 0: 22598794.702913687
90
Actual reward of current solution: 63326182.33856135
Minimum Difference with past solutions:0.1.
Gurobi status: 2

Statistics for model Linearization Heuristic :
  Linear constraint matrix    : 17520 Constrs, 9360 Vars, 6547627 NZs
  Matrix coefficient range    : [ 1.00006e-13, 1 ]
  Objective coefficient range : [ 1.36219e-20, 5.22844e+06 ]
  Variable bound range        : [ 0.05, 5.76667 ]
  RHS coefficient range       : [ 3.52373e-07, 6 ]
Objective value for Line heur k = 0: 22637916.825030617
90
Actual reward of current solution: 63365239.731541276
Minimum Difference with past solutions:0.1.
Gurobi status: 2

Statistics for model Linearization Heuristic :
  Linear constraint matrix    : 17520 Constrs, 9360 Vars, 6542392 NZs
  Matrix coefficient range    : [ 1.00002e-13, 1 ]
  Objective coefficient range : [ 1.09446e-21, 5.22844e+06 ]
  Variable bound range        : [ 0.05, 6 ]
  RHS coefficient range       : [ 2.10061e-07, 6 ]
Objective value for Line heur k = 0: 22676885.644256074
90
Actual reward of current solution: 63404297.974623755
Minimum Difference with past solutions:0.1.
Gurobi status: 2

Statistics for model Linearization Heuristic :
  Linear constraint matrix    : 17520 Constrs, 9360 Vars, 6494992 NZs
  Matrix coefficient range    : [ 1.00013e-13, 1 ]
  Objective coefficient range : [ 1.96967e-21, 5.22844e+06 ]
  Variable bound range        : [ 0.05, 6 ]
  RHS coefficient range       : [ 3.52373e-07, 6 ]
Objective value for Line heur k = 0: 22716014.611778013
90
Actual reward of current solution: 63443355.34098839
Minimum Difference with past solutions:0.1.
Gurobi status: 2

Statistics for model Linearization Heuristic :
  Linear constraint matrix    : 17520 Constrs, 9360 Vars, 6495004 NZs
  Matrix coefficient range    : [ 1.005e-13, 1 ]
  Objective coefficient range : [ 4.73223e-22, 5.22844e+06 ]
  Variable bound range        : [ 0.05, 6 ]
  RHS coefficient range       : [ 2.10061e-07, 6 ]
Objective value for Line heur k = 0: 22754981.88604812
90
Actual reward of current solution: 63482413.559934
Minimum Difference with past solutions:0.09999999999999969.
Gurobi status: 2

Statistics for model Linearization Heuristic :
  Linear constraint matrix    : 17520 Constrs, 9360 Vars, 6494992 NZs
  Matrix coefficient range    : [ 1.00013e-13, 1 ]
  Objective coefficient range : [ 1.99116e-21, 5.22844e+06 ]
  Variable bound range        : [ 0.05, 6 ]
  RHS coefficient range       : [ 3.52373e-07, 6 ]
Objective value for Line heur k = 0: 22755051.878431544
90
Actual reward of current solution: 63482413.13539584
Minimum Difference with past solutions:0.049999999999999684.
Gurobi status: 2

Statistics for model Linearization Heuristic :
  Linear constraint matrix    : 17520 Constrs, 9360 Vars, 6495004 NZs
  Matrix coefficient range    : [ 1.005e-13, 1 ]
  Objective coefficient range : [ 4.76535e-22, 5.22844e+06 ]
  Variable bound range        : [ 0.05, 6 ]
  RHS coefficient range       : [ 2.10061e-07, 6 ]
Objective value for Line heur k = 0: 22754971.628758624
90
Actual reward of current solution: 63482413.559934
Minimum Difference with past solutions:0.0.
New solution equals old solution at k=0
89
Total Reward at the start of the inner iterations: 63482413.559934
Gurobi status: 2

Statistics for model Linearization Heuristic :
  Linear constraint matrix    : 17409 Constrs, 9270 Vars, 6365931 NZs
  Matrix coefficient range    : [ 1.00013e-13, 1 ]
  Objective coefficient range : [ 1.99116e-21, 5.22844e+06 ]
  Variable bound range        : [ 0.05, 6 ]
  RHS coefficient range       : [ 1.96802e-07, 6 ]
Objective value for Line heur k = 1: 22537427.01296833
89
Actual reward of current solution: 63482413.38232115
Minimum Difference with past solutions:0.05000000000000001.
Gurobi status: 2

Statistics for model Linearization Heuristic :
  Linear constraint matrix    : 17409 Constrs, 9270 Vars, 6365944 NZs
  Matrix coefficient range    : [ 1.00032e-13, 1 ]
  Objective coefficient range : [ 2.66476e-21, 5.22844e+06 ]
  Variable bound range        : [ 0.05, 6 ]
  RHS coefficient range       : [ 1.95581e-07, 6 ]
Objective value for Line heur k = 1: 22537390.78064907
89
Actual reward of current solution: 63482413.559934
Minimum Difference with past solutions:0.0.
New solution equals old solution at k=1
88
Total Reward at the start of the inner iterations: 63482413.559934
Gurobi status: 2

Statistics for model Linearization Heuristic :
  Linear constraint matrix    : 17226 Constrs, 9180 Vars, 6238071 NZs
  Matrix coefficient range    : [ 1.00013e-13, 1 ]
  Objective coefficient range : [ 1.99116e-21, 5.22844e+06 ]
  Variable bound range        : [ 0.05, 6 ]
  RHS coefficient range       : [ 3.66171e-07, 6 ]
Objective value for Line heur k = 2: 22319812.418103155
88
Actual reward of current solution: 63482413.38232115
Minimum Difference with past solutions:0.05000000000000001.
Gurobi status: 2

Statistics for model Linearization Heuristic :
  Linear constraint matrix    : 17226 Constrs, 9180 Vars, 6238084 NZs
  Matrix coefficient range    : [ 1.00032e-13, 1 ]
  Objective coefficient range : [ 2.66476e-21, 5.22844e+06 ]
  Variable bound range        : [ 0.05, 6 ]
  RHS coefficient range       : [ 3.65258e-07, 6 ]
Objective value for Line heur k = 2: 22319776.179856516
88
Actual reward of current solution: 63482413.559934
Minimum Difference with past solutions:0.0.
New solution equals old solution at k=2
87
Total Reward at the start of the inner iterations: 63482413.559934
Gurobi status: 2

Statistics for model Linearization Heuristic :
  Linear constraint matrix    : 17043 Constrs, 9090 Vars, 6111484 NZs
  Matrix coefficient range    : [ 1.00013e-13, 1 ]
  Objective coefficient range : [ 1.99116e-21, 5.22844e+06 ]
  Variable bound range        : [ 0.05, 6 ]
  RHS coefficient range       : [ 3.61937e-07, 6 ]
Objective value for Line heur k = 3: 22102165.12830907
87
Actual reward of current solution: 63482413.38232115
Minimum Difference with past solutions:0.05000000000000001.
Gurobi status: 2

Statistics for model Linearization Heuristic :
  Linear constraint matrix    : 17043 Constrs, 9090 Vars, 6111497 NZs
  Matrix coefficient range    : [ 1.00032e-13, 1 ]
  Objective coefficient range : [ 2.66476e-21, 5.22844e+06 ]
  Variable bound range        : [ 0.05, 6 ]
  RHS coefficient range       : [ 3.61035e-07, 6 ]
Objective value for Line heur k = 3: 22102128.884961803
87
Actual reward of current solution: 63482413.559934
Minimum Difference with past solutions:0.0.
New solution equals old solution at k=3
86
Total Reward at the start of the inner iterations: 63482413.559934
Gurobi status: 2

Statistics for model Linearization Heuristic :
  Linear constraint matrix    : 16860 Constrs, 9000 Vars, 5986170 NZs
  Matrix coefficient range    : [ 1.00013e-13, 1 ]
  Objective coefficient range : [ 1.99116e-21, 5.22844e+06 ]
  Variable bound range        : [ 0.05, 6 ]
  RHS coefficient range       : [ 3.57598e-07, 6 ]
Objective value for Line heur k = 4: 21884463.588366352
86
Actual reward of current solution: 63482413.38232115
Minimum Difference with past solutions:0.05000000000000001.
Gurobi status: 2

Statistics for model Linearization Heuristic :
  Linear constraint matrix    : 16860 Constrs, 9000 Vars, 5986183 NZs
  Matrix coefficient range    : [ 1.00032e-13, 1 ]
  Objective coefficient range : [ 2.66476e-21, 5.22844e+06 ]
  Variable bound range        : [ 0.05, 6 ]
  RHS coefficient range       : [ 3.56705e-07, 6 ]
Objective value for Line heur k = 4: 21884427.34045564
86
Actual reward of current solution: 63482413.559934
Minimum Difference with past solutions:0.0.
New solution equals old solution at k=4
85
Total Reward at the start of the inner iterations: 63482413.559934
Gurobi status: 2

Statistics for model Linearization Heuristic :
  Linear constraint matrix    : 16677 Constrs, 8910 Vars, 5862129 NZs
  Matrix coefficient range    : [ 1.00013e-13, 1 ]
  Objective coefficient range : [ 1.99116e-21, 5.22844e+06 ]
  Variable bound range        : [ 0.05, 6 ]
  RHS coefficient range       : [ 3.53188e-07, 6 ]
Objective value for Line heur k = 5: 21666697.971370008
85
Actual reward of current solution: 63482413.38232115
Minimum Difference with past solutions:0.05000000000000001.
Gurobi status: 2

Statistics for model Linearization Heuristic :
  Linear constraint matrix    : 16677 Constrs, 8910 Vars, 5862142 NZs
  Matrix coefficient range    : [ 1.00032e-13, 1 ]
  Objective coefficient range : [ 2.66476e-21, 5.22844e+06 ]
  Variable bound range        : [ 0.05, 6 ]
  RHS coefficient range       : [ 3.52305e-07, 6 ]
Objective value for Line heur k = 5: 21666661.719130475
85
Actual reward of current solution: 63482413.559934
Minimum Difference with past solutions:0.0.
New solution equals old solution at k=5
84
Total Reward at the start of the inner iterations: 63482413.559934
Gurobi status: 2

Statistics for model Linearization Heuristic :
  Linear constraint matrix    : 16494 Constrs, 8820 Vars, 5739361 NZs
  Matrix coefficient range    : [ 1.00013e-13, 1 ]
  Objective coefficient range : [ 1.99116e-21, 5.22844e+06 ]
  Variable bound range        : [ 0.05, 6 ]
  RHS coefficient range       : [ 3.05749e-07, 6 ]
Objective value for Line heur k = 6: 21448864.84459326
84
Actual reward of current solution: 63482413.38232115
Minimum Difference with past solutions:0.05000000000000001.
Gurobi status: 2

Statistics for model Linearization Heuristic :
  Linear constraint matrix    : 16494 Constrs, 8820 Vars, 5739374 NZs
  Matrix coefficient range    : [ 1.00032e-13, 1 ]
  Objective coefficient range : [ 2.66476e-21, 5.22844e+06 ]
  Variable bound range        : [ 0.05, 6 ]
  RHS coefficient range       : [ 3.47855e-07, 6 ]
Objective value for Line heur k = 6: 21448828.587942112
84
Actual reward of current solution: 63482413.559934
Minimum Difference with past solutions:0.0.
New solution equals old solution at k=6
83
Total Reward at the start of the inner iterations: 63482413.559934
Gurobi status: 2

Statistics for model Linearization Heuristic :
  Linear constraint matrix    : 16311 Constrs, 8730 Vars, 5617866 NZs
  Matrix coefficient range    : [ 1.00013e-13, 1 ]
  Objective coefficient range : [ 1.99116e-21, 5.22844e+06 ]
  Variable bound range        : [ 0.05, 6 ]
  RHS coefficient range       : [ 1.12661e-07, 6 ]
Objective value for Line heur k = 7: 21230964.211913865
83
Actual reward of current solution: 63482413.38232115
Minimum Difference with past solutions:0.05000000000000001.
Gurobi status: 2

Statistics for model Linearization Heuristic :
  Linear constraint matrix    : 16311 Constrs, 8730 Vars, 5617879 NZs
  Matrix coefficient range    : [ 1.00032e-13, 1 ]
  Objective coefficient range : [ 2.66476e-21, 5.22844e+06 ]
  Variable bound range        : [ 0.05, 6 ]
  RHS coefficient range       : [ 1.76203e-07, 6 ]
Objective value for Line heur k = 7: 21230927.950402994
83
Actual reward of current solution: 63482413.559934
Minimum Difference with past solutions:0.0.
New solution equals old solution at k=7
82
Total Reward at the start of the inner iterations: 63482413.559934
Gurobi status: 2

Statistics for model Linearization Heuristic :
  Linear constraint matrix    : 16128 Constrs, 8640 Vars, 5497644 NZs
  Matrix coefficient range    : [ 1.00013e-13, 1 ]
  Objective coefficient range : [ 1.99116e-21, 5.22844e+06 ]
  Variable bound range        : [ 0.05, 6 ]
  RHS coefficient range       : [ 3.86973e-08, 6 ]
Objective value for Line heur k = 8: 21012997.874280356
82
Actual reward of current solution: 63482413.38232115
Minimum Difference with past solutions:0.05000000000000001.
Gurobi status: 2

Statistics for model Linearization Heuristic :
  Linear constraint matrix    : 16128 Constrs, 8640 Vars, 5497657 NZs
  Matrix coefficient range    : [ 1.00032e-13, 1 ]
  Objective coefficient range : [ 2.66476e-21, 5.22844e+06 ]
  Variable bound range        : [ 0.05, 6 ]
  RHS coefficient range       : [ 3.44398e-08, 6 ]
Objective value for Line heur k = 8: 21012961.606980138
82
Actual reward of current solution: 63482413.559934
Minimum Difference with past solutions:0.0.
New solution equals old solution at k=8
81
Total Reward at the start of the inner iterations: 63482413.559934
Gurobi status: 2

Statistics for model Linearization Heuristic :
  Linear constraint matrix    : 15945 Constrs, 8550 Vars, 5378695 NZs
  Matrix coefficient range    : [ 1.00013e-13, 1 ]
  Objective coefficient range : [ 1.99116e-21, 5.22844e+06 ]
  Variable bound range        : [ 0.05, 6 ]
  RHS coefficient range       : [ 1.50854e-07, 6 ]
Objective value for Line heur k = 9: 20794968.522296984
81
Actual reward of current solution: 63482413.38232115
Minimum Difference with past solutions:0.05000000000000001.
Gurobi status: 2

Statistics for model Linearization Heuristic :
  Linear constraint matrix    : 15945 Constrs, 8550 Vars, 5378708 NZs
  Matrix coefficient range    : [ 1.00032e-13, 1 ]
  Objective coefficient range : [ 2.66476e-21, 5.22844e+06 ]
  Variable bound range        : [ 0.05, 6 ]
  RHS coefficient range       : [ 7.03358e-08, 6 ]
Objective value for Line heur k = 9: 20794932.247559648
81
Actual reward of current solution: 63482413.559934
Minimum Difference with past solutions:0.0.
New solution equals old solution at k=9
80
Total Reward at the start of the inner iterations: 63482413.559934
Gurobi status: 2

Statistics for model Linearization Heuristic :
  Linear constraint matrix    : 15762 Constrs, 8460 Vars, 5261019 NZs
  Matrix coefficient range    : [ 1.00013e-13, 1 ]
  Objective coefficient range : [ 1.99116e-21, 5.22844e+06 ]
  Variable bound range        : [ 0.05, 6 ]
  RHS coefficient range       : [ 2.1969e-07, 6 ]
Objective value for Line heur k = 10: 20576879.235982504
80
Actual reward of current solution: 63482413.38232115
Minimum Difference with past solutions:0.05000000000000001.
Gurobi status: 2

Statistics for model Linearization Heuristic :
  Linear constraint matrix    : 15762 Constrs, 8460 Vars, 5261032 NZs
  Matrix coefficient range    : [ 1.00032e-13, 1 ]
  Objective coefficient range : [ 2.66476e-21, 5.22844e+06 ]
  Variable bound range        : [ 0.05, 6 ]
  RHS coefficient range       : [ 1.43124e-07, 6 ]
Objective value for Line heur k = 10: 20576842.95099815
80
Actual reward of current solution: 63482413.559934
Minimum Difference with past solutions:0.0.
New solution equals old solution at k=10
79
Total Reward at the start of the inner iterations: 63482413.559934
Gurobi status: 2

Statistics for model Linearization Heuristic :
  Linear constraint matrix    : 15579 Constrs, 8370 Vars, 5144616 NZs
  Matrix coefficient range    : [ 1.00013e-13, 1 ]
  Objective coefficient range : [ 1.99116e-21, 5.22844e+06 ]
  Variable bound range        : [ 0.05, 6 ]
  RHS coefficient range       : [ 1.76115e-07, 6 ]
Objective value for Line heur k = 11: 20358733.211047586
79
Actual reward of current solution: 63482413.38232115
Minimum Difference with past solutions:0.05000000000000001.
Gurobi status: 2

Statistics for model Linearization Heuristic :
  Linear constraint matrix    : 15579 Constrs, 8370 Vars, 5144629 NZs
  Matrix coefficient range    : [ 1.00032e-13, 1 ]
  Objective coefficient range : [ 2.66476e-21, 5.22844e+06 ]
  Variable bound range        : [ 0.05, 6 ]
  RHS coefficient range       : [ 1.80544e-07, 6 ]
Objective value for Line heur k = 11: 20358696.91104224
79
Actual reward of current solution: 63482413.559934
Minimum Difference with past solutions:0.0.
New solution equals old solution at k=11
78
Total Reward at the start of the inner iterations: 63482413.559934
Gurobi status: 2

Statistics for model Linearization Heuristic :
  Linear constraint matrix    : 15396 Constrs, 8280 Vars, 5029486 NZs
  Matrix coefficient range    : [ 1.00013e-13, 1 ]
  Objective coefficient range : [ 1.99116e-21, 5.22844e+06 ]
  Variable bound range        : [ 0.05, 6 ]
  RHS coefficient range       : [ 1.36043e-07, 6 ]
Objective value for Line heur k = 12: 20140533.61088302
78
Actual reward of current solution: 63482413.38232115
Minimum Difference with past solutions:0.05000000000000001.
Gurobi status: 2

Statistics for model Linearization Heuristic :
  Linear constraint matrix    : 15396 Constrs, 8280 Vars, 5029499 NZs
  Matrix coefficient range    : [ 1.00032e-13, 1 ]
  Objective coefficient range : [ 2.66476e-21, 5.22844e+06 ]
  Variable bound range        : [ 0.05, 6 ]
  RHS coefficient range       : [ 1.42654e-07, 6 ]
Objective value for Line heur k = 12: 20140497.287695937
78
Actual reward of current solution: 63482413.559934
Minimum Difference with past solutions:0.0.
New solution equals old solution at k=12
77
Total Reward at the start of the inner iterations: 63482413.559934
Gurobi status: 2

Statistics for model Linearization Heuristic :
  Linear constraint matrix    : 15213 Constrs, 8190 Vars, 4915629 NZs
  Matrix coefficient range    : [ 1.00013e-13, 1 ]
  Objective coefficient range : [ 1.99116e-21, 5.22844e+06 ]
  Variable bound range        : [ 0.05, 6 ]
  RHS coefficient range       : [ 4.72716e-08, 6 ]
Objective value for Line heur k = 13: 19922283.487606216
77
Actual reward of current solution: 63482413.38232115
Minimum Difference with past solutions:0.05000000000000001.
Gurobi status: 2

Statistics for model Linearization Heuristic :
  Linear constraint matrix    : 15213 Constrs, 8190 Vars, 4915642 NZs
  Matrix coefficient range    : [ 1.00032e-13, 1 ]
  Objective coefficient range : [ 2.66476e-21, 5.22844e+06 ]
  Variable bound range        : [ 0.05, 6 ]
  RHS coefficient range       : [ 2.78315e-08, 6 ]
Objective value for Line heur k = 13: 19922247.12718862
77
Actual reward of current solution: 63482413.559934
Minimum Difference with past solutions:0.0.
New solution equals old solution at k=13
76
Total Reward at the start of the inner iterations: 63482413.559934
Gurobi status: 2

Statistics for model Linearization Heuristic :
  Linear constraint matrix    : 15030 Constrs, 8100 Vars, 4803117 NZs
  Matrix coefficient range    : [ 1.00013e-13, 1 ]
  Objective coefficient range : [ 1.99116e-21, 5.22844e+06 ]
  Variable bound range        : [ 0.05, 6 ]
  RHS coefficient range       : [ 7.46216e-08, 6 ]
Objective value for Line heur k = 14: 19703985.73977643
76
Actual reward of current solution: 63482413.38232115
Minimum Difference with past solutions:0.05000000000000001.
Gurobi status: 2

Statistics for model Linearization Heuristic :
  Linear constraint matrix    : 15030 Constrs, 8100 Vars, 4803130 NZs
  Matrix coefficient range    : [ 1.00032e-13, 1 ]
  Objective coefficient range : [ 2.66476e-21, 5.22844e+06 ]
  Variable bound range        : [ 0.05, 6 ]
  RHS coefficient range       : [ 8.0346e-08, 6 ]
Objective value for Line heur k = 14: 19703949.31781397
76
Actual reward of current solution: 63482413.559934
Minimum Difference with past solutions:0.0.
New solution equals old solution at k=14
75
Total Reward at the start of the inner iterations: 63482413.559934
Gurobi status: 2

Statistics for model Linearization Heuristic :
  Linear constraint matrix    : 14919 Constrs, 8010 Vars, 4691878 NZs
  Matrix coefficient range    : [ 1.00013e-13, 1 ]
  Objective coefficient range : [ 1.99116e-21, 5.22844e+06 ]
  Variable bound range        : [ 0.05, 6 ]
  RHS coefficient range       : [ 4.69355e-08, 6 ]
Objective value for Line heur k = 15: 19485643.09309195
75
Actual reward of current solution: 63482413.483311825
Minimum Difference with past solutions:0.05000000000000001.
Gurobi status: 2

Statistics for model Linearization Heuristic :
  Linear constraint matrix    : 14919 Constrs, 8010 Vars, 4691891 NZs
  Matrix coefficient range    : [ 1.00089e-13, 1 ]
  Objective coefficient range : [ 3.43967e-21, 5.22844e+06 ]
  Variable bound range        : [ 0.05, 6 ]
  RHS coefficient range       : [ 4.69355e-08, 6 ]
Objective value for Line heur k = 15: 19485629.998630848
75
Actual reward of current solution: 63482413.559934
Minimum Difference with past solutions:0.0.
New solution equals old solution at k=15
74
Total Reward at the start of the inner iterations: 63482413.559934
Gurobi status: 2

Statistics for model Linearization Heuristic :
  Linear constraint matrix    : 14736 Constrs, 7920 Vars, 4581840 NZs
  Matrix coefficient range    : [ 1.00013e-13, 1 ]
  Objective coefficient range : [ 1.99116e-21, 5.22844e+06 ]
  Variable bound range        : [ 0.05, 6 ]
  RHS coefficient range       : [ 2.25462e-08, 6 ]
Objective value for Line heur k = 16: 19267258.37277281
74
Actual reward of current solution: 63482413.483311825
Minimum Difference with past solutions:0.05000000000000001.
Gurobi status: 2

Statistics for model Linearization Heuristic :
  Linear constraint matrix    : 14736 Constrs, 7920 Vars, 4581853 NZs
  Matrix coefficient range    : [ 1.00089e-13, 1 ]
  Objective coefficient range : [ 3.43967e-21, 5.22844e+06 ]
  Variable bound range        : [ 0.05, 6 ]
  RHS coefficient range       : [ 2.26067e-08, 6 ]
Objective value for Line heur k = 16: 19267245.280652884
74
Actual reward of current solution: 63482413.559934
Minimum Difference with past solutions:0.0.
New solution equals old solution at k=16
73
Total Reward at the start of the inner iterations: 63482413.559934
Gurobi status: 2

Statistics for model Linearization Heuristic :
  Linear constraint matrix    : 14553 Constrs, 7830 Vars, 4473075 NZs
  Matrix coefficient range    : [ 1.00013e-13, 1 ]
  Objective coefficient range : [ 1.99116e-21, 5.22844e+06 ]
  Variable bound range        : [ 0.05, 6 ]
  RHS coefficient range       : [ 1.24696e-09, 6 ]
Objective value for Line heur k = 17: 19048833.998701222
73
Actual reward of current solution: 63482413.483311825
Minimum Difference with past solutions:0.05000000000000001.
Gurobi status: 2

Statistics for model Linearization Heuristic :
  Linear constraint matrix    : 14553 Constrs, 7830 Vars, 4473088 NZs
  Matrix coefficient range    : [ 1.00089e-13, 1 ]
  Objective coefficient range : [ 3.43967e-21, 5.22844e+06 ]
  Variable bound range        : [ 0.05, 6 ]
  RHS coefficient range       : [ 1.43561e-09, 6 ]
Objective value for Line heur k = 17: 19048820.90886332
73
Actual reward of current solution: 63482413.559934
Minimum Difference with past solutions:0.0.
New solution equals old solution at k=17
72
Total Reward at the start of the inner iterations: 63482413.559934
Gurobi status: 2

Statistics for model Linearization Heuristic :
  Linear constraint matrix    : 14370 Constrs, 7740 Vars, 4365583 NZs
  Matrix coefficient range    : [ 1.00013e-13, 1 ]
  Objective coefficient range : [ 1.99116e-21, 5.22844e+06 ]
  Variable bound range        : [ 0.05, 6 ]
  RHS coefficient range       : [ 1.71966e-08, 6 ]
Objective value for Line heur k = 18: 18830372.298879493
72
Actual reward of current solution: 63482413.483311825
Minimum Difference with past solutions:0.05000000000000001.
Gurobi status: 2

Statistics for model Linearization Heuristic :
  Linear constraint matrix    : 14370 Constrs, 7740 Vars, 4365596 NZs
  Matrix coefficient range    : [ 1.00089e-13, 1 ]
  Objective coefficient range : [ 3.43967e-21, 5.22844e+06 ]
  Variable bound range        : [ 0.05, 6 ]
  RHS coefficient range       : [ 1.68236e-08, 6 ]
Objective value for Line heur k = 18: 18830359.21124351
72
Actual reward of current solution: 63482413.559934
Minimum Difference with past solutions:0.0.
New solution equals old solution at k=18
71
Total Reward at the start of the inner iterations: 63482413.559934
Gurobi status: 2

Statistics for model Linearization Heuristic :
  Linear constraint matrix    : 14187 Constrs, 7650 Vars, 4259364 NZs
  Matrix coefficient range    : [ 1.00013e-13, 1 ]
  Objective coefficient range : [ 1.99116e-21, 5.22844e+06 ]
  Variable bound range        : [ 0.05, 6 ]
  RHS coefficient range       : [ 3.30285e-08, 6 ]
Objective value for Line heur k = 19: 18611875.45482305
71
Actual reward of current solution: 63482413.483311825
Minimum Difference with past solutions:0.05000000000000001.
Gurobi status: 2

Statistics for model Linearization Heuristic :
  Linear constraint matrix    : 14187 Constrs, 7650 Vars, 4259377 NZs
  Matrix coefficient range    : [ 1.00089e-13, 1 ]
  Objective coefficient range : [ 3.43967e-21, 5.22844e+06 ]
  Variable bound range        : [ 0.05, 6 ]
  RHS coefficient range       : [ 3.24306e-08, 6 ]
Objective value for Line heur k = 19: 18611862.36928292
71
Actual reward of current solution: 63482413.559934
Minimum Difference with past solutions:0.0.
New solution equals old solution at k=19
70
Total Reward at the start of the inner iterations: 63482413.559934
Gurobi status: 2

Statistics for model Linearization Heuristic :
  Linear constraint matrix    : 14004 Constrs, 7560 Vars, 4154418 NZs
  Matrix coefficient range    : [ 1.00013e-13, 1 ]
  Objective coefficient range : [ 1.99116e-21, 5.22844e+06 ]
  Variable bound range        : [ 0.05, 6 ]
  RHS coefficient range       : [ 2.05361e-08, 6 ]
Objective value for Line heur k = 20: 18393345.512440402
70
Actual reward of current solution: 63482413.483311825
Minimum Difference with past solutions:0.05000000000000001.
Gurobi status: 2

Statistics for model Linearization Heuristic :
  Linear constraint matrix    : 14004 Constrs, 7560 Vars, 4154431 NZs
  Matrix coefficient range    : [ 1.00089e-13, 1 ]
  Objective coefficient range : [ 3.43967e-21, 5.22844e+06 ]
  Variable bound range        : [ 0.05, 6 ]
  RHS coefficient range       : [ 2.75841e-08, 6 ]
Objective value for Line heur k = 20: 18393332.42885256
70
Actual reward of current solution: 63482413.559934
Minimum Difference with past solutions:0.0.
New solution equals old solution at k=20
69
Total Reward at the start of the inner iterations: 63482413.559934
Gurobi status: 2

Statistics for model Linearization Heuristic :
  Linear constraint matrix    : 13821 Constrs, 7470 Vars, 4050745 NZs
  Matrix coefficient range    : [ 1.00013e-13, 1 ]
  Objective coefficient range : [ 1.99116e-21, 5.22844e+06 ]
  Variable bound range        : [ 0.05, 6 ]
  RHS coefficient range       : [ 1.47552e-08, 6 ]
Objective value for Line heur k = 21: 18174784.39167089
69
Actual reward of current solution: 63482413.483311825
Minimum Difference with past solutions:0.05000000000000001.
Gurobi status: 2

Statistics for model Linearization Heuristic :
  Linear constraint matrix    : 13821 Constrs, 7470 Vars, 4050758 NZs
  Matrix coefficient range    : [ 1.00089e-13, 1 ]
  Objective coefficient range : [ 3.43967e-21, 5.22844e+06 ]
  Variable bound range        : [ 0.05, 6 ]
  RHS coefficient range       : [ 1.21866e-08, 6 ]
Objective value for Line heur k = 21: 18174771.309832476
69
Actual reward of current solution: 63482413.559934
Minimum Difference with past solutions:0.0.
New solution equals old solution at k=21
68
Total Reward at the start of the inner iterations: 63482413.559934
Gurobi status: 2

Statistics for model Linearization Heuristic :
  Linear constraint matrix    : 13638 Constrs, 7380 Vars, 3948345 NZs
  Matrix coefficient range    : [ 1.00013e-13, 1 ]
  Objective coefficient range : [ 1.99116e-21, 5.22844e+06 ]
  Variable bound range        : [ 0.05, 6 ]
  RHS coefficient range       : [ 5.55692e-08, 6 ]
Objective value for Line heur k = 22: 17956193.895197175
68
Actual reward of current solution: 63482413.483311825
Minimum Difference with past solutions:0.05000000000000001.
Gurobi status: 2

Statistics for model Linearization Heuristic :
  Linear constraint matrix    : 13638 Constrs, 7380 Vars, 3948358 NZs
  Matrix coefficient range    : [ 1.00089e-13, 1 ]
  Objective coefficient range : [ 3.43967e-21, 5.22844e+06 ]
  Variable bound range        : [ 0.05, 6 ]
  RHS coefficient range       : [ 4.46674e-08, 6 ]
Objective value for Line heur k = 22: 17956180.81480693
68
Actual reward of current solution: 63482413.559934
Minimum Difference with past solutions:0.0.
New solution equals old solution at k=22
67
Total Reward at the start of the inner iterations: 63482413.559934
Gurobi status: 2

Statistics for model Linearization Heuristic :
  Linear constraint matrix    : 13455 Constrs, 7290 Vars, 3847218 NZs
  Matrix coefficient range    : [ 1.00013e-13, 1 ]
  Objective coefficient range : [ 1.99116e-21, 5.22844e+06 ]
  Variable bound range        : [ 0.05, 6 ]
  RHS coefficient range       : [ 6.36195e-08, 6 ]
Objective value for Line heur k = 23: 17737575.716407776
67
Actual reward of current solution: 63482413.483311825
Minimum Difference with past solutions:0.05000000000000001.
Gurobi status: 2

Statistics for model Linearization Heuristic :
  Linear constraint matrix    : 13455 Constrs, 7290 Vars, 3847231 NZs
  Matrix coefficient range    : [ 1.00089e-13, 1 ]
  Objective coefficient range : [ 3.43967e-21, 5.22844e+06 ]
  Variable bound range        : [ 0.05, 6 ]
  RHS coefficient range       : [ 5.25723e-08, 6 ]
Objective value for Line heur k = 23: 17737562.636998113
67
Actual reward of current solution: 63482413.559934
Minimum Difference with past solutions:0.0.
New solution equals old solution at k=23
66
Total Reward at the start of the inner iterations: 63482413.559934
Gurobi status: 2

Statistics for model Linearization Heuristic :
  Linear constraint matrix    : 13272 Constrs, 7200 Vars, 3747364 NZs
  Matrix coefficient range    : [ 1.00013e-13, 1 ]
  Objective coefficient range : [ 1.99116e-21, 5.22844e+06 ]
  Variable bound range        : [ 0.05, 6 ]
  RHS coefficient range       : [ 5.9422e-08, 6 ]
Objective value for Line heur k = 24: 17518931.446716502
66
Actual reward of current solution: 63482413.483311825
Minimum Difference with past solutions:0.05000000000000001.
Gurobi status: 2

Statistics for model Linearization Heuristic :
  Linear constraint matrix    : 13272 Constrs, 7200 Vars, 3747377 NZs
  Matrix coefficient range    : [ 1.00089e-13, 1 ]
  Objective coefficient range : [ 3.43967e-21, 5.22844e+06 ]
  Variable bound range        : [ 0.05, 6 ]
  RHS coefficient range       : [ 4.72964e-08, 6 ]
Objective value for Line heur k = 24: 17518918.367535584
66
Actual reward of current solution: 63482413.559934
Minimum Difference with past solutions:0.0.
New solution equals old solution at k=24
65
Total Reward at the start of the inner iterations: 63482413.559934
Gurobi status: 2

Statistics for model Linearization Heuristic :
  Linear constraint matrix    : 13089 Constrs, 7110 Vars, 3648783 NZs
  Matrix coefficient range    : [ 1.00013e-13, 1 ]
  Objective coefficient range : [ 1.99116e-21, 5.22844e+06 ]
  Variable bound range        : [ 0.05, 6 ]
  RHS coefficient range       : [ 5.58044e-08, 6 ]
Objective value for Line heur k = 25: 17300262.58231184
65
Actual reward of current solution: 63482413.483311825
Minimum Difference with past solutions:0.05000000000000001.
Gurobi status: 2

Statistics for model Linearization Heuristic :
  Linear constraint matrix    : 13089 Constrs, 7110 Vars, 3648796 NZs
  Matrix coefficient range    : [ 1.00089e-13, 1 ]
  Objective coefficient range : [ 3.43967e-21, 5.22844e+06 ]
  Variable bound range        : [ 0.05, 6 ]
  RHS coefficient range       : [ 4.28067e-08, 6 ]
Objective value for Line heur k = 25: 17300249.502119265
65
Actual reward of current solution: 63482413.559934
Minimum Difference with past solutions:0.0.
New solution equals old solution at k=25
64
Total Reward at the start of the inner iterations: 63482413.559934
Gurobi status: 2

Statistics for model Linearization Heuristic :
  Linear constraint matrix    : 12906 Constrs, 7020 Vars, 3551475 NZs
  Matrix coefficient range    : [ 1.00013e-13, 1 ]
  Objective coefficient range : [ 1.99116e-21, 5.22844e+06 ]
  Variable bound range        : [ 0.05, 6 ]
  RHS coefficient range       : [ 5.26529e-08, 6 ]
Objective value for Line heur k = 26: 17081570.530392107
64
Actual reward of current solution: 63482413.483311825
Minimum Difference with past solutions:0.05000000000000001.
Gurobi status: 2

Statistics for model Linearization Heuristic :
  Linear constraint matrix    : 12906 Constrs, 7020 Vars, 3551488 NZs
  Matrix coefficient range    : [ 1.00089e-13, 1 ]
  Objective coefficient range : [ 3.43967e-21, 5.22844e+06 ]
  Variable bound range        : [ 0.05, 6 ]
  RHS coefficient range       : [ 2.01565e-08, 6 ]
Objective value for Line heur k = 26: 17081557.44710502
64
Actual reward of current solution: 63482413.559934
Minimum Difference with past solutions:0.0.
New solution equals old solution at k=26
63
Total Reward at the start of the inner iterations: 63482413.559934
Gurobi status: 2

Statistics for model Linearization Heuristic :
  Linear constraint matrix    : 12723 Constrs, 6930 Vars, 3455440 NZs
  Matrix coefficient range    : [ 1.00013e-13, 1 ]
  Objective coefficient range : [ 1.99116e-21, 5.22844e+06 ]
  Variable bound range        : [ 0.05, 6 ]
  RHS coefficient range       : [ 4.02601e-08, 6 ]
Objective value for Line heur k = 27: 16862856.614933517
63
Actual reward of current solution: 63482413.483311825
Minimum Difference with past solutions:0.05000000000000001.
Gurobi status: 2

Statistics for model Linearization Heuristic :
  Linear constraint matrix    : 12723 Constrs, 6930 Vars, 3455453 NZs
  Matrix coefficient range    : [ 1.00089e-13, 1 ]
  Objective coefficient range : [ 3.43967e-21, 5.22844e+06 ]
  Variable bound range        : [ 0.05, 6 ]
  RHS coefficient range       : [ 2.66495e-09, 6 ]
Objective value for Line heur k = 27: 16862843.52501365
63
Actual reward of current solution: 63482413.559934
Minimum Difference with past solutions:0.0.
New solution equals old solution at k=27
62
Total Reward at the start of the inner iterations: 63482413.559934
Gurobi status: 2

Statistics for model Linearization Heuristic :
  Linear constraint matrix    : 12540 Constrs, 6840 Vars, 3360750 NZs
  Matrix coefficient range    : [ 1.00013e-13, 1 ]
  Objective coefficient range : [ 1.99116e-21, 5.22844e+06 ]
  Variable bound range        : [ 0.05, 6 ]
  RHS coefficient range       : [ 1.93937e-08, 6 ]
Objective value for Line heur k = 28: 16644122.08203195
62
Actual reward of current solution: 63482413.483311825
Minimum Difference with past solutions:0.05000000000000001.
Gurobi status: 2

Statistics for model Linearization Heuristic :
  Linear constraint matrix    : 12540 Constrs, 6840 Vars, 3360763 NZs
  Matrix coefficient range    : [ 1.00089e-13, 1 ]
  Objective coefficient range : [ 3.43967e-21, 5.22844e+06 ]
  Variable bound range        : [ 0.05, 6 ]
  RHS coefficient range       : [ 2.35211e-08, 6 ]
Objective value for Line heur k = 28: 16644108.97942344
62
Actual reward of current solution: 63482413.559934
Minimum Difference with past solutions:0.0.
New solution equals old solution at k=28
61
Total Reward at the start of the inner iterations: 63482413.559934
Gurobi status: 2

Statistics for model Linearization Heuristic :
  Linear constraint matrix    : 12429 Constrs, 6750 Vars, 3267333 NZs
  Matrix coefficient range    : [ 1.00013e-13, 1 ]
  Objective coefficient range : [ 1.99116e-21, 5.22844e+06 ]
  Variable bound range        : [ 0.05, 6 ]
  RHS coefficient range       : [ 3.77153e-10, 6 ]
Objective value for Line heur k = 29: 16425368.09691403
61
Actual reward of current solution: 63482413.54408622
Minimum Difference with past solutions:0.05000000000000001.
Gurobi status: 2

Statistics for model Linearization Heuristic :
  Linear constraint matrix    : 12429 Constrs, 6750 Vars, 3267346 NZs
  Matrix coefficient range    : [ 1.00149e-13, 1 ]
  Objective coefficient range : [ 2.87152e-22, 5.22844e+06 ]
  Variable bound range        : [ 0.05, 6 ]
  RHS coefficient range       : [ 3.77153e-10, 6 ]
Objective value for Line heur k = 29: 16425364.439588755
61
Actual reward of current solution: 63482413.559934
Minimum Difference with past solutions:0.0.
New solution equals old solution at k=29
60
Total Reward at the start of the inner iterations: 63482413.559934
Gurobi status: 2

Statistics for model Linearization Heuristic :
  Linear constraint matrix    : 12246 Constrs, 6660 Vars, 3175117 NZs
  Matrix coefficient range    : [ 1.00013e-13, 1 ]
  Objective coefficient range : [ 1.99116e-21, 5.22844e+06 ]
  Variable bound range        : [ 0.05, 6 ]
  RHS coefficient range       : [ 1.47002e-08, 6 ]
Objective value for Line heur k = 30: 16206595.780297281
60
Actual reward of current solution: 63482413.54408622
Minimum Difference with past solutions:0.05000000000000001.
Gurobi status: 2

Statistics for model Linearization Heuristic :
  Linear constraint matrix    : 12246 Constrs, 6660 Vars, 3175130 NZs
  Matrix coefficient range    : [ 1.00149e-13, 1 ]
  Objective coefficient range : [ 2.87152e-22, 5.22844e+06 ]
  Variable bound range        : [ 0.05, 6 ]
  RHS coefficient range       : [ 1.57424e-08, 6 ]
Objective value for Line heur k = 30: 16206592.123153636
60
Actual reward of current solution: 63482413.559934
Minimum Difference with past solutions:0.0.
New solution equals old solution at k=30
59
Total Reward at the start of the inner iterations: 63482413.559934
Gurobi status: 2

Statistics for model Linearization Heuristic :
  Linear constraint matrix    : 12063 Constrs, 6570 Vars, 3084174 NZs
  Matrix coefficient range    : [ 1.00013e-13, 1 ]
  Objective coefficient range : [ 1.99116e-21, 5.22844e+06 ]
  Variable bound range        : [ 0.05, 6 ]
  RHS coefficient range       : [ 2.59396e-08, 6 ]
Objective value for Line heur k = 31: 15987806.165013367
59
Actual reward of current solution: 63482413.54408622
Minimum Difference with past solutions:0.05000000000000001.
Gurobi status: 2

Statistics for model Linearization Heuristic :
  Linear constraint matrix    : 12063 Constrs, 6570 Vars, 3084187 NZs
  Matrix coefficient range    : [ 1.00149e-13, 1 ]
  Objective coefficient range : [ 2.87152e-22, 5.22844e+06 ]
  Variable bound range        : [ 0.05, 6 ]
  RHS coefficient range       : [ 2.90239e-08, 6 ]
Objective value for Line heur k = 31: 15987802.508035071
59
Actual reward of current solution: 63482413.559934
Minimum Difference with past solutions:0.0.
New solution equals old solution at k=31
58
Total Reward at the start of the inner iterations: 63482413.559934
Gurobi status: 2

Statistics for model Linearization Heuristic :
  Linear constraint matrix    : 11880 Constrs, 6480 Vars, 2994504 NZs
  Matrix coefficient range    : [ 1.00013e-13, 1 ]
  Objective coefficient range : [ 1.99116e-21, 5.22844e+06 ]
  Variable bound range        : [ 0.05, 6 ]
  RHS coefficient range       : [ 3.13045e-08, 6 ]
Objective value for Line heur k = 32: 15769000.231743017
58
Actual reward of current solution: 63482413.54408622
Minimum Difference with past solutions:0.05000000000000001.
Gurobi status: 2

Statistics for model Linearization Heuristic :
  Linear constraint matrix    : 11880 Constrs, 6480 Vars, 2994517 NZs
  Matrix coefficient range    : [ 1.00149e-13, 1 ]
  Objective coefficient range : [ 2.87152e-22, 5.22844e+06 ]
  Variable bound range        : [ 0.05, 6 ]
  RHS coefficient range       : [ 1.22415e-08, 6 ]
Objective value for Line heur k = 32: 15768996.574910145
58
Actual reward of current solution: 63482413.559934
Minimum Difference with past solutions:0.0.
New solution equals old solution at k=32
57
Total Reward at the start of the inner iterations: 63482413.559934
Gurobi status: 2

Statistics for model Linearization Heuristic :
  Linear constraint matrix    : 11697 Constrs, 6390 Vars, 2906107 NZs
  Matrix coefficient range    : [ 1.00013e-13, 1 ]
  Objective coefficient range : [ 1.99116e-21, 5.22844e+06 ]
  Variable bound range        : [ 0.05, 6 ]
  RHS coefficient range       : [ 4.05419e-09, 6 ]
Objective value for Line heur k = 33: 15550178.90477187
57
Actual reward of current solution: 63482413.54408622
Minimum Difference with past solutions:0.05000000000000001.
Gurobi status: 2

Statistics for model Linearization Heuristic :
  Linear constraint matrix    : 11697 Constrs, 6390 Vars, 2906120 NZs
  Matrix coefficient range    : [ 1.00149e-13, 1 ]
  Objective coefficient range : [ 2.87152e-22, 5.22844e+06 ]
  Variable bound range        : [ 0.05, 6 ]
  RHS coefficient range       : [ 2.43108e-08, 6 ]
Objective value for Line heur k = 33: 15550175.248058164
57
Actual reward of current solution: 63482413.559934
Minimum Difference with past solutions:0.0.
New solution equals old solution at k=33
56
Total Reward at the start of the inner iterations: 63482413.559934
Gurobi status: 2

Statistics for model Linearization Heuristic :
  Linear constraint matrix    : 11514 Constrs, 6300 Vars, 2818983 NZs
  Matrix coefficient range    : [ 1.00013e-13, 1 ]
  Objective coefficient range : [ 1.99116e-21, 5.22844e+06 ]
  Variable bound range        : [ 0.05, 6 ]
  RHS coefficient range       : [ 1.84916e-08, 6 ]
Objective value for Line heur k = 34: 15331343.055436369
56
Actual reward of current solution: 63482413.54408622
Minimum Difference with past solutions:0.05000000000000001.
Gurobi status: 2

Statistics for model Linearization Heuristic :
  Linear constraint matrix    : 11514 Constrs, 6300 Vars, 2818996 NZs
  Matrix coefficient range    : [ 1.00149e-13, 1 ]
  Objective coefficient range : [ 2.87152e-22, 5.22844e+06 ]
  Variable bound range        : [ 0.05, 6 ]
  RHS coefficient range       : [ 3.96185e-08, 6 ]
Objective value for Line heur k = 34: 15331339.398804745
56
Actual reward of current solution: 63482413.559934
Minimum Difference with past solutions:0.0.
New solution equals old solution at k=34
55
Total Reward at the start of the inner iterations: 63482413.559934
Gurobi status: 2

Statistics for model Linearization Heuristic :
  Linear constraint matrix    : 11331 Constrs, 6210 Vars, 2733132 NZs
  Matrix coefficient range    : [ 1.00013e-13, 1 ]
  Objective coefficient range : [ 1.99116e-21, 5.22844e+06 ]
  Variable bound range        : [ 0.05, 6 ]
  RHS coefficient range       : [ 3.82672e-08, 6 ]
Objective value for Line heur k = 35: 15112493.505340198
55
Actual reward of current solution: 63482413.54408622
Minimum Difference with past solutions:0.05000000000000001.
Gurobi status: 2

Statistics for model Linearization Heuristic :
  Linear constraint matrix    : 11331 Constrs, 6210 Vars, 2733145 NZs
  Matrix coefficient range    : [ 1.00149e-13, 1 ]
  Objective coefficient range : [ 2.87152e-22, 5.22844e+06 ]
  Variable bound range        : [ 0.05, 6 ]
  RHS coefficient range       : [ 3.89948e-08, 6 ]
Objective value for Line heur k = 35: 15112489.848734943
55
Actual reward of current solution: 63482413.559934
Minimum Difference with past solutions:0.0.
New solution equals old solution at k=35
54
Total Reward at the start of the inner iterations: 63482413.559934
Gurobi status: 2

Statistics for model Linearization Heuristic :
  Linear constraint matrix    : 11148 Constrs, 6120 Vars, 2648554 NZs
  Matrix coefficient range    : [ 1.00013e-13, 1 ]
  Objective coefficient range : [ 1.99116e-21, 5.22844e+06 ]
  Variable bound range        : [ 0.05, 6 ]
  RHS coefficient range       : [ 4.3163e-08, 6 ]
Objective value for Line heur k = 36: 14893631.029361747
54
Actual reward of current solution: 63482413.54408622
Minimum Difference with past solutions:0.05000000000000001.
Gurobi status: 2

Statistics for model Linearization Heuristic :
  Linear constraint matrix    : 11148 Constrs, 6120 Vars, 2648567 NZs
  Matrix coefficient range    : [ 1.00149e-13, 1 ]
  Objective coefficient range : [ 2.87152e-22, 5.22844e+06 ]
  Variable bound range        : [ 0.05, 6 ]
  RHS coefficient range       : [ 3.83641e-08, 6 ]
Objective value for Line heur k = 36: 14893627.372695042
54
Actual reward of current solution: 63482413.559934
Minimum Difference with past solutions:0.0.
New solution equals old solution at k=36
53
Total Reward at the start of the inner iterations: 63482413.559934
Gurobi status: 2

Statistics for model Linearization Heuristic :
  Linear constraint matrix    : 10965 Constrs, 6030 Vars, 2565249 NZs
  Matrix coefficient range    : [ 1.00013e-13, 1 ]
  Objective coefficient range : [ 1.99116e-21, 5.22844e+06 ]
  Variable bound range        : [ 0.05, 6 ]
  RHS coefficient range       : [ 4.31573e-08, 6 ]
Objective value for Line heur k = 37: 14674756.35847317
53
Actual reward of current solution: 63482413.54408622
Minimum Difference with past solutions:0.05000000000000001.
Gurobi status: 2

Statistics for model Linearization Heuristic :
  Linear constraint matrix    : 10965 Constrs, 6030 Vars, 2565262 NZs
  Matrix coefficient range    : [ 1.00149e-13, 1 ]
  Objective coefficient range : [ 2.87152e-22, 5.22844e+06 ]
  Variable bound range        : [ 0.05, 6 ]
  RHS coefficient range       : [ 3.76966e-08, 6 ]
Objective value for Line heur k = 37: 14674752.701601448
53
Actual reward of current solution: 63482413.559934
Minimum Difference with past solutions:0.0.
New solution equals old solution at k=37
52
Total Reward at the start of the inner iterations: 63482413.559934
Gurobi status: 2

Statistics for model Linearization Heuristic :
  Linear constraint matrix    : 10782 Constrs, 5940 Vars, 2483217 NZs
  Matrix coefficient range    : [ 1.00013e-13, 1 ]
  Objective coefficient range : [ 1.99116e-21, 5.22844e+06 ]
  Variable bound range        : [ 0.05, 6 ]
  RHS coefficient range       : [ 4.29994e-08, 6 ]
Objective value for Line heur k = 38: 14455870.182393178
52
Actual reward of current solution: 63482413.54408622
Minimum Difference with past solutions:0.05000000000000001.
Gurobi status: 2

Statistics for model Linearization Heuristic :
  Linear constraint matrix    : 10782 Constrs, 5940 Vars, 2483230 NZs
  Matrix coefficient range    : [ 1.00149e-13, 1 ]
  Objective coefficient range : [ 2.87152e-22, 5.22844e+06 ]
  Variable bound range        : [ 0.05, 6 ]
  RHS coefficient range       : [ 3.69793e-08, 6 ]
Objective value for Line heur k = 38: 14455866.52507574
52
Actual reward of current solution: 63482413.559934
Minimum Difference with past solutions:0.0.
New solution equals old solution at k=38
51
Total Reward at the start of the inner iterations: 63482413.559934
Gurobi status: 2

Statistics for model Linearization Heuristic :
  Linear constraint matrix    : 10599 Constrs, 5850 Vars, 2402458 NZs
  Matrix coefficient range    : [ 1.00013e-13, 1 ]
  Objective coefficient range : [ 1.99116e-21, 5.22844e+06 ]
  Variable bound range        : [ 0.05, 6 ]
  RHS coefficient range       : [ 4.26925e-08, 6 ]
Objective value for Line heur k = 39: 14236973.152099537
51
Actual reward of current solution: 63482413.54408622
Minimum Difference with past solutions:0.05000000000000001.
Gurobi status: 2

Statistics for model Linearization Heuristic :
  Linear constraint matrix    : 10599 Constrs, 5850 Vars, 2402471 NZs
  Matrix coefficient range    : [ 1.00149e-13, 1 ]
  Objective coefficient range : [ 2.87152e-22, 5.22844e+06 ]
  Variable bound range        : [ 0.05, 6 ]
  RHS coefficient range       : [ 3.62113e-08, 6 ]
Objective value for Line heur k = 39: 14236969.49392593
51
Actual reward of current solution: 63482413.559934
Minimum Difference with past solutions:0.0.
New solution equals old solution at k=39
50
Total Reward at the start of the inner iterations: 63482413.559934
Gurobi status: 2

Statistics for model Linearization Heuristic :
  Linear constraint matrix    : 10416 Constrs, 5760 Vars, 2322972 NZs
  Matrix coefficient range    : [ 1.00013e-13, 1 ]
  Objective coefficient range : [ 1.99116e-21, 5.22844e+06 ]
  Variable bound range        : [ 0.05, 6 ]
  RHS coefficient range       : [ 4.22582e-08, 6 ]
Objective value for Line heur k = 40: 14018065.882235544
50
Actual reward of current solution: 63482413.54408622
Minimum Difference with past solutions:0.05000000000000001.
Gurobi status: 2

Statistics for model Linearization Heuristic :
  Linear constraint matrix    : 10416 Constrs, 5760 Vars, 2322985 NZs
  Matrix coefficient range    : [ 1.00149e-13, 1 ]
  Objective coefficient range : [ 2.87152e-22, 5.22844e+06 ]
  Variable bound range        : [ 0.05, 6 ]
  RHS coefficient range       : [ 3.54014e-08, 6 ]
Objective value for Line heur k = 40: 14018062.222498083
50
Actual reward of current solution: 63482413.559934
Minimum Difference with past solutions:0.0.
New solution equals old solution at k=40
49
Total Reward at the start of the inner iterations: 63482413.559934
Gurobi status: 2

Statistics for model Linearization Heuristic :
  Linear constraint matrix    : 10233 Constrs, 5670 Vars, 2244759 NZs
  Matrix coefficient range    : [ 1.00013e-13, 1 ]
  Objective coefficient range : [ 1.99116e-21, 5.22844e+06 ]
  Variable bound range        : [ 0.05, 6 ]
  RHS coefficient range       : [ 4.17338e-08, 6 ]
Objective value for Line heur k = 41: 13799148.953459607
49
Actual reward of current solution: 63482413.54408622
Minimum Difference with past solutions:0.05000000000000001.
Gurobi status: 2

Statistics for model Linearization Heuristic :
  Linear constraint matrix    : 10233 Constrs, 5670 Vars, 2244772 NZs
  Matrix coefficient range    : [ 1.00149e-13, 1 ]
  Objective coefficient range : [ 2.87152e-22, 5.22844e+06 ]
  Variable bound range        : [ 0.05, 6 ]
  RHS coefficient range       : [ 3.45668e-08, 6 ]
Objective value for Line heur k = 41: 13799145.290929873
49
Actual reward of current solution: 63482413.559934
Minimum Difference with past solutions:0.0.
New solution equals old solution at k=41
48
Total Reward at the start of the inner iterations: 63482413.559934
Gurobi status: 2

Statistics for model Linearization Heuristic :
  Linear constraint matrix    : 10050 Constrs, 5580 Vars, 2167891 NZs
  Matrix coefficient range    : [ 1.00013e-13, 1 ]
  Objective coefficient range : [ 1.99116e-21, 5.22844e+06 ]
  Variable bound range        : [ 0.05, 6 ]
  RHS coefficient range       : [ 4.11726e-08, 6 ]
Objective value for Line heur k = 42: 13580222.914814346
48
Actual reward of current solution: 63482413.54408622
Minimum Difference with past solutions:0.05000000000000001.
Gurobi status: 2

Statistics for model Linearization Heuristic :
  Linear constraint matrix    : 10050 Constrs, 5580 Vars, 2167904 NZs
  Matrix coefficient range    : [ 1.00149e-13, 1 ]
  Objective coefficient range : [ 2.87152e-22, 5.22844e+06 ]
  Variable bound range        : [ 0.05, 6 ]
  RHS coefficient range       : [ 3.37326e-08, 6 ]
Objective value for Line heur k = 42: 13580219.24735155
48
Actual reward of current solution: 63482413.559934
Minimum Difference with past solutions:0.0.
New solution equals old solution at k=42
47
Total Reward at the start of the inner iterations: 63482413.559934
Gurobi status: 2

Statistics for model Linearization Heuristic :
  Linear constraint matrix    : 9939 Constrs, 5490 Vars, 2092296 NZs
  Matrix coefficient range    : [ 1.00013e-13, 1 ]
  Objective coefficient range : [ 1.99116e-21, 5.22844e+06 ]
  Variable bound range        : [ 0.05, 6 ]
  RHS coefficient range       : [ 3.9384e-08, 6 ]
Objective value for Line heur k = 43: 13361288.270349694
47
Actual reward of current solution: 63482413.559934
Minimum Difference with past solutions:0.0.
New solution equals old solution at k=43
46
Total Reward at the start of the inner iterations: 63482413.559934
Gurobi status: 2

Statistics for model Linearization Heuristic :
  Linear constraint matrix    : 9756 Constrs, 5400 Vars, 2017902 NZs
  Matrix coefficient range    : [ 1.00013e-13, 1 ]
  Objective coefficient range : [ 1.99116e-21, 5.22844e+06 ]
  Variable bound range        : [ 0.05, 6 ]
  RHS coefficient range       : [ 3.82991e-08, 6 ]
Objective value for Line heur k = 44: 13142345.521033939
46
Actual reward of current solution: 63482413.559934
Minimum Difference with past solutions:0.0.
New solution equals old solution at k=44
45
Total Reward at the start of the inner iterations: 63482413.559934
Gurobi status: 2

Statistics for model Linearization Heuristic :
  Linear constraint matrix    : 9573 Constrs, 5310 Vars, 1944781 NZs
  Matrix coefficient range    : [ 1.00013e-13, 1 ]
  Objective coefficient range : [ 1.99116e-21, 5.22844e+06 ]
  Variable bound range        : [ 0.05, 6 ]
  RHS coefficient range       : [ 3.80312e-08, 6 ]
Objective value for Line heur k = 45: 12923395.116503937
45
Actual reward of current solution: 63482413.559934
Minimum Difference with past solutions:0.0.
New solution equals old solution at k=45
44
Total Reward at the start of the inner iterations: 63482413.559934
Gurobi status: 2

Statistics for model Linearization Heuristic :
  Linear constraint matrix    : 9390 Constrs, 5220 Vars, 1872933 NZs
  Matrix coefficient range    : [ 1.00013e-13, 1 ]
  Objective coefficient range : [ 1.99116e-21, 5.22844e+06 ]
  Variable bound range        : [ 0.05, 6 ]
  RHS coefficient range       : [ 3.8413e-08, 6 ]
Objective value for Line heur k = 46: 12704437.490285983
44
Actual reward of current solution: 63482413.559934
Minimum Difference with past solutions:0.0.
New solution equals old solution at k=46
43
Total Reward at the start of the inner iterations: 63482413.559934
Gurobi status: 2

Statistics for model Linearization Heuristic :
  Linear constraint matrix    : 9207 Constrs, 5130 Vars, 1802358 NZs
  Matrix coefficient range    : [ 1.00013e-13, 1 ]
  Objective coefficient range : [ 1.99116e-21, 5.22844e+06 ]
  Variable bound range        : [ 0.05, 6 ]
  RHS coefficient range       : [ 3.92016e-08, 6 ]
Objective value for Line heur k = 47: 12485473.052453455
43
Actual reward of current solution: 63482413.559934
Minimum Difference with past solutions:0.0.
New solution equals old solution at k=47
42
Total Reward at the start of the inner iterations: 63482413.559934
Gurobi status: 2

Statistics for model Linearization Heuristic :
  Linear constraint matrix    : 9024 Constrs, 5040 Vars, 1733056 NZs
  Matrix coefficient range    : [ 1.00013e-13, 1 ]
  Objective coefficient range : [ 1.99116e-21, 5.22844e+06 ]
  Variable bound range        : [ 0.05, 6 ]
  RHS coefficient range       : [ 4.01705e-08, 6 ]
Objective value for Line heur k = 48: 12266502.190712836
42
Actual reward of current solution: 63482413.559934
Minimum Difference with past solutions:0.0.
New solution equals old solution at k=48
41
Total Reward at the start of the inner iterations: 63482413.559934
Gurobi status: 2

Statistics for model Linearization Heuristic :
  Linear constraint matrix    : 8841 Constrs, 4950 Vars, 1665027 NZs
  Matrix coefficient range    : [ 1.00013e-13, 1 ]
  Objective coefficient range : [ 1.99116e-21, 5.22844e+06 ]
  Variable bound range        : [ 0.05, 6 ]
  RHS coefficient range       : [ 4.11433e-08, 6 ]
Objective value for Line heur k = 49: 12047525.271543266
41
Actual reward of current solution: 63482413.559934
Minimum Difference with past solutions:0.0.
New solution equals old solution at k=49
40
Total Reward at the start of the inner iterations: 63482413.559934
Gurobi status: 2

Statistics for model Linearization Heuristic :
  Linear constraint matrix    : 8658 Constrs, 4860 Vars, 1598271 NZs
  Matrix coefficient range    : [ 1.00013e-13, 1 ]
  Objective coefficient range : [ 1.99116e-21, 5.22844e+06 ]
  Variable bound range        : [ 0.05, 6 ]
  RHS coefficient range       : [ 4.19998e-08, 6 ]
Objective value for Line heur k = 50: 11828542.64133798
40
Actual reward of current solution: 63482413.559934
Minimum Difference with past solutions:0.0.
New solution equals old solution at k=50
39
Total Reward at the start of the inner iterations: 63482413.559934
Gurobi status: 2

Statistics for model Linearization Heuristic :
  Linear constraint matrix    : 8475 Constrs, 4770 Vars, 1532789 NZs
  Matrix coefficient range    : [ 1.00013e-13, 1 ]
  Objective coefficient range : [ 1.99116e-21, 5.22844e+06 ]
  Variable bound range        : [ 0.05, 6 ]
  RHS coefficient range       : [ 4.26698e-08, 6 ]
Objective value for Line heur k = 51: 11609554.62752608
39
Actual reward of current solution: 63482413.559934
Minimum Difference with past solutions:0.0.
New solution equals old solution at k=51
38
Total Reward at the start of the inner iterations: 63482413.559934
Gurobi status: 2

Statistics for model Linearization Heuristic :
  Linear constraint matrix    : 8292 Constrs, 4680 Vars, 1468582 NZs
  Matrix coefficient range    : [ 1.00013e-13, 1 ]
  Objective coefficient range : [ 1.99116e-21, 5.22844e+06 ]
  Variable bound range        : [ 0.05, 6 ]
  RHS coefficient range       : [ 4.31239e-08, 6 ]
Objective value for Line heur k = 52: 11390561.539672574
38
Actual reward of current solution: 63482413.559934
Minimum Difference with past solutions:0.0.
New solution equals old solution at k=52
37
Total Reward at the start of the inner iterations: 63482413.559934
Gurobi status: 2

Statistics for model Linearization Heuristic :
  Linear constraint matrix    : 8109 Constrs, 4590 Vars, 1405652 NZs
  Matrix coefficient range    : [ 1.00013e-13, 1 ]
  Objective coefficient range : [ 1.99116e-21, 5.22844e+06 ]
  Variable bound range        : [ 0.05, 6 ]
  RHS coefficient range       : [ 4.33652e-08, 6 ]
Objective value for Line heur k = 53: 11171563.670569781
37
Actual reward of current solution: 63482413.559934
Minimum Difference with past solutions:0.0.
New solution equals old solution at k=53
36
Total Reward at the start of the inner iterations: 63482413.559934
Gurobi status: 2

Statistics for model Linearization Heuristic :
  Linear constraint matrix    : 7926 Constrs, 4500 Vars, 1344001 NZs
  Matrix coefficient range    : [ 1.00013e-13, 1 ]
  Objective coefficient range : [ 1.99116e-21, 5.22844e+06 ]
  Variable bound range        : [ 0.05, 6 ]
  RHS coefficient range       : [ 4.34223e-08, 6 ]
Objective value for Line heur k = 54: 10952561.297351705
36
Actual reward of current solution: 63482413.559934
Minimum Difference with past solutions:0.0.
New solution equals old solution at k=54
35
Total Reward at the start of the inner iterations: 63482413.559934
Gurobi status: 2

Statistics for model Linearization Heuristic :
  Linear constraint matrix    : 7743 Constrs, 4410 Vars, 1283639 NZs
  Matrix coefficient range    : [ 1.00013e-13, 1 ]
  Objective coefficient range : [ 1.99116e-21, 5.22844e+06 ]
  Variable bound range        : [ 0.05, 6 ]
  RHS coefficient range       : [ 4.33466e-08, 6 ]
Objective value for Line heur k = 55: 10733554.68268924
35
Actual reward of current solution: 63482413.559934
Minimum Difference with past solutions:0.0.
New solution equals old solution at k=55
34
Total Reward at the start of the inner iterations: 63482413.559934
Gurobi status: 2

Statistics for model Linearization Heuristic :
  Linear constraint matrix    : 7560 Constrs, 4320 Vars, 1225448 NZs
  Matrix coefficient range    : [ 1.00013e-13, 1 ]
  Objective coefficient range : [ 1.99116e-21, 5.22844e+06 ]
  Variable bound range        : [ 0.05, 6 ]
  RHS coefficient range       : [ 4.3214e-08, 6 ]
Objective value for Line heur k = 56: 10514544.076169424
34
Actual reward of current solution: 63482413.559934
Minimum Difference with past solutions:0.0.
New solution equals old solution at k=56
33
Total Reward at the start of the inner iterations: 63482413.559934
Gurobi status: 2

Statistics for model Linearization Heuristic :
  Linear constraint matrix    : 7449 Constrs, 4230 Vars, 1168512 NZs
  Matrix coefficient range    : [ 1.00013e-13, 1 ]
  Objective coefficient range : [ 1.99116e-21, 5.22844e+06 ]
  Variable bound range        : [ 0.05, 6 ]
  RHS coefficient range       : [ 4.1207e-08, 6 ]
Objective value for Line heur k = 57: 10295529.70563738
33
Actual reward of current solution: 63482413.559934
Minimum Difference with past solutions:0.0.
New solution equals old solution at k=57
32
Total Reward at the start of the inner iterations: 63482413.559934
Gurobi status: 2

Statistics for model Linearization Heuristic :
  Linear constraint matrix    : 7266 Constrs, 4140 Vars, 1112759 NZs
  Matrix coefficient range    : [ 1.00013e-13, 1 ]
  Objective coefficient range : [ 1.99116e-21, 5.22844e+06 ]
  Variable bound range        : [ 0.05, 6 ]
  RHS coefficient range       : [ 3.91354e-08, 6 ]
Objective value for Line heur k = 58: 10076511.786804108
32
Actual reward of current solution: 63482413.559934
Minimum Difference with past solutions:0.0.
New solution equals old solution at k=58
31
Total Reward at the start of the inner iterations: 63482413.559934
Gurobi status: 2

Statistics for model Linearization Heuristic :
  Linear constraint matrix    : 7083 Constrs, 4050 Vars, 1058260 NZs
  Matrix coefficient range    : [ 1.00013e-13, 1 ]
  Objective coefficient range : [ 1.99116e-21, 5.22844e+06 ]
  Variable bound range        : [ 0.05, 6 ]
  RHS coefficient range       : [ 3.70733e-08, 6 ]
Objective value for Line heur k = 59: 9857490.524030985
31
Actual reward of current solution: 63482413.559934
Minimum Difference with past solutions:0.0.
New solution equals old solution at k=59
30
Total Reward at the start of the inner iterations: 63482413.559934
Gurobi status: 2

Statistics for model Linearization Heuristic :
  Linear constraint matrix    : 6900 Constrs, 3960 Vars, 1005015 NZs
  Matrix coefficient range    : [ 1.00013e-13, 1 ]
  Objective coefficient range : [ 1.99116e-21, 5.22844e+06 ]
  Variable bound range        : [ 0.05, 6 ]
  RHS coefficient range       : [ 3.50648e-08, 6 ]
Objective value for Line heur k = 60: 9638466.11184584
30
Actual reward of current solution: 63482413.559934
Minimum Difference with past solutions:0.0.
New solution equals old solution at k=60
29
Total Reward at the start of the inner iterations: 63482413.559934
Gurobi status: 2

Statistics for model Linearization Heuristic :
  Linear constraint matrix    : 6717 Constrs, 3870 Vars, 953024 NZs
  Matrix coefficient range    : [ 1.00013e-13, 1 ]
  Objective coefficient range : [ 1.99116e-21, 5.22844e+06 ]
  Variable bound range        : [ 0.05, 6 ]
  RHS coefficient range       : [ 3.31348e-08, 6 ]
Objective value for Line heur k = 61: 9419438.735006865
29
Actual reward of current solution: 63482413.559934
Minimum Difference with past solutions:0.0.
New solution equals old solution at k=61
28
Total Reward at the start of the inner iterations: 63482413.559934
Gurobi status: 2

Statistics for model Linearization Heuristic :
  Linear constraint matrix    : 6534 Constrs, 3780 Vars, 902287 NZs
  Matrix coefficient range    : [ 1.00013e-13, 1 ]
  Objective coefficient range : [ 1.99116e-21, 5.22844e+06 ]
  Variable bound range        : [ 0.05, 6 ]
  RHS coefficient range       : [ 3.12963e-08, 6 ]
Objective value for Line heur k = 62: 9200408.56874513
28
Actual reward of current solution: 63482413.559934
Minimum Difference with past solutions:0.0.
New solution equals old solution at k=62
27
Total Reward at the start of the inner iterations: 63482413.559934
Gurobi status: 2

Statistics for model Linearization Heuristic :
  Linear constraint matrix    : 6351 Constrs, 3690 Vars, 852804 NZs
  Matrix coefficient range    : [ 1.00013e-13, 1 ]
  Objective coefficient range : [ 1.99116e-21, 5.22844e+06 ]
  Variable bound range        : [ 0.05, 6 ]
  RHS coefficient range       : [ 2.95548e-08, 6 ]
Objective value for Line heur k = 63: 8981375.779105224
27
Actual reward of current solution: 63482413.559934
Minimum Difference with past solutions:0.0.
New solution equals old solution at k=63
26
Total Reward at the start of the inner iterations: 63482413.559934
Gurobi status: 2

Statistics for model Linearization Heuristic :
  Linear constraint matrix    : 6168 Constrs, 3600 Vars, 804575 NZs
  Matrix coefficient range    : [ 1.00013e-13, 1 ]
  Objective coefficient range : [ 1.99116e-21, 5.22844e+06 ]
  Variable bound range        : [ 0.05, 6 ]
  RHS coefficient range       : [ 2.7911e-08, 6 ]
Objective value for Line heur k = 64: 8762340.52333596
26
Actual reward of current solution: 63482413.559934
Minimum Difference with past solutions:0.0.
New solution equals old solution at k=64
25
Total Reward at the start of the inner iterations: 63482413.559934
Gurobi status: 2

Statistics for model Linearization Heuristic :
  Linear constraint matrix    : 5985 Constrs, 3510 Vars, 757600 NZs
  Matrix coefficient range    : [ 1.00013e-13, 1 ]
  Objective coefficient range : [ 1.99116e-21, 5.22844e+06 ]
  Variable bound range        : [ 0.05, 6 ]
  RHS coefficient range       : [ 2.63628e-08, 6 ]
Objective value for Line heur k = 65: 8543302.950302556
25
Actual reward of current solution: 63482413.559934
Minimum Difference with past solutions:0.0.
New solution equals old solution at k=65
24
Total Reward at the start of the inner iterations: 63482413.559934
Gurobi status: 2

Statistics for model Linearization Heuristic :
  Linear constraint matrix    : 5802 Constrs, 3420 Vars, 711880 NZs
  Matrix coefficient range    : [ 1.00013e-13, 1 ]
  Objective coefficient range : [ 1.99116e-21, 5.22844e+06 ]
  Variable bound range        : [ 0.05, 6 ]
  RHS coefficient range       : [ 2.49064e-08, 6 ]
Objective value for Line heur k = 66: 8324263.2009030385
24
Actual reward of current solution: 63482413.559934
Minimum Difference with past solutions:0.0.
New solution equals old solution at k=66
23
Total Reward at the start of the inner iterations: 63482413.559934
Gurobi status: 2

Statistics for model Linearization Heuristic :
  Linear constraint matrix    : 5619 Constrs, 3330 Vars, 667415 NZs
  Matrix coefficient range    : [ 1.00013e-13, 1 ]
  Objective coefficient range : [ 1.99116e-21, 5.22844e+06 ]
  Variable bound range        : [ 0.05, 6 ]
  RHS coefficient range       : [ 2.35374e-08, 6 ]
Objective value for Line heur k = 67: 8105221.408479127
23
Actual reward of current solution: 63482413.559934
Minimum Difference with past solutions:0.0.
New solution equals old solution at k=67
22
Total Reward at the start of the inner iterations: 63482413.559934
Gurobi status: 2

Statistics for model Linearization Heuristic :
  Linear constraint matrix    : 5436 Constrs, 3240 Vars, 624205 NZs
  Matrix coefficient range    : [ 1.00013e-13, 1 ]
  Objective coefficient range : [ 1.99116e-21, 5.22844e+06 ]
  Variable bound range        : [ 0.05, 6 ]
  RHS coefficient range       : [ 2.22507e-08, 6 ]
Objective value for Line heur k = 68: 7886177.699215324
22
Actual reward of current solution: 63482413.559934
Minimum Difference with past solutions:0.0.
New solution equals old solution at k=68
21
Total Reward at the start of the inner iterations: 63482413.559934
Gurobi status: 2

Statistics for model Linearization Heuristic :
  Linear constraint matrix    : 5253 Constrs, 3150 Vars, 582249 NZs
  Matrix coefficient range    : [ 1.00013e-13, 1 ]
  Objective coefficient range : [ 1.99116e-21, 5.22844e+06 ]
  Variable bound range        : [ 0.05, 6 ]
  RHS coefficient range       : [ 2.10413e-08, 6 ]
Objective value for Line heur k = 69: 7667132.192523269
21
Actual reward of current solution: 63482413.559934
Minimum Difference with past solutions:0.0.
New solution equals old solution at k=69
20
Total Reward at the start of the inner iterations: 63482413.559934
Gurobi status: 2

Statistics for model Linearization Heuristic :
  Linear constraint matrix    : 5070 Constrs, 3060 Vars, 541620 NZs
  Matrix coefficient range    : [ 1.00013e-13, 1 ]
  Objective coefficient range : [ 1.99116e-21, 5.22844e+06 ]
  Variable bound range        : [ 0.05, 6 ]
  RHS coefficient range       : [ 1.99041e-08, 6 ]
Objective value for Line heur k = 70: 7448085.001409593
20
Actual reward of current solution: 63482413.559934
Minimum Difference with past solutions:0.0.
New solution equals old solution at k=70
19
Total Reward at the start of the inner iterations: 63482413.559934
Gurobi status: 2

Statistics for model Linearization Heuristic :
  Linear constraint matrix    : 4959 Constrs, 2970 Vars, 502245 NZs
  Matrix coefficient range    : [ 1.00013e-13, 1 ]
  Objective coefficient range : [ 1.99116e-21, 5.22844e+06 ]
  Variable bound range        : [ 0.05, 6 ]
  RHS coefficient range       : [ 1.88345e-08, 6 ]
Objective value for Line heur k = 71: 7229036.232826663
19
Actual reward of current solution: 63482413.559934
Minimum Difference with past solutions:0.0.
New solution equals old solution at k=71
18
Total Reward at the start of the inner iterations: 63482413.559934
Gurobi status: 2

Statistics for model Linearization Heuristic :
  Linear constraint matrix    : 4776 Constrs, 2880 Vars, 464052 NZs
  Matrix coefficient range    : [ 1.00013e-13, 1 ]
  Objective coefficient range : [ 1.99116e-21, 5.22844e+06 ]
  Variable bound range        : [ 0.05, 6 ]
  RHS coefficient range       : [ 1.78279e-08, 6 ]
Objective value for Line heur k = 72: 7009985.988006323
18
Actual reward of current solution: 63482413.559934
Minimum Difference with past solutions:0.0.
New solution equals old solution at k=72
17
Total Reward at the start of the inner iterations: 63482413.559934
Gurobi status: 2

Statistics for model Linearization Heuristic :
  Linear constraint matrix    : 4593 Constrs, 2790 Vars, 427113 NZs
  Matrix coefficient range    : [ 1.00013e-13, 1 ]
  Objective coefficient range : [ 1.99116e-21, 5.22844e+06 ]
  Variable bound range        : [ 0.05, 6 ]
  RHS coefficient range       : [ 1.68801e-08, 6 ]
Objective value for Line heur k = 73: 6790934.362776988
17
Actual reward of current solution: 63482413.559934
Minimum Difference with past solutions:0.0.
New solution equals old solution at k=73
16
Total Reward at the start of the inner iterations: 63482413.559934
Gurobi status: 2

Statistics for model Linearization Heuristic :
  Linear constraint matrix    : 4410 Constrs, 2700 Vars, 391429 NZs
  Matrix coefficient range    : [ 1.00013e-13, 1 ]
  Objective coefficient range : [ 1.99116e-21, 5.22844e+06 ]
  Variable bound range        : [ 0.05, 6 ]
  RHS coefficient range       : [ 1.59871e-08, 6 ]
Objective value for Line heur k = 74: 6571881.44786496
16
Actual reward of current solution: 63482413.559934
Minimum Difference with past solutions:0.0.
New solution equals old solution at k=74
15
Total Reward at the start of the inner iterations: 63482413.559934
Gurobi status: 2

Statistics for model Linearization Heuristic :
  Linear constraint matrix    : 4227 Constrs, 2610 Vars, 356999 NZs
  Matrix coefficient range    : [ 1.00013e-13, 1 ]
  Objective coefficient range : [ 1.99116e-21, 5.22844e+06 ]
  Variable bound range        : [ 0.05, 6 ]
  RHS coefficient range       : [ 1.51452e-08, 6 ]
Objective value for Line heur k = 75: 6352827.329180935
15
Actual reward of current solution: 63482413.559934
Minimum Difference with past solutions:0.0.
New solution equals old solution at k=75
14
Total Reward at the start of the inner iterations: 63482413.559934
Gurobi status: 2

Statistics for model Linearization Heuristic :
  Linear constraint matrix    : 4044 Constrs, 2520 Vars, 323823 NZs
  Matrix coefficient range    : [ 1.00013e-13, 1 ]
  Objective coefficient range : [ 1.99116e-21, 5.22844e+06 ]
  Variable bound range        : [ 0.05, 6 ]
  RHS coefficient range       : [ 1.43512e-08, 6 ]
Objective value for Line heur k = 76: 6133772.088093067
14
Actual reward of current solution: 63482413.559934
Minimum Difference with past solutions:0.0.
New solution equals old solution at k=76
13
Total Reward at the start of the inner iterations: 63482413.559934
Gurobi status: 2

Statistics for model Linearization Heuristic :
  Linear constraint matrix    : 3861 Constrs, 2430 Vars, 291902 NZs
  Matrix coefficient range    : [ 1.00013e-13, 1 ]
  Objective coefficient range : [ 1.99116e-21, 5.22844e+06 ]
  Variable bound range        : [ 0.05, 6 ]
  RHS coefficient range       : [ 3.28266e-10, 6 ]
Objective value for Line heur k = 77: 5914715.801688645
13
Actual reward of current solution: 63482413.559934
Minimum Difference with past solutions:0.0.
New solution equals old solution at k=77
12
Total Reward at the start of the inner iterations: 63482413.559934
Gurobi status: 2

Statistics for model Linearization Heuristic :
  Linear constraint matrix    : 3678 Constrs, 2340 Vars, 261236 NZs
  Matrix coefficient range    : [ 1.00013e-13, 1 ]
  Objective coefficient range : [ 1.99116e-21, 5.22844e+06 ]
  Variable bound range        : [ 0.05, 6 ]
  RHS coefficient range       : [ 4.29667e-10, 6 ]
Objective value for Line heur k = 78: 5695658.543026723
12
Actual reward of current solution: 63482413.559934
Minimum Difference with past solutions:0.0.
New solution equals old solution at k=78
11
Total Reward at the start of the inner iterations: 63482413.559934
Gurobi status: 2

Statistics for model Linearization Heuristic :
  Linear constraint matrix    : 3495 Constrs, 2250 Vars, 231825 NZs
  Matrix coefficient range    : [ 1.00013e-13, 1 ]
  Objective coefficient range : [ 1.99116e-21, 5.22844e+06 ]
  Variable bound range        : [ 0.05, 6 ]
  RHS coefficient range       : [ 5.42887e-11, 6 ]
Objective value for Line heur k = 79: 5476600.381386386
11
Actual reward of current solution: 63482413.559934
Minimum Difference with past solutions:0.0.
New solution equals old solution at k=79
10
Total Reward at the start of the inner iterations: 63482413.559934
Gurobi status: 2

Statistics for model Linearization Heuristic :
  Linear constraint matrix    : 3312 Constrs, 2160 Vars, 203668 NZs
  Matrix coefficient range    : [ 1.00013e-13, 1 ]
  Objective coefficient range : [ 1.99116e-21, 5.22844e+06 ]
  Variable bound range        : [ 0.05, 6 ]
  RHS coefficient range       : [ 4.816e-09, 6 ]
Objective value for Line heur k = 80: 5257541.38251663
10
Actual reward of current solution: 63482413.559934
Minimum Difference with past solutions:0.0.
New solution equals old solution at k=80
9
Total Reward at the start of the inner iterations: 63482413.559934
Gurobi status: 2

Statistics for model Linearization Heuristic :
  Linear constraint matrix    : 3129 Constrs, 2070 Vars, 176765 NZs
  Matrix coefficient range    : [ 1.00013e-13, 1 ]
  Objective coefficient range : [ 1.99116e-21, 5.22844e+06 ]
  Variable bound range        : [ 0.05, 6 ]
  RHS coefficient range       : [ 9.70233e-09, 6 ]
Objective value for Line heur k = 81: 5038481.608899559
9
Actual reward of current solution: 63482413.559934
Minimum Difference with past solutions:0.0.
New solution equals old solution at k=81
8
Total Reward at the start of the inner iterations: 63482413.559934
Gurobi status: 2

Statistics for model Linearization Heuristic :
  Linear constraint matrix    : 2946 Constrs, 1980 Vars, 151117 NZs
  Matrix coefficient range    : [ 1.00013e-13, 1 ]
  Objective coefficient range : [ 1.99116e-21, 5.22844e+06 ]
  Variable bound range        : [ 0.05, 6 ]
  RHS coefficient range       : [ 1.46037e-08, 6 ]
Objective value for Line heur k = 82: 4819421.120044784
8
Actual reward of current solution: 63482413.559934
Minimum Difference with past solutions:0.0.
New solution equals old solution at k=82
7
Total Reward at the start of the inner iterations: 63482413.559934
Gurobi status: 2

Statistics for model Linearization Heuristic :
  Linear constraint matrix    : 2763 Constrs, 1890 Vars, 126726 NZs
  Matrix coefficient range    : [ 1.00013e-13, 1 ]
  Objective coefficient range : [ 1.99116e-21, 5.22844e+06 ]
  Variable bound range        : [ 0.05, 6 ]
  RHS coefficient range       : [ 1.95306e-08, 6 ]
Objective value for Line heur k = 83: 4600359.97284728
7
Actual reward of current solution: 63482413.559934
Minimum Difference with past solutions:0.0.
New solution equals old solution at k=83
6
Total Reward at the start of the inner iterations: 63482413.559934
Gurobi status: 2

Statistics for model Linearization Heuristic :
  Linear constraint matrix    : 2580 Constrs, 1800 Vars, 103664 NZs
  Matrix coefficient range    : [ 1.0021e-13, 1 ]
  Objective coefficient range : [ 1.99116e-21, 5.22844e+06 ]
  Variable bound range        : [ 0.05, 6 ]
  RHS coefficient range       : [ 2.4501e-08, 6 ]
Objective value for Line heur k = 84: 4381298.2220631195
6
Actual reward of current solution: 63482413.559934
Minimum Difference with past solutions:0.0.
New solution equals old solution at k=84
5
Total Reward at the start of the inner iterations: 63482413.559934
Gurobi status: 2

Statistics for model Linearization Heuristic :
  Linear constraint matrix    : 2469 Constrs, 1710 Vars, 81862 NZs
  Matrix coefficient range    : [ 1.0021e-13, 1 ]
  Objective coefficient range : [ 1.99116e-21, 5.22844e+06 ]
  Variable bound range        : [ 0.05, 6 ]
  RHS coefficient range       : [ 2.9546e-08, 6 ]
Objective value for Line heur k = 85: 4162235.920997774
5
Actual reward of current solution: 63482413.559934
Minimum Difference with past solutions:0.0.
New solution equals old solution at k=85
4
Total Reward at the start of the inner iterations: 63482413.559934
Gurobi status: 2

Statistics for model Linearization Heuristic :
  Linear constraint matrix    : 2286 Constrs, 1620 Vars, 61254 NZs
  Matrix coefficient range    : [ 1.0021e-13, 1 ]
  Objective coefficient range : [ 1.99116e-21, 5.22844e+06 ]
  Variable bound range        : [ 0.05, 6 ]
  RHS coefficient range       : [ 3.47192e-08, 6 ]
Objective value for Line heur k = 86: 3943173.12257092
4
Actual reward of current solution: 63482413.559934
Minimum Difference with past solutions:0.0.
New solution equals old solution at k=86
3
Total Reward at the start of the inner iterations: 63482413.559934
Gurobi status: 2

Statistics for model Linearization Heuristic :
  Linear constraint matrix    : 2103 Constrs, 1530 Vars, 41935 NZs
  Matrix coefficient range    : [ 1.00904e-13, 1 ]
  Objective coefficient range : [ 1.99116e-21, 5.22844e+06 ]
  Variable bound range        : [ 0.05, 6 ]
  RHS coefficient range       : [ 4.01135e-08, 6 ]
Objective value for Line heur k = 87: 3724109.8810419813
3
Actual reward of current solution: 63482413.559934
Minimum Difference with past solutions:0.0.
New solution equals old solution at k=87
2
Total Reward at the start of the inner iterations: 63482413.559934
Gurobi status: 2

Statistics for model Linearization Heuristic :
  Linear constraint matrix    : 1920 Constrs, 1440 Vars, 23985 NZs
  Matrix coefficient range    : [ 2.7215e-13, 1 ]
  Objective coefficient range : [ 1.99116e-21, 5.22844e+06 ]
  Variable bound range        : [ 0.05, 6 ]
  RHS coefficient range       : [ 4.58895e-08, 6 ]
Objective value for Line heur k = 88: 3505046.254890046
2
Actual reward of current solution: 63482413.559934
Minimum Difference with past solutions:0.0.
New solution equals old solution at k=88
1
Total Reward at the start of the inner iterations: 63482413.559934
Gurobi status: 2

Statistics for model Linearization Heuristic :
  Linear constraint matrix    : 1737 Constrs, 1350 Vars, 11856 NZs
  Matrix coefficient range    : [ 3.19917e-13, 1 ]
  Objective coefficient range : [ 0.000332843, 5.22844e+06 ]
  Variable bound range        : [ 0.05, 6 ]
  RHS coefficient range       : [ 5.2325e-08, 6 ]
Objective value for Line heur k = 89: 3285982.3117050054
1
Actual reward of current solution: 63482413.559934
Minimum Difference with past solutions:0.0.
New solution equals old solution at k=89
0
Total Reward at the start of the inner iterations: 63482413.559934
Gurobi status: 2

Statistics for model Linearization Heuristic :
  Linear constraint matrix    : 1554 Constrs, 1260 Vars, 2709 NZs
  Matrix coefficient range    : [ 0.288979, 1 ]
  Objective coefficient range : [ 0.000332843, 5.22844e+06 ]
  Variable bound range        : [ 0.05, 1 ]
  RHS coefficient range       : [ 5.99012e-08, 6 ]
Objective value for Line heur k = 90: 3066918.1365776532
0
Actual reward of current solution: 63482413.559934
Minimum Difference with past solutions:0.0.
New solution equals old solution at k=90
0
Total Reward at the start of the inner iterations: 63482413.559934
Gurobi status: 2

Statistics for model Linearization Heuristic :
  Linear constraint matrix    : 1443 Constrs, 1170 Vars, 2457 NZs
  Matrix coefficient range    : [ 0.317935, 1 ]
  Objective coefficient range : [ 0.000332843, 5.22844e+06 ]
  Variable bound range        : [ 0.05, 1 ]
  RHS coefficient range       : [ 5.99012e-08, 6 ]
Objective value for Line heur k = 91: 2847852.4817287824
0
Actual reward of current solution: 63482413.559934
Minimum Difference with past solutions:0.0.
New solution equals old solution at k=91
0
Total Reward at the start of the inner iterations: 63482413.559934
Gurobi status: 2

Statistics for model Linearization Heuristic :
  Linear constraint matrix    : 1332 Constrs, 1080 Vars, 2214 NZs
  Matrix coefficient range    : [ 0.349792, 1 ]
  Objective coefficient range : [ 0.000332843, 5.22844e+06 ]
  Variable bound range        : [ 0.05, 1 ]
  RHS coefficient range       : [ 5.99012e-08, 6 ]
Objective value for Line heur k = 92: 2628786.8437971566
0
Actual reward of current solution: 63482413.559934
Minimum Difference with past solutions:0.0.
New solution equals old solution at k=92
0
Total Reward at the start of the inner iterations: 63482413.559934
Gurobi status: 2

Statistics for model Linearization Heuristic :
  Linear constraint matrix    : 1221 Constrs, 990 Vars, 1980 NZs
  Matrix coefficient range    : [ 0.384842, 1 ]
  Objective coefficient range : [ 0.000332843, 5.22844e+06 ]
  Variable bound range        : [ 0.05, 1 ]
  RHS coefficient range       : [ 5.99012e-08, 6 ]
Objective value for Line heur k = 93: 2409721.2219297774
0
Actual reward of current solution: 63482413.559934
Minimum Difference with past solutions:0.0.
New solution equals old solution at k=93
0
Total Reward at the start of the inner iterations: 63482413.559934
Gurobi status: 2

Statistics for model Linearization Heuristic :
  Linear constraint matrix    : 1110 Constrs, 900 Vars, 1755 NZs
  Matrix coefficient range    : [ 0.423403, 1 ]
  Objective coefficient range : [ 0.000332843, 5.22844e+06 ]
  Variable bound range        : [ 0.05, 1 ]
  RHS coefficient range       : [ 5.99012e-08, 6 ]
Objective value for Line heur k = 94: 2190655.6146428185
0
Actual reward of current solution: 63482413.559934
Minimum Difference with past solutions:0.0.
New solution equals old solution at k=94
0
Total Reward at the start of the inner iterations: 63482413.559934
Gurobi status: 2

Statistics for model Linearization Heuristic :
  Linear constraint matrix    : 999 Constrs, 810 Vars, 1539 NZs
  Matrix coefficient range    : [ 0.465828, 1 ]
  Objective coefficient range : [ 0.000332843, 5.22844e+06 ]
  Variable bound range        : [ 0.05, 1 ]
  RHS coefficient range       : [ 5.99012e-08, 6 ]
Objective value for Line heur k = 95: 1971590.0201903505
0
Actual reward of current solution: 63482413.559934
Minimum Difference with past solutions:0.0.
New solution equals old solution at k=95
0
Total Reward at the start of the inner iterations: 63482413.559934
Gurobi status: 2

Statistics for model Linearization Heuristic :
  Linear constraint matrix    : 888 Constrs, 720 Vars, 1332 NZs
  Matrix coefficient range    : [ 0.512504, 1 ]
  Objective coefficient range : [ 0.000332843, 5.22844e+06 ]
  Variable bound range        : [ 0.05, 1 ]
  RHS coefficient range       : [ 5.99012e-08, 6 ]
Objective value for Line heur k = 96: 1752524.4367881333
0
Actual reward of current solution: 63482413.559934
Minimum Difference with past solutions:0.0.
New solution equals old solution at k=96
0
Total Reward at the start of the inner iterations: 63482413.559934
Gurobi status: 2

Statistics for model Linearization Heuristic :
  Linear constraint matrix    : 777 Constrs, 630 Vars, 1134 NZs
  Matrix coefficient range    : [ 0.563857, 1 ]
  Objective coefficient range : [ 0.000332843, 5.22844e+06 ]
  Variable bound range        : [ 0.05, 1 ]
  RHS coefficient range       : [ 5.99012e-08, 6 ]
Objective value for Line heur k = 97: 1533458.8627418897
0
Actual reward of current solution: 63482413.559934
Minimum Difference with past solutions:0.0.
New solution equals old solution at k=97
0
Total Reward at the start of the inner iterations: 63482413.559934
Gurobi status: 2

Statistics for model Linearization Heuristic :
  Linear constraint matrix    : 666 Constrs, 540 Vars, 945 NZs
  Matrix coefficient range    : [ 0.620356, 1 ]
  Objective coefficient range : [ 0.000332843, 5.22844e+06 ]
  Variable bound range        : [ 0.05, 1 ]
  RHS coefficient range       : [ 5.99012e-08, 6 ]
Objective value for Line heur k = 98: 1314393.2965138417
0
Actual reward of current solution: 63482413.559934
Minimum Difference with past solutions:0.0.
New solution equals old solution at k=98
0
Total Reward at the start of the inner iterations: 63482413.559934
Gurobi status: 2

Statistics for model Linearization Heuristic :
  Linear constraint matrix    : 555 Constrs, 450 Vars, 765 NZs
  Matrix coefficient range    : [ 0.682516, 1 ]
  Objective coefficient range : [ 0.000332843, 5.22844e+06 ]
  Variable bound range        : [ 0.05, 1 ]
  RHS coefficient range       : [ 5.99012e-08, 6 ]
Objective value for Line heur k = 99: 1095327.7367503515
0
Actual reward of current solution: 63482413.559934
Minimum Difference with past solutions:0.0.
New solution equals old solution at k=99
0
Total Reward at the start of the inner iterations: 63482413.559934
Gurobi status: 2

Statistics for model Linearization Heuristic :
  Linear constraint matrix    : 444 Constrs, 360 Vars, 594 NZs
  Matrix coefficient range    : [ 0.750904, 1 ]
  Objective coefficient range : [ 0.000332843, 5.22844e+06 ]
  Variable bound range        : [ 0.05, 1 ]
  RHS coefficient range       : [ 5.99012e-08, 6 ]
Objective value for Line heur k = 100: 876262.1822859596
0
Actual reward of current solution: 63482413.559934
Minimum Difference with past solutions:0.0.
New solution equals old solution at k=100
0
Total Reward at the start of the inner iterations: 63482413.559934
Gurobi status: 2

Statistics for model Linearization Heuristic :
  Linear constraint matrix    : 333 Constrs, 270 Vars, 432 NZs
  Matrix coefficient range    : [ 0.826145, 1 ]
  Objective coefficient range : [ 0.000332843, 5.22844e+06 ]
  Variable bound range        : [ 0.05, 1 ]
  RHS coefficient range       : [ 5.99012e-08, 6 ]
Objective value for Line heur k = 101: 657196.6321339045
0
Actual reward of current solution: 63482413.559934
Minimum Difference with past solutions:0.0.
New solution equals old solution at k=101
0
Total Reward at the start of the inner iterations: 63482413.559934
Gurobi status: 2

Statistics for model Linearization Heuristic :
  Linear constraint matrix    : 222 Constrs, 180 Vars, 279 NZs
  Matrix coefficient range    : [ 0.908925, 1 ]
  Objective coefficient range : [ 0.000332843, 5.22844e+06 ]
  Variable bound range        : [ 0.05, 1 ]
  RHS coefficient range       : [ 5.99012e-08, 6 ]
Objective value for Line heur k = 102: 438131.0854696118
0
Actual reward of current solution: 63482413.559934
Minimum Difference with past solutions:0.0.
New solution equals old solution at k=102
0
Total Reward at the start of the inner iterations: 63482413.559934
Gurobi status: 2

Statistics for model Linearization Heuristic :
  Linear constraint matrix    : 111 Constrs, 90 Vars, 135 NZs
  Matrix coefficient range    : [ 1, 1 ]
  Objective coefficient range : [ 970.6, 5.22844e+06 ]
  Variable bound range        : [ 0.05, 1 ]
  RHS coefficient range       : [ 5.99012e-08, 6 ]
Objective value for Line heur k = 103: 219065.541611274
0
Actual reward of current solution: 63482413.559934
Minimum Difference with past solutions:0.0.
New solution equals old solution at k=103
Total running time for 90 days is 903.6738910675049
Economic Value: 63521114.69264969
Deaths 0.10291664123335659
Total Reward 63482413.559934
