{'groups': 'all', 'params_to_try': {'delta_schooling': [0.5], 'xi': [0, 371990.3, 929975.75, 1859951.5, 3719903, 5579854.5], 'icus': [2900], 'tests': [[60000, 0]], 'testing': ['homogeneous'], 'eta': [0.1]}}
{'groups': 'all', 'params_to_try': {'delta_schooling': [0.5], 'xi': [0, 371990.3, 929975.75, 1859951.5, 3719903, 5579854.5], 'icus': [2900], 'tests': [[60000, 0]], 'testing': ['homogeneous'], 'eta': [0.1]}}
{'groups': 'all', 'params_to_try': {'delta_schooling': [0.5597559139989046], 'icus': [2900], 'eta': [0.1931838376049888], 'tests': [[0, 0]], 'xi': [22319418.0], 'testing': ['homogeneous']}}
results/time_gradient/xi-22319418_icus-2900_testing-homogeneous_natests-0_nmtests-0_T-90_startday-0_groups-all_dschool-0.559756_eta-0.193184_freq-90-14_initParamVarying-multiplier_beta_randomInstance-56.yaml
{'groups': 'all', 'params_to_try': {'delta_schooling': [0.5], 'xi': [0, 371990.3, 929975.75, 1859951.5, 3719903, 5579854.5], 'icus': [2900], 'tests': [[60000, 0]], 'testing': ['homogeneous'], 'eta': [0.1]}}
{'groups': 'all', 'params_to_try': {'delta_schooling': [0.5], 'xi': [0, 371990.3, 929975.75, 1859951.5, 3719903, 5579854.5], 'icus': [2900], 'tests': [[60000, 0]], 'testing': ['homogeneous'], 'eta': [0.1]}}
{'groups': 'all', 'params_to_try': {'delta_schooling': [0.5597559139989046], 'icus': [2900], 'eta': [0.1931838376049888], 'tests': [[0, 0]], 'xi': [22319418.0], 'testing': ['homogeneous']}}
results/dynamic_gradient/xi-22319418_icus-2900_testing-homogeneous_natests-0_nmtests-0_T-90_startday-0_groups-all_dschool-0.559756_eta-0.193184_freq-90-14_initParamVarying-multiplier_beta_randomInstance-56.yaml
500
(0.5, 223194180.0, 0.29, 0.0, (7, 14), 'fitted-scaled', 'econ-scaled', 'oct21-scaled', 0.1, 0.05, 2, 'dynamic_gradient', 56, 'multiplier_beta')
The value of T is: 104
Missing starting point -- Running the initial heuristic.
/home/groups/daniancu/covid-optimization/covid-optimization
90
Total Reward at the start of the inner iterations: 39462921.7495364
Using license file /share/software/user/restricted/gurobi/9.0.3_py36/licenses/gurobi.lic
Set parameter TokenServer to value license4.stanford.edu
Gurobi status: 2

Statistics for model Linearization Heuristic :
  Linear constraint matrix    : 16026 Constrs, 9360 Vars, 5858381 NZs
  Matrix coefficient range    : [ 1.00079e-13, 1 ]
  Objective coefficient range : [ 6.59986e-21, 2.28423e+08 ]
  Variable bound range        : [ 0.05, 1 ]
  RHS coefficient range       : [ 1.7708e-07, 0.293701 ]
Objective value for Line heur k = 0: 24198400.098339267
90
Actual reward of current solution: 38655954.25243474
Minimum Difference with past solutions:0.050000000000000044.
Gurobi status: 2

Statistics for model Linearization Heuristic :
  Linear constraint matrix    : 16026 Constrs, 9360 Vars, 6321419 NZs
  Matrix coefficient range    : [ 1.00028e-13, 1 ]
  Objective coefficient range : [ 4.16588e-23, 2.28423e+08 ]
  Variable bound range        : [ 0.05, 1 ]
  RHS coefficient range       : [ 1.38771e-08, 0.294988 ]
Objective value for Line heur k = 0: 22959093.93563575
90
Actual reward of current solution: 39599811.04963093
Minimum Difference with past solutions:0.050000000000000044.
Gurobi status: 2

Statistics for model Linearization Heuristic :
  Linear constraint matrix    : 16026 Constrs, 9360 Vars, 5858384 NZs
  Matrix coefficient range    : [ 1.00081e-13, 1 ]
  Objective coefficient range : [ 5.62626e-22, 2.28423e+08 ]
  Variable bound range        : [ 0.05, 1 ]
  RHS coefficient range       : [ 1.79251e-07, 0.293741 ]
Objective value for Line heur k = 0: 24341978.901210085
90
Actual reward of current solution: 38782765.760874204
Minimum Difference with past solutions:0.050000000000000044.
Gurobi status: 2

Statistics for model Linearization Heuristic :
  Linear constraint matrix    : 16026 Constrs, 9360 Vars, 6321428 NZs
  Matrix coefficient range    : [ 1.00348e-13, 1 ]
  Objective coefficient range : [ 3.85144e-21, 2.28423e+08 ]
  Variable bound range        : [ 0.05, 1 ]
  RHS coefficient range       : [ 7.08552e-08, 0.295054 ]
Objective value for Line heur k = 0: 23083102.860768177
90
Actual reward of current solution: 39737302.56439636
Minimum Difference with past solutions:0.050000000000000044.
Gurobi status: 2

Statistics for model Linearization Heuristic :
  Linear constraint matrix    : 16026 Constrs, 9360 Vars, 5858389 NZs
  Matrix coefficient range    : [ 1.0035e-13, 1 ]
  Objective coefficient range : [ 1.14724e-22, 2.28423e+08 ]
  Variable bound range        : [ 0.05, 1 ]
  RHS coefficient range       : [ 1.80703e-07, 0.29378 ]
Objective value for Line heur k = 0: 24487063.169094566
90
Actual reward of current solution: 38910718.3536219
Minimum Difference with past solutions:0.050000000000000044.
Gurobi status: 2

Statistics for model Linearization Heuristic :
  Linear constraint matrix    : 16026 Constrs, 9360 Vars, 6321431 NZs
  Matrix coefficient range    : [ 1.00193e-13, 1 ]
  Objective coefficient range : [ 6.01941e-22, 2.28423e+08 ]
  Variable bound range        : [ 0.05, 1 ]
  RHS coefficient range       : [ 1.53296e-07, 0.295118 ]
Objective value for Line heur k = 0: 23209205.0685684
90
Actual reward of current solution: 39875286.767792135
Minimum Difference with past solutions:0.050000000000000044.
Gurobi status: 2

Statistics for model Linearization Heuristic :
  Linear constraint matrix    : 16026 Constrs, 9360 Vars, 5858394 NZs
  Matrix coefficient range    : [ 1.00083e-13, 1 ]
  Objective coefficient range : [ 5.77776e-22, 2.28423e+08 ]
  Variable bound range        : [ 0.05, 1 ]
  RHS coefficient range       : [ 1.82103e-07, 0.293817 ]
Objective value for Line heur k = 0: 24627185.407082275
90
Actual reward of current solution: 39040405.89751134
Minimum Difference with past solutions:0.050000000000000044.
Gurobi status: 2

Statistics for model Linearization Heuristic :
  Linear constraint matrix    : 16026 Constrs, 9360 Vars, 6321435 NZs
  Matrix coefficient range    : [ 1.0016e-13, 1 ]
  Objective coefficient range : [ 8.14551e-22, 2.28423e+08 ]
  Variable bound range        : [ 0.05, 1 ]
  RHS coefficient range       : [ 2.27431e-07, 0.295174 ]
Objective value for Line heur k = 0: 23324742.581674293
90
Actual reward of current solution: 40011707.79858162
Minimum Difference with past solutions:0.050000000000000044.
Gurobi status: 2

Statistics for model Linearization Heuristic :
  Linear constraint matrix    : 16026 Constrs, 9360 Vars, 5858395 NZs
  Matrix coefficient range    : [ 1.0009e-13, 1 ]
  Objective coefficient range : [ 3.84564e-21, 2.28423e+08 ]
  Variable bound range        : [ 0.05, 1 ]
  RHS coefficient range       : [ 1.82683e-07, 0.293832 ]
Objective value for Line heur k = 0: 24754713.33221183
90
Actual reward of current solution: 39175082.136556275
Minimum Difference with past solutions:0.050000000000000044.
Gurobi status: 2

Statistics for model Linearization Heuristic :
  Linear constraint matrix    : 16026 Constrs, 9360 Vars, 6321435 NZs
  Matrix coefficient range    : [ 1.00172e-13, 1 ]
  Objective coefficient range : [ 6.24201e-22, 2.28423e+08 ]
  Variable bound range        : [ 0.05, 1 ]
  RHS coefficient range       : [ 2.27492e-07, 0.295175 ]
Objective value for Line heur k = 0: 23459029.473872133
90
Actual reward of current solution: 40146401.82918399
Minimum Difference with past solutions:0.05.
Gurobi status: 2

Statistics for model Linearization Heuristic :
  Linear constraint matrix    : 16026 Constrs, 9360 Vars, 5858395 NZs
  Matrix coefficient range    : [ 1.0009e-13, 1 ]
  Objective coefficient range : [ 3.89646e-21, 2.28423e+08 ]
  Variable bound range        : [ 0.05, 1 ]
  RHS coefficient range       : [ 1.82683e-07, 0.293832 ]
Objective value for Line heur k = 0: 24889393.087234028
90
Actual reward of current solution: 39309774.089726135
Minimum Difference with past solutions:0.05.
Gurobi status: 2

Statistics for model Linearization Heuristic :
  Linear constraint matrix    : 16026 Constrs, 9360 Vars, 6321435 NZs
  Matrix coefficient range    : [ 1.00172e-13, 1 ]
  Objective coefficient range : [ 1.7779e-21, 2.28423e+08 ]
  Variable bound range        : [ 0.05, 1 ]
  RHS coefficient range       : [ 2.27492e-07, 0.295175 ]
Objective value for Line heur k = 0: 23593704.395191424
90
Actual reward of current solution: 40281095.859786354
Minimum Difference with past solutions:0.05.
Gurobi status: 2

Statistics for model Linearization Heuristic :
  Linear constraint matrix    : 16026 Constrs, 9360 Vars, 5858395 NZs
  Matrix coefficient range    : [ 1.0009e-13, 1 ]
  Objective coefficient range : [ 3.94727e-21, 2.28423e+08 ]
  Variable bound range        : [ 0.05, 1 ]
  RHS coefficient range       : [ 1.82683e-07, 0.293832 ]
Objective value for Line heur k = 0: 25024072.8422562
90
Actual reward of current solution: 39444466.04289599
Minimum Difference with past solutions:0.05.
Gurobi status: 2

Statistics for model Linearization Heuristic :
  Linear constraint matrix    : 16026 Constrs, 9360 Vars, 6321435 NZs
  Matrix coefficient range    : [ 1.00172e-13, 1 ]
  Objective coefficient range : [ 2.93159e-21, 2.28423e+08 ]
  Variable bound range        : [ 0.05, 1 ]
  RHS coefficient range       : [ 2.27492e-07, 0.295175 ]
Objective value for Line heur k = 0: 23728379.316510677
90
Actual reward of current solution: 40415789.89038872
Minimum Difference with past solutions:0.05.
Gurobi status: 2

Statistics for model Linearization Heuristic :
  Linear constraint matrix    : 16026 Constrs, 9360 Vars, 5858395 NZs
  Matrix coefficient range    : [ 1.0009e-13, 1 ]
  Objective coefficient range : [ 3.99809e-21, 2.28423e+08 ]
  Variable bound range        : [ 0.05, 1 ]
  RHS coefficient range       : [ 1.82683e-07, 0.293832 ]
Objective value for Line heur k = 0: 25158752.597278494
90
Actual reward of current solution: 39579157.99606584
Minimum Difference with past solutions:0.05.
Gurobi status: 2

Statistics for model Linearization Heuristic :
  Linear constraint matrix    : 16026 Constrs, 9360 Vars, 6321435 NZs
  Matrix coefficient range    : [ 1.00172e-13, 1 ]
  Objective coefficient range : [ 4.08529e-21, 2.28423e+08 ]
  Variable bound range        : [ 0.05, 1 ]
  RHS coefficient range       : [ 2.27492e-07, 0.295175 ]
Objective value for Line heur k = 0: 23863054.237829894
90
Actual reward of current solution: 40550483.920991085
Minimum Difference with past solutions:0.05.
Gurobi status: 2

Statistics for model Linearization Heuristic :
  Linear constraint matrix    : 16026 Constrs, 9360 Vars, 5858395 NZs
  Matrix coefficient range    : [ 1.0009e-13, 1 ]
  Objective coefficient range : [ 4.0489e-21, 2.28423e+08 ]
  Variable bound range        : [ 0.05, 1 ]
  RHS coefficient range       : [ 1.82683e-07, 0.293832 ]
Objective value for Line heur k = 0: 25293432.352300663
90
Actual reward of current solution: 39713849.94923571
Minimum Difference with past solutions:0.05.
Gurobi status: 2

Statistics for model Linearization Heuristic :
  Linear constraint matrix    : 16026 Constrs, 9360 Vars, 6321435 NZs
  Matrix coefficient range    : [ 1.00172e-13, 1 ]
  Objective coefficient range : [ 4.45385e-21, 2.28423e+08 ]
  Variable bound range        : [ 0.05, 1 ]
  RHS coefficient range       : [ 2.27492e-07, 0.295175 ]
Objective value for Line heur k = 0: 23997729.159149196
90
Actual reward of current solution: 40685177.95159346
Minimum Difference with past solutions:0.05.
Gurobi status: 2

Statistics for model Linearization Heuristic :
  Linear constraint matrix    : 16026 Constrs, 9360 Vars, 5858395 NZs
  Matrix coefficient range    : [ 1.0009e-13, 1 ]
  Objective coefficient range : [ 4.09972e-21, 2.28423e+08 ]
  Variable bound range        : [ 0.05, 1 ]
  RHS coefficient range       : [ 1.82683e-07, 0.293832 ]
Objective value for Line heur k = 0: 25428112.107322782
90
Actual reward of current solution: 39848541.90240557
Minimum Difference with past solutions:0.05.
Gurobi status: 2

Statistics for model Linearization Heuristic :
  Linear constraint matrix    : 16026 Constrs, 9360 Vars, 6321435 NZs
  Matrix coefficient range    : [ 1.00172e-13, 1 ]
  Objective coefficient range : [ 4.4565e-21, 2.28423e+08 ]
  Variable bound range        : [ 0.05, 1 ]
  RHS coefficient range       : [ 2.27492e-07, 0.295175 ]
Objective value for Line heur k = 0: 24132404.08046847
90
Actual reward of current solution: 40819871.9821958
Minimum Difference with past solutions:0.05.
Gurobi status: 2

Statistics for model Linearization Heuristic :
  Linear constraint matrix    : 16026 Constrs, 9360 Vars, 5858395 NZs
  Matrix coefficient range    : [ 1.0009e-13, 1 ]
  Objective coefficient range : [ 4.15053e-21, 2.28423e+08 ]
  Variable bound range        : [ 0.05, 1 ]
  RHS coefficient range       : [ 1.82683e-07, 0.293832 ]
Objective value for Line heur k = 0: 25495444.84549728
90
Actual reward of current solution: 39915887.87899049
Minimum Difference with past solutions:0.049999999999999684.
Gurobi status: 2

Statistics for model Linearization Heuristic :
  Linear constraint matrix    : 16026 Constrs, 9360 Vars, 6321435 NZs
  Matrix coefficient range    : [ 1.00172e-13, 1 ]
  Objective coefficient range : [ 4.45782e-21, 2.28423e+08 ]
  Variable bound range        : [ 0.05, 1 ]
  RHS coefficient range       : [ 2.27492e-07, 0.295175 ]
Objective value for Line heur k = 0: 24132395.562625464
90
Actual reward of current solution: 40819871.9821958
Minimum Difference with past solutions:0.0.
New solution equals old solution at k=0
89
Total Reward at the start of the inner iterations: 40819871.9821958
Gurobi status: 2

Statistics for model Linearization Heuristic :
  Linear constraint matrix    : 15915 Constrs, 9270 Vars, 5758458 NZs
  Matrix coefficient range    : [ 1.0009e-13, 1 ]
  Objective coefficient range : [ 4.15053e-21, 2.28423e+08 ]
  Variable bound range        : [ 0.05, 1 ]
  RHS coefficient range       : [ 1.81447e-07, 1 ]
Objective value for Line heur k = 1: 25556074.02890592
89
Actual reward of current solution: 40670275.8395857
Minimum Difference with past solutions:0.05.
Gurobi status: 2

Statistics for model Linearization Heuristic :
  Linear constraint matrix    : 15915 Constrs, 9270 Vars, 5889590 NZs
  Matrix coefficient range    : [ 1.00118e-13, 1 ]
  Objective coefficient range : [ 1.30196e-21, 2.28423e+08 ]
  Variable bound range        : [ 0.05, 1 ]
  RHS coefficient range       : [ 1.17878e-07, 1 ]
Objective value for Line heur k = 1: 25174614.625807263
89
Actual reward of current solution: 40819871.9821958
Minimum Difference with past solutions:0.0.
New solution equals old solution at k=1
88
Total Reward at the start of the inner iterations: 40819871.9821958
Gurobi status: 2

Statistics for model Linearization Heuristic :
  Linear constraint matrix    : 15750 Constrs, 9180 Vars, 5659455 NZs
  Matrix coefficient range    : [ 1.0009e-13, 1 ]
  Objective coefficient range : [ 4.15053e-21, 2.28423e+08 ]
  Variable bound range        : [ 0.05, 1 ]
  RHS coefficient range       : [ 4.17794e-08, 1 ]
Objective value for Line heur k = 2: 25731131.72667958
88
Actual reward of current solution: 40670275.8395857
Minimum Difference with past solutions:0.05.
Gurobi status: 2

Statistics for model Linearization Heuristic :
  Linear constraint matrix    : 15750 Constrs, 9180 Vars, 5790587 NZs
  Matrix coefficient range    : [ 1.00118e-13, 1 ]
  Objective coefficient range : [ 1.30196e-21, 2.28423e+08 ]
  Variable bound range        : [ 0.05, 1 ]
  RHS coefficient range       : [ 1.89488e-07, 1 ]
Objective value for Line heur k = 2: 25357407.294953324
88
Actual reward of current solution: 40819871.9821958
Minimum Difference with past solutions:0.0.
New solution equals old solution at k=2
87
Total Reward at the start of the inner iterations: 40819871.9821958
Gurobi status: 2

Statistics for model Linearization Heuristic :
  Linear constraint matrix    : 15585 Constrs, 9090 Vars, 5561440 NZs
  Matrix coefficient range    : [ 1.0009e-13, 1 ]
  Objective coefficient range : [ 4.15053e-21, 2.28423e+08 ]
  Variable bound range        : [ 0.05, 1 ]
  RHS coefficient range       : [ 1.40688e-07, 1 ]
Objective value for Line heur k = 3: 25896984.106630348
87
Actual reward of current solution: 40670275.8395857
Minimum Difference with past solutions:0.05.
Gurobi status: 2

Statistics for model Linearization Heuristic :
  Linear constraint matrix    : 15585 Constrs, 9090 Vars, 5692572 NZs
  Matrix coefficient range    : [ 1.00118e-13, 1 ]
  Objective coefficient range : [ 1.30196e-21, 2.28423e+08 ]
  Variable bound range        : [ 0.05, 1 ]
  RHS coefficient range       : [ 1.65476e-07, 1 ]
Objective value for Line heur k = 3: 25531611.02283389
87
Actual reward of current solution: 40819871.9821958
Minimum Difference with past solutions:0.0.
New solution equals old solution at k=3
86
Total Reward at the start of the inner iterations: 40819871.9821958
Gurobi status: 2

Statistics for model Linearization Heuristic :
  Linear constraint matrix    : 15420 Constrs, 9000 Vars, 5464413 NZs
  Matrix coefficient range    : [ 1.0009e-13, 1 ]
  Objective coefficient range : [ 4.15053e-21, 2.28423e+08 ]
  Variable bound range        : [ 0.05, 1 ]
  RHS coefficient range       : [ 4.79281e-08, 1 ]
Objective value for Line heur k = 4: 26044782.39188725
86
Actual reward of current solution: 40670275.8395857
Minimum Difference with past solutions:0.05.
Gurobi status: 2

Statistics for model Linearization Heuristic :
  Linear constraint matrix    : 15420 Constrs, 9000 Vars, 5595545 NZs
  Matrix coefficient range    : [ 1.00118e-13, 1 ]
  Objective coefficient range : [ 1.30196e-21, 2.28423e+08 ]
  Variable bound range        : [ 0.05, 1 ]
  RHS coefficient range       : [ 1.23802e-07, 1 ]
Objective value for Line heur k = 4: 25688173.528385736
86
Actual reward of current solution: 40819871.9821958
Minimum Difference with past solutions:0.0.
New solution equals old solution at k=4
85
Total Reward at the start of the inner iterations: 40819871.9821958
Gurobi status: 2

Statistics for model Linearization Heuristic :
  Linear constraint matrix    : 15255 Constrs, 8910 Vars, 5368374 NZs
  Matrix coefficient range    : [ 1.0009e-13, 1 ]
  Objective coefficient range : [ 4.15053e-21, 2.28423e+08 ]
  Variable bound range        : [ 0.05, 1 ]
  RHS coefficient range       : [ 1.75228e-07, 1 ]
Objective value for Line heur k = 5: 26170462.29069906
85
Actual reward of current solution: 40670275.8395857
Minimum Difference with past solutions:0.05.
Gurobi status: 2

Statistics for model Linearization Heuristic :
  Linear constraint matrix    : 15255 Constrs, 8910 Vars, 5499506 NZs
  Matrix coefficient range    : [ 1.00118e-13, 1 ]
  Objective coefficient range : [ 1.30196e-21, 2.28423e+08 ]
  Variable bound range        : [ 0.05, 1 ]
  RHS coefficient range       : [ 1.68001e-08, 1 ]
Objective value for Line heur k = 5: 25822885.17632605
85
Actual reward of current solution: 40819871.9821958
Minimum Difference with past solutions:0.0.
New solution equals old solution at k=5
84
Total Reward at the start of the inner iterations: 40819871.9821958
Gurobi status: 2

Statistics for model Linearization Heuristic :
  Linear constraint matrix    : 15090 Constrs, 8820 Vars, 5273323 NZs
  Matrix coefficient range    : [ 1.0009e-13, 1 ]
  Objective coefficient range : [ 4.15053e-21, 2.28423e+08 ]
  Variable bound range        : [ 0.05, 1 ]
  RHS coefficient range       : [ 1.66753e-07, 1 ]
Objective value for Line heur k = 6: 26272741.861055106
84
Actual reward of current solution: 40670275.8395857
Minimum Difference with past solutions:0.05.
Gurobi status: 2

Statistics for model Linearization Heuristic :
  Linear constraint matrix    : 15090 Constrs, 8820 Vars, 5404455 NZs
  Matrix coefficient range    : [ 1.00118e-13, 1 ]
  Objective coefficient range : [ 1.30196e-21, 2.28423e+08 ]
  Variable bound range        : [ 0.05, 1 ]
  RHS coefficient range       : [ 3.32903e-08, 1 ]
Objective value for Line heur k = 6: 25934355.637019575
84
Actual reward of current solution: 40819871.9821958
Minimum Difference with past solutions:0.0.
New solution equals old solution at k=6
83
Total Reward at the start of the inner iterations: 40819871.9821958
Gurobi status: 2

Statistics for model Linearization Heuristic :
  Linear constraint matrix    : 14925 Constrs, 8730 Vars, 5179260 NZs
  Matrix coefficient range    : [ 1.0009e-13, 1 ]
  Objective coefficient range : [ 4.15053e-21, 2.28423e+08 ]
  Variable bound range        : [ 0.05, 1 ]
  RHS coefficient range       : [ 2.7898e-08, 1 ]
Objective value for Line heur k = 7: 26351900.68604186
83
Actual reward of current solution: 40670275.8395857
Minimum Difference with past solutions:0.05.
Gurobi status: 2

Statistics for model Linearization Heuristic :
  Linear constraint matrix    : 14925 Constrs, 8730 Vars, 5310392 NZs
  Matrix coefficient range    : [ 1.00118e-13, 1 ]
  Objective coefficient range : [ 1.30196e-21, 2.28423e+08 ]
  Variable bound range        : [ 0.05, 1 ]
  RHS coefficient range       : [ 3.51243e-08, 1 ]
Objective value for Line heur k = 7: 26022777.41157039
83
Actual reward of current solution: 40819871.9821958
Minimum Difference with past solutions:0.0.
New solution equals old solution at k=7
82
Total Reward at the start of the inner iterations: 40819871.9821958
Gurobi status: 2

Statistics for model Linearization Heuristic :
  Linear constraint matrix    : 14760 Constrs, 8640 Vars, 5086185 NZs
  Matrix coefficient range    : [ 1.0009e-13, 1 ]
  Objective coefficient range : [ 4.15053e-21, 2.28423e+08 ]
  Variable bound range        : [ 0.05, 1 ]
  RHS coefficient range       : [ 1.09187e-07, 1 ]
Objective value for Line heur k = 8: 26409036.85090002
82
Actual reward of current solution: 40670275.8395857
Minimum Difference with past solutions:0.05.
Gurobi status: 2

Statistics for model Linearization Heuristic :
  Linear constraint matrix    : 14760 Constrs, 8640 Vars, 5217317 NZs
  Matrix coefficient range    : [ 1.00118e-13, 1 ]
  Objective coefficient range : [ 1.30196e-21, 2.28423e+08 ]
  Variable bound range        : [ 0.05, 1 ]
  RHS coefficient range       : [ 1.82344e-07, 1 ]
Objective value for Line heur k = 8: 26089170.33704107
82
Actual reward of current solution: 40819871.9821958
Minimum Difference with past solutions:0.0.
New solution equals old solution at k=8
81
Total Reward at the start of the inner iterations: 40819871.9821958
Gurobi status: 2

Statistics for model Linearization Heuristic :
  Linear constraint matrix    : 14595 Constrs, 8550 Vars, 4994098 NZs
  Matrix coefficient range    : [ 1.0009e-13, 1 ]
  Objective coefficient range : [ 4.15053e-21, 2.28423e+08 ]
  Variable bound range        : [ 0.05, 1 ]
  RHS coefficient range       : [ 1.68253e-07, 1 ]
Objective value for Line heur k = 9: 26445614.220729493
81
Actual reward of current solution: 40670275.8395857
Minimum Difference with past solutions:0.05.
Gurobi status: 2

Statistics for model Linearization Heuristic :
  Linear constraint matrix    : 14595 Constrs, 8550 Vars, 5125230 NZs
  Matrix coefficient range    : [ 1.00118e-13, 1 ]
  Objective coefficient range : [ 1.30196e-21, 2.28423e+08 ]
  Variable bound range        : [ 0.05, 1 ]
  RHS coefficient range       : [ 7.17877e-08, 1 ]
Objective value for Line heur k = 9: 26134917.67667843
81
Actual reward of current solution: 40819871.9821958
Minimum Difference with past solutions:0.0.
New solution equals old solution at k=9
80
Total Reward at the start of the inner iterations: 40819871.9821958
Gurobi status: 2

Statistics for model Linearization Heuristic :
  Linear constraint matrix    : 14430 Constrs, 8460 Vars, 4902999 NZs
  Matrix coefficient range    : [ 1.0009e-13, 1 ]
  Objective coefficient range : [ 4.15053e-21, 2.28423e+08 ]
  Variable bound range        : [ 0.05, 1 ]
  RHS coefficient range       : [ 2.88309e-08, 1 ]
Objective value for Line heur k = 10: 26463183.396612
80
Actual reward of current solution: 40670275.8395857
Minimum Difference with past solutions:0.05.
Gurobi status: 2

Statistics for model Linearization Heuristic :
  Linear constraint matrix    : 14430 Constrs, 8460 Vars, 5034131 NZs
  Matrix coefficient range    : [ 1.00118e-13, 1 ]
  Objective coefficient range : [ 1.30196e-21, 2.28423e+08 ]
  Variable bound range        : [ 0.05, 1 ]
  RHS coefficient range       : [ 4.35801e-08, 1 ]
Objective value for Line heur k = 10: 26161475.46983065
80
Actual reward of current solution: 40819871.9821958
Minimum Difference with past solutions:0.0.
New solution equals old solution at k=10
79
Total Reward at the start of the inner iterations: 40819871.9821958
Gurobi status: 2

Statistics for model Linearization Heuristic :
  Linear constraint matrix    : 14265 Constrs, 8370 Vars, 4812888 NZs
  Matrix coefficient range    : [ 1.0009e-13, 1 ]
  Objective coefficient range : [ 4.15053e-21, 2.28423e+08 ]
  Variable bound range        : [ 0.05, 1 ]
  RHS coefficient range       : [ 6.732e-08, 1 ]
Objective value for Line heur k = 11: 26463202.70719114
79
Actual reward of current solution: 40670275.8395857
Minimum Difference with past solutions:0.05.
Gurobi status: 2

Statistics for model Linearization Heuristic :
  Linear constraint matrix    : 14265 Constrs, 8370 Vars, 4944020 NZs
  Matrix coefficient range    : [ 1.00118e-13, 1 ]
  Objective coefficient range : [ 1.30196e-21, 2.28423e+08 ]
  Variable bound range        : [ 0.05, 1 ]
  RHS coefficient range       : [ 5.49109e-08, 1 ]
Objective value for Line heur k = 11: 26170179.722421926
79
Actual reward of current solution: 40819871.9821958
Minimum Difference with past solutions:0.0.
New solution equals old solution at k=11
78
Total Reward at the start of the inner iterations: 40819871.9821958
Gurobi status: 2

Statistics for model Linearization Heuristic :
  Linear constraint matrix    : 14100 Constrs, 8280 Vars, 4723765 NZs
  Matrix coefficient range    : [ 1.0009e-13, 1 ]
  Objective coefficient range : [ 4.15053e-21, 2.28423e+08 ]
  Variable bound range        : [ 0.05, 1 ]
  RHS coefficient range       : [ 4.39595e-08, 1 ]
Objective value for Line heur k = 12: 26446911.137819316
78
Actual reward of current solution: 40670275.8395857
Minimum Difference with past solutions:0.05.
Gurobi status: 2

Statistics for model Linearization Heuristic :
  Linear constraint matrix    : 14100 Constrs, 8280 Vars, 4854897 NZs
  Matrix coefficient range    : [ 1.00118e-13, 1 ]
  Objective coefficient range : [ 1.30196e-21, 2.28423e+08 ]
  Variable bound range        : [ 0.05, 1 ]
  RHS coefficient range       : [ 9.40828e-09, 1 ]
Objective value for Line heur k = 12: 26162101.213128846
78
Actual reward of current solution: 40819871.9821958
Minimum Difference with past solutions:0.0.
New solution equals old solution at k=12
77
Total Reward at the start of the inner iterations: 40819871.9821958
Gurobi status: 2

Statistics for model Linearization Heuristic :
  Linear constraint matrix    : 13935 Constrs, 8190 Vars, 4635630 NZs
  Matrix coefficient range    : [ 1.0009e-13, 1 ]
  Objective coefficient range : [ 4.15053e-21, 2.28423e+08 ]
  Variable bound range        : [ 0.05, 1 ]
  RHS coefficient range       : [ 1.43014e-07, 1 ]
Objective value for Line heur k = 13: 26415219.48484204
77
Actual reward of current solution: 40670275.8395857
Minimum Difference with past solutions:0.05.
Gurobi status: 2

Statistics for model Linearization Heuristic :
  Linear constraint matrix    : 13935 Constrs, 8190 Vars, 4766762 NZs
  Matrix coefficient range    : [ 1.00118e-13, 1 ]
  Objective coefficient range : [ 1.30196e-21, 2.28423e+08 ]
  Variable bound range        : [ 0.05, 1 ]
  RHS coefficient range       : [ 2.98008e-08, 1 ]
Objective value for Line heur k = 13: 26137911.39026089
77
Actual reward of current solution: 40819871.9821958
Minimum Difference with past solutions:0.0.
New solution equals old solution at k=13
76
Total Reward at the start of the inner iterations: 40819871.9821958
Gurobi status: 2

Statistics for model Linearization Heuristic :
  Linear constraint matrix    : 13770 Constrs, 8100 Vars, 4548537 NZs
  Matrix coefficient range    : [ 1.0009e-13, 1 ]
  Objective coefficient range : [ 4.15053e-21, 2.28423e+08 ]
  Variable bound range        : [ 0.05, 1 ]
  RHS coefficient range       : [ 3.89563e-10, 0.292464 ]
Objective value for Line heur k = 14: 26368592.885245968
76
Actual reward of current solution: 40670275.8395857
Minimum Difference with past solutions:0.05.
Gurobi status: 2

Statistics for model Linearization Heuristic :
  Linear constraint matrix    : 13770 Constrs, 8100 Vars, 4679669 NZs
  Matrix coefficient range    : [ 1.00118e-13, 1 ]
  Objective coefficient range : [ 1.30196e-21, 2.28423e+08 ]
  Variable bound range        : [ 0.05, 1 ]
  RHS coefficient range       : [ 6.37204e-09, 0.292719 ]
Objective value for Line heur k = 14: 26097728.566453088
76
Actual reward of current solution: 40819871.9821958
Minimum Difference with past solutions:0.0.
New solution equals old solution at k=14
75
Total Reward at the start of the inner iterations: 40819871.9821958
Gurobi status: 2

Statistics for model Linearization Heuristic :
  Linear constraint matrix    : 13659 Constrs, 8010 Vars, 4450688 NZs
  Matrix coefficient range    : [ 1.0009e-13, 1 ]
  Objective coefficient range : [ 4.15053e-21, 2.28423e+08 ]
  Variable bound range        : [ 0.05, 1 ]
  RHS coefficient range       : [ 1.18865e-07, 1 ]
Objective value for Line heur k = 15: 26224657.53054341
75
Actual reward of current solution: 40819871.9821958
Minimum Difference with past solutions:0.0.
New solution equals old solution at k=15
74
Total Reward at the start of the inner iterations: 40819871.9821958
Gurobi status: 2

Statistics for model Linearization Heuristic :
  Linear constraint matrix    : 13494 Constrs, 7920 Vars, 4353906 NZs
  Matrix coefficient range    : [ 1.0009e-13, 1 ]
  Objective coefficient range : [ 4.15053e-21, 2.28423e+08 ]
  Variable bound range        : [ 0.05, 1 ]
  RHS coefficient range       : [ 1.03281e-07, 1 ]
Objective value for Line heur k = 16: 26109598.171448197
74
Actual reward of current solution: 40819871.9821958
Minimum Difference with past solutions:0.0.
New solution equals old solution at k=16
73
Total Reward at the start of the inner iterations: 40819871.9821958
Gurobi status: 2

Statistics for model Linearization Heuristic :
  Linear constraint matrix    : 13329 Constrs, 7830 Vars, 4258245 NZs
  Matrix coefficient range    : [ 1.0009e-13, 1 ]
  Objective coefficient range : [ 4.15053e-21, 2.28423e+08 ]
  Variable bound range        : [ 0.05, 1 ]
  RHS coefficient range       : [ 7.85527e-08, 1 ]
Objective value for Line heur k = 17: 25981146.022276495
73
Actual reward of current solution: 40819871.9821958
Minimum Difference with past solutions:0.0.
New solution equals old solution at k=17
72
Total Reward at the start of the inner iterations: 40819871.9821958
Gurobi status: 2

Statistics for model Linearization Heuristic :
  Linear constraint matrix    : 13164 Constrs, 7740 Vars, 4163705 NZs
  Matrix coefficient range    : [ 1.0009e-13, 1 ]
  Objective coefficient range : [ 4.15053e-21, 2.28423e+08 ]
  Variable bound range        : [ 0.05, 1 ]
  RHS coefficient range       : [ 4.11517e-08, 1 ]
Objective value for Line heur k = 18: 25841622.19148954
72
Actual reward of current solution: 40819871.9821958
Minimum Difference with past solutions:0.0.
New solution equals old solution at k=18
71
Total Reward at the start of the inner iterations: 40819871.9821958
Gurobi status: 2

Statistics for model Linearization Heuristic :
  Linear constraint matrix    : 12999 Constrs, 7650 Vars, 4070286 NZs
  Matrix coefficient range    : [ 1.0009e-13, 1 ]
  Objective coefficient range : [ 4.15053e-21, 2.28423e+08 ]
  Variable bound range        : [ 0.05, 1 ]
  RHS coefficient range       : [ 1.79994e-08, 1 ]
Objective value for Line heur k = 19: 25692656.91640986
71
Actual reward of current solution: 40819871.9821958
Minimum Difference with past solutions:0.0.
New solution equals old solution at k=19
70
Total Reward at the start of the inner iterations: 40819871.9821958
Gurobi status: 2

Statistics for model Linearization Heuristic :
  Linear constraint matrix    : 12834 Constrs, 7560 Vars, 3977988 NZs
  Matrix coefficient range    : [ 1.0009e-13, 1 ]
  Objective coefficient range : [ 4.15053e-21, 2.28423e+08 ]
  Variable bound range        : [ 0.05, 1 ]
  RHS coefficient range       : [ 1.38122e-08, 1 ]
Objective value for Line heur k = 20: 25535450.86342744
70
Actual reward of current solution: 40819871.9821958
Minimum Difference with past solutions:0.0.
New solution equals old solution at k=20
69
Total Reward at the start of the inner iterations: 40819871.9821958
Gurobi status: 2

Statistics for model Linearization Heuristic :
  Linear constraint matrix    : 12669 Constrs, 7470 Vars, 3886811 NZs
  Matrix coefficient range    : [ 1.0009e-13, 1 ]
  Objective coefficient range : [ 4.15053e-21, 2.28423e+08 ]
  Variable bound range        : [ 0.05, 1 ]
  RHS coefficient range       : [ 4.52118e-08, 1 ]
Objective value for Line heur k = 21: 25370924.734838583
69
Actual reward of current solution: 40819871.9821958
Minimum Difference with past solutions:0.0.
New solution equals old solution at k=21
68
Total Reward at the start of the inner iterations: 40819871.9821958
Gurobi status: 2

Statistics for model Linearization Heuristic :
  Linear constraint matrix    : 12504 Constrs, 7380 Vars, 3796755 NZs
  Matrix coefficient range    : [ 1.0009e-13, 1 ]
  Objective coefficient range : [ 4.15053e-21, 2.28423e+08 ]
  Variable bound range        : [ 0.05, 1 ]
  RHS coefficient range       : [ 1.82837e-08, 1 ]
Objective value for Line heur k = 22: 25199803.479752354
68
Actual reward of current solution: 40819871.9821958
Minimum Difference with past solutions:0.0.
New solution equals old solution at k=22
67
Total Reward at the start of the inner iterations: 40819871.9821958
Gurobi status: 2

Statistics for model Linearization Heuristic :
  Linear constraint matrix    : 12339 Constrs, 7290 Vars, 3707820 NZs
  Matrix coefficient range    : [ 1.0009e-13, 1 ]
  Objective coefficient range : [ 4.15053e-21, 2.28423e+08 ]
  Variable bound range        : [ 0.05, 1 ]
  RHS coefficient range       : [ 6.15317e-08, 1 ]
Objective value for Line heur k = 23: 25022660.47877543
67
Actual reward of current solution: 40819871.9821958
Minimum Difference with past solutions:0.0.
New solution equals old solution at k=23
66
Total Reward at the start of the inner iterations: 40819871.9821958
Gurobi status: 2

Statistics for model Linearization Heuristic :
  Linear constraint matrix    : 12174 Constrs, 7200 Vars, 3620006 NZs
  Matrix coefficient range    : [ 1.0009e-13, 1 ]
  Objective coefficient range : [ 4.15053e-21, 2.28423e+08 ]
  Variable bound range        : [ 0.05, 1 ]
  RHS coefficient range       : [ 1.2943e-07, 1 ]
Objective value for Line heur k = 24: 24839934.60113916
66
Actual reward of current solution: 40819871.9821958
Minimum Difference with past solutions:0.0.
New solution equals old solution at k=24
65
Total Reward at the start of the inner iterations: 40819871.9821958
Gurobi status: 2

Statistics for model Linearization Heuristic :
  Linear constraint matrix    : 12009 Constrs, 7110 Vars, 3533313 NZs
  Matrix coefficient range    : [ 1.0009e-13, 1 ]
  Objective coefficient range : [ 4.15053e-21, 2.28423e+08 ]
  Variable bound range        : [ 0.05, 1 ]
  RHS coefficient range       : [ 2.99854e-09, 1 ]
Objective value for Line heur k = 25: 24651924.95193606
65
Actual reward of current solution: 40819871.9821958
Minimum Difference with past solutions:0.0.
New solution equals old solution at k=25
64
Total Reward at the start of the inner iterations: 40819871.9821958
Gurobi status: 2

Statistics for model Linearization Heuristic :
  Linear constraint matrix    : 11844 Constrs, 7020 Vars, 3447741 NZs
  Matrix coefficient range    : [ 1.0009e-13, 1 ]
  Objective coefficient range : [ 4.15053e-21, 2.28423e+08 ]
  Variable bound range        : [ 0.05, 1 ]
  RHS coefficient range       : [ 1.16911e-07, 1 ]
Objective value for Line heur k = 26: 24458761.87950169
64
Actual reward of current solution: 40819871.9821958
Minimum Difference with past solutions:0.0.
New solution equals old solution at k=26
63
Total Reward at the start of the inner iterations: 40819871.9821958
Gurobi status: 2

Statistics for model Linearization Heuristic :
  Linear constraint matrix    : 11679 Constrs, 6930 Vars, 3363290 NZs
  Matrix coefficient range    : [ 1.0009e-13, 1 ]
  Objective coefficient range : [ 4.15053e-21, 2.28423e+08 ]
  Variable bound range        : [ 0.05, 1 ]
  RHS coefficient range       : [ 5.32231e-08, 1 ]
Objective value for Line heur k = 27: 24260346.52243337
63
Actual reward of current solution: 40819871.9821958
Minimum Difference with past solutions:0.0.
New solution equals old solution at k=27
62
Total Reward at the start of the inner iterations: 40819871.9821958
Gurobi status: 2

Statistics for model Linearization Heuristic :
  Linear constraint matrix    : 11514 Constrs, 6840 Vars, 3280014 NZs
  Matrix coefficient range    : [ 1.0009e-13, 1 ]
  Objective coefficient range : [ 4.15053e-21, 2.28423e+08 ]
  Variable bound range        : [ 0.05, 1 ]
  RHS coefficient range       : [ 1.75396e-08, 0.291372 ]
Objective value for Line heur k = 28: 24056243.065086585
62
Actual reward of current solution: 40819871.9821958
Minimum Difference with past solutions:0.0.
New solution equals old solution at k=28
61
Total Reward at the start of the inner iterations: 40819871.9821958
Gurobi status: 2

Statistics for model Linearization Heuristic :
  Linear constraint matrix    : 11403 Constrs, 6750 Vars, 3189351 NZs
  Matrix coefficient range    : [ 1.0009e-13, 1 ]
  Objective coefficient range : [ 4.15053e-21, 2.28423e+08 ]
  Variable bound range        : [ 0.05, 1 ]
  RHS coefficient range       : [ 2.39611e-08, 1 ]
Objective value for Line heur k = 29: 23807952.13496689
61
Actual reward of current solution: 40819871.9821958
Minimum Difference with past solutions:0.0.
New solution equals old solution at k=29
60
Total Reward at the start of the inner iterations: 40819871.9821958
Gurobi status: 2

Statistics for model Linearization Heuristic :
  Linear constraint matrix    : 11238 Constrs, 6660 Vars, 3099869 NZs
  Matrix coefficient range    : [ 1.0009e-13, 1 ]
  Objective coefficient range : [ 4.15053e-21, 2.28423e+08 ]
  Variable bound range        : [ 0.05, 1 ]
  RHS coefficient range       : [ 1.75066e-08, 1 ]
Objective value for Line heur k = 30: 23552581.88249138
60
Actual reward of current solution: 40819871.9821958
Minimum Difference with past solutions:0.0.
New solution equals old solution at k=30
59
Total Reward at the start of the inner iterations: 40819871.9821958
Gurobi status: 2

Statistics for model Linearization Heuristic :
  Linear constraint matrix    : 11073 Constrs, 6570 Vars, 3011622 NZs
  Matrix coefficient range    : [ 1.0009e-13, 1 ]
  Objective coefficient range : [ 4.15053e-21, 2.28423e+08 ]
  Variable bound range        : [ 0.05, 1 ]
  RHS coefficient range       : [ 8.82156e-09, 1 ]
Objective value for Line heur k = 31: 23291654.464467667
59
Actual reward of current solution: 40819871.9821958
Minimum Difference with past solutions:0.0.
New solution equals old solution at k=31
58
Total Reward at the start of the inner iterations: 40819871.9821958
Gurobi status: 2

Statistics for model Linearization Heuristic :
  Linear constraint matrix    : 10908 Constrs, 6480 Vars, 2924610 NZs
  Matrix coefficient range    : [ 1.0009e-13, 1 ]
  Objective coefficient range : [ 4.15053e-21, 2.28423e+08 ]
  Variable bound range        : [ 0.05, 1 ]
  RHS coefficient range       : [ 6.09165e-10, 1 ]
Objective value for Line heur k = 32: 23026090.70431594
58
Actual reward of current solution: 40819871.9821958
Minimum Difference with past solutions:0.0.
New solution equals old solution at k=32
57
Total Reward at the start of the inner iterations: 40819871.9821958
Gurobi status: 2

Statistics for model Linearization Heuristic :
  Linear constraint matrix    : 10743 Constrs, 6390 Vars, 2838833 NZs
  Matrix coefficient range    : [ 1.0009e-13, 1 ]
  Objective coefficient range : [ 4.15053e-21, 2.28423e+08 ]
  Variable bound range        : [ 0.05, 1 ]
  RHS coefficient range       : [ 6.68066e-09, 1 ]
Objective value for Line heur k = 33: 22756472.78308487
57
Actual reward of current solution: 40819871.9821958
Minimum Difference with past solutions:0.0.
New solution equals old solution at k=33
56
Total Reward at the start of the inner iterations: 40819871.9821958
Gurobi status: 2

Statistics for model Linearization Heuristic :
  Linear constraint matrix    : 10578 Constrs, 6300 Vars, 2754291 NZs
  Matrix coefficient range    : [ 1.0009e-13, 1 ]
  Objective coefficient range : [ 4.15053e-21, 2.28423e+08 ]
  Variable bound range        : [ 0.05, 1 ]
  RHS coefficient range       : [ 1.29081e-08, 1 ]
Objective value for Line heur k = 34: 22483191.135088295
56
Actual reward of current solution: 40819871.9821958
Minimum Difference with past solutions:0.0.
New solution equals old solution at k=34
55
Total Reward at the start of the inner iterations: 40819871.9821958
Gurobi status: 2

Statistics for model Linearization Heuristic :
  Linear constraint matrix    : 10413 Constrs, 6210 Vars, 2670984 NZs
  Matrix coefficient range    : [ 1.0009e-13, 1 ]
  Objective coefficient range : [ 4.15053e-21, 2.28423e+08 ]
  Variable bound range        : [ 0.05, 1 ]
  RHS coefficient range       : [ 1.80854e-08, 1 ]
Objective value for Line heur k = 35: 22206526.670406353
55
Actual reward of current solution: 40819871.9821958
Minimum Difference with past solutions:0.0.
New solution equals old solution at k=35
54
Total Reward at the start of the inner iterations: 40819871.9821958
Gurobi status: 2

Statistics for model Linearization Heuristic :
  Linear constraint matrix    : 10248 Constrs, 6120 Vars, 2588912 NZs
  Matrix coefficient range    : [ 1.0009e-13, 1 ]
  Objective coefficient range : [ 4.15053e-21, 2.28423e+08 ]
  Variable bound range        : [ 0.05, 1 ]
  RHS coefficient range       : [ 2.22938e-08, 1 ]
Objective value for Line heur k = 36: 21926696.84024323
54
Actual reward of current solution: 40819871.9821958
Minimum Difference with past solutions:0.0.
New solution equals old solution at k=36
53
Total Reward at the start of the inner iterations: 40819871.9821958
Gurobi status: 2

Statistics for model Linearization Heuristic :
  Linear constraint matrix    : 10083 Constrs, 6030 Vars, 2508075 NZs
  Matrix coefficient range    : [ 1.0009e-13, 1 ]
  Objective coefficient range : [ 4.15053e-21, 2.28423e+08 ]
  Variable bound range        : [ 0.05, 1 ]
  RHS coefficient range       : [ 2.56408e-08, 1 ]
Objective value for Line heur k = 37: 21643881.469475206
53
Actual reward of current solution: 40819871.9821958
Minimum Difference with past solutions:0.0.
New solution equals old solution at k=37
52
Total Reward at the start of the inner iterations: 40819871.9821958
Gurobi status: 2

Statistics for model Linearization Heuristic :
  Linear constraint matrix    : 9918 Constrs, 5940 Vars, 2428473 NZs
  Matrix coefficient range    : [ 1.0009e-13, 1 ]
  Objective coefficient range : [ 4.15053e-21, 2.28423e+08 ]
  Variable bound range        : [ 0.05, 1 ]
  RHS coefficient range       : [ 2.82382e-08, 1 ]
Objective value for Line heur k = 38: 21358237.259041544
52
Actual reward of current solution: 40819871.9821958
Minimum Difference with past solutions:0.0.
New solution equals old solution at k=38
51
Total Reward at the start of the inner iterations: 40819871.9821958
Gurobi status: 2

Statistics for model Linearization Heuristic :
  Linear constraint matrix    : 9753 Constrs, 5850 Vars, 2350106 NZs
  Matrix coefficient range    : [ 1.0009e-13, 1 ]
  Objective coefficient range : [ 4.15053e-21, 2.28423e+08 ]
  Variable bound range        : [ 0.05, 1 ]
  RHS coefficient range       : [ 3.01925e-08, 1 ]
Objective value for Line heur k = 39: 21069905.94061479
51
Actual reward of current solution: 40819871.9821958
Minimum Difference with past solutions:0.0.
New solution equals old solution at k=39
50
Total Reward at the start of the inner iterations: 40819871.9821958
Gurobi status: 2

Statistics for model Linearization Heuristic :
  Linear constraint matrix    : 9588 Constrs, 5760 Vars, 2272974 NZs
  Matrix coefficient range    : [ 1.0009e-13, 1 ]
  Objective coefficient range : [ 4.15053e-21, 2.28423e+08 ]
  Variable bound range        : [ 0.05, 1 ]
  RHS coefficient range       : [ 3.16003e-08, 1 ]
Objective value for Line heur k = 40: 20779018.874735072
50
Actual reward of current solution: 40819871.9821958
Minimum Difference with past solutions:0.0.
New solution equals old solution at k=40
49
Total Reward at the start of the inner iterations: 40819871.9821958
Gurobi status: 2

Statistics for model Linearization Heuristic :
  Linear constraint matrix    : 9423 Constrs, 5670 Vars, 2197077 NZs
  Matrix coefficient range    : [ 1.0009e-13, 1 ]
  Objective coefficient range : [ 4.15053e-21, 2.28423e+08 ]
  Variable bound range        : [ 0.05, 1 ]
  RHS coefficient range       : [ 3.25472e-08, 1 ]
Objective value for Line heur k = 41: 20485699.657327253
49
Actual reward of current solution: 40819871.9821958
Minimum Difference with past solutions:0.0.
New solution equals old solution at k=41
48
Total Reward at the start of the inner iterations: 40819871.9821958
Gurobi status: 2

Statistics for model Linearization Heuristic :
  Linear constraint matrix    : 9258 Constrs, 5580 Vars, 2122469 NZs
  Matrix coefficient range    : [ 1.0009e-13, 1 ]
  Objective coefficient range : [ 4.15053e-21, 2.28423e+08 ]
  Variable bound range        : [ 0.05, 1 ]
  RHS coefficient range       : [ 3.31078e-08, 0.290684 ]
Objective value for Line heur k = 42: 20190065.612499688
48
Actual reward of current solution: 40819871.9821958
Minimum Difference with past solutions:0.0.
New solution equals old solution at k=42
47
Total Reward at the start of the inner iterations: 40819871.9821958
Gurobi status: 2

Statistics for model Linearization Heuristic :
  Linear constraint matrix    : 9147 Constrs, 5490 Vars, 2049096 NZs
  Matrix coefficient range    : [ 1.0009e-13, 1 ]
  Objective coefficient range : [ 4.15053e-21, 2.28423e+08 ]
  Variable bound range        : [ 0.05, 1 ]
  RHS coefficient range       : [ 3.33467e-08, 1 ]
Objective value for Line heur k = 43: 19892228.664201193
47
Actual reward of current solution: 40819871.9821958
Minimum Difference with past solutions:0.0.
New solution equals old solution at k=43
46
Total Reward at the start of the inner iterations: 40819871.9821958
Gurobi status: 2

Statistics for model Linearization Heuristic :
  Linear constraint matrix    : 8982 Constrs, 5400 Vars, 1976904 NZs
  Matrix coefficient range    : [ 1.0009e-13, 1 ]
  Objective coefficient range : [ 4.15053e-21, 2.28423e+08 ]
  Variable bound range        : [ 0.05, 1 ]
  RHS coefficient range       : [ 3.33194e-08, 1 ]
Objective value for Line heur k = 44: 19592295.862998664
46
Actual reward of current solution: 40819871.9821958
Minimum Difference with past solutions:0.0.
New solution equals old solution at k=44
45
Total Reward at the start of the inner iterations: 40819871.9821958
Gurobi status: 2

Statistics for model Linearization Heuristic :
  Linear constraint matrix    : 8817 Constrs, 5310 Vars, 1905947 NZs
  Matrix coefficient range    : [ 1.0009e-13, 1 ]
  Objective coefficient range : [ 4.15053e-21, 2.28423e+08 ]
  Variable bound range        : [ 0.05, 1 ]
  RHS coefficient range       : [ 3.30735e-08, 1 ]
Objective value for Line heur k = 45: 19290369.722706407
45
Actual reward of current solution: 40819871.9821958
Minimum Difference with past solutions:0.0.
New solution equals old solution at k=45
44
Total Reward at the start of the inner iterations: 40819871.9821958
Gurobi status: 2

Statistics for model Linearization Heuristic :
  Linear constraint matrix    : 8652 Constrs, 5220 Vars, 1836225 NZs
  Matrix coefficient range    : [ 1.0009e-13, 1 ]
  Objective coefficient range : [ 4.15053e-21, 2.28423e+08 ]
  Variable bound range        : [ 0.05, 1 ]
  RHS coefficient range       : [ 3.26495e-08, 1 ]
Objective value for Line heur k = 46: 18986548.453289058
44
Actual reward of current solution: 40819871.9821958
Minimum Difference with past solutions:0.0.
New solution equals old solution at k=46
43
Total Reward at the start of the inner iterations: 40819871.9821958
Gurobi status: 2

Statistics for model Linearization Heuristic :
  Linear constraint matrix    : 8487 Constrs, 5130 Vars, 1767738 NZs
  Matrix coefficient range    : [ 1.0009e-13, 1 ]
  Objective coefficient range : [ 4.15053e-21, 2.28423e+08 ]
  Variable bound range        : [ 0.05, 1 ]
  RHS coefficient range       : [ 3.20821e-08, 1 ]
Objective value for Line heur k = 47: 18680926.138064418
43
Actual reward of current solution: 40819871.9821958
Minimum Difference with past solutions:0.0.
New solution equals old solution at k=47
42
Total Reward at the start of the inner iterations: 40819871.9821958
Gurobi status: 2

Statistics for model Linearization Heuristic :
  Linear constraint matrix    : 8322 Constrs, 5040 Vars, 1700486 NZs
  Matrix coefficient range    : [ 1.0009e-13, 1 ]
  Objective coefficient range : [ 4.15053e-21, 2.28423e+08 ]
  Variable bound range        : [ 0.05, 1 ]
  RHS coefficient range       : [ 3.14007e-08, 1 ]
Objective value for Line heur k = 48: 18373592.881666392
42
Actual reward of current solution: 40819871.9821958
Minimum Difference with past solutions:0.0.
New solution equals old solution at k=48
41
Total Reward at the start of the inner iterations: 40819871.9821958
Gurobi status: 2

Statistics for model Linearization Heuristic :
  Linear constraint matrix    : 8157 Constrs, 4950 Vars, 1634469 NZs
  Matrix coefficient range    : [ 1.0009e-13, 1 ]
  Objective coefficient range : [ 4.15053e-21, 2.28423e+08 ]
  Variable bound range        : [ 0.05, 1 ]
  RHS coefficient range       : [ 3.06302e-08, 1 ]
Objective value for Line heur k = 49: 18064634.943136457
41
Actual reward of current solution: 40819871.9821958
Minimum Difference with past solutions:0.0.
New solution equals old solution at k=49
40
Total Reward at the start of the inner iterations: 40819871.9821958
Gurobi status: 2

Statistics for model Linearization Heuristic :
  Linear constraint matrix    : 7992 Constrs, 4860 Vars, 1569687 NZs
  Matrix coefficient range    : [ 1.0009e-13, 1 ]
  Objective coefficient range : [ 4.15053e-21, 2.28423e+08 ]
  Variable bound range        : [ 0.05, 1 ]
  RHS coefficient range       : [ 2.97917e-08, 1 ]
Objective value for Line heur k = 50: 17754134.861757662
40
Actual reward of current solution: 40819871.9821958
Minimum Difference with past solutions:0.0.
New solution equals old solution at k=50
39
Total Reward at the start of the inner iterations: 40819871.9821958
Gurobi status: 2

Statistics for model Linearization Heuristic :
  Linear constraint matrix    : 7827 Constrs, 4770 Vars, 1506140 NZs
  Matrix coefficient range    : [ 1.0009e-13, 1 ]
  Objective coefficient range : [ 4.15053e-21, 2.28423e+08 ]
  Variable bound range        : [ 0.05, 1 ]
  RHS coefficient range       : [ 2.8903e-08, 1 ]
Objective value for Line heur k = 51: 17442171.579494547
39
Actual reward of current solution: 40819871.9821958
Minimum Difference with past solutions:0.0.
New solution equals old solution at k=51
38
Total Reward at the start of the inner iterations: 40819871.9821958
Gurobi status: 2

Statistics for model Linearization Heuristic :
  Linear constraint matrix    : 7662 Constrs, 4680 Vars, 1443828 NZs
  Matrix coefficient range    : [ 1.0009e-13, 1 ]
  Objective coefficient range : [ 4.15053e-21, 2.28423e+08 ]
  Variable bound range        : [ 0.05, 1 ]
  RHS coefficient range       : [ 2.7979e-08, 1 ]
Objective value for Line heur k = 52: 17128820.56184416
38
Actual reward of current solution: 40819871.9821958
Minimum Difference with past solutions:0.0.
New solution equals old solution at k=52
37
Total Reward at the start of the inner iterations: 40819871.9821958
Gurobi status: 2

Statistics for model Linearization Heuristic :
  Linear constraint matrix    : 7497 Constrs, 4590 Vars, 1382752 NZs
  Matrix coefficient range    : [ 1.0009e-13, 1 ]
  Objective coefficient range : [ 4.15053e-21, 2.28423e+08 ]
  Variable bound range        : [ 0.05, 1 ]
  RHS coefficient range       : [ 2.70323e-08, 1 ]
Objective value for Line heur k = 53: 16814153.917790674
37
Actual reward of current solution: 40819871.9821958
Minimum Difference with past solutions:0.0.
New solution equals old solution at k=53
36
Total Reward at the start of the inner iterations: 40819871.9821958
Gurobi status: 2

Statistics for model Linearization Heuristic :
  Linear constraint matrix    : 7332 Constrs, 4500 Vars, 1322911 NZs
  Matrix coefficient range    : [ 1.0009e-13, 1 ]
  Objective coefficient range : [ 4.15053e-21, 2.28423e+08 ]
  Variable bound range        : [ 0.05, 1 ]
  RHS coefficient range       : [ 2.60734e-08, 1 ]
Objective value for Line heur k = 54: 16498240.518979043
36
Actual reward of current solution: 40819871.9821958
Minimum Difference with past solutions:0.0.
New solution equals old solution at k=54
35
Total Reward at the start of the inner iterations: 40819871.9821958
Gurobi status: 2

Statistics for model Linearization Heuristic :
  Linear constraint matrix    : 7167 Constrs, 4410 Vars, 1264305 NZs
  Matrix coefficient range    : [ 1.0009e-13, 1 ]
  Objective coefficient range : [ 4.15053e-21, 2.28423e+08 ]
  Variable bound range        : [ 0.05, 1 ]
  RHS coefficient range       : [ 2.51108e-08, 1 ]
Objective value for Line heur k = 55: 16181146.117937746
35
Actual reward of current solution: 40819871.9821958
Minimum Difference with past solutions:0.0.
New solution equals old solution at k=55
34
Total Reward at the start of the inner iterations: 40819871.9821958
Gurobi status: 2

Statistics for model Linearization Heuristic :
  Linear constraint matrix    : 7002 Constrs, 4320 Vars, 1206988 NZs
  Matrix coefficient range    : [ 1.0009e-13, 1 ]
  Objective coefficient range : [ 4.15053e-21, 2.28423e+08 ]
  Variable bound range        : [ 0.05, 1 ]
  RHS coefficient range       : [ 2.41517e-08, 0.290222 ]
Objective value for Line heur k = 56: 15862933.465057317
34
Actual reward of current solution: 40819871.9821958
Minimum Difference with past solutions:0.0.
New solution equals old solution at k=56
33
Total Reward at the start of the inner iterations: 40819871.9821958
Gurobi status: 2

Statistics for model Linearization Heuristic :
  Linear constraint matrix    : 6891 Constrs, 4230 Vars, 1150906 NZs
  Matrix coefficient range    : [ 1.0009e-13, 1 ]
  Objective coefficient range : [ 4.15053e-21, 2.28423e+08 ]
  Variable bound range        : [ 0.05, 1 ]
  RHS coefficient range       : [ 2.32019e-08, 1 ]
Objective value for Line heur k = 57: 15543662.423996607
33
Actual reward of current solution: 40819871.9821958
Minimum Difference with past solutions:0.0.
New solution equals old solution at k=57
32
Total Reward at the start of the inner iterations: 40819871.9821958
Gurobi status: 2

Statistics for model Linearization Heuristic :
  Linear constraint matrix    : 6726 Constrs, 4140 Vars, 1096005 NZs
  Matrix coefficient range    : [ 1.0009e-13, 1 ]
  Objective coefficient range : [ 4.15053e-21, 2.28423e+08 ]
  Variable bound range        : [ 0.05, 1 ]
  RHS coefficient range       : [ 2.22663e-08, 1 ]
Objective value for Line heur k = 58: 15223390.085197568
32
Actual reward of current solution: 40819871.9821958
Minimum Difference with past solutions:0.0.
New solution equals old solution at k=58
31
Total Reward at the start of the inner iterations: 40819871.9821958
Gurobi status: 2

Statistics for model Linearization Heuristic :
  Linear constraint matrix    : 6561 Constrs, 4050 Vars, 1042339 NZs
  Matrix coefficient range    : [ 1.0009e-13, 1 ]
  Objective coefficient range : [ 4.15053e-21, 2.28423e+08 ]
  Variable bound range        : [ 0.05, 1 ]
  RHS coefficient range       : [ 2.13485e-08, 1 ]
Objective value for Line heur k = 59: 14902170.877220944
31
Actual reward of current solution: 40819871.9821958
Minimum Difference with past solutions:0.0.
New solution equals old solution at k=59
30
Total Reward at the start of the inner iterations: 40819871.9821958
Gurobi status: 2

Statistics for model Linearization Heuristic :
  Linear constraint matrix    : 6396 Constrs, 3960 Vars, 989909 NZs
  Matrix coefficient range    : [ 1.0009e-13, 1 ]
  Objective coefficient range : [ 4.15053e-21, 2.28423e+08 ]
  Variable bound range        : [ 0.05, 1 ]
  RHS coefficient range       : [ 2.04515e-08, 1 ]
Objective value for Line heur k = 60: 14580056.67565553
30
Actual reward of current solution: 40819871.9821958
Minimum Difference with past solutions:0.0.
New solution equals old solution at k=60
29
Total Reward at the start of the inner iterations: 40819871.9821958
Gurobi status: 2

Statistics for model Linearization Heuristic :
  Linear constraint matrix    : 6231 Constrs, 3870 Vars, 938714 NZs
  Matrix coefficient range    : [ 1.0009e-13, 1 ]
  Objective coefficient range : [ 4.15053e-21, 2.28423e+08 ]
  Variable bound range        : [ 0.05, 1 ]
  RHS coefficient range       : [ 1.95778e-08, 1 ]
Objective value for Line heur k = 61: 14257096.909396304
29
Actual reward of current solution: 40819871.9821958
Minimum Difference with past solutions:0.0.
New solution equals old solution at k=61
28
Total Reward at the start of the inner iterations: 40819871.9821958
Gurobi status: 2

Statistics for model Linearization Heuristic :
  Linear constraint matrix    : 6066 Constrs, 3780 Vars, 888754 NZs
  Matrix coefficient range    : [ 1.0009e-13, 1 ]
  Objective coefficient range : [ 4.15053e-21, 2.28423e+08 ]
  Variable bound range        : [ 0.05, 1 ]
  RHS coefficient range       : [ 1.8729e-08, 1 ]
Objective value for Line heur k = 62: 13933338.664127896
28
Actual reward of current solution: 40819871.9821958
Minimum Difference with past solutions:0.0.
New solution equals old solution at k=62
27
Total Reward at the start of the inner iterations: 40819871.9821958
Gurobi status: 2

Statistics for model Linearization Heuristic :
  Linear constraint matrix    : 5901 Constrs, 3690 Vars, 840029 NZs
  Matrix coefficient range    : [ 1.0009e-13, 1 ]
  Objective coefficient range : [ 4.15053e-21, 2.28423e+08 ]
  Variable bound range        : [ 0.05, 1 ]
  RHS coefficient range       : [ 1.79063e-08, 1 ]
Objective value for Line heur k = 63: 13608826.78288798
27
Actual reward of current solution: 40819871.9821958
Minimum Difference with past solutions:0.0.
New solution equals old solution at k=63
26
Total Reward at the start of the inner iterations: 40819871.9821958
Gurobi status: 2

Statistics for model Linearization Heuristic :
  Linear constraint matrix    : 5736 Constrs, 3600 Vars, 792540 NZs
  Matrix coefficient range    : [ 1.0009e-13, 1 ]
  Objective coefficient range : [ 4.15053e-21, 2.28423e+08 ]
  Variable bound range        : [ 0.05, 1 ]
  RHS coefficient range       : [ 1.71107e-08, 1 ]
Objective value for Line heur k = 64: 13283603.963619458
26
Actual reward of current solution: 40819871.9821958
Minimum Difference with past solutions:0.0.
New solution equals old solution at k=64
25
Total Reward at the start of the inner iterations: 40819871.9821958
Gurobi status: 2

Statistics for model Linearization Heuristic :
  Linear constraint matrix    : 5571 Constrs, 3510 Vars, 746286 NZs
  Matrix coefficient range    : [ 1.0009e-13, 1 ]
  Objective coefficient range : [ 4.15053e-21, 2.28423e+08 ]
  Variable bound range        : [ 0.05, 1 ]
  RHS coefficient range       : [ 1.63426e-08, 1 ]
Objective value for Line heur k = 65: 12957710.853650762
25
Actual reward of current solution: 40819871.9821958
Minimum Difference with past solutions:0.0.
New solution equals old solution at k=65
24
Total Reward at the start of the inner iterations: 40819871.9821958
Gurobi status: 2

Statistics for model Linearization Heuristic :
  Linear constraint matrix    : 5406 Constrs, 3420 Vars, 701267 NZs
  Matrix coefficient range    : [ 1.0009e-13, 1 ]
  Objective coefficient range : [ 4.15053e-21, 2.28423e+08 ]
  Variable bound range        : [ 0.05, 1 ]
  RHS coefficient range       : [ 1.56024e-08, 1 ]
Objective value for Line heur k = 66: 12631186.141070236
24
Actual reward of current solution: 40819871.9821958
Minimum Difference with past solutions:0.0.
New solution equals old solution at k=66
23
Total Reward at the start of the inner iterations: 40819871.9821958
Gurobi status: 2

Statistics for model Linearization Heuristic :
  Linear constraint matrix    : 5241 Constrs, 3330 Vars, 657483 NZs
  Matrix coefficient range    : [ 1.0009e-13, 1 ]
  Objective coefficient range : [ 4.15053e-21, 2.28423e+08 ]
  Variable bound range        : [ 0.05, 1 ]
  RHS coefficient range       : [ 1.489e-08, 1 ]
Objective value for Line heur k = 67: 12304066.64298374
23
Actual reward of current solution: 40819871.9821958
Minimum Difference with past solutions:0.0.
New solution equals old solution at k=67
22
Total Reward at the start of the inner iterations: 40819871.9821958
Gurobi status: 2

Statistics for model Linearization Heuristic :
  Linear constraint matrix    : 5076 Constrs, 3240 Vars, 614934 NZs
  Matrix coefficient range    : [ 1.0009e-13, 1 ]
  Objective coefficient range : [ 4.15053e-21, 2.28423e+08 ]
  Variable bound range        : [ 0.05, 1 ]
  RHS coefficient range       : [ 1.42052e-08, 1 ]
Objective value for Line heur k = 68: 11976387.390665198
22
Actual reward of current solution: 40819871.9821958
Minimum Difference with past solutions:0.0.
New solution equals old solution at k=68
21
Total Reward at the start of the inner iterations: 40819871.9821958
Gurobi status: 2

Statistics for model Linearization Heuristic :
  Linear constraint matrix    : 4911 Constrs, 3150 Vars, 573620 NZs
  Matrix coefficient range    : [ 1.0009e-13, 1 ]
  Objective coefficient range : [ 4.15053e-21, 2.28423e+08 ]
  Variable bound range        : [ 0.05, 1 ]
  RHS coefficient range       : [ 1.35477e-08, 1 ]
Objective value for Line heur k = 69: 11648181.711627878
21
Actual reward of current solution: 40819871.9821958
Minimum Difference with past solutions:0.0.
New solution equals old solution at k=69
20
Total Reward at the start of the inner iterations: 40819871.9821958
Gurobi status: 2

Statistics for model Linearization Heuristic :
  Linear constraint matrix    : 4746 Constrs, 3060 Vars, 533595 NZs
  Matrix coefficient range    : [ 1.0009e-13, 1 ]
  Objective coefficient range : [ 4.15053e-21, 2.28423e+08 ]
  Variable bound range        : [ 0.05, 1 ]
  RHS coefficient range       : [ 1.2917e-08, 0.289957 ]
Objective value for Line heur k = 70: 11319481.308660975
20
Actual reward of current solution: 40819871.9821958
Minimum Difference with past solutions:0.0.
New solution equals old solution at k=70
19
Total Reward at the start of the inner iterations: 40819871.9821958
Gurobi status: 2

Statistics for model Linearization Heuristic :
  Linear constraint matrix    : 4635 Constrs, 2970 Vars, 494806 NZs
  Matrix coefficient range    : [ 1.0009e-13, 1 ]
  Objective coefficient range : [ 4.15053e-21, 2.28423e+08 ]
  Variable bound range        : [ 0.05, 1 ]
  RHS coefficient range       : [ 1.23126e-08, 1 ]
Objective value for Line heur k = 71: 10990316.335892452
19
Actual reward of current solution: 40819871.9821958
Minimum Difference with past solutions:0.0.
New solution equals old solution at k=71
18
Total Reward at the start of the inner iterations: 40819871.9821958
Gurobi status: 2

Statistics for model Linearization Heuristic :
  Linear constraint matrix    : 4470 Constrs, 2880 Vars, 457198 NZs
  Matrix coefficient range    : [ 1.0009e-13, 1 ]
  Objective coefficient range : [ 4.15053e-21, 2.28423e+08 ]
  Variable bound range        : [ 0.05, 1 ]
  RHS coefficient range       : [ 1.17339e-08, 1 ]
Objective value for Line heur k = 72: 10660715.47195757
18
Actual reward of current solution: 40819871.9821958
Minimum Difference with past solutions:0.0.
New solution equals old solution at k=72
17
Total Reward at the start of the inner iterations: 40819871.9821958
Gurobi status: 2

Statistics for model Linearization Heuristic :
  Linear constraint matrix    : 4305 Constrs, 2790 Vars, 420825 NZs
  Matrix coefficient range    : [ 1.0009e-13, 1 ]
  Objective coefficient range : [ 4.15053e-21, 2.28423e+08 ]
  Variable bound range        : [ 0.05, 1 ]
  RHS coefficient range       : [ 1.11801e-08, 1 ]
Objective value for Line heur k = 73: 10330705.990375517
17
Actual reward of current solution: 40819871.9821958
Minimum Difference with past solutions:0.0.
New solution equals old solution at k=73
16
Total Reward at the start of the inner iterations: 40819871.9821958
Gurobi status: 2

Statistics for model Linearization Heuristic :
  Linear constraint matrix    : 4140 Constrs, 2700 Vars, 385688 NZs
  Matrix coefficient range    : [ 1.0009e-13, 1 ]
  Objective coefficient range : [ 4.15053e-21, 2.28423e+08 ]
  Variable bound range        : [ 0.05, 1 ]
  RHS coefficient range       : [ 1.06505e-08, 1 ]
Objective value for Line heur k = 74: 10000313.827268112
16
Actual reward of current solution: 40819871.9821958
Minimum Difference with past solutions:0.0.
New solution equals old solution at k=74
15
Total Reward at the start of the inner iterations: 40819871.9821958
Gurobi status: 2

Statistics for model Linearization Heuristic :
  Linear constraint matrix    : 3975 Constrs, 2610 Vars, 351786 NZs
  Matrix coefficient range    : [ 1.00386e-13, 1 ]
  Objective coefficient range : [ 4.15053e-21, 2.28423e+08 ]
  Variable bound range        : [ 0.05, 1 ]
  RHS coefficient range       : [ 1.01443e-08, 1 ]
Objective value for Line heur k = 75: 9669563.646605965
15
Actual reward of current solution: 40819871.9821958
Minimum Difference with past solutions:0.0.
New solution equals old solution at k=75
14
Total Reward at the start of the inner iterations: 40819871.9821958
Gurobi status: 2

Statistics for model Linearization Heuristic :
  Linear constraint matrix    : 3810 Constrs, 2520 Vars, 319121 NZs
  Matrix coefficient range    : [ 1.00386e-13, 1 ]
  Objective coefficient range : [ 4.15053e-21, 2.28423e+08 ]
  Variable bound range        : [ 0.05, 1 ]
  RHS coefficient range       : [ 7.75059e-09, 1 ]
Objective value for Line heur k = 76: 9338478.903249064
14
Actual reward of current solution: 40819871.9821958
Minimum Difference with past solutions:0.0.
New solution equals old solution at k=76
13
Total Reward at the start of the inner iterations: 40819871.9821958
Gurobi status: 2

Statistics for model Linearization Heuristic :
  Linear constraint matrix    : 3645 Constrs, 2430 Vars, 287692 NZs
  Matrix coefficient range    : [ 1.00386e-13, 1 ]
  Objective coefficient range : [ 4.15053e-21, 2.28423e+08 ]
  Variable bound range        : [ 0.05, 1 ]
  RHS coefficient range       : [ 1.72363e-09, 1 ]
Objective value for Line heur k = 77: 9007081.90418885
13
Actual reward of current solution: 40819871.9821958
Minimum Difference with past solutions:0.0.
New solution equals old solution at k=77
12
Total Reward at the start of the inner iterations: 40819871.9821958
Gurobi status: 2

Statistics for model Linearization Heuristic :
  Linear constraint matrix    : 3480 Constrs, 2340 Vars, 257500 NZs
  Matrix coefficient range    : [ 1.00386e-13, 1 ]
  Objective coefficient range : [ 4.15053e-21, 2.28423e+08 ]
  Variable bound range        : [ 0.05, 1 ]
  RHS coefficient range       : [ 1.8235e-09, 1 ]
Objective value for Line heur k = 78: 8675393.868636962
12
Actual reward of current solution: 40819871.9821958
Minimum Difference with past solutions:0.0.
New solution equals old solution at k=78
11
Total Reward at the start of the inner iterations: 40819871.9821958
Gurobi status: 2

Statistics for model Linearization Heuristic :
  Linear constraint matrix    : 3315 Constrs, 2250 Vars, 228543 NZs
  Matrix coefficient range    : [ 1.00386e-13, 1 ]
  Objective coefficient range : [ 4.15053e-21, 2.28423e+08 ]
  Variable bound range        : [ 0.05, 1 ]
  RHS coefficient range       : [ 1.20508e-10, 1 ]
Objective value for Line heur k = 79: 8343434.9880191
11
Actual reward of current solution: 40819871.9821958
Minimum Difference with past solutions:0.0.
New solution equals old solution at k=79
10
Total Reward at the start of the inner iterations: 40819871.9821958
Gurobi status: 2

Statistics for model Linearization Heuristic :
  Linear constraint matrix    : 3150 Constrs, 2160 Vars, 200821 NZs
  Matrix coefficient range    : [ 1.00386e-13, 1 ]
  Objective coefficient range : [ 4.15053e-21, 2.28423e+08 ]
  Variable bound range        : [ 0.05, 1 ]
  RHS coefficient range       : [ 2.23673e-09, 1 ]
Objective value for Line heur k = 80: 8011224.48764569
10
Actual reward of current solution: 40819871.9821958
Minimum Difference with past solutions:0.0.
New solution equals old solution at k=80
9
Total Reward at the start of the inner iterations: 40819871.9821958
Gurobi status: 2

Statistics for model Linearization Heuristic :
  Linear constraint matrix    : 2985 Constrs, 2070 Vars, 174336 NZs
  Matrix coefficient range    : [ 1.00386e-13, 1 ]
  Objective coefficient range : [ 4.15053e-21, 2.28423e+08 ]
  Variable bound range        : [ 0.05, 1 ]
  RHS coefficient range       : [ 4.74042e-09, 1 ]
Objective value for Line heur k = 81: 7678780.693066721
9
Actual reward of current solution: 40819871.9821958
Minimum Difference with past solutions:0.0.
New solution equals old solution at k=81
8
Total Reward at the start of the inner iterations: 40819871.9821958
Gurobi status: 2

Statistics for model Linearization Heuristic :
  Linear constraint matrix    : 2820 Constrs, 1980 Vars, 149086 NZs
  Matrix coefficient range    : [ 1.00386e-13, 1 ]
  Objective coefficient range : [ 4.15053e-21, 2.28423e+08 ]
  Variable bound range        : [ 0.05, 1 ]
  RHS coefficient range       : [ 7.25129e-09, 1 ]
Objective value for Line heur k = 82: 7346121.106263281
8
Actual reward of current solution: 40819871.9821958
Minimum Difference with past solutions:0.0.
New solution equals old solution at k=82
7
Total Reward at the start of the inner iterations: 40819871.9821958
Gurobi status: 2

Statistics for model Linearization Heuristic :
  Linear constraint matrix    : 2655 Constrs, 1890 Vars, 125072 NZs
  Matrix coefficient range    : [ 1.00386e-13, 1 ]
  Objective coefficient range : [ 4.15053e-21, 2.28423e+08 ]
  Variable bound range        : [ 0.05, 1 ]
  RHS coefficient range       : [ 9.7746e-09, 1 ]
Objective value for Line heur k = 83: 7013262.500543886
7
Actual reward of current solution: 40819871.9821958
Minimum Difference with past solutions:0.0.
New solution equals old solution at k=83
6
Total Reward at the start of the inner iterations: 40819871.9821958
Gurobi status: 2

Statistics for model Linearization Heuristic :
  Linear constraint matrix    : 2490 Constrs, 1800 Vars, 102348 NZs
  Matrix coefficient range    : [ 1.00386e-13, 1 ]
  Objective coefficient range : [ 4.15053e-21, 2.28423e+08 ]
  Variable bound range        : [ 0.05, 1 ]
  RHS coefficient range       : [ 1.23195e-08, 0.289801 ]
Objective value for Line heur k = 84: 6680221.049459146
6
Actual reward of current solution: 40819871.9821958
Minimum Difference with past solutions:0.0.
New solution equals old solution at k=84
5
Total Reward at the start of the inner iterations: 40819871.9821958
Gurobi status: 2

Statistics for model Linearization Heuristic :
  Linear constraint matrix    : 2379 Constrs, 1710 Vars, 80864 NZs
  Matrix coefficient range    : [ 1.00386e-13, 1 ]
  Objective coefficient range : [ 4.15053e-21, 2.28423e+08 ]
  Variable bound range        : [ 0.05, 1 ]
  RHS coefficient range       : [ 1.49017e-08, 1 ]
Objective value for Line heur k = 85: 6347012.51622276
5
Actual reward of current solution: 40819871.9821958
Minimum Difference with past solutions:0.0.
New solution equals old solution at k=85
4
Total Reward at the start of the inner iterations: 40819871.9821958
Gurobi status: 2

Statistics for model Linearization Heuristic :
  Linear constraint matrix    : 2214 Constrs, 1620 Vars, 60570 NZs
  Matrix coefficient range    : [ 1.00386e-13, 1 ]
  Objective coefficient range : [ 4.15053e-21, 2.28423e+08 ]
  Variable bound range        : [ 0.05, 1 ]
  RHS coefficient range       : [ 1.75488e-08, 1 ]
Objective value for Line heur k = 86: 6013652.549501722
4
Actual reward of current solution: 40819871.9821958
Minimum Difference with past solutions:0.0.
New solution equals old solution at k=86
3
Total Reward at the start of the inner iterations: 40819871.9821958
Gurobi status: 2

Statistics for model Linearization Heuristic :
  Linear constraint matrix    : 2049 Constrs, 1530 Vars, 41550 NZs
  Matrix coefficient range    : [ 1.00386e-13, 1 ]
  Objective coefficient range : [ 4.15053e-21, 2.28423e+08 ]
  Variable bound range        : [ 0.05, 1 ]
  RHS coefficient range       : [ 2.03081e-08, 1 ]
Objective value for Line heur k = 87: 5680157.165030795
3
Actual reward of current solution: 40819871.9821958
Minimum Difference with past solutions:0.0.
New solution equals old solution at k=87
2
Total Reward at the start of the inner iterations: 40819871.9821958
Gurobi status: 2

Statistics for model Linearization Heuristic :
  Linear constraint matrix    : 1884 Constrs, 1440 Vars, 23931 NZs
  Matrix coefficient range    : [ 1.41388e-13, 1 ]
  Objective coefficient range : [ 4.15053e-21, 2.28423e+08 ]
  Variable bound range        : [ 0.05, 1 ]
  RHS coefficient range       : [ 2.32621e-08, 1 ]
Objective value for Line heur k = 88: 5346543.550745993
2
Actual reward of current solution: 40819871.9821958
Minimum Difference with past solutions:0.0.
New solution equals old solution at k=88
1
Total Reward at the start of the inner iterations: 40819871.9821958
Gurobi status: 2

Statistics for model Linearization Heuristic :
  Linear constraint matrix    : 1719 Constrs, 1350 Vars, 11838 NZs
  Matrix coefficient range    : [ 1.66572e-13, 1 ]
  Objective coefficient range : [ 1.38778e-17, 2.28423e+08 ]
  Variable bound range        : [ 0.05, 1 ]
  RHS coefficient range       : [ 2.65536e-08, 1 ]
Objective value for Line heur k = 89: 5012831.434101994
1
Actual reward of current solution: 40819871.9821958
Minimum Difference with past solutions:0.0.
New solution equals old solution at k=89
0
Total Reward at the start of the inner iterations: 40819871.9821958
Gurobi status: 2

Statistics for model Linearization Heuristic :
  Linear constraint matrix    : 1554 Constrs, 1260 Vars, 2709 NZs
  Matrix coefficient range    : [ 0.288979, 1 ]
  Objective coefficient range : [ 1.38778e-17, 2.28423e+08 ]
  Variable bound range        : [ 0.05, 1 ]
  RHS coefficient range       : [ 3.04303e-08, 0.289759 ]
Objective value for Line heur k = 90: 4679045.425287772
0
Actual reward of current solution: 40819871.9821958
Minimum Difference with past solutions:0.0.
New solution equals old solution at k=90
0
Total Reward at the start of the inner iterations: 40819871.9821958
Gurobi status: 2

Statistics for model Linearization Heuristic :
  Linear constraint matrix    : 1443 Constrs, 1170 Vars, 2457 NZs
  Matrix coefficient range    : [ 0.317935, 1 ]
  Objective coefficient range : [ 1.38778e-17, 2.28423e+08 ]
  Variable bound range        : [ 0.05, 1 ]
  RHS coefficient range       : [ 3.04303e-08, 0.289759 ]
Objective value for Line heur k = 91: 4344827.833054107
0
Actual reward of current solution: 40819871.9821958
Minimum Difference with past solutions:0.0.
New solution equals old solution at k=91
0
Total Reward at the start of the inner iterations: 40819871.9821958
Gurobi status: 2

Statistics for model Linearization Heuristic :
  Linear constraint matrix    : 1332 Constrs, 1080 Vars, 2214 NZs
  Matrix coefficient range    : [ 0.349792, 1 ]
  Objective coefficient range : [ 1.38778e-17, 2.28423e+08 ]
  Variable bound range        : [ 0.05, 1 ]
  RHS coefficient range       : [ 3.04303e-08, 0.289759 ]
Objective value for Line heur k = 92: 4010610.254980634
0
Actual reward of current solution: 40819871.9821958
Minimum Difference with past solutions:0.0.
New solution equals old solution at k=92
0
Total Reward at the start of the inner iterations: 40819871.9821958
Gurobi status: 2

Statistics for model Linearization Heuristic :
  Linear constraint matrix    : 1221 Constrs, 990 Vars, 1980 NZs
  Matrix coefficient range    : [ 0.384842, 1 ]
  Objective coefficient range : [ 1.38778e-17, 2.28423e+08 ]
  Variable bound range        : [ 0.05, 1 ]
  RHS coefficient range       : [ 3.04303e-08, 0.289759 ]
Objective value for Line heur k = 93: 3676392.690379928
0
Actual reward of current solution: 40819871.9821958
Minimum Difference with past solutions:0.0.
New solution equals old solution at k=93
0
Total Reward at the start of the inner iterations: 40819871.9821958
Gurobi status: 2

Statistics for model Linearization Heuristic :
  Linear constraint matrix    : 1110 Constrs, 900 Vars, 1755 NZs
  Matrix coefficient range    : [ 0.423403, 1 ]
  Objective coefficient range : [ 1.38778e-17, 2.28423e+08 ]
  Variable bound range        : [ 0.05, 1 ]
  RHS coefficient range       : [ 3.04303e-08, 0.289759 ]
Objective value for Line heur k = 94: 3342175.138023267
0
Actual reward of current solution: 40819871.9821958
Minimum Difference with past solutions:0.0.
New solution equals old solution at k=94
0
Total Reward at the start of the inner iterations: 40819871.9821958
Gurobi status: 2

Statistics for model Linearization Heuristic :
  Linear constraint matrix    : 999 Constrs, 810 Vars, 1539 NZs
  Matrix coefficient range    : [ 0.465828, 1 ]
  Objective coefficient range : [ 1.38778e-17, 2.28423e+08 ]
  Variable bound range        : [ 0.05, 1 ]
  RHS coefficient range       : [ 3.04303e-08, 0.289759 ]
Objective value for Line heur k = 95: 3007957.596454248
0
Actual reward of current solution: 40819871.9821958
Minimum Difference with past solutions:0.0.
New solution equals old solution at k=95
0
Total Reward at the start of the inner iterations: 40819871.9821958
Gurobi status: 2

Statistics for model Linearization Heuristic :
  Linear constraint matrix    : 888 Constrs, 720 Vars, 1332 NZs
  Matrix coefficient range    : [ 0.512504, 1 ]
  Objective coefficient range : [ 1.38778e-17, 2.28423e+08 ]
  Variable bound range        : [ 0.05, 1 ]
  RHS coefficient range       : [ 3.04303e-08, 0.289759 ]
Objective value for Line heur k = 96: 2673740.0641794186
0
Actual reward of current solution: 40819871.9821958
Minimum Difference with past solutions:0.0.
New solution equals old solution at k=96
0
Total Reward at the start of the inner iterations: 40819871.9821958
Gurobi status: 2

Statistics for model Linearization Heuristic :
  Linear constraint matrix    : 777 Constrs, 630 Vars, 1134 NZs
  Matrix coefficient range    : [ 0.563857, 1 ]
  Objective coefficient range : [ 1.38778e-17, 2.28423e+08 ]
  Variable bound range        : [ 0.05, 1 ]
  RHS coefficient range       : [ 3.04303e-08, 0.289759 ]
Objective value for Line heur k = 97: 2339522.5397778195
0
Actual reward of current solution: 40819871.9821958
Minimum Difference with past solutions:0.0.
New solution equals old solution at k=97
0
Total Reward at the start of the inner iterations: 40819871.9821958
Gurobi status: 2

Statistics for model Linearization Heuristic :
  Linear constraint matrix    : 666 Constrs, 540 Vars, 945 NZs
  Matrix coefficient range    : [ 0.620356, 1 ]
  Objective coefficient range : [ 1.38778e-17, 2.28423e+08 ]
  Variable bound range        : [ 0.05, 1 ]
  RHS coefficient range       : [ 3.04303e-08, 0.289759 ]
Objective value for Line heur k = 98: 2005305.0219580976
0
Actual reward of current solution: 40819871.9821958
Minimum Difference with past solutions:0.0.
New solution equals old solution at k=98
0
Total Reward at the start of the inner iterations: 40819871.9821958
Gurobi status: 2

Statistics for model Linearization Heuristic :
  Linear constraint matrix    : 555 Constrs, 450 Vars, 765 NZs
  Matrix coefficient range    : [ 0.682516, 1 ]
  Objective coefficient range : [ 1.38778e-17, 2.28423e+08 ]
  Variable bound range        : [ 0.05, 1 ]
  RHS coefficient range       : [ 3.04303e-08, 0.289759 ]
Objective value for Line heur k = 99: 1671087.5095824744
0
Actual reward of current solution: 40819871.9821958
Minimum Difference with past solutions:0.0.
New solution equals old solution at k=99
0
Total Reward at the start of the inner iterations: 40819871.9821958
Gurobi status: 2

Statistics for model Linearization Heuristic :
  Linear constraint matrix    : 444 Constrs, 360 Vars, 594 NZs
  Matrix coefficient range    : [ 0.750904, 1 ]
  Objective coefficient range : [ 1.38778e-17, 2.28423e+08 ]
  Variable bound range        : [ 0.05, 1 ]
  RHS coefficient range       : [ 3.04303e-08, 0.289759 ]
Objective value for Line heur k = 100: 1336870.001670706
0
Actual reward of current solution: 40819871.9821958
Minimum Difference with past solutions:0.0.
New solution equals old solution at k=100
0
Total Reward at the start of the inner iterations: 40819871.9821958
Gurobi status: 2

Statistics for model Linearization Heuristic :
  Linear constraint matrix    : 333 Constrs, 270 Vars, 432 NZs
  Matrix coefficient range    : [ 0.826145, 1 ]
  Objective coefficient range : [ 1.38778e-17, 2.28423e+08 ]
  Variable bound range        : [ 0.05, 1 ]
  RHS coefficient range       : [ 3.04303e-08, 0.289759 ]
Objective value for Line heur k = 101: 1002652.4973924166
0
Actual reward of current solution: 40819871.9821958
Minimum Difference with past solutions:0.0.
New solution equals old solution at k=101
0
Total Reward at the start of the inner iterations: 40819871.9821958
Gurobi status: 2

Statistics for model Linearization Heuristic :
  Linear constraint matrix    : 222 Constrs, 180 Vars, 279 NZs
  Matrix coefficient range    : [ 0.908925, 1 ]
  Objective coefficient range : [ 0.000149643, 2.28423e+08 ]
  Variable bound range        : [ 0.05, 1 ]
  RHS coefficient range       : [ 3.04303e-08, 0.289759 ]
Objective value for Line heur k = 102: 668434.9960534289
0
Actual reward of current solution: 40819871.9821958
Minimum Difference with past solutions:0.0.
New solution equals old solution at k=102
0
Total Reward at the start of the inner iterations: 40819871.9821958
Gurobi status: 2

Statistics for model Linearization Heuristic :
  Linear constraint matrix    : 111 Constrs, 90 Vars, 135 NZs
  Matrix coefficient range    : [ 1, 1 ]
  Objective coefficient range : [ 1674.13, 2.28423e+08 ]
  Variable bound range        : [ 0.05, 1 ]
  RHS coefficient range       : [ 3.04303e-08, 0.289759 ]
Objective value for Line heur k = 103: 334217.49707955605
0
Actual reward of current solution: 40819871.9821958
Minimum Difference with past solutions:0.0.
New solution equals old solution at k=103
Total running time for 90 days is 1826.9616923332214
Economic Value: 65960893.160171114
Deaths 0.11244403136459356
Total Reward 40819871.9821958
