{'groups': 'all', 'params_to_try': {'delta_schooling': [0.5], 'xi': [0, 371990.3, 929975.75, 1859951.5, 3719903, 5579854.5], 'icus': [2900], 'tests': [[60000, 0]], 'testing': ['homogeneous'], 'eta': [0.1]}}
{'groups': 'all', 'params_to_try': {'delta_schooling': [0.5], 'xi': [0, 371990.3, 929975.75, 1859951.5, 3719903, 5579854.5], 'icus': [2900], 'tests': [[60000, 0]], 'testing': ['homogeneous'], 'eta': [0.1]}}
{'groups': 'all', 'params_to_try': {'delta_schooling': [0.031033736141028556], 'icus': [2900], 'eta': [0.1583051871922932], 'tests': [[0, 0]], 'xi': [29759224.0], 'testing': ['homogeneous']}}
results/time_gradient/xi-29759224_icus-2900_testing-homogeneous_natests-0_nmtests-0_T-90_startday-0_groups-all_dschool-0.031034_eta-0.158305_freq-90-14_initParamVarying-multiplier_beta_randomInstance-86.yaml
{'groups': 'all', 'params_to_try': {'delta_schooling': [0.5], 'xi': [0, 371990.3, 929975.75, 1859951.5, 3719903, 5579854.5], 'icus': [2900], 'tests': [[60000, 0]], 'testing': ['homogeneous'], 'eta': [0.1]}}
{'groups': 'all', 'params_to_try': {'delta_schooling': [0.5], 'xi': [0, 371990.3, 929975.75, 1859951.5, 3719903, 5579854.5], 'icus': [2900], 'tests': [[60000, 0]], 'testing': ['homogeneous'], 'eta': [0.1]}}
{'groups': 'all', 'params_to_try': {'delta_schooling': [0.031033736141028556], 'icus': [2900], 'eta': [0.1583051871922932], 'tests': [[0, 0]], 'xi': [29759224.0], 'testing': ['homogeneous']}}
results/dynamic_gradient/xi-29759224_icus-2900_testing-homogeneous_natests-0_nmtests-0_T-90_startday-0_groups-all_dschool-0.031034_eta-0.158305_freq-90-14_initParamVarying-multiplier_beta_randomInstance-86.yaml
500
(0.5, 297592240.0, 0.29, 0.0, (7, 14), 'fitted-scaled', 'econ-scaled', 'oct21-scaled', 0.1, 0.05, 2, 'dynamic_gradient', 86, 'multiplier_beta')
The value of T is: 104
Missing starting point -- Running the initial heuristic.
/home/groups/daniancu/covid-optimization/covid-optimization
90
Total Reward at the start of the inner iterations: 29605047.36239943
Using license file /share/software/user/restricted/gurobi/9.0.3_py36/licenses/gurobi.lic
Set parameter TokenServer to value license4.stanford.edu
Gurobi status: 2

Statistics for model Linearization Heuristic :
  Linear constraint matrix    : 16026 Constrs, 9360 Vars, 5724615 NZs
  Matrix coefficient range    : [ 1.00006e-13, 1 ]
  Objective coefficient range : [ 2.46969e-22, 3.02821e+08 ]
  Variable bound range        : [ 0.05, 1 ]
  RHS coefficient range       : [ 3.95872e-08, 0.291645 ]
Objective value for Line heur k = 0: 15780192.867655775
90
Actual reward of current solution: 28686272.014098905
Minimum Difference with past solutions:0.050000000000000044.
Gurobi status: 2

Statistics for model Linearization Heuristic :
  Linear constraint matrix    : 16026 Constrs, 9360 Vars, 6320761 NZs
  Matrix coefficient range    : [ 1.00017e-13, 1 ]
  Objective coefficient range : [ 9.11128e-22, 3.02821e+08 ]
  Variable bound range        : [ 0.05, 1 ]
  RHS coefficient range       : [ 4.29399e-08, 0.2925 ]
Objective value for Line heur k = 0: 14604164.230055382
90
Actual reward of current solution: 29714060.492838133
Minimum Difference with past solutions:0.050000000000000044.
Gurobi status: 2

Statistics for model Linearization Heuristic :
  Linear constraint matrix    : 16026 Constrs, 9360 Vars, 5724620 NZs
  Matrix coefficient range    : [ 1.00095e-13, 1 ]
  Objective coefficient range : [ 2.67008e-22, 3.02821e+08 ]
  Variable bound range        : [ 0.05, 1 ]
  RHS coefficient range       : [ 3.64667e-08, 0.291659 ]
Objective value for Line heur k = 0: 15907340.371523023
90
Actual reward of current solution: 28791951.81687332
Minimum Difference with past solutions:0.050000000000000044.
Gurobi status: 2

Statistics for model Linearization Heuristic :
  Linear constraint matrix    : 16026 Constrs, 9360 Vars, 6320763 NZs
  Matrix coefficient range    : [ 1.00093e-13, 1 ]
  Objective coefficient range : [ 8.99568e-22, 3.02821e+08 ]
  Variable bound range        : [ 0.05, 1 ]
  RHS coefficient range       : [ 4.23882e-08, 0.292515 ]
Objective value for Line heur k = 0: 14723024.513398726
90
Actual reward of current solution: 29822639.310092997
Minimum Difference with past solutions:0.050000000000000044.
Gurobi status: 2

Statistics for model Linearization Heuristic :
  Linear constraint matrix    : 16026 Constrs, 9360 Vars, 5724619 NZs
  Matrix coefficient range    : [ 1.00007e-13, 1 ]
  Objective coefficient range : [ 9.40948e-22, 3.02821e+08 ]
  Variable bound range        : [ 0.05, 1 ]
  RHS coefficient range       : [ 4.1626e-08, 0.291659 ]
Objective value for Line heur k = 0: 16030496.591649126
90
Actual reward of current solution: 28899570.623484384
Minimum Difference with past solutions:0.050000000000000044.
Gurobi status: 2

Statistics for model Linearization Heuristic :
  Linear constraint matrix    : 16026 Constrs, 9360 Vars, 6320753 NZs
  Matrix coefficient range    : [ 1.00023e-13, 1 ]
  Objective coefficient range : [ 2.03244e-21, 3.02821e+08 ]
  Variable bound range        : [ 0.05, 1 ]
  RHS coefficient range       : [ 4.09587e-08, 0.292503 ]
Objective value for Line heur k = 0: 14852153.181032235
90
Actual reward of current solution: 29931492.01641248
Minimum Difference with past solutions:0.050000000000000044.
Gurobi status: 2

Statistics for model Linearization Heuristic :
  Linear constraint matrix    : 16026 Constrs, 9360 Vars, 5724608 NZs
  Matrix coefficient range    : [ 1.00005e-13, 1 ]
  Objective coefficient range : [ 6.52633e-22, 3.02821e+08 ]
  Variable bound range        : [ 0.05, 1 ]
  RHS coefficient range       : [ 5.09934e-08, 0.291647 ]
Objective value for Line heur k = 0: 16161308.561475521
90
Actual reward of current solution: 29008483.405856904
Minimum Difference with past solutions:0.050000000000000044.
Gurobi status: 2

Statistics for model Linearization Heuristic :
  Linear constraint matrix    : 16026 Constrs, 9360 Vars, 6320749 NZs
  Matrix coefficient range    : [ 1.00017e-13, 1 ]
  Objective coefficient range : [ 1.12893e-21, 3.02821e+08 ]
  Variable bound range        : [ 0.05, 1 ]
  RHS coefficient range       : [ 3.90554e-08, 0.292486 ]
Objective value for Line heur k = 0: 14985395.429115409
90
Actual reward of current solution: 30041363.571792465
Minimum Difference with past solutions:0.050000000000000044.
Gurobi status: 2

Statistics for model Linearization Heuristic :
  Linear constraint matrix    : 16026 Constrs, 9360 Vars, 5724593 NZs
  Matrix coefficient range    : [ 1.0016e-13, 1 ]
  Objective coefficient range : [ 3.20932e-22, 3.02821e+08 ]
  Variable bound range        : [ 0.0441688, 1 ]
  RHS coefficient range       : [ 6.19993e-08, 0.291633 ]
Objective value for Line heur k = 0: 16294261.031839855
90
Actual reward of current solution: 29118914.996640466
Minimum Difference with past solutions:0.050000000000000044.
Gurobi status: 2

Statistics for model Linearization Heuristic :
  Linear constraint matrix    : 16026 Constrs, 9360 Vars, 6320741 NZs
  Matrix coefficient range    : [ 1.00011e-13, 1 ]
  Objective coefficient range : [ 1.81259e-21, 3.02821e+08 ]
  Variable bound range        : [ 0.05, 1 ]
  RHS coefficient range       : [ 3.59258e-08, 0.292464 ]
Objective value for Line heur k = 0: 15122635.310931373
90
Actual reward of current solution: 30152851.52931175
Minimum Difference with past solutions:0.050000000000000044.
Gurobi status: 2

Statistics for model Linearization Heuristic :
  Linear constraint matrix    : 16026 Constrs, 9360 Vars, 5703354 NZs
  Matrix coefficient range    : [ 1.00013e-13, 1 ]
  Objective coefficient range : [ 1.41879e-22, 3.02821e+08 ]
  Variable bound range        : [ 0.05, 1 ]
  RHS coefficient range       : [ 7.21016e-08, 0.291616 ]
Objective value for Line heur k = 0: 16429056.034870133
90
Actual reward of current solution: 29226574.594696995
Minimum Difference with past solutions:0.05.
Gurobi status: 2

Statistics for model Linearization Heuristic :
  Linear constraint matrix    : 16026 Constrs, 9360 Vars, 6320741 NZs
  Matrix coefficient range    : [ 1.00087e-13, 1 ]
  Objective coefficient range : [ 1.0063e-21, 3.02821e+08 ]
  Variable bound range        : [ 0.05, 1 ]
  RHS coefficient range       : [ 3.64086e-08, 0.292467 ]
Objective value for Line heur k = 0: 15233495.798372896
90
Actual reward of current solution: 30262259.89370909
Minimum Difference with past solutions:0.05.
Gurobi status: 2

Statistics for model Linearization Heuristic :
  Linear constraint matrix    : 16026 Constrs, 9360 Vars, 5703354 NZs
  Matrix coefficient range    : [ 1.00025e-13, 1 ]
  Objective coefficient range : [ 1.09098e-21, 3.02821e+08 ]
  Variable bound range        : [ 0.05, 1 ]
  RHS coefficient range       : [ 7.211e-08, 0.291616 ]
Objective value for Line heur k = 0: 16537418.82077821
90
Actual reward of current solution: 29336128.56757989
Minimum Difference with past solutions:0.05.
Gurobi status: 2

Statistics for model Linearization Heuristic :
  Linear constraint matrix    : 16026 Constrs, 9360 Vars, 6320741 NZs
  Matrix coefficient range    : [ 1.00087e-13, 1 ]
  Objective coefficient range : [ 1.01742e-21, 3.02821e+08 ]
  Variable bound range        : [ 0.05, 1 ]
  RHS coefficient range       : [ 3.64086e-08, 0.292467 ]
Objective value for Line heur k = 0: 15343040.74342628
90
Actual reward of current solution: 30371815.211634446
Minimum Difference with past solutions:0.05.
Gurobi status: 2

Statistics for model Linearization Heuristic :
  Linear constraint matrix    : 16026 Constrs, 9360 Vars, 5703354 NZs
  Matrix coefficient range    : [ 1.00025e-13, 1 ]
  Objective coefficient range : [ 1.11633e-21, 3.02821e+08 ]
  Variable bound range        : [ 0.05, 1 ]
  RHS coefficient range       : [ 7.211e-08, 0.291616 ]
Objective value for Line heur k = 0: 16646966.604418324
90
Actual reward of current solution: 29445682.540462792
Minimum Difference with past solutions:0.05.
Gurobi status: 2

Statistics for model Linearization Heuristic :
  Linear constraint matrix    : 16026 Constrs, 9360 Vars, 6320741 NZs
  Matrix coefficient range    : [ 1.00087e-13, 1 ]
  Objective coefficient range : [ 1.02854e-21, 3.02821e+08 ]
  Variable bound range        : [ 0.05, 1 ]
  RHS coefficient range       : [ 3.64086e-08, 0.292467 ]
Objective value for Line heur k = 0: 15452585.68847973
90
Actual reward of current solution: 30481370.52955979
Minimum Difference with past solutions:0.05.
Gurobi status: 2

Statistics for model Linearization Heuristic :
  Linear constraint matrix    : 16026 Constrs, 9360 Vars, 5703354 NZs
  Matrix coefficient range    : [ 1.00025e-13, 1 ]
  Objective coefficient range : [ 1.14169e-21, 3.02821e+08 ]
  Variable bound range        : [ 0.05, 1 ]
  RHS coefficient range       : [ 7.211e-08, 0.291616 ]
Objective value for Line heur k = 0: 16756514.38805842
90
Actual reward of current solution: 29555236.513345696
Minimum Difference with past solutions:0.05.
Gurobi status: 2

Statistics for model Linearization Heuristic :
  Linear constraint matrix    : 16026 Constrs, 9360 Vars, 6320741 NZs
  Matrix coefficient range    : [ 1.00087e-13, 1 ]
  Objective coefficient range : [ 1.03966e-21, 3.02821e+08 ]
  Variable bound range        : [ 0.05, 1 ]
  RHS coefficient range       : [ 3.64086e-08, 0.292467 ]
Objective value for Line heur k = 0: 15562130.633533135
90
Actual reward of current solution: 30590925.84748515
Minimum Difference with past solutions:0.05.
Gurobi status: 2

Statistics for model Linearization Heuristic :
  Linear constraint matrix    : 16026 Constrs, 9360 Vars, 5703354 NZs
  Matrix coefficient range    : [ 1.00025e-13, 1 ]
  Objective coefficient range : [ 1.16704e-21, 3.02821e+08 ]
  Variable bound range        : [ 0.05, 1 ]
  RHS coefficient range       : [ 7.211e-08, 0.291616 ]
Objective value for Line heur k = 0: 16866062.171698593
90
Actual reward of current solution: 29664790.486228593
Minimum Difference with past solutions:0.05.
Gurobi status: 2

Statistics for model Linearization Heuristic :
  Linear constraint matrix    : 16026 Constrs, 9360 Vars, 6320741 NZs
  Matrix coefficient range    : [ 1.00087e-13, 1 ]
  Objective coefficient range : [ 1.05078e-21, 3.02821e+08 ]
  Variable bound range        : [ 0.05, 1 ]
  RHS coefficient range       : [ 3.64086e-08, 0.292467 ]
Objective value for Line heur k = 0: 15671675.57858651
90
Actual reward of current solution: 30700481.1654105
Minimum Difference with past solutions:0.05.
Gurobi status: 2

Statistics for model Linearization Heuristic :
  Linear constraint matrix    : 16026 Constrs, 9360 Vars, 5703354 NZs
  Matrix coefficient range    : [ 1.00025e-13, 1 ]
  Objective coefficient range : [ 1.1924e-21, 3.02821e+08 ]
  Variable bound range        : [ 0.05, 1 ]
  RHS coefficient range       : [ 7.211e-08, 0.291616 ]
Objective value for Line heur k = 0: 16920832.29584669
90
Actual reward of current solution: 29719567.47267005
Minimum Difference with past solutions:0.049999999999999684.
Gurobi status: 2

Statistics for model Linearization Heuristic :
  Linear constraint matrix    : 16026 Constrs, 9360 Vars, 6320741 NZs
  Matrix coefficient range    : [ 1.00087e-13, 1 ]
  Objective coefficient range : [ 1.05634e-21, 3.02821e+08 ]
  Variable bound range        : [ 0.05, 1 ]
  RHS coefficient range       : [ 3.64086e-08, 0.292467 ]
Objective value for Line heur k = 0: 15671671.063957226
90
Actual reward of current solution: 30700481.1654105
Minimum Difference with past solutions:0.0.
New solution equals old solution at k=0
89
Total Reward at the start of the inner iterations: 30700481.1654105
Gurobi status: 2

Statistics for model Linearization Heuristic :
  Linear constraint matrix    : 15915 Constrs, 9270 Vars, 5607253 NZs
  Matrix coefficient range    : [ 1.00025e-13, 1 ]
  Objective coefficient range : [ 1.1924e-21, 3.02821e+08 ]
  Variable bound range        : [ 0.05, 1 ]
  RHS coefficient range       : [ 3.73552e-08, 1 ]
Objective value for Line heur k = 1: 17100007.42697652
89
Actual reward of current solution: 30530388.116784036
Minimum Difference with past solutions:0.05.
Gurobi status: 2

Statistics for model Linearization Heuristic :
  Linear constraint matrix    : 15915 Constrs, 9270 Vars, 5842358 NZs
  Matrix coefficient range    : [ 1.00041e-13, 1 ]
  Objective coefficient range : [ 1.35562e-21, 3.02821e+08 ]
  Variable bound range        : [ 0.05, 1 ]
  RHS coefficient range       : [ 8.35958e-08, 1 ]
Objective value for Line heur k = 1: 16692277.060842557
89
Actual reward of current solution: 30700481.1654105
Minimum Difference with past solutions:0.0.
New solution equals old solution at k=1
88
Total Reward at the start of the inner iterations: 30700481.1654105
Gurobi status: 2

Statistics for model Linearization Heuristic :
  Linear constraint matrix    : 15750 Constrs, 9180 Vars, 5512048 NZs
  Matrix coefficient range    : [ 1.00025e-13, 1 ]
  Objective coefficient range : [ 1.1924e-21, 3.02821e+08 ]
  Variable bound range        : [ 0.05, 1 ]
  RHS coefficient range       : [ 7.10814e-08, 1 ]
Objective value for Line heur k = 2: 17368614.824575
88
Actual reward of current solution: 30530388.116784036
Minimum Difference with past solutions:0.05.
Gurobi status: 2

Statistics for model Linearization Heuristic :
  Linear constraint matrix    : 15750 Constrs, 9180 Vars, 5747153 NZs
  Matrix coefficient range    : [ 1.00041e-13, 1 ]
  Objective coefficient range : [ 1.35562e-21, 3.02821e+08 ]
  Variable bound range        : [ 0.05, 1 ]
  RHS coefficient range       : [ 8.29598e-08, 1 ]
Objective value for Line heur k = 2: 16969415.353652872
88
Actual reward of current solution: 30700481.1654105
Minimum Difference with past solutions:0.0.
New solution equals old solution at k=2
87
Total Reward at the start of the inner iterations: 30700481.1654105
Gurobi status: 2

Statistics for model Linearization Heuristic :
  Linear constraint matrix    : 15585 Constrs, 9090 Vars, 5417793 NZs
  Matrix coefficient range    : [ 1.00025e-13, 1 ]
  Objective coefficient range : [ 1.1924e-21, 3.02821e+08 ]
  Variable bound range        : [ 0.05, 1 ]
  RHS coefficient range       : [ 7.04806e-08, 1 ]
Objective value for Line heur k = 3: 17624534.462971494
87
Actual reward of current solution: 30530388.116784036
Minimum Difference with past solutions:0.05.
Gurobi status: 2

Statistics for model Linearization Heuristic :
  Linear constraint matrix    : 15585 Constrs, 9090 Vars, 5652898 NZs
  Matrix coefficient range    : [ 1.00041e-13, 1 ]
  Objective coefficient range : [ 1.35562e-21, 3.02821e+08 ]
  Variable bound range        : [ 0.05, 1 ]
  RHS coefficient range       : [ 8.37635e-09, 1 ]
Objective value for Line heur k = 3: 17234599.26329275
87
Actual reward of current solution: 30700481.1654105
Minimum Difference with past solutions:0.0.
New solution equals old solution at k=3
86
Total Reward at the start of the inner iterations: 30700481.1654105
Gurobi status: 2

Statistics for model Linearization Heuristic :
  Linear constraint matrix    : 15420 Constrs, 9000 Vars, 5324488 NZs
  Matrix coefficient range    : [ 1.00025e-13, 1 ]
  Objective coefficient range : [ 1.1924e-21, 3.02821e+08 ]
  Variable bound range        : [ 0.05, 1 ]
  RHS coefficient range       : [ 6.98436e-08, 1 ]
Objective value for Line heur k = 4: 17857771.354178615
86
Actual reward of current solution: 30530388.116784036
Minimum Difference with past solutions:0.05.
Gurobi status: 2

Statistics for model Linearization Heuristic :
  Linear constraint matrix    : 15420 Constrs, 9000 Vars, 5559593 NZs
  Matrix coefficient range    : [ 1.00041e-13, 1 ]
  Objective coefficient range : [ 1.35562e-21, 3.02821e+08 ]
  Variable bound range        : [ 0.05, 1 ]
  RHS coefficient range       : [ 8.15288e-08, 1 ]
Objective value for Line heur k = 4: 17477598.333333112
86
Actual reward of current solution: 30700481.1654105
Minimum Difference with past solutions:0.0.
New solution equals old solution at k=4
85
Total Reward at the start of the inner iterations: 30700481.1654105
Gurobi status: 2

Statistics for model Linearization Heuristic :
  Linear constraint matrix    : 15255 Constrs, 8910 Vars, 5232133 NZs
  Matrix coefficient range    : [ 1.00025e-13, 1 ]
  Objective coefficient range : [ 1.1924e-21, 3.02821e+08 ]
  Variable bound range        : [ 0.05, 1 ]
  RHS coefficient range       : [ 3.01276e-08, 1 ]
Objective value for Line heur k = 5: 18063880.000063233
85
Actual reward of current solution: 30530388.116784036
Minimum Difference with past solutions:0.05.
Gurobi status: 2

Statistics for model Linearization Heuristic :
  Linear constraint matrix    : 15255 Constrs, 8910 Vars, 5467238 NZs
  Matrix coefficient range    : [ 1.00041e-13, 1 ]
  Objective coefficient range : [ 1.35562e-21, 3.02821e+08 ]
  Variable bound range        : [ 0.05, 1 ]
  RHS coefficient range       : [ 5.1109e-08, 1 ]
Objective value for Line heur k = 5: 17693795.755419306
85
Actual reward of current solution: 30700481.1654105
Minimum Difference with past solutions:0.0.
New solution equals old solution at k=5
84
Total Reward at the start of the inner iterations: 30700481.1654105
Gurobi status: 2

Statistics for model Linearization Heuristic :
  Linear constraint matrix    : 15090 Constrs, 8820 Vars, 5140728 NZs
  Matrix coefficient range    : [ 1.00025e-13, 1 ]
  Objective coefficient range : [ 1.1924e-21, 3.02821e+08 ]
  Variable bound range        : [ 0.05, 1 ]
  RHS coefficient range       : [ 8.07728e-09, 1 ]
Objective value for Line heur k = 6: 18241641.308057535
84
Actual reward of current solution: 30530388.116784036
Minimum Difference with past solutions:0.05.
Gurobi status: 2

Statistics for model Linearization Heuristic :
  Linear constraint matrix    : 15090 Constrs, 8820 Vars, 5375833 NZs
  Matrix coefficient range    : [ 1.00041e-13, 1 ]
  Objective coefficient range : [ 1.35562e-21, 3.02821e+08 ]
  Variable bound range        : [ 0.05, 1 ]
  RHS coefficient range       : [ 7.66939e-08, 1 ]
Objective value for Line heur k = 6: 17881842.79144078
84
Actual reward of current solution: 30700481.1654105
Minimum Difference with past solutions:0.0.
New solution equals old solution at k=6
83
Total Reward at the start of the inner iterations: 30700481.1654105
Gurobi status: 2

Statistics for model Linearization Heuristic :
  Linear constraint matrix    : 14925 Constrs, 8730 Vars, 5050273 NZs
  Matrix coefficient range    : [ 1.00025e-13, 1 ]
  Objective coefficient range : [ 1.1924e-21, 3.02821e+08 ]
  Variable bound range        : [ 0.05, 1 ]
  RHS coefficient range       : [ 3.38253e-08, 1 ]
Objective value for Line heur k = 7: 18391646.178774644
83
Actual reward of current solution: 30530388.116784036
Minimum Difference with past solutions:0.05.
Gurobi status: 2

Statistics for model Linearization Heuristic :
  Linear constraint matrix    : 14925 Constrs, 8730 Vars, 5285378 NZs
  Matrix coefficient range    : [ 1.00041e-13, 1 ]
  Objective coefficient range : [ 1.35562e-21, 3.02821e+08 ]
  Variable bound range        : [ 0.05, 1 ]
  RHS coefficient range       : [ 2.08546e-08, 1 ]
Objective value for Line heur k = 7: 18042225.35988369
83
Actual reward of current solution: 30700481.1654105
Minimum Difference with past solutions:0.0.
New solution equals old solution at k=7
82
Total Reward at the start of the inner iterations: 30700481.1654105
Gurobi status: 2

Statistics for model Linearization Heuristic :
  Linear constraint matrix    : 14760 Constrs, 8640 Vars, 4960768 NZs
  Matrix coefficient range    : [ 1.00025e-13, 1 ]
  Objective coefficient range : [ 1.1924e-21, 3.02821e+08 ]
  Variable bound range        : [ 0.05, 1 ]
  RHS coefficient range       : [ 6.71031e-08, 1 ]
Objective value for Line heur k = 8: 18515436.838626787
82
Actual reward of current solution: 30530388.116784036
Minimum Difference with past solutions:0.05.
Gurobi status: 2

Statistics for model Linearization Heuristic :
  Linear constraint matrix    : 14760 Constrs, 8640 Vars, 5195873 NZs
  Matrix coefficient range    : [ 1.00041e-13, 1 ]
  Objective coefficient range : [ 1.35562e-21, 3.02821e+08 ]
  Variable bound range        : [ 0.05, 1 ]
  RHS coefficient range       : [ 4.46661e-08, 1 ]
Objective value for Line heur k = 8: 18176391.606372844
82
Actual reward of current solution: 30700481.1654105
Minimum Difference with past solutions:0.0.
New solution equals old solution at k=8
81
Total Reward at the start of the inner iterations: 30700481.1654105
Gurobi status: 2

Statistics for model Linearization Heuristic :
  Linear constraint matrix    : 14595 Constrs, 8550 Vars, 4872213 NZs
  Matrix coefficient range    : [ 1.00025e-13, 1 ]
  Objective coefficient range : [ 1.1924e-21, 3.02821e+08 ]
  Variable bound range        : [ 0.05, 1 ]
  RHS coefficient range       : [ 6.63944e-08, 1 ]
Objective value for Line heur k = 9: 18614990.01116977
81
Actual reward of current solution: 30530388.116784036
Minimum Difference with past solutions:0.05.
Gurobi status: 2

Statistics for model Linearization Heuristic :
  Linear constraint matrix    : 14595 Constrs, 8550 Vars, 5107318 NZs
  Matrix coefficient range    : [ 1.00041e-13, 1 ]
  Objective coefficient range : [ 1.35562e-21, 3.02821e+08 ]
  Variable bound range        : [ 0.05, 1 ]
  RHS coefficient range       : [ 8.30608e-09, 1 ]
Objective value for Line heur k = 9: 18286222.719054736
81
Actual reward of current solution: 30700481.1654105
Minimum Difference with past solutions:0.0.
New solution equals old solution at k=9
80
Total Reward at the start of the inner iterations: 30700481.1654105
Gurobi status: 2

Statistics for model Linearization Heuristic :
  Linear constraint matrix    : 14430 Constrs, 8460 Vars, 4784608 NZs
  Matrix coefficient range    : [ 1.00025e-13, 1 ]
  Objective coefficient range : [ 1.1924e-21, 3.02821e+08 ]
  Variable bound range        : [ 0.05, 1 ]
  RHS coefficient range       : [ 6.56824e-08, 1 ]
Objective value for Line heur k = 10: 18692408.06983658
80
Actual reward of current solution: 30530388.116784036
Minimum Difference with past solutions:0.05.
Gurobi status: 2

Statistics for model Linearization Heuristic :
  Linear constraint matrix    : 14430 Constrs, 8460 Vars, 5019713 NZs
  Matrix coefficient range    : [ 1.00041e-13, 1 ]
  Objective coefficient range : [ 1.35562e-21, 3.02821e+08 ]
  Variable bound range        : [ 0.05, 1 ]
  RHS coefficient range       : [ 3.87342e-09, 1 ]
Objective value for Line heur k = 10: 18373711.477337785
80
Actual reward of current solution: 30700481.1654105
Minimum Difference with past solutions:0.0.
New solution equals old solution at k=10
79
Total Reward at the start of the inner iterations: 30700481.1654105
Gurobi status: 2

Statistics for model Linearization Heuristic :
  Linear constraint matrix    : 14265 Constrs, 8370 Vars, 4697953 NZs
  Matrix coefficient range    : [ 1.00025e-13, 1 ]
  Objective coefficient range : [ 1.1924e-21, 3.02821e+08 ]
  Variable bound range        : [ 0.05, 1 ]
  RHS coefficient range       : [ 5.52478e-08, 1 ]
Objective value for Line heur k = 11: 18749734.80877303
79
Actual reward of current solution: 30530388.116784036
Minimum Difference with past solutions:0.05.
Gurobi status: 2

Statistics for model Linearization Heuristic :
  Linear constraint matrix    : 14265 Constrs, 8370 Vars, 4933058 NZs
  Matrix coefficient range    : [ 1.00041e-13, 1 ]
  Objective coefficient range : [ 1.35562e-21, 3.02821e+08 ]
  Variable bound range        : [ 0.05, 1 ]
  RHS coefficient range       : [ 1.85122e-08, 1 ]
Objective value for Line heur k = 11: 18440763.47514066
79
Actual reward of current solution: 30700481.1654105
Minimum Difference with past solutions:0.0.
New solution equals old solution at k=11
78
Total Reward at the start of the inner iterations: 30700481.1654105
Gurobi status: 2

Statistics for model Linearization Heuristic :
  Linear constraint matrix    : 14100 Constrs, 8280 Vars, 4612248 NZs
  Matrix coefficient range    : [ 1.00025e-13, 1 ]
  Objective coefficient range : [ 1.1924e-21, 3.02821e+08 ]
  Variable bound range        : [ 0.05, 1 ]
  RHS coefficient range       : [ 6.42583e-08, 1 ]
Objective value for Line heur k = 12: 18788843.367551077
78
Actual reward of current solution: 30530388.116784036
Minimum Difference with past solutions:0.05.
Gurobi status: 2

Statistics for model Linearization Heuristic :
  Linear constraint matrix    : 14100 Constrs, 8280 Vars, 4847353 NZs
  Matrix coefficient range    : [ 1.00041e-13, 1 ]
  Objective coefficient range : [ 1.35562e-21, 3.02821e+08 ]
  Variable bound range        : [ 0.05, 1 ]
  RHS coefficient range       : [ 7.50988e-08, 1 ]
Objective value for Line heur k = 12: 18489066.589347064
78
Actual reward of current solution: 30700481.1654105
Minimum Difference with past solutions:0.0.
New solution equals old solution at k=12
77
Total Reward at the start of the inner iterations: 30700481.1654105
Gurobi status: 2

Statistics for model Linearization Heuristic :
  Linear constraint matrix    : 13935 Constrs, 8190 Vars, 4527493 NZs
  Matrix coefficient range    : [ 1.00025e-13, 1 ]
  Objective coefficient range : [ 1.1924e-21, 3.02821e+08 ]
  Variable bound range        : [ 0.05, 1 ]
  RHS coefficient range       : [ 4.06063e-08, 1 ]
Objective value for Line heur k = 13: 18811362.491677854
77
Actual reward of current solution: 30530388.116784036
Minimum Difference with past solutions:0.05.
Gurobi status: 2

Statistics for model Linearization Heuristic :
  Linear constraint matrix    : 13935 Constrs, 8190 Vars, 4762598 NZs
  Matrix coefficient range    : [ 1.00041e-13, 1 ]
  Objective coefficient range : [ 1.35562e-21, 3.02821e+08 ]
  Variable bound range        : [ 0.05, 1 ]
  RHS coefficient range       : [ 1.8972e-08, 1 ]
Objective value for Line heur k = 13: 18519992.37467332
77
Actual reward of current solution: 30700481.1654105
Minimum Difference with past solutions:0.0.
New solution equals old solution at k=13
76
Total Reward at the start of the inner iterations: 30700481.1654105
Gurobi status: 2

Statistics for model Linearization Heuristic :
  Linear constraint matrix    : 13770 Constrs, 8100 Vars, 4443742 NZs
  Matrix coefficient range    : [ 1.00025e-13, 1 ]
  Objective coefficient range : [ 1.1924e-21, 3.02821e+08 ]
  Variable bound range        : [ 0.05, 1 ]
  RHS coefficient range       : [ 6.88397e-09, 0.29094 ]
Objective value for Line heur k = 14: 18818618.17633375
76
Actual reward of current solution: 30530388.116784036
Minimum Difference with past solutions:0.05.
Gurobi status: 2

Statistics for model Linearization Heuristic :
  Linear constraint matrix    : 13770 Constrs, 8100 Vars, 4678847 NZs
  Matrix coefficient range    : [ 1.00041e-13, 1 ]
  Objective coefficient range : [ 1.35562e-21, 3.02821e+08 ]
  Variable bound range        : [ 0.05, 1 ]
  RHS coefficient range       : [ 7.35093e-08, 0.291145 ]
Objective value for Line heur k = 14: 18534503.056065965
76
Actual reward of current solution: 30700481.1654105
Minimum Difference with past solutions:0.0.
New solution equals old solution at k=14
75
Total Reward at the start of the inner iterations: 30700481.1654105
Gurobi status: 2

Statistics for model Linearization Heuristic :
  Linear constraint matrix    : 13659 Constrs, 8010 Vars, 4352541 NZs
  Matrix coefficient range    : [ 1.00025e-13, 1 ]
  Objective coefficient range : [ 1.1924e-21, 3.02821e+08 ]
  Variable bound range        : [ 0.05, 1 ]
  RHS coefficient range       : [ 5.91941e-09, 1 ]
Objective value for Line heur k = 15: 18740142.563748077
75
Actual reward of current solution: 30697659.96973092
Minimum Difference with past solutions:0.05.
Gurobi status: 2

Statistics for model Linearization Heuristic :
  Linear constraint matrix    : 13659 Constrs, 8010 Vars, 4370194 NZs
  Matrix coefficient range    : [ 1.00063e-13, 1 ]
  Objective coefficient range : [ 8.58146e-23, 3.02821e+08 ]
  Variable bound range        : [ 0.05, 1 ]
  RHS coefficient range       : [ 2.87973e-08, 1 ]
Objective value for Line heur k = 15: 18727962.43514445
75
Actual reward of current solution: 30700481.1654105
Minimum Difference with past solutions:0.0.
New solution equals old solution at k=15
74
Total Reward at the start of the inner iterations: 30700481.1654105
Gurobi status: 2

Statistics for model Linearization Heuristic :
  Linear constraint matrix    : 13494 Constrs, 7920 Vars, 4262331 NZs
  Matrix coefficient range    : [ 1.00025e-13, 1 ]
  Objective coefficient range : [ 1.1924e-21, 3.02821e+08 ]
  Variable bound range        : [ 0.05, 1 ]
  RHS coefficient range       : [ 2.06691e-09, 1 ]
Objective value for Line heur k = 16: 18698679.911635954
74
Actual reward of current solution: 30697659.96973092
Minimum Difference with past solutions:0.05.
Gurobi status: 2

Statistics for model Linearization Heuristic :
  Linear constraint matrix    : 13494 Constrs, 7920 Vars, 4279984 NZs
  Matrix coefficient range    : [ 1.00063e-13, 1 ]
  Objective coefficient range : [ 8.58146e-23, 3.02821e+08 ]
  Variable bound range        : [ 0.05, 1 ]
  RHS coefficient range       : [ 4.20976e-08, 1 ]
Objective value for Line heur k = 16: 18686743.80791765
74
Actual reward of current solution: 30700481.1654105
Minimum Difference with past solutions:0.0.
New solution equals old solution at k=16
73
Total Reward at the start of the inner iterations: 30700481.1654105
Gurobi status: 2

Statistics for model Linearization Heuristic :
  Linear constraint matrix    : 13329 Constrs, 7830 Vars, 4173166 NZs
  Matrix coefficient range    : [ 1.00025e-13, 1 ]
  Objective coefficient range : [ 1.1924e-21, 3.02821e+08 ]
  Variable bound range        : [ 0.05, 1 ]
  RHS coefficient range       : [ 1.45198e-08, 1 ]
Objective value for Line heur k = 17: 18644917.491636083
73
Actual reward of current solution: 30697659.96973092
Minimum Difference with past solutions:0.05.
Gurobi status: 2

Statistics for model Linearization Heuristic :
  Linear constraint matrix    : 13329 Constrs, 7830 Vars, 4190819 NZs
  Matrix coefficient range    : [ 1.00063e-13, 1 ]
  Objective coefficient range : [ 8.58146e-23, 3.02821e+08 ]
  Variable bound range        : [ 0.05, 1 ]
  RHS coefficient range       : [ 5.80722e-08, 1 ]
Objective value for Line heur k = 17: 18633222.83449062
73
Actual reward of current solution: 30700481.1654105
Minimum Difference with past solutions:0.0.
New solution equals old solution at k=17
72
Total Reward at the start of the inner iterations: 30700481.1654105
Gurobi status: 2

Statistics for model Linearization Heuristic :
  Linear constraint matrix    : 13164 Constrs, 7740 Vars, 4085046 NZs
  Matrix coefficient range    : [ 1.00025e-13, 1 ]
  Objective coefficient range : [ 1.1924e-21, 3.02821e+08 ]
  Variable bound range        : [ 0.05, 1 ]
  RHS coefficient range       : [ 3.29457e-09, 1 ]
Objective value for Line heur k = 18: 18580566.259218223
72
Actual reward of current solution: 30697659.96973092
Minimum Difference with past solutions:0.05.
Gurobi status: 2

Statistics for model Linearization Heuristic :
  Linear constraint matrix    : 13164 Constrs, 7740 Vars, 4102699 NZs
  Matrix coefficient range    : [ 1.00063e-13, 1 ]
  Objective coefficient range : [ 8.58146e-23, 3.02821e+08 ]
  Variable bound range        : [ 0.05, 1 ]
  RHS coefficient range       : [ 5.63751e-10, 1 ]
Objective value for Line heur k = 18: 18569111.112525083
72
Actual reward of current solution: 30700481.1654105
Minimum Difference with past solutions:0.0.
New solution equals old solution at k=18
71
Total Reward at the start of the inner iterations: 30700481.1654105
Gurobi status: 2

Statistics for model Linearization Heuristic :
  Linear constraint matrix    : 12999 Constrs, 7650 Vars, 3997971 NZs
  Matrix coefficient range    : [ 1.00025e-13, 1 ]
  Objective coefficient range : [ 1.1924e-21, 3.02821e+08 ]
  Variable bound range        : [ 0.05, 1 ]
  RHS coefficient range       : [ 8.68147e-09, 1 ]
Objective value for Line heur k = 19: 18506981.697864547
71
Actual reward of current solution: 30697659.96973092
Minimum Difference with past solutions:0.05.
Gurobi status: 2

Statistics for model Linearization Heuristic :
  Linear constraint matrix    : 12999 Constrs, 7650 Vars, 4015624 NZs
  Matrix coefficient range    : [ 1.00063e-13, 1 ]
  Objective coefficient range : [ 8.58146e-23, 3.02821e+08 ]
  Variable bound range        : [ 0.05, 1 ]
  RHS coefficient range       : [ 1.07875e-08, 1 ]
Objective value for Line heur k = 19: 18495764.431756914
71
Actual reward of current solution: 30700481.1654105
Minimum Difference with past solutions:0.0.
New solution equals old solution at k=19
70
Total Reward at the start of the inner iterations: 30700481.1654105
Gurobi status: 2

Statistics for model Linearization Heuristic :
  Linear constraint matrix    : 12834 Constrs, 7560 Vars, 3911941 NZs
  Matrix coefficient range    : [ 1.00025e-13, 1 ]
  Objective coefficient range : [ 1.1924e-21, 3.02821e+08 ]
  Variable bound range        : [ 0.05, 1 ]
  RHS coefficient range       : [ 1.00709e-08, 1 ]
Objective value for Line heur k = 20: 18425263.426867813
70
Actual reward of current solution: 30697659.96973092
Minimum Difference with past solutions:0.05.
Gurobi status: 2

Statistics for model Linearization Heuristic :
  Linear constraint matrix    : 12834 Constrs, 7560 Vars, 3929594 NZs
  Matrix coefficient range    : [ 1.00063e-13, 1 ]
  Objective coefficient range : [ 8.58146e-23, 3.02821e+08 ]
  Variable bound range        : [ 0.05, 1 ]
  RHS coefficient range       : [ 1.67288e-08, 1 ]
Objective value for Line heur k = 20: 18414282.43063108
70
Actual reward of current solution: 30700481.1654105
Minimum Difference with past solutions:0.0.
New solution equals old solution at k=20
69
Total Reward at the start of the inner iterations: 30700481.1654105
Gurobi status: 2

Statistics for model Linearization Heuristic :
  Linear constraint matrix    : 12669 Constrs, 7470 Vars, 3826956 NZs
  Matrix coefficient range    : [ 1.00025e-13, 1 ]
  Objective coefficient range : [ 1.1924e-21, 3.02821e+08 ]
  Variable bound range        : [ 0.05, 1 ]
  RHS coefficient range       : [ 4.09782e-08, 1 ]
Objective value for Line heur k = 21: 18336317.0683994
69
Actual reward of current solution: 30697659.96973092
Minimum Difference with past solutions:0.05.
Gurobi status: 2

Statistics for model Linearization Heuristic :
  Linear constraint matrix    : 12669 Constrs, 7470 Vars, 3844609 NZs
  Matrix coefficient range    : [ 1.00063e-13, 1 ]
  Objective coefficient range : [ 8.58146e-23, 3.02821e+08 ]
  Variable bound range        : [ 0.05, 1 ]
  RHS coefficient range       : [ 4.82071e-08, 1 ]
Objective value for Line heur k = 21: 18325570.46499838
69
Actual reward of current solution: 30700481.1654105
Minimum Difference with past solutions:0.0.
New solution equals old solution at k=21
68
Total Reward at the start of the inner iterations: 30700481.1654105
Gurobi status: 2

Statistics for model Linearization Heuristic :
  Linear constraint matrix    : 12504 Constrs, 7380 Vars, 3743016 NZs
  Matrix coefficient range    : [ 1.00025e-13, 1 ]
  Objective coefficient range : [ 1.1924e-21, 3.02821e+08 ]
  Variable bound range        : [ 0.05, 1 ]
  RHS coefficient range       : [ 5.64063e-08, 1 ]
Objective value for Line heur k = 22: 18240891.531484146
68
Actual reward of current solution: 30697659.96973092
Minimum Difference with past solutions:0.05.
Gurobi status: 2

Statistics for model Linearization Heuristic :
  Linear constraint matrix    : 12504 Constrs, 7380 Vars, 3760669 NZs
  Matrix coefficient range    : [ 1.00063e-13, 1 ]
  Objective coefficient range : [ 8.58146e-23, 3.02821e+08 ]
  Variable bound range        : [ 0.05, 1 ]
  RHS coefficient range       : [ 2.11716e-08, 1 ]
Objective value for Line heur k = 22: 18230376.84654333
68
Actual reward of current solution: 30700481.1654105
Minimum Difference with past solutions:0.0.
New solution equals old solution at k=22
67
Total Reward at the start of the inner iterations: 30700481.1654105
Gurobi status: 2

Statistics for model Linearization Heuristic :
  Linear constraint matrix    : 12339 Constrs, 7290 Vars, 3660121 NZs
  Matrix coefficient range    : [ 1.00025e-13, 1 ]
  Objective coefficient range : [ 1.1924e-21, 3.02821e+08 ]
  Variable bound range        : [ 0.05, 1 ]
  RHS coefficient range       : [ 2.36697e-08, 1 ]
Objective value for Line heur k = 23: 18139599.15646046
67
Actual reward of current solution: 30697659.96973092
Minimum Difference with past solutions:0.05.
Gurobi status: 2

Statistics for model Linearization Heuristic :
  Linear constraint matrix    : 12339 Constrs, 7290 Vars, 3677774 NZs
  Matrix coefficient range    : [ 1.00063e-13, 1 ]
  Objective coefficient range : [ 8.58146e-23, 3.02821e+08 ]
  Variable bound range        : [ 0.05, 1 ]
  RHS coefficient range       : [ 6.56337e-09, 1 ]
Objective value for Line heur k = 23: 18129312.886846796
67
Actual reward of current solution: 30700481.1654105
Minimum Difference with past solutions:0.0.
New solution equals old solution at k=23
66
Total Reward at the start of the inner iterations: 30700481.1654105
Gurobi status: 2

Statistics for model Linearization Heuristic :
  Linear constraint matrix    : 12174 Constrs, 7200 Vars, 3578271 NZs
  Matrix coefficient range    : [ 1.00025e-13, 1 ]
  Objective coefficient range : [ 1.1924e-21, 3.02821e+08 ]
  Variable bound range        : [ 0.05, 1 ]
  RHS coefficient range       : [ 4.81473e-09, 1 ]
Objective value for Line heur k = 24: 18032922.394177258
66
Actual reward of current solution: 30697659.96973092
Minimum Difference with past solutions:0.05.
Gurobi status: 2

Statistics for model Linearization Heuristic :
  Linear constraint matrix    : 12174 Constrs, 7200 Vars, 3595924 NZs
  Matrix coefficient range    : [ 1.00063e-13, 1 ]
  Objective coefficient range : [ 8.58146e-23, 3.02821e+08 ]
  Variable bound range        : [ 0.05, 1 ]
  RHS coefficient range       : [ 2.81288e-08, 1 ]
Objective value for Line heur k = 24: 18022859.40467685
66
Actual reward of current solution: 30700481.1654105
Minimum Difference with past solutions:0.0.
New solution equals old solution at k=24
65
Total Reward at the start of the inner iterations: 30700481.1654105
Gurobi status: 2

Statistics for model Linearization Heuristic :
  Linear constraint matrix    : 12009 Constrs, 7110 Vars, 3497466 NZs
  Matrix coefficient range    : [ 1.00025e-13, 1 ]
  Objective coefficient range : [ 1.1924e-21, 3.02821e+08 ]
  Variable bound range        : [ 0.05, 1 ]
  RHS coefficient range       : [ 3.26554e-09, 1 ]
Objective value for Line heur k = 25: 17921207.958543614
65
Actual reward of current solution: 30697659.96973092
Minimum Difference with past solutions:0.05.
Gurobi status: 2

Statistics for model Linearization Heuristic :
  Linear constraint matrix    : 12009 Constrs, 7110 Vars, 3515119 NZs
  Matrix coefficient range    : [ 1.00063e-13, 1 ]
  Objective coefficient range : [ 8.58146e-23, 3.02821e+08 ]
  Variable bound range        : [ 0.05, 1 ]
  RHS coefficient range       : [ 4.39063e-09, 1 ]
Objective value for Line heur k = 25: 17911360.60673891
65
Actual reward of current solution: 30700481.1654105
Minimum Difference with past solutions:0.0.
New solution equals old solution at k=25
64
Total Reward at the start of the inner iterations: 30700481.1654105
Gurobi status: 2

Statistics for model Linearization Heuristic :
  Linear constraint matrix    : 11844 Constrs, 7020 Vars, 3417706 NZs
  Matrix coefficient range    : [ 1.00025e-13, 1 ]
  Objective coefficient range : [ 1.1924e-21, 3.02821e+08 ]
  Variable bound range        : [ 0.05, 1 ]
  RHS coefficient range       : [ 2.6807e-08, 1 ]
Objective value for Line heur k = 26: 17804647.06532956
64
Actual reward of current solution: 30697659.96973092
Minimum Difference with past solutions:0.05.
Gurobi status: 2

Statistics for model Linearization Heuristic :
  Linear constraint matrix    : 11844 Constrs, 7020 Vars, 3435359 NZs
  Matrix coefficient range    : [ 1.00063e-13, 1 ]
  Objective coefficient range : [ 8.58146e-23, 3.02821e+08 ]
  Variable bound range        : [ 0.05, 1 ]
  RHS coefficient range       : [ 3.4956e-08, 1 ]
Objective value for Line heur k = 26: 17795003.910016194
64
Actual reward of current solution: 30700481.1654105
Minimum Difference with past solutions:0.0.
New solution equals old solution at k=26
63
Total Reward at the start of the inner iterations: 30700481.1654105
Gurobi status: 2

Statistics for model Linearization Heuristic :
  Linear constraint matrix    : 11679 Constrs, 6930 Vars, 3338991 NZs
  Matrix coefficient range    : [ 1.00025e-13, 1 ]
  Objective coefficient range : [ 1.1924e-21, 3.02821e+08 ]
  Variable bound range        : [ 0.05, 1 ]
  RHS coefficient range       : [ 5.29307e-09, 1 ]
Objective value for Line heur k = 27: 17683237.968695138
63
Actual reward of current solution: 30697659.96973092
Minimum Difference with past solutions:0.05.
Gurobi status: 2

Statistics for model Linearization Heuristic :
  Linear constraint matrix    : 11679 Constrs, 6930 Vars, 3356644 NZs
  Matrix coefficient range    : [ 1.00063e-13, 1 ]
  Objective coefficient range : [ 8.58146e-23, 3.02821e+08 ]
  Variable bound range        : [ 0.05, 1 ]
  RHS coefficient range       : [ 1.37023e-08, 1 ]
Objective value for Line heur k = 27: 17673781.848690577
63
Actual reward of current solution: 30700481.1654105
Minimum Difference with past solutions:0.0.
New solution equals old solution at k=27
62
Total Reward at the start of the inner iterations: 30700481.1654105
Gurobi status: 2

Statistics for model Linearization Heuristic :
  Linear constraint matrix    : 11514 Constrs, 6840 Vars, 3261375 NZs
  Matrix coefficient range    : [ 1.00025e-13, 1 ]
  Objective coefficient range : [ 1.1924e-21, 3.02821e+08 ]
  Variable bound range        : [ 0.05, 1 ]
  RHS coefficient range       : [ 3.33506e-10, 0.290537 ]
Objective value for Line heur k = 28: 17556724.07463744
62
Actual reward of current solution: 30697659.96973092
Minimum Difference with past solutions:0.05.
Gurobi status: 2

Statistics for model Linearization Heuristic :
  Linear constraint matrix    : 11514 Constrs, 6840 Vars, 3279028 NZs
  Matrix coefficient range    : [ 1.00063e-13, 1 ]
  Objective coefficient range : [ 8.58146e-23, 3.02821e+08 ]
  Variable bound range        : [ 0.05, 1 ]
  RHS coefficient range       : [ 3.13284e-09, 0.290552 ]
Objective value for Line heur k = 28: 17547429.24141462
62
Actual reward of current solution: 30700481.1654105
Minimum Difference with past solutions:0.0.
New solution equals old solution at k=28
61
Total Reward at the start of the inner iterations: 30700481.1654105
Gurobi status: 2

Statistics for model Linearization Heuristic :
  Linear constraint matrix    : 11403 Constrs, 6750 Vars, 3172094 NZs
  Matrix coefficient range    : [ 1.00025e-13, 1 ]
  Objective coefficient range : [ 1.1924e-21, 3.02821e+08 ]
  Variable bound range        : [ 0.05, 1 ]
  RHS coefficient range       : [ 1.06401e-09, 1 ]
Objective value for Line heur k = 29: 17381112.820767976
61
Actual reward of current solution: 30700481.1654105
Minimum Difference with past solutions:0.0.
New solution equals old solution at k=29
60
Total Reward at the start of the inner iterations: 30700481.1654105
Gurobi status: 2

Statistics for model Linearization Heuristic :
  Linear constraint matrix    : 11238 Constrs, 6660 Vars, 3083975 NZs
  Matrix coefficient range    : [ 1.00025e-13, 1 ]
  Objective coefficient range : [ 1.1924e-21, 3.02821e+08 ]
  Variable bound range        : [ 0.05, 1 ]
  RHS coefficient range       : [ 1.3199e-09, 1 ]
Objective value for Line heur k = 30: 17199173.495326795
60
Actual reward of current solution: 30700481.1654105
Minimum Difference with past solutions:0.0.
New solution equals old solution at k=30
59
Total Reward at the start of the inner iterations: 30700481.1654105
Gurobi status: 2

Statistics for model Linearization Heuristic :
  Linear constraint matrix    : 11073 Constrs, 6570 Vars, 2997072 NZs
  Matrix coefficient range    : [ 1.00025e-13, 1 ]
  Objective coefficient range : [ 1.1924e-21, 3.02821e+08 ]
  Variable bound range        : [ 0.05, 1 ]
  RHS coefficient range       : [ 1.0098e-08, 1 ]
Objective value for Line heur k = 31: 17011828.118907854
59
Actual reward of current solution: 30700481.1654105
Minimum Difference with past solutions:0.0.
New solution equals old solution at k=31
58
Total Reward at the start of the inner iterations: 30700481.1654105
Gurobi status: 2

Statistics for model Linearization Heuristic :
  Linear constraint matrix    : 10908 Constrs, 6480 Vars, 2911385 NZs
  Matrix coefficient range    : [ 1.00025e-13, 1 ]
  Objective coefficient range : [ 1.1924e-21, 3.02821e+08 ]
  Variable bound range        : [ 0.05, 1 ]
  RHS coefficient range       : [ 1.9071e-08, 1 ]
Objective value for Line heur k = 32: 16820144.727216076
58
Actual reward of current solution: 30700481.1654105
Minimum Difference with past solutions:0.0.
New solution equals old solution at k=32
57
Total Reward at the start of the inner iterations: 30700481.1654105
Gurobi status: 2

Statistics for model Linearization Heuristic :
  Linear constraint matrix    : 10743 Constrs, 6390 Vars, 2826914 NZs
  Matrix coefficient range    : [ 1.00025e-13, 1 ]
  Objective coefficient range : [ 1.1924e-21, 3.02821e+08 ]
  Variable bound range        : [ 0.05, 1 ]
  RHS coefficient range       : [ 5.91106e-09, 1 ]
Objective value for Line heur k = 33: 16624795.40445138
57
Actual reward of current solution: 30700481.1654105
Minimum Difference with past solutions:0.0.
New solution equals old solution at k=33
56
Total Reward at the start of the inner iterations: 30700481.1654105
Gurobi status: 2

Statistics for model Linearization Heuristic :
  Linear constraint matrix    : 10578 Constrs, 6300 Vars, 2743659 NZs
  Matrix coefficient range    : [ 1.00025e-13, 1 ]
  Objective coefficient range : [ 1.1924e-21, 3.02821e+08 ]
  Variable bound range        : [ 0.05, 1 ]
  RHS coefficient range       : [ 2.67338e-08, 1 ]
Objective value for Line heur k = 34: 16426226.511848414
56
Actual reward of current solution: 30700481.1654105
Minimum Difference with past solutions:0.0.
New solution equals old solution at k=34
55
Total Reward at the start of the inner iterations: 30700481.1654105
Gurobi status: 2

Statistics for model Linearization Heuristic :
  Linear constraint matrix    : 10413 Constrs, 6210 Vars, 2661620 NZs
  Matrix coefficient range    : [ 1.00025e-13, 1 ]
  Objective coefficient range : [ 1.1924e-21, 3.02821e+08 ]
  Variable bound range        : [ 0.05, 1 ]
  RHS coefficient range       : [ 2.67076e-08, 1 ]
Objective value for Line heur k = 35: 16224754.257753419
55
Actual reward of current solution: 30700481.1654105
Minimum Difference with past solutions:0.0.
New solution equals old solution at k=35
54
Total Reward at the start of the inner iterations: 30700481.1654105
Gurobi status: 2

Statistics for model Linearization Heuristic :
  Linear constraint matrix    : 10248 Constrs, 6120 Vars, 2580797 NZs
  Matrix coefficient range    : [ 1.00025e-13, 1 ]
  Objective coefficient range : [ 1.1924e-21, 3.02821e+08 ]
  Variable bound range        : [ 0.05, 1 ]
  RHS coefficient range       : [ 2.39525e-08, 1 ]
Objective value for Line heur k = 36: 16020618.29784564
54
Actual reward of current solution: 30700481.1654105
Minimum Difference with past solutions:0.0.
New solution equals old solution at k=36
53
Total Reward at the start of the inner iterations: 30700481.1654105
Gurobi status: 2

Statistics for model Linearization Heuristic :
  Linear constraint matrix    : 10083 Constrs, 6030 Vars, 2501190 NZs
  Matrix coefficient range    : [ 1.00025e-13, 1 ]
  Objective coefficient range : [ 1.1924e-21, 3.02821e+08 ]
  Variable bound range        : [ 0.05, 1 ]
  RHS coefficient range       : [ 2.06898e-08, 1 ]
Objective value for Line heur k = 37: 15814011.680879992
53
Actual reward of current solution: 30700481.1654105
Minimum Difference with past solutions:0.0.
New solution equals old solution at k=37
52
Total Reward at the start of the inner iterations: 30700481.1654105
Gurobi status: 2

Statistics for model Linearization Heuristic :
  Linear constraint matrix    : 9918 Constrs, 5940 Vars, 2422799 NZs
  Matrix coefficient range    : [ 1.00025e-13, 1 ]
  Objective coefficient range : [ 1.1924e-21, 3.02821e+08 ]
  Variable bound range        : [ 0.05, 1 ]
  RHS coefficient range       : [ 1.43603e-08, 1 ]
Objective value for Line heur k = 38: 15605097.363600858
52
Actual reward of current solution: 30700481.1654105
Minimum Difference with past solutions:0.0.
New solution equals old solution at k=38
51
Total Reward at the start of the inner iterations: 30700481.1654105
Gurobi status: 2

Statistics for model Linearization Heuristic :
  Linear constraint matrix    : 9753 Constrs, 5850 Vars, 2345624 NZs
  Matrix coefficient range    : [ 1.00025e-13, 1 ]
  Objective coefficient range : [ 1.1924e-21, 3.02821e+08 ]
  Variable bound range        : [ 0.05, 1 ]
  RHS coefficient range       : [ 9.03404e-10, 1 ]
Objective value for Line heur k = 39: 15394016.935748782
51
Actual reward of current solution: 30700481.1654105
Minimum Difference with past solutions:0.0.
New solution equals old solution at k=39
50
Total Reward at the start of the inner iterations: 30700481.1654105
Gurobi status: 2

Statistics for model Linearization Heuristic :
  Linear constraint matrix    : 9588 Constrs, 5760 Vars, 2269665 NZs
  Matrix coefficient range    : [ 1.00025e-13, 1 ]
  Objective coefficient range : [ 1.1924e-21, 3.02821e+08 ]
  Variable bound range        : [ 0.05, 1 ]
  RHS coefficient range       : [ 8.80744e-09, 1 ]
Objective value for Line heur k = 40: 15180894.556203095
50
Actual reward of current solution: 30700481.1654105
Minimum Difference with past solutions:0.0.
New solution equals old solution at k=40
49
Total Reward at the start of the inner iterations: 30700481.1654105
Gurobi status: 2

Statistics for model Linearization Heuristic :
  Linear constraint matrix    : 9423 Constrs, 5670 Vars, 2194922 NZs
  Matrix coefficient range    : [ 1.00025e-13, 1 ]
  Objective coefficient range : [ 1.1924e-21, 3.02821e+08 ]
  Variable bound range        : [ 0.05, 1 ]
  RHS coefficient range       : [ 1.87196e-09, 1 ]
Objective value for Line heur k = 41: 14965837.507608743
49
Actual reward of current solution: 30700481.1654105
Minimum Difference with past solutions:0.0.
New solution equals old solution at k=41
48
Total Reward at the start of the inner iterations: 30700481.1654105
Gurobi status: 2

Statistics for model Linearization Heuristic :
  Linear constraint matrix    : 9258 Constrs, 5580 Vars, 2121450 NZs
  Matrix coefficient range    : [ 1.00025e-13, 1 ]
  Objective coefficient range : [ 1.1924e-21, 3.02821e+08 ]
  Variable bound range        : [ 0.05, 1 ]
  RHS coefficient range       : [ 6.45545e-10, 0.290262 ]
Objective value for Line heur k = 42: 14748933.696266709
48
Actual reward of current solution: 30700481.1654105
Minimum Difference with past solutions:0.0.
New solution equals old solution at k=42
47
Total Reward at the start of the inner iterations: 30700481.1654105
Gurobi status: 2

Statistics for model Linearization Heuristic :
  Linear constraint matrix    : 9147 Constrs, 5490 Vars, 2048078 NZs
  Matrix coefficient range    : [ 1.00025e-13, 1 ]
  Objective coefficient range : [ 1.1924e-21, 3.02821e+08 ]
  Variable bound range        : [ 0.05, 1 ]
  RHS coefficient range       : [ 6.52437e-11, 1 ]
Objective value for Line heur k = 43: 14529995.945801668
47
Actual reward of current solution: 30700481.1654105
Minimum Difference with past solutions:0.0.
New solution equals old solution at k=43
46
Total Reward at the start of the inner iterations: 30700481.1654105
Gurobi status: 2

Statistics for model Linearization Heuristic :
  Linear constraint matrix    : 8982 Constrs, 5400 Vars, 1975887 NZs
  Matrix coefficient range    : [ 1.00025e-13, 1 ]
  Objective coefficient range : [ 1.1924e-21, 3.02821e+08 ]
  Variable bound range        : [ 0.05, 1 ]
  RHS coefficient range       : [ 2.0061e-10, 1 ]
Objective value for Line heur k = 44: 14309348.554953696
46
Actual reward of current solution: 30700481.1654105
Minimum Difference with past solutions:0.0.
New solution equals old solution at k=44
45
Total Reward at the start of the inner iterations: 30700481.1654105
Gurobi status: 2

Statistics for model Linearization Heuristic :
  Linear constraint matrix    : 8817 Constrs, 5310 Vars, 1904931 NZs
  Matrix coefficient range    : [ 1.00025e-13, 1 ]
  Objective coefficient range : [ 1.1924e-21, 3.02821e+08 ]
  Variable bound range        : [ 0.05, 1 ]
  RHS coefficient range       : [ 1.33964e-09, 1 ]
Objective value for Line heur k = 45: 14087165.476240981
45
Actual reward of current solution: 30700481.1654105
Minimum Difference with past solutions:0.0.
New solution equals old solution at k=45
44
Total Reward at the start of the inner iterations: 30700481.1654105
Gurobi status: 2

Statistics for model Linearization Heuristic :
  Linear constraint matrix    : 8652 Constrs, 5220 Vars, 1835210 NZs
  Matrix coefficient range    : [ 1.00025e-13, 1 ]
  Objective coefficient range : [ 1.1924e-21, 3.02821e+08 ]
  Variable bound range        : [ 0.05, 1 ]
  RHS coefficient range       : [ 2.19783e-09, 1 ]
Objective value for Line heur k = 46: 13863574.81548194
44
Actual reward of current solution: 30700481.1654105
Minimum Difference with past solutions:0.0.
New solution equals old solution at k=46
43
Total Reward at the start of the inner iterations: 30700481.1654105
Gurobi status: 2

Statistics for model Linearization Heuristic :
  Linear constraint matrix    : 8487 Constrs, 5130 Vars, 1766724 NZs
  Matrix coefficient range    : [ 1.00025e-13, 1 ]
  Objective coefficient range : [ 1.1924e-21, 3.02821e+08 ]
  Variable bound range        : [ 0.05, 1 ]
  RHS coefficient range       : [ 1.95945e-09, 1 ]
Objective value for Line heur k = 47: 13638679.187516468
43
Actual reward of current solution: 30700481.1654105
Minimum Difference with past solutions:0.0.
New solution equals old solution at k=47
42
Total Reward at the start of the inner iterations: 30700481.1654105
Gurobi status: 2

Statistics for model Linearization Heuristic :
  Linear constraint matrix    : 8322 Constrs, 5040 Vars, 1699474 NZs
  Matrix coefficient range    : [ 1.00025e-13, 1 ]
  Objective coefficient range : [ 1.1924e-21, 3.02821e+08 ]
  Variable bound range        : [ 0.05, 1 ]
  RHS coefficient range       : [ 7.99133e-10, 1 ]
Objective value for Line heur k = 48: 13412566.202776024
42
Actual reward of current solution: 30700481.1654105
Minimum Difference with past solutions:0.0.
New solution equals old solution at k=48
41
Total Reward at the start of the inner iterations: 30700481.1654105
Gurobi status: 2

Statistics for model Linearization Heuristic :
  Linear constraint matrix    : 8157 Constrs, 4950 Vars, 1633459 NZs
  Matrix coefficient range    : [ 1.00025e-13, 1 ]
  Objective coefficient range : [ 1.1924e-21, 3.02821e+08 ]
  Variable bound range        : [ 0.05, 1 ]
  RHS coefficient range       : [ 3.02307e-09, 1 ]
Objective value for Line heur k = 49: 13185313.879705297
41
Actual reward of current solution: 30700481.1654105
Minimum Difference with past solutions:0.0.
New solution equals old solution at k=49
40
Total Reward at the start of the inner iterations: 30700481.1654105
Gurobi status: 2

Statistics for model Linearization Heuristic :
  Linear constraint matrix    : 7992 Constrs, 4860 Vars, 1568679 NZs
  Matrix coefficient range    : [ 1.00025e-13, 1 ]
  Objective coefficient range : [ 1.1924e-21, 3.02821e+08 ]
  Variable bound range        : [ 0.05, 1 ]
  RHS coefficient range       : [ 4.60134e-09, 1 ]
Objective value for Line heur k = 50: 12956993.466355368
40
Actual reward of current solution: 30700481.1654105
Minimum Difference with past solutions:0.0.
New solution equals old solution at k=50
39
Total Reward at the start of the inner iterations: 30700481.1654105
Gurobi status: 2

Statistics for model Linearization Heuristic :
  Linear constraint matrix    : 7827 Constrs, 4770 Vars, 1505134 NZs
  Matrix coefficient range    : [ 1.00025e-13, 1 ]
  Objective coefficient range : [ 1.1924e-21, 3.02821e+08 ]
  Variable bound range        : [ 0.05, 1 ]
  RHS coefficient range       : [ 4.95324e-09, 1 ]
Objective value for Line heur k = 51: 12727670.948735245
39
Actual reward of current solution: 30700481.1654105
Minimum Difference with past solutions:0.0.
New solution equals old solution at k=51
38
Total Reward at the start of the inner iterations: 30700481.1654105
Gurobi status: 2

Statistics for model Linearization Heuristic :
  Linear constraint matrix    : 7662 Constrs, 4680 Vars, 1442825 NZs
  Matrix coefficient range    : [ 1.00025e-13, 1 ]
  Objective coefficient range : [ 1.1924e-21, 3.02821e+08 ]
  Variable bound range        : [ 0.05, 1 ]
  RHS coefficient range       : [ 5.22513e-09, 1 ]
Objective value for Line heur k = 52: 12497407.898118233
38
Actual reward of current solution: 30700481.1654105
Minimum Difference with past solutions:0.0.
New solution equals old solution at k=52
37
Total Reward at the start of the inner iterations: 30700481.1654105
Gurobi status: 2

Statistics for model Linearization Heuristic :
  Linear constraint matrix    : 7497 Constrs, 4590 Vars, 1381751 NZs
  Matrix coefficient range    : [ 1.00025e-13, 1 ]
  Objective coefficient range : [ 1.1924e-21, 3.02821e+08 ]
  Variable bound range        : [ 0.05, 1 ]
  RHS coefficient range       : [ 5.42744e-09, 1 ]
Objective value for Line heur k = 53: 12266261.987221943
37
Actual reward of current solution: 30700481.1654105
Minimum Difference with past solutions:0.0.
New solution equals old solution at k=53
36
Total Reward at the start of the inner iterations: 30700481.1654105
Gurobi status: 2

Statistics for model Linearization Heuristic :
  Linear constraint matrix    : 7332 Constrs, 4500 Vars, 1321912 NZs
  Matrix coefficient range    : [ 1.00025e-13, 1 ]
  Objective coefficient range : [ 1.1924e-21, 3.02821e+08 ]
  Variable bound range        : [ 0.05, 1 ]
  RHS coefficient range       : [ 5.56968e-09, 1 ]
Objective value for Line heur k = 54: 12034287.340370422
36
Actual reward of current solution: 30700481.1654105
Minimum Difference with past solutions:0.0.
New solution equals old solution at k=54
35
Total Reward at the start of the inner iterations: 30700481.1654105
Gurobi status: 2

Statistics for model Linearization Heuristic :
  Linear constraint matrix    : 7167 Constrs, 4410 Vars, 1263308 NZs
  Matrix coefficient range    : [ 1.00025e-13, 1 ]
  Objective coefficient range : [ 1.1924e-21, 3.02821e+08 ]
  Variable bound range        : [ 0.05, 1 ]
  RHS coefficient range       : [ 5.66039e-09, 1 ]
Objective value for Line heur k = 55: 11801534.799229197
35
Actual reward of current solution: 30700481.1654105
Minimum Difference with past solutions:0.0.
New solution equals old solution at k=55
34
Total Reward at the start of the inner iterations: 30700481.1654105
Gurobi status: 2

Statistics for model Linearization Heuristic :
  Linear constraint matrix    : 7002 Constrs, 4320 Vars, 1205993 NZs
  Matrix coefficient range    : [ 1.00025e-13, 1 ]
  Objective coefficient range : [ 1.1924e-21, 3.02821e+08 ]
  Variable bound range        : [ 0.05, 1 ]
  RHS coefficient range       : [ 5.70709e-09, 0.29007 ]
Objective value for Line heur k = 56: 11568052.143847454
34
Actual reward of current solution: 30700481.1654105
Minimum Difference with past solutions:0.0.
New solution equals old solution at k=56
33
Total Reward at the start of the inner iterations: 30700481.1654105
Gurobi status: 2

Statistics for model Linearization Heuristic :
  Linear constraint matrix    : 6891 Constrs, 4230 Vars, 1149913 NZs
  Matrix coefficient range    : [ 1.00025e-13, 1 ]
  Objective coefficient range : [ 1.1924e-21, 3.02821e+08 ]
  Variable bound range        : [ 0.05, 1 ]
  RHS coefficient range       : [ 5.71637e-09, 1 ]
Objective value for Line heur k = 57: 11333884.28804762
33
Actual reward of current solution: 30700481.1654105
Minimum Difference with past solutions:0.0.
New solution equals old solution at k=57
32
Total Reward at the start of the inner iterations: 30700481.1654105
Gurobi status: 2

Statistics for model Linearization Heuristic :
  Linear constraint matrix    : 6726 Constrs, 4140 Vars, 1095015 NZs
  Matrix coefficient range    : [ 1.00025e-13, 1 ]
  Objective coefficient range : [ 1.1924e-21, 3.02821e+08 ]
  Variable bound range        : [ 0.05, 1 ]
  RHS coefficient range       : [ 5.69403e-09, 1 ]
Objective value for Line heur k = 58: 11099073.45814673
32
Actual reward of current solution: 30700481.1654105
Minimum Difference with past solutions:0.0.
New solution equals old solution at k=58
31
Total Reward at the start of the inner iterations: 30700481.1654105
Gurobi status: 2

Statistics for model Linearization Heuristic :
  Linear constraint matrix    : 6561 Constrs, 4050 Vars, 1041352 NZs
  Matrix coefficient range    : [ 1.00025e-13, 1 ]
  Objective coefficient range : [ 1.1924e-21, 3.02821e+08 ]
  Variable bound range        : [ 0.05, 1 ]
  RHS coefficient range       : [ 5.64509e-09, 1 ]
Objective value for Line heur k = 59: 10863659.359214807
31
Actual reward of current solution: 30700481.1654105
Minimum Difference with past solutions:0.0.
New solution equals old solution at k=59
30
Total Reward at the start of the inner iterations: 30700481.1654105
Gurobi status: 2

Statistics for model Linearization Heuristic :
  Linear constraint matrix    : 6396 Constrs, 3960 Vars, 988925 NZs
  Matrix coefficient range    : [ 1.00025e-13, 1 ]
  Objective coefficient range : [ 1.1924e-21, 3.02821e+08 ]
  Variable bound range        : [ 0.05, 1 ]
  RHS coefficient range       : [ 5.57393e-09, 1 ]
Objective value for Line heur k = 60: 10627679.330870857
30
Actual reward of current solution: 30700481.1654105
Minimum Difference with past solutions:0.0.
New solution equals old solution at k=60
29
Total Reward at the start of the inner iterations: 30700481.1654105
Gurobi status: 2

Statistics for model Linearization Heuristic :
  Linear constraint matrix    : 6231 Constrs, 3870 Vars, 937735 NZs
  Matrix coefficient range    : [ 1.00025e-13, 1 ]
  Objective coefficient range : [ 1.1924e-21, 3.02821e+08 ]
  Variable bound range        : [ 0.05, 1 ]
  RHS coefficient range       : [ 5.48438e-09, 1 ]
Objective value for Line heur k = 61: 10391168.493641933
29
Actual reward of current solution: 30700481.1654105
Minimum Difference with past solutions:0.0.
New solution equals old solution at k=61
28
Total Reward at the start of the inner iterations: 30700481.1654105
Gurobi status: 2

Statistics for model Linearization Heuristic :
  Linear constraint matrix    : 6066 Constrs, 3780 Vars, 887781 NZs
  Matrix coefficient range    : [ 1.00025e-13, 1 ]
  Objective coefficient range : [ 1.1924e-21, 3.02821e+08 ]
  Variable bound range        : [ 0.05, 1 ]
  RHS coefficient range       : [ 5.37975e-09, 1 ]
Objective value for Line heur k = 62: 10154159.886504747
28
Actual reward of current solution: 30700481.1654105
Minimum Difference with past solutions:0.0.
New solution equals old solution at k=62
27
Total Reward at the start of the inner iterations: 30700481.1654105
Gurobi status: 2

Statistics for model Linearization Heuristic :
  Linear constraint matrix    : 5901 Constrs, 3690 Vars, 839064 NZs
  Matrix coefficient range    : [ 1.00025e-13, 1 ]
  Objective coefficient range : [ 1.1924e-21, 3.02821e+08 ]
  Variable bound range        : [ 0.05, 1 ]
  RHS coefficient range       : [ 5.26291e-09, 1 ]
Objective value for Line heur k = 63: 9916684.596075645
27
Actual reward of current solution: 30700481.1654105
Minimum Difference with past solutions:0.0.
New solution equals old solution at k=63
26
Total Reward at the start of the inner iterations: 30700481.1654105
Gurobi status: 2

Statistics for model Linearization Heuristic :
  Linear constraint matrix    : 5736 Constrs, 3600 Vars, 791582 NZs
  Matrix coefficient range    : [ 1.00025e-13, 1 ]
  Objective coefficient range : [ 1.1924e-21, 3.02821e+08 ]
  Variable bound range        : [ 0.05, 1 ]
  RHS coefficient range       : [ 5.13636e-09, 1 ]
Objective value for Line heur k = 64: 9678771.877865806
26
Actual reward of current solution: 30700481.1654105
Minimum Difference with past solutions:0.0.
New solution equals old solution at k=64
25
Total Reward at the start of the inner iterations: 30700481.1654105
Gurobi status: 2

Statistics for model Linearization Heuristic :
  Linear constraint matrix    : 5571 Constrs, 3510 Vars, 745335 NZs
  Matrix coefficient range    : [ 1.00025e-13, 1 ]
  Objective coefficient range : [ 1.1924e-21, 3.02821e+08 ]
  Variable bound range        : [ 0.05, 1 ]
  RHS coefficient range       : [ 5.00225e-09, 1 ]
Objective value for Line heur k = 65: 9440449.27000722
25
Actual reward of current solution: 30700481.1654105
Minimum Difference with past solutions:0.0.
New solution equals old solution at k=65
24
Total Reward at the start of the inner iterations: 30700481.1654105
Gurobi status: 2

Statistics for model Linearization Heuristic :
  Linear constraint matrix    : 5406 Constrs, 3420 Vars, 700325 NZs
  Matrix coefficient range    : [ 1.00025e-13, 1 ]
  Objective coefficient range : [ 1.1924e-21, 3.02821e+08 ]
  Variable bound range        : [ 0.05, 1 ]
  RHS coefficient range       : [ 4.86245e-09, 1 ]
Objective value for Line heur k = 66: 9201742.699853865
24
Actual reward of current solution: 30700481.1654105
Minimum Difference with past solutions:0.0.
New solution equals old solution at k=66
23
Total Reward at the start of the inner iterations: 30700481.1654105
Gurobi status: 2

Statistics for model Linearization Heuristic :
  Linear constraint matrix    : 5241 Constrs, 3330 Vars, 656550 NZs
  Matrix coefficient range    : [ 1.00025e-13, 1 ]
  Objective coefficient range : [ 1.1924e-21, 3.02821e+08 ]
  Variable bound range        : [ 0.05, 1 ]
  RHS coefficient range       : [ 4.71855e-09, 1 ]
Objective value for Line heur k = 67: 8962676.58385994
23
Actual reward of current solution: 30700481.1654105
Minimum Difference with past solutions:0.0.
New solution equals old solution at k=67
22
Total Reward at the start of the inner iterations: 30700481.1654105
Gurobi status: 2

Statistics for model Linearization Heuristic :
  Linear constraint matrix    : 5076 Constrs, 3240 Vars, 614011 NZs
  Matrix coefficient range    : [ 1.00025e-13, 1 ]
  Objective coefficient range : [ 1.1924e-21, 3.02821e+08 ]
  Variable bound range        : [ 0.05, 1 ]
  RHS coefficient range       : [ 4.57193e-09, 1 ]
Objective value for Line heur k = 68: 8723273.921131333
22
Actual reward of current solution: 30700481.1654105
Minimum Difference with past solutions:0.0.
New solution equals old solution at k=68
21
Total Reward at the start of the inner iterations: 30700481.1654105
Gurobi status: 2

Statistics for model Linearization Heuristic :
  Linear constraint matrix    : 4911 Constrs, 3150 Vars, 572708 NZs
  Matrix coefficient range    : [ 1.00025e-13, 1 ]
  Objective coefficient range : [ 1.1924e-21, 3.02821e+08 ]
  Variable bound range        : [ 0.05, 1 ]
  RHS coefficient range       : [ 4.42378e-09, 1 ]
Objective value for Line heur k = 69: 8483556.38103686
21
Actual reward of current solution: 30700481.1654105
Minimum Difference with past solutions:0.0.
New solution equals old solution at k=69
20
Total Reward at the start of the inner iterations: 30700481.1654105
Gurobi status: 2

Statistics for model Linearization Heuristic :
  Linear constraint matrix    : 4746 Constrs, 3060 Vars, 532695 NZs
  Matrix coefficient range    : [ 1.00069e-13, 1 ]
  Objective coefficient range : [ 1.1924e-21, 3.02821e+08 ]
  Variable bound range        : [ 0.05, 1 ]
  RHS coefficient range       : [ 4.2751e-09, 0.289968 ]
Objective value for Line heur k = 70: 8243544.385253823
20
Actual reward of current solution: 30700481.1654105
Minimum Difference with past solutions:0.0.
New solution equals old solution at k=70
19
Total Reward at the start of the inner iterations: 30700481.1654105
Gurobi status: 2

Statistics for model Linearization Heuristic :
  Linear constraint matrix    : 4635 Constrs, 2970 Vars, 493918 NZs
  Matrix coefficient range    : [ 1.00069e-13, 1 ]
  Objective coefficient range : [ 1.1924e-21, 3.02821e+08 ]
  Variable bound range        : [ 0.05, 1 ]
  RHS coefficient range       : [ 4.12673e-09, 1 ]
Objective value for Line heur k = 71: 8003257.184609553
19
Actual reward of current solution: 30700481.1654105
Minimum Difference with past solutions:0.0.
New solution equals old solution at k=71
18
Total Reward at the start of the inner iterations: 30700481.1654105
Gurobi status: 2

Statistics for model Linearization Heuristic :
  Linear constraint matrix    : 4470 Constrs, 2880 Vars, 456323 NZs
  Matrix coefficient range    : [ 1.00069e-13, 1 ]
  Objective coefficient range : [ 1.1924e-21, 3.02821e+08 ]
  Variable bound range        : [ 0.05, 1 ]
  RHS coefficient range       : [ 3.97942e-09, 1 ]
Objective value for Line heur k = 72: 7762712.931068033
18
Actual reward of current solution: 30700481.1654105
Minimum Difference with past solutions:0.0.
New solution equals old solution at k=72
17
Total Reward at the start of the inner iterations: 30700481.1654105
Gurobi status: 2

Statistics for model Linearization Heuristic :
  Linear constraint matrix    : 4305 Constrs, 2790 Vars, 419966 NZs
  Matrix coefficient range    : [ 1.00069e-13, 1 ]
  Objective coefficient range : [ 1.1924e-21, 3.02821e+08 ]
  Variable bound range        : [ 0.05, 1 ]
  RHS coefficient range       : [ 3.83374e-09, 1 ]
Objective value for Line heur k = 73: 7521928.74520188
17
Actual reward of current solution: 30700481.1654105
Minimum Difference with past solutions:0.0.
New solution equals old solution at k=73
16
Total Reward at the start of the inner iterations: 30700481.1654105
Gurobi status: 2

Statistics for model Linearization Heuristic :
  Linear constraint matrix    : 4140 Constrs, 2700 Vars, 384844 NZs
  Matrix coefficient range    : [ 1.00069e-13, 1 ]
  Objective coefficient range : [ 1.1924e-21, 3.02821e+08 ]
  Variable bound range        : [ 0.05, 1 ]
  RHS coefficient range       : [ 3.69023e-09, 1 ]
Objective value for Line heur k = 74: 7280920.779486706
16
Actual reward of current solution: 30700481.1654105
Minimum Difference with past solutions:0.0.
New solution equals old solution at k=74
15
Total Reward at the start of the inner iterations: 30700481.1654105
Gurobi status: 2

Statistics for model Linearization Heuristic :
  Linear constraint matrix    : 3975 Constrs, 2610 Vars, 350959 NZs
  Matrix coefficient range    : [ 1.00069e-13, 1 ]
  Objective coefficient range : [ 1.1924e-21, 3.02821e+08 ]
  Variable bound range        : [ 0.05, 1 ]
  RHS coefficient range       : [ 3.54928e-09, 1 ]
Objective value for Line heur k = 75: 7039704.277762716
15
Actual reward of current solution: 30700481.1654105
Minimum Difference with past solutions:0.0.
New solution equals old solution at k=75
14
Total Reward at the start of the inner iterations: 30700481.1654105
Gurobi status: 2

Statistics for model Linearization Heuristic :
  Linear constraint matrix    : 3810 Constrs, 2520 Vars, 318311 NZs
  Matrix coefficient range    : [ 1.00069e-13, 1 ]
  Objective coefficient range : [ 1.1924e-21, 3.02821e+08 ]
  Variable bound range        : [ 0.05, 1 ]
  RHS coefficient range       : [ 3.14576e-09, 1 ]
Objective value for Line heur k = 76: 6798293.631235232
14
Actual reward of current solution: 30700481.1654105
Minimum Difference with past solutions:0.0.
New solution equals old solution at k=76
13
Total Reward at the start of the inner iterations: 30700481.1654105
Gurobi status: 2

Statistics for model Linearization Heuristic :
  Linear constraint matrix    : 3645 Constrs, 2430 Vars, 286901 NZs
  Matrix coefficient range    : [ 1.00069e-13, 1 ]
  Objective coefficient range : [ 1.1924e-21, 3.02821e+08 ]
  Variable bound range        : [ 0.05, 1 ]
  RHS coefficient range       : [ 2.28393e-11, 1 ]
Objective value for Line heur k = 77: 6556702.431445288
13
Actual reward of current solution: 30700481.1654105
Minimum Difference with past solutions:0.0.
New solution equals old solution at k=77
12
Total Reward at the start of the inner iterations: 30700481.1654105
Gurobi status: 2

Statistics for model Linearization Heuristic :
  Linear constraint matrix    : 3480 Constrs, 2340 Vars, 256727 NZs
  Matrix coefficient range    : [ 1.00069e-13, 1 ]
  Objective coefficient range : [ 1.21325e-21, 3.02821e+08 ]
  Variable bound range        : [ 0.05, 1 ]
  RHS coefficient range       : [ 1.57864e-10, 1 ]
Objective value for Line heur k = 78: 6314943.520757029
12
Actual reward of current solution: 30700481.1654105
Minimum Difference with past solutions:0.0.
New solution equals old solution at k=78
11
Total Reward at the start of the inner iterations: 30700481.1654105
Gurobi status: 2

Statistics for model Linearization Heuristic :
  Linear constraint matrix    : 3315 Constrs, 2250 Vars, 227792 NZs
  Matrix coefficient range    : [ 1.00069e-13, 1 ]
  Objective coefficient range : [ 1.21325e-21, 3.02821e+08 ]
  Variable bound range        : [ 0.05, 1 ]
  RHS coefficient range       : [ 8.1996e-12, 1 ]
Objective value for Line heur k = 79: 6073029.041120612
11
Actual reward of current solution: 30700481.1654105
Minimum Difference with past solutions:0.0.
New solution equals old solution at k=79
10
Total Reward at the start of the inner iterations: 30700481.1654105
Gurobi status: 2

Statistics for model Linearization Heuristic :
  Linear constraint matrix    : 3150 Constrs, 2160 Vars, 200094 NZs
  Matrix coefficient range    : [ 1.00069e-13, 1 ]
  Objective coefficient range : [ 1.21325e-21, 3.02821e+08 ]
  Variable bound range        : [ 0.05, 1 ]
  RHS coefficient range       : [ 9.66478e-10, 1 ]
Objective value for Line heur k = 80: 5830970.482247851
10
Actual reward of current solution: 30700481.1654105
Minimum Difference with past solutions:0.0.
New solution equals old solution at k=80
9
Total Reward at the start of the inner iterations: 30700481.1654105
Gurobi status: 2

Statistics for model Linearization Heuristic :
  Linear constraint matrix    : 2985 Constrs, 2070 Vars, 173634 NZs
  Matrix coefficient range    : [ 1.00069e-13, 1 ]
  Objective coefficient range : [ 1.21325e-21, 3.02821e+08 ]
  Variable bound range        : [ 0.05, 1 ]
  RHS coefficient range       : [ 1.99741e-09, 1 ]
Objective value for Line heur k = 81: 5588778.731003649
9
Actual reward of current solution: 30700481.1654105
Minimum Difference with past solutions:0.0.
New solution equals old solution at k=81
8
Total Reward at the start of the inner iterations: 30700481.1654105
Gurobi status: 2

Statistics for model Linearization Heuristic :
  Linear constraint matrix    : 2820 Constrs, 1980 Vars, 148410 NZs
  Matrix coefficient range    : [ 1.00069e-13, 1 ]
  Objective coefficient range : [ 1.21325e-21, 3.02821e+08 ]
  Variable bound range        : [ 0.05, 1 ]
  RHS coefficient range       : [ 3.03134e-09, 1 ]
Objective value for Line heur k = 82: 5346464.124979839
8
Actual reward of current solution: 30700481.1654105
Minimum Difference with past solutions:0.0.
New solution equals old solution at k=82
7
Total Reward at the start of the inner iterations: 30700481.1654105
Gurobi status: 2

Statistics for model Linearization Heuristic :
  Linear constraint matrix    : 2655 Constrs, 1890 Vars, 124430 NZs
  Matrix coefficient range    : [ 1.00129e-13, 1 ]
  Objective coefficient range : [ 1.21325e-21, 3.02821e+08 ]
  Variable bound range        : [ 0.05, 1 ]
  RHS coefficient range       : [ 4.07044e-09, 1 ]
Objective value for Line heur k = 83: 5104036.515240609
7
Actual reward of current solution: 30700481.1654105
Minimum Difference with past solutions:0.0.
New solution equals old solution at k=83
6
Total Reward at the start of the inner iterations: 30700481.1654105
Gurobi status: 2

Statistics for model Linearization Heuristic :
  Linear constraint matrix    : 2490 Constrs, 1800 Vars, 101748 NZs
  Matrix coefficient range    : [ 1.00129e-13, 1 ]
  Objective coefficient range : [ 1.21325e-21, 3.02821e+08 ]
  Variable bound range        : [ 0.05, 1 ]
  RHS coefficient range       : [ 5.11847e-09, 0.289903 ]
Objective value for Line heur k = 84: 4861505.346741178
6
Actual reward of current solution: 30700481.1654105
Minimum Difference with past solutions:0.0.
New solution equals old solution at k=84
5
Total Reward at the start of the inner iterations: 30700481.1654105
Gurobi status: 2

Statistics for model Linearization Heuristic :
  Linear constraint matrix    : 2379 Constrs, 1710 Vars, 80322 NZs
  Matrix coefficient range    : [ 1.00129e-13, 1 ]
  Objective coefficient range : [ 1.21325e-21, 3.02821e+08 ]
  Variable bound range        : [ 0.05, 1 ]
  RHS coefficient range       : [ 6.18195e-09, 1 ]
Objective value for Line heur k = 85: 4618879.771011955
5
Actual reward of current solution: 30700481.1654105
Minimum Difference with past solutions:0.0.
New solution equals old solution at k=85
4
Total Reward at the start of the inner iterations: 30700481.1654105
Gurobi status: 2

Statistics for model Linearization Heuristic :
  Linear constraint matrix    : 2214 Constrs, 1620 Vars, 60118 NZs
  Matrix coefficient range    : [ 1.00129e-13, 1 ]
  Objective coefficient range : [ 1.21325e-21, 3.02821e+08 ]
  Variable bound range        : [ 0.05, 1 ]
  RHS coefficient range       : [ 7.27214e-09, 1 ]
Objective value for Line heur k = 86: 4376168.816257586
4
Actual reward of current solution: 30700481.1654105
Minimum Difference with past solutions:0.0.
New solution equals old solution at k=86
3
Total Reward at the start of the inner iterations: 30700481.1654105
Gurobi status: 2

Statistics for model Linearization Heuristic :
  Linear constraint matrix    : 2049 Constrs, 1530 Vars, 41249 NZs
  Matrix coefficient range    : [ 1.00273e-13, 1 ]
  Objective coefficient range : [ 1.21325e-21, 3.02821e+08 ]
  Variable bound range        : [ 0.05, 1 ]
  RHS coefficient range       : [ 8.40854e-09, 1 ]
Objective value for Line heur k = 87: 4133381.658315752
3
Actual reward of current solution: 30700481.1654105
Minimum Difference with past solutions:0.0.
New solution equals old solution at k=87
2
Total Reward at the start of the inner iterations: 30700481.1654105
Gurobi status: 2

Statistics for model Linearization Heuristic :
  Linear constraint matrix    : 1884 Constrs, 1440 Vars, 23926 NZs
  Matrix coefficient range    : [ 1.03157e-13, 1 ]
  Objective coefficient range : [ 1.21325e-21, 3.02821e+08 ]
  Variable bound range        : [ 0.05, 1 ]
  RHS coefficient range       : [ 9.62492e-09, 1 ]
Objective value for Line heur k = 88: 3890528.0676251473
2
Actual reward of current solution: 30700481.1654105
Minimum Difference with past solutions:0.0.
New solution equals old solution at k=88
1
Total Reward at the start of the inner iterations: 30700481.1654105
Gurobi status: 2

Statistics for model Linearization Heuristic :
  Linear constraint matrix    : 1719 Constrs, 1350 Vars, 11836 NZs
  Matrix coefficient range    : [ 1.06905e-13, 1 ]
  Objective coefficient range : [ 1.38778e-17, 3.02821e+08 ]
  Variable bound range        : [ 0.05, 1 ]
  RHS coefficient range       : [ 1.09797e-08, 1 ]
Objective value for Line heur k = 89: 3647619.1622956763
1
Actual reward of current solution: 30700481.1654105
Minimum Difference with past solutions:0.0.
New solution equals old solution at k=89
0
Total Reward at the start of the inner iterations: 30700481.1654105
Gurobi status: 2

Statistics for model Linearization Heuristic :
  Linear constraint matrix    : 1554 Constrs, 1260 Vars, 2709 NZs
  Matrix coefficient range    : [ 0.288979, 1 ]
  Objective coefficient range : [ 1.38778e-17, 3.02821e+08 ]
  Variable bound range        : [ 0.05, 1 ]
  RHS coefficient range       : [ 1.25743e-08, 0.289885 ]
Objective value for Line heur k = 90: 3404668.692594315
0
Actual reward of current solution: 30700481.1654105
Minimum Difference with past solutions:0.0.
New solution equals old solution at k=90
0
Total Reward at the start of the inner iterations: 30700481.1654105
Gurobi status: 2

Statistics for model Linearization Heuristic :
  Linear constraint matrix    : 1443 Constrs, 1170 Vars, 2457 NZs
  Matrix coefficient range    : [ 0.317935, 1 ]
  Objective coefficient range : [ 1.38778e-17, 3.02821e+08 ]
  Variable bound range        : [ 0.05, 1 ]
  RHS coefficient range       : [ 1.25743e-08, 0.289885 ]
Objective value for Line heur k = 91: 3161478.050791517
0
Actual reward of current solution: 30700481.1654105
Minimum Difference with past solutions:0.0.
New solution equals old solution at k=91
0
Total Reward at the start of the inner iterations: 30700481.1654105
Gurobi status: 2

Statistics for model Linearization Heuristic :
  Linear constraint matrix    : 1332 Constrs, 1080 Vars, 2214 NZs
  Matrix coefficient range    : [ 0.349792, 1 ]
  Objective coefficient range : [ 1.38778e-17, 3.02821e+08 ]
  Variable bound range        : [ 0.05, 1 ]
  RHS coefficient range       : [ 1.25743e-08, 0.289885 ]
Objective value for Line heur k = 92: 2918287.4137883596
0
Actual reward of current solution: 30700481.1654105
Minimum Difference with past solutions:0.0.
New solution equals old solution at k=92
0
Total Reward at the start of the inner iterations: 30700481.1654105
Gurobi status: 2

Statistics for model Linearization Heuristic :
  Linear constraint matrix    : 1221 Constrs, 990 Vars, 1980 NZs
  Matrix coefficient range    : [ 0.384842, 1 ]
  Objective coefficient range : [ 1.38778e-17, 3.02821e+08 ]
  Variable bound range        : [ 0.05, 1 ]
  RHS coefficient range       : [ 1.25743e-08, 0.289885 ]
Objective value for Line heur k = 93: 2675096.781343314
0
Actual reward of current solution: 30700481.1654105
Minimum Difference with past solutions:0.0.
New solution equals old solution at k=93
0
Total Reward at the start of the inner iterations: 30700481.1654105
Gurobi status: 2

Statistics for model Linearization Heuristic :
  Linear constraint matrix    : 1110 Constrs, 900 Vars, 1755 NZs
  Matrix coefficient range    : [ 0.423403, 1 ]
  Objective coefficient range : [ 1.38778e-17, 3.02821e+08 ]
  Variable bound range        : [ 0.05, 1 ]
  RHS coefficient range       : [ 1.25743e-08, 0.289885 ]
Objective value for Line heur k = 94: 2431906.153035649
0
Actual reward of current solution: 30700481.1654105
Minimum Difference with past solutions:0.0.
New solution equals old solution at k=94
0
Total Reward at the start of the inner iterations: 30700481.1654105
Gurobi status: 2

Statistics for model Linearization Heuristic :
  Linear constraint matrix    : 999 Constrs, 810 Vars, 1539 NZs
  Matrix coefficient range    : [ 0.465828, 1 ]
  Objective coefficient range : [ 1.38778e-17, 3.02821e+08 ]
  Variable bound range        : [ 0.05, 1 ]
  RHS coefficient range       : [ 1.25743e-08, 0.289885 ]
Objective value for Line heur k = 95: 2188715.5283701112
0
Actual reward of current solution: 30700481.1654105
Minimum Difference with past solutions:0.0.
New solution equals old solution at k=95
0
Total Reward at the start of the inner iterations: 30700481.1654105
Gurobi status: 2

Statistics for model Linearization Heuristic :
  Linear constraint matrix    : 888 Constrs, 720 Vars, 1332 NZs
  Matrix coefficient range    : [ 0.512504, 1 ]
  Objective coefficient range : [ 1.38778e-17, 3.02821e+08 ]
  Variable bound range        : [ 0.05, 1 ]
  RHS coefficient range       : [ 1.25743e-08, 0.289885 ]
Objective value for Line heur k = 96: 1945524.9068404816
0
Actual reward of current solution: 30700481.1654105
Minimum Difference with past solutions:0.0.
New solution equals old solution at k=96
0
Total Reward at the start of the inner iterations: 30700481.1654105
Gurobi status: 2

Statistics for model Linearization Heuristic :
  Linear constraint matrix    : 777 Constrs, 630 Vars, 1134 NZs
  Matrix coefficient range    : [ 0.563857, 1 ]
  Objective coefficient range : [ 1.38778e-17, 3.02821e+08 ]
  Variable bound range        : [ 0.05, 1 ]
  RHS coefficient range       : [ 1.25743e-08, 0.289885 ]
Objective value for Line heur k = 97: 1702334.2879660241
0
Actual reward of current solution: 30700481.1654105
Minimum Difference with past solutions:0.0.
New solution equals old solution at k=97
0
Total Reward at the start of the inner iterations: 30700481.1654105
Gurobi status: 2

Statistics for model Linearization Heuristic :
  Linear constraint matrix    : 666 Constrs, 540 Vars, 945 NZs
  Matrix coefficient range    : [ 0.620356, 1 ]
  Objective coefficient range : [ 1.38778e-17, 3.02821e+08 ]
  Variable bound range        : [ 0.05, 1 ]
  RHS coefficient range       : [ 1.25743e-08, 0.289885 ]
Objective value for Line heur k = 98: 1459143.671310374
0
Actual reward of current solution: 30700481.1654105
Minimum Difference with past solutions:0.0.
New solution equals old solution at k=98
0
Total Reward at the start of the inner iterations: 30700481.1654105
Gurobi status: 2

Statistics for model Linearization Heuristic :
  Linear constraint matrix    : 555 Constrs, 450 Vars, 765 NZs
  Matrix coefficient range    : [ 0.682516, 1 ]
  Objective coefficient range : [ 1.38778e-17, 3.02821e+08 ]
  Variable bound range        : [ 0.05, 1 ]
  RHS coefficient range       : [ 1.25743e-08, 0.289885 ]
Objective value for Line heur k = 99: 1215953.056489401
0
Actual reward of current solution: 30700481.1654105
Minimum Difference with past solutions:0.0.
New solution equals old solution at k=99
0
Total Reward at the start of the inner iterations: 30700481.1654105
Gurobi status: 2

Statistics for model Linearization Heuristic :
  Linear constraint matrix    : 444 Constrs, 360 Vars, 594 NZs
  Matrix coefficient range    : [ 0.750904, 1 ]
  Objective coefficient range : [ 1.38778e-17, 3.02821e+08 ]
  Variable bound range        : [ 0.05, 1 ]
  RHS coefficient range       : [ 1.25743e-08, 0.289885 ]
Objective value for Line heur k = 100: 972762.4431723617
0
Actual reward of current solution: 30700481.1654105
Minimum Difference with past solutions:0.0.
New solution equals old solution at k=100
0
Total Reward at the start of the inner iterations: 30700481.1654105
Gurobi status: 2

Statistics for model Linearization Heuristic :
  Linear constraint matrix    : 333 Constrs, 270 Vars, 432 NZs
  Matrix coefficient range    : [ 0.826145, 1 ]
  Objective coefficient range : [ 1.38778e-17, 3.02821e+08 ]
  Variable bound range        : [ 0.05, 1 ]
  RHS coefficient range       : [ 1.25743e-08, 0.289885 ]
Objective value for Line heur k = 101: 729571.8310792241
0
Actual reward of current solution: 30700481.1654105
Minimum Difference with past solutions:0.0.
New solution equals old solution at k=101
0
Total Reward at the start of the inner iterations: 30700481.1654105
Gurobi status: 2

Statistics for model Linearization Heuristic :
  Linear constraint matrix    : 222 Constrs, 180 Vars, 279 NZs
  Matrix coefficient range    : [ 0.908925, 1 ]
  Objective coefficient range : [ 3.42846e-06, 3.02821e+08 ]
  Variable bound range        : [ 0.05, 1 ]
  RHS coefficient range       : [ 1.25743e-08, 0.289885 ]
Objective value for Line heur k = 102: 486381.2199759729
0
Actual reward of current solution: 30700481.1654105
Minimum Difference with past solutions:0.0.
New solution equals old solution at k=102
0
Total Reward at the start of the inner iterations: 30700481.1654105
Gurobi status: 2

Statistics for model Linearization Heuristic :
  Linear constraint matrix    : 111 Constrs, 90 Vars, 135 NZs
  Matrix coefficient range    : [ 1, 1 ]
  Objective coefficient range : [ 1021.87, 3.02821e+08 ]
  Variable bound range        : [ 0.05, 1 ]
  RHS coefficient range       : [ 1.25743e-08, 0.289885 ]
Objective value for Line heur k = 103: 243190.609669104
0
Actual reward of current solution: 30700481.1654105
Minimum Difference with past solutions:0.0.
New solution equals old solution at k=103
Total running time for 90 days is 1632.8849029541016
Economic Value: 60409125.46067847
Deaths 0.09969817739291852
Total Reward 30700481.1654105
