{'groups': 'all', 'params_to_try': {'delta_schooling': [0.5], 'xi': [0, 371990.3, 929975.75, 1859951.5, 3719903, 5579854.5], 'icus': [2900], 'tests': [[60000, 0]], 'testing': ['homogeneous'], 'eta': [0.1]}}
{'groups': 'all', 'params_to_try': {'delta_schooling': [0.5], 'xi': [0, 371990.3, 929975.75, 1859951.5, 3719903, 5579854.5], 'icus': [2900], 'tests': [[60000, 0]], 'testing': ['homogeneous'], 'eta': [0.1]}}
{'groups': 'all', 'params_to_try': {'delta_schooling': [0.8474337369372327], 'icus': [2900], 'eta': [0.026872848822480245], 'tests': [[0, 0]], 'xi': [14879612.0], 'testing': ['homogeneous']}}
results/time_gradient/xi-14879612_icus-2900_testing-homogeneous_natests-0_nmtests-0_T-90_startday-0_groups-all_dschool-0.847434_eta-0.026873_freq-90-14_initParamVarying-multiplier_beta_randomInstance-1.yaml
{'groups': 'all', 'params_to_try': {'delta_schooling': [0.5], 'xi': [0, 371990.3, 929975.75, 1859951.5, 3719903, 5579854.5], 'icus': [2900], 'tests': [[60000, 0]], 'testing': ['homogeneous'], 'eta': [0.1]}}
{'groups': 'all', 'params_to_try': {'delta_schooling': [0.5], 'xi': [0, 371990.3, 929975.75, 1859951.5, 3719903, 5579854.5], 'icus': [2900], 'tests': [[60000, 0]], 'testing': ['homogeneous'], 'eta': [0.1]}}
{'groups': 'all', 'params_to_try': {'delta_schooling': [0.8474337369372327], 'icus': [2900], 'eta': [0.026872848822480245], 'tests': [[0, 0]], 'xi': [14879612.0], 'testing': ['homogeneous']}}
results/dynamic_gradient/xi-14879612_icus-2900_testing-homogeneous_natests-0_nmtests-0_T-90_startday-0_groups-all_dschool-0.847434_eta-0.026873_freq-90-14_initParamVarying-multiplier_beta_randomInstance-1.yaml
500
(0.5, 148796120.0, 0.29, 0.0, (7, 14), 'fitted-scaled', 'econ-scaled', 'oct21-scaled', 0.1, 0.05, 2, 'dynamic_gradient', 1, 'multiplier_beta')
The value of T is: 104
Missing starting point -- Running the initial heuristic.
/home/groups/daniancu/covid-optimization/covid-optimization
90
Total Reward at the start of the inner iterations: 43809887.22463754
Using license file /share/software/user/restricted/gurobi/9.0.3_py36/licenses/gurobi.lic
Set parameter TokenServer to value license4.stanford.edu
Gurobi status: 2

Statistics for model Linearization Heuristic :
  Linear constraint matrix    : 16026 Constrs, 9360 Vars, 5464195 NZs
  Matrix coefficient range    : [ 1.00009e-13, 6.15491e+20 ]
  Objective coefficient range : [ 6.83244e-22, 1.01973e+29 ]
  Variable bound range        : [ 0.05, 1 ]
  RHS coefficient range       : [ 7.25925e-08, 0.290935 ]
Objective value for Line heur k = 0: 6586346.101394465
90
Actual reward of current solution: 43392606.002206266
Minimum Difference with past solutions:0.050000000000000044.
Gurobi status: 2

Statistics for model Linearization Heuristic :
  Linear constraint matrix    : 16026 Constrs, 9360 Vars, 6185218 NZs
  Matrix coefficient range    : [ 1.00036e-13, 1 ]
  Objective coefficient range : [ 1.8645e-21, 1.54025e+08 ]
  Variable bound range        : [ 0.039279, 1 ]
  RHS coefficient range       : [ 9.01053e-08, 0.291288 ]
Objective value for Line heur k = 0: 6224788.123777929
90
Actual reward of current solution: 43812481.82842098
Minimum Difference with past solutions:0.050000000000000044.
Gurobi status: 2

Statistics for model Linearization Heuristic :
  Linear constraint matrix    : 16026 Constrs, 9360 Vars, 5563425 NZs
  Matrix coefficient range    : [ 1.00058e-13, 1 ]
  Objective coefficient range : [ 6.80242e-22, 1.54025e+08 ]
  Variable bound range        : [ 0.05, 1 ]
  RHS coefficient range       : [ 3.41572e-08, 0.291153 ]
Objective value for Line heur k = 0: 6543838.876230956
90
Actual reward of current solution: 43396401.36950103
Minimum Difference with past solutions:0.050000000000000044.
Gurobi status: 2

Statistics for model Linearization Heuristic :
  Linear constraint matrix    : 16026 Constrs, 9360 Vars, 6265592 NZs
  Matrix coefficient range    : [ 1.00121e-13, 1 ]
  Objective coefficient range : [ 2.20769e-22, 1.54025e+08 ]
  Variable bound range        : [ 0.05, 1 ]
  RHS coefficient range       : [ 6.94342e-08, 0.291505 ]
Objective value for Line heur k = 0: 6196764.753813877
90
Actual reward of current solution: 43833898.70177545
Minimum Difference with past solutions:0.050000000000000044.
Gurobi status: 2

Statistics for model Linearization Heuristic :
  Linear constraint matrix    : 16026 Constrs, 9360 Vars, 5545200 NZs
  Matrix coefficient range    : [ 1.00021e-13, 1 ]
  Objective coefficient range : [ 1.12454e-21, 1.54025e+08 ]
  Variable bound range        : [ 0.05, 1 ]
  RHS coefficient range       : [ 1.82431e-09, 0.2913 ]
Objective value for Line heur k = 0: 6566789.177933911
90
Actual reward of current solution: 43410030.60459588
Minimum Difference with past solutions:0.050000000000000044.
Gurobi status: 2

Statistics for model Linearization Heuristic :
  Linear constraint matrix    : 16026 Constrs, 9360 Vars, 6265740 NZs
  Matrix coefficient range    : [ 1.00012e-13, 1 ]
  Objective coefficient range : [ 6.03177e-22, 1.54025e+08 ]
  Variable bound range        : [ 0.05, 1 ]
  RHS coefficient range       : [ 3.07392e-08, 0.291676 ]
Objective value for Line heur k = 0: 6197819.553573776
90
Actual reward of current solution: 43851425.729173794
Minimum Difference with past solutions:0.050000000000000044.
Gurobi status: 2

Statistics for model Linearization Heuristic :
  Linear constraint matrix    : 16026 Constrs, 9360 Vars, 5545355 NZs
  Matrix coefficient range    : [ 1.00167e-13, 1 ]
  Objective coefficient range : [ 4.91358e-22, 1.54025e+08 ]
  Variable bound range        : [ 0.05, 1 ]
  RHS coefficient range       : [ 2.65065e-08, 0.291446 ]
Objective value for Line heur k = 0: 6576673.99151598
90
Actual reward of current solution: 43424593.340252355
Minimum Difference with past solutions:0.050000000000000044.
Gurobi status: 2

Statistics for model Linearization Heuristic :
  Linear constraint matrix    : 16026 Constrs, 9360 Vars, 6265844 NZs
  Matrix coefficient range    : [ 1.00004e-13, 1 ]
  Objective coefficient range : [ 2.85789e-22, 1.54025e+08 ]
  Variable bound range        : [ 0.05, 1 ]
  RHS coefficient range       : [ 3.86569e-09, 0.291844 ]
Objective value for Line heur k = 0: 6198299.057932122
90
Actual reward of current solution: 43869173.559344396
Minimum Difference with past solutions:0.050000000000000044.
Gurobi status: 2

Statistics for model Linearization Heuristic :
  Linear constraint matrix    : 16026 Constrs, 9360 Vars, 5545465 NZs
  Matrix coefficient range    : [ 1.00032e-13, 1 ]
  Objective coefficient range : [ 2.33736e-22, 1.54025e+08 ]
  Variable bound range        : [ 0.05, 1 ]
  RHS coefficient range       : [ 1.92879e-08, 0.291591 ]
Objective value for Line heur k = 0: 6584191.016665597
90
Actual reward of current solution: 43439587.42444539
Minimum Difference with past solutions:0.050000000000000044.
Gurobi status: 2

Statistics for model Linearization Heuristic :
  Linear constraint matrix    : 16026 Constrs, 9360 Vars, 6265945 NZs
  Matrix coefficient range    : [ 1.0008e-13, 1 ]
  Objective coefficient range : [ 4.35457e-22, 1.54025e+08 ]
  Variable bound range        : [ 0.05, 1 ]
  RHS coefficient range       : [ 3.42149e-08, 0.292012 ]
Objective value for Line heur k = 0: 6197812.502960668
90
Actual reward of current solution: 43886722.58534162
Minimum Difference with past solutions:0.050000000000000044.
Gurobi status: 2

Statistics for model Linearization Heuristic :
  Linear constraint matrix    : 16026 Constrs, 9360 Vars, 5545577 NZs
  Matrix coefficient range    : [ 1.00074e-13, 1 ]
  Objective coefficient range : [ 1.07146e-21, 1.54025e+08 ]
  Variable bound range        : [ 0.05, 1 ]
  RHS coefficient range       : [ 4.74996e-08, 0.291738 ]
Objective value for Line heur k = 0: 6589811.729214167
90
Actual reward of current solution: 43454590.94360716
Minimum Difference with past solutions:0.050000000000000044.
Gurobi status: 2

Statistics for model Linearization Heuristic :
  Linear constraint matrix    : 16026 Constrs, 9360 Vars, 6266028 NZs
  Matrix coefficient range    : [ 1.00057e-13, 1 ]
  Objective coefficient range : [ 4.36228e-22, 1.54025e+08 ]
  Variable bound range        : [ 0.05, 1 ]
  RHS coefficient range       : [ 6.11749e-08, 0.29218 ]
Objective value for Line heur k = 0: 6193961.593239575
90
Actual reward of current solution: 43903455.90318479
Minimum Difference with past solutions:0.050000000000000044.
Gurobi status: 2

Statistics for model Linearization Heuristic :
  Linear constraint matrix    : 16026 Constrs, 9360 Vars, 5545664 NZs
  Matrix coefficient range    : [ 1.001e-13, 1 ]
  Objective coefficient range : [ 3.50087e-22, 1.54025e+08 ]
  Variable bound range        : [ 0.05, 1 ]
  RHS coefficient range       : [ 7.20094e-08, 0.29188 ]
Objective value for Line heur k = 0: 6590652.931686386
90
Actual reward of current solution: 43469023.81060429
Minimum Difference with past solutions:0.050000000000000044.
Gurobi status: 2

Statistics for model Linearization Heuristic :
  Linear constraint matrix    : 16026 Constrs, 9360 Vars, 6266096 NZs
  Matrix coefficient range    : [ 1.00014e-13, 1 ]
  Objective coefficient range : [ 2.24765e-21, 1.54025e+08 ]
  Variable bound range        : [ 0.05, 1 ]
  RHS coefficient range       : [ 8.66822e-08, 0.292332 ]
Objective value for Line heur k = 0: 6189349.602156412
90
Actual reward of current solution: 43919201.53453014
Minimum Difference with past solutions:0.050000000000000044.
Gurobi status: 2

Statistics for model Linearization Heuristic :
  Linear constraint matrix    : 16026 Constrs, 9360 Vars, 5545733 NZs
  Matrix coefficient range    : [ 1.0006e-13, 1 ]
  Objective coefficient range : [ 1.19763e-21, 1.54025e+08 ]
  Variable bound range        : [ 0.05, 1 ]
  RHS coefficient range       : [ 7.4553e-08, 0.29201 ]
Objective value for Line heur k = 0: 6590655.887758537
90
Actual reward of current solution: 43483087.22291288
Minimum Difference with past solutions:0.050000000000000044.
Gurobi status: 2

Statistics for model Linearization Heuristic :
  Linear constraint matrix    : 16026 Constrs, 9360 Vars, 6266138 NZs
  Matrix coefficient range    : [ 1.00197e-13, 1 ]
  Objective coefficient range : [ 1.41056e-21, 1.54025e+08 ]
  Variable bound range        : [ 0.05, 1 ]
  RHS coefficient range       : [ 9.23373e-08, 0.292467 ]
Objective value for Line heur k = 0: 6185862.422928249
90
Actual reward of current solution: 43934374.86186115
Minimum Difference with past solutions:0.050000000000000044.
Gurobi status: 2

Statistics for model Linearization Heuristic :
  Linear constraint matrix    : 16026 Constrs, 9360 Vars, 5545789 NZs
  Matrix coefficient range    : [ 1.00025e-13, 1 ]
  Objective coefficient range : [ 5.57133e-22, 1.54025e+08 ]
  Variable bound range        : [ 0.05, 1 ]
  RHS coefficient range       : [ 7.41315e-08, 0.292122 ]
Objective value for Line heur k = 0: 6591936.710148867
90
Actual reward of current solution: 43497122.6467594
Minimum Difference with past solutions:0.050000000000000044.
Gurobi status: 2

Statistics for model Linearization Heuristic :
  Linear constraint matrix    : 16026 Constrs, 9360 Vars, 6266183 NZs
  Matrix coefficient range    : [ 1.0006e-13, 1 ]
  Objective coefficient range : [ 1.15504e-22, 1.54025e+08 ]
  Variable bound range        : [ 0.05, 1 ]
  RHS coefficient range       : [ 9.45239e-08, 0.292586 ]
Objective value for Line heur k = 0: 6183891.787031795
90
Actual reward of current solution: 43949421.95591957
Minimum Difference with past solutions:0.050000000000000044.
Gurobi status: 2

Statistics for model Linearization Heuristic :
  Linear constraint matrix    : 16026 Constrs, 9360 Vars, 5545837 NZs
  Matrix coefficient range    : [ 1.00062e-13, 1 ]
  Objective coefficient range : [ 3.32917e-22, 1.54025e+08 ]
  Variable bound range        : [ 0.05, 1 ]
  RHS coefficient range       : [ 7.37431e-08, 0.292224 ]
Objective value for Line heur k = 0: 6593891.334093688
90
Actual reward of current solution: 43511217.87053539
Minimum Difference with past solutions:0.050000000000000044.
Gurobi status: 2

Statistics for model Linearization Heuristic :
  Linear constraint matrix    : 16026 Constrs, 9360 Vars, 6266217 NZs
  Matrix coefficient range    : [ 1.00186e-13, 1 ]
  Objective coefficient range : [ 1.65189e-21, 1.54025e+08 ]
  Variable bound range        : [ 0.05, 1 ]
  RHS coefficient range       : [ 9.65619e-08, 0.292693 ]
Objective value for Line heur k = 0: 6183072.099004362
90
Actual reward of current solution: 43964387.13513284
Minimum Difference with past solutions:0.050000000000000044.
Gurobi status: 2

Statistics for model Linearization Heuristic :
  Linear constraint matrix    : 16026 Constrs, 9360 Vars, 5545870 NZs
  Matrix coefficient range    : [ 1.00138e-13, 1 ]
  Objective coefficient range : [ 5.48237e-22, 1.54025e+08 ]
  Variable bound range        : [ 0.05, 1 ]
  RHS coefficient range       : [ 7.33818e-08, 0.292316 ]
Objective value for Line heur k = 0: 6585569.61299272
90
Actual reward of current solution: 43518000.3930851
Minimum Difference with past solutions:0.050000000000000044.
Gurobi status: 2

Statistics for model Linearization Heuristic :
  Linear constraint matrix    : 16026 Constrs, 9360 Vars, 6266230 NZs
  Matrix coefficient range    : [ 1.00028e-13, 1 ]
  Objective coefficient range : [ 1.03291e-21, 1.54025e+08 ]
  Variable bound range        : [ 0.05, 1 ]
  RHS coefficient range       : [ 9.84771e-08, 0.292758 ]
Objective value for Line heur k = 0: 6168465.618024365
90
Actual reward of current solution: 43964215.176628985
Minimum Difference with past solutions:0.04999999999999971.
Gurobi status: 2

Statistics for model Linearization Heuristic :
  Linear constraint matrix    : 16026 Constrs, 9360 Vars, 5545873 NZs
  Matrix coefficient range    : [ 1.00018e-13, 1 ]
  Objective coefficient range : [ 7.14204e-23, 1.54025e+08 ]
  Variable bound range        : [ 0.05, 1 ]
  RHS coefficient range       : [ 7.32099e-08, 0.292331 ]
Objective value for Line heur k = 0: 6581694.472038251
90
Actual reward of current solution: 43518000.3930851
Minimum Difference with past solutions:0.0.
New solution equals old solution at k=0
89
Total Reward at the start of the inner iterations: 43964387.13513284
Gurobi status: 2

Statistics for model Linearization Heuristic :
  Linear constraint matrix    : 15915 Constrs, 9270 Vars, 5453677 NZs
  Matrix coefficient range    : [ 1.00138e-13, 1 ]
  Objective coefficient range : [ 5.48237e-22, 1.54025e+08 ]
  Variable bound range        : [ 0.05, 1 ]
  RHS coefficient range       : [ 4.54833e-08, 1 ]
Objective value for Line heur k = 1: 6705700.982907086
89
Actual reward of current solution: 43887075.452085085
Minimum Difference with past solutions:0.05.
Gurobi status: 2

Statistics for model Linearization Heuristic :
  Linear constraint matrix    : 15915 Constrs, 9270 Vars, 5740641 NZs
  Matrix coefficient range    : [ 1.00053e-13, 1 ]
  Objective coefficient range : [ 1.02079e-21, 1.54025e+08 ]
  Variable bound range        : [ 0.05, 1 ]
  RHS coefficient range       : [ 1.05578e-07, 1 ]
Objective value for Line heur k = 1: 6563063.524144327
89
Actual reward of current solution: 43964215.176628985
Minimum Difference with past solutions:0.04999999999999971.
Gurobi status: 2

Statistics for model Linearization Heuristic :
  Linear constraint matrix    : 15915 Constrs, 9270 Vars, 5453680 NZs
  Matrix coefficient range    : [ 1.00018e-13, 1 ]
  Objective coefficient range : [ 7.14204e-23, 1.54025e+08 ]
  Variable bound range        : [ 0.05, 1 ]
  RHS coefficient range       : [ 4.57634e-08, 1 ]
Objective value for Line heur k = 1: 6701887.748239242
89
Actual reward of current solution: 43887075.452085085
Minimum Difference with past solutions:0.0.
New solution equals old solution at k=1
88
Total Reward at the start of the inner iterations: 43964387.13513284
Gurobi status: 2

Statistics for model Linearization Heuristic :
  Linear constraint matrix    : 15750 Constrs, 9180 Vars, 5362342 NZs
  Matrix coefficient range    : [ 1.00138e-13, 1 ]
  Objective coefficient range : [ 5.48237e-22, 1.54025e+08 ]
  Variable bound range        : [ 0.05, 1 ]
  RHS coefficient range       : [ 2.01247e-08, 1 ]
Objective value for Line heur k = 2: 6848199.675758746
88
Actual reward of current solution: 43887075.452085085
Minimum Difference with past solutions:0.05.
Gurobi status: 2

Statistics for model Linearization Heuristic :
  Linear constraint matrix    : 15750 Constrs, 9180 Vars, 5649306 NZs
  Matrix coefficient range    : [ 1.00053e-13, 1 ]
  Objective coefficient range : [ 1.02079e-21, 1.54025e+08 ]
  Variable bound range        : [ 0.05, 1 ]
  RHS coefficient range       : [ 1.37955e-07, 1 ]
Objective value for Line heur k = 2: 6709697.403308025
88
Actual reward of current solution: 43964215.176628985
Minimum Difference with past solutions:0.04999999999999971.
Gurobi status: 2

Statistics for model Linearization Heuristic :
  Linear constraint matrix    : 15750 Constrs, 9180 Vars, 5362345 NZs
  Matrix coefficient range    : [ 1.00018e-13, 1 ]
  Objective coefficient range : [ 7.14204e-23, 1.54025e+08 ]
  Variable bound range        : [ 0.05, 1 ]
  RHS coefficient range       : [ 2.99605e-08, 1 ]
Objective value for Line heur k = 2: 6844453.975162435
88
Actual reward of current solution: 43887075.452085085
Minimum Difference with past solutions:0.0.
New solution equals old solution at k=2
87
Total Reward at the start of the inner iterations: 43964387.13513284
Gurobi status: 2

Statistics for model Linearization Heuristic :
  Linear constraint matrix    : 15585 Constrs, 9090 Vars, 5271919 NZs
  Matrix coefficient range    : [ 1.00138e-13, 1 ]
  Objective coefficient range : [ 5.48237e-22, 1.54025e+08 ]
  Variable bound range        : [ 0.05, 1 ]
  RHS coefficient range       : [ 3.64141e-08, 1 ]
Objective value for Line heur k = 3: 6983541.788406655
87
Actual reward of current solution: 43887075.452085085
Minimum Difference with past solutions:0.05.
Gurobi status: 2

Statistics for model Linearization Heuristic :
  Linear constraint matrix    : 15585 Constrs, 9090 Vars, 5558883 NZs
  Matrix coefficient range    : [ 1.00053e-13, 1 ]
  Objective coefficient range : [ 1.02079e-21, 1.54025e+08 ]
  Variable bound range        : [ 0.05, 1 ]
  RHS coefficient range       : [ 1.36609e-07, 1 ]
Objective value for Line heur k = 3: 6849473.560373938
87
Actual reward of current solution: 43964215.176628985
Minimum Difference with past solutions:0.04999999999999971.
Gurobi status: 2

Statistics for model Linearization Heuristic :
  Linear constraint matrix    : 15585 Constrs, 9090 Vars, 5271922 NZs
  Matrix coefficient range    : [ 1.00018e-13, 1 ]
  Objective coefficient range : [ 7.14204e-23, 1.54025e+08 ]
  Variable bound range        : [ 0.05, 1 ]
  RHS coefficient range       : [ 3.77623e-08, 1 ]
Objective value for Line heur k = 3: 6979868.227837887
87
Actual reward of current solution: 43887075.452085085
Minimum Difference with past solutions:0.0.
New solution equals old solution at k=3
86
Total Reward at the start of the inner iterations: 43964387.13513284
Gurobi status: 2

Statistics for model Linearization Heuristic :
  Linear constraint matrix    : 15420 Constrs, 9000 Vars, 5182408 NZs
  Matrix coefficient range    : [ 1.00138e-13, 1 ]
  Objective coefficient range : [ 5.48237e-22, 1.54025e+08 ]
  Variable bound range        : [ 0.05, 1 ]
  RHS coefficient range       : [ 1.31416e-09, 1 ]
Objective value for Line heur k = 4: 7106495.488958205
86
Actual reward of current solution: 43887075.452085085
Minimum Difference with past solutions:0.05.
Gurobi status: 2

Statistics for model Linearization Heuristic :
  Linear constraint matrix    : 15420 Constrs, 9000 Vars, 5469372 NZs
  Matrix coefficient range    : [ 1.00053e-13, 1 ]
  Objective coefficient range : [ 1.02079e-21, 1.54025e+08 ]
  Variable bound range        : [ 0.05, 1 ]
  RHS coefficient range       : [ 1.10484e-07, 1 ]
Objective value for Line heur k = 4: 6977058.853334967
86
Actual reward of current solution: 43964215.176628985
Minimum Difference with past solutions:0.04999999999999971.
Gurobi status: 2

Statistics for model Linearization Heuristic :
  Linear constraint matrix    : 15420 Constrs, 9000 Vars, 5182411 NZs
  Matrix coefficient range    : [ 1.00018e-13, 1 ]
  Objective coefficient range : [ 7.14204e-23, 1.54025e+08 ]
  Variable bound range        : [ 0.05, 1 ]
  RHS coefficient range       : [ 6.68651e-10, 1 ]
Objective value for Line heur k = 4: 7102897.1387896575
86
Actual reward of current solution: 43887075.452085085
Minimum Difference with past solutions:0.0.
New solution equals old solution at k=4
85
Total Reward at the start of the inner iterations: 43964387.13513284
Gurobi status: 2

Statistics for model Linearization Heuristic :
  Linear constraint matrix    : 15255 Constrs, 8910 Vars, 5093809 NZs
  Matrix coefficient range    : [ 1.00138e-13, 1 ]
  Objective coefficient range : [ 5.48237e-22, 1.54025e+08 ]
  Variable bound range        : [ 0.05, 1 ]
  RHS coefficient range       : [ 4.23948e-08, 1 ]
Objective value for Line heur k = 5: 7214766.41229872
85
Actual reward of current solution: 43887075.452085085
Minimum Difference with past solutions:0.05.
Gurobi status: 2

Statistics for model Linearization Heuristic :
  Linear constraint matrix    : 15255 Constrs, 8910 Vars, 5380773 NZs
  Matrix coefficient range    : [ 1.00053e-13, 1 ]
  Objective coefficient range : [ 1.02079e-21, 1.54025e+08 ]
  Variable bound range        : [ 0.05, 1 ]
  RHS coefficient range       : [ 6.72801e-08, 1 ]
Objective value for Line heur k = 5: 7090087.987396432
85
Actual reward of current solution: 43964215.176628985
Minimum Difference with past solutions:0.04999999999999971.
Gurobi status: 2

Statistics for model Linearization Heuristic :
  Linear constraint matrix    : 15255 Constrs, 8910 Vars, 5093812 NZs
  Matrix coefficient range    : [ 1.00018e-13, 1 ]
  Objective coefficient range : [ 7.14204e-23, 1.54025e+08 ]
  Variable bound range        : [ 0.05, 1 ]
  RHS coefficient range       : [ 4.16178e-08, 1 ]
Objective value for Line heur k = 5: 7211245.325225062
85
Actual reward of current solution: 43887075.452085085
Minimum Difference with past solutions:0.0.
New solution equals old solution at k=5
84
Total Reward at the start of the inner iterations: 43964387.13513284
Gurobi status: 2

Statistics for model Linearization Heuristic :
  Linear constraint matrix    : 15090 Constrs, 8820 Vars, 5006122 NZs
  Matrix coefficient range    : [ 1.00138e-13, 1 ]
  Objective coefficient range : [ 5.48237e-22, 1.54025e+08 ]
  Variable bound range        : [ 0.05, 1 ]
  RHS coefficient range       : [ 3.47011e-08, 1 ]
Objective value for Line heur k = 6: 7307757.903305474
84
Actual reward of current solution: 43887075.452085085
Minimum Difference with past solutions:0.05.
Gurobi status: 2

Statistics for model Linearization Heuristic :
  Linear constraint matrix    : 15090 Constrs, 8820 Vars, 5293086 NZs
  Matrix coefficient range    : [ 1.00053e-13, 1 ]
  Objective coefficient range : [ 1.02079e-21, 1.54025e+08 ]
  Variable bound range        : [ 0.05, 1 ]
  RHS coefficient range       : [ 5.88302e-08, 1 ]
Objective value for Line heur k = 6: 7187912.207149427
84
Actual reward of current solution: 43964215.176628985
Minimum Difference with past solutions:0.04999999999999971.
Gurobi status: 2

Statistics for model Linearization Heuristic :
  Linear constraint matrix    : 15090 Constrs, 8820 Vars, 5006125 NZs
  Matrix coefficient range    : [ 1.00018e-13, 1 ]
  Objective coefficient range : [ 7.14204e-23, 1.54025e+08 ]
  Variable bound range        : [ 0.05, 1 ]
  RHS coefficient range       : [ 5.01045e-08, 1 ]
Objective value for Line heur k = 6: 7304315.445070597
84
Actual reward of current solution: 43887075.452085085
Minimum Difference with past solutions:0.0.
New solution equals old solution at k=6
83
Total Reward at the start of the inner iterations: 43964387.13513284
Gurobi status: 2

Statistics for model Linearization Heuristic :
  Linear constraint matrix    : 14925 Constrs, 8730 Vars, 4919347 NZs
  Matrix coefficient range    : [ 1.00138e-13, 1 ]
  Objective coefficient range : [ 5.48237e-22, 1.54025e+08 ]
  Variable bound range        : [ 0.05, 1 ]
  RHS coefficient range       : [ 1.03521e-07, 1 ]
Objective value for Line heur k = 7: 7385821.269019871
83
Actual reward of current solution: 43887075.452085085
Minimum Difference with past solutions:0.05.
Gurobi status: 2

Statistics for model Linearization Heuristic :
  Linear constraint matrix    : 14925 Constrs, 8730 Vars, 5206311 NZs
  Matrix coefficient range    : [ 1.00053e-13, 1 ]
  Objective coefficient range : [ 1.02079e-21, 1.54025e+08 ]
  Variable bound range        : [ 0.05, 1 ]
  RHS coefficient range       : [ 4.15216e-08, 1 ]
Objective value for Line heur k = 7: 7270841.316434057
83
Actual reward of current solution: 43964215.176628985
Minimum Difference with past solutions:0.04999999999999971.
Gurobi status: 2

Statistics for model Linearization Heuristic :
  Linear constraint matrix    : 14925 Constrs, 8730 Vars, 4919350 NZs
  Matrix coefficient range    : [ 1.00018e-13, 1 ]
  Objective coefficient range : [ 7.14204e-23, 1.54025e+08 ]
  Variable bound range        : [ 0.05, 1 ]
  RHS coefficient range       : [ 1.02481e-07, 1 ]
Objective value for Line heur k = 7: 7382458.324248863
83
Actual reward of current solution: 43887075.452085085
Minimum Difference with past solutions:0.0.
New solution equals old solution at k=7
82
Total Reward at the start of the inner iterations: 43964387.13513284
Gurobi status: 2

Statistics for model Linearization Heuristic :
  Linear constraint matrix    : 14760 Constrs, 8640 Vars, 4833484 NZs
  Matrix coefficient range    : [ 1.00138e-13, 1 ]
  Objective coefficient range : [ 5.48237e-22, 1.54025e+08 ]
  Variable bound range        : [ 0.05, 1 ]
  RHS coefficient range       : [ 8.68095e-08, 1 ]
Objective value for Line heur k = 8: 7449805.305076114
82
Actual reward of current solution: 43887075.452085085
Minimum Difference with past solutions:0.05.
Gurobi status: 2

Statistics for model Linearization Heuristic :
  Linear constraint matrix    : 14760 Constrs, 8640 Vars, 5120448 NZs
  Matrix coefficient range    : [ 1.00053e-13, 1 ]
  Objective coefficient range : [ 1.02079e-21, 1.54025e+08 ]
  Variable bound range        : [ 0.05, 1 ]
  RHS coefficient range       : [ 3.13416e-08, 1 ]
Objective value for Line heur k = 8: 7339686.816498984
82
Actual reward of current solution: 43964215.176628985
Minimum Difference with past solutions:0.04999999999999971.
Gurobi status: 2

Statistics for model Linearization Heuristic :
  Linear constraint matrix    : 14760 Constrs, 8640 Vars, 4833487 NZs
  Matrix coefficient range    : [ 1.00018e-13, 1 ]
  Objective coefficient range : [ 7.14204e-23, 1.54025e+08 ]
  Variable bound range        : [ 0.05, 1 ]
  RHS coefficient range       : [ 8.5136e-08, 1 ]
Objective value for Line heur k = 8: 7446522.396442656
82
Actual reward of current solution: 43887075.452085085
Minimum Difference with past solutions:0.0.
New solution equals old solution at k=8
81
Total Reward at the start of the inner iterations: 43964387.13513284
Gurobi status: 2

Statistics for model Linearization Heuristic :
  Linear constraint matrix    : 14595 Constrs, 8550 Vars, 4748533 NZs
  Matrix coefficient range    : [ 1.00138e-13, 1 ]
  Objective coefficient range : [ 5.48237e-22, 1.54025e+08 ]
  Variable bound range        : [ 0.05, 1 ]
  RHS coefficient range       : [ 1.57149e-08, 1 ]
Objective value for Line heur k = 9: 7500788.353259335
81
Actual reward of current solution: 43887075.452085085
Minimum Difference with past solutions:0.05.
Gurobi status: 2

Statistics for model Linearization Heuristic :
  Linear constraint matrix    : 14595 Constrs, 8550 Vars, 5035497 NZs
  Matrix coefficient range    : [ 1.00053e-13, 1 ]
  Objective coefficient range : [ 1.02079e-21, 1.54025e+08 ]
  Variable bound range        : [ 0.05, 1 ]
  RHS coefficient range       : [ 2.75984e-08, 1 ]
Objective value for Line heur k = 9: 7395488.287886027
81
Actual reward of current solution: 43964215.176628985
Minimum Difference with past solutions:0.04999999999999971.
Gurobi status: 2

Statistics for model Linearization Heuristic :
  Linear constraint matrix    : 14595 Constrs, 8550 Vars, 4748536 NZs
  Matrix coefficient range    : [ 1.00018e-13, 1 ]
  Objective coefficient range : [ 7.14204e-23, 1.54025e+08 ]
  Variable bound range        : [ 0.05, 1 ]
  RHS coefficient range       : [ 1.39597e-08, 1 ]
Objective value for Line heur k = 9: 7497585.6954521015
81
Actual reward of current solution: 43887075.452085085
Minimum Difference with past solutions:0.0.
New solution equals old solution at k=9
80
Total Reward at the start of the inner iterations: 43964387.13513284
Gurobi status: 2

Statistics for model Linearization Heuristic :
  Linear constraint matrix    : 14430 Constrs, 8460 Vars, 4664494 NZs
  Matrix coefficient range    : [ 1.00138e-13, 1 ]
  Objective coefficient range : [ 5.48237e-22, 1.54025e+08 ]
  Variable bound range        : [ 0.05, 1 ]
  RHS coefficient range       : [ 3.92784e-08, 1 ]
Objective value for Line heur k = 10: 7539921.293795093
80
Actual reward of current solution: 43887075.452085085
Minimum Difference with past solutions:0.05.
Gurobi status: 2

Statistics for model Linearization Heuristic :
  Linear constraint matrix    : 14430 Constrs, 8460 Vars, 4951458 NZs
  Matrix coefficient range    : [ 1.00053e-13, 1 ]
  Objective coefficient range : [ 1.02079e-21, 1.54025e+08 ]
  Variable bound range        : [ 0.05, 1 ]
  RHS coefficient range       : [ 2.92539e-08, 1 ]
Objective value for Line heur k = 10: 7439350.419136653
80
Actual reward of current solution: 43964215.176628985
Minimum Difference with past solutions:0.04999999999999971.
Gurobi status: 2

Statistics for model Linearization Heuristic :
  Linear constraint matrix    : 14430 Constrs, 8460 Vars, 4664497 NZs
  Matrix coefficient range    : [ 1.00018e-13, 1 ]
  Objective coefficient range : [ 7.14204e-23, 1.54025e+08 ]
  Variable bound range        : [ 0.05, 1 ]
  RHS coefficient range       : [ 4.11047e-08, 1 ]
Objective value for Line heur k = 10: 7536798.791021854
80
Actual reward of current solution: 43887075.452085085
Minimum Difference with past solutions:0.0.
New solution equals old solution at k=10
79
Total Reward at the start of the inner iterations: 43964387.13513284
Gurobi status: 2

Statistics for model Linearization Heuristic :
  Linear constraint matrix    : 14265 Constrs, 8370 Vars, 4581367 NZs
  Matrix coefficient range    : [ 1.00138e-13, 1 ]
  Objective coefficient range : [ 5.48237e-22, 1.54025e+08 ]
  Variable bound range        : [ 0.05, 1 ]
  RHS coefficient range       : [ 5.03281e-08, 1 ]
Objective value for Line heur k = 11: 7568337.437765007
79
Actual reward of current solution: 43887075.452085085
Minimum Difference with past solutions:0.05.
Gurobi status: 2

Statistics for model Linearization Heuristic :
  Linear constraint matrix    : 14265 Constrs, 8370 Vars, 4868331 NZs
  Matrix coefficient range    : [ 1.00053e-13, 1 ]
  Objective coefficient range : [ 1.02079e-21, 1.54025e+08 ]
  Variable bound range        : [ 0.05, 1 ]
  RHS coefficient range       : [ 3.52895e-08, 1 ]
Objective value for Line heur k = 11: 7472345.589927474
79
Actual reward of current solution: 43964215.176628985
Minimum Difference with past solutions:0.04999999999999971.
Gurobi status: 2

Statistics for model Linearization Heuristic :
  Linear constraint matrix    : 14265 Constrs, 8370 Vars, 4581370 NZs
  Matrix coefficient range    : [ 1.00018e-13, 1 ]
  Objective coefficient range : [ 7.14204e-23, 1.54025e+08 ]
  Variable bound range        : [ 0.05, 1 ]
  RHS coefficient range       : [ 2.99581e-08, 1 ]
Objective value for Line heur k = 11: 7565294.622356876
79
Actual reward of current solution: 43887075.452085085
Minimum Difference with past solutions:0.0.
New solution equals old solution at k=11
78
Total Reward at the start of the inner iterations: 43964387.13513284
Gurobi status: 2

Statistics for model Linearization Heuristic :
  Linear constraint matrix    : 14100 Constrs, 8280 Vars, 4499152 NZs
  Matrix coefficient range    : [ 1.00138e-13, 1 ]
  Objective coefficient range : [ 5.48237e-22, 1.54025e+08 ]
  Variable bound range        : [ 0.05, 1 ]
  RHS coefficient range       : [ 1.15871e-07, 1 ]
Objective value for Line heur k = 12: 7587102.088578433
78
Actual reward of current solution: 43887075.452085085
Minimum Difference with past solutions:0.05.
Gurobi status: 2

Statistics for model Linearization Heuristic :
  Linear constraint matrix    : 14100 Constrs, 8280 Vars, 4786116 NZs
  Matrix coefficient range    : [ 1.00053e-13, 1 ]
  Objective coefficient range : [ 1.02079e-21, 1.54025e+08 ]
  Variable bound range        : [ 0.05, 1 ]
  RHS coefficient range       : [ 1.48499e-08, 1 ]
Objective value for Line heur k = 12: 7495453.462248981
78
Actual reward of current solution: 43964215.176628985
Minimum Difference with past solutions:0.04999999999999971.
Gurobi status: 2

Statistics for model Linearization Heuristic :
  Linear constraint matrix    : 14100 Constrs, 8280 Vars, 4499155 NZs
  Matrix coefficient range    : [ 1.00018e-13, 1 ]
  Objective coefficient range : [ 7.14204e-23, 1.54025e+08 ]
  Variable bound range        : [ 0.05, 1 ]
  RHS coefficient range       : [ 1.1646e-07, 1 ]
Objective value for Line heur k = 12: 7584137.986408343
78
Actual reward of current solution: 43887075.452085085
Minimum Difference with past solutions:0.0.
New solution equals old solution at k=12
77
Total Reward at the start of the inner iterations: 43964387.13513284
Gurobi status: 2

Statistics for model Linearization Heuristic :
  Linear constraint matrix    : 13935 Constrs, 8190 Vars, 4417849 NZs
  Matrix coefficient range    : [ 1.00138e-13, 1 ]
  Objective coefficient range : [ 5.48237e-22, 1.54025e+08 ]
  Variable bound range        : [ 0.05, 1 ]
  RHS coefficient range       : [ 1.03554e-08, 1 ]
Objective value for Line heur k = 13: 7597184.722111668
77
Actual reward of current solution: 43887075.452085085
Minimum Difference with past solutions:0.05.
Gurobi status: 2

Statistics for model Linearization Heuristic :
  Linear constraint matrix    : 13935 Constrs, 8190 Vars, 4704813 NZs
  Matrix coefficient range    : [ 1.00053e-13, 1 ]
  Objective coefficient range : [ 1.02079e-21, 1.54025e+08 ]
  Variable bound range        : [ 0.05, 1 ]
  RHS coefficient range       : [ 7.54226e-08, 1 ]
Objective value for Line heur k = 13: 7509518.705214484
77
Actual reward of current solution: 43964215.176628985
Minimum Difference with past solutions:0.04999999999999971.
Gurobi status: 2

Statistics for model Linearization Heuristic :
  Linear constraint matrix    : 13935 Constrs, 8190 Vars, 4417852 NZs
  Matrix coefficient range    : [ 1.00018e-13, 1 ]
  Objective coefficient range : [ 7.14204e-23, 1.54025e+08 ]
  Variable bound range        : [ 0.05, 1 ]
  RHS coefficient range       : [ 7.10461e-09, 1 ]
Objective value for Line heur k = 13: 7594297.615634766
77
Actual reward of current solution: 43887075.452085085
Minimum Difference with past solutions:0.0.
New solution equals old solution at k=13
76
Total Reward at the start of the inner iterations: 43964387.13513284
Gurobi status: 2

Statistics for model Linearization Heuristic :
  Linear constraint matrix    : 13770 Constrs, 8100 Vars, 4337512 NZs
  Matrix coefficient range    : [ 1.00138e-13, 1 ]
  Objective coefficient range : [ 5.48237e-22, 1.54025e+08 ]
  Variable bound range        : [ 0.05, 1 ]
  RHS coefficient range       : [ 3.7311e-08, 0.291477 ]
Objective value for Line heur k = 14: 7599442.786865905
76
Actual reward of current solution: 43887075.452085085
Minimum Difference with past solutions:0.05.
Gurobi status: 2

Statistics for model Linearization Heuristic :
  Linear constraint matrix    : 13770 Constrs, 8100 Vars, 4624476 NZs
  Matrix coefficient range    : [ 1.00053e-13, 1 ]
  Objective coefficient range : [ 1.02079e-21, 1.54025e+08 ]
  Variable bound range        : [ 0.05, 1 ]
  RHS coefficient range       : [ 8.66761e-08, 0.291579 ]
Objective value for Line heur k = 14: 7515213.170763079
76
Actual reward of current solution: 43964215.176628985
Minimum Difference with past solutions:0.04999999999999971.
Gurobi status: 2

Statistics for model Linearization Heuristic :
  Linear constraint matrix    : 13770 Constrs, 8100 Vars, 4337515 NZs
  Matrix coefficient range    : [ 1.00018e-13, 1 ]
  Objective coefficient range : [ 7.14204e-23, 1.54025e+08 ]
  Variable bound range        : [ 0.05, 1 ]
  RHS coefficient range       : [ 3.52202e-08, 0.291486 ]
Objective value for Line heur k = 14: 7596629.825598934
76
Actual reward of current solution: 43887075.452085085
Minimum Difference with past solutions:0.0.
New solution equals old solution at k=14
75
Total Reward at the start of the inner iterations: 43964387.13513284
Gurobi status: 2

Statistics for model Linearization Heuristic :
  Linear constraint matrix    : 13659 Constrs, 8010 Vars, 4253071 NZs
  Matrix coefficient range    : [ 1.00138e-13, 1 ]
  Objective coefficient range : [ 5.48237e-22, 1.54025e+08 ]
  Variable bound range        : [ 0.05, 1 ]
  RHS coefficient range       : [ 1.48571e-09, 1 ]
Objective value for Line heur k = 15: 7576572.367724636
75
Actual reward of current solution: 43968672.26444298
Minimum Difference with past solutions:0.05.
Gurobi status: 2

Statistics for model Linearization Heuristic :
  Linear constraint matrix    : 13659 Constrs, 8010 Vars, 4234993 NZs
  Matrix coefficient range    : [ 1.00075e-13, 1 ]
  Objective coefficient range : [ 5.19858e-22, 1.54025e+08 ]
  Variable bound range        : [ 0.05, 1 ]
  RHS coefficient range       : [ 1.09082e-09, 1 ]
Objective value for Line heur k = 15: 7592047.5739782965
75
Actual reward of current solution: 43964270.39918996
Minimum Difference with past solutions:0.04999999999999971.
Gurobi status: 2

Statistics for model Linearization Heuristic :
  Linear constraint matrix    : 13659 Constrs, 8010 Vars, 4253073 NZs
  Matrix coefficient range    : [ 1.00079e-13, 1 ]
  Objective coefficient range : [ 7.31857e-24, 1.54025e+08 ]
  Variable bound range        : [ 0.05, 1 ]
  RHS coefficient range       : [ 1.86533e-09, 1 ]
Objective value for Line heur k = 15: 7574693.502874169
75
Actual reward of current solution: 43968672.26444298
Minimum Difference with past solutions:0.0.
New solution equals old solution at k=15
74
Total Reward at the start of the inner iterations: 43968672.26444298
Gurobi status: 2

Statistics for model Linearization Heuristic :
  Linear constraint matrix    : 13494 Constrs, 7920 Vars, 4151467 NZs
  Matrix coefficient range    : [ 1.00075e-13, 1 ]
  Objective coefficient range : [ 5.19858e-22, 1.54025e+08 ]
  Variable bound range        : [ 0.05, 1 ]
  RHS coefficient range       : [ 3.77264e-08, 1 ]
Objective value for Line heur k = 16: 7578644.041280205
74
Actual reward of current solution: 43964270.39918996
Minimum Difference with past solutions:0.05.
Gurobi status: 2

Statistics for model Linearization Heuristic :
  Linear constraint matrix    : 13494 Constrs, 7920 Vars, 4169547 NZs
  Matrix coefficient range    : [ 1.00079e-13, 1 ]
  Objective coefficient range : [ 7.31857e-24, 1.54025e+08 ]
  Variable bound range        : [ 0.05, 1 ]
  RHS coefficient range       : [ 3.90121e-08, 1 ]
Objective value for Line heur k = 16: 7561572.512331913
74
Actual reward of current solution: 43968672.26444298
Minimum Difference with past solutions:0.0.
New solution equals old solution at k=16
73
Total Reward at the start of the inner iterations: 43968672.26444298
Gurobi status: 2

Statistics for model Linearization Heuristic :
  Linear constraint matrix    : 13329 Constrs, 7830 Vars, 4068910 NZs
  Matrix coefficient range    : [ 1.00075e-13, 1 ]
  Objective coefficient range : [ 5.19858e-22, 1.54025e+08 ]
  Variable bound range        : [ 0.05, 1 ]
  RHS coefficient range       : [ 1.09608e-08, 1 ]
Objective value for Line heur k = 17: 7559544.884744657
73
Actual reward of current solution: 43964270.39918996
Minimum Difference with past solutions:0.05.
Gurobi status: 2

Statistics for model Linearization Heuristic :
  Linear constraint matrix    : 13329 Constrs, 7830 Vars, 4086990 NZs
  Matrix coefficient range    : [ 1.00079e-13, 1 ]
  Objective coefficient range : [ 7.31857e-24, 1.54025e+08 ]
  Variable bound range        : [ 0.05, 1 ]
  RHS coefficient range       : [ 1.46878e-10, 1 ]
Objective value for Line heur k = 17: 7542755.156872471
73
Actual reward of current solution: 43968672.26444298
Minimum Difference with past solutions:0.0.
New solution equals old solution at k=17
72
Total Reward at the start of the inner iterations: 43968672.26444298
Gurobi status: 2

Statistics for model Linearization Heuristic :
  Linear constraint matrix    : 13164 Constrs, 7740 Vars, 3987322 NZs
  Matrix coefficient range    : [ 1.00075e-13, 1 ]
  Objective coefficient range : [ 5.19858e-22, 1.54025e+08 ]
  Variable bound range        : [ 0.05, 1 ]
  RHS coefficient range       : [ 7.64257e-08, 1 ]
Objective value for Line heur k = 18: 7535396.673417906
72
Actual reward of current solution: 43964270.39918996
Minimum Difference with past solutions:0.05.
Gurobi status: 2

Statistics for model Linearization Heuristic :
  Linear constraint matrix    : 13164 Constrs, 7740 Vars, 4005402 NZs
  Matrix coefficient range    : [ 1.00079e-13, 1 ]
  Objective coefficient range : [ 7.31857e-24, 1.54025e+08 ]
  Variable bound range        : [ 0.05, 1 ]
  RHS coefficient range       : [ 8.9967e-08, 1 ]
Objective value for Line heur k = 18: 7518887.884823772
72
Actual reward of current solution: 43968672.26444298
Minimum Difference with past solutions:0.0.
New solution equals old solution at k=18
71
Total Reward at the start of the inner iterations: 43968672.26444298
Gurobi status: 2

Statistics for model Linearization Heuristic :
  Linear constraint matrix    : 12999 Constrs, 7650 Vars, 3906703 NZs
  Matrix coefficient range    : [ 1.00075e-13, 1 ]
  Objective coefficient range : [ 5.19858e-22, 1.54025e+08 ]
  Variable bound range        : [ 0.05, 1 ]
  RHS coefficient range       : [ 1.03568e-07, 1 ]
Objective value for Line heur k = 19: 7506756.9163115155
71
Actual reward of current solution: 43964270.39918996
Minimum Difference with past solutions:0.05.
Gurobi status: 2

Statistics for model Linearization Heuristic :
  Linear constraint matrix    : 12999 Constrs, 7650 Vars, 3924783 NZs
  Matrix coefficient range    : [ 1.00079e-13, 1 ]
  Objective coefficient range : [ 7.31857e-24, 1.54025e+08 ]
  Variable bound range        : [ 0.05, 1 ]
  RHS coefficient range       : [ 1.05634e-07, 1 ]
Objective value for Line heur k = 19: 7490527.953549375
71
Actual reward of current solution: 43968672.26444298
Minimum Difference with past solutions:0.0.
New solution equals old solution at k=19
70
Total Reward at the start of the inner iterations: 43968672.26444298
Gurobi status: 2

Statistics for model Linearization Heuristic :
  Linear constraint matrix    : 12834 Constrs, 7560 Vars, 3827053 NZs
  Matrix coefficient range    : [ 1.00075e-13, 1 ]
  Objective coefficient range : [ 5.19858e-22, 1.54025e+08 ]
  Variable bound range        : [ 0.05, 1 ]
  RHS coefficient range       : [ 4.88685e-08, 1 ]
Objective value for Line heur k = 20: 7474108.917124324
70
Actual reward of current solution: 43964270.39918996
Minimum Difference with past solutions:0.05.
Gurobi status: 2

Statistics for model Linearization Heuristic :
  Linear constraint matrix    : 12834 Constrs, 7560 Vars, 3845133 NZs
  Matrix coefficient range    : [ 1.00079e-13, 1 ]
  Objective coefficient range : [ 7.31857e-24, 1.54025e+08 ]
  Variable bound range        : [ 0.05, 1 ]
  RHS coefficient range       : [ 8.75966e-08, 1 ]
Objective value for Line heur k = 20: 7458158.262180452
70
Actual reward of current solution: 43968672.26444298
Minimum Difference with past solutions:0.0.
New solution equals old solution at k=20
69
Total Reward at the start of the inner iterations: 43968672.26444298
Gurobi status: 2

Statistics for model Linearization Heuristic :
  Linear constraint matrix    : 12669 Constrs, 7470 Vars, 3748372 NZs
  Matrix coefficient range    : [ 1.00075e-13, 1 ]
  Objective coefficient range : [ 5.19858e-22, 1.54025e+08 ]
  Variable bound range        : [ 0.05, 1 ]
  RHS coefficient range       : [ 1.55885e-09, 1 ]
Objective value for Line heur k = 21: 7437872.120649951
69
Actual reward of current solution: 43964270.39918996
Minimum Difference with past solutions:0.05.
Gurobi status: 2

Statistics for model Linearization Heuristic :
  Linear constraint matrix    : 12669 Constrs, 7470 Vars, 3766452 NZs
  Matrix coefficient range    : [ 1.00079e-13, 1 ]
  Objective coefficient range : [ 7.31857e-24, 1.54025e+08 ]
  Variable bound range        : [ 0.05, 1 ]
  RHS coefficient range       : [ 4.05039e-08, 1 ]
Objective value for Line heur k = 21: 7422197.6510427715
69
Actual reward of current solution: 43968672.26444298
Minimum Difference with past solutions:0.0.
New solution equals old solution at k=21
68
Total Reward at the start of the inner iterations: 43968672.26444298
Gurobi status: 2

Statistics for model Linearization Heuristic :
  Linear constraint matrix    : 12504 Constrs, 7380 Vars, 3670660 NZs
  Matrix coefficient range    : [ 1.00075e-13, 1 ]
  Objective coefficient range : [ 5.19858e-22, 1.54025e+08 ]
  Variable bound range        : [ 0.05, 1 ]
  RHS coefficient range       : [ 1.28663e-09, 1 ]
Objective value for Line heur k = 22: 7398409.104649304
68
Actual reward of current solution: 43964270.39918996
Minimum Difference with past solutions:0.05.
Gurobi status: 2

Statistics for model Linearization Heuristic :
  Linear constraint matrix    : 12504 Constrs, 7380 Vars, 3688740 NZs
  Matrix coefficient range    : [ 1.00079e-13, 1 ]
  Objective coefficient range : [ 7.31857e-24, 1.54025e+08 ]
  Variable bound range        : [ 0.05, 1 ]
  RHS coefficient range       : [ 1.70756e-08, 1 ]
Objective value for Line heur k = 22: 7383007.814940694
68
Actual reward of current solution: 43968672.26444298
Minimum Difference with past solutions:0.0.
New solution equals old solution at k=22
67
Total Reward at the start of the inner iterations: 43968672.26444298
Gurobi status: 2

Statistics for model Linearization Heuristic :
  Linear constraint matrix    : 12339 Constrs, 7290 Vars, 3593917 NZs
  Matrix coefficient range    : [ 1.00075e-13, 1 ]
  Objective coefficient range : [ 5.19858e-22, 1.54025e+08 ]
  Variable bound range        : [ 0.05, 1 ]
  RHS coefficient range       : [ 3.25343e-08, 1 ]
Objective value for Line heur k = 23: 7356029.680902929
67
Actual reward of current solution: 43964270.39918996
Minimum Difference with past solutions:0.05.
Gurobi status: 2

Statistics for model Linearization Heuristic :
  Linear constraint matrix    : 12339 Constrs, 7290 Vars, 3611997 NZs
  Matrix coefficient range    : [ 1.00079e-13, 1 ]
  Objective coefficient range : [ 7.31857e-24, 1.54025e+08 ]
  Variable bound range        : [ 0.05, 1 ]
  RHS coefficient range       : [ 1.48079e-08, 1 ]
Objective value for Line heur k = 23: 7340897.281731361
67
Actual reward of current solution: 43968672.26444298
Minimum Difference with past solutions:0.0.
New solution equals old solution at k=23
66
Total Reward at the start of the inner iterations: 43968672.26444298
Gurobi status: 2

Statistics for model Linearization Heuristic :
  Linear constraint matrix    : 12174 Constrs, 7200 Vars, 3518143 NZs
  Matrix coefficient range    : [ 1.00075e-13, 1 ]
  Objective coefficient range : [ 5.19858e-22, 1.54025e+08 ]
  Variable bound range        : [ 0.05, 1 ]
  RHS coefficient range       : [ 1.56117e-08, 1 ]
Objective value for Line heur k = 24: 7310992.029481395
66
Actual reward of current solution: 43964270.39918996
Minimum Difference with past solutions:0.05.
Gurobi status: 2

Statistics for model Linearization Heuristic :
  Linear constraint matrix    : 12174 Constrs, 7200 Vars, 3536223 NZs
  Matrix coefficient range    : [ 1.00079e-13, 1 ]
  Objective coefficient range : [ 7.31857e-24, 1.54025e+08 ]
  Variable bound range        : [ 0.05, 1 ]
  RHS coefficient range       : [ 6.75184e-09, 1 ]
Objective value for Line heur k = 24: 7296122.360109282
66
Actual reward of current solution: 43968672.26444298
Minimum Difference with past solutions:0.0.
New solution equals old solution at k=24
65
Total Reward at the start of the inner iterations: 43968672.26444298
Gurobi status: 2

Statistics for model Linearization Heuristic :
  Linear constraint matrix    : 12009 Constrs, 7110 Vars, 3443338 NZs
  Matrix coefficient range    : [ 1.00075e-13, 1 ]
  Objective coefficient range : [ 5.19858e-22, 1.54025e+08 ]
  Variable bound range        : [ 0.05, 1 ]
  RHS coefficient range       : [ 2.98768e-10, 1 ]
Objective value for Line heur k = 25: 7263500.259886695
65
Actual reward of current solution: 43964270.39918996
Minimum Difference with past solutions:0.05.
Gurobi status: 2

Statistics for model Linearization Heuristic :
  Linear constraint matrix    : 12009 Constrs, 7110 Vars, 3461418 NZs
  Matrix coefficient range    : [ 1.00079e-13, 1 ]
  Objective coefficient range : [ 7.31857e-24, 1.54025e+08 ]
  Variable bound range        : [ 0.05, 1 ]
  RHS coefficient range       : [ 2.31946e-08, 1 ]
Objective value for Line heur k = 25: 7248884.418613781
65
Actual reward of current solution: 43968672.26444298
Minimum Difference with past solutions:0.0.
New solution equals old solution at k=25
64
Total Reward at the start of the inner iterations: 43968672.26444298
Gurobi status: 2

Statistics for model Linearization Heuristic :
  Linear constraint matrix    : 11844 Constrs, 7020 Vars, 3369502 NZs
  Matrix coefficient range    : [ 1.00075e-13, 1 ]
  Objective coefficient range : [ 5.19858e-22, 1.54025e+08 ]
  Variable bound range        : [ 0.05, 1 ]
  RHS coefficient range       : [ 8.21463e-09, 1 ]
Objective value for Line heur k = 26: 7213697.145402569
64
Actual reward of current solution: 43964270.39918996
Minimum Difference with past solutions:0.05.
Gurobi status: 2

Statistics for model Linearization Heuristic :
  Linear constraint matrix    : 11844 Constrs, 7020 Vars, 3387582 NZs
  Matrix coefficient range    : [ 1.00079e-13, 1 ]
  Objective coefficient range : [ 7.31857e-24, 1.54025e+08 ]
  Variable bound range        : [ 0.05, 1 ]
  RHS coefficient range       : [ 4.8458e-08, 1 ]
Objective value for Line heur k = 26: 7199322.1931126295
64
Actual reward of current solution: 43968672.26444298
Minimum Difference with past solutions:0.0.
New solution equals old solution at k=26
63
Total Reward at the start of the inner iterations: 43968672.26444298
Gurobi status: 2

Statistics for model Linearization Heuristic :
  Linear constraint matrix    : 11679 Constrs, 6930 Vars, 3296635 NZs
  Matrix coefficient range    : [ 1.00075e-13, 1 ]
  Objective coefficient range : [ 5.19858e-22, 1.54025e+08 ]
  Variable bound range        : [ 0.05, 1 ]
  RHS coefficient range       : [ 1.68153e-08, 1 ]
Objective value for Line heur k = 27: 7161649.869375222
63
Actual reward of current solution: 43964270.39918996
Minimum Difference with past solutions:0.05.
Gurobi status: 2

Statistics for model Linearization Heuristic :
  Linear constraint matrix    : 11679 Constrs, 6930 Vars, 3314715 NZs
  Matrix coefficient range    : [ 1.00079e-13, 1 ]
  Objective coefficient range : [ 7.31857e-24, 1.54025e+08 ]
  Variable bound range        : [ 0.05, 1 ]
  RHS coefficient range       : [ 7.0848e-10, 1 ]
Objective value for Line heur k = 27: 7147496.885623361
63
Actual reward of current solution: 43968672.26444298
Minimum Difference with past solutions:0.0.
New solution equals old solution at k=27
62
Total Reward at the start of the inner iterations: 43968672.26444298
Gurobi status: 2

Statistics for model Linearization Heuristic :
  Linear constraint matrix    : 11514 Constrs, 6840 Vars, 3224791 NZs
  Matrix coefficient range    : [ 1.00075e-13, 1 ]
  Objective coefficient range : [ 5.19858e-22, 1.54025e+08 ]
  Variable bound range        : [ 0.05, 1 ]
  RHS coefficient range       : [ 1.97584e-08, 0.29088 ]
Objective value for Line heur k = 28: 7107325.26034537
62
Actual reward of current solution: 43964270.39918996
Minimum Difference with past solutions:0.05.
Gurobi status: 2

Statistics for model Linearization Heuristic :
  Linear constraint matrix    : 11514 Constrs, 6840 Vars, 3242871 NZs
  Matrix coefficient range    : [ 1.00079e-13, 1 ]
  Objective coefficient range : [ 7.31857e-24, 1.54025e+08 ]
  Variable bound range        : [ 0.05, 1 ]
  RHS coefficient range       : [ 2.5723e-08, 0.29091 ]
Objective value for Line heur k = 28: 7093366.414148361
62
Actual reward of current solution: 43968672.26444298
Minimum Difference with past solutions:0.0.
New solution equals old solution at k=28
61
Total Reward at the start of the inner iterations: 43968672.26444298
Gurobi status: 2

Statistics for model Linearization Heuristic :
  Linear constraint matrix    : 11403 Constrs, 6750 Vars, 3138418 NZs
  Matrix coefficient range    : [ 1.00075e-13, 1 ]
  Objective coefficient range : [ 5.19858e-22, 1.54025e+08 ]
  Variable bound range        : [ 0.05, 1 ]
  RHS coefficient range       : [ 3.37272e-09, 1 ]
Objective value for Line heur k = 29: 7037426.618965486
61
Actual reward of current solution: 43968672.26444298
Minimum Difference with past solutions:0.0.
New solution equals old solution at k=29
60
Total Reward at the start of the inner iterations: 43968672.26444298
Gurobi status: 2

Statistics for model Linearization Heuristic :
  Linear constraint matrix    : 11238 Constrs, 6660 Vars, 3053169 NZs
  Matrix coefficient range    : [ 1.00075e-13, 1 ]
  Objective coefficient range : [ 5.19858e-22, 1.54025e+08 ]
  Variable bound range        : [ 0.05, 1 ]
  RHS coefficient range       : [ 4.95565e-10, 1 ]
Objective value for Line heur k = 30: 6971630.7583090095
60
Actual reward of current solution: 43968672.26444298
Minimum Difference with past solutions:0.0.
New solution equals old solution at k=30
59
Total Reward at the start of the inner iterations: 43968672.26444298
Gurobi status: 2

Statistics for model Linearization Heuristic :
  Linear constraint matrix    : 11073 Constrs, 6570 Vars, 2969098 NZs
  Matrix coefficient range    : [ 1.00075e-13, 1 ]
  Objective coefficient range : [ 5.19858e-22, 1.54025e+08 ]
  Variable bound range        : [ 0.05, 1 ]
  RHS coefficient range       : [ 1.654e-09, 1 ]
Objective value for Line heur k = 31: 6903733.053442358
59
Actual reward of current solution: 43968672.26444298
Minimum Difference with past solutions:0.0.
New solution equals old solution at k=31
58
Total Reward at the start of the inner iterations: 43968672.26444298
Gurobi status: 2

Statistics for model Linearization Heuristic :
  Linear constraint matrix    : 10908 Constrs, 6480 Vars, 2886205 NZs
  Matrix coefficient range    : [ 1.00075e-13, 1 ]
  Objective coefficient range : [ 5.19858e-22, 1.54025e+08 ]
  Variable bound range        : [ 0.05, 1 ]
  RHS coefficient range       : [ 6.86388e-09, 1 ]
Objective value for Line heur k = 32: 6834072.75938949
58
Actual reward of current solution: 43968672.26444298
Minimum Difference with past solutions:0.0.
New solution equals old solution at k=32
57
Total Reward at the start of the inner iterations: 43968672.26444298
Gurobi status: 2

Statistics for model Linearization Heuristic :
  Linear constraint matrix    : 10743 Constrs, 6390 Vars, 2804490 NZs
  Matrix coefficient range    : [ 1.00075e-13, 1 ]
  Objective coefficient range : [ 5.19858e-22, 1.54025e+08 ]
  Variable bound range        : [ 0.05, 1 ]
  RHS coefficient range       : [ 1.37248e-08, 1 ]
Objective value for Line heur k = 33: 6762881.567052127
57
Actual reward of current solution: 43968672.26444298
Minimum Difference with past solutions:0.0.
New solution equals old solution at k=33
56
Total Reward at the start of the inner iterations: 43968672.26444298
Gurobi status: 2

Statistics for model Linearization Heuristic :
  Linear constraint matrix    : 10578 Constrs, 6300 Vars, 2723953 NZs
  Matrix coefficient range    : [ 1.00075e-13, 1 ]
  Objective coefficient range : [ 5.19858e-22, 1.54025e+08 ]
  Variable bound range        : [ 0.05, 1 ]
  RHS coefficient range       : [ 2.14982e-08, 1 ]
Objective value for Line heur k = 34: 6690325.862227087
56
Actual reward of current solution: 43968672.26444298
Minimum Difference with past solutions:0.0.
New solution equals old solution at k=34
55
Total Reward at the start of the inner iterations: 43968672.26444298
Gurobi status: 2

Statistics for model Linearization Heuristic :
  Linear constraint matrix    : 10413 Constrs, 6210 Vars, 2644594 NZs
  Matrix coefficient range    : [ 1.00075e-13, 1 ]
  Objective coefficient range : [ 5.19858e-22, 1.54025e+08 ]
  Variable bound range        : [ 0.05, 1 ]
  RHS coefficient range       : [ 2.97465e-08, 1 ]
Objective value for Line heur k = 35: 6616530.889820715
55
Actual reward of current solution: 43968672.26444298
Minimum Difference with past solutions:0.0.
New solution equals old solution at k=35
54
Total Reward at the start of the inner iterations: 43968672.26444298
Gurobi status: 2

Statistics for model Linearization Heuristic :
  Linear constraint matrix    : 10248 Constrs, 6120 Vars, 2566413 NZs
  Matrix coefficient range    : [ 1.00075e-13, 1 ]
  Objective coefficient range : [ 5.19858e-22, 1.54025e+08 ]
  Variable bound range        : [ 0.05, 1 ]
  RHS coefficient range       : [ 3.80067e-08, 1 ]
Objective value for Line heur k = 36: 6541594.180164537
54
Actual reward of current solution: 43968672.26444298
Minimum Difference with past solutions:0.0.
New solution equals old solution at k=36
53
Total Reward at the start of the inner iterations: 43968672.26444298
Gurobi status: 2

Statistics for model Linearization Heuristic :
  Linear constraint matrix    : 10083 Constrs, 6030 Vars, 2489411 NZs
  Matrix coefficient range    : [ 1.00075e-13, 1 ]
  Objective coefficient range : [ 5.19858e-22, 1.54025e+08 ]
  Variable bound range        : [ 0.05, 1 ]
  RHS coefficient range       : [ 2.82133e-08, 1 ]
Objective value for Line heur k = 37: 6465592.291285067
53
Actual reward of current solution: 43968672.26444298
Minimum Difference with past solutions:0.0.
New solution equals old solution at k=37
52
Total Reward at the start of the inner iterations: 43968672.26444298
Gurobi status: 2

Statistics for model Linearization Heuristic :
  Linear constraint matrix    : 9918 Constrs, 5940 Vars, 2413587 NZs
  Matrix coefficient range    : [ 1.00075e-13, 1 ]
  Objective coefficient range : [ 5.19858e-22, 1.54025e+08 ]
  Variable bound range        : [ 0.05, 1 ]
  RHS coefficient range       : [ 1.87469e-08, 1 ]
Objective value for Line heur k = 38: 6388582.898334599
52
Actual reward of current solution: 43968672.26444298
Minimum Difference with past solutions:0.0.
New solution equals old solution at k=38
51
Total Reward at the start of the inner iterations: 43968672.26444298
Gurobi status: 2

Statistics for model Linearization Heuristic :
  Linear constraint matrix    : 9753 Constrs, 5850 Vars, 2338942 NZs
  Matrix coefficient range    : [ 1.00075e-13, 1 ]
  Objective coefficient range : [ 5.19858e-22, 1.54025e+08 ]
  Variable bound range        : [ 0.05, 1 ]
  RHS coefficient range       : [ 7.16189e-09, 1 ]
Objective value for Line heur k = 39: 6310602.893947979
51
Actual reward of current solution: 43968672.26444298
Minimum Difference with past solutions:0.0.
New solution equals old solution at k=39
50
Total Reward at the start of the inner iterations: 43968672.26444298
Gurobi status: 2

Statistics for model Linearization Heuristic :
  Linear constraint matrix    : 9588 Constrs, 5760 Vars, 2265475 NZs
  Matrix coefficient range    : [ 1.00075e-13, 1 ]
  Objective coefficient range : [ 5.19858e-22, 1.54025e+08 ]
  Variable bound range        : [ 0.05, 1 ]
  RHS coefficient range       : [ 7.00423e-10, 1 ]
Objective value for Line heur k = 40: 6231662.039724692
50
Actual reward of current solution: 43968672.26444298
Minimum Difference with past solutions:0.0.
New solution equals old solution at k=40
49
Total Reward at the start of the inner iterations: 43968672.26444298
Gurobi status: 2

Statistics for model Linearization Heuristic :
  Linear constraint matrix    : 9423 Constrs, 5670 Vars, 2193185 NZs
  Matrix coefficient range    : [ 1.00075e-13, 1 ]
  Objective coefficient range : [ 5.19858e-22, 1.54025e+08 ]
  Variable bound range        : [ 0.05, 1 ]
  RHS coefficient range       : [ 8.14599e-09, 1 ]
Objective value for Line heur k = 41: 6151730.506008371
49
Actual reward of current solution: 43968672.26444298
Minimum Difference with past solutions:0.0.
New solution equals old solution at k=41
48
Total Reward at the start of the inner iterations: 43968672.26444298
Gurobi status: 2

Statistics for model Linearization Heuristic :
  Linear constraint matrix    : 9258 Constrs, 5580 Vars, 2122127 NZs
  Matrix coefficient range    : [ 1.00075e-13, 1 ]
  Objective coefficient range : [ 5.19858e-22, 1.54025e+08 ]
  Variable bound range        : [ 0.05, 1 ]
  RHS coefficient range       : [ 1.7271e-08, 0.290483 ]
Objective value for Line heur k = 42: 6070717.024649433
48
Actual reward of current solution: 43968672.26444298
Minimum Difference with past solutions:0.0.
New solution equals old solution at k=42
47
Total Reward at the start of the inner iterations: 43968672.26444298
Gurobi status: 2

Statistics for model Linearization Heuristic :
  Linear constraint matrix    : 9147 Constrs, 5490 Vars, 2048755 NZs
  Matrix coefficient range    : [ 1.00075e-13, 1 ]
  Objective coefficient range : [ 5.19858e-22, 1.54025e+08 ]
  Variable bound range        : [ 0.05, 1 ]
  RHS coefficient range       : [ 1.66578e-08, 1 ]
Objective value for Line heur k = 43: 5985355.19763348
47
Actual reward of current solution: 43968672.26444298
Minimum Difference with past solutions:0.0.
New solution equals old solution at k=43
46
Total Reward at the start of the inner iterations: 43968672.26444298
Gurobi status: 2

Statistics for model Linearization Heuristic :
  Linear constraint matrix    : 8982 Constrs, 5400 Vars, 1976564 NZs
  Matrix coefficient range    : [ 1.00075e-13, 1 ]
  Objective coefficient range : [ 5.19858e-22, 1.54025e+08 ]
  Variable bound range        : [ 0.05, 1 ]
  RHS coefficient range       : [ 1.2608e-08, 1 ]
Objective value for Line heur k = 44: 5898754.646580744
46
Actual reward of current solution: 43968672.26444298
Minimum Difference with past solutions:0.0.
New solution equals old solution at k=44
45
Total Reward at the start of the inner iterations: 43968672.26444298
Gurobi status: 2

Statistics for model Linearization Heuristic :
  Linear constraint matrix    : 8817 Constrs, 5310 Vars, 1905608 NZs
  Matrix coefficient range    : [ 1.00075e-13, 1 ]
  Objective coefficient range : [ 5.19858e-22, 1.54025e+08 ]
  Variable bound range        : [ 0.05, 1 ]
  RHS coefficient range       : [ 1.7556e-08, 1 ]
Objective value for Line heur k = 45: 5811145.237767034
45
Actual reward of current solution: 43968672.26444298
Minimum Difference with past solutions:0.0.
New solution equals old solution at k=45
44
Total Reward at the start of the inner iterations: 43968672.26444298
Gurobi status: 2

Statistics for model Linearization Heuristic :
  Linear constraint matrix    : 8652 Constrs, 5220 Vars, 1835887 NZs
  Matrix coefficient range    : [ 1.00075e-13, 1 ]
  Objective coefficient range : [ 5.19858e-22, 1.54025e+08 ]
  Variable bound range        : [ 0.05, 1 ]
  RHS coefficient range       : [ 1.8173e-08, 1 ]
Objective value for Line heur k = 46: 5722666.220378668
44
Actual reward of current solution: 43968672.26444298
Minimum Difference with past solutions:0.0.
New solution equals old solution at k=46
43
Total Reward at the start of the inner iterations: 43968672.26444298
Gurobi status: 2

Statistics for model Linearization Heuristic :
  Linear constraint matrix    : 8487 Constrs, 5130 Vars, 1767402 NZs
  Matrix coefficient range    : [ 1.00075e-13, 1 ]
  Objective coefficient range : [ 5.19858e-22, 1.54025e+08 ]
  Variable bound range        : [ 0.05, 1 ]
  RHS coefficient range       : [ 3.93529e-09, 1 ]
Objective value for Line heur k = 47: 5633406.59571301
43
Actual reward of current solution: 43968672.26444298
Minimum Difference with past solutions:0.0.
New solution equals old solution at k=47
42
Total Reward at the start of the inner iterations: 43968672.26444298
Gurobi status: 2

Statistics for model Linearization Heuristic :
  Linear constraint matrix    : 8322 Constrs, 5040 Vars, 1700152 NZs
  Matrix coefficient range    : [ 1.00075e-13, 1 ]
  Objective coefficient range : [ 5.19858e-22, 1.54025e+08 ]
  Variable bound range        : [ 0.05, 1 ]
  RHS coefficient range       : [ 9.43951e-09, 1 ]
Objective value for Line heur k = 48: 5543427.413727303
42
Actual reward of current solution: 43968672.26444298
Minimum Difference with past solutions:0.0.
New solution equals old solution at k=48
41
Total Reward at the start of the inner iterations: 43968672.26444298
Gurobi status: 2

Statistics for model Linearization Heuristic :
  Linear constraint matrix    : 8157 Constrs, 4950 Vars, 1634137 NZs
  Matrix coefficient range    : [ 1.00075e-13, 1 ]
  Objective coefficient range : [ 5.19858e-22, 1.54025e+08 ]
  Variable bound range        : [ 0.05, 1 ]
  RHS coefficient range       : [ 1.91887e-08, 1 ]
Objective value for Line heur k = 49: 5452774.084771996
41
Actual reward of current solution: 43968672.26444298
Minimum Difference with past solutions:0.0.
New solution equals old solution at k=49
40
Total Reward at the start of the inner iterations: 43968672.26444298
Gurobi status: 2

Statistics for model Linearization Heuristic :
  Linear constraint matrix    : 7992 Constrs, 4860 Vars, 1569357 NZs
  Matrix coefficient range    : [ 1.00075e-13, 1 ]
  Objective coefficient range : [ 5.19858e-22, 1.54025e+08 ]
  Variable bound range        : [ 0.05, 1 ]
  RHS coefficient range       : [ 1.92063e-08, 1 ]
Objective value for Line heur k = 50: 5361483.171321801
40
Actual reward of current solution: 43968672.26444298
Minimum Difference with past solutions:0.0.
New solution equals old solution at k=50
39
Total Reward at the start of the inner iterations: 43968672.26444298
Gurobi status: 2

Statistics for model Linearization Heuristic :
  Linear constraint matrix    : 7827 Constrs, 4770 Vars, 1505812 NZs
  Matrix coefficient range    : [ 1.00075e-13, 1 ]
  Objective coefficient range : [ 5.19858e-22, 1.54025e+08 ]
  Variable bound range        : [ 0.05, 1 ]
  RHS coefficient range       : [ 1.90884e-08, 1 ]
Objective value for Line heur k = 51: 5269586.126809019
39
Actual reward of current solution: 43968672.26444298
Minimum Difference with past solutions:0.0.
New solution equals old solution at k=51
38
Total Reward at the start of the inner iterations: 43968672.26444298
Gurobi status: 2

Statistics for model Linearization Heuristic :
  Linear constraint matrix    : 7662 Constrs, 4680 Vars, 1443502 NZs
  Matrix coefficient range    : [ 1.00075e-13, 1 ]
  Objective coefficient range : [ 5.19858e-22, 1.54025e+08 ]
  Variable bound range        : [ 0.05, 1 ]
  RHS coefficient range       : [ 1.88568e-08, 1 ]
Objective value for Line heur k = 52: 5177111.346098783
38
Actual reward of current solution: 43968672.26444298
Minimum Difference with past solutions:0.0.
New solution equals old solution at k=52
37
Total Reward at the start of the inner iterations: 43968672.26444298
Gurobi status: 2

Statistics for model Linearization Heuristic :
  Linear constraint matrix    : 7497 Constrs, 4590 Vars, 1382428 NZs
  Matrix coefficient range    : [ 1.00075e-13, 1 ]
  Objective coefficient range : [ 5.19858e-22, 1.54025e+08 ]
  Variable bound range        : [ 0.05, 1 ]
  RHS coefficient range       : [ 1.8532e-08, 1 ]
Objective value for Line heur k = 53: 5084085.2830049
37
Actual reward of current solution: 43968672.26444298
Minimum Difference with past solutions:0.0.
New solution equals old solution at k=53
36
Total Reward at the start of the inner iterations: 43968672.26444298
Gurobi status: 2

Statistics for model Linearization Heuristic :
  Linear constraint matrix    : 7332 Constrs, 4500 Vars, 1322589 NZs
  Matrix coefficient range    : [ 1.00075e-13, 1 ]
  Objective coefficient range : [ 5.19858e-22, 1.54025e+08 ]
  Variable bound range        : [ 0.05, 1 ]
  RHS coefficient range       : [ 1.81328e-08, 1 ]
Objective value for Line heur k = 54: 4990533.053346087
36
Actual reward of current solution: 43968672.26444298
Minimum Difference with past solutions:0.0.
New solution equals old solution at k=54
35
Total Reward at the start of the inner iterations: 43968672.26444298
Gurobi status: 2

Statistics for model Linearization Heuristic :
  Linear constraint matrix    : 7167 Constrs, 4410 Vars, 1263985 NZs
  Matrix coefficient range    : [ 1.00075e-13, 1 ]
  Objective coefficient range : [ 5.19858e-22, 1.54025e+08 ]
  Variable bound range        : [ 0.05, 1 ]
  RHS coefficient range       : [ 1.76755e-08, 1 ]
Objective value for Line heur k = 55: 4896478.755504073
35
Actual reward of current solution: 43968672.26444298
Minimum Difference with past solutions:0.0.
New solution equals old solution at k=55
34
Total Reward at the start of the inner iterations: 43968672.26444298
Gurobi status: 2

Statistics for model Linearization Heuristic :
  Linear constraint matrix    : 7002 Constrs, 4320 Vars, 1206670 NZs
  Matrix coefficient range    : [ 1.00075e-13, 1 ]
  Objective coefficient range : [ 5.19858e-22, 1.54025e+08 ]
  Variable bound range        : [ 0.05, 1 ]
  RHS coefficient range       : [ 1.71742e-08, 0.290158 ]
Objective value for Line heur k = 56: 4801945.637044114
34
Actual reward of current solution: 43968672.26444298
Minimum Difference with past solutions:0.0.
New solution equals old solution at k=56
33
Total Reward at the start of the inner iterations: 43968672.26444298
Gurobi status: 2

Statistics for model Linearization Heuristic :
  Linear constraint matrix    : 6891 Constrs, 4230 Vars, 1150590 NZs
  Matrix coefficient range    : [ 1.00075e-13, 1 ]
  Objective coefficient range : [ 5.19858e-22, 1.54025e+08 ]
  Variable bound range        : [ 0.05, 1 ]
  RHS coefficient range       : [ 1.66406e-08, 1 ]
Objective value for Line heur k = 57: 4706956.178580393
33
Actual reward of current solution: 43968672.26444298
Minimum Difference with past solutions:0.0.
New solution equals old solution at k=57
32
Total Reward at the start of the inner iterations: 43968672.26444298
Gurobi status: 2

Statistics for model Linearization Heuristic :
  Linear constraint matrix    : 6726 Constrs, 4140 Vars, 1095691 NZs
  Matrix coefficient range    : [ 1.00075e-13, 1 ]
  Objective coefficient range : [ 5.19858e-22, 1.54025e+08 ]
  Variable bound range        : [ 0.05, 1 ]
  RHS coefficient range       : [ 1.60848e-08, 1 ]
Objective value for Line heur k = 58: 4611532.134199385
32
Actual reward of current solution: 43968672.26444298
Minimum Difference with past solutions:0.0.
New solution equals old solution at k=58
31
Total Reward at the start of the inner iterations: 43968672.26444298
Gurobi status: 2

Statistics for model Linearization Heuristic :
  Linear constraint matrix    : 6561 Constrs, 4050 Vars, 1042027 NZs
  Matrix coefficient range    : [ 1.00075e-13, 1 ]
  Objective coefficient range : [ 5.19858e-22, 1.54025e+08 ]
  Variable bound range        : [ 0.05, 1 ]
  RHS coefficient range       : [ 1.5515e-08, 1 ]
Objective value for Line heur k = 59: 4515694.550042965
31
Actual reward of current solution: 43968672.26444298
Minimum Difference with past solutions:0.0.
New solution equals old solution at k=59
30
Total Reward at the start of the inner iterations: 43968672.26444298
Gurobi status: 2

Statistics for model Linearization Heuristic :
  Linear constraint matrix    : 6396 Constrs, 3960 Vars, 989598 NZs
  Matrix coefficient range    : [ 1.00075e-13, 1 ]
  Objective coefficient range : [ 5.19858e-22, 1.54025e+08 ]
  Variable bound range        : [ 0.05, 1 ]
  RHS coefficient range       : [ 1.49381e-08, 1 ]
Objective value for Line heur k = 60: 4419463.772808841
30
Actual reward of current solution: 43968672.26444298
Minimum Difference with past solutions:0.0.
New solution equals old solution at k=60
29
Total Reward at the start of the inner iterations: 43968672.26444298
Gurobi status: 2

Statistics for model Linearization Heuristic :
  Linear constraint matrix    : 6231 Constrs, 3870 Vars, 938404 NZs
  Matrix coefficient range    : [ 1.00075e-13, 1 ]
  Objective coefficient range : [ 5.19858e-22, 1.54025e+08 ]
  Variable bound range        : [ 0.05, 1 ]
  RHS coefficient range       : [ 1.43596e-08, 1 ]
Objective value for Line heur k = 61: 4322859.454459952
29
Actual reward of current solution: 43968672.26444298
Minimum Difference with past solutions:0.0.
New solution equals old solution at k=61
28
Total Reward at the start of the inner iterations: 43968672.26444298
Gurobi status: 2

Statistics for model Linearization Heuristic :
  Linear constraint matrix    : 6066 Constrs, 3780 Vars, 888446 NZs
  Matrix coefficient range    : [ 1.00075e-13, 1 ]
  Objective coefficient range : [ 5.19858e-22, 1.54025e+08 ]
  Variable bound range        : [ 0.05, 1 ]
  RHS coefficient range       : [ 1.37842e-08, 1 ]
Objective value for Line heur k = 62: 4225900.556406859
28
Actual reward of current solution: 43968672.26444298
Minimum Difference with past solutions:0.0.
New solution equals old solution at k=62
27
Total Reward at the start of the inner iterations: 43968672.26444298
Gurobi status: 2

Statistics for model Linearization Heuristic :
  Linear constraint matrix    : 5901 Constrs, 3690 Vars, 839723 NZs
  Matrix coefficient range    : [ 1.00075e-13, 1 ]
  Objective coefficient range : [ 5.19858e-22, 1.54025e+08 ]
  Variable bound range        : [ 0.05, 1 ]
  RHS coefficient range       : [ 1.32156e-08, 1 ]
Objective value for Line heur k = 63: 4128605.354759383
27
Actual reward of current solution: 43968672.26444298
Minimum Difference with past solutions:0.0.
New solution equals old solution at k=63
26
Total Reward at the start of the inner iterations: 43968672.26444298
Gurobi status: 2

Statistics for model Linearization Heuristic :
  Linear constraint matrix    : 5736 Constrs, 3600 Vars, 792235 NZs
  Matrix coefficient range    : [ 1.00075e-13, 1 ]
  Objective coefficient range : [ 5.19858e-22, 1.54025e+08 ]
  Variable bound range        : [ 0.05, 1 ]
  RHS coefficient range       : [ 1.26567e-08, 1 ]
Objective value for Line heur k = 64: 4030991.44733381
26
Actual reward of current solution: 43968672.26444298
Minimum Difference with past solutions:0.0.
New solution equals old solution at k=64
25
Total Reward at the start of the inner iterations: 43968672.26444298
Gurobi status: 2

Statistics for model Linearization Heuristic :
  Linear constraint matrix    : 5571 Constrs, 3510 Vars, 745983 NZs
  Matrix coefficient range    : [ 1.00075e-13, 1 ]
  Objective coefficient range : [ 5.19858e-22, 1.54025e+08 ]
  Variable bound range        : [ 0.05, 1 ]
  RHS coefficient range       : [ 1.21099e-08, 1 ]
Objective value for Line heur k = 65: 3933075.7626151936
25
Actual reward of current solution: 43968672.26444298
Minimum Difference with past solutions:0.0.
New solution equals old solution at k=65
24
Total Reward at the start of the inner iterations: 43968672.26444298
Gurobi status: 2

Statistics for model Linearization Heuristic :
  Linear constraint matrix    : 5406 Constrs, 3420 Vars, 700966 NZs
  Matrix coefficient range    : [ 1.00075e-13, 1 ]
  Objective coefficient range : [ 5.19858e-22, 1.54025e+08 ]
  Variable bound range        : [ 0.05, 1 ]
  RHS coefficient range       : [ 1.15769e-08, 1 ]
Objective value for Line heur k = 66: 3834874.570621618
24
Actual reward of current solution: 43968672.26444298
Minimum Difference with past solutions:0.0.
New solution equals old solution at k=66
23
Total Reward at the start of the inner iterations: 43968672.26444298
Gurobi status: 2

Statistics for model Linearization Heuristic :
  Linear constraint matrix    : 5241 Constrs, 3330 Vars, 657186 NZs
  Matrix coefficient range    : [ 1.00075e-13, 1 ]
  Objective coefficient range : [ 5.19858e-22, 1.54025e+08 ]
  Variable bound range        : [ 0.05, 1 ]
  RHS coefficient range       : [ 1.10591e-08, 1 ]
Objective value for Line heur k = 67: 3736403.4954953864
23
Actual reward of current solution: 43968672.26444298
Minimum Difference with past solutions:0.0.
New solution equals old solution at k=67
22
Total Reward at the start of the inner iterations: 43968672.26444298
Gurobi status: 2

Statistics for model Linearization Heuristic :
  Linear constraint matrix    : 5076 Constrs, 3240 Vars, 614641 NZs
  Matrix coefficient range    : [ 1.00075e-13, 1 ]
  Objective coefficient range : [ 5.19858e-22, 1.54025e+08 ]
  Variable bound range        : [ 0.05, 1 ]
  RHS coefficient range       : [ 1.05576e-08, 1 ]
Objective value for Line heur k = 68: 3637677.529595038
22
Actual reward of current solution: 43968672.26444298
Minimum Difference with past solutions:0.0.
New solution equals old solution at k=68
21
Total Reward at the start of the inner iterations: 43968672.26444298
Gurobi status: 2

Statistics for model Linearization Heuristic :
  Linear constraint matrix    : 4911 Constrs, 3150 Vars, 573333 NZs
  Matrix coefficient range    : [ 1.00075e-13, 1 ]
  Objective coefficient range : [ 5.19858e-22, 1.54025e+08 ]
  Variable bound range        : [ 0.05, 1 ]
  RHS coefficient range       : [ 1.00729e-08, 1 ]
Objective value for Line heur k = 69: 3538711.048850135
21
Actual reward of current solution: 43968672.26444298
Minimum Difference with past solutions:0.0.
New solution equals old solution at k=69
20
Total Reward at the start of the inner iterations: 43968672.26444298
Gurobi status: 2

Statistics for model Linearization Heuristic :
  Linear constraint matrix    : 4746 Constrs, 3060 Vars, 533315 NZs
  Matrix coefficient range    : [ 1.00075e-13, 1 ]
  Objective coefficient range : [ 5.19858e-22, 1.54025e+08 ]
  Variable bound range        : [ 0.05, 1 ]
  RHS coefficient range       : [ 9.60561e-09, 0.289971 ]
Objective value for Line heur k = 70: 3439517.8291488504
20
Actual reward of current solution: 43968672.26444298
Minimum Difference with past solutions:0.0.
New solution equals old solution at k=70
19
Total Reward at the start of the inner iterations: 43968672.26444298
Gurobi status: 2

Statistics for model Linearization Heuristic :
  Linear constraint matrix    : 4635 Constrs, 2970 Vars, 494532 NZs
  Matrix coefficient range    : [ 1.00075e-13, 1 ]
  Objective coefficient range : [ 5.19858e-22, 1.54025e+08 ]
  Variable bound range        : [ 0.05, 1 ]
  RHS coefficient range       : [ 9.15581e-09, 1 ]
Objective value for Line heur k = 71: 3340111.0635476215
19
Actual reward of current solution: 43968672.26444298
Minimum Difference with past solutions:0.0.
New solution equals old solution at k=71
18
Total Reward at the start of the inner iterations: 43968672.26444298
Gurobi status: 2

Statistics for model Linearization Heuristic :
  Linear constraint matrix    : 4470 Constrs, 2880 Vars, 456930 NZs
  Matrix coefficient range    : [ 1.00075e-13, 1 ]
  Objective coefficient range : [ 5.19858e-22, 1.54025e+08 ]
  Variable bound range        : [ 0.05, 1 ]
  RHS coefficient range       : [ 8.72359e-09, 1 ]
Objective value for Line heur k = 72: 3240503.3801170075
18
Actual reward of current solution: 43968672.26444298
Minimum Difference with past solutions:0.0.
New solution equals old solution at k=72
17
Total Reward at the start of the inner iterations: 43968672.26444298
Gurobi status: 2

Statistics for model Linearization Heuristic :
  Linear constraint matrix    : 4305 Constrs, 2790 Vars, 420564 NZs
  Matrix coefficient range    : [ 1.00178e-13, 1 ]
  Objective coefficient range : [ 5.19858e-22, 1.54025e+08 ]
  Variable bound range        : [ 0.05, 1 ]
  RHS coefficient range       : [ 8.30885e-09, 1 ]
Objective value for Line heur k = 73: 3140706.860266907
17
Actual reward of current solution: 43968672.26444298
Minimum Difference with past solutions:0.0.
New solution equals old solution at k=73
16
Total Reward at the start of the inner iterations: 43968672.26444298
Gurobi status: 2

Statistics for model Linearization Heuristic :
  Linear constraint matrix    : 4140 Constrs, 2700 Vars, 385434 NZs
  Matrix coefficient range    : [ 1.00178e-13, 1 ]
  Objective coefficient range : [ 5.19858e-22, 1.54025e+08 ]
  Variable bound range        : [ 0.05, 1 ]
  RHS coefficient range       : [ 7.91138e-09, 1 ]
Objective value for Line heur k = 74: 3040733.0574280503
16
Actual reward of current solution: 43968672.26444298
Minimum Difference with past solutions:0.0.
New solution equals old solution at k=74
15
Total Reward at the start of the inner iterations: 43968672.26444298
Gurobi status: 2

Statistics for model Linearization Heuristic :
  Linear constraint matrix    : 3975 Constrs, 2610 Vars, 351539 NZs
  Matrix coefficient range    : [ 1.00178e-13, 1 ]
  Objective coefficient range : [ 5.19858e-22, 1.54025e+08 ]
  Variable bound range        : [ 0.05, 1 ]
  RHS coefficient range       : [ 7.38722e-09, 1 ]
Objective value for Line heur k = 75: 2940593.0160083477
15
Actual reward of current solution: 43968672.26444298
Minimum Difference with past solutions:0.0.
New solution equals old solution at k=75
14
Total Reward at the start of the inner iterations: 43968672.26444298
Gurobi status: 2

Statistics for model Linearization Heuristic :
  Linear constraint matrix    : 3810 Constrs, 2520 Vars, 318880 NZs
  Matrix coefficient range    : [ 1.00178e-13, 1 ]
  Objective coefficient range : [ 5.19858e-22, 1.54025e+08 ]
  Variable bound range        : [ 0.05, 1 ]
  RHS coefficient range       : [ 5.59325e-09, 1 ]
Objective value for Line heur k = 76: 2840297.2905984153
14
Actual reward of current solution: 43968672.26444298
Minimum Difference with past solutions:0.0.
New solution equals old solution at k=76
13
Total Reward at the start of the inner iterations: 43968672.26444298
Gurobi status: 2

Statistics for model Linearization Heuristic :
  Linear constraint matrix    : 3645 Constrs, 2430 Vars, 287457 NZs
  Matrix coefficient range    : [ 1.00178e-13, 1 ]
  Objective coefficient range : [ 5.19858e-22, 1.54025e+08 ]
  Variable bound range        : [ 0.05, 1 ]
  RHS coefficient range       : [ 7.74639e-10, 1 ]
Objective value for Line heur k = 77: 2739855.965482317
13
Actual reward of current solution: 43968672.26444298
Minimum Difference with past solutions:0.0.
New solution equals old solution at k=77
12
Total Reward at the start of the inner iterations: 43968672.26444298
Gurobi status: 2

Statistics for model Linearization Heuristic :
  Linear constraint matrix    : 3480 Constrs, 2340 Vars, 257270 NZs
  Matrix coefficient range    : [ 1.00178e-13, 1 ]
  Objective coefficient range : [ 5.19858e-22, 1.54025e+08 ]
  Variable bound range        : [ 0.05, 1 ]
  RHS coefficient range       : [ 1.17231e-09, 1 ]
Objective value for Line heur k = 78: 2639278.674637458
12
Actual reward of current solution: 43968672.26444298
Minimum Difference with past solutions:0.0.
New solution equals old solution at k=78
11
Total Reward at the start of the inner iterations: 43968672.26444298
Gurobi status: 2

Statistics for model Linearization Heuristic :
  Linear constraint matrix    : 3315 Constrs, 2250 Vars, 228319 NZs
  Matrix coefficient range    : [ 1.00178e-13, 1 ]
  Objective coefficient range : [ 5.19858e-22, 1.54025e+08 ]
  Variable bound range        : [ 0.05, 1 ]
  RHS coefficient range       : [ 3.02774e-12, 1 ]
Objective value for Line heur k = 79: 2538574.622617207
11
Actual reward of current solution: 43968672.26444298
Minimum Difference with past solutions:0.0.
New solution equals old solution at k=79
10
Total Reward at the start of the inner iterations: 43968672.26444298
Gurobi status: 2

Statistics for model Linearization Heuristic :
  Linear constraint matrix    : 3150 Constrs, 2160 Vars, 200604 NZs
  Matrix coefficient range    : [ 1.00178e-13, 1 ]
  Objective coefficient range : [ 1.09936e-21, 1.54025e+08 ]
  Variable bound range        : [ 0.05, 1 ]
  RHS coefficient range       : [ 1.58945e-09, 1 ]
Objective value for Line heur k = 80: 2437752.607062338
10
Actual reward of current solution: 43968672.26444298
Minimum Difference with past solutions:0.0.
New solution equals old solution at k=80
9
Total Reward at the start of the inner iterations: 43968672.26444298
Gurobi status: 2

Statistics for model Linearization Heuristic :
  Linear constraint matrix    : 2985 Constrs, 2070 Vars, 174125 NZs
  Matrix coefficient range    : [ 1.00178e-13, 1 ]
  Objective coefficient range : [ 1.09936e-21, 1.54025e+08 ]
  Variable bound range        : [ 0.05, 1 ]
  RHS coefficient range       : [ 3.39002e-09, 1 ]
Objective value for Line heur k = 81: 2336821.0441896105
9
Actual reward of current solution: 43968672.26444298
Minimum Difference with past solutions:0.0.
New solution equals old solution at k=81
8
Total Reward at the start of the inner iterations: 43968672.26444298
Gurobi status: 2

Statistics for model Linearization Heuristic :
  Linear constraint matrix    : 2820 Constrs, 1980 Vars, 148883 NZs
  Matrix coefficient range    : [ 1.00178e-13, 1 ]
  Objective coefficient range : [ 1.09936e-21, 1.54025e+08 ]
  Variable bound range        : [ 0.05, 1 ]
  RHS coefficient range       : [ 5.19573e-09, 1 ]
Objective value for Line heur k = 82: 2235787.999641939
8
Actual reward of current solution: 43968672.26444298
Minimum Difference with past solutions:0.0.
New solution equals old solution at k=82
7
Total Reward at the start of the inner iterations: 43968672.26444298
Gurobi status: 2

Statistics for model Linearization Heuristic :
  Linear constraint matrix    : 2655 Constrs, 1890 Vars, 124877 NZs
  Matrix coefficient range    : [ 1.00178e-13, 1 ]
  Objective coefficient range : [ 1.09936e-21, 1.54025e+08 ]
  Variable bound range        : [ 0.05, 1 ]
  RHS coefficient range       : [ 7.01037e-09, 1 ]
Objective value for Line heur k = 83: 2134661.2288747705
7
Actual reward of current solution: 43968672.26444298
Minimum Difference with past solutions:0.0.
New solution equals old solution at k=83
6
Total Reward at the start of the inner iterations: 43968672.26444298
Gurobi status: 2

Statistics for model Linearization Heuristic :
  Linear constraint matrix    : 2490 Constrs, 1800 Vars, 102164 NZs
  Matrix coefficient range    : [ 1.00178e-13, 1 ]
  Objective coefficient range : [ 1.09936e-21, 1.54025e+08 ]
  Variable bound range        : [ 0.05, 1 ]
  RHS coefficient range       : [ 8.84047e-09, 0.28986 ]
Objective value for Line heur k = 84: 2033448.2343525242
6
Actual reward of current solution: 43968672.26444298
Minimum Difference with past solutions:0.0.
New solution equals old solution at k=84
5
Total Reward at the start of the inner iterations: 43968672.26444298
Gurobi status: 2

Statistics for model Linearization Heuristic :
  Linear constraint matrix    : 2379 Constrs, 1710 Vars, 80695 NZs
  Matrix coefficient range    : [ 1.00178e-13, 1 ]
  Objective coefficient range : [ 1.09936e-21, 1.54025e+08 ]
  Variable bound range        : [ 0.05, 1 ]
  RHS coefficient range       : [ 1.06974e-08, 1 ]
Objective value for Line heur k = 85: 1932156.35219877
5
Actual reward of current solution: 43968672.26444298
Minimum Difference with past solutions:0.0.
New solution equals old solution at k=85
4
Total Reward at the start of the inner iterations: 43968672.26444298
Gurobi status: 2

Statistics for model Linearization Heuristic :
  Linear constraint matrix    : 2214 Constrs, 1620 Vars, 60425 NZs
  Matrix coefficient range    : [ 1.00178e-13, 1 ]
  Objective coefficient range : [ 1.09936e-21, 1.54025e+08 ]
  Variable bound range        : [ 0.05, 1 ]
  RHS coefficient range       : [ 1.26009e-08, 1 ]
Objective value for Line heur k = 86: 1830792.8902528007
4
Actual reward of current solution: 43968672.26444298
Minimum Difference with past solutions:0.0.
New solution equals old solution at k=86
3
Total Reward at the start of the inner iterations: 43968672.26444298
Gurobi status: 2

Statistics for model Linearization Heuristic :
  Linear constraint matrix    : 2049 Constrs, 1530 Vars, 41451 NZs
  Matrix coefficient range    : [ 1.00178e-13, 1 ]
  Objective coefficient range : [ 1.09936e-21, 1.54025e+08 ]
  Variable bound range        : [ 0.05, 1 ]
  RHS coefficient range       : [ 1.45852e-08, 1 ]
Objective value for Line heur k = 87: 1729365.3556252292
3
Actual reward of current solution: 43968672.26444298
Minimum Difference with past solutions:0.0.
New solution equals old solution at k=87
2
Total Reward at the start of the inner iterations: 43968672.26444298
Gurobi status: 2

Statistics for model Linearization Heuristic :
  Linear constraint matrix    : 1884 Constrs, 1440 Vars, 23930 NZs
  Matrix coefficient range    : [ 1.17615e-13, 1 ]
  Objective coefficient range : [ 1.2931e-21, 1.54025e+08 ]
  Variable bound range        : [ 0.05, 1 ]
  RHS coefficient range       : [ 1.67096e-08, 1 ]
Objective value for Line heur k = 88: 1627881.8378301754
2
Actual reward of current solution: 43968672.26444298
Minimum Difference with past solutions:0.0.
New solution equals old solution at k=88
1
Total Reward at the start of the inner iterations: 43968672.26444298
Gurobi status: 2

Statistics for model Linearization Heuristic :
  Linear constraint matrix    : 1719 Constrs, 1350 Vars, 11838 NZs
  Matrix coefficient range    : [ 1.17615e-13, 1 ]
  Objective coefficient range : [ 1.38778e-17, 1.54025e+08 ]
  Variable bound range        : [ 0.05, 1 ]
  RHS coefficient range       : [ 1.90769e-08, 1 ]
Objective value for Line heur k = 89: 1526351.6620942557
1
Actual reward of current solution: 43968672.26444298
Minimum Difference with past solutions:0.0.
New solution equals old solution at k=89
0
Total Reward at the start of the inner iterations: 43968672.26444298
Gurobi status: 2

Statistics for model Linearization Heuristic :
  Linear constraint matrix    : 1554 Constrs, 1260 Vars, 2709 NZs
  Matrix coefficient range    : [ 0.288979, 1 ]
  Objective coefficient range : [ 1.38778e-17, 1.54025e+08 ]
  Variable bound range        : [ 0.05, 1 ]
  RHS coefficient range       : [ 2.18656e-08, 0.28983 ]
Objective value for Line heur k = 90: 1424786.5115721016
0
Actual reward of current solution: 43968672.26444298
Minimum Difference with past solutions:0.0.
New solution equals old solution at k=90
0
Total Reward at the start of the inner iterations: 43968672.26444298
Gurobi status: 2

Statistics for model Linearization Heuristic :
  Linear constraint matrix    : 1443 Constrs, 1170 Vars, 2457 NZs
  Matrix coefficient range    : [ 0.317935, 1 ]
  Objective coefficient range : [ 1.38778e-17, 1.54025e+08 ]
  Variable bound range        : [ 0.05, 1 ]
  RHS coefficient range       : [ 2.18656e-08, 0.28983 ]
Objective value for Line heur k = 91: 1323016.0389575607
0
Actual reward of current solution: 43968672.26444298
Minimum Difference with past solutions:0.0.
New solution equals old solution at k=91
0
Total Reward at the start of the inner iterations: 43968672.26444298
Gurobi status: 2

Statistics for model Linearization Heuristic :
  Linear constraint matrix    : 1332 Constrs, 1080 Vars, 2214 NZs
  Matrix coefficient range    : [ 0.349792, 1 ]
  Objective coefficient range : [ 1.38778e-17, 1.54025e+08 ]
  Variable bound range        : [ 0.05, 1 ]
  RHS coefficient range       : [ 2.18656e-08, 0.28983 ]
Objective value for Line heur k = 92: 1221245.5680589967
0
Actual reward of current solution: 43968672.26444298
Minimum Difference with past solutions:0.0.
New solution equals old solution at k=92
0
Total Reward at the start of the inner iterations: 43968672.26444298
Gurobi status: 2

Statistics for model Linearization Heuristic :
  Linear constraint matrix    : 1221 Constrs, 990 Vars, 1980 NZs
  Matrix coefficient range    : [ 0.384842, 1 ]
  Objective coefficient range : [ 1.38778e-17, 1.54025e+08 ]
  Variable bound range        : [ 0.05, 1 ]
  RHS coefficient range       : [ 2.18656e-08, 0.28983 ]
Objective value for Line heur k = 93: 1119475.0987939707
0
Actual reward of current solution: 43968672.26444298
Minimum Difference with past solutions:0.0.
New solution equals old solution at k=93
0
Total Reward at the start of the inner iterations: 43968672.26444298
Gurobi status: 2

Statistics for model Linearization Heuristic :
  Linear constraint matrix    : 1110 Constrs, 900 Vars, 1755 NZs
  Matrix coefficient range    : [ 0.423403, 1 ]
  Objective coefficient range : [ 1.38778e-17, 1.54025e+08 ]
  Variable bound range        : [ 0.05, 1 ]
  RHS coefficient range       : [ 2.18656e-08, 0.28983 ]
Objective value for Line heur k = 94: 1017704.6310139982
0
Actual reward of current solution: 43968672.26444298
Minimum Difference with past solutions:0.0.
New solution equals old solution at k=94
0
Total Reward at the start of the inner iterations: 43968672.26444298
Gurobi status: 2

Statistics for model Linearization Heuristic :
  Linear constraint matrix    : 999 Constrs, 810 Vars, 1539 NZs
  Matrix coefficient range    : [ 0.465828, 1 ]
  Objective coefficient range : [ 1.38778e-17, 1.54025e+08 ]
  Variable bound range        : [ 0.05, 1 ]
  RHS coefficient range       : [ 2.18656e-08, 0.28983 ]
Objective value for Line heur k = 95: 915934.1645427555
0
Actual reward of current solution: 43968672.26444298
Minimum Difference with past solutions:0.0.
New solution equals old solution at k=95
0
Total Reward at the start of the inner iterations: 43968672.26444298
Gurobi status: 2

Statistics for model Linearization Heuristic :
  Linear constraint matrix    : 888 Constrs, 720 Vars, 1332 NZs
  Matrix coefficient range    : [ 0.512504, 1 ]
  Objective coefficient range : [ 1.38778e-17, 1.54025e+08 ]
  Variable bound range        : [ 0.05, 1 ]
  RHS coefficient range       : [ 2.18656e-08, 0.28983 ]
Objective value for Line heur k = 96: 814163.6991992592
0
Actual reward of current solution: 43968672.26444298
Minimum Difference with past solutions:0.0.
New solution equals old solution at k=96
0
Total Reward at the start of the inner iterations: 43968672.26444298
Gurobi status: 2

Statistics for model Linearization Heuristic :
  Linear constraint matrix    : 777 Constrs, 630 Vars, 1134 NZs
  Matrix coefficient range    : [ 0.563857, 1 ]
  Objective coefficient range : [ 1.38778e-17, 1.54025e+08 ]
  Variable bound range        : [ 0.05, 1 ]
  RHS coefficient range       : [ 2.18656e-08, 0.28983 ]
Objective value for Line heur k = 97: 712393.2348112212
0
Actual reward of current solution: 43968672.26444298
Minimum Difference with past solutions:0.0.
New solution equals old solution at k=97
0
Total Reward at the start of the inner iterations: 43968672.26444298
Gurobi status: 2

Statistics for model Linearization Heuristic :
  Linear constraint matrix    : 666 Constrs, 540 Vars, 945 NZs
  Matrix coefficient range    : [ 0.620356, 1 ]
  Objective coefficient range : [ 1.38778e-17, 1.54025e+08 ]
  Variable bound range        : [ 0.05, 1 ]
  RHS coefficient range       : [ 2.18656e-08, 0.28983 ]
Objective value for Line heur k = 98: 610622.7712220126
0
Actual reward of current solution: 43968672.26444298
Minimum Difference with past solutions:0.0.
New solution equals old solution at k=98
0
Total Reward at the start of the inner iterations: 43968672.26444298
Gurobi status: 2

Statistics for model Linearization Heuristic :
  Linear constraint matrix    : 555 Constrs, 450 Vars, 765 NZs
  Matrix coefficient range    : [ 0.682516, 1 ]
  Objective coefficient range : [ 1.38778e-17, 1.54025e+08 ]
  Variable bound range        : [ 0.05, 1 ]
  RHS coefficient range       : [ 2.18656e-08, 0.28983 ]
Objective value for Line heur k = 99: 508852.30829360447
0
Actual reward of current solution: 43968672.26444298
Minimum Difference with past solutions:0.0.
New solution equals old solution at k=99
0
Total Reward at the start of the inner iterations: 43968672.26444298
Gurobi status: 2

Statistics for model Linearization Heuristic :
  Linear constraint matrix    : 444 Constrs, 360 Vars, 594 NZs
  Matrix coefficient range    : [ 0.750904, 1 ]
  Objective coefficient range : [ 1.38778e-17, 1.54025e+08 ]
  Variable bound range        : [ 0.05, 1 ]
  RHS coefficient range       : [ 2.18656e-08, 0.28983 ]
Objective value for Line heur k = 100: 407081.8459070548
0
Actual reward of current solution: 43968672.26444298
Minimum Difference with past solutions:0.0.
New solution equals old solution at k=100
0
Total Reward at the start of the inner iterations: 43968672.26444298
Gurobi status: 2

Statistics for model Linearization Heuristic :
  Linear constraint matrix    : 333 Constrs, 270 Vars, 432 NZs
  Matrix coefficient range    : [ 0.826145, 1 ]
  Objective coefficient range : [ 1.38778e-17, 1.54025e+08 ]
  Variable bound range        : [ 0.05, 1 ]
  RHS coefficient range       : [ 2.18656e-08, 0.28983 ]
Objective value for Line heur k = 101: 305311.3839615936
0
Actual reward of current solution: 43968672.26444298
Minimum Difference with past solutions:0.0.
New solution equals old solution at k=101
0
Total Reward at the start of the inner iterations: 43968672.26444298
Gurobi status: 2

Statistics for model Linearization Heuristic :
  Linear constraint matrix    : 222 Constrs, 180 Vars, 279 NZs
  Matrix coefficient range    : [ 0.908925, 1 ]
  Objective coefficient range : [ 0.000162783, 1.54025e+08 ]
  Variable bound range        : [ 0.05, 1 ]
  RHS coefficient range       : [ 2.18656e-08, 0.28983 ]
Objective value for Line heur k = 102: 203540.92237296968
0
Actual reward of current solution: 43968672.26444298
Minimum Difference with past solutions:0.0.
New solution equals old solution at k=102
0
Total Reward at the start of the inner iterations: 43968672.26444298
Gurobi status: 2

Statistics for model Linearization Heuristic :
  Linear constraint matrix    : 111 Constrs, 90 Vars, 135 NZs
  Matrix coefficient range    : [ 1, 1 ]
  Objective coefficient range : [ 200.951, 1.54025e+08 ]
  Variable bound range        : [ 0.05, 1 ]
  RHS coefficient range       : [ 2.18656e-08, 0.28983 ]
Objective value for Line heur k = 103: 101770.46107148827
0
Actual reward of current solution: 43968672.26444298
Minimum Difference with past solutions:0.0.
New solution equals old solution at k=103
Total running time for 90 days is 1393.1414239406586
Economic Value: 60257231.104351684
Deaths 0.10917927532837493
Total Reward 43968672.26444298
