{'groups': 'all', 'params_to_try': {'delta_schooling': [0.5], 'xi': [0, 371990.3, 929975.75, 1859951.5, 3719903, 5579854.5], 'icus': [2900], 'tests': [[60000, 0]], 'testing': ['homogeneous'], 'eta': [0.1]}}
{'groups': 'all', 'params_to_try': {'delta_schooling': [0.5], 'xi': [0, 371990.3, 929975.75, 1859951.5, 3719903, 5579854.5], 'icus': [2900], 'tests': [[60000, 0]], 'testing': ['homogeneous'], 'eta': [0.1]}}
{'groups': 'all', 'params_to_try': {'delta_schooling': [0.6862541570267026], 'icus': [2900], 'eta': [0.18112793523490414], 'tests': [[0, 0]], 'xi': [11159709.0], 'testing': ['homogeneous']}}
results/time_gradient/xi-11159709_icus-2900_testing-homogeneous_natests-0_nmtests-0_T-90_startday-0_groups-all_dschool-0.686254_eta-0.181128_freq-90-14_initParamVarying-multiplier_beta_randomInstance-20.yaml
{'groups': 'all', 'params_to_try': {'delta_schooling': [0.5], 'xi': [0, 371990.3, 929975.75, 1859951.5, 3719903, 5579854.5], 'icus': [2900], 'tests': [[60000, 0]], 'testing': ['homogeneous'], 'eta': [0.1]}}
{'groups': 'all', 'params_to_try': {'delta_schooling': [0.5], 'xi': [0, 371990.3, 929975.75, 1859951.5, 3719903, 5579854.5], 'icus': [2900], 'tests': [[60000, 0]], 'testing': ['homogeneous'], 'eta': [0.1]}}
{'groups': 'all', 'params_to_try': {'delta_schooling': [0.6862541570267026], 'icus': [2900], 'eta': [0.18112793523490414], 'tests': [[0, 0]], 'xi': [11159709.0], 'testing': ['homogeneous']}}
results/dynamic_gradient/xi-11159709_icus-2900_testing-homogeneous_natests-0_nmtests-0_T-90_startday-0_groups-all_dschool-0.686254_eta-0.181128_freq-90-14_initParamVarying-multiplier_beta_randomInstance-20.yaml
500
(0.5, 111597090.0, 0.29, 0.0, (7, 14), 'fitted-scaled', 'econ-scaled', 'oct21-scaled', 0.1, 0.05, 2, 'dynamic_gradient', 20, 'multiplier_beta')
The value of T is: 104
Missing starting point -- Running the initial heuristic.
/home/groups/daniancu/covid-optimization/covid-optimization
90
Total Reward at the start of the inner iterations: 52757744.36316256
Using license file /share/software/user/restricted/gurobi/9.0.3_py36/licenses/gurobi.lic
Set parameter TokenServer to value license4.stanford.edu
Gurobi status: 2

Statistics for model Linearization Heuristic :
  Linear constraint matrix    : 16026 Constrs, 9360 Vars, 5974171 NZs
  Matrix coefficient range    : [ 1.00205e-13, 1 ]
  Objective coefficient range : [ 9.03326e-22, 1.16826e+08 ]
  Variable bound range        : [ 0.05, 1 ]
  RHS coefficient range       : [ 7.69611e-08, 0.296814 ]
Objective value for Line heur k = 0: 26178420.133834187
90
Actual reward of current solution: 52348578.971249245
Minimum Difference with past solutions:0.050000000000000044.
Gurobi status: 2

Statistics for model Linearization Heuristic :
  Linear constraint matrix    : 16026 Constrs, 9360 Vars, 6321608 NZs
  Matrix coefficient range    : [ 1.00007e-13, 1 ]
  Objective coefficient range : [ 8.48105e-21, 1.16826e+08 ]
  Variable bound range        : [ 0.05, 1 ]
  RHS coefficient range       : [ 3.37107e-07, 0.298303 ]
Objective value for Line heur k = 0: 25467749.796353497
90
Actual reward of current solution: 52888710.34257731
Minimum Difference with past solutions:0.050000000000000044.
Gurobi status: 2

Statistics for model Linearization Heuristic :
  Linear constraint matrix    : 16026 Constrs, 9360 Vars, 5974172 NZs
  Matrix coefficient range    : [ 1.00085e-13, 1 ]
  Objective coefficient range : [ 2.83511e-22, 1.16826e+08 ]
  Variable bound range        : [ 0.05, 1 ]
  RHS coefficient range       : [ 9.3803e-08, 0.296872 ]
Objective value for Line heur k = 0: 26329378.257843718
90
Actual reward of current solution: 52472318.93371778
Minimum Difference with past solutions:0.050000000000000044.
Gurobi status: 2

Statistics for model Linearization Heuristic :
  Linear constraint matrix    : 16026 Constrs, 9360 Vars, 6321609 NZs
  Matrix coefficient range    : [ 1.00167e-13, 1 ]
  Objective coefficient range : [ 1.03607e-20, 1.16826e+08 ]
  Variable bound range        : [ 0.05, 1 ]
  RHS coefficient range       : [ 3.39137e-07, 0.298389 ]
Objective value for Line heur k = 0: 25606760.250869934
90
Actual reward of current solution: 53020325.56798727
Minimum Difference with past solutions:0.050000000000000044.
Gurobi status: 2

Statistics for model Linearization Heuristic :
  Linear constraint matrix    : 16026 Constrs, 9360 Vars, 5974174 NZs
  Matrix coefficient range    : [ 1.00032e-13, 1 ]
  Objective coefficient range : [ 5.62943e-21, 1.16826e+08 ]
  Variable bound range        : [ 0.05, 1 ]
  RHS coefficient range       : [ 1.09699e-07, 0.296928 ]
Objective value for Line heur k = 0: 26481771.483178027
90
Actual reward of current solution: 52597063.88672515
Minimum Difference with past solutions:0.050000000000000044.
Gurobi status: 2

Statistics for model Linearization Heuristic :
  Linear constraint matrix    : 16026 Constrs, 9360 Vars, 6321610 NZs
  Matrix coefficient range    : [ 1.00487e-13, 1 ]
  Objective coefficient range : [ 4.05404e-21, 1.16826e+08 ]
  Variable bound range        : [ 0.05, 1 ]
  RHS coefficient range       : [ 3.41071e-07, 0.298471 ]
Objective value for Line heur k = 0: 25743628.1241144
90
Actual reward of current solution: 53151862.080821015
Minimum Difference with past solutions:0.050000000000000044.
Gurobi status: 2

Statistics for model Linearization Heuristic :
  Linear constraint matrix    : 16026 Constrs, 9360 Vars, 5974176 NZs
  Matrix coefficient range    : [ 1.00008e-13, 1 ]
  Objective coefficient range : [ 1.88521e-21, 1.16826e+08 ]
  Variable bound range        : [ 0.05, 1 ]
  RHS coefficient range       : [ 1.23367e-07, 0.29698 ]
Objective value for Line heur k = 0: 26617352.96430838
90
Actual reward of current solution: 52722771.72572872
Minimum Difference with past solutions:0.050000000000000044.
Gurobi status: 2

Statistics for model Linearization Heuristic :
  Linear constraint matrix    : 16026 Constrs, 9360 Vars, 6321611 NZs
  Matrix coefficient range    : [ 1.00173e-13, 1 ]
  Objective coefficient range : [ 9.28551e-21, 1.16826e+08 ]
  Variable bound range        : [ 0.05, 1 ]
  RHS coefficient range       : [ 3.42392e-07, 0.298525 ]
Objective value for Line heur k = 0: 25866796.951669138
90
Actual reward of current solution: 53280117.086303994
Minimum Difference with past solutions:0.050000000000000044.
Gurobi status: 2

Statistics for model Linearization Heuristic :
  Linear constraint matrix    : 16026 Constrs, 9360 Vars, 5974177 NZs
  Matrix coefficient range    : [ 1.0009e-13, 1 ]
  Objective coefficient range : [ 4.30842e-21, 1.16826e+08 ]
  Variable bound range        : [ 0.05, 1 ]
  RHS coefficient range       : [ 1.34267e-07, 0.296999 ]
Objective value for Line heur k = 0: 26746707.42722664
90
Actual reward of current solution: 52848881.11706647
Minimum Difference with past solutions:0.050000000000000044.
Gurobi status: 2

Statistics for model Linearization Heuristic :
  Linear constraint matrix    : 16026 Constrs, 9360 Vars, 6321611 NZs
  Matrix coefficient range    : [ 1.00289e-13, 1 ]
  Objective coefficient range : [ 8.9691e-22, 1.16826e+08 ]
  Variable bound range        : [ 0.05, 1 ]
  RHS coefficient range       : [ 3.42789e-07, 0.298539 ]
Objective value for Line heur k = 0: 25991893.241486456
90
Actual reward of current solution: 53406861.57420868
Minimum Difference with past solutions:0.05.
Gurobi status: 2

Statistics for model Linearization Heuristic :
  Linear constraint matrix    : 16026 Constrs, 9360 Vars, 5974177 NZs
  Matrix coefficient range    : [ 1.00123e-13, 1 ]
  Objective coefficient range : [ 4.73799e-21, 1.16826e+08 ]
  Variable bound range        : [ 0.05, 1 ]
  RHS coefficient range       : [ 1.37076e-07, 0.297002 ]
Objective value for Line heur k = 0: 26871952.08879094
90
Actual reward of current solution: 52975163.69781276
Minimum Difference with past solutions:0.05.
Gurobi status: 2

Statistics for model Linearization Heuristic :
  Linear constraint matrix    : 16026 Constrs, 9360 Vars, 6321611 NZs
  Matrix coefficient range    : [ 1.00289e-13, 1 ]
  Objective coefficient range : [ 2.7211e-21, 1.16826e+08 ]
  Variable bound range        : [ 0.05, 1 ]
  RHS coefficient range       : [ 3.42789e-07, 0.298539 ]
Objective value for Line heur k = 0: 26118153.236768868
90
Actual reward of current solution: 53533146.164300784
Minimum Difference with past solutions:0.05.
Gurobi status: 2

Statistics for model Linearization Heuristic :
  Linear constraint matrix    : 16026 Constrs, 9360 Vars, 5974177 NZs
  Matrix coefficient range    : [ 1.00123e-13, 1 ]
  Objective coefficient range : [ 4.36225e-21, 1.16826e+08 ]
  Variable bound range        : [ 0.05, 1 ]
  RHS coefficient range       : [ 1.37076e-07, 0.297002 ]
Objective value for Line heur k = 0: 26998216.97182209
90
Actual reward of current solution: 53101446.278559044
Minimum Difference with past solutions:0.05.
Gurobi status: 2

Statistics for model Linearization Heuristic :
  Linear constraint matrix    : 16026 Constrs, 9360 Vars, 6321611 NZs
  Matrix coefficient range    : [ 1.00289e-13, 1 ]
  Objective coefficient range : [ 2.73901e-21, 1.16826e+08 ]
  Variable bound range        : [ 0.05, 1 ]
  RHS coefficient range       : [ 3.42789e-07, 0.298539 ]
Objective value for Line heur k = 0: 26244413.232051276
90
Actual reward of current solution: 53659430.754392855
Minimum Difference with past solutions:0.05.
Gurobi status: 2

Statistics for model Linearization Heuristic :
  Linear constraint matrix    : 16026 Constrs, 9360 Vars, 5974177 NZs
  Matrix coefficient range    : [ 1.00123e-13, 1 ]
  Objective coefficient range : [ 3.68141e-21, 1.16826e+08 ]
  Variable bound range        : [ 0.05, 1 ]
  RHS coefficient range       : [ 1.37076e-07, 0.297002 ]
Objective value for Line heur k = 0: 27124481.85485332
90
Actual reward of current solution: 53227728.85930533
Minimum Difference with past solutions:0.05.
Gurobi status: 2

Statistics for model Linearization Heuristic :
  Linear constraint matrix    : 16026 Constrs, 9360 Vars, 6321611 NZs
  Matrix coefficient range    : [ 1.00289e-13, 1 ]
  Objective coefficient range : [ 1.55404e-21, 1.16826e+08 ]
  Variable bound range        : [ 0.05, 1 ]
  RHS coefficient range       : [ 3.42789e-07, 0.298539 ]
Objective value for Line heur k = 0: 26370673.22733384
90
Actual reward of current solution: 53785715.344484955
Minimum Difference with past solutions:0.05.
Gurobi status: 2

Statistics for model Linearization Heuristic :
  Linear constraint matrix    : 16026 Constrs, 9360 Vars, 5974177 NZs
  Matrix coefficient range    : [ 1.00123e-13, 1 ]
  Objective coefficient range : [ 3.00056e-21, 1.16826e+08 ]
  Variable bound range        : [ 0.05, 1 ]
  RHS coefficient range       : [ 1.37076e-07, 0.297002 ]
Objective value for Line heur k = 0: 27250746.73788459
90
Actual reward of current solution: 53354011.44005159
Minimum Difference with past solutions:0.05.
Gurobi status: 2

Statistics for model Linearization Heuristic :
  Linear constraint matrix    : 16026 Constrs, 9360 Vars, 6321611 NZs
  Matrix coefficient range    : [ 1.00289e-13, 1 ]
  Objective coefficient range : [ 2.77483e-21, 1.16826e+08 ]
  Variable bound range        : [ 0.05, 1 ]
  RHS coefficient range       : [ 3.42789e-07, 0.298539 ]
Objective value for Line heur k = 0: 26496933.222616363
90
Actual reward of current solution: 53911999.93457703
Minimum Difference with past solutions:0.05.
Gurobi status: 2

Statistics for model Linearization Heuristic :
  Linear constraint matrix    : 16026 Constrs, 9360 Vars, 5974177 NZs
  Matrix coefficient range    : [ 1.00123e-13, 1 ]
  Objective coefficient range : [ 2.31971e-21, 1.16826e+08 ]
  Variable bound range        : [ 0.05, 1 ]
  RHS coefficient range       : [ 1.37076e-07, 0.297002 ]
Objective value for Line heur k = 0: 27377011.62091575
90
Actual reward of current solution: 53480294.02079787
Minimum Difference with past solutions:0.05.
Gurobi status: 2

Statistics for model Linearization Heuristic :
  Linear constraint matrix    : 16026 Constrs, 9360 Vars, 6321611 NZs
  Matrix coefficient range    : [ 1.00289e-13, 1 ]
  Objective coefficient range : [ 2.79274e-21, 1.16826e+08 ]
  Variable bound range        : [ 0.05, 1 ]
  RHS coefficient range       : [ 3.42789e-07, 0.298539 ]
Objective value for Line heur k = 0: 26623193.217898853
90
Actual reward of current solution: 54038284.52466915
Minimum Difference with past solutions:0.05.
Gurobi status: 2

Statistics for model Linearization Heuristic :
  Linear constraint matrix    : 16026 Constrs, 9360 Vars, 5974177 NZs
  Matrix coefficient range    : [ 1.00123e-13, 1 ]
  Objective coefficient range : [ 1.63887e-21, 1.16826e+08 ]
  Variable bound range        : [ 0.05, 1 ]
  RHS coefficient range       : [ 1.37076e-07, 0.297002 ]
Objective value for Line heur k = 0: 27440134.206576746
90
Actual reward of current solution: 53543435.31117103
Minimum Difference with past solutions:0.049999999999999684.
Gurobi status: 2

Statistics for model Linearization Heuristic :
  Linear constraint matrix    : 16026 Constrs, 9360 Vars, 6321611 NZs
  Matrix coefficient range    : [ 1.00289e-13, 1 ]
  Objective coefficient range : [ 2.8017e-21, 1.16826e+08 ]
  Variable bound range        : [ 0.05, 1 ]
  RHS coefficient range       : [ 3.42789e-07, 0.298539 ]
Objective value for Line heur k = 0: 26623181.922511622
90
Actual reward of current solution: 54038284.52466915
Minimum Difference with past solutions:0.0.
New solution equals old solution at k=0
89
Total Reward at the start of the inner iterations: 54038284.52466915
Gurobi status: 2

Statistics for model Linearization Heuristic :
  Linear constraint matrix    : 15915 Constrs, 9270 Vars, 5870388 NZs
  Matrix coefficient range    : [ 1.00123e-13, 1 ]
  Objective coefficient range : [ 1.63887e-21, 1.16826e+08 ]
  Variable bound range        : [ 0.05, 1 ]
  RHS coefficient range       : [ 2.72398e-07, 1 ]
Objective value for Line heur k = 1: 27355343.9195658
89
Actual reward of current solution: 53935830.32980257
Minimum Difference with past solutions:0.05.
Gurobi status: 2

Statistics for model Linearization Heuristic :
  Linear constraint matrix    : 15915 Constrs, 9270 Vars, 5936452 NZs
  Matrix coefficient range    : [ 1.00685e-13, 1 ]
  Objective coefficient range : [ 8.2402e-22, 1.16826e+08 ]
  Variable bound range        : [ 0.05, 1 ]
  RHS coefficient range       : [ 2.84502e-07, 1 ]
Objective value for Line heur k = 1: 27105886.514442176
89
Actual reward of current solution: 54038284.52466915
Minimum Difference with past solutions:0.0.
New solution equals old solution at k=1
88
Total Reward at the start of the inner iterations: 54038284.52466915
Gurobi status: 2

Statistics for model Linearization Heuristic :
  Linear constraint matrix    : 15750 Constrs, 9180 Vars, 5767571 NZs
  Matrix coefficient range    : [ 1.00123e-13, 1 ]
  Objective coefficient range : [ 1.63887e-21, 1.16826e+08 ]
  Variable bound range        : [ 0.05, 1 ]
  RHS coefficient range       : [ 1.8982e-09, 1 ]
Objective value for Line heur k = 2: 27354279.11750925
88
Actual reward of current solution: 53935830.32980257
Minimum Difference with past solutions:0.05.
Gurobi status: 2

Statistics for model Linearization Heuristic :
  Linear constraint matrix    : 15750 Constrs, 9180 Vars, 5833635 NZs
  Matrix coefficient range    : [ 1.00685e-13, 1 ]
  Objective coefficient range : [ 8.2402e-22, 1.16826e+08 ]
  Variable bound range        : [ 0.05, 1 ]
  RHS coefficient range       : [ 1.48661e-07, 1 ]
Objective value for Line heur k = 2: 27110691.844367594
88
Actual reward of current solution: 54038284.52466915
Minimum Difference with past solutions:0.0.
New solution equals old solution at k=2
87
Total Reward at the start of the inner iterations: 54038284.52466915
Gurobi status: 2

Statistics for model Linearization Heuristic :
  Linear constraint matrix    : 15585 Constrs, 9090 Vars, 5665780 NZs
  Matrix coefficient range    : [ 1.00123e-13, 1 ]
  Objective coefficient range : [ 1.63887e-21, 1.16826e+08 ]
  Variable bound range        : [ 0.05, 1 ]
  RHS coefficient range       : [ 2.85011e-07, 1 ]
Objective value for Line heur k = 3: 27349245.527818795
87
Actual reward of current solution: 53935830.32980257
Minimum Difference with past solutions:0.05.
Gurobi status: 2

Statistics for model Linearization Heuristic :
  Linear constraint matrix    : 15585 Constrs, 9090 Vars, 5731844 NZs
  Matrix coefficient range    : [ 1.00685e-13, 1 ]
  Objective coefficient range : [ 8.2402e-22, 1.16826e+08 ]
  Variable bound range        : [ 0.05, 1 ]
  RHS coefficient range       : [ 3.03811e-07, 1 ]
Objective value for Line heur k = 3: 27111907.944992036
87
Actual reward of current solution: 54038284.52466915
Minimum Difference with past solutions:0.0.
New solution equals old solution at k=3
86
Total Reward at the start of the inner iterations: 54038284.52466915
Gurobi status: 2

Statistics for model Linearization Heuristic :
  Linear constraint matrix    : 15420 Constrs, 9000 Vars, 5565015 NZs
  Matrix coefficient range    : [ 1.00123e-13, 1 ]
  Objective coefficient range : [ 1.63887e-21, 1.16826e+08 ]
  Variable bound range        : [ 0.05, 1 ]
  RHS coefficient range       : [ 2.61357e-07, 1 ]
Objective value for Line heur k = 4: 27335476.661426555
86
Actual reward of current solution: 53935830.32980257
Minimum Difference with past solutions:0.05.
Gurobi status: 2

Statistics for model Linearization Heuristic :
  Linear constraint matrix    : 15420 Constrs, 9000 Vars, 5631079 NZs
  Matrix coefficient range    : [ 1.00685e-13, 1 ]
  Objective coefficient range : [ 8.2402e-22, 1.16826e+08 ]
  Variable bound range        : [ 0.05, 1 ]
  RHS coefficient range       : [ 2.97383e-07, 1 ]
Objective value for Line heur k = 4: 27104636.21155885
86
Actual reward of current solution: 54038284.52466915
Minimum Difference with past solutions:0.0.
New solution equals old solution at k=4
85
Total Reward at the start of the inner iterations: 54038284.52466915
Gurobi status: 2

Statistics for model Linearization Heuristic :
  Linear constraint matrix    : 15255 Constrs, 8910 Vars, 5465276 NZs
  Matrix coefficient range    : [ 1.00123e-13, 1 ]
  Objective coefficient range : [ 1.63887e-21, 1.16826e+08 ]
  Variable bound range        : [ 0.05, 1 ]
  RHS coefficient range       : [ 2.94861e-08, 1 ]
Objective value for Line heur k = 5: 27310735.081999842
85
Actual reward of current solution: 53935830.32980257
Minimum Difference with past solutions:0.05.
Gurobi status: 2

Statistics for model Linearization Heuristic :
  Linear constraint matrix    : 15255 Constrs, 8910 Vars, 5531340 NZs
  Matrix coefficient range    : [ 1.00685e-13, 1 ]
  Objective coefficient range : [ 8.2402e-22, 1.16826e+08 ]
  Variable bound range        : [ 0.05, 1 ]
  RHS coefficient range       : [ 1.46712e-07, 1 ]
Objective value for Line heur k = 5: 27086548.830422185
85
Actual reward of current solution: 54038284.52466915
Minimum Difference with past solutions:0.0.
New solution equals old solution at k=5
84
Total Reward at the start of the inner iterations: 54038284.52466915
Gurobi status: 2

Statistics for model Linearization Heuristic :
  Linear constraint matrix    : 15090 Constrs, 8820 Vars, 5366563 NZs
  Matrix coefficient range    : [ 1.00123e-13, 1 ]
  Objective coefficient range : [ 1.63887e-21, 1.16826e+08 ]
  Variable bound range        : [ 0.05, 1 ]
  RHS coefficient range       : [ 2.43903e-07, 1 ]
Objective value for Line heur k = 6: 27274243.109064724
84
Actual reward of current solution: 53935830.32980257
Minimum Difference with past solutions:0.05.
Gurobi status: 2

Statistics for model Linearization Heuristic :
  Linear constraint matrix    : 15090 Constrs, 8820 Vars, 5432627 NZs
  Matrix coefficient range    : [ 1.00685e-13, 1 ]
  Objective coefficient range : [ 8.2402e-22, 1.16826e+08 ]
  Variable bound range        : [ 0.05, 1 ]
  RHS coefficient range       : [ 1.15076e-07, 1 ]
Objective value for Line heur k = 6: 27056803.037173606
84
Actual reward of current solution: 54038284.52466915
Minimum Difference with past solutions:0.0.
New solution equals old solution at k=6
83
Total Reward at the start of the inner iterations: 54038284.52466915
Gurobi status: 2

Statistics for model Linearization Heuristic :
  Linear constraint matrix    : 14925 Constrs, 8730 Vars, 5268876 NZs
  Matrix coefficient range    : [ 1.00123e-13, 1 ]
  Objective coefficient range : [ 1.63887e-21, 1.16826e+08 ]
  Variable bound range        : [ 0.05, 1 ]
  RHS coefficient range       : [ 2.57189e-07, 1 ]
Objective value for Line heur k = 7: 27226037.740996484
83
Actual reward of current solution: 53935830.32980257
Minimum Difference with past solutions:0.05.
Gurobi status: 2

Statistics for model Linearization Heuristic :
  Linear constraint matrix    : 14925 Constrs, 8730 Vars, 5334940 NZs
  Matrix coefficient range    : [ 1.00685e-13, 1 ]
  Objective coefficient range : [ 8.2402e-22, 1.16826e+08 ]
  Variable bound range        : [ 0.05, 1 ]
  RHS coefficient range       : [ 2.90873e-07, 1 ]
Objective value for Line heur k = 7: 27015384.6662893
83
Actual reward of current solution: 54038284.52466915
Minimum Difference with past solutions:0.0.
New solution equals old solution at k=7
82
Total Reward at the start of the inner iterations: 54038284.52466915
Gurobi status: 2

Statistics for model Linearization Heuristic :
  Linear constraint matrix    : 14760 Constrs, 8640 Vars, 5172215 NZs
  Matrix coefficient range    : [ 1.00123e-13, 1 ]
  Objective coefficient range : [ 1.63887e-21, 1.16826e+08 ]
  Variable bound range        : [ 0.05, 1 ]
  RHS coefficient range       : [ 2.01023e-07, 1 ]
Objective value for Line heur k = 8: 27166580.629052933
82
Actual reward of current solution: 53935830.32980257
Minimum Difference with past solutions:0.05.
Gurobi status: 2

Statistics for model Linearization Heuristic :
  Linear constraint matrix    : 14760 Constrs, 8640 Vars, 5238279 NZs
  Matrix coefficient range    : [ 1.00685e-13, 1 ]
  Objective coefficient range : [ 8.2402e-22, 1.16826e+08 ]
  Variable bound range        : [ 0.05, 1 ]
  RHS coefficient range       : [ 2.25284e-07, 1 ]
Objective value for Line heur k = 8: 26962709.48636639
82
Actual reward of current solution: 54038284.52466915
Minimum Difference with past solutions:0.0.
New solution equals old solution at k=8
81
Total Reward at the start of the inner iterations: 54038284.52466915
Gurobi status: 2

Statistics for model Linearization Heuristic :
  Linear constraint matrix    : 14595 Constrs, 8550 Vars, 5076580 NZs
  Matrix coefficient range    : [ 1.00123e-13, 1 ]
  Objective coefficient range : [ 1.63887e-21, 1.16826e+08 ]
  Variable bound range        : [ 0.05, 1 ]
  RHS coefficient range       : [ 5.15714e-08, 1 ]
Objective value for Line heur k = 9: 27096519.90723021
81
Actual reward of current solution: 53935830.32980257
Minimum Difference with past solutions:0.05.
Gurobi status: 2

Statistics for model Linearization Heuristic :
  Linear constraint matrix    : 14595 Constrs, 8550 Vars, 5142644 NZs
  Matrix coefficient range    : [ 1.00685e-13, 1 ]
  Objective coefficient range : [ 8.2402e-22, 1.16826e+08 ]
  Variable bound range        : [ 0.05, 1 ]
  RHS coefficient range       : [ 1.4521e-07, 1 ]
Objective value for Line heur k = 9: 26899377.380723022
81
Actual reward of current solution: 54038284.52466915
Minimum Difference with past solutions:0.0.
New solution equals old solution at k=9
80
Total Reward at the start of the inner iterations: 54038284.52466915
Gurobi status: 2

Statistics for model Linearization Heuristic :
  Linear constraint matrix    : 14430 Constrs, 8460 Vars, 4981971 NZs
  Matrix coefficient range    : [ 1.00123e-13, 1 ]
  Objective coefficient range : [ 1.63887e-21, 1.16826e+08 ]
  Variable bound range        : [ 0.05, 1 ]
  RHS coefficient range       : [ 2.26483e-07, 1 ]
Objective value for Line heur k = 10: 27016539.923585568
80
Actual reward of current solution: 53935830.32980257
Minimum Difference with past solutions:0.05.
Gurobi status: 2

Statistics for model Linearization Heuristic :
  Linear constraint matrix    : 14430 Constrs, 8460 Vars, 5048035 NZs
  Matrix coefficient range    : [ 1.00685e-13, 1 ]
  Objective coefficient range : [ 8.2402e-22, 1.16826e+08 ]
  Variable bound range        : [ 0.05, 1 ]
  RHS coefficient range       : [ 1.34417e-07, 1 ]
Objective value for Line heur k = 10: 26826013.884204693
80
Actual reward of current solution: 54038284.52466915
Minimum Difference with past solutions:0.0.
New solution equals old solution at k=10
79
Total Reward at the start of the inner iterations: 54038284.52466915
Gurobi status: 2

Statistics for model Linearization Heuristic :
  Linear constraint matrix    : 14265 Constrs, 8370 Vars, 4888388 NZs
  Matrix coefficient range    : [ 1.00123e-13, 1 ]
  Objective coefficient range : [ 1.63887e-21, 1.16826e+08 ]
  Variable bound range        : [ 0.05, 1 ]
  RHS coefficient range       : [ 9.86764e-08, 1 ]
Objective value for Line heur k = 11: 26927257.77355389
79
Actual reward of current solution: 53935830.32980257
Minimum Difference with past solutions:0.05.
Gurobi status: 2

Statistics for model Linearization Heuristic :
  Linear constraint matrix    : 14265 Constrs, 8370 Vars, 4954452 NZs
  Matrix coefficient range    : [ 1.00685e-13, 1 ]
  Objective coefficient range : [ 8.2402e-22, 1.16826e+08 ]
  Variable bound range        : [ 0.05, 1 ]
  RHS coefficient range       : [ 7.56148e-09, 1 ]
Objective value for Line heur k = 11: 26743156.316431798
79
Actual reward of current solution: 54038284.52466915
Minimum Difference with past solutions:0.0.
New solution equals old solution at k=11
78
Total Reward at the start of the inner iterations: 54038284.52466915
Gurobi status: 2

Statistics for model Linearization Heuristic :
  Linear constraint matrix    : 14100 Constrs, 8280 Vars, 4795831 NZs
  Matrix coefficient range    : [ 1.00123e-13, 1 ]
  Objective coefficient range : [ 1.63887e-21, 1.16826e+08 ]
  Variable bound range        : [ 0.05, 1 ]
  RHS coefficient range       : [ 3.37423e-08, 1 ]
Objective value for Line heur k = 12: 26829138.003028426
78
Actual reward of current solution: 53935830.32980257
Minimum Difference with past solutions:0.05.
Gurobi status: 2

Statistics for model Linearization Heuristic :
  Linear constraint matrix    : 14100 Constrs, 8280 Vars, 4861895 NZs
  Matrix coefficient range    : [ 1.00685e-13, 1 ]
  Objective coefficient range : [ 8.2402e-22, 1.16826e+08 ]
  Variable bound range        : [ 0.05, 1 ]
  RHS coefficient range       : [ 1.54896e-07, 1 ]
Objective value for Line heur k = 12: 26651153.728094287
78
Actual reward of current solution: 54038284.52466915
Minimum Difference with past solutions:0.0.
New solution equals old solution at k=12
77
Total Reward at the start of the inner iterations: 54038284.52466915
Gurobi status: 2

Statistics for model Linearization Heuristic :
  Linear constraint matrix    : 13935 Constrs, 8190 Vars, 4704300 NZs
  Matrix coefficient range    : [ 1.00123e-13, 1 ]
  Objective coefficient range : [ 1.63887e-21, 1.16826e+08 ]
  Variable bound range        : [ 0.05, 1 ]
  RHS coefficient range       : [ 2.32045e-08, 1 ]
Objective value for Line heur k = 13: 26722402.2104677
77
Actual reward of current solution: 53935830.32980257
Minimum Difference with past solutions:0.05.
Gurobi status: 2

Statistics for model Linearization Heuristic :
  Linear constraint matrix    : 13935 Constrs, 8190 Vars, 4770364 NZs
  Matrix coefficient range    : [ 1.00685e-13, 1 ]
  Objective coefficient range : [ 8.2402e-22, 1.16826e+08 ]
  Variable bound range        : [ 0.05, 1 ]
  RHS coefficient range       : [ 1.97595e-08, 1 ]
Objective value for Line heur k = 13: 26550054.26913906
77
Actual reward of current solution: 54038284.52466915
Minimum Difference with past solutions:0.0.
New solution equals old solution at k=13
76
Total Reward at the start of the inner iterations: 54038284.52466915
Gurobi status: 2

Statistics for model Linearization Heuristic :
  Linear constraint matrix    : 13770 Constrs, 8100 Vars, 4613849 NZs
  Matrix coefficient range    : [ 1.00123e-13, 1 ]
  Objective coefficient range : [ 1.63887e-21, 1.16826e+08 ]
  Variable bound range        : [ 0.05, 1 ]
  RHS coefficient range       : [ 3.02164e-08, 0.294262 ]
Objective value for Line heur k = 14: 26606909.99610732
76
Actual reward of current solution: 53935830.32980257
Minimum Difference with past solutions:0.05.
Gurobi status: 2

Statistics for model Linearization Heuristic :
  Linear constraint matrix    : 13770 Constrs, 8100 Vars, 4679913 NZs
  Matrix coefficient range    : [ 1.00685e-13, 1 ]
  Objective coefficient range : [ 8.2402e-22, 1.16826e+08 ]
  Variable bound range        : [ 0.05, 1 ]
  RHS coefficient range       : [ 1.14453e-07, 0.294542 ]
Objective value for Line heur k = 14: 26439451.63605853
76
Actual reward of current solution: 54038284.52466915
Minimum Difference with past solutions:0.0.
New solution equals old solution at k=14
75
Total Reward at the start of the inner iterations: 54038284.52466915
Gurobi status: 2

Statistics for model Linearization Heuristic :
  Linear constraint matrix    : 13659 Constrs, 8010 Vars, 4510984 NZs
  Matrix coefficient range    : [ 1.00123e-13, 1 ]
  Objective coefficient range : [ 1.63887e-21, 1.16826e+08 ]
  Variable bound range        : [ 0.05, 1 ]
  RHS coefficient range       : [ 5.36255e-09, 1 ]
Objective value for Line heur k = 15: 26414537.58664229
75
Actual reward of current solution: 54038284.52466915
Minimum Difference with past solutions:0.0.
New solution equals old solution at k=15
74
Total Reward at the start of the inner iterations: 54038284.52466915
Gurobi status: 2

Statistics for model Linearization Heuristic :
  Linear constraint matrix    : 13494 Constrs, 7920 Vars, 4409243 NZs
  Matrix coefficient range    : [ 1.00123e-13, 1 ]
  Objective coefficient range : [ 1.63887e-21, 1.16826e+08 ]
  Variable bound range        : [ 0.05, 1 ]
  RHS coefficient range       : [ 2.86486e-08, 1 ]
Objective value for Line heur k = 16: 26233250.7192547
74
Actual reward of current solution: 54038284.52466915
Minimum Difference with past solutions:0.0.
New solution equals old solution at k=16
73
Total Reward at the start of the inner iterations: 54038284.52466915
Gurobi status: 2

Statistics for model Linearization Heuristic :
  Linear constraint matrix    : 13329 Constrs, 7830 Vars, 4308680 NZs
  Matrix coefficient range    : [ 1.00123e-13, 1 ]
  Objective coefficient range : [ 1.63887e-21, 1.16826e+08 ]
  Variable bound range        : [ 0.05, 1 ]
  RHS coefficient range       : [ 3.22237e-08, 1 ]
Objective value for Line heur k = 17: 26043771.650123548
73
Actual reward of current solution: 54038284.52466915
Minimum Difference with past solutions:0.0.
New solution equals old solution at k=17
72
Total Reward at the start of the inner iterations: 54038284.52466915
Gurobi status: 2

Statistics for model Linearization Heuristic :
  Linear constraint matrix    : 13164 Constrs, 7740 Vars, 4209295 NZs
  Matrix coefficient range    : [ 1.00123e-13, 1 ]
  Objective coefficient range : [ 1.63887e-21, 1.16826e+08 ]
  Variable bound range        : [ 0.05, 1 ]
  RHS coefficient range       : [ 1.53379e-08, 1 ]
Objective value for Line heur k = 18: 25847495.324690912
72
Actual reward of current solution: 54038284.52466915
Minimum Difference with past solutions:0.0.
New solution equals old solution at k=18
71
Total Reward at the start of the inner iterations: 54038284.52466915
Gurobi status: 2

Statistics for model Linearization Heuristic :
  Linear constraint matrix    : 12999 Constrs, 7650 Vars, 4111088 NZs
  Matrix coefficient range    : [ 1.00123e-13, 1 ]
  Objective coefficient range : [ 1.63887e-21, 1.16826e+08 ]
  Variable bound range        : [ 0.05, 1 ]
  RHS coefficient range       : [ 8.30196e-11, 1 ]
Objective value for Line heur k = 19: 25645362.10620938
71
Actual reward of current solution: 54038284.52466915
Minimum Difference with past solutions:0.0.
New solution equals old solution at k=19
70
Total Reward at the start of the inner iterations: 54038284.52466915
Gurobi status: 2

Statistics for model Linearization Heuristic :
  Linear constraint matrix    : 12834 Constrs, 7560 Vars, 4014059 NZs
  Matrix coefficient range    : [ 1.00123e-13, 1 ]
  Objective coefficient range : [ 1.63887e-21, 1.16826e+08 ]
  Variable bound range        : [ 0.05, 1 ]
  RHS coefficient range       : [ 3.14669e-08, 1 ]
Objective value for Line heur k = 20: 25438038.256322116
70
Actual reward of current solution: 54038284.52466915
Minimum Difference with past solutions:0.0.
New solution equals old solution at k=20
69
Total Reward at the start of the inner iterations: 54038284.52466915
Gurobi status: 2

Statistics for model Linearization Heuristic :
  Linear constraint matrix    : 12669 Constrs, 7470 Vars, 3918208 NZs
  Matrix coefficient range    : [ 1.00123e-13, 1 ]
  Objective coefficient range : [ 1.63887e-21, 1.16826e+08 ]
  Variable bound range        : [ 0.05, 1 ]
  RHS coefficient range       : [ 6.21626e-08, 1 ]
Objective value for Line heur k = 21: 25226019.158346005
69
Actual reward of current solution: 54038284.52466915
Minimum Difference with past solutions:0.0.
New solution equals old solution at k=21
68
Total Reward at the start of the inner iterations: 54038284.52466915
Gurobi status: 2

Statistics for model Linearization Heuristic :
  Linear constraint matrix    : 12504 Constrs, 7380 Vars, 3823535 NZs
  Matrix coefficient range    : [ 1.00123e-13, 1 ]
  Objective coefficient range : [ 1.63887e-21, 1.16826e+08 ]
  Variable bound range        : [ 0.05, 1 ]
  RHS coefficient range       : [ 7.2325e-08, 1 ]
Objective value for Line heur k = 22: 25009687.202493295
68
Actual reward of current solution: 54038284.52466915
Minimum Difference with past solutions:0.0.
New solution equals old solution at k=22
67
Total Reward at the start of the inner iterations: 54038284.52466915
Gurobi status: 2

Statistics for model Linearization Heuristic :
  Linear constraint matrix    : 12339 Constrs, 7290 Vars, 3730040 NZs
  Matrix coefficient range    : [ 1.00123e-13, 1 ]
  Objective coefficient range : [ 1.63887e-21, 1.16826e+08 ]
  Variable bound range        : [ 0.05, 1 ]
  RHS coefficient range       : [ 4.2882e-08, 1 ]
Objective value for Line heur k = 23: 24789341.97185821
67
Actual reward of current solution: 54038284.52466915
Minimum Difference with past solutions:0.0.
New solution equals old solution at k=23
66
Total Reward at the start of the inner iterations: 54038284.52466915
Gurobi status: 2

Statistics for model Linearization Heuristic :
  Linear constraint matrix    : 12174 Constrs, 7200 Vars, 3637723 NZs
  Matrix coefficient range    : [ 1.00123e-13, 1 ]
  Objective coefficient range : [ 1.63887e-21, 1.16826e+08 ]
  Variable bound range        : [ 0.05, 1 ]
  RHS coefficient range       : [ 1.07042e-08, 1 ]
Objective value for Line heur k = 24: 24565211.772645436
66
Actual reward of current solution: 54038284.52466915
Minimum Difference with past solutions:0.0.
New solution equals old solution at k=24
65
Total Reward at the start of the inner iterations: 54038284.52466915
Gurobi status: 2

Statistics for model Linearization Heuristic :
  Linear constraint matrix    : 12009 Constrs, 7110 Vars, 3546584 NZs
  Matrix coefficient range    : [ 1.00123e-13, 1 ]
  Objective coefficient range : [ 1.63887e-21, 1.16826e+08 ]
  Variable bound range        : [ 0.05, 1 ]
  RHS coefficient range       : [ 1.26668e-08, 1 ]
Objective value for Line heur k = 25: 24337449.895930633
65
Actual reward of current solution: 54038284.52466915
Minimum Difference with past solutions:0.0.
New solution equals old solution at k=25
64
Total Reward at the start of the inner iterations: 54038284.52466915
Gurobi status: 2

Statistics for model Linearization Heuristic :
  Linear constraint matrix    : 11844 Constrs, 7020 Vars, 3456623 NZs
  Matrix coefficient range    : [ 1.00123e-13, 1 ]
  Objective coefficient range : [ 1.63887e-21, 1.16826e+08 ]
  Variable bound range        : [ 0.05, 1 ]
  RHS coefficient range       : [ 3.89078e-08, 1 ]
Objective value for Line heur k = 26: 24106114.51246502
64
Actual reward of current solution: 54038284.52466915
Minimum Difference with past solutions:0.0.
New solution equals old solution at k=26
63
Total Reward at the start of the inner iterations: 54038284.52466915
Gurobi status: 2

Statistics for model Linearization Heuristic :
  Linear constraint matrix    : 11679 Constrs, 6930 Vars, 3367840 NZs
  Matrix coefficient range    : [ 1.00123e-13, 1 ]
  Objective coefficient range : [ 1.63887e-21, 1.16826e+08 ]
  Variable bound range        : [ 0.05, 1 ]
  RHS coefficient range       : [ 6.4712e-08, 1 ]
Objective value for Line heur k = 27: 23871126.429991174
63
Actual reward of current solution: 54038284.52466915
Minimum Difference with past solutions:0.0.
New solution equals old solution at k=27
62
Total Reward at the start of the inner iterations: 54038284.52466915
Gurobi status: 2

Statistics for model Linearization Heuristic :
  Linear constraint matrix    : 11514 Constrs, 6840 Vars, 3280289 NZs
  Matrix coefficient range    : [ 1.00123e-13, 1 ]
  Objective coefficient range : [ 1.63887e-21, 1.16826e+08 ]
  Variable bound range        : [ 0.05, 1 ]
  RHS coefficient range       : [ 9.10661e-08, 0.292268 ]
Objective value for Line heur k = 28: 23632192.72131142
62
Actual reward of current solution: 54038284.52466915
Minimum Difference with past solutions:0.0.
New solution equals old solution at k=28
61
Total Reward at the start of the inner iterations: 54038284.52466915
Gurobi status: 2

Statistics for model Linearization Heuristic :
  Linear constraint matrix    : 11403 Constrs, 6750 Vars, 3189626 NZs
  Matrix coefficient range    : [ 1.00123e-13, 1 ]
  Objective coefficient range : [ 1.63887e-21, 1.16826e+08 ]
  Variable bound range        : [ 0.05, 1 ]
  RHS coefficient range       : [ 8.87252e-08, 1 ]
Objective value for Line heur k = 29: 23372396.103478514
61
Actual reward of current solution: 54038284.52466915
Minimum Difference with past solutions:0.0.
New solution equals old solution at k=29
60
Total Reward at the start of the inner iterations: 54038284.52466915
Gurobi status: 2

Statistics for model Linearization Heuristic :
  Linear constraint matrix    : 11238 Constrs, 6660 Vars, 3100144 NZs
  Matrix coefficient range    : [ 1.00123e-13, 1 ]
  Objective coefficient range : [ 1.63887e-21, 1.16826e+08 ]
  Variable bound range        : [ 0.05, 1 ]
  RHS coefficient range       : [ 8.88679e-08, 1 ]
Objective value for Line heur k = 30: 23108222.686527465
60
Actual reward of current solution: 54038284.52466915
Minimum Difference with past solutions:0.0.
New solution equals old solution at k=30
59
Total Reward at the start of the inner iterations: 54038284.52466915
Gurobi status: 2

Statistics for model Linearization Heuristic :
  Linear constraint matrix    : 11073 Constrs, 6570 Vars, 3011897 NZs
  Matrix coefficient range    : [ 1.00123e-13, 1 ]
  Objective coefficient range : [ 1.63887e-21, 1.16826e+08 ]
  Variable bound range        : [ 0.05, 1 ]
  RHS coefficient range       : [ 8.34095e-08, 1 ]
Objective value for Line heur k = 31: 22840364.128958143
59
Actual reward of current solution: 54038284.52466915
Minimum Difference with past solutions:0.0.
New solution equals old solution at k=31
58
Total Reward at the start of the inner iterations: 54038284.52466915
Gurobi status: 2

Statistics for model Linearization Heuristic :
  Linear constraint matrix    : 10908 Constrs, 6480 Vars, 2924885 NZs
  Matrix coefficient range    : [ 1.00123e-13, 1 ]
  Objective coefficient range : [ 1.63887e-21, 1.16826e+08 ]
  Variable bound range        : [ 0.05, 1 ]
  RHS coefficient range       : [ 5.18208e-08, 1 ]
Objective value for Line heur k = 32: 22569259.276997834
58
Actual reward of current solution: 54038284.52466915
Minimum Difference with past solutions:0.0.
New solution equals old solution at k=32
57
Total Reward at the start of the inner iterations: 54038284.52466915
Gurobi status: 2

Statistics for model Linearization Heuristic :
  Linear constraint matrix    : 10743 Constrs, 6390 Vars, 2839108 NZs
  Matrix coefficient range    : [ 1.00123e-13, 1 ]
  Objective coefficient range : [ 1.63887e-21, 1.16826e+08 ]
  Variable bound range        : [ 0.05, 1 ]
  RHS coefficient range       : [ 9.10009e-08, 1 ]
Objective value for Line heur k = 33: 22295203.436475683
57
Actual reward of current solution: 54038284.52466915
Minimum Difference with past solutions:0.0.
New solution equals old solution at k=33
56
Total Reward at the start of the inner iterations: 54038284.52466915
Gurobi status: 2

Statistics for model Linearization Heuristic :
  Linear constraint matrix    : 10578 Constrs, 6300 Vars, 2754566 NZs
  Matrix coefficient range    : [ 1.00123e-13, 1 ]
  Objective coefficient range : [ 1.63887e-21, 1.16826e+08 ]
  Variable bound range        : [ 0.05, 1 ]
  RHS coefficient range       : [ 9.08664e-08, 1 ]
Objective value for Line heur k = 34: 22018409.818272304
56
Actual reward of current solution: 54038284.52466915
Minimum Difference with past solutions:0.0.
New solution equals old solution at k=34
55
Total Reward at the start of the inner iterations: 54038284.52466915
Gurobi status: 2

Statistics for model Linearization Heuristic :
  Linear constraint matrix    : 10413 Constrs, 6210 Vars, 2671259 NZs
  Matrix coefficient range    : [ 1.00123e-13, 1 ]
  Objective coefficient range : [ 1.63887e-21, 1.16826e+08 ]
  Variable bound range        : [ 0.05, 1 ]
  RHS coefficient range       : [ 9.01936e-08, 1 ]
Objective value for Line heur k = 35: 21739044.11830925
55
Actual reward of current solution: 54038284.52466915
Minimum Difference with past solutions:0.0.
New solution equals old solution at k=35
54
Total Reward at the start of the inner iterations: 54038284.52466915
Gurobi status: 2

Statistics for model Linearization Heuristic :
  Linear constraint matrix    : 10248 Constrs, 6120 Vars, 2589187 NZs
  Matrix coefficient range    : [ 1.00123e-13, 1 ]
  Objective coefficient range : [ 1.63887e-21, 1.16826e+08 ]
  Variable bound range        : [ 0.05, 1 ]
  RHS coefficient range       : [ 8.90361e-08, 1 ]
Objective value for Line heur k = 36: 21457243.987158418
54
Actual reward of current solution: 54038284.52466915
Minimum Difference with past solutions:0.0.
New solution equals old solution at k=36
53
Total Reward at the start of the inner iterations: 54038284.52466915
Gurobi status: 2

Statistics for model Linearization Heuristic :
  Linear constraint matrix    : 10083 Constrs, 6030 Vars, 2508350 NZs
  Matrix coefficient range    : [ 1.00123e-13, 1 ]
  Objective coefficient range : [ 1.63887e-21, 1.16826e+08 ]
  Variable bound range        : [ 0.05, 1 ]
  RHS coefficient range       : [ 8.74665e-08, 1 ]
Objective value for Line heur k = 37: 21173129.992056504
53
Actual reward of current solution: 54038284.52466915
Minimum Difference with past solutions:0.0.
New solution equals old solution at k=37
52
Total Reward at the start of the inner iterations: 54038284.52466915
Gurobi status: 2

Statistics for model Linearization Heuristic :
  Linear constraint matrix    : 9918 Constrs, 5940 Vars, 2428748 NZs
  Matrix coefficient range    : [ 1.00123e-13, 1 ]
  Objective coefficient range : [ 1.63887e-21, 1.16826e+08 ]
  Variable bound range        : [ 0.05, 1 ]
  RHS coefficient range       : [ 8.55601e-08, 1 ]
Objective value for Line heur k = 38: 20886811.78581083
52
Actual reward of current solution: 54038284.52466915
Minimum Difference with past solutions:0.0.
New solution equals old solution at k=38
51
Total Reward at the start of the inner iterations: 54038284.52466915
Gurobi status: 2

Statistics for model Linearization Heuristic :
  Linear constraint matrix    : 9753 Constrs, 5850 Vars, 2350381 NZs
  Matrix coefficient range    : [ 1.00123e-13, 1 ]
  Objective coefficient range : [ 1.63887e-21, 1.16826e+08 ]
  Variable bound range        : [ 0.05, 1 ]
  RHS coefficient range       : [ 8.33878e-08, 1 ]
Objective value for Line heur k = 39: 20598391.575256698
51
Actual reward of current solution: 54038284.52466915
Minimum Difference with past solutions:0.0.
New solution equals old solution at k=39
50
Total Reward at the start of the inner iterations: 54038284.52466915
Gurobi status: 2

Statistics for model Linearization Heuristic :
  Linear constraint matrix    : 9588 Constrs, 5760 Vars, 2273249 NZs
  Matrix coefficient range    : [ 1.00123e-13, 1 ]
  Objective coefficient range : [ 1.63887e-21, 1.16826e+08 ]
  Variable bound range        : [ 0.05, 1 ]
  RHS coefficient range       : [ 8.10124e-08, 1 ]
Objective value for Line heur k = 40: 20307966.069719747
50
Actual reward of current solution: 54038284.52466915
Minimum Difference with past solutions:0.0.
New solution equals old solution at k=40
49
Total Reward at the start of the inner iterations: 54038284.52466915
Gurobi status: 2

Statistics for model Linearization Heuristic :
  Linear constraint matrix    : 9423 Constrs, 5670 Vars, 2197352 NZs
  Matrix coefficient range    : [ 1.00123e-13, 1 ]
  Objective coefficient range : [ 1.63887e-21, 1.16826e+08 ]
  Variable bound range        : [ 0.05, 1 ]
  RHS coefficient range       : [ 7.84882e-08, 1 ]
Objective value for Line heur k = 41: 20015627.57600728
49
Actual reward of current solution: 54038284.52466915
Minimum Difference with past solutions:0.0.
New solution equals old solution at k=41
48
Total Reward at the start of the inner iterations: 54038284.52466915
Gurobi status: 2

Statistics for model Linearization Heuristic :
  Linear constraint matrix    : 9258 Constrs, 5580 Vars, 2122744 NZs
  Matrix coefficient range    : [ 1.00123e-13, 1 ]
  Objective coefficient range : [ 1.63887e-21, 1.16826e+08 ]
  Variable bound range        : [ 0.05, 1 ]
  RHS coefficient range       : [ 7.58615e-08, 0.291123 ]
Objective value for Line heur k = 42: 19721464.616444282
48
Actual reward of current solution: 54038284.52466915
Minimum Difference with past solutions:0.0.
New solution equals old solution at k=42
47
Total Reward at the start of the inner iterations: 54038284.52466915
Gurobi status: 2

Statistics for model Linearization Heuristic :
  Linear constraint matrix    : 9147 Constrs, 5490 Vars, 2049371 NZs
  Matrix coefficient range    : [ 1.00123e-13, 1 ]
  Objective coefficient range : [ 1.63887e-21, 1.16826e+08 ]
  Variable bound range        : [ 0.05, 1 ]
  RHS coefficient range       : [ 7.31707e-08, 1 ]
Objective value for Line heur k = 43: 19425562.2825781
47
Actual reward of current solution: 54038284.52466915
Minimum Difference with past solutions:0.0.
New solution equals old solution at k=43
46
Total Reward at the start of the inner iterations: 54038284.52466915
Gurobi status: 2

Statistics for model Linearization Heuristic :
  Linear constraint matrix    : 8982 Constrs, 5400 Vars, 1977179 NZs
  Matrix coefficient range    : [ 1.00123e-13, 1 ]
  Objective coefficient range : [ 1.63887e-21, 1.16826e+08 ]
  Variable bound range        : [ 0.05, 1 ]
  RHS coefficient range       : [ 7.04479e-08, 1 ]
Objective value for Line heur k = 44: 19128002.444433007
46
Actual reward of current solution: 54038284.52466915
Minimum Difference with past solutions:0.0.
New solution equals old solution at k=44
45
Total Reward at the start of the inner iterations: 54038284.52466915
Gurobi status: 2

Statistics for model Linearization Heuristic :
  Linear constraint matrix    : 8817 Constrs, 5310 Vars, 1906222 NZs
  Matrix coefficient range    : [ 1.00123e-13, 1 ]
  Objective coefficient range : [ 1.63887e-21, 1.16826e+08 ]
  Variable bound range        : [ 0.05, 1 ]
  RHS coefficient range       : [ 6.77193e-08, 1 ]
Objective value for Line heur k = 45: 18828863.882669903
45
Actual reward of current solution: 54038284.52466915
Minimum Difference with past solutions:0.0.
New solution equals old solution at k=45
44
Total Reward at the start of the inner iterations: 54038284.52466915
Gurobi status: 2

Statistics for model Linearization Heuristic :
  Linear constraint matrix    : 8652 Constrs, 5220 Vars, 1836500 NZs
  Matrix coefficient range    : [ 1.00123e-13, 1 ]
  Objective coefficient range : [ 1.63887e-21, 1.16826e+08 ]
  Variable bound range        : [ 0.05, 1 ]
  RHS coefficient range       : [ 6.50063e-08, 1 ]
Objective value for Line heur k = 46: 18528222.381242502
44
Actual reward of current solution: 54038284.52466915
Minimum Difference with past solutions:0.0.
New solution equals old solution at k=46
43
Total Reward at the start of the inner iterations: 54038284.52466915
Gurobi status: 2

Statistics for model Linearization Heuristic :
  Linear constraint matrix    : 8487 Constrs, 5130 Vars, 1768013 NZs
  Matrix coefficient range    : [ 1.00123e-13, 1 ]
  Objective coefficient range : [ 1.63887e-21, 1.16826e+08 ]
  Variable bound range        : [ 0.05, 1 ]
  RHS coefficient range       : [ 6.23262e-08, 1 ]
Objective value for Line heur k = 47: 18226150.8012844
43
Actual reward of current solution: 54038284.52466915
Minimum Difference with past solutions:0.0.
New solution equals old solution at k=47
42
Total Reward at the start of the inner iterations: 54038284.52466915
Gurobi status: 2

Statistics for model Linearization Heuristic :
  Linear constraint matrix    : 8322 Constrs, 5040 Vars, 1700761 NZs
  Matrix coefficient range    : [ 1.00123e-13, 1 ]
  Objective coefficient range : [ 1.63887e-21, 1.16826e+08 ]
  Variable bound range        : [ 0.05, 1 ]
  RHS coefficient range       : [ 5.96926e-08, 1 ]
Objective value for Line heur k = 48: 17922719.147428952
42
Actual reward of current solution: 54038284.52466915
Minimum Difference with past solutions:0.0.
New solution equals old solution at k=48
41
Total Reward at the start of the inner iterations: 54038284.52466915
Gurobi status: 2

Statistics for model Linearization Heuristic :
  Linear constraint matrix    : 8157 Constrs, 4950 Vars, 1634744 NZs
  Matrix coefficient range    : [ 1.00123e-13, 1 ]
  Objective coefficient range : [ 1.63887e-21, 1.16826e+08 ]
  Variable bound range        : [ 0.05, 1 ]
  RHS coefficient range       : [ 5.71165e-08, 1 ]
Objective value for Line heur k = 49: 17617994.63239763
41
Actual reward of current solution: 54038284.52466915
Minimum Difference with past solutions:0.0.
New solution equals old solution at k=49
40
Total Reward at the start of the inner iterations: 54038284.52466915
Gurobi status: 2

Statistics for model Linearization Heuristic :
  Linear constraint matrix    : 7992 Constrs, 4860 Vars, 1569962 NZs
  Matrix coefficient range    : [ 1.00123e-13, 1 ]
  Objective coefficient range : [ 1.63887e-21, 1.16826e+08 ]
  Variable bound range        : [ 0.05, 1 ]
  RHS coefficient range       : [ 5.4606e-08, 1 ]
Objective value for Line heur k = 50: 17312041.742689677
40
Actual reward of current solution: 54038284.52466915
Minimum Difference with past solutions:0.0.
New solution equals old solution at k=50
39
Total Reward at the start of the inner iterations: 54038284.52466915
Gurobi status: 2

Statistics for model Linearization Heuristic :
  Linear constraint matrix    : 7827 Constrs, 4770 Vars, 1506415 NZs
  Matrix coefficient range    : [ 1.00123e-13, 1 ]
  Objective coefficient range : [ 1.63887e-21, 1.16826e+08 ]
  Variable bound range        : [ 0.05, 1 ]
  RHS coefficient range       : [ 5.21675e-08, 1 ]
Objective value for Line heur k = 51: 17004922.306548852
39
Actual reward of current solution: 54038284.52466915
Minimum Difference with past solutions:0.0.
New solution equals old solution at k=51
38
Total Reward at the start of the inner iterations: 54038284.52466915
Gurobi status: 2

Statistics for model Linearization Heuristic :
  Linear constraint matrix    : 7662 Constrs, 4680 Vars, 1444103 NZs
  Matrix coefficient range    : [ 1.00123e-13, 1 ]
  Objective coefficient range : [ 1.63887e-21, 1.16826e+08 ]
  Variable bound range        : [ 0.05, 1 ]
  RHS coefficient range       : [ 4.98055e-08, 1 ]
Objective value for Line heur k = 52: 16696695.564488878
38
Actual reward of current solution: 54038284.52466915
Minimum Difference with past solutions:0.0.
New solution equals old solution at k=52
37
Total Reward at the start of the inner iterations: 54038284.52466915
Gurobi status: 2

Statistics for model Linearization Heuristic :
  Linear constraint matrix    : 7497 Constrs, 4590 Vars, 1383026 NZs
  Matrix coefficient range    : [ 1.00123e-13, 1 ]
  Objective coefficient range : [ 1.63887e-21, 1.16826e+08 ]
  Variable bound range        : [ 0.05, 1 ]
  RHS coefficient range       : [ 4.75231e-08, 1 ]
Objective value for Line heur k = 53: 16387418.242196059
37
Actual reward of current solution: 54038284.52466915
Minimum Difference with past solutions:0.0.
New solution equals old solution at k=53
36
Total Reward at the start of the inner iterations: 54038284.52466915
Gurobi status: 2

Statistics for model Linearization Heuristic :
  Linear constraint matrix    : 7332 Constrs, 4500 Vars, 1323184 NZs
  Matrix coefficient range    : [ 1.00123e-13, 1 ]
  Objective coefficient range : [ 1.63887e-21, 1.16826e+08 ]
  Variable bound range        : [ 0.05, 1 ]
  RHS coefficient range       : [ 4.53223e-08, 1 ]
Objective value for Line heur k = 54: 16077144.625405597
36
Actual reward of current solution: 54038284.52466915
Minimum Difference with past solutions:0.0.
New solution equals old solution at k=54
35
Total Reward at the start of the inner iterations: 54038284.52466915
Gurobi status: 2

Statistics for model Linearization Heuristic :
  Linear constraint matrix    : 7167 Constrs, 4410 Vars, 1264577 NZs
  Matrix coefficient range    : [ 1.00123e-13, 1 ]
  Objective coefficient range : [ 1.63887e-21, 1.16826e+08 ]
  Variable bound range        : [ 0.05, 1 ]
  RHS coefficient range       : [ 4.32039e-08, 1 ]
Objective value for Line heur k = 55: 15765926.636261819
35
Actual reward of current solution: 54038284.52466915
Minimum Difference with past solutions:0.0.
New solution equals old solution at k=55
34
Total Reward at the start of the inner iterations: 54038284.52466915
Gurobi status: 2

Statistics for model Linearization Heuristic :
  Linear constraint matrix    : 7002 Constrs, 4320 Vars, 1207259 NZs
  Matrix coefficient range    : [ 1.00123e-13, 1 ]
  Objective coefficient range : [ 1.63887e-21, 1.16826e+08 ]
  Variable bound range        : [ 0.05, 1 ]
  RHS coefficient range       : [ 4.11681e-08, 0.290374 ]
Objective value for Line heur k = 56: 15453813.910657028
34
Actual reward of current solution: 54038284.52466915
Minimum Difference with past solutions:0.0.
New solution equals old solution at k=56
33
Total Reward at the start of the inner iterations: 54038284.52466915
Gurobi status: 2

Statistics for model Linearization Heuristic :
  Linear constraint matrix    : 6891 Constrs, 4230 Vars, 1151176 NZs
  Matrix coefficient range    : [ 1.00123e-13, 1 ]
  Objective coefficient range : [ 1.63887e-21, 1.16826e+08 ]
  Variable bound range        : [ 0.05, 1 ]
  RHS coefficient range       : [ 3.92145e-08, 1 ]
Objective value for Line heur k = 57: 15140853.876068072
33
Actual reward of current solution: 54038284.52466915
Minimum Difference with past solutions:0.0.
New solution equals old solution at k=57
32
Total Reward at the start of the inner iterations: 54038284.52466915
Gurobi status: 2

Statistics for model Linearization Heuristic :
  Linear constraint matrix    : 6726 Constrs, 4140 Vars, 1096274 NZs
  Matrix coefficient range    : [ 1.00123e-13, 1 ]
  Objective coefficient range : [ 1.63887e-21, 1.16826e+08 ]
  Variable bound range        : [ 0.05, 1 ]
  RHS coefficient range       : [ 3.7342e-08, 1 ]
Objective value for Line heur k = 58: 14827091.829450948
32
Actual reward of current solution: 54038284.52466915
Minimum Difference with past solutions:0.0.
New solution equals old solution at k=58
31
Total Reward at the start of the inner iterations: 54038284.52466915
Gurobi status: 2

Statistics for model Linearization Heuristic :
  Linear constraint matrix    : 6561 Constrs, 4050 Vars, 1042607 NZs
  Matrix coefficient range    : [ 1.00123e-13, 1 ]
  Objective coefficient range : [ 1.63887e-21, 1.16826e+08 ]
  Variable bound range        : [ 0.05, 1 ]
  RHS coefficient range       : [ 3.55491e-08, 1 ]
Objective value for Line heur k = 59: 14512571.014803382
31
Actual reward of current solution: 54038284.52466915
Minimum Difference with past solutions:0.0.
New solution equals old solution at k=59
30
Total Reward at the start of the inner iterations: 54038284.52466915
Gurobi status: 2

Statistics for model Linearization Heuristic :
  Linear constraint matrix    : 6396 Constrs, 3960 Vars, 990175 NZs
  Matrix coefficient range    : [ 1.00123e-13, 1 ]
  Objective coefficient range : [ 1.63887e-21, 1.16826e+08 ]
  Variable bound range        : [ 0.05, 1 ]
  RHS coefficient range       : [ 3.38341e-08, 1 ]
Objective value for Line heur k = 60: 14197332.700055432
30
Actual reward of current solution: 54038284.52466915
Minimum Difference with past solutions:0.0.
New solution equals old solution at k=60
29
Total Reward at the start of the inner iterations: 54038284.52466915
Gurobi status: 2

Statistics for model Linearization Heuristic :
  Linear constraint matrix    : 6231 Constrs, 3870 Vars, 938978 NZs
  Matrix coefficient range    : [ 1.00123e-13, 1 ]
  Objective coefficient range : [ 1.63887e-21, 1.16826e+08 ]
  Variable bound range        : [ 0.05, 1 ]
  RHS coefficient range       : [ 3.2195e-08, 1 ]
Objective value for Line heur k = 61: 13881416.252997212
29
Actual reward of current solution: 54038284.52466915
Minimum Difference with past solutions:0.0.
New solution equals old solution at k=61
28
Total Reward at the start of the inner iterations: 54038284.52466915
Gurobi status: 2

Statistics for model Linearization Heuristic :
  Linear constraint matrix    : 6066 Constrs, 3780 Vars, 889016 NZs
  Matrix coefficient range    : [ 1.00123e-13, 1 ]
  Objective coefficient range : [ 1.63887e-21, 1.16826e+08 ]
  Variable bound range        : [ 0.05, 1 ]
  RHS coefficient range       : [ 3.06296e-08, 1 ]
Objective value for Line heur k = 62: 13564859.215998072
28
Actual reward of current solution: 54038284.52466915
Minimum Difference with past solutions:0.0.
New solution equals old solution at k=62
27
Total Reward at the start of the inner iterations: 54038284.52466915
Gurobi status: 2

Statistics for model Linearization Heuristic :
  Linear constraint matrix    : 5901 Constrs, 3690 Vars, 840290 NZs
  Matrix coefficient range    : [ 1.00123e-13, 1 ]
  Objective coefficient range : [ 1.63887e-21, 1.16826e+08 ]
  Variable bound range        : [ 0.05, 1 ]
  RHS coefficient range       : [ 2.91355e-08, 1 ]
Objective value for Line heur k = 63: 13247697.37931288
27
Actual reward of current solution: 54038284.52466915
Minimum Difference with past solutions:0.0.
New solution equals old solution at k=63
26
Total Reward at the start of the inner iterations: 54038284.52466915
Gurobi status: 2

Statistics for model Linearization Heuristic :
  Linear constraint matrix    : 5736 Constrs, 3600 Vars, 792799 NZs
  Matrix coefficient range    : [ 1.00123e-13, 1 ]
  Objective coefficient range : [ 1.63887e-21, 1.16826e+08 ]
  Variable bound range        : [ 0.05, 1 ]
  RHS coefficient range       : [ 2.77104e-08, 1 ]
Objective value for Line heur k = 64: 12929964.852808274
26
Actual reward of current solution: 54038284.52466915
Minimum Difference with past solutions:0.0.
New solution equals old solution at k=64
25
Total Reward at the start of the inner iterations: 54038284.52466915
Gurobi status: 2

Statistics for model Linearization Heuristic :
  Linear constraint matrix    : 5571 Constrs, 3510 Vars, 746543 NZs
  Matrix coefficient range    : [ 1.00123e-13, 1 ]
  Objective coefficient range : [ 1.63887e-21, 1.16826e+08 ]
  Variable bound range        : [ 0.05, 1 ]
  RHS coefficient range       : [ 2.63516e-08, 1 ]
Objective value for Line heur k = 65: 12611694.135974988
25
Actual reward of current solution: 54038284.52466915
Minimum Difference with past solutions:0.0.
New solution equals old solution at k=65
24
Total Reward at the start of the inner iterations: 54038284.52466915
Gurobi status: 2

Statistics for model Linearization Heuristic :
  Linear constraint matrix    : 5406 Constrs, 3420 Vars, 701522 NZs
  Matrix coefficient range    : [ 1.00123e-13, 1 ]
  Objective coefficient range : [ 1.63887e-21, 1.16826e+08 ]
  Variable bound range        : [ 0.05, 1 ]
  RHS coefficient range       : [ 2.50568e-08, 1 ]
Objective value for Line heur k = 66: 12292916.186121523
24
Actual reward of current solution: 54038284.52466915
Minimum Difference with past solutions:0.0.
New solution equals old solution at k=66
23
Total Reward at the start of the inner iterations: 54038284.52466915
Gurobi status: 2

Statistics for model Linearization Heuristic :
  Linear constraint matrix    : 5241 Constrs, 3330 Vars, 657736 NZs
  Matrix coefficient range    : [ 1.00123e-13, 1 ]
  Objective coefficient range : [ 1.63887e-21, 1.16826e+08 ]
  Variable bound range        : [ 0.05, 1 ]
  RHS coefficient range       : [ 2.38233e-08, 1 ]
Objective value for Line heur k = 67: 11973660.484670183
23
Actual reward of current solution: 54038284.52466915
Minimum Difference with past solutions:0.0.
New solution equals old solution at k=67
22
Total Reward at the start of the inner iterations: 54038284.52466915
Gurobi status: 2

Statistics for model Linearization Heuristic :
  Linear constraint matrix    : 5076 Constrs, 3240 Vars, 615185 NZs
  Matrix coefficient range    : [ 1.00123e-13, 1 ]
  Objective coefficient range : [ 1.63887e-21, 1.16826e+08 ]
  Variable bound range        : [ 0.05, 1 ]
  RHS coefficient range       : [ 2.26488e-08, 1 ]
Objective value for Line heur k = 68: 11653955.101500455
22
Actual reward of current solution: 54038284.52466915
Minimum Difference with past solutions:0.0.
New solution equals old solution at k=68
21
Total Reward at the start of the inner iterations: 54038284.52466915
Gurobi status: 2

Statistics for model Linearization Heuristic :
  Linear constraint matrix    : 4911 Constrs, 3150 Vars, 573869 NZs
  Matrix coefficient range    : [ 1.00123e-13, 1 ]
  Objective coefficient range : [ 1.63887e-21, 1.16826e+08 ]
  Variable bound range        : [ 0.05, 1 ]
  RHS coefficient range       : [ 2.15306e-08, 1 ]
Objective value for Line heur k = 69: 11333826.757304233
21
Actual reward of current solution: 54038284.52466915
Minimum Difference with past solutions:0.0.
New solution equals old solution at k=69
20
Total Reward at the start of the inner iterations: 54038284.52466915
Gurobi status: 2

Statistics for model Linearization Heuristic :
  Linear constraint matrix    : 4746 Constrs, 3060 Vars, 533843 NZs
  Matrix coefficient range    : [ 1.00123e-13, 1 ]
  Objective coefficient range : [ 1.63887e-21, 1.16826e+08 ]
  Variable bound range        : [ 0.05, 1 ]
  RHS coefficient range       : [ 2.04665e-08, 0.28994 ]
Objective value for Line heur k = 70: 11013300.883936925
20
Actual reward of current solution: 54038284.52466915
Minimum Difference with past solutions:0.0.
New solution equals old solution at k=70
19
Total Reward at the start of the inner iterations: 54038284.52466915
Gurobi status: 2

Statistics for model Linearization Heuristic :
  Linear constraint matrix    : 4635 Constrs, 2970 Vars, 495052 NZs
  Matrix coefficient range    : [ 1.00123e-13, 1 ]
  Objective coefficient range : [ 1.63887e-21, 1.16826e+08 ]
  Variable bound range        : [ 0.05, 1 ]
  RHS coefficient range       : [ 1.9454e-08, 1 ]
Objective value for Line heur k = 71: 10692401.682767157
19
Actual reward of current solution: 54038284.52466915
Minimum Difference with past solutions:0.0.
New solution equals old solution at k=71
18
Total Reward at the start of the inner iterations: 54038284.52466915
Gurobi status: 2

Statistics for model Linearization Heuristic :
  Linear constraint matrix    : 4470 Constrs, 2880 Vars, 457442 NZs
  Matrix coefficient range    : [ 1.00123e-13, 1 ]
  Objective coefficient range : [ 4.93394e-21, 1.16826e+08 ]
  Variable bound range        : [ 0.05, 1 ]
  RHS coefficient range       : [ 1.84908e-08, 1 ]
Objective value for Line heur k = 72: 10371152.181046419
18
Actual reward of current solution: 54038284.52466915
Minimum Difference with past solutions:0.0.
New solution equals old solution at k=72
17
Total Reward at the start of the inner iterations: 54038284.52466915
Gurobi status: 2

Statistics for model Linearization Heuristic :
  Linear constraint matrix    : 4305 Constrs, 2790 Vars, 421067 NZs
  Matrix coefficient range    : [ 1.00123e-13, 1 ]
  Objective coefficient range : [ 4.93394e-21, 1.16826e+08 ]
  Variable bound range        : [ 0.05, 1 ]
  RHS coefficient range       : [ 1.75747e-08, 1 ]
Objective value for Line heur k = 73: 10049574.286343131
17
Actual reward of current solution: 54038284.52466915
Minimum Difference with past solutions:0.0.
New solution equals old solution at k=73
16
Total Reward at the start of the inner iterations: 54038284.52466915
Gurobi status: 2

Statistics for model Linearization Heuristic :
  Linear constraint matrix    : 4140 Constrs, 2700 Vars, 385928 NZs
  Matrix coefficient range    : [ 1.00123e-13, 1 ]
  Objective coefficient range : [ 4.93394e-21, 1.16826e+08 ]
  Variable bound range        : [ 0.05, 1 ]
  RHS coefficient range       : [ 1.67035e-08, 1 ]
Objective value for Line heur k = 74: 9727688.839114992
16
Actual reward of current solution: 54038284.52466915
Minimum Difference with past solutions:0.0.
New solution equals old solution at k=74
15
Total Reward at the start of the inner iterations: 54038284.52466915
Gurobi status: 2

Statistics for model Linearization Heuristic :
  Linear constraint matrix    : 3975 Constrs, 2610 Vars, 352024 NZs
  Matrix coefficient range    : [ 1.00123e-13, 1 ]
  Objective coefficient range : [ 4.93394e-21, 1.16826e+08 ]
  Variable bound range        : [ 0.05, 1 ]
  RHS coefficient range       : [ 1.58751e-08, 1 ]
Objective value for Line heur k = 75: 9405515.663537813
15
Actual reward of current solution: 54038284.52466915
Minimum Difference with past solutions:0.0.
New solution equals old solution at k=75
14
Total Reward at the start of the inner iterations: 54038284.52466915
Gurobi status: 2

Statistics for model Linearization Heuristic :
  Linear constraint matrix    : 3810 Constrs, 2520 Vars, 319355 NZs
  Matrix coefficient range    : [ 1.00123e-13, 1 ]
  Objective coefficient range : [ 4.93394e-21, 1.16826e+08 ]
  Variable bound range        : [ 0.05, 1 ]
  RHS coefficient range       : [ 1.23491e-08, 1 ]
Objective value for Line heur k = 76: 9083073.6167782
14
Actual reward of current solution: 54038284.52466915
Minimum Difference with past solutions:0.0.
New solution equals old solution at k=76
13
Total Reward at the start of the inner iterations: 54038284.52466915
Gurobi status: 2

Statistics for model Linearization Heuristic :
  Linear constraint matrix    : 3645 Constrs, 2430 Vars, 287921 NZs
  Matrix coefficient range    : [ 1.00123e-13, 1 ]
  Objective coefficient range : [ 4.93394e-21, 1.16826e+08 ]
  Variable bound range        : [ 0.05, 1 ]
  RHS coefficient range       : [ 2.41734e-09, 1 ]
Objective value for Line heur k = 77: 8760380.637012288
13
Actual reward of current solution: 54038284.52466915
Minimum Difference with past solutions:0.0.
New solution equals old solution at k=77
12
Total Reward at the start of the inner iterations: 54038284.52466915
Gurobi status: 2

Statistics for model Linearization Heuristic :
  Linear constraint matrix    : 3480 Constrs, 2340 Vars, 257722 NZs
  Matrix coefficient range    : [ 1.00123e-13, 1 ]
  Objective coefficient range : [ 4.93394e-21, 1.16826e+08 ]
  Variable bound range        : [ 0.05, 1 ]
  RHS coefficient range       : [ 2.73659e-09, 1 ]
Objective value for Line heur k = 78: 8437453.790687345
12
Actual reward of current solution: 54038284.52466915
Minimum Difference with past solutions:0.0.
New solution equals old solution at k=78
11
Total Reward at the start of the inner iterations: 54038284.52466915
Gurobi status: 2

Statistics for model Linearization Heuristic :
  Linear constraint matrix    : 3315 Constrs, 2250 Vars, 228758 NZs
  Matrix coefficient range    : [ 1.00123e-13, 1 ]
  Objective coefficient range : [ 4.93394e-21, 1.16826e+08 ]
  Variable bound range        : [ 0.05, 1 ]
  RHS coefficient range       : [ 6.42705e-11, 1 ]
Objective value for Line heur k = 79: 8114309.319856254
11
Actual reward of current solution: 54038284.52466915
Minimum Difference with past solutions:0.0.
New solution equals old solution at k=79
10
Total Reward at the start of the inner iterations: 54038284.52466915
Gurobi status: 2

Statistics for model Linearization Heuristic :
  Linear constraint matrix    : 3150 Constrs, 2160 Vars, 201029 NZs
  Matrix coefficient range    : [ 1.00123e-13, 1 ]
  Objective coefficient range : [ 4.93394e-21, 1.16826e+08 ]
  Variable bound range        : [ 0.05, 1 ]
  RHS coefficient range       : [ 3.61497e-09, 1 ]
Objective value for Line heur k = 80: 7790962.690988818
10
Actual reward of current solution: 54038284.52466915
Minimum Difference with past solutions:0.0.
New solution equals old solution at k=80
9
Total Reward at the start of the inner iterations: 54038284.52466915
Gurobi status: 2

Statistics for model Linearization Heuristic :
  Linear constraint matrix    : 2985 Constrs, 2070 Vars, 174536 NZs
  Matrix coefficient range    : [ 1.00123e-13, 1 ]
  Objective coefficient range : [ 4.93394e-21, 1.16826e+08 ]
  Variable bound range        : [ 0.05, 1 ]
  RHS coefficient range       : [ 7.61704e-09, 1 ]
Objective value for Line heur k = 81: 7467428.647656547
9
Actual reward of current solution: 54038284.52466915
Minimum Difference with past solutions:0.0.
New solution equals old solution at k=81
8
Total Reward at the start of the inner iterations: 54038284.52466915
Gurobi status: 2

Statistics for model Linearization Heuristic :
  Linear constraint matrix    : 2820 Constrs, 1980 Vars, 149278 NZs
  Matrix coefficient range    : [ 1.00123e-13, 1 ]
  Objective coefficient range : [ 4.93394e-21, 1.16826e+08 ]
  Variable bound range        : [ 0.05, 1 ]
  RHS coefficient range       : [ 1.16307e-08, 1 ]
Objective value for Line heur k = 82: 7143721.271205295
8
Actual reward of current solution: 54038284.52466915
Minimum Difference with past solutions:0.0.
New solution equals old solution at k=82
7
Total Reward at the start of the inner iterations: 54038284.52466915
Gurobi status: 2

Statistics for model Linearization Heuristic :
  Linear constraint matrix    : 2655 Constrs, 1890 Vars, 125255 NZs
  Matrix coefficient range    : [ 1.00123e-13, 1 ]
  Objective coefficient range : [ 4.93394e-21, 1.16826e+08 ]
  Variable bound range        : [ 0.05, 1 ]
  RHS coefficient range       : [ 1.56642e-08, 1 ]
Objective value for Line heur k = 83: 6819854.056504398
7
Actual reward of current solution: 54038284.52466915
Minimum Difference with past solutions:0.0.
New solution equals old solution at k=83
6
Total Reward at the start of the inner iterations: 54038284.52466915
Gurobi status: 2

Statistics for model Linearization Heuristic :
  Linear constraint matrix    : 2490 Constrs, 1800 Vars, 102522 NZs
  Matrix coefficient range    : [ 1.00123e-13, 1 ]
  Objective coefficient range : [ 4.93394e-21, 1.16826e+08 ]
  Variable bound range        : [ 0.05, 1 ]
  RHS coefficient range       : [ 1.97324e-08, 0.289691 ]
Objective value for Line heur k = 84: 6495840.015012237
6
Actual reward of current solution: 54038284.52466915
Minimum Difference with past solutions:0.0.
New solution equals old solution at k=84
5
Total Reward at the start of the inner iterations: 54038284.52466915
Gurobi status: 2

Statistics for model Linearization Heuristic :
  Linear constraint matrix    : 2379 Constrs, 1710 Vars, 81026 NZs
  Matrix coefficient range    : [ 1.00123e-13, 1 ]
  Objective coefficient range : [ 4.93394e-21, 1.16826e+08 ]
  Variable bound range        : [ 0.05, 1 ]
  RHS coefficient range       : [ 2.38604e-08, 1 ]
Objective value for Line heur k = 85: 6171691.826321044
5
Actual reward of current solution: 54038284.52466915
Minimum Difference with past solutions:0.0.
New solution equals old solution at k=85
4
Total Reward at the start of the inner iterations: 54038284.52466915
Gurobi status: 2

Statistics for model Linearization Heuristic :
  Linear constraint matrix    : 2214 Constrs, 1620 Vars, 60716 NZs
  Matrix coefficient range    : [ 1.00123e-13, 1 ]
  Objective coefficient range : [ 4.93394e-21, 1.16826e+08 ]
  Variable bound range        : [ 0.05, 1 ]
  RHS coefficient range       : [ 2.80922e-08, 1 ]
Objective value for Line heur k = 86: 5847422.074799006
4
Actual reward of current solution: 54038284.52466915
Minimum Difference with past solutions:0.0.
New solution equals old solution at k=86
3
Total Reward at the start of the inner iterations: 54038284.52466915
Gurobi status: 2

Statistics for model Linearization Heuristic :
  Linear constraint matrix    : 2049 Constrs, 1530 Vars, 41657 NZs
  Matrix coefficient range    : [ 1.00123e-13, 1 ]
  Objective coefficient range : [ 4.93394e-21, 1.16826e+08 ]
  Variable bound range        : [ 0.05, 1 ]
  RHS coefficient range       : [ 3.25035e-08, 1 ]
Objective value for Line heur k = 87: 5523043.634717183
3
Actual reward of current solution: 54038284.52466915
Minimum Difference with past solutions:0.0.
New solution equals old solution at k=87
2
Total Reward at the start of the inner iterations: 54038284.52466915
Gurobi status: 2

Statistics for model Linearization Heuristic :
  Linear constraint matrix    : 1884 Constrs, 1440 Vars, 23931 NZs
  Matrix coefficient range    : [ 2.26263e-13, 1 ]
  Objective coefficient range : [ 4.93394e-21, 1.16826e+08 ]
  Variable bound range        : [ 0.05, 1 ]
  RHS coefficient range       : [ 3.72261e-08, 1 ]
Objective value for Line heur k = 88: 5198570.3136159135
2
Actual reward of current solution: 54038284.52466915
Minimum Difference with past solutions:0.0.
New solution equals old solution at k=88
1
Total Reward at the start of the inner iterations: 54038284.52466915
Gurobi status: 2

Statistics for model Linearization Heuristic :
  Linear constraint matrix    : 1719 Constrs, 1350 Vars, 11838 NZs
  Matrix coefficient range    : [ 2.66536e-13, 1 ]
  Objective coefficient range : [ 2.77556e-17, 1.16826e+08 ]
  Variable bound range        : [ 0.05, 1 ]
  RHS coefficient range       : [ 4.24876e-08, 1 ]
Objective value for Line heur k = 89: 4874017.94397078
1
Actual reward of current solution: 54038284.52466915
Minimum Difference with past solutions:0.0.
New solution equals old solution at k=89
0
Total Reward at the start of the inner iterations: 54038284.52466915
Gurobi status: 2

Statistics for model Linearization Heuristic :
  Linear constraint matrix    : 1554 Constrs, 1260 Vars, 2709 NZs
  Matrix coefficient range    : [ 0.288979, 1 ]
  Objective coefficient range : [ 2.77556e-17, 1.16826e+08 ]
  Variable bound range        : [ 0.05, 1 ]
  RHS coefficient range       : [ 4.86828e-08, 0.289623 ]
Objective value for Line heur k = 90: 4549406.252306071
0
Actual reward of current solution: 54038284.52466915
Minimum Difference with past solutions:0.0.
New solution equals old solution at k=90
0
Total Reward at the start of the inner iterations: 54038284.52466915
Gurobi status: 2

Statistics for model Linearization Heuristic :
  Linear constraint matrix    : 1443 Constrs, 1170 Vars, 2457 NZs
  Matrix coefficient range    : [ 0.317935, 1 ]
  Objective coefficient range : [ 2.77556e-17, 1.16826e+08 ]
  Variable bound range        : [ 0.05, 1 ]
  RHS coefficient range       : [ 4.86828e-08, 0.289623 ]
Objective value for Line heur k = 91: 4224448.569265501
0
Actual reward of current solution: 54038284.52466915
Minimum Difference with past solutions:0.0.
New solution equals old solution at k=91
0
Total Reward at the start of the inner iterations: 54038284.52466915
Gurobi status: 2

Statistics for model Linearization Heuristic :
  Linear constraint matrix    : 1332 Constrs, 1080 Vars, 2214 NZs
  Matrix coefficient range    : [ 0.349792, 1 ]
  Objective coefficient range : [ 2.77556e-17, 1.16826e+08 ]
  Variable bound range        : [ 0.05, 1 ]
  RHS coefficient range       : [ 4.86828e-08, 0.289623 ]
Objective value for Line heur k = 92: 3899490.9076573094
0
Actual reward of current solution: 54038284.52466915
Minimum Difference with past solutions:0.0.
New solution equals old solution at k=92
0
Total Reward at the start of the inner iterations: 54038284.52466915
Gurobi status: 2

Statistics for model Linearization Heuristic :
  Linear constraint matrix    : 1221 Constrs, 990 Vars, 1980 NZs
  Matrix coefficient range    : [ 0.384842, 1 ]
  Objective coefficient range : [ 2.77556e-17, 1.16826e+08 ]
  Variable bound range        : [ 0.05, 1 ]
  RHS coefficient range       : [ 4.86828e-08, 0.289623 ]
Objective value for Line heur k = 93: 3574533.2664365955
0
Actual reward of current solution: 54038284.52466915
Minimum Difference with past solutions:0.0.
New solution equals old solution at k=93
0
Total Reward at the start of the inner iterations: 54038284.52466915
Gurobi status: 2

Statistics for model Linearization Heuristic :
  Linear constraint matrix    : 1110 Constrs, 900 Vars, 1755 NZs
  Matrix coefficient range    : [ 0.423403, 1 ]
  Objective coefficient range : [ 2.77556e-17, 1.16826e+08 ]
  Variable bound range        : [ 0.05, 1 ]
  RHS coefficient range       : [ 4.86828e-08, 0.289623 ]
Objective value for Line heur k = 94: 3249575.643741384
0
Actual reward of current solution: 54038284.52466915
Minimum Difference with past solutions:0.0.
New solution equals old solution at k=94
0
Total Reward at the start of the inner iterations: 54038284.52466915
Gurobi status: 2

Statistics for model Linearization Heuristic :
  Linear constraint matrix    : 999 Constrs, 810 Vars, 1539 NZs
  Matrix coefficient range    : [ 0.465828, 1 ]
  Objective coefficient range : [ 2.77556e-17, 1.16826e+08 ]
  Variable bound range        : [ 0.05, 1 ]
  RHS coefficient range       : [ 4.86828e-08, 0.289623 ]
Objective value for Line heur k = 95: 2924618.0373664675
0
Actual reward of current solution: 54038284.52466915
Minimum Difference with past solutions:0.0.
New solution equals old solution at k=95
0
Total Reward at the start of the inner iterations: 54038284.52466915
Gurobi status: 2

Statistics for model Linearization Heuristic :
  Linear constraint matrix    : 888 Constrs, 720 Vars, 1332 NZs
  Matrix coefficient range    : [ 0.512504, 1 ]
  Objective coefficient range : [ 2.77556e-17, 1.16826e+08 ]
  Variable bound range        : [ 0.05, 1 ]
  RHS coefficient range       : [ 4.86828e-08, 0.289623 ]
Objective value for Line heur k = 96: 2599660.4450513963
0
Actual reward of current solution: 54038284.52466915
Minimum Difference with past solutions:0.0.
New solution equals old solution at k=96
0
Total Reward at the start of the inner iterations: 54038284.52466915
Gurobi status: 2

Statistics for model Linearization Heuristic :
  Linear constraint matrix    : 777 Constrs, 630 Vars, 1134 NZs
  Matrix coefficient range    : [ 0.563857, 1 ]
  Objective coefficient range : [ 2.77556e-17, 1.16826e+08 ]
  Variable bound range        : [ 0.05, 1 ]
  RHS coefficient range       : [ 4.86828e-08, 0.289623 ]
Objective value for Line heur k = 97: 2274702.864645931
0
Actual reward of current solution: 54038284.52466915
Minimum Difference with past solutions:0.0.
New solution equals old solution at k=97
0
Total Reward at the start of the inner iterations: 54038284.52466915
Gurobi status: 2

Statistics for model Linearization Heuristic :
  Linear constraint matrix    : 666 Constrs, 540 Vars, 945 NZs
  Matrix coefficient range    : [ 0.620356, 1 ]
  Objective coefficient range : [ 2.77556e-17, 1.16826e+08 ]
  Variable bound range        : [ 0.05, 1 ]
  RHS coefficient range       : [ 4.86828e-08, 0.289623 ]
Objective value for Line heur k = 98: 1949745.2941962134
0
Actual reward of current solution: 54038284.52466915
Minimum Difference with past solutions:0.0.
New solution equals old solution at k=98
0
Total Reward at the start of the inner iterations: 54038284.52466915
Gurobi status: 2

Statistics for model Linearization Heuristic :
  Linear constraint matrix    : 555 Constrs, 450 Vars, 765 NZs
  Matrix coefficient range    : [ 0.682516, 1 ]
  Objective coefficient range : [ 2.77556e-17, 1.16826e+08 ]
  Variable bound range        : [ 0.05, 1 ]
  RHS coefficient range       : [ 4.86828e-08, 0.289623 ]
Objective value for Line heur k = 99: 1624787.7319809594
0
Actual reward of current solution: 54038284.52466915
Minimum Difference with past solutions:0.0.
New solution equals old solution at k=99
0
Total Reward at the start of the inner iterations: 54038284.52466915
Gurobi status: 2

Statistics for model Linearization Heuristic :
  Linear constraint matrix    : 444 Constrs, 360 Vars, 594 NZs
  Matrix coefficient range    : [ 0.750904, 1 ]
  Objective coefficient range : [ 2.77556e-17, 1.16826e+08 ]
  Variable bound range        : [ 0.05, 1 ]
  RHS coefficient range       : [ 4.86828e-08, 0.289623 ]
Objective value for Line heur k = 100: 1299830.176517299
0
Actual reward of current solution: 54038284.52466915
Minimum Difference with past solutions:0.0.
New solution equals old solution at k=100
0
Total Reward at the start of the inner iterations: 54038284.52466915
Gurobi status: 2

Statistics for model Linearization Heuristic :
  Linear constraint matrix    : 333 Constrs, 270 Vars, 432 NZs
  Matrix coefficient range    : [ 0.826145, 1 ]
  Objective coefficient range : [ 2.77556e-17, 1.16826e+08 ]
  Variable bound range        : [ 0.05, 1 ]
  RHS coefficient range       : [ 4.86828e-08, 0.289623 ]
Objective value for Line heur k = 101: 974872.6265491366
0
Actual reward of current solution: 54038284.52466915
Minimum Difference with past solutions:0.0.
New solution equals old solution at k=101
0
Total Reward at the start of the inner iterations: 54038284.52466915
Gurobi status: 2

Statistics for model Linearization Heuristic :
  Linear constraint matrix    : 222 Constrs, 180 Vars, 279 NZs
  Matrix coefficient range    : [ 0.908925, 1 ]
  Objective coefficient range : [ 0.000293507, 1.16826e+08 ]
  Variable bound range        : [ 0.05, 1 ]
  RHS coefficient range       : [ 4.86828e-08, 0.289623 ]
Objective value for Line heur k = 102: 649915.0810264532
0
Actual reward of current solution: 54038284.52466915
Minimum Difference with past solutions:0.0.
New solution equals old solution at k=102
0
Total Reward at the start of the inner iterations: 54038284.52466915
Gurobi status: 2

Statistics for model Linearization Heuristic :
  Linear constraint matrix    : 111 Constrs, 90 Vars, 135 NZs
  Matrix coefficient range    : [ 1, 1 ]
  Objective coefficient range : [ 1569.58, 1.16826e+08 ]
  Variable bound range        : [ 0.05, 1 ]
  RHS coefficient range       : [ 4.86828e-08, 0.289623 ]
Objective value for Line heur k = 103: 324957.5390807677
0
Actual reward of current solution: 54038284.52466915
Minimum Difference with past solutions:0.0.
New solution equals old solution at k=103
Total running time for 90 days is 1673.9514141082764
Economic Value: 66834008.64216135
Deaths 0.11425723819848582
Total Reward 54038284.52466915
