{'groups': 'all', 'params_to_try': {'delta_schooling': [0.5], 'xi': [0, 371990.3, 929975.75, 1859951.5, 3719903, 5579854.5], 'icus': [2900], 'tests': [[60000, 0]], 'testing': ['homogeneous'], 'eta': [0.1]}}
{'groups': 'all', 'params_to_try': {'delta_schooling': [0.5], 'xi': [0, 371990.3, 929975.75, 1859951.5, 3719903, 5579854.5], 'icus': [2900], 'tests': [[60000, 0]], 'testing': ['homogeneous'], 'eta': [0.1]}}
{'groups': 'all', 'params_to_try': {'delta_schooling': [0.9478274870593494], 'icus': [2900], 'eta': [0.1912068543778499], 'tests': [[0, 0]], 'xi': [14879612.0], 'testing': ['homogeneous']}}
results/time_gradient/xi-14879612_icus-2900_testing-homogeneous_natests-0_nmtests-0_T-90_startday-0_groups-all_dschool-0.947827_eta-0.191207_freq-90-14_initParamVarying-multiplier_beta_randomInstance-2.yaml
{'groups': 'all', 'params_to_try': {'delta_schooling': [0.5], 'xi': [0, 371990.3, 929975.75, 1859951.5, 3719903, 5579854.5], 'icus': [2900], 'tests': [[60000, 0]], 'testing': ['homogeneous'], 'eta': [0.1]}}
{'groups': 'all', 'params_to_try': {'delta_schooling': [0.5], 'xi': [0, 371990.3, 929975.75, 1859951.5, 3719903, 5579854.5], 'icus': [2900], 'tests': [[60000, 0]], 'testing': ['homogeneous'], 'eta': [0.1]}}
{'groups': 'all', 'params_to_try': {'delta_schooling': [0.9478274870593494], 'icus': [2900], 'eta': [0.1912068543778499], 'tests': [[0, 0]], 'xi': [14879612.0], 'testing': ['homogeneous']}}
results/dynamic_gradient/xi-14879612_icus-2900_testing-homogeneous_natests-0_nmtests-0_T-90_startday-0_groups-all_dschool-0.947827_eta-0.191207_freq-90-14_initParamVarying-multiplier_beta_randomInstance-2.yaml
500
(0.5, 148796120.0, 0.29, 0.0, (7, 14), 'fitted-scaled', 'econ-scaled', 'oct21-scaled', 0.1, 0.05, 2, 'dynamic_gradient', 2, 'multiplier_beta')
The value of T is: 104
Missing starting point -- Running the initial heuristic.
/home/groups/daniancu/covid-optimization/covid-optimization
90
Total Reward at the start of the inner iterations: 51052158.37133969
Using license file /share/software/user/restricted/gurobi/9.0.3_py36/licenses/gurobi.lic
Set parameter TokenServer to value license4.stanford.edu
Gurobi status: 2

Statistics for model Linearization Heuristic :
  Linear constraint matrix    : 16026 Constrs, 9360 Vars, 5948718 NZs
  Matrix coefficient range    : [ 1.00137e-13, 1 ]
  Objective coefficient range : [ 2.02682e-22, 1.54025e+08 ]
  Variable bound range        : [ 0.05, 1 ]
  RHS coefficient range       : [ 9.25285e-08, 0.295852 ]
Objective value for Line heur k = 0: 28169459.053006746
90
Actual reward of current solution: 50567276.53078142
Minimum Difference with past solutions:0.050000000000000044.
Gurobi status: 2

Statistics for model Linearization Heuristic :
  Linear constraint matrix    : 16026 Constrs, 9360 Vars, 6321560 NZs
  Matrix coefficient range    : [ 1.00043e-13, 1 ]
  Objective coefficient range : [ 1.98351e-22, 1.54025e+08 ]
  Variable bound range        : [ 0.05, 1 ]
  RHS coefficient range       : [ 3.00173e-07, 0.297103 ]
Objective value for Line heur k = 0: 27375127.970516205
90
Actual reward of current solution: 51186301.21844984
Minimum Difference with past solutions:0.050000000000000044.
Gurobi status: 2

Statistics for model Linearization Heuristic :
  Linear constraint matrix    : 16026 Constrs, 9360 Vars, 5948730 NZs
  Matrix coefficient range    : [ 1.0025e-13, 1 ]
  Objective coefficient range : [ 4.80696e-21, 1.54025e+08 ]
  Variable bound range        : [ 0.05, 1 ]
  RHS coefficient range       : [ 1.20034e-07, 0.296059 ]
Objective value for Line heur k = 0: 28301257.772291362
90
Actual reward of current solution: 50681874.10219746
Minimum Difference with past solutions:0.050000000000000044.
Gurobi status: 2

Statistics for model Linearization Heuristic :
  Linear constraint matrix    : 16026 Constrs, 9360 Vars, 6321575 NZs
  Matrix coefficient range    : [ 1.00457e-13, 1 ]
  Objective coefficient range : [ 1.09061e-22, 1.54025e+08 ]
  Variable bound range        : [ 0.05, 1 ]
  RHS coefficient range       : [ 3.09e-07, 0.297381 ]
Objective value for Line heur k = 0: 27469381.76436162
90
Actual reward of current solution: 51322101.476447165
Minimum Difference with past solutions:0.050000000000000044.
Gurobi status: 2

Statistics for model Linearization Heuristic :
  Linear constraint matrix    : 16026 Constrs, 9360 Vars, 5948739 NZs
  Matrix coefficient range    : [ 1.00167e-13, 1 ]
  Objective coefficient range : [ 4.74429e-21, 1.54025e+08 ]
  Variable bound range        : [ 0.05, 1 ]
  RHS coefficient range       : [ 7.31778e-08, 0.296259 ]
Objective value for Line heur k = 0: 28437247.964030195
90
Actual reward of current solution: 50799393.51818779
Minimum Difference with past solutions:0.050000000000000044.
Gurobi status: 2

Statistics for model Linearization Heuristic :
  Linear constraint matrix    : 16026 Constrs, 9360 Vars, 6321585 NZs
  Matrix coefficient range    : [ 1.00409e-13, 1 ]
  Objective coefficient range : [ 1.08095e-21, 1.54025e+08 ]
  Variable bound range        : [ 0.05, 1 ]
  RHS coefficient range       : [ 3.17496e-07, 0.29765 ]
Objective value for Line heur k = 0: 27566831.596568294
90
Actual reward of current solution: 51458789.14962688
Minimum Difference with past solutions:0.050000000000000044.
Gurobi status: 2

Statistics for model Linearization Heuristic :
  Linear constraint matrix    : 16026 Constrs, 9360 Vars, 5948748 NZs
  Matrix coefficient range    : [ 1.00118e-13, 1 ]
  Objective coefficient range : [ 1.44106e-21, 1.54025e+08 ]
  Variable bound range        : [ 0.05, 1 ]
  RHS coefficient range       : [ 2.94919e-08, 0.296444 ]
Objective value for Line heur k = 0: 28571005.279245187
90
Actual reward of current solution: 50919425.43744818
Minimum Difference with past solutions:0.050000000000000044.
Gurobi status: 2

Statistics for model Linearization Heuristic :
  Linear constraint matrix    : 16026 Constrs, 9360 Vars, 6321595 NZs
  Matrix coefficient range    : [ 1.00295e-13, 1 ]
  Objective coefficient range : [ 2.90654e-21, 1.54025e+08 ]
  Variable bound range        : [ 0.05, 1 ]
  RHS coefficient range       : [ 7.86721e-08, 0.297879 ]
Objective value for Line heur k = 0: 27670190.39388973
90
Actual reward of current solution: 51595497.55761638
Minimum Difference with past solutions:0.050000000000000044.
Gurobi status: 2

Statistics for model Linearization Heuristic :
  Linear constraint matrix    : 16026 Constrs, 9360 Vars, 5948753 NZs
  Matrix coefficient range    : [ 1.00295e-13, 1 ]
  Objective coefficient range : [ 1.53051e-21, 1.54025e+08 ]
  Variable bound range        : [ 0.05, 1 ]
  RHS coefficient range       : [ 9.72202e-09, 0.296587 ]
Objective value for Line heur k = 0: 28708178.988426976
90
Actual reward of current solution: 51041719.020085685
Minimum Difference with past solutions:0.050000000000000044.
Gurobi status: 2

Statistics for model Linearization Heuristic :
  Linear constraint matrix    : 16026 Constrs, 9360 Vars, 6321597 NZs
  Matrix coefficient range    : [ 1.00312e-13, 1 ]
  Objective coefficient range : [ 2.67041e-21, 1.54025e+08 ]
  Variable bound range        : [ 0.05, 1 ]
  RHS coefficient range       : [ 3.29352e-07, 0.298059 ]
Objective value for Line heur k = 0: 27781278.172175888
90
Actual reward of current solution: 51732078.750021204
Minimum Difference with past solutions:0.050000000000000044.
Gurobi status: 2

Statistics for model Linearization Heuristic :
  Linear constraint matrix    : 16026 Constrs, 9360 Vars, 5948755 NZs
  Matrix coefficient range    : [ 1.00175e-13, 1 ]
  Objective coefficient range : [ 4.01284e-21, 1.54025e+08 ]
  Variable bound range        : [ 0.05, 1 ]
  RHS coefficient range       : [ 4.10968e-08, 0.296692 ]
Objective value for Line heur k = 0: 28846604.278873973
90
Actual reward of current solution: 51168308.33578711
Minimum Difference with past solutions:0.050000000000000044.
Gurobi status: 2

Statistics for model Linearization Heuristic :
  Linear constraint matrix    : 16026 Constrs, 9360 Vars, 6321600 NZs
  Matrix coefficient range    : [ 1.00167e-13, 1 ]
  Objective coefficient range : [ 2.00133e-21, 1.54025e+08 ]
  Variable bound range        : [ 0.05, 1 ]
  RHS coefficient range       : [ 3.32575e-07, 0.298183 ]
Objective value for Line heur k = 0: 27901792.410139404
90
Actual reward of current solution: 51868363.196875006
Minimum Difference with past solutions:0.050000000000000044.
Gurobi status: 2

Statistics for model Linearization Heuristic :
  Linear constraint matrix    : 16026 Constrs, 9360 Vars, 5948762 NZs
  Matrix coefficient range    : [ 1.00023e-13, 1 ]
  Objective coefficient range : [ 3.01377e-21, 1.54025e+08 ]
  Variable bound range        : [ 0.05, 1 ]
  RHS coefficient range       : [ 5.19515e-08, 0.296758 ]
Objective value for Line heur k = 0: 28987384.941049837
90
Actual reward of current solution: 51297457.12002098
Minimum Difference with past solutions:0.050000000000000044.
Gurobi status: 2

Statistics for model Linearization Heuristic :
  Linear constraint matrix    : 16026 Constrs, 9360 Vars, 6321602 NZs
  Matrix coefficient range    : [ 1.00149e-13, 1 ]
  Objective coefficient range : [ 2.99019e-21, 1.54025e+08 ]
  Variable bound range        : [ 0.05, 1 ]
  RHS coefficient range       : [ 3.34653e-07, 0.298263 ]
Objective value for Line heur k = 0: 28032060.170279592
90
Actual reward of current solution: 52004616.84818901
Minimum Difference with past solutions:0.050000000000000044.
Gurobi status: 2

Statistics for model Linearization Heuristic :
  Linear constraint matrix    : 16026 Constrs, 9360 Vars, 5948766 NZs
  Matrix coefficient range    : [ 1.00097e-13, 1 ]
  Objective coefficient range : [ 2.26437e-21, 1.54025e+08 ]
  Variable bound range        : [ 0.05, 1 ]
  RHS coefficient range       : [ 6.21914e-08, 0.296811 ]
Objective value for Line heur k = 0: 29121942.03692259
90
Actual reward of current solution: 51428277.25021059
Minimum Difference with past solutions:0.050000000000000044.
Gurobi status: 2

Statistics for model Linearization Heuristic :
  Linear constraint matrix    : 16026 Constrs, 9360 Vars, 6321605 NZs
  Matrix coefficient range    : [ 1.00017e-13, 1 ]
  Objective coefficient range : [ 1.29782e-21, 1.54025e+08 ]
  Variable bound range        : [ 0.05, 1 ]
  RHS coefficient range       : [ 3.36291e-07, 0.298324 ]
Objective value for Line heur k = 0: 28154981.032681916
90
Actual reward of current solution: 52138425.36626465
Minimum Difference with past solutions:0.05.
Gurobi status: 2

Statistics for model Linearization Heuristic :
  Linear constraint matrix    : 16026 Constrs, 9360 Vars, 5948768 NZs
  Matrix coefficient range    : [ 1.00075e-13, 1 ]
  Objective coefficient range : [ 5.97877e-22, 1.54025e+08 ]
  Variable bound range        : [ 0.05, 1 ]
  RHS coefficient range       : [ 6.3737e-08, 0.296845 ]
Objective value for Line heur k = 0: 29249086.838167354
90
Actual reward of current solution: 51560743.17437525
Minimum Difference with past solutions:0.05.
Gurobi status: 2

Statistics for model Linearization Heuristic :
  Linear constraint matrix    : 16026 Constrs, 9360 Vars, 6321605 NZs
  Matrix coefficient range    : [ 1.00206e-13, 1 ]
  Objective coefficient range : [ 4.19959e-22, 1.54025e+08 ]
  Variable bound range        : [ 0.05, 1 ]
  RHS coefficient range       : [ 3.36888e-07, 0.298346 ]
Objective value for Line heur k = 0: 28281416.15060101
90
Actual reward of current solution: 52271534.9424961
Minimum Difference with past solutions:0.05.
Gurobi status: 2

Statistics for model Linearization Heuristic :
  Linear constraint matrix    : 16026 Constrs, 9360 Vars, 5948768 NZs
  Matrix coefficient range    : [ 1.00075e-13, 1 ]
  Objective coefficient range : [ 5.96803e-22, 1.54025e+08 ]
  Variable bound range        : [ 0.05, 1 ]
  RHS coefficient range       : [ 6.3737e-08, 0.296845 ]
Objective value for Line heur k = 0: 29382176.30359808
90
Actual reward of current solution: 51693850.65699413
Minimum Difference with past solutions:0.05.
Gurobi status: 2

Statistics for model Linearization Heuristic :
  Linear constraint matrix    : 16026 Constrs, 9360 Vars, 6321605 NZs
  Matrix coefficient range    : [ 1.00206e-13, 1 ]
  Objective coefficient range : [ 4.01756e-22, 1.54025e+08 ]
  Variable bound range        : [ 0.05, 1 ]
  RHS coefficient range       : [ 3.36888e-07, 0.298346 ]
Objective value for Line heur k = 0: 28414500.565795895
90
Actual reward of current solution: 52404644.51872753
Minimum Difference with past solutions:0.05.
Gurobi status: 2

Statistics for model Linearization Heuristic :
  Linear constraint matrix    : 16026 Constrs, 9360 Vars, 5948768 NZs
  Matrix coefficient range    : [ 1.00075e-13, 1 ]
  Objective coefficient range : [ 5.95729e-22, 1.54025e+08 ]
  Variable bound range        : [ 0.05, 1 ]
  RHS coefficient range       : [ 6.3737e-08, 0.296845 ]
Objective value for Line heur k = 0: 29448710.978504505
90
Actual reward of current solution: 51760404.39830355
Minimum Difference with past solutions:0.049999999999999684.
Gurobi status: 2

Statistics for model Linearization Heuristic :
  Linear constraint matrix    : 16026 Constrs, 9360 Vars, 6321605 NZs
  Matrix coefficient range    : [ 1.00206e-13, 1 ]
  Objective coefficient range : [ 3.92655e-22, 1.54025e+08 ]
  Variable bound range        : [ 0.05, 1 ]
  RHS coefficient range       : [ 3.36888e-07, 0.298346 ]
Objective value for Line heur k = 0: 28414489.029332403
90
Actual reward of current solution: 52404644.51872753
Minimum Difference with past solutions:0.0.
New solution equals old solution at k=0
89
Total Reward at the start of the inner iterations: 52404644.51872753
Gurobi status: 2

Statistics for model Linearization Heuristic :
  Linear constraint matrix    : 15915 Constrs, 9270 Vars, 5846917 NZs
  Matrix coefficient range    : [ 1.00075e-13, 1 ]
  Objective coefficient range : [ 5.95729e-22, 1.54025e+08 ]
  Variable bound range        : [ 0.05, 1 ]
  RHS coefficient range       : [ 2.03559e-07, 1 ]
Objective value for Line heur k = 1: 29391739.363379903
89
Actual reward of current solution: 52270634.12698541
Minimum Difference with past solutions:0.05.
Gurobi status: 2

Statistics for model Linearization Heuristic :
  Linear constraint matrix    : 15915 Constrs, 9270 Vars, 5912982 NZs
  Matrix coefficient range    : [ 1.00039e-13, 1 ]
  Objective coefficient range : [ 4.21621e-22, 1.54025e+08 ]
  Variable bound range        : [ 0.05, 1 ]
  RHS coefficient range       : [ 2.14307e-07, 1 ]
Objective value for Line heur k = 1: 29075338.501982737
89
Actual reward of current solution: 52404644.51872753
Minimum Difference with past solutions:0.0.
New solution equals old solution at k=1
88
Total Reward at the start of the inner iterations: 52404644.51872753
Gurobi status: 2

Statistics for model Linearization Heuristic :
  Linear constraint matrix    : 15750 Constrs, 9180 Vars, 5746019 NZs
  Matrix coefficient range    : [ 1.00075e-13, 1 ]
  Objective coefficient range : [ 5.95729e-22, 1.54025e+08 ]
  Variable bound range        : [ 0.05, 1 ]
  RHS coefficient range       : [ 8.38663e-08, 1 ]
Objective value for Line heur k = 2: 29432010.655280117
88
Actual reward of current solution: 52270634.12698541
Minimum Difference with past solutions:0.05.
Gurobi status: 2

Statistics for model Linearization Heuristic :
  Linear constraint matrix    : 15750 Constrs, 9180 Vars, 5812084 NZs
  Matrix coefficient range    : [ 1.00039e-13, 1 ]
  Objective coefficient range : [ 4.21621e-22, 1.54025e+08 ]
  Variable bound range        : [ 0.05, 1 ]
  RHS coefficient range       : [ 5.71427e-08, 1 ]
Objective value for Line heur k = 2: 29123117.166524712
88
Actual reward of current solution: 52404644.51872753
Minimum Difference with past solutions:0.0.
New solution equals old solution at k=2
87
Total Reward at the start of the inner iterations: 52404644.51872753
Gurobi status: 2

Statistics for model Linearization Heuristic :
  Linear constraint matrix    : 15585 Constrs, 9090 Vars, 5646128 NZs
  Matrix coefficient range    : [ 1.00075e-13, 1 ]
  Objective coefficient range : [ 5.95729e-22, 1.54025e+08 ]
  Variable bound range        : [ 0.05, 1 ]
  RHS coefficient range       : [ 1.18553e-07, 1 ]
Objective value for Line heur k = 3: 29467313.373420406
87
Actual reward of current solution: 52270634.12698541
Minimum Difference with past solutions:0.05.
Gurobi status: 2

Statistics for model Linearization Heuristic :
  Linear constraint matrix    : 15585 Constrs, 9090 Vars, 5712193 NZs
  Matrix coefficient range    : [ 1.00039e-13, 1 ]
  Objective coefficient range : [ 4.21621e-22, 1.54025e+08 ]
  Variable bound range        : [ 0.05, 1 ]
  RHS coefficient range       : [ 2.52658e-07, 1 ]
Objective value for Line heur k = 3: 29166415.491012976
87
Actual reward of current solution: 52404644.51872753
Minimum Difference with past solutions:0.0.
New solution equals old solution at k=3
86
Total Reward at the start of the inner iterations: 52404644.51872753
Gurobi status: 2

Statistics for model Linearization Heuristic :
  Linear constraint matrix    : 15420 Constrs, 9000 Vars, 5547244 NZs
  Matrix coefficient range    : [ 1.00075e-13, 1 ]
  Objective coefficient range : [ 5.95729e-22, 1.54025e+08 ]
  Variable bound range        : [ 0.05, 1 ]
  RHS coefficient range       : [ 1.70331e-09, 1 ]
Objective value for Line heur k = 4: 29491506.954556566
86
Actual reward of current solution: 52270634.12698541
Minimum Difference with past solutions:0.05.
Gurobi status: 2

Statistics for model Linearization Heuristic :
  Linear constraint matrix    : 15420 Constrs, 9000 Vars, 5613309 NZs
  Matrix coefficient range    : [ 1.00039e-13, 1 ]
  Objective coefficient range : [ 4.21621e-22, 1.54025e+08 ]
  Variable bound range        : [ 0.05, 1 ]
  RHS coefficient range       : [ 2.43147e-07, 1 ]
Objective value for Line heur k = 4: 29198923.521889567
86
Actual reward of current solution: 52404644.51872753
Minimum Difference with past solutions:0.0.
New solution equals old solution at k=4
85
Total Reward at the start of the inner iterations: 52404644.51872753
Gurobi status: 2

Statistics for model Linearization Heuristic :
  Linear constraint matrix    : 15255 Constrs, 8910 Vars, 5449367 NZs
  Matrix coefficient range    : [ 1.00075e-13, 1 ]
  Objective coefficient range : [ 5.95729e-22, 1.54025e+08 ]
  Variable bound range        : [ 0.05, 1 ]
  RHS coefficient range       : [ 8.33786e-08, 1 ]
Objective value for Line heur k = 5: 29501705.08643775
85
Actual reward of current solution: 52270634.12698541
Minimum Difference with past solutions:0.05.
Gurobi status: 2

Statistics for model Linearization Heuristic :
  Linear constraint matrix    : 15255 Constrs, 8910 Vars, 5515432 NZs
  Matrix coefficient range    : [ 1.00039e-13, 1 ]
  Objective coefficient range : [ 4.21621e-22, 1.54025e+08 ]
  Variable bound range        : [ 0.05, 1 ]
  RHS coefficient range       : [ 8.28469e-08, 1 ]
Objective value for Line heur k = 5: 29217638.768442594
85
Actual reward of current solution: 52404644.51872753
Minimum Difference with past solutions:0.0.
New solution equals old solution at k=5
84
Total Reward at the start of the inner iterations: 52404644.51872753
Gurobi status: 2

Statistics for model Linearization Heuristic :
  Linear constraint matrix    : 15090 Constrs, 8820 Vars, 5352497 NZs
  Matrix coefficient range    : [ 1.00075e-13, 1 ]
  Objective coefficient range : [ 5.95729e-22, 1.54025e+08 ]
  Variable bound range        : [ 0.05, 1 ]
  RHS coefficient range       : [ 2.03934e-07, 1 ]
Objective value for Line heur k = 6: 29496903.01317849
84
Actual reward of current solution: 52270634.12698541
Minimum Difference with past solutions:0.05.
Gurobi status: 2

Statistics for model Linearization Heuristic :
  Linear constraint matrix    : 15090 Constrs, 8820 Vars, 5418562 NZs
  Matrix coefficient range    : [ 1.00039e-13, 1 ]
  Objective coefficient range : [ 4.21621e-22, 1.54025e+08 ]
  Variable bound range        : [ 0.05, 1 ]
  RHS coefficient range       : [ 2.55402e-07, 1 ]
Objective value for Line heur k = 6: 29221472.54384512
84
Actual reward of current solution: 52404644.51872753
Minimum Difference with past solutions:0.0.
New solution equals old solution at k=6
83
Total Reward at the start of the inner iterations: 52404644.51872753
Gurobi status: 2

Statistics for model Linearization Heuristic :
  Linear constraint matrix    : 14925 Constrs, 8730 Vars, 5256634 NZs
  Matrix coefficient range    : [ 1.00075e-13, 1 ]
  Objective coefficient range : [ 5.95729e-22, 1.54025e+08 ]
  Variable bound range        : [ 0.05, 1 ]
  RHS coefficient range       : [ 2.22157e-07, 1 ]
Objective value for Line heur k = 7: 29477146.91298923
83
Actual reward of current solution: 52270634.12698541
Minimum Difference with past solutions:0.05.
Gurobi status: 2

Statistics for model Linearization Heuristic :
  Linear constraint matrix    : 14925 Constrs, 8730 Vars, 5322699 NZs
  Matrix coefficient range    : [ 1.00039e-13, 1 ]
  Objective coefficient range : [ 4.21621e-22, 1.54025e+08 ]
  Variable bound range        : [ 0.05, 1 ]
  RHS coefficient range       : [ 2.83797e-07, 1 ]
Objective value for Line heur k = 7: 29210404.838615727
83
Actual reward of current solution: 52404644.51872753
Minimum Difference with past solutions:0.0.
New solution equals old solution at k=7
82
Total Reward at the start of the inner iterations: 52404644.51872753
Gurobi status: 2

Statistics for model Linearization Heuristic :
  Linear constraint matrix    : 14760 Constrs, 8640 Vars, 5161778 NZs
  Matrix coefficient range    : [ 1.00075e-13, 1 ]
  Objective coefficient range : [ 5.95729e-22, 1.54025e+08 ]
  Variable bound range        : [ 0.05, 1 ]
  RHS coefficient range       : [ 2.45086e-07, 1 ]
Objective value for Line heur k = 8: 29443030.11839189
82
Actual reward of current solution: 52270634.12698541
Minimum Difference with past solutions:0.05.
Gurobi status: 2

Statistics for model Linearization Heuristic :
  Linear constraint matrix    : 14760 Constrs, 8640 Vars, 5227843 NZs
  Matrix coefficient range    : [ 1.00039e-13, 1 ]
  Objective coefficient range : [ 4.21621e-22, 1.54025e+08 ]
  Variable bound range        : [ 0.05, 1 ]
  RHS coefficient range       : [ 2.59891e-07, 1 ]
Objective value for Line heur k = 8: 29184969.517183937
82
Actual reward of current solution: 52404644.51872753
Minimum Difference with past solutions:0.0.
New solution equals old solution at k=8
81
Total Reward at the start of the inner iterations: 52404644.51872753
Gurobi status: 2

Statistics for model Linearization Heuristic :
  Linear constraint matrix    : 14595 Constrs, 8550 Vars, 5067929 NZs
  Matrix coefficient range    : [ 1.00075e-13, 1 ]
  Objective coefficient range : [ 5.95729e-22, 1.54025e+08 ]
  Variable bound range        : [ 0.05, 1 ]
  RHS coefficient range       : [ 7.68333e-08, 1 ]
Objective value for Line heur k = 9: 29395384.418931082
81
Actual reward of current solution: 52270634.12698541
Minimum Difference with past solutions:0.05.
Gurobi status: 2

Statistics for model Linearization Heuristic :
  Linear constraint matrix    : 14595 Constrs, 8550 Vars, 5133994 NZs
  Matrix coefficient range    : [ 1.00039e-13, 1 ]
  Objective coefficient range : [ 4.21621e-22, 1.54025e+08 ]
  Variable bound range        : [ 0.05, 1 ]
  RHS coefficient range       : [ 1.04333e-07, 1 ]
Objective value for Line heur k = 9: 29145935.853415944
81
Actual reward of current solution: 52404644.51872753
Minimum Difference with past solutions:0.0.
New solution equals old solution at k=9
80
Total Reward at the start of the inner iterations: 52404644.51872753
Gurobi status: 2

Statistics for model Linearization Heuristic :
  Linear constraint matrix    : 14430 Constrs, 8460 Vars, 4975087 NZs
  Matrix coefficient range    : [ 1.00075e-13, 1 ]
  Objective coefficient range : [ 5.95729e-22, 1.54025e+08 ]
  Variable bound range        : [ 0.05, 1 ]
  RHS coefficient range       : [ 2.24248e-07, 1 ]
Objective value for Line heur k = 10: 29335084.4436408
80
Actual reward of current solution: 52270634.12698541
Minimum Difference with past solutions:0.05.
Gurobi status: 2

Statistics for model Linearization Heuristic :
  Linear constraint matrix    : 14430 Constrs, 8460 Vars, 5041152 NZs
  Matrix coefficient range    : [ 1.00039e-13, 1 ]
  Objective coefficient range : [ 4.21621e-22, 1.54025e+08 ]
  Variable bound range        : [ 0.05, 1 ]
  RHS coefficient range       : [ 1.62713e-07, 1 ]
Objective value for Line heur k = 10: 29094102.445876725
80
Actual reward of current solution: 52404644.51872753
Minimum Difference with past solutions:0.0.
New solution equals old solution at k=10
79
Total Reward at the start of the inner iterations: 52404644.51872753
Gurobi status: 2

Statistics for model Linearization Heuristic :
  Linear constraint matrix    : 14265 Constrs, 8370 Vars, 4883252 NZs
  Matrix coefficient range    : [ 1.00075e-13, 1 ]
  Objective coefficient range : [ 5.95729e-22, 1.54025e+08 ]
  Variable bound range        : [ 0.05, 1 ]
  RHS coefficient range       : [ 1.21955e-07, 1 ]
Objective value for Line heur k = 11: 29262912.137230407
79
Actual reward of current solution: 52270634.12698541
Minimum Difference with past solutions:0.05.
Gurobi status: 2

Statistics for model Linearization Heuristic :
  Linear constraint matrix    : 14265 Constrs, 8370 Vars, 4949317 NZs
  Matrix coefficient range    : [ 1.00039e-13, 1 ]
  Objective coefficient range : [ 4.21621e-22, 1.54025e+08 ]
  Variable bound range        : [ 0.05, 1 ]
  RHS coefficient range       : [ 2.45499e-10, 1 ]
Objective value for Line heur k = 11: 29030148.409368236
79
Actual reward of current solution: 52404644.51872753
Minimum Difference with past solutions:0.0.
New solution equals old solution at k=11
78
Total Reward at the start of the inner iterations: 52404644.51872753
Gurobi status: 2

Statistics for model Linearization Heuristic :
  Linear constraint matrix    : 14100 Constrs, 8280 Vars, 4792424 NZs
  Matrix coefficient range    : [ 1.00075e-13, 1 ]
  Objective coefficient range : [ 5.95729e-22, 1.54025e+08 ]
  Variable bound range        : [ 0.05, 1 ]
  RHS coefficient range       : [ 1.19443e-08, 1 ]
Objective value for Line heur k = 12: 29179444.142252296
78
Actual reward of current solution: 52270634.12698541
Minimum Difference with past solutions:0.05.
Gurobi status: 2

Statistics for model Linearization Heuristic :
  Linear constraint matrix    : 14100 Constrs, 8280 Vars, 4858489 NZs
  Matrix coefficient range    : [ 1.00039e-13, 1 ]
  Objective coefficient range : [ 4.21621e-22, 1.54025e+08 ]
  Variable bound range        : [ 0.05, 1 ]
  RHS coefficient range       : [ 1.29057e-07, 1 ]
Objective value for Line heur k = 12: 28954501.910004605
78
Actual reward of current solution: 52404644.51872753
Minimum Difference with past solutions:0.0.
New solution equals old solution at k=12
77
Total Reward at the start of the inner iterations: 52404644.51872753
Gurobi status: 2

Statistics for model Linearization Heuristic :
  Linear constraint matrix    : 13935 Constrs, 8190 Vars, 4702603 NZs
  Matrix coefficient range    : [ 1.00075e-13, 1 ]
  Objective coefficient range : [ 5.95729e-22, 1.54025e+08 ]
  Variable bound range        : [ 0.05, 1 ]
  RHS coefficient range       : [ 1.7083e-08, 1 ]
Objective value for Line heur k = 13: 29084931.58125686
77
Actual reward of current solution: 52270634.12698541
Minimum Difference with past solutions:0.05.
Gurobi status: 2

Statistics for model Linearization Heuristic :
  Linear constraint matrix    : 13935 Constrs, 8190 Vars, 4768668 NZs
  Matrix coefficient range    : [ 1.00039e-13, 1 ]
  Objective coefficient range : [ 4.21621e-22, 1.54025e+08 ]
  Variable bound range        : [ 0.05, 1 ]
  RHS coefficient range       : [ 1.24734e-08, 1 ]
Objective value for Line heur k = 13: 28867191.55410143
77
Actual reward of current solution: 52404644.51872753
Minimum Difference with past solutions:0.0.
New solution equals old solution at k=13
76
Total Reward at the start of the inner iterations: 52404644.51872753
Gurobi status: 2

Statistics for model Linearization Heuristic :
  Linear constraint matrix    : 13770 Constrs, 8100 Vars, 4613843 NZs
  Matrix coefficient range    : [ 1.00075e-13, 1 ]
  Objective coefficient range : [ 5.95729e-22, 1.54025e+08 ]
  Variable bound range        : [ 0.05, 1 ]
  RHS coefficient range       : [ 9.0814e-08, 0.294193 ]
Objective value for Line heur k = 14: 28979141.091387924
76
Actual reward of current solution: 52270634.12698541
Minimum Difference with past solutions:0.05.
Gurobi status: 2

Statistics for model Linearization Heuristic :
  Linear constraint matrix    : 13770 Constrs, 8100 Vars, 4679908 NZs
  Matrix coefficient range    : [ 1.00039e-13, 1 ]
  Objective coefficient range : [ 4.21621e-22, 1.54025e+08 ]
  Variable bound range        : [ 0.05, 1 ]
  RHS coefficient range       : [ 1.14494e-07, 0.294465 ]
Objective value for Line heur k = 14: 28767643.364806827
76
Actual reward of current solution: 52404644.51872753
Minimum Difference with past solutions:0.0.
New solution equals old solution at k=14
75
Total Reward at the start of the inner iterations: 52404644.51872753
Gurobi status: 2

Statistics for model Linearization Heuristic :
  Linear constraint matrix    : 13659 Constrs, 8010 Vars, 4510978 NZs
  Matrix coefficient range    : [ 1.00075e-13, 1 ]
  Objective coefficient range : [ 5.95729e-22, 1.54025e+08 ]
  Variable bound range        : [ 0.05, 1 ]
  RHS coefficient range       : [ 4.7877e-09, 1 ]
Objective value for Line heur k = 15: 28790336.196902998
75
Actual reward of current solution: 52404644.51872753
Minimum Difference with past solutions:0.0.
New solution equals old solution at k=15
74
Total Reward at the start of the inner iterations: 52404644.51872753
Gurobi status: 2

Statistics for model Linearization Heuristic :
  Linear constraint matrix    : 13494 Constrs, 7920 Vars, 4409237 NZs
  Matrix coefficient range    : [ 1.00075e-13, 1 ]
  Objective coefficient range : [ 5.95729e-22, 1.54025e+08 ]
  Variable bound range        : [ 0.05, 1 ]
  RHS coefficient range       : [ 2.90967e-08, 1 ]
Objective value for Line heur k = 16: 28610539.234174244
74
Actual reward of current solution: 52404644.51872753
Minimum Difference with past solutions:0.0.
New solution equals old solution at k=16
73
Total Reward at the start of the inner iterations: 52404644.51872753
Gurobi status: 2

Statistics for model Linearization Heuristic :
  Linear constraint matrix    : 13329 Constrs, 7830 Vars, 4308674 NZs
  Matrix coefficient range    : [ 1.00075e-13, 1 ]
  Objective coefficient range : [ 5.95729e-22, 1.54025e+08 ]
  Variable bound range        : [ 0.05, 1 ]
  RHS coefficient range       : [ 3.26421e-08, 1 ]
Objective value for Line heur k = 17: 28420031.45138964
73
Actual reward of current solution: 52404644.51872753
Minimum Difference with past solutions:0.0.
New solution equals old solution at k=17
72
Total Reward at the start of the inner iterations: 52404644.51872753
Gurobi status: 2

Statistics for model Linearization Heuristic :
  Linear constraint matrix    : 13164 Constrs, 7740 Vars, 4209289 NZs
  Matrix coefficient range    : [ 1.00075e-13, 1 ]
  Objective coefficient range : [ 5.95729e-22, 1.54025e+08 ]
  Variable bound range        : [ 0.05, 1 ]
  RHS coefficient range       : [ 1.95609e-08, 1 ]
Objective value for Line heur k = 18: 28220682.273638666
72
Actual reward of current solution: 52404644.51872753
Minimum Difference with past solutions:0.0.
New solution equals old solution at k=18
71
Total Reward at the start of the inner iterations: 52404644.51872753
Gurobi status: 2

Statistics for model Linearization Heuristic :
  Linear constraint matrix    : 12999 Constrs, 7650 Vars, 4111082 NZs
  Matrix coefficient range    : [ 1.00075e-13, 1 ]
  Objective coefficient range : [ 5.95729e-22, 1.54025e+08 ]
  Variable bound range        : [ 0.05, 1 ]
  RHS coefficient range       : [ 2.87947e-09, 1 ]
Objective value for Line heur k = 19: 28013742.716012724
71
Actual reward of current solution: 52404644.51872753
Minimum Difference with past solutions:0.0.
New solution equals old solution at k=19
70
Total Reward at the start of the inner iterations: 52404644.51872753
Gurobi status: 2

Statistics for model Linearization Heuristic :
  Linear constraint matrix    : 12834 Constrs, 7560 Vars, 4014053 NZs
  Matrix coefficient range    : [ 1.00075e-13, 1 ]
  Objective coefficient range : [ 5.95729e-22, 1.54025e+08 ]
  Variable bound range        : [ 0.05, 1 ]
  RHS coefficient range       : [ 3.05378e-08, 1 ]
Objective value for Line heur k = 20: 27800091.72533067
70
Actual reward of current solution: 52404644.51872753
Minimum Difference with past solutions:0.0.
New solution equals old solution at k=20
69
Total Reward at the start of the inner iterations: 52404644.51872753
Gurobi status: 2

Statistics for model Linearization Heuristic :
  Linear constraint matrix    : 12669 Constrs, 7470 Vars, 3918202 NZs
  Matrix coefficient range    : [ 1.00075e-13, 1 ]
  Objective coefficient range : [ 5.95729e-22, 1.54025e+08 ]
  Variable bound range        : [ 0.05, 1 ]
  RHS coefficient range       : [ 6.08716e-08, 1 ]
Objective value for Line heur k = 21: 27580377.276802916
69
Actual reward of current solution: 52404644.51872753
Minimum Difference with past solutions:0.0.
New solution equals old solution at k=21
68
Total Reward at the start of the inner iterations: 52404644.51872753
Gurobi status: 2

Statistics for model Linearization Heuristic :
  Linear constraint matrix    : 12504 Constrs, 7380 Vars, 3823529 NZs
  Matrix coefficient range    : [ 1.00075e-13, 1 ]
  Objective coefficient range : [ 5.95729e-22, 1.54025e+08 ]
  Variable bound range        : [ 0.05, 1 ]
  RHS coefficient range       : [ 1.38124e-08, 1 ]
Objective value for Line heur k = 22: 27355095.67339147
68
Actual reward of current solution: 52404644.51872753
Minimum Difference with past solutions:0.0.
New solution equals old solution at k=22
67
Total Reward at the start of the inner iterations: 52404644.51872753
Gurobi status: 2

Statistics for model Linearization Heuristic :
  Linear constraint matrix    : 12339 Constrs, 7290 Vars, 3730034 NZs
  Matrix coefficient range    : [ 1.00075e-13, 1 ]
  Objective coefficient range : [ 5.95729e-22, 1.54025e+08 ]
  Variable bound range        : [ 0.05, 1 ]
  RHS coefficient range       : [ 4.14037e-08, 1 ]
Objective value for Line heur k = 23: 27124633.12947266
67
Actual reward of current solution: 52404644.51872753
Minimum Difference with past solutions:0.0.
New solution equals old solution at k=23
66
Total Reward at the start of the inner iterations: 52404644.51872753
Gurobi status: 2

Statistics for model Linearization Heuristic :
  Linear constraint matrix    : 12174 Constrs, 7200 Vars, 3637717 NZs
  Matrix coefficient range    : [ 1.00075e-13, 1 ]
  Objective coefficient range : [ 5.95729e-22, 1.54025e+08 ]
  Variable bound range        : [ 0.05, 1 ]
  RHS coefficient range       : [ 1.35839e-08, 1 ]
Objective value for Line heur k = 24: 26889282.06995844
66
Actual reward of current solution: 52404644.51872753
Minimum Difference with past solutions:0.0.
New solution equals old solution at k=24
65
Total Reward at the start of the inner iterations: 52404644.51872753
Gurobi status: 2

Statistics for model Linearization Heuristic :
  Linear constraint matrix    : 12009 Constrs, 7110 Vars, 3546578 NZs
  Matrix coefficient range    : [ 1.00075e-13, 1 ]
  Objective coefficient range : [ 5.95729e-22, 1.54025e+08 ]
  Variable bound range        : [ 0.05, 1 ]
  RHS coefficient range       : [ 1.30642e-08, 1 ]
Objective value for Line heur k = 25: 26649236.934491966
65
Actual reward of current solution: 52404644.51872753
Minimum Difference with past solutions:0.0.
New solution equals old solution at k=25
64
Total Reward at the start of the inner iterations: 52404644.51872753
Gurobi status: 2

Statistics for model Linearization Heuristic :
  Linear constraint matrix    : 11844 Constrs, 7020 Vars, 3456617 NZs
  Matrix coefficient range    : [ 1.00075e-13, 1 ]
  Objective coefficient range : [ 5.95729e-22, 1.54025e+08 ]
  Variable bound range        : [ 0.05, 1 ]
  RHS coefficient range       : [ 3.87383e-08, 1 ]
Objective value for Line heur k = 26: 26404568.26215309
64
Actual reward of current solution: 52404644.51872753
Minimum Difference with past solutions:0.0.
New solution equals old solution at k=26
63
Total Reward at the start of the inner iterations: 52404644.51872753
Gurobi status: 2

Statistics for model Linearization Heuristic :
  Linear constraint matrix    : 11679 Constrs, 6930 Vars, 3367834 NZs
  Matrix coefficient range    : [ 1.00075e-13, 1 ]
  Objective coefficient range : [ 5.95729e-22, 1.54025e+08 ]
  Variable bound range        : [ 0.05, 1 ]
  RHS coefficient range       : [ 6.39567e-08, 1 ]
Objective value for Line heur k = 27: 26155167.62992429
63
Actual reward of current solution: 52404644.51872753
Minimum Difference with past solutions:0.0.
New solution equals old solution at k=27
62
Total Reward at the start of the inner iterations: 52404644.51872753
Gurobi status: 2

Statistics for model Linearization Heuristic :
  Linear constraint matrix    : 11514 Constrs, 6840 Vars, 3280283 NZs
  Matrix coefficient range    : [ 1.00075e-13, 1 ]
  Objective coefficient range : [ 5.95729e-22, 1.54025e+08 ]
  Variable bound range        : [ 0.05, 1 ]
  RHS coefficient range       : [ 8.96932e-08, 0.292231 ]
Objective value for Line heur k = 28: 25900647.81976262
62
Actual reward of current solution: 52404644.51872753
Minimum Difference with past solutions:0.0.
New solution equals old solution at k=28
61
Total Reward at the start of the inner iterations: 52404644.51872753
Gurobi status: 2

Statistics for model Linearization Heuristic :
  Linear constraint matrix    : 11403 Constrs, 6750 Vars, 3189620 NZs
  Matrix coefficient range    : [ 1.00075e-13, 1 ]
  Objective coefficient range : [ 5.95729e-22, 1.54025e+08 ]
  Variable bound range        : [ 0.05, 1 ]
  RHS coefficient range       : [ 8.75495e-08, 1 ]
Objective value for Line heur k = 29: 25626440.06300174
61
Actual reward of current solution: 52404644.51872753
Minimum Difference with past solutions:0.0.
New solution equals old solution at k=29
60
Total Reward at the start of the inner iterations: 52404644.51872753
Gurobi status: 2

Statistics for model Linearization Heuristic :
  Linear constraint matrix    : 11238 Constrs, 6660 Vars, 3100138 NZs
  Matrix coefficient range    : [ 1.00075e-13, 1 ]
  Objective coefficient range : [ 5.95729e-22, 1.54025e+08 ]
  Variable bound range        : [ 0.05, 1 ]
  RHS coefficient range       : [ 8.77755e-08, 1 ]
Objective value for Line heur k = 30: 25346564.396937992
60
Actual reward of current solution: 52404644.51872753
Minimum Difference with past solutions:0.0.
New solution equals old solution at k=30
59
Total Reward at the start of the inner iterations: 52404644.51872753
Gurobi status: 2

Statistics for model Linearization Heuristic :
  Linear constraint matrix    : 11073 Constrs, 6570 Vars, 3011891 NZs
  Matrix coefficient range    : [ 1.00075e-13, 1 ]
  Objective coefficient range : [ 5.95729e-22, 1.54025e+08 ]
  Variable bound range        : [ 0.05, 1 ]
  RHS coefficient range       : [ 8.8703e-08, 1 ]
Objective value for Line heur k = 31: 25061912.50478624
59
Actual reward of current solution: 52404644.51872753
Minimum Difference with past solutions:0.0.
New solution equals old solution at k=31
58
Total Reward at the start of the inner iterations: 52404644.51872753
Gurobi status: 2

Statistics for model Linearization Heuristic :
  Linear constraint matrix    : 10908 Constrs, 6480 Vars, 2924879 NZs
  Matrix coefficient range    : [ 1.00075e-13, 1 ]
  Objective coefficient range : [ 5.95729e-22, 1.54025e+08 ]
  Variable bound range        : [ 0.05, 1 ]
  RHS coefficient range       : [ 1.76877e-08, 1 ]
Objective value for Line heur k = 32: 24773049.686376397
58
Actual reward of current solution: 52404644.51872753
Minimum Difference with past solutions:0.0.
New solution equals old solution at k=32
57
Total Reward at the start of the inner iterations: 52404644.51872753
Gurobi status: 2

Statistics for model Linearization Heuristic :
  Linear constraint matrix    : 10743 Constrs, 6390 Vars, 2839102 NZs
  Matrix coefficient range    : [ 1.00075e-13, 1 ]
  Objective coefficient range : [ 5.95729e-22, 1.54025e+08 ]
  Variable bound range        : [ 0.05, 1 ]
  RHS coefficient range       : [ 8.99402e-08, 1 ]
Objective value for Line heur k = 33: 24480356.073962472
57
Actual reward of current solution: 52404644.51872753
Minimum Difference with past solutions:0.0.
New solution equals old solution at k=33
56
Total Reward at the start of the inner iterations: 52404644.51872753
Gurobi status: 2

Statistics for model Linearization Heuristic :
  Linear constraint matrix    : 10578 Constrs, 6300 Vars, 2754560 NZs
  Matrix coefficient range    : [ 1.00075e-13, 1 ]
  Objective coefficient range : [ 5.95729e-22, 1.54025e+08 ]
  Variable bound range        : [ 0.05, 1 ]
  RHS coefficient range       : [ 8.98031e-08, 1 ]
Objective value for Line heur k = 34: 24184106.01762294
56
Actual reward of current solution: 52404644.51872753
Minimum Difference with past solutions:0.0.
New solution equals old solution at k=34
55
Total Reward at the start of the inner iterations: 52404644.51872753
Gurobi status: 2

Statistics for model Linearization Heuristic :
  Linear constraint matrix    : 10413 Constrs, 6210 Vars, 2671253 NZs
  Matrix coefficient range    : [ 1.00075e-13, 1 ]
  Objective coefficient range : [ 5.95729e-22, 1.54025e+08 ]
  Variable bound range        : [ 0.05, 1 ]
  RHS coefficient range       : [ 8.91311e-08, 1 ]
Objective value for Line heur k = 35: 23884512.74269349
55
Actual reward of current solution: 52404644.51872753
Minimum Difference with past solutions:0.0.
New solution equals old solution at k=35
54
Total Reward at the start of the inner iterations: 52404644.51872753
Gurobi status: 2

Statistics for model Linearization Heuristic :
  Linear constraint matrix    : 10248 Constrs, 6120 Vars, 2589181 NZs
  Matrix coefficient range    : [ 1.00075e-13, 1 ]
  Objective coefficient range : [ 5.95729e-22, 1.54025e+08 ]
  Variable bound range        : [ 0.05, 1 ]
  RHS coefficient range       : [ 8.79788e-08, 1 ]
Objective value for Line heur k = 36: 23581753.477572273
54
Actual reward of current solution: 52404644.51872753
Minimum Difference with past solutions:0.0.
New solution equals old solution at k=36
53
Total Reward at the start of the inner iterations: 52404644.51872753
Gurobi status: 2

Statistics for model Linearization Heuristic :
  Linear constraint matrix    : 10083 Constrs, 6030 Vars, 2508344 NZs
  Matrix coefficient range    : [ 1.00075e-13, 1 ]
  Objective coefficient range : [ 5.95729e-22, 1.54025e+08 ]
  Variable bound range        : [ 0.05, 1 ]
  RHS coefficient range       : [ 8.6419e-08, 1 ]
Objective value for Line heur k = 37: 23275983.58810642
53
Actual reward of current solution: 52404644.51872753
Minimum Difference with past solutions:0.0.
New solution equals old solution at k=37
52
Total Reward at the start of the inner iterations: 52404644.51872753
Gurobi status: 2

Statistics for model Linearization Heuristic :
  Linear constraint matrix    : 9918 Constrs, 5940 Vars, 2428742 NZs
  Matrix coefficient range    : [ 1.00075e-13, 1 ]
  Objective coefficient range : [ 5.95729e-22, 1.54025e+08 ]
  Variable bound range        : [ 0.05, 1 ]
  RHS coefficient range       : [ 8.45268e-08, 1 ]
Objective value for Line heur k = 38: 22967344.520265624
52
Actual reward of current solution: 52404644.51872753
Minimum Difference with past solutions:0.0.
New solution equals old solution at k=38
51
Total Reward at the start of the inner iterations: 52404644.51872753
Gurobi status: 2

Statistics for model Linearization Heuristic :
  Linear constraint matrix    : 9753 Constrs, 5850 Vars, 2350375 NZs
  Matrix coefficient range    : [ 1.00075e-13, 1 ]
  Objective coefficient range : [ 5.95729e-22, 1.54025e+08 ]
  Variable bound range        : [ 0.05, 1 ]
  RHS coefficient range       : [ 8.23723e-08, 1 ]
Objective value for Line heur k = 39: 22655968.255947646
51
Actual reward of current solution: 52404644.51872753
Minimum Difference with past solutions:0.0.
New solution equals old solution at k=39
50
Total Reward at the start of the inner iterations: 52404644.51872753
Gurobi status: 2

Statistics for model Linearization Heuristic :
  Linear constraint matrix    : 9588 Constrs, 5760 Vars, 2273243 NZs
  Matrix coefficient range    : [ 1.00075e-13, 1 ]
  Objective coefficient range : [ 5.95729e-22, 1.54025e+08 ]
  Variable bound range        : [ 0.05, 1 ]
  RHS coefficient range       : [ 8.00178e-08, 1 ]
Objective value for Line heur k = 40: 22341979.807449616
50
Actual reward of current solution: 52404644.51872753
Minimum Difference with past solutions:0.0.
New solution equals old solution at k=40
49
Total Reward at the start of the inner iterations: 52404644.51872753
Gurobi status: 2

Statistics for model Linearization Heuristic :
  Linear constraint matrix    : 9423 Constrs, 5670 Vars, 2197346 NZs
  Matrix coefficient range    : [ 1.00075e-13, 1 ]
  Objective coefficient range : [ 5.95729e-22, 1.54025e+08 ]
  Variable bound range        : [ 0.05, 1 ]
  RHS coefficient range       : [ 7.7517e-08, 1 ]
Objective value for Line heur k = 41: 22025498.611781362
49
Actual reward of current solution: 52404644.51872753
Minimum Difference with past solutions:0.0.
New solution equals old solution at k=41
48
Total Reward at the start of the inner iterations: 52404644.51872753
Gurobi status: 2

Statistics for model Linearization Heuristic :
  Linear constraint matrix    : 9258 Constrs, 5580 Vars, 2122738 NZs
  Matrix coefficient range    : [ 1.00075e-13, 1 ]
  Objective coefficient range : [ 5.95729e-22, 1.54025e+08 ]
  Variable bound range        : [ 0.05, 1 ]
  RHS coefficient range       : [ 7.49157e-08, 0.291105 ]
Objective value for Line heur k = 42: 21706639.311142106
48
Actual reward of current solution: 52404644.51872753
Minimum Difference with past solutions:0.0.
New solution equals old solution at k=42
47
Total Reward at the start of the inner iterations: 52404644.51872753
Gurobi status: 2

Statistics for model Linearization Heuristic :
  Linear constraint matrix    : 9147 Constrs, 5490 Vars, 2049365 NZs
  Matrix coefficient range    : [ 1.00075e-13, 1 ]
  Objective coefficient range : [ 5.95729e-22, 1.54025e+08 ]
  Variable bound range        : [ 0.05, 1 ]
  RHS coefficient range       : [ 7.22518e-08, 1 ]
Objective value for Line heur k = 43: 21385512.19406654
47
Actual reward of current solution: 52404644.51872753
Minimum Difference with past solutions:0.0.
New solution equals old solution at k=43
46
Total Reward at the start of the inner iterations: 52404644.51872753
Gurobi status: 2

Statistics for model Linearization Heuristic :
  Linear constraint matrix    : 8982 Constrs, 5400 Vars, 1977173 NZs
  Matrix coefficient range    : [ 1.00075e-13, 1 ]
  Objective coefficient range : [ 5.95729e-22, 1.54025e+08 ]
  Variable bound range        : [ 0.05, 1 ]
  RHS coefficient range       : [ 6.95569e-08, 1 ]
Objective value for Line heur k = 44: 21062223.45190887
46
Actual reward of current solution: 52404644.51872753
Minimum Difference with past solutions:0.0.
New solution equals old solution at k=44
45
Total Reward at the start of the inner iterations: 52404644.51872753
Gurobi status: 2

Statistics for model Linearization Heuristic :
  Linear constraint matrix    : 8817 Constrs, 5310 Vars, 1906216 NZs
  Matrix coefficient range    : [ 1.00075e-13, 1 ]
  Objective coefficient range : [ 5.95729e-22, 1.54025e+08 ]
  Variable bound range        : [ 0.05, 1 ]
  RHS coefficient range       : [ 6.6857e-08, 1 ]
Objective value for Line heur k = 45: 20736875.337474823
45
Actual reward of current solution: 52404644.51872753
Minimum Difference with past solutions:0.0.
New solution equals old solution at k=45
44
Total Reward at the start of the inner iterations: 52404644.51872753
Gurobi status: 2

Statistics for model Linearization Heuristic :
  Linear constraint matrix    : 8652 Constrs, 5220 Vars, 1836494 NZs
  Matrix coefficient range    : [ 1.00075e-13, 1 ]
  Objective coefficient range : [ 5.95729e-22, 1.54025e+08 ]
  Variable bound range        : [ 0.05, 1 ]
  RHS coefficient range       : [ 6.41732e-08, 1 ]
Objective value for Line heur k = 46: 20409566.274171144
44
Actual reward of current solution: 52404644.51872753
Minimum Difference with past solutions:0.0.
New solution equals old solution at k=46
43
Total Reward at the start of the inner iterations: 52404644.51872753
Gurobi status: 2

Statistics for model Linearization Heuristic :
  Linear constraint matrix    : 8487 Constrs, 5130 Vars, 1768007 NZs
  Matrix coefficient range    : [ 1.00075e-13, 1 ]
  Objective coefficient range : [ 5.95729e-22, 1.54025e+08 ]
  Variable bound range        : [ 0.05, 1 ]
  RHS coefficient range       : [ 6.15224e-08, 1 ]
Objective value for Line heur k = 47: 20080390.942283586
43
Actual reward of current solution: 52404644.51872753
Minimum Difference with past solutions:0.0.
New solution equals old solution at k=47
42
Total Reward at the start of the inner iterations: 52404644.51872753
Gurobi status: 2

Statistics for model Linearization Heuristic :
  Linear constraint matrix    : 8322 Constrs, 5040 Vars, 1700755 NZs
  Matrix coefficient range    : [ 1.00075e-13, 1 ]
  Objective coefficient range : [ 5.95729e-22, 1.54025e+08 ]
  Variable bound range        : [ 0.05, 1 ]
  RHS coefficient range       : [ 5.89181e-08, 1 ]
Objective value for Line heur k = 48: 19749440.356696818
42
Actual reward of current solution: 52404644.51872753
Minimum Difference with past solutions:0.0.
New solution equals old solution at k=48
41
Total Reward at the start of the inner iterations: 52404644.51872753
Gurobi status: 2

Statistics for model Linearization Heuristic :
  Linear constraint matrix    : 8157 Constrs, 4950 Vars, 1634738 NZs
  Matrix coefficient range    : [ 1.00075e-13, 1 ]
  Objective coefficient range : [ 5.95729e-22, 1.54025e+08 ]
  Variable bound range        : [ 0.05, 1 ]
  RHS coefficient range       : [ 5.63711e-08, 1 ]
Objective value for Line heur k = 49: 19416801.94345323
41
Actual reward of current solution: 52404644.51872753
Minimum Difference with past solutions:0.0.
New solution equals old solution at k=49
40
Total Reward at the start of the inner iterations: 52404644.51872753
Gurobi status: 2

Statistics for model Linearization Heuristic :
  Linear constraint matrix    : 7992 Constrs, 4860 Vars, 1569956 NZs
  Matrix coefficient range    : [ 1.00075e-13, 1 ]
  Objective coefficient range : [ 5.95729e-22, 1.54025e+08 ]
  Variable bound range        : [ 0.05, 1 ]
  RHS coefficient range       : [ 5.38894e-08, 1 ]
Objective value for Line heur k = 50: 19082559.618683744
40
Actual reward of current solution: 52404644.51872753
Minimum Difference with past solutions:0.0.
New solution equals old solution at k=50
39
Total Reward at the start of the inner iterations: 52404644.51872753
Gurobi status: 2

Statistics for model Linearization Heuristic :
  Linear constraint matrix    : 7827 Constrs, 4770 Vars, 1506409 NZs
  Matrix coefficient range    : [ 1.00075e-13, 1 ]
  Objective coefficient range : [ 5.95729e-22, 1.54025e+08 ]
  Variable bound range        : [ 0.05, 1 ]
  RHS coefficient range       : [ 5.14792e-08, 1 ]
Objective value for Line heur k = 51: 18746793.871318597
39
Actual reward of current solution: 52404644.51872753
Minimum Difference with past solutions:0.0.
New solution equals old solution at k=51
38
Total Reward at the start of the inner iterations: 52404644.51872753
Gurobi status: 2

Statistics for model Linearization Heuristic :
  Linear constraint matrix    : 7662 Constrs, 4680 Vars, 1444097 NZs
  Matrix coefficient range    : [ 1.00075e-13, 1 ]
  Objective coefficient range : [ 5.95729e-22, 1.54025e+08 ]
  Variable bound range        : [ 0.05, 1 ]
  RHS coefficient range       : [ 4.9145e-08, 1 ]
Objective value for Line heur k = 52: 18409581.849841587
38
Actual reward of current solution: 52404644.51872753
Minimum Difference with past solutions:0.0.
New solution equals old solution at k=52
37
Total Reward at the start of the inner iterations: 52404644.51872753
Gurobi status: 2

Statistics for model Linearization Heuristic :
  Linear constraint matrix    : 7497 Constrs, 4590 Vars, 1383020 NZs
  Matrix coefficient range    : [ 1.00075e-13, 1 ]
  Objective coefficient range : [ 5.95729e-22, 1.54025e+08 ]
  Variable bound range        : [ 0.05, 1 ]
  RHS coefficient range       : [ 4.68898e-08, 1 ]
Objective value for Line heur k = 53: 18070997.45276466
37
Actual reward of current solution: 52404644.51872753
Minimum Difference with past solutions:0.0.
New solution equals old solution at k=53
36
Total Reward at the start of the inner iterations: 52404644.51872753
Gurobi status: 2

Statistics for model Linearization Heuristic :
  Linear constraint matrix    : 7332 Constrs, 4500 Vars, 1323178 NZs
  Matrix coefficient range    : [ 1.00075e-13, 1 ]
  Objective coefficient range : [ 5.95729e-22, 1.54025e+08 ]
  Variable bound range        : [ 0.05, 1 ]
  RHS coefficient range       : [ 4.47154e-08, 1 ]
Objective value for Line heur k = 54: 17731111.422223896
36
Actual reward of current solution: 52404644.51872753
Minimum Difference with past solutions:0.0.
New solution equals old solution at k=54
35
Total Reward at the start of the inner iterations: 52404644.51872753
Gurobi status: 2

Statistics for model Linearization Heuristic :
  Linear constraint matrix    : 7167 Constrs, 4410 Vars, 1264571 NZs
  Matrix coefficient range    : [ 1.00075e-13, 1 ]
  Objective coefficient range : [ 5.95729e-22, 1.54025e+08 ]
  Variable bound range        : [ 0.05, 1 ]
  RHS coefficient range       : [ 4.26228e-08, 1 ]
Objective value for Line heur k = 55: 17389991.439992882
35
Actual reward of current solution: 52404644.51872753
Minimum Difference with past solutions:0.0.
New solution equals old solution at k=55
34
Total Reward at the start of the inner iterations: 52404644.51872753
Gurobi status: 2

Statistics for model Linearization Heuristic :
  Linear constraint matrix    : 7002 Constrs, 4320 Vars, 1207253 NZs
  Matrix coefficient range    : [ 1.00075e-13, 1 ]
  Objective coefficient range : [ 5.95729e-22, 1.54025e+08 ]
  Variable bound range        : [ 0.05, 1 ]
  RHS coefficient range       : [ 4.0612e-08, 0.290368 ]
Objective value for Line heur k = 56: 17047702.225200426
34
Actual reward of current solution: 52404644.51872753
Minimum Difference with past solutions:0.0.
New solution equals old solution at k=56
33
Total Reward at the start of the inner iterations: 52404644.51872753
Gurobi status: 2

Statistics for model Linearization Heuristic :
  Linear constraint matrix    : 6891 Constrs, 4230 Vars, 1151170 NZs
  Matrix coefficient range    : [ 1.00075e-13, 1 ]
  Objective coefficient range : [ 5.95729e-22, 1.54025e+08 ]
  Variable bound range        : [ 0.05, 1 ]
  RHS coefficient range       : [ 3.86826e-08, 1 ]
Objective value for Line heur k = 57: 16704305.633074885
33
Actual reward of current solution: 52404644.51872753
Minimum Difference with past solutions:0.0.
New solution equals old solution at k=57
32
Total Reward at the start of the inner iterations: 52404644.51872753
Gurobi status: 2

Statistics for model Linearization Heuristic :
  Linear constraint matrix    : 6726 Constrs, 4140 Vars, 1096268 NZs
  Matrix coefficient range    : [ 1.00075e-13, 1 ]
  Objective coefficient range : [ 5.95729e-22, 1.54025e+08 ]
  Variable bound range        : [ 0.05, 1 ]
  RHS coefficient range       : [ 3.68334e-08, 1 ]
Objective value for Line heur k = 58: 16359860.754099322
32
Actual reward of current solution: 52404644.51872753
Minimum Difference with past solutions:0.0.
New solution equals old solution at k=58
31
Total Reward at the start of the inner iterations: 52404644.51872753
Gurobi status: 2

Statistics for model Linearization Heuristic :
  Linear constraint matrix    : 6561 Constrs, 4050 Vars, 1042601 NZs
  Matrix coefficient range    : [ 1.00075e-13, 1 ]
  Objective coefficient range : [ 5.95729e-22, 1.54025e+08 ]
  Variable bound range        : [ 0.05, 1 ]
  RHS coefficient range       : [ 3.50632e-08, 1 ]
Objective value for Line heur k = 59: 16014424.013030352
31
Actual reward of current solution: 52404644.51872753
Minimum Difference with past solutions:0.0.
New solution equals old solution at k=59
30
Total Reward at the start of the inner iterations: 52404644.51872753
Gurobi status: 2

Statistics for model Linearization Heuristic :
  Linear constraint matrix    : 6396 Constrs, 3960 Vars, 990169 NZs
  Matrix coefficient range    : [ 1.00075e-13, 1 ]
  Objective coefficient range : [ 5.95729e-22, 1.54025e+08 ]
  Variable bound range        : [ 0.05, 1 ]
  RHS coefficient range       : [ 3.337e-08, 1 ]
Objective value for Line heur k = 60: 15668049.2673028
30
Actual reward of current solution: 52404644.51872753
Minimum Difference with past solutions:0.0.
New solution equals old solution at k=60
29
Total Reward at the start of the inner iterations: 52404644.51872753
Gurobi status: 2

Statistics for model Linearization Heuristic :
  Linear constraint matrix    : 6231 Constrs, 3870 Vars, 938972 NZs
  Matrix coefficient range    : [ 1.00075e-13, 1 ]
  Objective coefficient range : [ 5.95729e-22, 1.54025e+08 ]
  Variable bound range        : [ 0.05, 1 ]
  RHS coefficient range       : [ 3.17518e-08, 1 ]
Objective value for Line heur k = 61: 15320787.904411187
29
Actual reward of current solution: 52404644.51872753
Minimum Difference with past solutions:0.0.
New solution equals old solution at k=61
28
Total Reward at the start of the inner iterations: 52404644.51872753
Gurobi status: 2

Statistics for model Linearization Heuristic :
  Linear constraint matrix    : 6066 Constrs, 3780 Vars, 889010 NZs
  Matrix coefficient range    : [ 1.00075e-13, 1 ]
  Objective coefficient range : [ 5.95729e-22, 1.54025e+08 ]
  Variable bound range        : [ 0.05, 1 ]
  RHS coefficient range       : [ 3.02066e-08, 1 ]
Objective value for Line heur k = 62: 14972688.937920542
28
Actual reward of current solution: 52404644.51872753
Minimum Difference with past solutions:0.0.
New solution equals old solution at k=62
27
Total Reward at the start of the inner iterations: 52404644.51872753
Gurobi status: 2

Statistics for model Linearization Heuristic :
  Linear constraint matrix    : 5901 Constrs, 3690 Vars, 840284 NZs
  Matrix coefficient range    : [ 1.00075e-13, 1 ]
  Objective coefficient range : [ 5.95729e-22, 1.54025e+08 ]
  Variable bound range        : [ 0.05, 1 ]
  RHS coefficient range       : [ 2.87319e-08, 1 ]
Objective value for Line heur k = 63: 14623799.101816496
27
Actual reward of current solution: 52404644.51872753
Minimum Difference with past solutions:0.0.
New solution equals old solution at k=63
26
Total Reward at the start of the inner iterations: 52404644.51872753
Gurobi status: 2

Statistics for model Linearization Heuristic :
  Linear constraint matrix    : 5736 Constrs, 3600 Vars, 792793 NZs
  Matrix coefficient range    : [ 1.00075e-13, 1 ]
  Objective coefficient range : [ 5.95729e-22, 1.54025e+08 ]
  Variable bound range        : [ 0.05, 1 ]
  RHS coefficient range       : [ 2.73254e-08, 1 ]
Objective value for Line heur k = 64: 14274162.942955572
26
Actual reward of current solution: 52404644.51872753
Minimum Difference with past solutions:0.0.
New solution equals old solution at k=64
25
Total Reward at the start of the inner iterations: 52404644.51872753
Gurobi status: 2

Statistics for model Linearization Heuristic :
  Linear constraint matrix    : 5571 Constrs, 3510 Vars, 746537 NZs
  Matrix coefficient range    : [ 1.00075e-13, 1 ]
  Objective coefficient range : [ 5.95729e-22, 1.54025e+08 ]
  Variable bound range        : [ 0.05, 1 ]
  RHS coefficient range       : [ 2.59845e-08, 1 ]
Objective value for Line heur k = 65: 13923822.911422184
25
Actual reward of current solution: 52404644.51872753
Minimum Difference with past solutions:0.0.
New solution equals old solution at k=65
24
Total Reward at the start of the inner iterations: 52404644.51872753
Gurobi status: 2

Statistics for model Linearization Heuristic :
  Linear constraint matrix    : 5406 Constrs, 3420 Vars, 701516 NZs
  Matrix coefficient range    : [ 1.00075e-13, 1 ]
  Objective coefficient range : [ 5.95729e-22, 1.54025e+08 ]
  Variable bound range        : [ 0.05, 1 ]
  RHS coefficient range       : [ 2.47068e-08, 1 ]
Objective value for Line heur k = 66: 13572819.448639221
24
Actual reward of current solution: 52404644.51872753
Minimum Difference with past solutions:0.0.
New solution equals old solution at k=66
23
Total Reward at the start of the inner iterations: 52404644.51872753
Gurobi status: 2

Statistics for model Linearization Heuristic :
  Linear constraint matrix    : 5241 Constrs, 3330 Vars, 657730 NZs
  Matrix coefficient range    : [ 1.00075e-13, 1 ]
  Objective coefficient range : [ 5.95729e-22, 1.54025e+08 ]
  Variable bound range        : [ 0.05, 1 ]
  RHS coefficient range       : [ 2.34897e-08, 1 ]
Objective value for Line heur k = 67: 13221191.073115075
23
Actual reward of current solution: 52404644.51872753
Minimum Difference with past solutions:0.0.
New solution equals old solution at k=67
22
Total Reward at the start of the inner iterations: 52404644.51872753
Gurobi status: 2

Statistics for model Linearization Heuristic :
  Linear constraint matrix    : 5076 Constrs, 3240 Vars, 615179 NZs
  Matrix coefficient range    : [ 1.00075e-13, 1 ]
  Objective coefficient range : [ 5.95729e-22, 1.54025e+08 ]
  Variable bound range        : [ 0.05, 1 ]
  RHS coefficient range       : [ 2.23309e-08, 1 ]
Objective value for Line heur k = 68: 12868974.463741202
22
Actual reward of current solution: 52404644.51872753
Minimum Difference with past solutions:0.0.
New solution equals old solution at k=68
21
Total Reward at the start of the inner iterations: 52404644.51872753
Gurobi status: 2

Statistics for model Linearization Heuristic :
  Linear constraint matrix    : 4911 Constrs, 3150 Vars, 573863 NZs
  Matrix coefficient range    : [ 1.00075e-13, 1 ]
  Objective coefficient range : [ 5.95729e-22, 1.54025e+08 ]
  Variable bound range        : [ 0.05, 1 ]
  RHS coefficient range       : [ 2.12278e-08, 1 ]
Objective value for Line heur k = 69: 12516204.540583344
21
Actual reward of current solution: 52404644.51872753
Minimum Difference with past solutions:0.0.
New solution equals old solution at k=69
20
Total Reward at the start of the inner iterations: 52404644.51872753
Gurobi status: 2

Statistics for model Linearization Heuristic :
  Linear constraint matrix    : 4746 Constrs, 3060 Vars, 533837 NZs
  Matrix coefficient range    : [ 1.00075e-13, 1 ]
  Objective coefficient range : [ 5.95729e-22, 1.54025e+08 ]
  Variable bound range        : [ 0.05, 1 ]
  RHS coefficient range       : [ 2.0178e-08, 0.289941 ]
Objective value for Line heur k = 70: 12162914.543135067
20
Actual reward of current solution: 52404644.51872753
Minimum Difference with past solutions:0.0.
New solution equals old solution at k=70
19
Total Reward at the start of the inner iterations: 52404644.51872753
Gurobi status: 2

Statistics for model Linearization Heuristic :
  Linear constraint matrix    : 4635 Constrs, 2970 Vars, 495046 NZs
  Matrix coefficient range    : [ 1.00075e-13, 1 ]
  Objective coefficient range : [ 5.95729e-22, 1.54025e+08 ]
  Variable bound range        : [ 0.05, 1 ]
  RHS coefficient range       : [ 1.91792e-08, 1 ]
Objective value for Line heur k = 71: 11809136.10602806
19
Actual reward of current solution: 52404644.51872753
Minimum Difference with past solutions:0.0.
New solution equals old solution at k=71
18
Total Reward at the start of the inner iterations: 52404644.51872753
Gurobi status: 2

Statistics for model Linearization Heuristic :
  Linear constraint matrix    : 4470 Constrs, 2880 Vars, 457436 NZs
  Matrix coefficient range    : [ 1.00075e-13, 1 ]
  Objective coefficient range : [ 5.95729e-22, 1.54025e+08 ]
  Variable bound range        : [ 0.05, 1 ]
  RHS coefficient range       : [ 1.82291e-08, 1 ]
Objective value for Line heur k = 72: 11454899.332219146
18
Actual reward of current solution: 52404644.51872753
Minimum Difference with past solutions:0.0.
New solution equals old solution at k=72
17
Total Reward at the start of the inner iterations: 52404644.51872753
Gurobi status: 2

Statistics for model Linearization Heuristic :
  Linear constraint matrix    : 4305 Constrs, 2790 Vars, 421061 NZs
  Matrix coefficient range    : [ 1.00075e-13, 1 ]
  Objective coefficient range : [ 5.95729e-22, 1.54025e+08 ]
  Variable bound range        : [ 0.05, 1 ]
  RHS coefficient range       : [ 1.73256e-08, 1 ]
Objective value for Line heur k = 73: 11100232.863704918
17
Actual reward of current solution: 52404644.51872753
Minimum Difference with past solutions:0.0.
New solution equals old solution at k=73
16
Total Reward at the start of the inner iterations: 52404644.51872753
Gurobi status: 2

Statistics for model Linearization Heuristic :
  Linear constraint matrix    : 4140 Constrs, 2700 Vars, 385922 NZs
  Matrix coefficient range    : [ 1.00075e-13, 1 ]
  Objective coefficient range : [ 5.95729e-22, 1.54025e+08 ]
  Variable bound range        : [ 0.05, 1 ]
  RHS coefficient range       : [ 1.64663e-08, 1 ]
Objective value for Line heur k = 74: 10745163.949854583
16
Actual reward of current solution: 52404644.51872753
Minimum Difference with past solutions:0.0.
New solution equals old solution at k=74
15
Total Reward at the start of the inner iterations: 52404644.51872753
Gurobi status: 2

Statistics for model Linearization Heuristic :
  Linear constraint matrix    : 3975 Constrs, 2610 Vars, 352018 NZs
  Matrix coefficient range    : [ 1.00075e-13, 1 ]
  Objective coefficient range : [ 5.95729e-22, 1.54025e+08 ]
  Variable bound range        : [ 0.05, 1 ]
  RHS coefficient range       : [ 1.56494e-08, 1 ]
Objective value for Line heur k = 75: 10389718.513509687
15
Actual reward of current solution: 52404644.51872753
Minimum Difference with past solutions:0.0.
New solution equals old solution at k=75
14
Total Reward at the start of the inner iterations: 52404644.51872753
Gurobi status: 2

Statistics for model Linearization Heuristic :
  Linear constraint matrix    : 3810 Constrs, 2520 Vars, 319349 NZs
  Matrix coefficient range    : [ 1.00075e-13, 1 ]
  Objective coefficient range : [ 5.95729e-22, 1.54025e+08 ]
  Variable bound range        : [ 0.05, 1 ]
  RHS coefficient range       : [ 1.21421e-08, 1 ]
Objective value for Line heur k = 76: 10033921.2150909
14
Actual reward of current solution: 52404644.51872753
Minimum Difference with past solutions:0.0.
New solution equals old solution at k=76
13
Total Reward at the start of the inner iterations: 52404644.51872753
Gurobi status: 2

Statistics for model Linearization Heuristic :
  Linear constraint matrix    : 3645 Constrs, 2430 Vars, 287915 NZs
  Matrix coefficient range    : [ 1.00075e-13, 1 ]
  Objective coefficient range : [ 5.95729e-22, 1.54025e+08 ]
  Variable bound range        : [ 0.05, 1 ]
  RHS coefficient range       : [ 2.41451e-09, 1 ]
Objective value for Line heur k = 77: 9677795.515103212
13
Actual reward of current solution: 52404644.51872753
Minimum Difference with past solutions:0.0.
New solution equals old solution at k=77
12
Total Reward at the start of the inner iterations: 52404644.51872753
Gurobi status: 2

Statistics for model Linearization Heuristic :
  Linear constraint matrix    : 3480 Constrs, 2340 Vars, 257716 NZs
  Matrix coefficient range    : [ 1.00075e-13, 1 ]
  Objective coefficient range : [ 5.95729e-22, 1.54025e+08 ]
  Variable bound range        : [ 0.05, 1 ]
  RHS coefficient range       : [ 2.71263e-09, 1 ]
Objective value for Line heur k = 78: 9321363.735685578
12
Actual reward of current solution: 52404644.51872753
Minimum Difference with past solutions:0.0.
New solution equals old solution at k=78
11
Total Reward at the start of the inner iterations: 52404644.51872753
Gurobi status: 2

Statistics for model Linearization Heuristic :
  Linear constraint matrix    : 3315 Constrs, 2250 Vars, 228752 NZs
  Matrix coefficient range    : [ 1.00075e-13, 1 ]
  Objective coefficient range : [ 5.95729e-22, 1.54025e+08 ]
  Variable bound range        : [ 0.05, 1 ]
  RHS coefficient range       : [ 6.53746e-11, 1 ]
Objective value for Line heur k = 79: 8964647.122288136
11
Actual reward of current solution: 52404644.51872753
Minimum Difference with past solutions:0.0.
New solution equals old solution at k=79
10
Total Reward at the start of the inner iterations: 52404644.51872753
Gurobi status: 2

Statistics for model Linearization Heuristic :
  Linear constraint matrix    : 3150 Constrs, 2160 Vars, 201023 NZs
  Matrix coefficient range    : [ 1.00075e-13, 1 ]
  Objective coefficient range : [ 5.95729e-22, 1.54025e+08 ]
  Variable bound range        : [ 0.05, 1 ]
  RHS coefficient range       : [ 3.54936e-09, 1 ]
Objective value for Line heur k = 80: 8607665.90731206
10
Actual reward of current solution: 52404644.51872753
Minimum Difference with past solutions:0.0.
New solution equals old solution at k=80
9
Total Reward at the start of the inner iterations: 52404644.51872753
Gurobi status: 2

Statistics for model Linearization Heuristic :
  Linear constraint matrix    : 2985 Constrs, 2070 Vars, 174530 NZs
  Matrix coefficient range    : [ 1.00075e-13, 1 ]
  Objective coefficient range : [ 5.95729e-22, 1.54025e+08 ]
  Variable bound range        : [ 0.05, 1 ]
  RHS coefficient range       : [ 7.48309e-09, 1 ]
Objective value for Line heur k = 81: 8250439.378847544
9
Actual reward of current solution: 52404644.51872753
Minimum Difference with past solutions:0.0.
New solution equals old solution at k=81
8
Total Reward at the start of the inner iterations: 52404644.51872753
Gurobi status: 2

Statistics for model Linearization Heuristic :
  Linear constraint matrix    : 2820 Constrs, 1980 Vars, 149272 NZs
  Matrix coefficient range    : [ 1.00075e-13, 1 ]
  Objective coefficient range : [ 5.95729e-22, 1.54025e+08 ]
  Variable bound range        : [ 0.05, 1 ]
  RHS coefficient range       : [ 1.14282e-08, 1 ]
Objective value for Line heur k = 82: 7892985.959895091
8
Actual reward of current solution: 52404644.51872753
Minimum Difference with past solutions:0.0.
New solution equals old solution at k=82
7
Total Reward at the start of the inner iterations: 52404644.51872753
Gurobi status: 2

Statistics for model Linearization Heuristic :
  Linear constraint matrix    : 2655 Constrs, 1890 Vars, 125250 NZs
  Matrix coefficient range    : [ 1.00075e-13, 1 ]
  Objective coefficient range : [ 5.95729e-22, 1.54025e+08 ]
  Variable bound range        : [ 0.05, 1 ]
  RHS coefficient range       : [ 1.53929e-08, 1 ]
Objective value for Line heur k = 83: 7535323.307351131
7
Actual reward of current solution: 52404644.51872753
Minimum Difference with past solutions:0.0.
New solution equals old solution at k=83
6
Total Reward at the start of the inner iterations: 52404644.51872753
Gurobi status: 2

Statistics for model Linearization Heuristic :
  Linear constraint matrix    : 2490 Constrs, 1800 Vars, 102517 NZs
  Matrix coefficient range    : [ 1.00075e-13, 1 ]
  Objective coefficient range : [ 5.95729e-22, 1.54025e+08 ]
  Variable bound range        : [ 0.05, 1 ]
  RHS coefficient range       : [ 1.93915e-08, 0.289697 ]
Objective value for Line heur k = 84: 7177468.446786587
6
Actual reward of current solution: 52404644.51872753
Minimum Difference with past solutions:0.0.
New solution equals old solution at k=84
5
Total Reward at the start of the inner iterations: 52404644.51872753
Gurobi status: 2

Statistics for model Linearization Heuristic :
  Linear constraint matrix    : 2379 Constrs, 1710 Vars, 81021 NZs
  Matrix coefficient range    : [ 1.00075e-13, 1 ]
  Objective coefficient range : [ 5.95729e-22, 1.54025e+08 ]
  Variable bound range        : [ 0.05, 1 ]
  RHS coefficient range       : [ 2.3449e-08, 1 ]
Objective value for Line heur k = 85: 6819437.970734777
5
Actual reward of current solution: 52404644.51872753
Minimum Difference with past solutions:0.0.
New solution equals old solution at k=85
4
Total Reward at the start of the inner iterations: 52404644.51872753
Gurobi status: 2

Statistics for model Linearization Heuristic :
  Linear constraint matrix    : 2214 Constrs, 1620 Vars, 60711 NZs
  Matrix coefficient range    : [ 1.00075e-13, 1 ]
  Objective coefficient range : [ 5.95729e-22, 1.54025e+08 ]
  Variable bound range        : [ 0.05, 1 ]
  RHS coefficient range       : [ 2.76085e-08, 1 ]
Objective value for Line heur k = 86: 6461248.3484505955
4
Actual reward of current solution: 52404644.51872753
Minimum Difference with past solutions:0.0.
New solution equals old solution at k=86
3
Total Reward at the start of the inner iterations: 52404644.51872753
Gurobi status: 2

Statistics for model Linearization Heuristic :
  Linear constraint matrix    : 2049 Constrs, 1530 Vars, 41652 NZs
  Matrix coefficient range    : [ 1.00149e-13, 1 ]
  Objective coefficient range : [ 5.95729e-22, 1.54025e+08 ]
  Variable bound range        : [ 0.05, 1 ]
  RHS coefficient range       : [ 3.19445e-08, 1 ]
Objective value for Line heur k = 87: 6102916.430171715
3
Actual reward of current solution: 52404644.51872753
Minimum Difference with past solutions:0.0.
New solution equals old solution at k=87
2
Total Reward at the start of the inner iterations: 52404644.51872753
Gurobi status: 2

Statistics for model Linearization Heuristic :
  Linear constraint matrix    : 1884 Constrs, 1440 Vars, 23931 NZs
  Matrix coefficient range    : [ 2.22368e-13, 1 ]
  Objective coefficient range : [ 5.95729e-22, 1.54025e+08 ]
  Variable bound range        : [ 0.05, 1 ]
  RHS coefficient range       : [ 3.65863e-08, 1 ]
Objective value for Line heur k = 88: 5744460.28965589
2
Actual reward of current solution: 52404644.51872753
Minimum Difference with past solutions:0.0.
New solution equals old solution at k=88
1
Total Reward at the start of the inner iterations: 52404644.51872753
Gurobi status: 2

Statistics for model Linearization Heuristic :
  Linear constraint matrix    : 1719 Constrs, 1350 Vars, 11838 NZs
  Matrix coefficient range    : [ 2.61957e-13, 1 ]
  Objective coefficient range : [ 2.77556e-17, 1.54025e+08 ]
  Variable bound range        : [ 0.05, 1 ]
  RHS coefficient range       : [ 4.17581e-08, 1 ]
Objective value for Line heur k = 89: 5385900.653980539
1
Actual reward of current solution: 52404644.51872753
Minimum Difference with past solutions:0.0.
New solution equals old solution at k=89
0
Total Reward at the start of the inner iterations: 52404644.51872753
Gurobi status: 2

Statistics for model Linearization Heuristic :
  Linear constraint matrix    : 1554 Constrs, 1260 Vars, 2709 NZs
  Matrix coefficient range    : [ 0.288979, 1 ]
  Objective coefficient range : [ 2.77556e-17, 1.54025e+08 ]
  Variable bound range        : [ 0.05, 1 ]
  RHS coefficient range       : [ 4.78476e-08, 0.28963 ]
Objective value for Line heur k = 90: 5027263.351822343
0
Actual reward of current solution: 52404644.51872753
Minimum Difference with past solutions:0.0.
New solution equals old solution at k=90
0
Total Reward at the start of the inner iterations: 52404644.51872753
Gurobi status: 2

Statistics for model Linearization Heuristic :
  Linear constraint matrix    : 1443 Constrs, 1170 Vars, 2457 NZs
  Matrix coefficient range    : [ 0.317935, 1 ]
  Objective coefficient range : [ 2.77556e-17, 1.54025e+08 ]
  Variable bound range        : [ 0.05, 1 ]
  RHS coefficient range       : [ 4.78476e-08, 0.28963 ]
Objective value for Line heur k = 91: 4668173.014410313
0
Actual reward of current solution: 52404644.51872753
Minimum Difference with past solutions:0.0.
New solution equals old solution at k=91
0
Total Reward at the start of the inner iterations: 52404644.51872753
Gurobi status: 2

Statistics for model Linearization Heuristic :
  Linear constraint matrix    : 1332 Constrs, 1080 Vars, 2214 NZs
  Matrix coefficient range    : [ 0.349792, 1 ]
  Objective coefficient range : [ 2.77556e-17, 1.54025e+08 ]
  Variable bound range        : [ 0.05, 1 ]
  RHS coefficient range       : [ 4.78476e-08, 0.28963 ]
Objective value for Line heur k = 92: 4309082.699438829
0
Actual reward of current solution: 52404644.51872753
Minimum Difference with past solutions:0.0.
New solution equals old solution at k=92
0
Total Reward at the start of the inner iterations: 52404644.51872753
Gurobi status: 2

Statistics for model Linearization Heuristic :
  Linear constraint matrix    : 1221 Constrs, 990 Vars, 1980 NZs
  Matrix coefficient range    : [ 0.384842, 1 ]
  Objective coefficient range : [ 2.77556e-17, 1.54025e+08 ]
  Variable bound range        : [ 0.05, 1 ]
  RHS coefficient range       : [ 4.78476e-08, 0.28963 ]
Objective value for Line heur k = 93: 3949992.405814316
0
Actual reward of current solution: 52404644.51872753
Minimum Difference with past solutions:0.0.
New solution equals old solution at k=93
0
Total Reward at the start of the inner iterations: 52404644.51872753
Gurobi status: 2

Statistics for model Linearization Heuristic :
  Linear constraint matrix    : 1110 Constrs, 900 Vars, 1755 NZs
  Matrix coefficient range    : [ 0.423403, 1 ]
  Objective coefficient range : [ 2.77556e-17, 1.54025e+08 ]
  Variable bound range        : [ 0.05, 1 ]
  RHS coefficient range       : [ 4.78476e-08, 0.28963 ]
Objective value for Line heur k = 94: 3590902.1315874574
0
Actual reward of current solution: 52404644.51872753
Minimum Difference with past solutions:0.0.
New solution equals old solution at k=94
0
Total Reward at the start of the inner iterations: 52404644.51872753
Gurobi status: 2

Statistics for model Linearization Heuristic :
  Linear constraint matrix    : 999 Constrs, 810 Vars, 1539 NZs
  Matrix coefficient range    : [ 0.465828, 1 ]
  Objective coefficient range : [ 2.77556e-17, 1.54025e+08 ]
  Variable bound range        : [ 0.05, 1 ]
  RHS coefficient range       : [ 4.78476e-08, 0.28963 ]
Objective value for Line heur k = 95: 3231811.874449419
0
Actual reward of current solution: 52404644.51872753
Minimum Difference with past solutions:0.0.
New solution equals old solution at k=95
0
Total Reward at the start of the inner iterations: 52404644.51872753
Gurobi status: 2

Statistics for model Linearization Heuristic :
  Linear constraint matrix    : 888 Constrs, 720 Vars, 1332 NZs
  Matrix coefficient range    : [ 0.512504, 1 ]
  Objective coefficient range : [ 2.77556e-17, 1.54025e+08 ]
  Variable bound range        : [ 0.05, 1 ]
  RHS coefficient range       : [ 4.78476e-08, 0.28963 ]
Objective value for Line heur k = 96: 2872721.6320334068
0
Actual reward of current solution: 52404644.51872753
Minimum Difference with past solutions:0.0.
New solution equals old solution at k=96
0
Total Reward at the start of the inner iterations: 52404644.51872753
Gurobi status: 2

Statistics for model Linearization Heuristic :
  Linear constraint matrix    : 777 Constrs, 630 Vars, 1134 NZs
  Matrix coefficient range    : [ 0.563857, 1 ]
  Objective coefficient range : [ 2.77556e-17, 1.54025e+08 ]
  Variable bound range        : [ 0.05, 1 ]
  RHS coefficient range       : [ 4.78476e-08, 0.28963 ]
Objective value for Line heur k = 97: 2513631.4020879962
0
Actual reward of current solution: 52404644.51872753
Minimum Difference with past solutions:0.0.
New solution equals old solution at k=97
0
Total Reward at the start of the inner iterations: 52404644.51872753
Gurobi status: 2

Statistics for model Linearization Heuristic :
  Linear constraint matrix    : 666 Constrs, 540 Vars, 945 NZs
  Matrix coefficient range    : [ 0.620356, 1 ]
  Objective coefficient range : [ 2.77556e-17, 1.54025e+08 ]
  Variable bound range        : [ 0.05, 1 ]
  RHS coefficient range       : [ 4.78476e-08, 0.28963 ]
Objective value for Line heur k = 98: 2154541.1825673333
0
Actual reward of current solution: 52404644.51872753
Minimum Difference with past solutions:0.0.
New solution equals old solution at k=98
0
Total Reward at the start of the inner iterations: 52404644.51872753
Gurobi status: 2

Statistics for model Linearization Heuristic :
  Linear constraint matrix    : 555 Constrs, 450 Vars, 765 NZs
  Matrix coefficient range    : [ 0.682516, 1 ]
  Objective coefficient range : [ 2.77556e-17, 1.54025e+08 ]
  Variable bound range        : [ 0.05, 1 ]
  RHS coefficient range       : [ 4.78476e-08, 0.28963 ]
Objective value for Line heur k = 99: 1795450.9716690856
0
Actual reward of current solution: 52404644.51872753
Minimum Difference with past solutions:0.0.
New solution equals old solution at k=99
0
Total Reward at the start of the inner iterations: 52404644.51872753
Gurobi status: 2

Statistics for model Linearization Heuristic :
  Linear constraint matrix    : 444 Constrs, 360 Vars, 594 NZs
  Matrix coefficient range    : [ 0.750904, 1 ]
  Objective coefficient range : [ 2.77556e-17, 1.54025e+08 ]
  Variable bound range        : [ 0.05, 1 ]
  RHS coefficient range       : [ 4.78476e-08, 0.28963 ]
Objective value for Line heur k = 100: 1436360.7678405342
0
Actual reward of current solution: 52404644.51872753
Minimum Difference with past solutions:0.0.
New solution equals old solution at k=100
0
Total Reward at the start of the inner iterations: 52404644.51872753
Gurobi status: 2

Statistics for model Linearization Heuristic :
  Linear constraint matrix    : 333 Constrs, 270 Vars, 432 NZs
  Matrix coefficient range    : [ 0.826145, 1 ]
  Objective coefficient range : [ 2.77556e-17, 1.54025e+08 ]
  Variable bound range        : [ 0.05, 1 ]
  RHS coefficient range       : [ 4.78476e-08, 0.28963 ]
Objective value for Line heur k = 101: 1077270.5697664213
0
Actual reward of current solution: 52404644.51872753
Minimum Difference with past solutions:0.0.
New solution equals old solution at k=101
0
Total Reward at the start of the inner iterations: 52404644.51872753
Gurobi status: 2

Statistics for model Linearization Heuristic :
  Linear constraint matrix    : 222 Constrs, 180 Vars, 279 NZs
  Matrix coefficient range    : [ 0.908925, 1 ]
  Objective coefficient range : [ 0.000398424, 1.54025e+08 ]
  Variable bound range        : [ 0.05, 1 ]
  RHS coefficient range       : [ 4.78476e-08, 0.28963 ]
Objective value for Line heur k = 102: 718180.3763472651
0
Actual reward of current solution: 52404644.51872753
Minimum Difference with past solutions:0.0.
New solution equals old solution at k=102
0
Total Reward at the start of the inner iterations: 52404644.51872753
Gurobi status: 2

Statistics for model Linearization Heuristic :
  Linear constraint matrix    : 111 Constrs, 90 Vars, 135 NZs
  Matrix coefficient range    : [ 1, 1 ]
  Objective coefficient range : [ 1654.39, 1.54025e+08 ]
  Variable bound range        : [ 0.05, 1 ]
  RHS coefficient range       : [ 4.78476e-08, 0.28963 ]
Objective value for Line heur k = 103: 359090.18667366874
0
Actual reward of current solution: 52404644.51872753
Minimum Difference with past solutions:0.0.
New solution equals old solution at k=103
Total running time for 90 days is 1910.113261461258
Economic Value: 69208355.5360559
Deaths 0.11263345439563592
Total Reward 52404644.51872753
