{'groups': 'all', 'params_to_try': {'delta_schooling': [0.5], 'xi': [0, 371990.3, 929975.75, 1859951.5, 3719903, 5579854.5], 'icus': [2900], 'tests': [[60000, 0]], 'testing': ['homogeneous'], 'eta': [0.1]}}
{'groups': 'all', 'params_to_try': {'delta_schooling': [0.5], 'xi': [0, 371990.3, 929975.75, 1859951.5, 3719903, 5579854.5], 'icus': [2900], 'tests': [[60000, 0]], 'testing': ['homogeneous'], 'eta': [0.1]}}
{'groups': 'all', 'params_to_try': {'delta_schooling': [0.09602294340888373], 'icus': [2900], 'eta': [0.1628956290895621], 'tests': [[0, 0]], 'xi': [7439806.0], 'testing': ['homogeneous']}}
results/time_gradient/xi-7439806_icus-2900_testing-homogeneous_natests-0_nmtests-0_T-90_startday-0_groups-all_dschool-0.096023_eta-0.162896_freq-90-14_initParamVarying-multiplier_beta_randomInstance-78.yaml
{'groups': 'all', 'params_to_try': {'delta_schooling': [0.5], 'xi': [0, 371990.3, 929975.75, 1859951.5, 3719903, 5579854.5], 'icus': [2900], 'tests': [[60000, 0]], 'testing': ['homogeneous'], 'eta': [0.1]}}
{'groups': 'all', 'params_to_try': {'delta_schooling': [0.5], 'xi': [0, 371990.3, 929975.75, 1859951.5, 3719903, 5579854.5], 'icus': [2900], 'tests': [[60000, 0]], 'testing': ['homogeneous'], 'eta': [0.1]}}
{'groups': 'all', 'params_to_try': {'delta_schooling': [0.09602294340888373], 'icus': [2900], 'eta': [0.1628956290895621], 'tests': [[0, 0]], 'xi': [7439806.0], 'testing': ['homogeneous']}}
results/dynamic_gradient/xi-7439806_icus-2900_testing-homogeneous_natests-0_nmtests-0_T-90_startday-0_groups-all_dschool-0.096023_eta-0.162896_freq-90-14_initParamVarying-multiplier_beta_randomInstance-78.yaml
500
(0.5, 74398060.0, 0.29, 0.0, (7, 14), 'fitted-scaled', 'econ-scaled', 'oct21-scaled', 0.1, 0.05, 2, 'dynamic_gradient', 78, 'multiplier_beta')
The value of T is: 104
Missing starting point -- Running the initial heuristic.
/home/groups/daniancu/covid-optimization/covid-optimization
90
Total Reward at the start of the inner iterations: 53809968.40313271
Using license file /share/software/user/restricted/gurobi/9.0.3_py36/licenses/gurobi.lic
Set parameter TokenServer to value license4.stanford.edu
Gurobi status: 2

Statistics for model Linearization Heuristic :
  Linear constraint matrix    : 16026 Constrs, 9360 Vars, 6018328 NZs
  Matrix coefficient range    : [ 1.00464e-13, 1 ]
  Objective coefficient range : [ 3.44919e-21, 7.96265e+07 ]
  Variable bound range        : [ 0.05, 1 ]
  RHS coefficient range       : [ 1.2746e-07, 0.294902 ]
Objective value for Line heur k = 0: 21757442.959197618
90
Actual reward of current solution: 53642178.470972285
Minimum Difference with past solutions:0.050000000000000044.
Gurobi status: 2

Statistics for model Linearization Heuristic :
  Linear constraint matrix    : 16026 Constrs, 9360 Vars, 6321440 NZs
  Matrix coefficient range    : [ 1.0012e-13, 1 ]
  Objective coefficient range : [ 3.22847e-21, 7.96265e+07 ]
  Variable bound range        : [ 0.05, 1 ]
  RHS coefficient range       : [ 3.32882e-08, 0.29599 ]
Objective value for Line heur k = 0: 21413635.505845733
90
Actual reward of current solution: 53923136.22012601
Minimum Difference with past solutions:0.050000000000000044.
Gurobi status: 2

Statistics for model Linearization Heuristic :
  Linear constraint matrix    : 16026 Constrs, 9360 Vars, 6018328 NZs
  Matrix coefficient range    : [ 1.00464e-13, 1 ]
  Objective coefficient range : [ 3.49427e-21, 7.96265e+07 ]
  Variable bound range        : [ 0.05, 1 ]
  RHS coefficient range       : [ 1.2746e-07, 0.294902 ]
Objective value for Line heur k = 0: 21870597.693510685
90
Actual reward of current solution: 53755345.00449741
Minimum Difference with past solutions:0.050000000000000044.
Gurobi status: 2

Statistics for model Linearization Heuristic :
  Linear constraint matrix    : 16026 Constrs, 9360 Vars, 6321440 NZs
  Matrix coefficient range    : [ 1.0012e-13, 1 ]
  Objective coefficient range : [ 2.29981e-21, 7.96265e+07 ]
  Variable bound range        : [ 0.05, 1 ]
  RHS coefficient range       : [ 3.32882e-08, 0.29599 ]
Objective value for Line heur k = 0: 21526787.177824505
90
Actual reward of current solution: 54036304.037119314
Minimum Difference with past solutions:0.050000000000000044.
Gurobi status: 2

Statistics for model Linearization Heuristic :
  Linear constraint matrix    : 16026 Constrs, 9360 Vars, 6018328 NZs
  Matrix coefficient range    : [ 1.00464e-13, 1 ]
  Objective coefficient range : [ 3.53934e-21, 7.96265e+07 ]
  Variable bound range        : [ 0.05, 1 ]
  RHS coefficient range       : [ 1.2746e-07, 0.294902 ]
Objective value for Line heur k = 0: 21983752.427823585
90
Actual reward of current solution: 53868511.53802252
Minimum Difference with past solutions:0.050000000000000044.
Gurobi status: 2

Statistics for model Linearization Heuristic :
  Linear constraint matrix    : 16026 Constrs, 9360 Vars, 6321440 NZs
  Matrix coefficient range    : [ 1.0012e-13, 1 ]
  Objective coefficient range : [ 1.22243e-21, 7.96265e+07 ]
  Variable bound range        : [ 0.05, 1 ]
  RHS coefficient range       : [ 3.32882e-08, 0.29599 ]
Objective value for Line heur k = 0: 21639938.849803295
90
Actual reward of current solution: 54149471.854112595
Minimum Difference with past solutions:0.050000000000000044.
Gurobi status: 2

Statistics for model Linearization Heuristic :
  Linear constraint matrix    : 16026 Constrs, 9360 Vars, 6018328 NZs
  Matrix coefficient range    : [ 1.00464e-13, 1 ]
  Objective coefficient range : [ 3.58441e-21, 7.96265e+07 ]
  Variable bound range        : [ 0.05, 1 ]
  RHS coefficient range       : [ 1.2746e-07, 0.294902 ]
Objective value for Line heur k = 0: 22096907.16213658
90
Actual reward of current solution: 53981678.071547635
Minimum Difference with past solutions:0.050000000000000044.
Gurobi status: 2

Statistics for model Linearization Heuristic :
  Linear constraint matrix    : 16026 Constrs, 9360 Vars, 6321440 NZs
  Matrix coefficient range    : [ 1.0012e-13, 1 ]
  Objective coefficient range : [ 1.45056e-22, 7.96265e+07 ]
  Variable bound range        : [ 0.05, 1 ]
  RHS coefficient range       : [ 3.32882e-08, 0.29599 ]
Objective value for Line heur k = 0: 21753090.52178212
90
Actual reward of current solution: 54262639.6711059
Minimum Difference with past solutions:0.050000000000000044.
Gurobi status: 2

Statistics for model Linearization Heuristic :
  Linear constraint matrix    : 16026 Constrs, 9360 Vars, 6018328 NZs
  Matrix coefficient range    : [ 1.00464e-13, 1 ]
  Objective coefficient range : [ 3.62948e-21, 7.96265e+07 ]
  Variable bound range        : [ 0.05, 1 ]
  RHS coefficient range       : [ 1.2746e-07, 0.294902 ]
Objective value for Line heur k = 0: 22210061.89644958
90
Actual reward of current solution: 54094844.60507275
Minimum Difference with past solutions:0.050000000000000044.
Gurobi status: 2

Statistics for model Linearization Heuristic :
  Linear constraint matrix    : 16026 Constrs, 9360 Vars, 6321440 NZs
  Matrix coefficient range    : [ 1.0012e-13, 1 ]
  Objective coefficient range : [ 9.32322e-22, 7.96265e+07 ]
  Variable bound range        : [ 0.05, 1 ]
  RHS coefficient range       : [ 3.32882e-08, 0.29599 ]
Objective value for Line heur k = 0: 21866242.19376089
90
Actual reward of current solution: 54375807.4880992
Minimum Difference with past solutions:0.05.
Gurobi status: 2

Statistics for model Linearization Heuristic :
  Linear constraint matrix    : 16026 Constrs, 9360 Vars, 6018328 NZs
  Matrix coefficient range    : [ 1.00464e-13, 1 ]
  Objective coefficient range : [ 3.67456e-21, 7.96265e+07 ]
  Variable bound range        : [ 0.05, 1 ]
  RHS coefficient range       : [ 1.2746e-07, 0.294902 ]
Objective value for Line heur k = 0: 22323216.630762577
90
Actual reward of current solution: 54208011.13859786
Minimum Difference with past solutions:0.05.
Gurobi status: 2

Statistics for model Linearization Heuristic :
  Linear constraint matrix    : 16026 Constrs, 9360 Vars, 6321440 NZs
  Matrix coefficient range    : [ 1.0012e-13, 1 ]
  Objective coefficient range : [ 2.0097e-21, 7.96265e+07 ]
  Variable bound range        : [ 0.05, 1 ]
  RHS coefficient range       : [ 3.32882e-08, 0.29599 ]
Objective value for Line heur k = 0: 21979393.865739662
90
Actual reward of current solution: 54488975.30509249
Minimum Difference with past solutions:0.05.
Gurobi status: 2

Statistics for model Linearization Heuristic :
  Linear constraint matrix    : 16026 Constrs, 9360 Vars, 6018328 NZs
  Matrix coefficient range    : [ 1.00464e-13, 1 ]
  Objective coefficient range : [ 3.63557e-21, 7.96265e+07 ]
  Variable bound range        : [ 0.05, 1 ]
  RHS coefficient range       : [ 1.2746e-07, 0.294902 ]
Objective value for Line heur k = 0: 22436371.365075607
90
Actual reward of current solution: 54321177.67212297
Minimum Difference with past solutions:0.05.
Gurobi status: 2

Statistics for model Linearization Heuristic :
  Linear constraint matrix    : 16026 Constrs, 9360 Vars, 6321440 NZs
  Matrix coefficient range    : [ 1.0012e-13, 1 ]
  Objective coefficient range : [ 3.08708e-21, 7.96265e+07 ]
  Variable bound range        : [ 0.05, 1 ]
  RHS coefficient range       : [ 3.32882e-08, 0.29599 ]
Objective value for Line heur k = 0: 22092545.537718564
90
Actual reward of current solution: 54602143.122085795
Minimum Difference with past solutions:0.05.
Gurobi status: 2

Statistics for model Linearization Heuristic :
  Linear constraint matrix    : 16026 Constrs, 9360 Vars, 6018328 NZs
  Matrix coefficient range    : [ 1.00464e-13, 1 ]
  Objective coefficient range : [ 2.68305e-21, 7.96265e+07 ]
  Variable bound range        : [ 0.05, 1 ]
  RHS coefficient range       : [ 1.2746e-07, 0.294902 ]
Objective value for Line heur k = 0: 22549526.09938857
90
Actual reward of current solution: 54434344.2056481
Minimum Difference with past solutions:0.05.
Gurobi status: 2

Statistics for model Linearization Heuristic :
  Linear constraint matrix    : 16026 Constrs, 9360 Vars, 6321440 NZs
  Matrix coefficient range    : [ 1.0012e-13, 1 ]
  Objective coefficient range : [ 3.65132e-21, 7.96265e+07 ]
  Variable bound range        : [ 0.05, 1 ]
  RHS coefficient range       : [ 3.32882e-08, 0.29599 ]
Objective value for Line heur k = 0: 22205697.209697355
90
Actual reward of current solution: 54715310.93907911
Minimum Difference with past solutions:0.05.
Gurobi status: 2

Statistics for model Linearization Heuristic :
  Linear constraint matrix    : 16026 Constrs, 9360 Vars, 6018328 NZs
  Matrix coefficient range    : [ 1.00464e-13, 1 ]
  Objective coefficient range : [ 1.73052e-21, 7.96265e+07 ]
  Variable bound range        : [ 0.05, 1 ]
  RHS coefficient range       : [ 1.2746e-07, 0.294902 ]
Objective value for Line heur k = 0: 22662680.83370155
90
Actual reward of current solution: 54547510.73917322
Minimum Difference with past solutions:0.05.
Gurobi status: 2

Statistics for model Linearization Heuristic :
  Linear constraint matrix    : 16026 Constrs, 9360 Vars, 6321440 NZs
  Matrix coefficient range    : [ 1.0012e-13, 1 ]
  Objective coefficient range : [ 3.71173e-21, 7.96265e+07 ]
  Variable bound range        : [ 0.05, 1 ]
  RHS coefficient range       : [ 3.32882e-08, 0.29599 ]
Objective value for Line heur k = 0: 22318848.881676145
90
Actual reward of current solution: 54828478.75607238
Minimum Difference with past solutions:0.05.
Gurobi status: 2

Statistics for model Linearization Heuristic :
  Linear constraint matrix    : 16026 Constrs, 9360 Vars, 6018328 NZs
  Matrix coefficient range    : [ 1.00464e-13, 1 ]
  Objective coefficient range : [ 7.77996e-22, 7.96265e+07 ]
  Variable bound range        : [ 0.05, 1 ]
  RHS coefficient range       : [ 1.2746e-07, 0.294902 ]
Objective value for Line heur k = 0: 22775835.568014454
90
Actual reward of current solution: 54660677.27269832
Minimum Difference with past solutions:0.05.
Gurobi status: 2

Statistics for model Linearization Heuristic :
  Linear constraint matrix    : 16026 Constrs, 9360 Vars, 6321440 NZs
  Matrix coefficient range    : [ 1.0012e-13, 1 ]
  Objective coefficient range : [ 3.77214e-21, 7.96265e+07 ]
  Variable bound range        : [ 0.05, 1 ]
  RHS coefficient range       : [ 3.32882e-08, 0.29599 ]
Objective value for Line heur k = 0: 22432000.553654946
90
Actual reward of current solution: 54941646.573065676
Minimum Difference with past solutions:0.05.
Gurobi status: 2

Statistics for model Linearization Heuristic :
  Linear constraint matrix    : 16026 Constrs, 9360 Vars, 6018328 NZs
  Matrix coefficient range    : [ 1.00464e-13, 1 ]
  Objective coefficient range : [ 1.74529e-22, 7.96265e+07 ]
  Variable bound range        : [ 0.05, 1 ]
  RHS coefficient range       : [ 1.2746e-07, 0.294902 ]
Objective value for Line heur k = 0: 22832406.392404974
90
Actual reward of current solution: 54717260.53946089
Minimum Difference with past solutions:0.049999999999999684.
Gurobi status: 2

Statistics for model Linearization Heuristic :
  Linear constraint matrix    : 16026 Constrs, 9360 Vars, 6321440 NZs
  Matrix coefficient range    : [ 1.0012e-13, 1 ]
  Objective coefficient range : [ 3.80234e-21, 7.96265e+07 ]
  Variable bound range        : [ 0.05, 1 ]
  RHS coefficient range       : [ 3.32882e-08, 0.29599 ]
Objective value for Line heur k = 0: 22431993.12124218
90
Actual reward of current solution: 54941646.573065676
Minimum Difference with past solutions:0.0.
New solution equals old solution at k=0
89
Total Reward at the start of the inner iterations: 54941646.573065676
Gurobi status: 2

Statistics for model Linearization Heuristic :
  Linear constraint matrix    : 15915 Constrs, 9270 Vars, 5914507 NZs
  Matrix coefficient range    : [ 1.00464e-13, 1 ]
  Objective coefficient range : [ 1.74529e-22, 7.96265e+07 ]
  Variable bound range        : [ 0.05, 1 ]
  RHS coefficient range       : [ 1.9959e-07, 1 ]
Objective value for Line heur k = 1: 22709089.054993592
89
Actual reward of current solution: 54920021.38752264
Minimum Difference with past solutions:0.05.
Gurobi status: 2

Statistics for model Linearization Heuristic :
  Linear constraint matrix    : 15915 Constrs, 9270 Vars, 5936645 NZs
  Matrix coefficient range    : [ 1.00282e-13, 1 ]
  Objective coefficient range : [ 2.49908e-21, 7.96265e+07 ]
  Variable bound range        : [ 0.05, 1 ]
  RHS coefficient range       : [ 2.02982e-07, 1 ]
Objective value for Line heur k = 1: 22654431.572574817
89
Actual reward of current solution: 54941646.573065676
Minimum Difference with past solutions:0.0.
New solution equals old solution at k=1
88
Total Reward at the start of the inner iterations: 54941646.573065676
Gurobi status: 2

Statistics for model Linearization Heuristic :
  Linear constraint matrix    : 15750 Constrs, 9180 Vars, 5811658 NZs
  Matrix coefficient range    : [ 1.00464e-13, 1 ]
  Objective coefficient range : [ 1.74529e-22, 7.96265e+07 ]
  Variable bound range        : [ 0.05, 1 ]
  RHS coefficient range       : [ 1.48115e-07, 1 ]
Objective value for Line heur k = 2: 22655828.779830504
88
Actual reward of current solution: 54920021.38752264
Minimum Difference with past solutions:0.05.
Gurobi status: 2

Statistics for model Linearization Heuristic :
  Linear constraint matrix    : 15750 Constrs, 9180 Vars, 5833796 NZs
  Matrix coefficient range    : [ 1.00282e-13, 1 ]
  Objective coefficient range : [ 2.49908e-21, 7.96265e+07 ]
  Variable bound range        : [ 0.05, 1 ]
  RHS coefficient range       : [ 1.42598e-07, 1 ]
Objective value for Line heur k = 2: 22602355.59730603
88
Actual reward of current solution: 54941646.573065676
Minimum Difference with past solutions:0.0.
New solution equals old solution at k=2
87
Total Reward at the start of the inner iterations: 54941646.573065676
Gurobi status: 2

Statistics for model Linearization Heuristic :
  Linear constraint matrix    : 15585 Constrs, 9090 Vars, 5709835 NZs
  Matrix coefficient range    : [ 1.00464e-13, 1 ]
  Objective coefficient range : [ 1.74529e-22, 7.96265e+07 ]
  Variable bound range        : [ 0.05, 1 ]
  RHS coefficient range       : [ 8.93734e-08, 1 ]
Objective value for Line heur k = 3: 22600925.302273843
87
Actual reward of current solution: 54920021.38752264
Minimum Difference with past solutions:0.05.
Gurobi status: 2

Statistics for model Linearization Heuristic :
  Linear constraint matrix    : 15585 Constrs, 9090 Vars, 5731973 NZs
  Matrix coefficient range    : [ 1.00282e-13, 1 ]
  Objective coefficient range : [ 2.49908e-21, 7.96265e+07 ]
  Variable bound range        : [ 0.05, 1 ]
  RHS coefficient range       : [ 4.49873e-09, 1 ]
Objective value for Line heur k = 3: 22548726.23671288
87
Actual reward of current solution: 54941646.573065676
Minimum Difference with past solutions:0.0.
New solution equals old solution at k=3
86
Total Reward at the start of the inner iterations: 54941646.573065676
Gurobi status: 2

Statistics for model Linearization Heuristic :
  Linear constraint matrix    : 15420 Constrs, 9000 Vars, 5609038 NZs
  Matrix coefficient range    : [ 1.00464e-13, 1 ]
  Objective coefficient range : [ 1.74529e-22, 7.96265e+07 ]
  Variable bound range        : [ 0.05, 1 ]
  RHS coefficient range       : [ 1.944e-07, 1 ]
Objective value for Line heur k = 4: 22541817.92783869
86
Actual reward of current solution: 54920021.38752264
Minimum Difference with past solutions:0.05.
Gurobi status: 2

Statistics for model Linearization Heuristic :
  Linear constraint matrix    : 15420 Constrs, 9000 Vars, 5631176 NZs
  Matrix coefficient range    : [ 1.00282e-13, 1 ]
  Objective coefficient range : [ 2.49908e-21, 7.96265e+07 ]
  Variable bound range        : [ 0.05, 1 ]
  RHS coefficient range       : [ 1.9771e-07, 1 ]
Objective value for Line heur k = 4: 22490952.439428892
86
Actual reward of current solution: 54941646.573065676
Minimum Difference with past solutions:0.0.
New solution equals old solution at k=4
85
Total Reward at the start of the inner iterations: 54941646.573065676
Gurobi status: 2

Statistics for model Linearization Heuristic :
  Linear constraint matrix    : 15255 Constrs, 8910 Vars, 5509267 NZs
  Matrix coefficient range    : [ 1.00464e-13, 1 ]
  Objective coefficient range : [ 1.74529e-22, 7.96265e+07 ]
  Variable bound range        : [ 0.05, 1 ]
  RHS coefficient range       : [ 1.92509e-07, 1 ]
Objective value for Line heur k = 5: 22477266.095935263
85
Actual reward of current solution: 54920021.38752264
Minimum Difference with past solutions:0.05.
Gurobi status: 2

Statistics for model Linearization Heuristic :
  Linear constraint matrix    : 15255 Constrs, 8910 Vars, 5531405 NZs
  Matrix coefficient range    : [ 1.00282e-13, 1 ]
  Objective coefficient range : [ 2.49908e-21, 7.96265e+07 ]
  Variable bound range        : [ 0.05, 1 ]
  RHS coefficient range       : [ 1.71462e-07, 1 ]
Objective value for Line heur k = 5: 22427772.196297463
85
Actual reward of current solution: 54941646.573065676
Minimum Difference with past solutions:0.0.
New solution equals old solution at k=5
84
Total Reward at the start of the inner iterations: 54941646.573065676
Gurobi status: 2

Statistics for model Linearization Heuristic :
  Linear constraint matrix    : 15090 Constrs, 8820 Vars, 5410522 NZs
  Matrix coefficient range    : [ 1.00464e-13, 1 ]
  Objective coefficient range : [ 1.74529e-22, 7.96265e+07 ]
  Variable bound range        : [ 0.05, 1 ]
  RHS coefficient range       : [ 4.76082e-08, 1 ]
Objective value for Line heur k = 6: 22406797.608310465
84
Actual reward of current solution: 54920021.38752264
Minimum Difference with past solutions:0.05.
Gurobi status: 2

Statistics for model Linearization Heuristic :
  Linear constraint matrix    : 15090 Constrs, 8820 Vars, 5432660 NZs
  Matrix coefficient range    : [ 1.00282e-13, 1 ]
  Objective coefficient range : [ 2.49908e-21, 7.96265e+07 ]
  Variable bound range        : [ 0.05, 1 ]
  RHS coefficient range       : [ 1.42192e-08, 1 ]
Objective value for Line heur k = 6: 22358697.450550802
84
Actual reward of current solution: 54941646.573065676
Minimum Difference with past solutions:0.0.
New solution equals old solution at k=6
83
Total Reward at the start of the inner iterations: 54941646.573065676
Gurobi status: 2

Statistics for model Linearization Heuristic :
  Linear constraint matrix    : 14925 Constrs, 8730 Vars, 5312803 NZs
  Matrix coefficient range    : [ 1.00464e-13, 1 ]
  Objective coefficient range : [ 1.74529e-22, 7.96265e+07 ]
  Variable bound range        : [ 0.05, 1 ]
  RHS coefficient range       : [ 1.88622e-07, 1 ]
Objective value for Line heur k = 7: 22330370.984657254
83
Actual reward of current solution: 54920021.38752264
Minimum Difference with past solutions:0.05.
Gurobi status: 2

Statistics for model Linearization Heuristic :
  Linear constraint matrix    : 14925 Constrs, 8730 Vars, 5334941 NZs
  Matrix coefficient range    : [ 1.00282e-13, 1 ]
  Objective coefficient range : [ 2.49908e-21, 7.96265e+07 ]
  Variable bound range        : [ 0.05, 1 ]
  RHS coefficient range       : [ 1.72191e-07, 1 ]
Objective value for Line heur k = 7: 22283674.034042172
83
Actual reward of current solution: 54941646.573065676
Minimum Difference with past solutions:0.0.
New solution equals old solution at k=7
82
Total Reward at the start of the inner iterations: 54941646.573065676
Gurobi status: 2

Statistics for model Linearization Heuristic :
  Linear constraint matrix    : 14760 Constrs, 8640 Vars, 5216110 NZs
  Matrix coefficient range    : [ 1.00464e-13, 1 ]
  Objective coefficient range : [ 1.74529e-22, 7.96265e+07 ]
  Variable bound range        : [ 0.05, 1 ]
  RHS coefficient range       : [ 1.13198e-07, 1 ]
Objective value for Line heur k = 8: 22248167.466405783
82
Actual reward of current solution: 54920021.38752264
Minimum Difference with past solutions:0.05.
Gurobi status: 2

Statistics for model Linearization Heuristic :
  Linear constraint matrix    : 14760 Constrs, 8640 Vars, 5238248 NZs
  Matrix coefficient range    : [ 1.00282e-13, 1 ]
  Objective coefficient range : [ 2.49908e-21, 7.96265e+07 ]
  Variable bound range        : [ 0.05, 1 ]
  RHS coefficient range       : [ 9.30085e-08, 1 ]
Objective value for Line heur k = 8: 22202871.7577273
82
Actual reward of current solution: 54941646.573065676
Minimum Difference with past solutions:0.0.
New solution equals old solution at k=8
81
Total Reward at the start of the inner iterations: 54941646.573065676
Gurobi status: 2

Statistics for model Linearization Heuristic :
  Linear constraint matrix    : 14595 Constrs, 8550 Vars, 5120443 NZs
  Matrix coefficient range    : [ 1.00464e-13, 1 ]
  Objective coefficient range : [ 1.74529e-22, 7.96265e+07 ]
  Variable bound range        : [ 0.05, 1 ]
  RHS coefficient range       : [ 2.67365e-08, 1 ]
Objective value for Line heur k = 9: 22160460.317517225
81
Actual reward of current solution: 54920021.38752264
Minimum Difference with past solutions:0.05.
Gurobi status: 2

Statistics for model Linearization Heuristic :
  Linear constraint matrix    : 14595 Constrs, 8550 Vars, 5142581 NZs
  Matrix coefficient range    : [ 1.00282e-13, 1 ]
  Objective coefficient range : [ 2.49908e-21, 7.96265e+07 ]
  Variable bound range        : [ 0.05, 1 ]
  RHS coefficient range       : [ 3.95745e-09, 1 ]
Objective value for Line heur k = 9: 22116551.995635945
81
Actual reward of current solution: 54941646.573065676
Minimum Difference with past solutions:0.0.
New solution equals old solution at k=9
80
Total Reward at the start of the inner iterations: 54941646.573065676
Gurobi status: 2

Statistics for model Linearization Heuristic :
  Linear constraint matrix    : 14430 Constrs, 8460 Vars, 5025802 NZs
  Matrix coefficient range    : [ 1.00464e-13, 1 ]
  Objective coefficient range : [ 1.74529e-22, 7.96265e+07 ]
  Variable bound range        : [ 0.05, 1 ]
  RHS coefficient range       : [ 2.44773e-08, 1 ]
Objective value for Line heur k = 10: 22067528.373133067
80
Actual reward of current solution: 54920021.38752264
Minimum Difference with past solutions:0.05.
Gurobi status: 2

Statistics for model Linearization Heuristic :
  Linear constraint matrix    : 14430 Constrs, 8460 Vars, 5047940 NZs
  Matrix coefficient range    : [ 1.00282e-13, 1 ]
  Objective coefficient range : [ 2.49908e-21, 7.96265e+07 ]
  Variable bound range        : [ 0.05, 1 ]
  RHS coefficient range       : [ 4.17235e-08, 1 ]
Objective value for Line heur k = 10: 22024979.43551021
80
Actual reward of current solution: 54941646.573065676
Minimum Difference with past solutions:0.0.
New solution equals old solution at k=10
79
Total Reward at the start of the inner iterations: 54941646.573065676
Gurobi status: 2

Statistics for model Linearization Heuristic :
  Linear constraint matrix    : 14265 Constrs, 8370 Vars, 4932187 NZs
  Matrix coefficient range    : [ 1.00464e-13, 1 ]
  Objective coefficient range : [ 1.74529e-22, 7.96265e+07 ]
  Variable bound range        : [ 0.05, 1 ]
  RHS coefficient range       : [ 1.66568e-07, 1 ]
Objective value for Line heur k = 11: 21969592.1000533
79
Actual reward of current solution: 54920021.38752264
Minimum Difference with past solutions:0.05.
Gurobi status: 2

Statistics for model Linearization Heuristic :
  Linear constraint matrix    : 14265 Constrs, 8370 Vars, 4954325 NZs
  Matrix coefficient range    : [ 1.00282e-13, 1 ]
  Objective coefficient range : [ 2.49908e-21, 7.96265e+07 ]
  Variable bound range        : [ 0.05, 1 ]
  RHS coefficient range       : [ 1.83853e-07, 1 ]
Objective value for Line heur k = 11: 21928355.968062453
79
Actual reward of current solution: 54941646.573065676
Minimum Difference with past solutions:0.0.
New solution equals old solution at k=11
78
Total Reward at the start of the inner iterations: 54941646.573065676
Gurobi status: 2

Statistics for model Linearization Heuristic :
  Linear constraint matrix    : 14100 Constrs, 8280 Vars, 4839598 NZs
  Matrix coefficient range    : [ 1.00464e-13, 1 ]
  Objective coefficient range : [ 1.74529e-22, 7.96265e+07 ]
  Variable bound range        : [ 0.05, 1 ]
  RHS coefficient range       : [ 1.78841e-07, 1 ]
Objective value for Line heur k = 12: 21866756.617392004
78
Actual reward of current solution: 54920021.38752264
Minimum Difference with past solutions:0.05.
Gurobi status: 2

Statistics for model Linearization Heuristic :
  Linear constraint matrix    : 14100 Constrs, 8280 Vars, 4861736 NZs
  Matrix coefficient range    : [ 1.00282e-13, 1 ]
  Objective coefficient range : [ 2.49908e-21, 7.96265e+07 ]
  Variable bound range        : [ 0.05, 1 ]
  RHS coefficient range       : [ 1.55726e-07, 1 ]
Objective value for Line heur k = 12: 21826760.807952225
78
Actual reward of current solution: 54941646.573065676
Minimum Difference with past solutions:0.0.
New solution equals old solution at k=12
77
Total Reward at the start of the inner iterations: 54941646.573065676
Gurobi status: 2

Statistics for model Linearization Heuristic :
  Linear constraint matrix    : 13935 Constrs, 8190 Vars, 4748035 NZs
  Matrix coefficient range    : [ 1.00464e-13, 1 ]
  Objective coefficient range : [ 1.74529e-22, 7.96265e+07 ]
  Variable bound range        : [ 0.05, 1 ]
  RHS coefficient range       : [ 1.00432e-07, 1 ]
Objective value for Line heur k = 13: 21758948.796825588
77
Actual reward of current solution: 54920021.38752264
Minimum Difference with past solutions:0.05.
Gurobi status: 2

Statistics for model Linearization Heuristic :
  Linear constraint matrix    : 13935 Constrs, 8190 Vars, 4770173 NZs
  Matrix coefficient range    : [ 1.00282e-13, 1 ]
  Objective coefficient range : [ 2.49908e-21, 7.96265e+07 ]
  Variable bound range        : [ 0.05, 1 ]
  RHS coefficient range       : [ 5.73337e-08, 1 ]
Objective value for Line heur k = 13: 21720083.487646442
77
Actual reward of current solution: 54941646.573065676
Minimum Difference with past solutions:0.0.
New solution equals old solution at k=13
76
Total Reward at the start of the inner iterations: 54941646.573065676
Gurobi status: 2

Statistics for model Linearization Heuristic :
  Linear constraint matrix    : 13770 Constrs, 8100 Vars, 4657552 NZs
  Matrix coefficient range    : [ 1.00464e-13, 1 ]
  Objective coefficient range : [ 1.74529e-22, 7.96265e+07 ]
  Variable bound range        : [ 0.05, 1 ]
  RHS coefficient range       : [ 1.0845e-07, 0.293042 ]
Objective value for Line heur k = 14: 21645835.513094768
76
Actual reward of current solution: 54920021.38752264
Minimum Difference with past solutions:0.05.
Gurobi status: 2

Statistics for model Linearization Heuristic :
  Linear constraint matrix    : 13770 Constrs, 8100 Vars, 4679690 NZs
  Matrix coefficient range    : [ 1.00282e-13, 1 ]
  Objective coefficient range : [ 2.49908e-21, 7.96265e+07 ]
  Variable bound range        : [ 0.05, 1 ]
  RHS coefficient range       : [ 7.70597e-08, 0.293125 ]
Objective value for Line heur k = 14: 21607936.11275495
76
Actual reward of current solution: 54941646.573065676
Minimum Difference with past solutions:0.0.
New solution equals old solution at k=14
75
Total Reward at the start of the inner iterations: 54941646.573065676
Gurobi status: 2

Statistics for model Linearization Heuristic :
  Linear constraint matrix    : 13659 Constrs, 8010 Vars, 4551303 NZs
  Matrix coefficient range    : [ 1.00464e-13, 1 ]
  Objective coefficient range : [ 1.74529e-22, 7.96265e+07 ]
  Variable bound range        : [ 0.05, 1 ]
  RHS coefficient range       : [ 4.56416e-08, 1 ]
Objective value for Line heur k = 15: 21468418.012854703
75
Actual reward of current solution: 54941646.573065676
Minimum Difference with past solutions:0.0.
New solution equals old solution at k=15
74
Total Reward at the start of the inner iterations: 54941646.573065676
Gurobi status: 2

Statistics for model Linearization Heuristic :
  Linear constraint matrix    : 13494 Constrs, 7920 Vars, 4446216 NZs
  Matrix coefficient range    : [ 1.00464e-13, 1 ]
  Objective coefficient range : [ 1.74529e-22, 7.96265e+07 ]
  Variable bound range        : [ 0.05, 1 ]
  RHS coefficient range       : [ 3.8831e-08, 1 ]
Objective value for Line heur k = 16: 21289558.515201647
74
Actual reward of current solution: 54941646.573065676
Minimum Difference with past solutions:0.0.
New solution equals old solution at k=16
73
Total Reward at the start of the inner iterations: 54941646.573065676
Gurobi status: 2

Statistics for model Linearization Heuristic :
  Linear constraint matrix    : 13329 Constrs, 7830 Vars, 4342345 NZs
  Matrix coefficient range    : [ 1.00464e-13, 1 ]
  Objective coefficient range : [ 1.74529e-22, 7.96265e+07 ]
  Variable bound range        : [ 0.05, 1 ]
  RHS coefficient range       : [ 4.02546e-09, 1 ]
Objective value for Line heur k = 17: 21104910.394397575
73
Actual reward of current solution: 54941646.573065676
Minimum Difference with past solutions:0.0.
New solution equals old solution at k=17
72
Total Reward at the start of the inner iterations: 54941646.573065676
Gurobi status: 2

Statistics for model Linearization Heuristic :
  Linear constraint matrix    : 13164 Constrs, 7740 Vars, 4239690 NZs
  Matrix coefficient range    : [ 1.00464e-13, 1 ]
  Objective coefficient range : [ 1.74529e-22, 7.96265e+07 ]
  Variable bound range        : [ 0.05, 1 ]
  RHS coefficient range       : [ 8.60074e-09, 1 ]
Objective value for Line heur k = 18: 20915716.3651169
72
Actual reward of current solution: 54941646.573065676
Minimum Difference with past solutions:0.0.
New solution equals old solution at k=18
71
Total Reward at the start of the inner iterations: 54941646.573065676
Gurobi status: 2

Statistics for model Linearization Heuristic :
  Linear constraint matrix    : 12999 Constrs, 7650 Vars, 4138251 NZs
  Matrix coefficient range    : [ 1.00464e-13, 1 ]
  Objective coefficient range : [ 1.74529e-22, 7.96265e+07 ]
  Variable bound range        : [ 0.05, 1 ]
  RHS coefficient range       : [ 3.84529e-09, 1 ]
Objective value for Line heur k = 19: 20722746.21051077
71
Actual reward of current solution: 54941646.573065676
Minimum Difference with past solutions:0.0.
New solution equals old solution at k=19
70
Total Reward at the start of the inner iterations: 54941646.573065676
Gurobi status: 2

Statistics for model Linearization Heuristic :
  Linear constraint matrix    : 12834 Constrs, 7560 Vars, 4038028 NZs
  Matrix coefficient range    : [ 1.00464e-13, 1 ]
  Objective coefficient range : [ 1.74529e-22, 7.96265e+07 ]
  Variable bound range        : [ 0.05, 1 ]
  RHS coefficient range       : [ 1.83998e-08, 1 ]
Objective value for Line heur k = 20: 20526501.230282255
70
Actual reward of current solution: 54941646.573065676
Minimum Difference with past solutions:0.0.
New solution equals old solution at k=20
69
Total Reward at the start of the inner iterations: 54941646.573065676
Gurobi status: 2

Statistics for model Linearization Heuristic :
  Linear constraint matrix    : 12669 Constrs, 7470 Vars, 3939021 NZs
  Matrix coefficient range    : [ 1.00464e-13, 1 ]
  Objective coefficient range : [ 1.74529e-22, 7.96265e+07 ]
  Variable bound range        : [ 0.05, 1 ]
  RHS coefficient range       : [ 2.78312e-08, 1 ]
Objective value for Line heur k = 21: 20327328.055527907
69
Actual reward of current solution: 54941646.573065676
Minimum Difference with past solutions:0.0.
New solution equals old solution at k=21
68
Total Reward at the start of the inner iterations: 54941646.573065676
Gurobi status: 2

Statistics for model Linearization Heuristic :
  Linear constraint matrix    : 12504 Constrs, 7380 Vars, 3841230 NZs
  Matrix coefficient range    : [ 1.00464e-13, 1 ]
  Objective coefficient range : [ 1.74529e-22, 7.96265e+07 ]
  Variable bound range        : [ 0.05, 1 ]
  RHS coefficient range       : [ 2.84451e-08, 1 ]
Objective value for Line heur k = 22: 20125481.879902016
68
Actual reward of current solution: 54941646.573065676
Minimum Difference with past solutions:0.0.
New solution equals old solution at k=22
67
Total Reward at the start of the inner iterations: 54941646.573065676
Gurobi status: 2

Statistics for model Linearization Heuristic :
  Linear constraint matrix    : 12339 Constrs, 7290 Vars, 3744655 NZs
  Matrix coefficient range    : [ 1.00464e-13, 1 ]
  Objective coefficient range : [ 1.74529e-22, 7.96265e+07 ]
  Variable bound range        : [ 0.05, 1 ]
  RHS coefficient range       : [ 1.32565e-08, 1 ]
Objective value for Line heur k = 23: 19921161.224406596
67
Actual reward of current solution: 54941646.573065676
Minimum Difference with past solutions:0.0.
New solution equals old solution at k=23
66
Total Reward at the start of the inner iterations: 54941646.573065676
Gurobi status: 2

Statistics for model Linearization Heuristic :
  Linear constraint matrix    : 12174 Constrs, 7200 Vars, 3649296 NZs
  Matrix coefficient range    : [ 1.00464e-13, 1 ]
  Objective coefficient range : [ 1.74529e-22, 7.96265e+07 ]
  Variable bound range        : [ 0.05, 1 ]
  RHS coefficient range       : [ 4.30197e-10, 1 ]
Objective value for Line heur k = 24: 19714526.318388492
66
Actual reward of current solution: 54941646.573065676
Minimum Difference with past solutions:0.0.
New solution equals old solution at k=24
65
Total Reward at the start of the inner iterations: 54941646.573065676
Gurobi status: 2

Statistics for model Linearization Heuristic :
  Linear constraint matrix    : 12009 Constrs, 7110 Vars, 3555153 NZs
  Matrix coefficient range    : [ 1.00464e-13, 1 ]
  Objective coefficient range : [ 1.74529e-22, 7.96265e+07 ]
  Variable bound range        : [ 0.05, 1 ]
  RHS coefficient range       : [ 1.27292e-08, 1 ]
Objective value for Line heur k = 25: 19505707.45826372
65
Actual reward of current solution: 54941646.573065676
Minimum Difference with past solutions:0.0.
New solution equals old solution at k=25
64
Total Reward at the start of the inner iterations: 54941646.573065676
Gurobi status: 2

Statistics for model Linearization Heuristic :
  Linear constraint matrix    : 11844 Constrs, 7020 Vars, 3462226 NZs
  Matrix coefficient range    : [ 1.00464e-13, 1 ]
  Objective coefficient range : [ 1.74529e-22, 7.96265e+07 ]
  Variable bound range        : [ 0.05, 1 ]
  RHS coefficient range       : [ 2.38223e-08, 1 ]
Objective value for Line heur k = 26: 19294806.26986022
64
Actual reward of current solution: 54941646.573065676
Minimum Difference with past solutions:0.0.
New solution equals old solution at k=26
63
Total Reward at the start of the inner iterations: 54941646.573065676
Gurobi status: 2

Statistics for model Linearization Heuristic :
  Linear constraint matrix    : 11679 Constrs, 6930 Vars, 3370515 NZs
  Matrix coefficient range    : [ 1.00464e-13, 1 ]
  Objective coefficient range : [ 1.74529e-22, 7.96265e+07 ]
  Variable bound range        : [ 0.05, 1 ]
  RHS coefficient range       : [ 3.39661e-08, 1 ]
Objective value for Line heur k = 27: 19081890.45035724
63
Actual reward of current solution: 54941646.573065676
Minimum Difference with past solutions:0.0.
New solution equals old solution at k=27
62
Total Reward at the start of the inner iterations: 54941646.573065676
Gurobi status: 2

Statistics for model Linearization Heuristic :
  Linear constraint matrix    : 11514 Constrs, 6840 Vars, 3280074 NZs
  Matrix coefficient range    : [ 1.00464e-13, 1 ]
  Objective coefficient range : [ 1.74529e-22, 7.96265e+07 ]
  Variable bound range        : [ 0.05, 1 ]
  RHS coefficient range       : [ 4.35231e-08, 0.291536 ]
Objective value for Line heur k = 28: 18866980.505909994
62
Actual reward of current solution: 54941646.573065676
Minimum Difference with past solutions:0.0.
New solution equals old solution at k=28
61
Total Reward at the start of the inner iterations: 54941646.573065676
Gurobi status: 2

Statistics for model Linearization Heuristic :
  Linear constraint matrix    : 11403 Constrs, 6750 Vars, 3189411 NZs
  Matrix coefficient range    : [ 1.00464e-13, 1 ]
  Objective coefficient range : [ 1.74529e-22, 7.96265e+07 ]
  Variable bound range        : [ 0.05, 1 ]
  RHS coefficient range       : [ 4.53198e-08, 1 ]
Objective value for Line heur k = 29: 18643522.631088767
61
Actual reward of current solution: 54941646.573065676
Minimum Difference with past solutions:0.0.
New solution equals old solution at k=29
60
Total Reward at the start of the inner iterations: 54941646.573065676
Gurobi status: 2

Statistics for model Linearization Heuristic :
  Linear constraint matrix    : 11238 Constrs, 6660 Vars, 3099929 NZs
  Matrix coefficient range    : [ 1.00464e-13, 1 ]
  Objective coefficient range : [ 1.74529e-22, 7.96265e+07 ]
  Variable bound range        : [ 0.05, 1 ]
  RHS coefficient range       : [ 4.72139e-08, 1 ]
Objective value for Line heur k = 30: 18418130.091987878
60
Actual reward of current solution: 54941646.573065676
Minimum Difference with past solutions:0.0.
New solution equals old solution at k=30
59
Total Reward at the start of the inner iterations: 54941646.573065676
Gurobi status: 2

Statistics for model Linearization Heuristic :
  Linear constraint matrix    : 11073 Constrs, 6570 Vars, 3011682 NZs
  Matrix coefficient range    : [ 1.00464e-13, 1 ]
  Objective coefficient range : [ 1.74529e-22, 7.96265e+07 ]
  Variable bound range        : [ 0.05, 1 ]
  RHS coefficient range       : [ 4.88528e-08, 1 ]
Objective value for Line heur k = 31: 18191001.10190982
59
Actual reward of current solution: 54941646.573065676
Minimum Difference with past solutions:0.0.
New solution equals old solution at k=31
58
Total Reward at the start of the inner iterations: 54941646.573065676
Gurobi status: 2

Statistics for model Linearization Heuristic :
  Linear constraint matrix    : 10908 Constrs, 6480 Vars, 2924670 NZs
  Matrix coefficient range    : [ 1.00464e-13, 1 ]
  Objective coefficient range : [ 1.74529e-22, 7.96265e+07 ]
  Variable bound range        : [ 0.05, 1 ]
  RHS coefficient range       : [ 5.00962e-08, 1 ]
Objective value for Line heur k = 32: 17962279.65167242
58
Actual reward of current solution: 54941646.573065676
Minimum Difference with past solutions:0.0.
New solution equals old solution at k=32
57
Total Reward at the start of the inner iterations: 54941646.573065676
Gurobi status: 2

Statistics for model Linearization Heuristic :
  Linear constraint matrix    : 10743 Constrs, 6390 Vars, 2838893 NZs
  Matrix coefficient range    : [ 1.00464e-13, 1 ]
  Objective coefficient range : [ 1.74529e-22, 7.96265e+07 ]
  Variable bound range        : [ 0.05, 1 ]
  RHS coefficient range       : [ 5.09115e-08, 1 ]
Objective value for Line heur k = 33: 17732077.366703913
57
Actual reward of current solution: 54941646.573065676
Minimum Difference with past solutions:0.0.
New solution equals old solution at k=33
56
Total Reward at the start of the inner iterations: 54941646.573065676
Gurobi status: 2

Statistics for model Linearization Heuristic :
  Linear constraint matrix    : 10578 Constrs, 6300 Vars, 2754351 NZs
  Matrix coefficient range    : [ 1.00464e-13, 1 ]
  Objective coefficient range : [ 1.74529e-22, 7.96265e+07 ]
  Variable bound range        : [ 0.05, 1 ]
  RHS coefficient range       : [ 5.13181e-08, 1 ]
Objective value for Line heur k = 34: 17500486.068229113
56
Actual reward of current solution: 54941646.573065676
Minimum Difference with past solutions:0.0.
New solution equals old solution at k=34
55
Total Reward at the start of the inner iterations: 54941646.573065676
Gurobi status: 2

Statistics for model Linearization Heuristic :
  Linear constraint matrix    : 10413 Constrs, 6210 Vars, 2671044 NZs
  Matrix coefficient range    : [ 1.00464e-13, 1 ]
  Objective coefficient range : [ 1.74529e-22, 7.96265e+07 ]
  Variable bound range        : [ 0.05, 1 ]
  RHS coefficient range       : [ 5.13582e-08, 1 ]
Objective value for Line heur k = 35: 17267585.020162847
55
Actual reward of current solution: 54941646.573065676
Minimum Difference with past solutions:0.0.
New solution equals old solution at k=35
54
Total Reward at the start of the inner iterations: 54941646.573065676
Gurobi status: 2

Statistics for model Linearization Heuristic :
  Linear constraint matrix    : 10248 Constrs, 6120 Vars, 2588972 NZs
  Matrix coefficient range    : [ 1.00464e-13, 1 ]
  Objective coefficient range : [ 1.74529e-22, 7.96265e+07 ]
  Variable bound range        : [ 0.05, 1 ]
  RHS coefficient range       : [ 5.10812e-08, 1 ]
Objective value for Line heur k = 36: 17033445.13100844
54
Actual reward of current solution: 54941646.573065676
Minimum Difference with past solutions:0.0.
New solution equals old solution at k=36
53
Total Reward at the start of the inner iterations: 54941646.573065676
Gurobi status: 2

Statistics for model Linearization Heuristic :
  Linear constraint matrix    : 10083 Constrs, 6030 Vars, 2508135 NZs
  Matrix coefficient range    : [ 1.00464e-13, 1 ]
  Objective coefficient range : [ 1.74529e-22, 7.96265e+07 ]
  Variable bound range        : [ 0.05, 1 ]
  RHS coefficient range       : [ 5.05366e-08, 1 ]
Objective value for Line heur k = 37: 16798131.40739149
53
Actual reward of current solution: 54941646.573065676
Minimum Difference with past solutions:0.0.
New solution equals old solution at k=37
52
Total Reward at the start of the inner iterations: 54941646.573065676
Gurobi status: 2

Statistics for model Linearization Heuristic :
  Linear constraint matrix    : 9918 Constrs, 5940 Vars, 2428533 NZs
  Matrix coefficient range    : [ 1.00464e-13, 1 ]
  Objective coefficient range : [ 1.74529e-22, 7.96265e+07 ]
  Variable bound range        : [ 0.05, 1 ]
  RHS coefficient range       : [ 4.97705e-08, 1 ]
Objective value for Line heur k = 38: 16561704.401896633
52
Actual reward of current solution: 54941646.573065676
Minimum Difference with past solutions:0.0.
New solution equals old solution at k=38
51
Total Reward at the start of the inner iterations: 54941646.573065676
Gurobi status: 2

Statistics for model Linearization Heuristic :
  Linear constraint matrix    : 9753 Constrs, 5850 Vars, 2350166 NZs
  Matrix coefficient range    : [ 1.00464e-13, 1 ]
  Objective coefficient range : [ 1.74529e-22, 7.96265e+07 ]
  Variable bound range        : [ 0.05, 1 ]
  RHS coefficient range       : [ 4.88241e-08, 1 ]
Objective value for Line heur k = 39: 16324221.081543066
51
Actual reward of current solution: 54941646.573065676
Minimum Difference with past solutions:0.0.
New solution equals old solution at k=39
50
Total Reward at the start of the inner iterations: 54941646.573065676
Gurobi status: 2

Statistics for model Linearization Heuristic :
  Linear constraint matrix    : 9588 Constrs, 5760 Vars, 2273034 NZs
  Matrix coefficient range    : [ 1.00464e-13, 1 ]
  Objective coefficient range : [ 1.74529e-22, 7.96265e+07 ]
  Variable bound range        : [ 0.05, 1 ]
  RHS coefficient range       : [ 4.77336e-08, 1 ]
Objective value for Line heur k = 40: 16085735.362125339
50
Actual reward of current solution: 54941646.573065676
Minimum Difference with past solutions:0.0.
New solution equals old solution at k=40
49
Total Reward at the start of the inner iterations: 54941646.573065676
Gurobi status: 2

Statistics for model Linearization Heuristic :
  Linear constraint matrix    : 9423 Constrs, 5670 Vars, 2197137 NZs
  Matrix coefficient range    : [ 1.00464e-13, 1 ]
  Objective coefficient range : [ 1.74529e-22, 7.96265e+07 ]
  Variable bound range        : [ 0.05, 1 ]
  RHS coefficient range       : [ 4.65305e-08, 1 ]
Objective value for Line heur k = 41: 15846298.44969201
49
Actual reward of current solution: 54941646.573065676
Minimum Difference with past solutions:0.0.
New solution equals old solution at k=41
48
Total Reward at the start of the inner iterations: 54941646.573065676
Gurobi status: 2

Statistics for model Linearization Heuristic :
  Linear constraint matrix    : 9258 Constrs, 5580 Vars, 2122529 NZs
  Matrix coefficient range    : [ 1.00464e-13, 1 ]
  Objective coefficient range : [ 1.74529e-22, 7.96265e+07 ]
  Variable bound range        : [ 0.05, 1 ]
  RHS coefficient range       : [ 4.52414e-08, 0.290756 ]
Objective value for Line heur k = 42: 15605959.070624458
48
Actual reward of current solution: 54941646.573065676
Minimum Difference with past solutions:0.0.
New solution equals old solution at k=42
47
Total Reward at the start of the inner iterations: 54941646.573065676
Gurobi status: 2

Statistics for model Linearization Heuristic :
  Linear constraint matrix    : 9147 Constrs, 5490 Vars, 2049156 NZs
  Matrix coefficient range    : [ 1.00464e-13, 1 ]
  Objective coefficient range : [ 1.74529e-22, 7.96265e+07 ]
  Variable bound range        : [ 0.05, 1 ]
  RHS coefficient range       : [ 4.38893e-08, 1 ]
Objective value for Line heur k = 43: 15364763.637292098
47
Actual reward of current solution: 54941646.573065676
Minimum Difference with past solutions:0.0.
New solution equals old solution at k=43
46
Total Reward at the start of the inner iterations: 54941646.573065676
Gurobi status: 2

Statistics for model Linearization Heuristic :
  Linear constraint matrix    : 8982 Constrs, 5400 Vars, 1976964 NZs
  Matrix coefficient range    : [ 1.00464e-13, 1 ]
  Objective coefficient range : [ 1.74529e-22, 7.96265e+07 ]
  Variable bound range        : [ 0.05, 1 ]
  RHS coefficient range       : [ 4.24935e-08, 1 ]
Objective value for Line heur k = 44: 15122756.376341682
46
Actual reward of current solution: 54941646.573065676
Minimum Difference with past solutions:0.0.
New solution equals old solution at k=44
45
Total Reward at the start of the inner iterations: 54941646.573065676
Gurobi status: 2

Statistics for model Linearization Heuristic :
  Linear constraint matrix    : 8817 Constrs, 5310 Vars, 1906007 NZs
  Matrix coefficient range    : [ 1.00464e-13, 1 ]
  Objective coefficient range : [ 1.74529e-22, 7.96265e+07 ]
  Variable bound range        : [ 0.05, 1 ]
  RHS coefficient range       : [ 4.10702e-08, 1 ]
Objective value for Line heur k = 45: 14879979.435159659
45
Actual reward of current solution: 54941646.573065676
Minimum Difference with past solutions:0.0.
New solution equals old solution at k=45
44
Total Reward at the start of the inner iterations: 54941646.573065676
Gurobi status: 2

Statistics for model Linearization Heuristic :
  Linear constraint matrix    : 8652 Constrs, 5220 Vars, 1836285 NZs
  Matrix coefficient range    : [ 1.00464e-13, 1 ]
  Objective coefficient range : [ 1.74529e-22, 7.96265e+07 ]
  Variable bound range        : [ 0.05, 1 ]
  RHS coefficient range       : [ 3.96333e-08, 1 ]
Objective value for Line heur k = 46: 14636472.975383414
44
Actual reward of current solution: 54941646.573065676
Minimum Difference with past solutions:0.0.
New solution equals old solution at k=46
43
Total Reward at the start of the inner iterations: 54941646.573065676
Gurobi status: 2

Statistics for model Linearization Heuristic :
  Linear constraint matrix    : 8487 Constrs, 5130 Vars, 1767798 NZs
  Matrix coefficient range    : [ 1.00464e-13, 1 ]
  Objective coefficient range : [ 1.74529e-22, 7.96265e+07 ]
  Variable bound range        : [ 0.05, 1 ]
  RHS coefficient range       : [ 3.8194e-08, 1 ]
Objective value for Line heur k = 47: 14392275.258485544
43
Actual reward of current solution: 54941646.573065676
Minimum Difference with past solutions:0.0.
New solution equals old solution at k=47
42
Total Reward at the start of the inner iterations: 54941646.573065676
Gurobi status: 2

Statistics for model Linearization Heuristic :
  Linear constraint matrix    : 8322 Constrs, 5040 Vars, 1700546 NZs
  Matrix coefficient range    : [ 1.00464e-13, 1 ]
  Objective coefficient range : [ 1.74529e-22, 7.96265e+07 ]
  Variable bound range        : [ 0.05, 1 ]
  RHS coefficient range       : [ 3.67619e-08, 1 ]
Objective value for Line heur k = 48: 14147422.72623528
42
Actual reward of current solution: 54941646.573065676
Minimum Difference with past solutions:0.0.
New solution equals old solution at k=48
41
Total Reward at the start of the inner iterations: 54941646.573065676
Gurobi status: 2

Statistics for model Linearization Heuristic :
  Linear constraint matrix    : 8157 Constrs, 4950 Vars, 1634529 NZs
  Matrix coefficient range    : [ 1.00464e-13, 1 ]
  Objective coefficient range : [ 1.74529e-22, 7.96265e+07 ]
  Variable bound range        : [ 0.05, 1 ]
  RHS coefficient range       : [ 3.53447e-08, 1 ]
Objective value for Line heur k = 49: 13901950.077567523
41
Actual reward of current solution: 54941646.573065676
Minimum Difference with past solutions:0.0.
New solution equals old solution at k=49
40
Total Reward at the start of the inner iterations: 54941646.573065676
Gurobi status: 2

Statistics for model Linearization Heuristic :
  Linear constraint matrix    : 7992 Constrs, 4860 Vars, 1569747 NZs
  Matrix coefficient range    : [ 1.00464e-13, 1 ]
  Objective coefficient range : [ 1.74529e-22, 7.96265e+07 ]
  Variable bound range        : [ 0.05, 1 ]
  RHS coefficient range       : [ 3.39487e-08, 1 ]
Objective value for Line heur k = 50: 13655890.342666324
40
Actual reward of current solution: 54941646.573065676
Minimum Difference with past solutions:0.0.
New solution equals old solution at k=50
39
Total Reward at the start of the inner iterations: 54941646.573065676
Gurobi status: 2

Statistics for model Linearization Heuristic :
  Linear constraint matrix    : 7827 Constrs, 4770 Vars, 1506200 NZs
  Matrix coefficient range    : [ 1.00464e-13, 1 ]
  Objective coefficient range : [ 1.74529e-22, 7.96265e+07 ]
  Variable bound range        : [ 0.05, 1 ]
  RHS coefficient range       : [ 3.25791e-08, 1 ]
Objective value for Line heur k = 51: 13409274.95466435
39
Actual reward of current solution: 54941646.573065676
Minimum Difference with past solutions:0.0.
New solution equals old solution at k=51
38
Total Reward at the start of the inner iterations: 54941646.573065676
Gurobi status: 2

Statistics for model Linearization Heuristic :
  Linear constraint matrix    : 7662 Constrs, 4680 Vars, 1443888 NZs
  Matrix coefficient range    : [ 1.00464e-13, 1 ]
  Objective coefficient range : [ 1.74529e-22, 7.96265e+07 ]
  Variable bound range        : [ 0.05, 1 ]
  RHS coefficient range       : [ 3.124e-08, 1 ]
Objective value for Line heur k = 52: 13162133.819139156
38
Actual reward of current solution: 54941646.573065676
Minimum Difference with past solutions:0.0.
New solution equals old solution at k=52
37
Total Reward at the start of the inner iterations: 54941646.573065676
Gurobi status: 2

Statistics for model Linearization Heuristic :
  Linear constraint matrix    : 7497 Constrs, 4590 Vars, 1382811 NZs
  Matrix coefficient range    : [ 1.00464e-13, 1 ]
  Objective coefficient range : [ 1.74529e-22, 7.96265e+07 ]
  Variable bound range        : [ 0.05, 1 ]
  RHS coefficient range       : [ 2.99344e-08, 1 ]
Objective value for Line heur k = 53: 12914495.381471394
37
Actual reward of current solution: 54941646.573065676
Minimum Difference with past solutions:0.0.
New solution equals old solution at k=53
36
Total Reward at the start of the inner iterations: 54941646.573065676
Gurobi status: 2

Statistics for model Linearization Heuristic :
  Linear constraint matrix    : 7332 Constrs, 4500 Vars, 1322969 NZs
  Matrix coefficient range    : [ 1.00464e-13, 1 ]
  Objective coefficient range : [ 1.74529e-22, 7.96265e+07 ]
  Variable bound range        : [ 0.05, 1 ]
  RHS coefficient range       : [ 2.86649e-08, 1 ]
Objective value for Line heur k = 54: 12666386.692074964
36
Actual reward of current solution: 54941646.573065676
Minimum Difference with past solutions:0.0.
New solution equals old solution at k=54
35
Total Reward at the start of the inner iterations: 54941646.573065676
Gurobi status: 2

Statistics for model Linearization Heuristic :
  Linear constraint matrix    : 7167 Constrs, 4410 Vars, 1264362 NZs
  Matrix coefficient range    : [ 1.00464e-13, 1 ]
  Objective coefficient range : [ 1.74529e-22, 7.96265e+07 ]
  Variable bound range        : [ 0.05, 1 ]
  RHS coefficient range       : [ 2.74332e-08, 1 ]
Objective value for Line heur k = 55: 12417833.469486864
35
Actual reward of current solution: 54941646.573065676
Minimum Difference with past solutions:0.0.
New solution equals old solution at k=55
34
Total Reward at the start of the inner iterations: 54941646.573065676
Gurobi status: 2

Statistics for model Linearization Heuristic :
  Linear constraint matrix    : 7002 Constrs, 4320 Vars, 1207045 NZs
  Matrix coefficient range    : [ 1.00464e-13, 1 ]
  Objective coefficient range : [ 1.74529e-22, 7.96265e+07 ]
  Variable bound range        : [ 0.05, 1 ]
  RHS coefficient range       : [ 2.62405e-08, 0.290245 ]
Objective value for Line heur k = 56: 12168860.161300842
34
Actual reward of current solution: 54941646.573065676
Minimum Difference with past solutions:0.0.
New solution equals old solution at k=56
33
Total Reward at the start of the inner iterations: 54941646.573065676
Gurobi status: 2

Statistics for model Linearization Heuristic :
  Linear constraint matrix    : 6891 Constrs, 4230 Vars, 1150963 NZs
  Matrix coefficient range    : [ 1.00464e-13, 1 ]
  Objective coefficient range : [ 3.89992e-21, 7.96265e+07 ]
  Variable bound range        : [ 0.05, 1 ]
  RHS coefficient range       : [ 2.50876e-08, 1 ]
Objective value for Line heur k = 57: 11919490.002933834
33
Actual reward of current solution: 54941646.573065676
Minimum Difference with past solutions:0.0.
New solution equals old solution at k=57
32
Total Reward at the start of the inner iterations: 54941646.573065676
Gurobi status: 2

Statistics for model Linearization Heuristic :
  Linear constraint matrix    : 6726 Constrs, 4140 Vars, 1096062 NZs
  Matrix coefficient range    : [ 1.00464e-13, 1 ]
  Objective coefficient range : [ 3.89992e-21, 7.96265e+07 ]
  Variable bound range        : [ 0.05, 1 ]
  RHS coefficient range       : [ 2.3975e-08, 1 ]
Objective value for Line heur k = 58: 11669745.074223798
32
Actual reward of current solution: 54941646.573065676
Minimum Difference with past solutions:0.0.
New solution equals old solution at k=58
31
Total Reward at the start of the inner iterations: 54941646.573065676
Gurobi status: 2

Statistics for model Linearization Heuristic :
  Linear constraint matrix    : 6561 Constrs, 4050 Vars, 1042396 NZs
  Matrix coefficient range    : [ 1.00464e-13, 1 ]
  Objective coefficient range : [ 3.89992e-21, 7.96265e+07 ]
  Variable bound range        : [ 0.05, 1 ]
  RHS coefficient range       : [ 2.29026e-08, 1 ]
Objective value for Line heur k = 59: 11419646.353868004
31
Actual reward of current solution: 54941646.573065676
Minimum Difference with past solutions:0.0.
New solution equals old solution at k=59
30
Total Reward at the start of the inner iterations: 54941646.573065676
Gurobi status: 2

Statistics for model Linearization Heuristic :
  Linear constraint matrix    : 6396 Constrs, 3960 Vars, 989965 NZs
  Matrix coefficient range    : [ 1.00464e-13, 1 ]
  Objective coefficient range : [ 3.89992e-21, 7.96265e+07 ]
  Variable bound range        : [ 0.05, 1 ]
  RHS coefficient range       : [ 2.18704e-08, 1 ]
Objective value for Line heur k = 60: 11169213.771721851
30
Actual reward of current solution: 54941646.573065676
Minimum Difference with past solutions:0.0.
New solution equals old solution at k=60
29
Total Reward at the start of the inner iterations: 54941646.573065676
Gurobi status: 2

Statistics for model Linearization Heuristic :
  Linear constraint matrix    : 6231 Constrs, 3870 Vars, 938769 NZs
  Matrix coefficient range    : [ 1.00464e-13, 1 ]
  Objective coefficient range : [ 3.89992e-21, 7.96265e+07 ]
  Variable bound range        : [ 0.05, 1 ]
  RHS coefficient range       : [ 2.08778e-08, 1 ]
Objective value for Line heur k = 61: 10918466.258987114
29
Actual reward of current solution: 54941646.573065676
Minimum Difference with past solutions:0.0.
New solution equals old solution at k=61
28
Total Reward at the start of the inner iterations: 54941646.573065676
Gurobi status: 2

Statistics for model Linearization Heuristic :
  Linear constraint matrix    : 6066 Constrs, 3780 Vars, 888808 NZs
  Matrix coefficient range    : [ 1.00464e-13, 1 ]
  Objective coefficient range : [ 3.89992e-21, 7.96265e+07 ]
  Variable bound range        : [ 0.05, 1 ]
  RHS coefficient range       : [ 1.99244e-08, 1 ]
Objective value for Line heur k = 62: 10667421.79632795
28
Actual reward of current solution: 54941646.573065676
Minimum Difference with past solutions:0.0.
New solution equals old solution at k=62
27
Total Reward at the start of the inner iterations: 54941646.573065676
Gurobi status: 2

Statistics for model Linearization Heuristic :
  Linear constraint matrix    : 5901 Constrs, 3690 Vars, 840083 NZs
  Matrix coefficient range    : [ 1.00464e-13, 1 ]
  Objective coefficient range : [ 3.89992e-21, 7.96265e+07 ]
  Variable bound range        : [ 0.05, 1 ]
  RHS coefficient range       : [ 1.90093e-08, 1 ]
Objective value for Line heur k = 63: 10416097.459959205
27
Actual reward of current solution: 54941646.573065676
Minimum Difference with past solutions:0.0.
New solution equals old solution at k=63
26
Total Reward at the start of the inner iterations: 54941646.573065676
Gurobi status: 2

Statistics for model Linearization Heuristic :
  Linear constraint matrix    : 5736 Constrs, 3600 Vars, 792593 NZs
  Matrix coefficient range    : [ 1.00464e-13, 1 ]
  Objective coefficient range : [ 3.89992e-21, 7.96265e+07 ]
  Variable bound range        : [ 0.05, 1 ]
  RHS coefficient range       : [ 1.81317e-08, 1 ]
Objective value for Line heur k = 64: 10164509.465757927
26
Actual reward of current solution: 54941646.573065676
Minimum Difference with past solutions:0.0.
New solution equals old solution at k=64
25
Total Reward at the start of the inner iterations: 54941646.573065676
Gurobi status: 2

Statistics for model Linearization Heuristic :
  Linear constraint matrix    : 5571 Constrs, 3510 Vars, 746338 NZs
  Matrix coefficient range    : [ 1.00464e-13, 1 ]
  Objective coefficient range : [ 3.89992e-21, 7.96265e+07 ]
  Variable bound range        : [ 0.05, 1 ]
  RHS coefficient range       : [ 1.72908e-08, 1 ]
Objective value for Line heur k = 65: 9912673.211453155
25
Actual reward of current solution: 54941646.573065676
Minimum Difference with past solutions:0.0.
New solution equals old solution at k=65
24
Total Reward at the start of the inner iterations: 54941646.573065676
Gurobi status: 2

Statistics for model Linearization Heuristic :
  Linear constraint matrix    : 5406 Constrs, 3420 Vars, 701319 NZs
  Matrix coefficient range    : [ 1.00464e-13, 1 ]
  Objective coefficient range : [ 3.89992e-21, 7.96265e+07 ]
  Variable bound range        : [ 0.05, 1 ]
  RHS coefficient range       : [ 1.64854e-08, 1 ]
Objective value for Line heur k = 66: 9660603.316952925
24
Actual reward of current solution: 54941646.573065676
Minimum Difference with past solutions:0.0.
New solution equals old solution at k=66
23
Total Reward at the start of the inner iterations: 54941646.573065676
Gurobi status: 2

Statistics for model Linearization Heuristic :
  Linear constraint matrix    : 5241 Constrs, 3330 Vars, 657535 NZs
  Matrix coefficient range    : [ 1.00464e-13, 1 ]
  Objective coefficient range : [ 3.89992e-21, 7.96265e+07 ]
  Variable bound range        : [ 0.05, 1 ]
  RHS coefficient range       : [ 1.57145e-08, 1 ]
Objective value for Line heur k = 67: 9408313.66287028
23
Actual reward of current solution: 54941646.573065676
Minimum Difference with past solutions:0.0.
New solution equals old solution at k=67
22
Total Reward at the start of the inner iterations: 54941646.573065676
Gurobi status: 2

Statistics for model Linearization Heuristic :
  Linear constraint matrix    : 5076 Constrs, 3240 Vars, 614986 NZs
  Matrix coefficient range    : [ 1.00464e-13, 1 ]
  Objective coefficient range : [ 3.89992e-21, 7.96265e+07 ]
  Variable bound range        : [ 0.05, 1 ]
  RHS coefficient range       : [ 1.49771e-08, 1 ]
Objective value for Line heur k = 68: 9155817.427311506
22
Actual reward of current solution: 54941646.573065676
Minimum Difference with past solutions:0.0.
New solution equals old solution at k=68
21
Total Reward at the start of the inner iterations: 54941646.573065676
Gurobi status: 2

Statistics for model Linearization Heuristic :
  Linear constraint matrix    : 4911 Constrs, 3150 Vars, 573672 NZs
  Matrix coefficient range    : [ 1.00464e-13, 1 ]
  Objective coefficient range : [ 3.89992e-21, 7.96265e+07 ]
  Variable bound range        : [ 0.05, 1 ]
  RHS coefficient range       : [ 1.42721e-08, 1 ]
Objective value for Line heur k = 69: 8903127.120991992
21
Actual reward of current solution: 54941646.573065676
Minimum Difference with past solutions:0.0.
New solution equals old solution at k=69
20
Total Reward at the start of the inner iterations: 54941646.573065676
Gurobi status: 2

Statistics for model Linearization Heuristic :
  Linear constraint matrix    : 4746 Constrs, 3060 Vars, 533647 NZs
  Matrix coefficient range    : [ 1.00464e-13, 1 ]
  Objective coefficient range : [ 3.89992e-21, 7.96265e+07 ]
  Variable bound range        : [ 0.05, 1 ]
  RHS coefficient range       : [ 1.35982e-08, 0.289953 ]
Objective value for Line heur k = 70: 8650254.620746039
20
Actual reward of current solution: 54941646.573065676
Minimum Difference with past solutions:0.0.
New solution equals old solution at k=70
19
Total Reward at the start of the inner iterations: 54941646.573065676
Gurobi status: 2

Statistics for model Linearization Heuristic :
  Linear constraint matrix    : 4635 Constrs, 2970 Vars, 494857 NZs
  Matrix coefficient range    : [ 1.00464e-13, 1 ]
  Objective coefficient range : [ 3.89992e-21, 7.96265e+07 ]
  Variable bound range        : [ 0.05, 1 ]
  RHS coefficient range       : [ 1.29545e-08, 1 ]
Objective value for Line heur k = 71: 8397211.201499505
19
Actual reward of current solution: 54941646.573065676
Minimum Difference with past solutions:0.0.
New solution equals old solution at k=71
18
Total Reward at the start of the inner iterations: 54941646.573065676
Gurobi status: 2

Statistics for model Linearization Heuristic :
  Linear constraint matrix    : 4470 Constrs, 2880 Vars, 457248 NZs
  Matrix coefficient range    : [ 1.00464e-13, 1 ]
  Objective coefficient range : [ 3.89992e-21, 7.96265e+07 ]
  Variable bound range        : [ 0.05, 1 ]
  RHS coefficient range       : [ 1.23397e-08, 1 ]
Objective value for Line heur k = 72: 8144007.566775584
18
Actual reward of current solution: 54941646.573065676
Minimum Difference with past solutions:0.0.
New solution equals old solution at k=72
17
Total Reward at the start of the inner iterations: 54941646.573065676
Gurobi status: 2

Statistics for model Linearization Heuristic :
  Linear constraint matrix    : 4305 Constrs, 2790 Vars, 420875 NZs
  Matrix coefficient range    : [ 1.00464e-13, 1 ]
  Objective coefficient range : [ 3.89992e-21, 7.96265e+07 ]
  Variable bound range        : [ 0.05, 1 ]
  RHS coefficient range       : [ 1.17527e-08, 1 ]
Objective value for Line heur k = 73: 7890653.877809706
17
Actual reward of current solution: 54941646.573065676
Minimum Difference with past solutions:0.0.
New solution equals old solution at k=73
16
Total Reward at the start of the inner iterations: 54941646.573065676
Gurobi status: 2

Statistics for model Linearization Heuristic :
  Linear constraint matrix    : 4140 Constrs, 2700 Vars, 385737 NZs
  Matrix coefficient range    : [ 1.00464e-13, 1 ]
  Objective coefficient range : [ 3.89992e-21, 7.96265e+07 ]
  Variable bound range        : [ 0.05, 1 ]
  RHS coefficient range       : [ 1.11925e-08, 1 ]
Objective value for Line heur k = 74: 7637159.781357464
16
Actual reward of current solution: 54941646.573065676
Minimum Difference with past solutions:0.0.
New solution equals old solution at k=74
15
Total Reward at the start of the inner iterations: 54941646.573065676
Gurobi status: 2

Statistics for model Linearization Heuristic :
  Linear constraint matrix    : 3975 Constrs, 2610 Vars, 351834 NZs
  Matrix coefficient range    : [ 1.00464e-13, 1 ]
  Objective coefficient range : [ 3.89992e-21, 7.96265e+07 ]
  Variable bound range        : [ 0.05, 1 ]
  RHS coefficient range       : [ 1.06581e-08, 1 ]
Objective value for Line heur k = 75: 7383534.436294816
15
Actual reward of current solution: 54941646.573065676
Minimum Difference with past solutions:0.0.
New solution equals old solution at k=75
14
Total Reward at the start of the inner iterations: 54941646.573065676
Gurobi status: 2

Statistics for model Linearization Heuristic :
  Linear constraint matrix    : 3810 Constrs, 2520 Vars, 319167 NZs
  Matrix coefficient range    : [ 1.00464e-13, 1 ]
  Objective coefficient range : [ 3.89992e-21, 7.96265e+07 ]
  Variable bound range        : [ 0.05, 1 ]
  RHS coefficient range       : [ 8.35474e-09, 1 ]
Objective value for Line heur k = 76: 7129786.539136847
14
Actual reward of current solution: 54941646.573065676
Minimum Difference with past solutions:0.0.
New solution equals old solution at k=76
13
Total Reward at the start of the inner iterations: 54941646.573065676
Gurobi status: 2

Statistics for model Linearization Heuristic :
  Linear constraint matrix    : 3645 Constrs, 2430 Vars, 287737 NZs
  Matrix coefficient range    : [ 1.00464e-13, 1 ]
  Objective coefficient range : [ 3.89992e-21, 7.96265e+07 ]
  Variable bound range        : [ 0.05, 1 ]
  RHS coefficient range       : [ 1.59151e-09, 1 ]
Objective value for Line heur k = 77: 6875924.348649512
13
Actual reward of current solution: 54941646.573065676
Minimum Difference with past solutions:0.0.
New solution equals old solution at k=77
12
Total Reward at the start of the inner iterations: 54941646.573065676
Gurobi status: 2

Statistics for model Linearization Heuristic :
  Linear constraint matrix    : 3480 Constrs, 2340 Vars, 257542 NZs
  Matrix coefficient range    : [ 1.00464e-13, 1 ]
  Objective coefficient range : [ 3.89992e-21, 7.96265e+07 ]
  Variable bound range        : [ 0.05, 1 ]
  RHS coefficient range       : [ 1.83453e-09, 1 ]
Objective value for Line heur k = 78: 6621955.709813124
12
Actual reward of current solution: 54941646.573065676
Minimum Difference with past solutions:0.0.
New solution equals old solution at k=78
11
Total Reward at the start of the inner iterations: 54941646.573065676
Gurobi status: 2

Statistics for model Linearization Heuristic :
  Linear constraint matrix    : 3315 Constrs, 2250 Vars, 228584 NZs
  Matrix coefficient range    : [ 1.00464e-13, 1 ]
  Objective coefficient range : [ 3.89992e-21, 7.96265e+07 ]
  Variable bound range        : [ 0.05, 1 ]
  RHS coefficient range       : [ 9.46264e-11, 1 ]
Objective value for Line heur k = 79: 6367888.077543422
11
Actual reward of current solution: 54941646.573065676
Minimum Difference with past solutions:0.0.
New solution equals old solution at k=79
10
Total Reward at the start of the inner iterations: 54941646.573065676
Gurobi status: 2

Statistics for model Linearization Heuristic :
  Linear constraint matrix    : 3150 Constrs, 2160 Vars, 200862 NZs
  Matrix coefficient range    : [ 1.00464e-13, 1 ]
  Objective coefficient range : [ 3.89992e-21, 7.96265e+07 ]
  Variable bound range        : [ 0.05, 1 ]
  RHS coefficient range       : [ 2.44748e-09, 1 ]
Objective value for Line heur k = 80: 6113728.540832748
10
Actual reward of current solution: 54941646.573065676
Minimum Difference with past solutions:0.0.
New solution equals old solution at k=80
9
Total Reward at the start of the inner iterations: 54941646.573065676
Gurobi status: 2

Statistics for model Linearization Heuristic :
  Linear constraint matrix    : 2985 Constrs, 2070 Vars, 174375 NZs
  Matrix coefficient range    : [ 1.00464e-13, 1 ]
  Objective coefficient range : [ 3.89992e-21, 7.96265e+07 ]
  Variable bound range        : [ 0.05, 1 ]
  RHS coefficient range       : [ 5.15549e-09, 1 ]
Objective value for Line heur k = 81: 5859483.848419537
9
Actual reward of current solution: 54941646.573065676
Minimum Difference with past solutions:0.0.
New solution equals old solution at k=81
8
Total Reward at the start of the inner iterations: 54941646.573065676
Gurobi status: 2

Statistics for model Linearization Heuristic :
  Linear constraint matrix    : 2820 Constrs, 1980 Vars, 149123 NZs
  Matrix coefficient range    : [ 1.00464e-13, 1 ]
  Objective coefficient range : [ 3.89992e-21, 7.96265e+07 ]
  Variable bound range        : [ 0.05, 1 ]
  RHS coefficient range       : [ 7.87131e-09, 1 ]
Objective value for Line heur k = 82: 5605160.437867818
8
Actual reward of current solution: 54941646.573065676
Minimum Difference with past solutions:0.0.
New solution equals old solution at k=82
7
Total Reward at the start of the inner iterations: 54941646.573065676
Gurobi status: 2

Statistics for model Linearization Heuristic :
  Linear constraint matrix    : 2655 Constrs, 1890 Vars, 125108 NZs
  Matrix coefficient range    : [ 1.00464e-13, 1 ]
  Objective coefficient range : [ 3.89992e-21, 7.96265e+07 ]
  Variable bound range        : [ 0.05, 1 ]
  RHS coefficient range       : [ 1.06006e-08, 1 ]
Objective value for Line heur k = 83: 5350764.471280098
7
Actual reward of current solution: 54941646.573065676
Minimum Difference with past solutions:0.0.
New solution equals old solution at k=83
6
Total Reward at the start of the inner iterations: 54941646.573065676
Gurobi status: 2

Statistics for model Linearization Heuristic :
  Linear constraint matrix    : 2490 Constrs, 1800 Vars, 102382 NZs
  Matrix coefficient range    : [ 1.00464e-13, 1 ]
  Objective coefficient range : [ 3.89992e-21, 7.96265e+07 ]
  Variable bound range        : [ 0.05, 1 ]
  RHS coefficient range       : [ 1.33533e-08, 0.289784 ]
Objective value for Line heur k = 84: 5096301.883193271
6
Actual reward of current solution: 54941646.573065676
Minimum Difference with past solutions:0.0.
New solution equals old solution at k=84
5
Total Reward at the start of the inner iterations: 54941646.573065676
Gurobi status: 2

Statistics for model Linearization Heuristic :
  Linear constraint matrix    : 2379 Constrs, 1710 Vars, 80895 NZs
  Matrix coefficient range    : [ 1.00464e-13, 1 ]
  Objective coefficient range : [ 3.89992e-21, 7.96265e+07 ]
  Variable bound range        : [ 0.05, 1 ]
  RHS coefficient range       : [ 1.61465e-08, 1 ]
Objective value for Line heur k = 85: 4841778.450238892
5
Actual reward of current solution: 54941646.573065676
Minimum Difference with past solutions:0.0.
New solution equals old solution at k=85
4
Total Reward at the start of the inner iterations: 54941646.573065676
Gurobi status: 2

Statistics for model Linearization Heuristic :
  Linear constraint matrix    : 2214 Constrs, 1620 Vars, 60597 NZs
  Matrix coefficient range    : [ 1.00464e-13, 1 ]
  Objective coefficient range : [ 3.89992e-21, 7.96265e+07 ]
  Variable bound range        : [ 0.05, 1 ]
  RHS coefficient range       : [ 1.90098e-08, 1 ]
Objective value for Line heur k = 86: 4587199.89913642
4
Actual reward of current solution: 54941646.573065676
Minimum Difference with past solutions:0.0.
New solution equals old solution at k=86
3
Total Reward at the start of the inner iterations: 54941646.573065676
Gurobi status: 2

Statistics for model Linearization Heuristic :
  Linear constraint matrix    : 2049 Constrs, 1530 Vars, 41570 NZs
  Matrix coefficient range    : [ 1.00643e-13, 1 ]
  Objective coefficient range : [ 3.89992e-21, 7.96265e+07 ]
  Variable bound range        : [ 0.05, 1 ]
  RHS coefficient range       : [ 2.19946e-08, 1 ]
Objective value for Line heur k = 87: 4332572.081696472
3
Actual reward of current solution: 54941646.573065676
Minimum Difference with past solutions:0.0.
New solution equals old solution at k=87
2
Total Reward at the start of the inner iterations: 54941646.573065676
Gurobi status: 2

Statistics for model Linearization Heuristic :
  Linear constraint matrix    : 1884 Constrs, 1440 Vars, 23931 NZs
  Matrix coefficient range    : [ 1.53244e-13, 1 ]
  Objective coefficient range : [ 3.89992e-21, 7.96265e+07 ]
  Variable bound range        : [ 0.05, 1 ]
  RHS coefficient range       : [ 2.51899e-08, 1 ]
Objective value for Line heur k = 88: 4077901.2664932287
2
Actual reward of current solution: 54941646.573065676
Minimum Difference with past solutions:0.0.
New solution equals old solution at k=88
1
Total Reward at the start of the inner iterations: 54941646.573065676
Gurobi status: 2

Statistics for model Linearization Heuristic :
  Linear constraint matrix    : 1719 Constrs, 1350 Vars, 11838 NZs
  Matrix coefficient range    : [ 1.80434e-13, 1 ]
  Objective coefficient range : [ 1.38778e-17, 7.96265e+07 ]
  Variable bound range        : [ 0.05, 1 ]
  RHS coefficient range       : [ 2.87499e-08, 1 ]
Objective value for Line heur k = 89: 3823194.633223243
1
Actual reward of current solution: 54941646.573065676
Minimum Difference with past solutions:0.0.
New solution equals old solution at k=89
0
Total Reward at the start of the inner iterations: 54941646.573065676
Gurobi status: 2

Statistics for model Linearization Heuristic :
  Linear constraint matrix    : 1554 Constrs, 1260 Vars, 2709 NZs
  Matrix coefficient range    : [ 0.288979, 1 ]
  Objective coefficient range : [ 1.38778e-17, 7.96265e+07 ]
  Variable bound range        : [ 0.05, 1 ]
  RHS coefficient range       : [ 3.29419e-08, 0.289738 ]
Objective value for Line heur k = 90: 3568461.1187693165
0
Actual reward of current solution: 54941646.573065676
Minimum Difference with past solutions:0.0.
New solution equals old solution at k=90
0
Total Reward at the start of the inner iterations: 54941646.573065676
Gurobi status: 2

Statistics for model Linearization Heuristic :
  Linear constraint matrix    : 1443 Constrs, 1170 Vars, 2457 NZs
  Matrix coefficient range    : [ 0.317935, 1 ]
  Objective coefficient range : [ 1.38778e-17, 7.96265e+07 ]
  Variable bound range        : [ 0.05, 1 ]
  RHS coefficient range       : [ 3.29419e-08, 0.289738 ]
Objective value for Line heur k = 91: 3313570.982607497
0
Actual reward of current solution: 54941646.573065676
Minimum Difference with past solutions:0.0.
New solution equals old solution at k=91
0
Total Reward at the start of the inner iterations: 54941646.573065676
Gurobi status: 2

Statistics for model Linearization Heuristic :
  Linear constraint matrix    : 1332 Constrs, 1080 Vars, 2214 NZs
  Matrix coefficient range    : [ 0.349792, 1 ]
  Objective coefficient range : [ 1.38778e-17, 7.96265e+07 ]
  Variable bound range        : [ 0.05, 1 ]
  RHS coefficient range       : [ 3.29419e-08, 0.289738 ]
Objective value for Line heur k = 92: 3058680.8593319627
0
Actual reward of current solution: 54941646.573065676
Minimum Difference with past solutions:0.0.
New solution equals old solution at k=92
0
Total Reward at the start of the inner iterations: 54941646.573065676
Gurobi status: 2

Statistics for model Linearization Heuristic :
  Linear constraint matrix    : 1221 Constrs, 990 Vars, 1980 NZs
  Matrix coefficient range    : [ 0.384842, 1 ]
  Objective coefficient range : [ 1.38778e-17, 7.96265e+07 ]
  Variable bound range        : [ 0.05, 1 ]
  RHS coefficient range       : [ 3.29419e-08, 0.289738 ]
Objective value for Line heur k = 93: 2803790.748311543
0
Actual reward of current solution: 54941646.573065676
Minimum Difference with past solutions:0.0.
New solution equals old solution at k=93
0
Total Reward at the start of the inner iterations: 54941646.573065676
Gurobi status: 2

Statistics for model Linearization Heuristic :
  Linear constraint matrix    : 1110 Constrs, 900 Vars, 1755 NZs
  Matrix coefficient range    : [ 0.423403, 1 ]
  Objective coefficient range : [ 1.38778e-17, 7.96265e+07 ]
  Variable bound range        : [ 0.05, 1 ]
  RHS coefficient range       : [ 3.29419e-08, 0.289738 ]
Objective value for Line heur k = 94: 2548900.6484252526
0
Actual reward of current solution: 54941646.573065676
Minimum Difference with past solutions:0.0.
New solution equals old solution at k=94
0
Total Reward at the start of the inner iterations: 54941646.573065676
Gurobi status: 2

Statistics for model Linearization Heuristic :
  Linear constraint matrix    : 999 Constrs, 810 Vars, 1539 NZs
  Matrix coefficient range    : [ 0.465828, 1 ]
  Objective coefficient range : [ 1.38778e-17, 7.96265e+07 ]
  Variable bound range        : [ 0.05, 1 ]
  RHS coefficient range       : [ 3.29419e-08, 0.289738 ]
Objective value for Line heur k = 95: 2294010.55834665
0
Actual reward of current solution: 54941646.573065676
Minimum Difference with past solutions:0.0.
New solution equals old solution at k=95
0
Total Reward at the start of the inner iterations: 54941646.573065676
Gurobi status: 2

Statistics for model Linearization Heuristic :
  Linear constraint matrix    : 888 Constrs, 720 Vars, 1332 NZs
  Matrix coefficient range    : [ 0.512504, 1 ]
  Objective coefficient range : [ 1.38778e-17, 7.96265e+07 ]
  Variable bound range        : [ 0.05, 1 ]
  RHS coefficient range       : [ 3.29419e-08, 0.289738 ]
Objective value for Line heur k = 96: 2039120.476716643
0
Actual reward of current solution: 54941646.573065676
Minimum Difference with past solutions:0.0.
New solution equals old solution at k=96
0
Total Reward at the start of the inner iterations: 54941646.573065676
Gurobi status: 2

Statistics for model Linearization Heuristic :
  Linear constraint matrix    : 777 Constrs, 630 Vars, 1134 NZs
  Matrix coefficient range    : [ 0.563857, 1 ]
  Objective coefficient range : [ 1.38778e-17, 7.96265e+07 ]
  Variable bound range        : [ 0.05, 1 ]
  RHS coefficient range       : [ 3.29419e-08, 0.289738 ]
Objective value for Line heur k = 97: 1784230.4022426978
0
Actual reward of current solution: 54941646.573065676
Minimum Difference with past solutions:0.0.
New solution equals old solution at k=97
0
Total Reward at the start of the inner iterations: 54941646.573065676
Gurobi status: 2

Statistics for model Linearization Heuristic :
  Linear constraint matrix    : 666 Constrs, 540 Vars, 945 NZs
  Matrix coefficient range    : [ 0.620356, 1 ]
  Objective coefficient range : [ 1.38778e-17, 7.96265e+07 ]
  Variable bound range        : [ 0.05, 1 ]
  RHS coefficient range       : [ 3.29419e-08, 0.289738 ]
Objective value for Line heur k = 98: 1529340.3337505122
0
Actual reward of current solution: 54941646.573065676
Minimum Difference with past solutions:0.0.
New solution equals old solution at k=98
0
Total Reward at the start of the inner iterations: 54941646.573065676
Gurobi status: 2

Statistics for model Linearization Heuristic :
  Linear constraint matrix    : 555 Constrs, 450 Vars, 765 NZs
  Matrix coefficient range    : [ 0.682516, 1 ]
  Objective coefficient range : [ 1.38778e-17, 7.96265e+07 ]
  Variable bound range        : [ 0.05, 1 ]
  RHS coefficient range       : [ 3.29419e-08, 0.289738 ]
Objective value for Line heur k = 99: 1274450.27020568
0
Actual reward of current solution: 54941646.573065676
Minimum Difference with past solutions:0.0.
New solution equals old solution at k=99
0
Total Reward at the start of the inner iterations: 54941646.573065676
Gurobi status: 2

Statistics for model Linearization Heuristic :
  Linear constraint matrix    : 444 Constrs, 360 Vars, 594 NZs
  Matrix coefficient range    : [ 0.750904, 1 ]
  Objective coefficient range : [ 1.38778e-17, 7.96265e+07 ]
  Variable bound range        : [ 0.05, 1 ]
  RHS coefficient range       : [ 3.29419e-08, 0.289738 ]
Objective value for Line heur k = 100: 1019560.2107171441
0
Actual reward of current solution: 54941646.573065676
Minimum Difference with past solutions:0.0.
New solution equals old solution at k=100
0
Total Reward at the start of the inner iterations: 54941646.573065676
Gurobi status: 2

Statistics for model Linearization Heuristic :
  Linear constraint matrix    : 333 Constrs, 270 Vars, 432 NZs
  Matrix coefficient range    : [ 0.826145, 1 ]
  Objective coefficient range : [ 1.38778e-17, 7.96265e+07 ]
  Variable bound range        : [ 0.05, 1 ]
  RHS coefficient range       : [ 3.29419e-08, 0.289738 ]
Objective value for Line heur k = 101: 764670.1545301595
0
Actual reward of current solution: 54941646.573065676
Minimum Difference with past solutions:0.0.
New solution equals old solution at k=101
0
Total Reward at the start of the inner iterations: 54941646.573065676
Gurobi status: 2

Statistics for model Linearization Heuristic :
  Linear constraint matrix    : 222 Constrs, 180 Vars, 279 NZs
  Matrix coefficient range    : [ 0.908925, 1 ]
  Objective coefficient range : [ 2.77891e-05, 7.96265e+07 ]
  Variable bound range        : [ 0.05, 1 ]
  RHS coefficient range       : [ 3.29419e-08, 0.289738 ]
Objective value for Line heur k = 102: 509780.1010138401
0
Actual reward of current solution: 54941646.573065676
Minimum Difference with past solutions:0.0.
New solution equals old solution at k=102
0
Total Reward at the start of the inner iterations: 54941646.573065676
Gurobi status: 2

Statistics for model Linearization Heuristic :
  Linear constraint matrix    : 111 Constrs, 90 Vars, 135 NZs
  Matrix coefficient range    : [ 1, 1 ]
  Objective coefficient range : [ 1406.17, 7.96265e+07 ]
  Variable bound range        : [ 0.05, 1 ]
  RHS coefficient range       : [ 3.29419e-08, 0.289738 ]
Objective value for Line heur k = 103: 254890.04964639046
0
Actual reward of current solution: 54941646.573065676
Minimum Difference with past solutions:0.0.
New solution equals old solution at k=103
Total running time for 90 days is 1145.7538738250732
Economic Value: 61594480.22040109
Deaths 0.08895219824198557
Total Reward 54941646.573065676
