{'groups': 'all', 'params_to_try': {'delta_schooling': [0.5], 'xi': [0, 371990.3, 929975.75, 1859951.5, 3719903, 5579854.5], 'icus': [2900], 'tests': [[60000, 0]], 'testing': ['homogeneous'], 'eta': [0.1]}}
{'groups': 'all', 'params_to_try': {'delta_schooling': [0.5], 'xi': [0, 371990.3, 929975.75, 1859951.5, 3719903, 5579854.5], 'icus': [2900], 'tests': [[60000, 0]], 'testing': ['homogeneous'], 'eta': [0.1]}}
{'groups': 'all', 'params_to_try': {'delta_schooling': [0.8066907771186791], 'icus': [2900], 'eta': [0.10439678194249864], 'tests': [[0, 0]], 'xi': [0.0], 'testing': ['homogeneous']}}
results/time_gradient/xi-0_icus-2900_testing-homogeneous_natests-0_nmtests-0_T-90_startday-0_groups-all_dschool-0.806691_eta-0.104397_freq-90-14_initParamVarying-multiplier_beta_randomInstance-17.yaml
{'groups': 'all', 'params_to_try': {'delta_schooling': [0.5], 'xi': [0, 371990.3, 929975.75, 1859951.5, 3719903, 5579854.5], 'icus': [2900], 'tests': [[60000, 0]], 'testing': ['homogeneous'], 'eta': [0.1]}}
{'groups': 'all', 'params_to_try': {'delta_schooling': [0.5], 'xi': [0, 371990.3, 929975.75, 1859951.5, 3719903, 5579854.5], 'icus': [2900], 'tests': [[60000, 0]], 'testing': ['homogeneous'], 'eta': [0.1]}}
{'groups': 'all', 'params_to_try': {'delta_schooling': [0.8066907771186791], 'icus': [2900], 'eta': [0.10439678194249864], 'tests': [[0, 0]], 'xi': [0.0], 'testing': ['homogeneous']}}
results/dynamic_gradient/xi-0_icus-2900_testing-homogeneous_natests-0_nmtests-0_T-90_startday-0_groups-all_dschool-0.806691_eta-0.104397_freq-90-14_initParamVarying-multiplier_beta_randomInstance-17.yaml
500
(0.5, 0.0, 0.29, 0.0, (7, 14), 'fitted-scaled', 'econ-scaled', 'oct21-scaled', 0.1, 0.05, 2, 'dynamic_gradient', 17, 'multiplier_beta')
The value of T is: 104
Missing starting point -- Running the initial heuristic.
/home/groups/daniancu/covid-optimization/covid-optimization
90
Total Reward at the start of the inner iterations: 63556285.219356686
Using license file /share/software/user/restricted/gurobi/9.0.3_py36/licenses/gurobi.lic
Set parameter TokenServer to value license4.stanford.edu
Gurobi status: 2

Statistics for model Linearization Heuristic :
  Linear constraint matrix    : 16026 Constrs, 9360 Vars, 6321666 NZs
  Matrix coefficient range    : [ 1.00351e-13, 1 ]
  Objective coefficient range : [ 1.37083e-21, 5.22844e+06 ]
  Variable bound range        : [ 0.05, 1 ]
  RHS coefficient range       : [ 5.42065e-08, 0.304152 ]
Objective value for Line heur k = 0: 21848524.89525889
90
Actual reward of current solution: 63591873.55240481
Minimum Difference with past solutions:0.050000000000000044.
Gurobi status: 2

Statistics for model Linearization Heuristic :
  Linear constraint matrix    : 16026 Constrs, 9360 Vars, 6321666 NZs
  Matrix coefficient range    : [ 1.00351e-13, 1 ]
  Objective coefficient range : [ 1.37178e-21, 5.22844e+06 ]
  Variable bound range        : [ 0.05, 1 ]
  RHS coefficient range       : [ 5.42065e-08, 0.304152 ]
Objective value for Line heur k = 0: 21884102.894033685
90
Actual reward of current solution: 63627461.88545294
Minimum Difference with past solutions:0.050000000000000044.
Gurobi status: 2

Statistics for model Linearization Heuristic :
  Linear constraint matrix    : 16026 Constrs, 9360 Vars, 6321666 NZs
  Matrix coefficient range    : [ 1.00351e-13, 1 ]
  Objective coefficient range : [ 1.37274e-21, 5.22844e+06 ]
  Variable bound range        : [ 0.05, 1 ]
  RHS coefficient range       : [ 5.42065e-08, 0.304152 ]
Objective value for Line heur k = 0: 21919680.892808475
90
Actual reward of current solution: 63663050.21850105
Minimum Difference with past solutions:0.050000000000000044.
Gurobi status: 2

Statistics for model Linearization Heuristic :
  Linear constraint matrix    : 16026 Constrs, 9360 Vars, 6321666 NZs
  Matrix coefficient range    : [ 1.00351e-13, 1 ]
  Objective coefficient range : [ 1.3737e-21, 5.22844e+06 ]
  Variable bound range        : [ 0.05, 1 ]
  RHS coefficient range       : [ 5.42065e-08, 0.304152 ]
Objective value for Line heur k = 0: 21955258.891583253
90
Actual reward of current solution: 63698638.551549174
Minimum Difference with past solutions:0.050000000000000044.
Gurobi status: 2

Statistics for model Linearization Heuristic :
  Linear constraint matrix    : 16026 Constrs, 9360 Vars, 6321666 NZs
  Matrix coefficient range    : [ 1.00351e-13, 1 ]
  Objective coefficient range : [ 1.37466e-21, 5.22844e+06 ]
  Variable bound range        : [ 0.05, 1 ]
  RHS coefficient range       : [ 5.42065e-08, 0.304152 ]
Objective value for Line heur k = 0: 21990836.890357986
90
Actual reward of current solution: 63734226.88459728
Minimum Difference with past solutions:0.050000000000000044.
Gurobi status: 2

Statistics for model Linearization Heuristic :
  Linear constraint matrix    : 16026 Constrs, 9360 Vars, 6321666 NZs
  Matrix coefficient range    : [ 1.00351e-13, 1 ]
  Objective coefficient range : [ 1.37562e-21, 5.22844e+06 ]
  Variable bound range        : [ 0.05, 1 ]
  RHS coefficient range       : [ 5.42065e-08, 0.304152 ]
Objective value for Line heur k = 0: 22026414.889132746
90
Actual reward of current solution: 63769815.2176454
Minimum Difference with past solutions:0.050000000000000044.
Gurobi status: 2

Statistics for model Linearization Heuristic :
  Linear constraint matrix    : 16026 Constrs, 9360 Vars, 6321666 NZs
  Matrix coefficient range    : [ 1.00351e-13, 1 ]
  Objective coefficient range : [ 1.37657e-21, 5.22844e+06 ]
  Variable bound range        : [ 0.05, 1 ]
  RHS coefficient range       : [ 5.42065e-08, 0.304152 ]
Objective value for Line heur k = 0: 22061992.88790747
90
Actual reward of current solution: 63805403.55069351
Minimum Difference with past solutions:0.050000000000000044.
Gurobi status: 2

Statistics for model Linearization Heuristic :
  Linear constraint matrix    : 16026 Constrs, 9360 Vars, 6321666 NZs
  Matrix coefficient range    : [ 1.00351e-13, 1 ]
  Objective coefficient range : [ 1.37753e-21, 5.22844e+06 ]
  Variable bound range        : [ 0.05, 1 ]
  RHS coefficient range       : [ 5.42065e-08, 0.304152 ]
Objective value for Line heur k = 0: 22097570.88668231
90
Actual reward of current solution: 63840991.88374165
Minimum Difference with past solutions:0.050000000000000044.
Gurobi status: 2

Statistics for model Linearization Heuristic :
  Linear constraint matrix    : 16026 Constrs, 9360 Vars, 6321666 NZs
  Matrix coefficient range    : [ 1.00351e-13, 1 ]
  Objective coefficient range : [ 1.37849e-21, 5.22844e+06 ]
  Variable bound range        : [ 0.05, 1 ]
  RHS coefficient range       : [ 5.42065e-08, 0.304152 ]
Objective value for Line heur k = 0: 22133148.885457043
90
Actual reward of current solution: 63876580.21678976
Minimum Difference with past solutions:0.050000000000000044.
Gurobi status: 2

Statistics for model Linearization Heuristic :
  Linear constraint matrix    : 16026 Constrs, 9360 Vars, 6321666 NZs
  Matrix coefficient range    : [ 1.00351e-13, 1 ]
  Objective coefficient range : [ 1.37945e-21, 5.22844e+06 ]
  Variable bound range        : [ 0.05, 1 ]
  RHS coefficient range       : [ 5.42065e-08, 0.304152 ]
Objective value for Line heur k = 0: 22168726.88423175
90
Actual reward of current solution: 63912168.54983787
Minimum Difference with past solutions:0.04999999999999999.
Gurobi status: 2

Statistics for model Linearization Heuristic :
  Linear constraint matrix    : 16026 Constrs, 9360 Vars, 6321666 NZs
  Matrix coefficient range    : [ 1.00351e-13, 1 ]
  Objective coefficient range : [ 1.38041e-21, 5.22844e+06 ]
  Variable bound range        : [ 0.05, 1 ]
  RHS coefficient range       : [ 5.42065e-08, 0.304152 ]
Objective value for Line heur k = 0: 22204304.883006472
90
Actual reward of current solution: 63947756.88288599
Minimum Difference with past solutions:0.04999999999999999.
Gurobi status: 2

Statistics for model Linearization Heuristic :
  Linear constraint matrix    : 16026 Constrs, 9360 Vars, 6321666 NZs
  Matrix coefficient range    : [ 1.00351e-13, 1 ]
  Objective coefficient range : [ 1.38136e-21, 5.22844e+06 ]
  Variable bound range        : [ 0.05, 1 ]
  RHS coefficient range       : [ 5.42065e-08, 0.304152 ]
Objective value for Line heur k = 0: 22239882.88178132
90
Actual reward of current solution: 63983345.21593411
Minimum Difference with past solutions:0.04999999999999999.
Gurobi status: 2

Statistics for model Linearization Heuristic :
  Linear constraint matrix    : 16026 Constrs, 9360 Vars, 6321666 NZs
  Matrix coefficient range    : [ 1.00351e-13, 1 ]
  Objective coefficient range : [ 1.38232e-21, 5.22844e+06 ]
  Variable bound range        : [ 0.05, 1 ]
  RHS coefficient range       : [ 5.42065e-08, 0.304152 ]
Objective value for Line heur k = 0: 22275460.88055602
90
Actual reward of current solution: 64018933.54898223
Minimum Difference with past solutions:0.04999999999999999.
Gurobi status: 2

Statistics for model Linearization Heuristic :
  Linear constraint matrix    : 16026 Constrs, 9360 Vars, 6321666 NZs
  Matrix coefficient range    : [ 1.00351e-13, 1 ]
  Objective coefficient range : [ 1.38328e-21, 5.22844e+06 ]
  Variable bound range        : [ 0.05, 1 ]
  RHS coefficient range       : [ 5.42065e-08, 0.304152 ]
Objective value for Line heur k = 0: 22311038.879330784
90
Actual reward of current solution: 64054521.88203032
Minimum Difference with past solutions:0.04999999999999999.
Gurobi status: 2

Statistics for model Linearization Heuristic :
  Linear constraint matrix    : 16026 Constrs, 9360 Vars, 6321666 NZs
  Matrix coefficient range    : [ 1.00351e-13, 1 ]
  Objective coefficient range : [ 1.38424e-21, 5.22844e+06 ]
  Variable bound range        : [ 0.05, 1 ]
  RHS coefficient range       : [ 5.42065e-08, 0.304152 ]
Objective value for Line heur k = 0: 22346616.87810559
90
Actual reward of current solution: 64090110.21507844
Minimum Difference with past solutions:0.04999999999999999.
Gurobi status: 2

Statistics for model Linearization Heuristic :
  Linear constraint matrix    : 16026 Constrs, 9360 Vars, 6321666 NZs
  Matrix coefficient range    : [ 1.00351e-13, 1 ]
  Objective coefficient range : [ 1.3852e-21, 5.22844e+06 ]
  Variable bound range        : [ 0.05, 1 ]
  RHS coefficient range       : [ 5.42065e-08, 0.304152 ]
Objective value for Line heur k = 0: 22382194.876880273
90
Actual reward of current solution: 64125698.54812656
Minimum Difference with past solutions:0.04999999999999999.
Gurobi status: 2

Statistics for model Linearization Heuristic :
  Linear constraint matrix    : 16026 Constrs, 9360 Vars, 6321666 NZs
  Matrix coefficient range    : [ 1.00351e-13, 1 ]
  Objective coefficient range : [ 1.38615e-21, 5.22844e+06 ]
  Variable bound range        : [ 0.05, 1 ]
  RHS coefficient range       : [ 5.42065e-08, 0.304152 ]
Objective value for Line heur k = 0: 22417772.875655048
90
Actual reward of current solution: 64161286.88117469
Minimum Difference with past solutions:0.04999999999999999.
Gurobi status: 2

Statistics for model Linearization Heuristic :
  Linear constraint matrix    : 16026 Constrs, 9360 Vars, 6321666 NZs
  Matrix coefficient range    : [ 1.00351e-13, 1 ]
  Objective coefficient range : [ 1.38711e-21, 5.22844e+06 ]
  Variable bound range        : [ 0.05, 1 ]
  RHS coefficient range       : [ 5.42065e-08, 0.304152 ]
Objective value for Line heur k = 0: 22453350.874429826
90
Actual reward of current solution: 64196875.21422281
Minimum Difference with past solutions:0.05.
Gurobi status: 2

Statistics for model Linearization Heuristic :
  Linear constraint matrix    : 16026 Constrs, 9360 Vars, 6321666 NZs
  Matrix coefficient range    : [ 1.00351e-13, 1 ]
  Objective coefficient range : [ 1.38807e-21, 5.22844e+06 ]
  Variable bound range        : [ 0.05, 1 ]
  RHS coefficient range       : [ 5.42065e-08, 0.304152 ]
Objective value for Line heur k = 0: 22488928.873204626
90
Actual reward of current solution: 64232463.547270924
Minimum Difference with past solutions:0.05.
Gurobi status: 2

Statistics for model Linearization Heuristic :
  Linear constraint matrix    : 16026 Constrs, 9360 Vars, 6321666 NZs
  Matrix coefficient range    : [ 1.00351e-13, 1 ]
  Objective coefficient range : [ 1.38903e-21, 5.22844e+06 ]
  Variable bound range        : [ 0.05, 1 ]
  RHS coefficient range       : [ 5.42065e-08, 0.304152 ]
Objective value for Line heur k = 0: 22524506.87197935
90
Actual reward of current solution: 64268051.880319044
Minimum Difference with past solutions:0.049999999999999684.
Gurobi status: 2

Statistics for model Linearization Heuristic :
  Linear constraint matrix    : 16026 Constrs, 9360 Vars, 6321666 NZs
  Matrix coefficient range    : [ 1.00351e-13, 1 ]
  Objective coefficient range : [ 1.38999e-21, 5.22844e+06 ]
  Variable bound range        : [ 0.05, 1 ]
  RHS coefficient range       : [ 5.42065e-08, 0.304152 ]
Objective value for Line heur k = 0: 22524496.53582989
90
Actual reward of current solution: 64268051.880319044
Minimum Difference with past solutions:0.0.
New solution equals old solution at k=0
89
Total Reward at the start of the inner iterations: 64268051.880319044
Gurobi status: 2

Statistics for model Linearization Heuristic :
  Linear constraint matrix    : 15915 Constrs, 9270 Vars, 6196423 NZs
  Matrix coefficient range    : [ 1.00351e-13, 1 ]
  Objective coefficient range : [ 1.38999e-21, 5.22844e+06 ]
  Variable bound range        : [ 0.05, 1 ]
  RHS coefficient range       : [ 5.50804e-08, 1 ]
Objective value for Line heur k = 1: 22309165.393150315
89
Actual reward of current solution: 64268051.880319044
Minimum Difference with past solutions:0.0.
New solution equals old solution at k=1
88
Total Reward at the start of the inner iterations: 64268051.880319044
Gurobi status: 2

Statistics for model Linearization Heuristic :
  Linear constraint matrix    : 15750 Constrs, 9180 Vars, 6072361 NZs
  Matrix coefficient range    : [ 1.00351e-13, 1 ]
  Objective coefficient range : [ 1.38999e-21, 5.22844e+06 ]
  Variable bound range        : [ 0.05, 1 ]
  RHS coefficient range       : [ 1.36915e-07, 1 ]
Objective value for Line heur k = 2: 22093847.685682274
88
Actual reward of current solution: 64268051.880319044
Minimum Difference with past solutions:0.0.
New solution equals old solution at k=2
87
Total Reward at the start of the inner iterations: 64268051.880319044
Gurobi status: 2

Statistics for model Linearization Heuristic :
  Linear constraint matrix    : 15585 Constrs, 9090 Vars, 5949534 NZs
  Matrix coefficient range    : [ 1.00351e-13, 1 ]
  Objective coefficient range : [ 1.38999e-21, 5.22844e+06 ]
  Variable bound range        : [ 0.05, 1 ]
  RHS coefficient range       : [ 2.44062e-07, 1 ]
Objective value for Line heur k = 3: 21878497.24571138
87
Actual reward of current solution: 64268051.880319044
Minimum Difference with past solutions:0.0.
New solution equals old solution at k=3
86
Total Reward at the start of the inner iterations: 64268051.880319044
Gurobi status: 2

Statistics for model Linearization Heuristic :
  Linear constraint matrix    : 15420 Constrs, 9000 Vars, 5827942 NZs
  Matrix coefficient range    : [ 1.00351e-13, 1 ]
  Objective coefficient range : [ 1.38999e-21, 5.22844e+06 ]
  Variable bound range        : [ 0.05, 1 ]
  RHS coefficient range       : [ 3.49792e-07, 1 ]
Objective value for Line heur k = 4: 21663090.8190894
86
Actual reward of current solution: 64268051.880319044
Minimum Difference with past solutions:0.0.
New solution equals old solution at k=4
85
Total Reward at the start of the inner iterations: 64268051.880319044
Gurobi status: 2

Statistics for model Linearization Heuristic :
  Linear constraint matrix    : 15255 Constrs, 8910 Vars, 5707585 NZs
  Matrix coefficient range    : [ 1.00351e-13, 1 ]
  Objective coefficient range : [ 1.38999e-21, 5.22844e+06 ]
  Variable bound range        : [ 0.05, 1 ]
  RHS coefficient range       : [ 2.99013e-07, 1 ]
Objective value for Line heur k = 5: 21447617.71579465
85
Actual reward of current solution: 64268051.880319044
Minimum Difference with past solutions:0.0.
New solution equals old solution at k=5
84
Total Reward at the start of the inner iterations: 64268051.880319044
Gurobi status: 2

Statistics for model Linearization Heuristic :
  Linear constraint matrix    : 15090 Constrs, 8820 Vars, 5588463 NZs
  Matrix coefficient range    : [ 1.00351e-13, 1 ]
  Objective coefficient range : [ 1.38999e-21, 5.22844e+06 ]
  Variable bound range        : [ 0.05, 1 ]
  RHS coefficient range       : [ 2.00209e-07, 1 ]
Objective value for Line heur k = 6: 21232074.083481193
84
Actual reward of current solution: 64268051.880319044
Minimum Difference with past solutions:0.0.
New solution equals old solution at k=6
83
Total Reward at the start of the inner iterations: 64268051.880319044
Gurobi status: 2

Statistics for model Linearization Heuristic :
  Linear constraint matrix    : 14925 Constrs, 8730 Vars, 5470576 NZs
  Matrix coefficient range    : [ 1.00351e-13, 1 ]
  Objective coefficient range : [ 1.38999e-21, 5.22844e+06 ]
  Variable bound range        : [ 0.05, 1 ]
  RHS coefficient range       : [ 1.22334e-07, 1 ]
Objective value for Line heur k = 7: 21016459.73965929
83
Actual reward of current solution: 64268051.880319044
Minimum Difference with past solutions:0.0.
New solution equals old solution at k=7
82
Total Reward at the start of the inner iterations: 64268051.880319044
Gurobi status: 2

Statistics for model Linearization Heuristic :
  Linear constraint matrix    : 14760 Constrs, 8640 Vars, 5353924 NZs
  Matrix coefficient range    : [ 1.00351e-13, 1 ]
  Objective coefficient range : [ 1.38999e-21, 5.22844e+06 ]
  Variable bound range        : [ 0.05, 1 ]
  RHS coefficient range       : [ 5.85788e-08, 1 ]
Objective value for Line heur k = 8: 20800776.42104011
82
Actual reward of current solution: 64268051.880319044
Minimum Difference with past solutions:0.0.
New solution equals old solution at k=8
81
Total Reward at the start of the inner iterations: 64268051.880319044
Gurobi status: 2

Statistics for model Linearization Heuristic :
  Linear constraint matrix    : 14595 Constrs, 8550 Vars, 5238507 NZs
  Matrix coefficient range    : [ 1.00351e-13, 1 ]
  Objective coefficient range : [ 1.38999e-21, 5.22844e+06 ]
  Variable bound range        : [ 0.05, 1 ]
  RHS coefficient range       : [ 5.07384e-09, 1 ]
Objective value for Line heur k = 9: 20585026.81839683
81
Actual reward of current solution: 64268051.880319044
Minimum Difference with past solutions:0.0.
New solution equals old solution at k=9
80
Total Reward at the start of the inner iterations: 64268051.880319044
Gurobi status: 2

Statistics for model Linearization Heuristic :
  Linear constraint matrix    : 14430 Constrs, 8460 Vars, 5124325 NZs
  Matrix coefficient range    : [ 1.00351e-13, 1 ]
  Objective coefficient range : [ 1.38999e-21, 5.22844e+06 ]
  Variable bound range        : [ 0.05, 1 ]
  RHS coefficient range       : [ 4.04462e-08, 1 ]
Objective value for Line heur k = 10: 20369214.04708655
80
Actual reward of current solution: 64268051.880319044
Minimum Difference with past solutions:0.0.
New solution equals old solution at k=10
79
Total Reward at the start of the inner iterations: 64268051.880319044
Gurobi status: 2

Statistics for model Linearization Heuristic :
  Linear constraint matrix    : 14265 Constrs, 8370 Vars, 5011378 NZs
  Matrix coefficient range    : [ 1.00351e-13, 1 ]
  Objective coefficient range : [ 1.38999e-21, 5.22844e+06 ]
  Variable bound range        : [ 0.05, 1 ]
  RHS coefficient range       : [ 3.87066e-08, 1 ]
Objective value for Line heur k = 11: 20153341.359259024
79
Actual reward of current solution: 64268051.880319044
Minimum Difference with past solutions:0.0.
New solution equals old solution at k=11
78
Total Reward at the start of the inner iterations: 64268051.880319044
Gurobi status: 2

Statistics for model Linearization Heuristic :
  Linear constraint matrix    : 14100 Constrs, 8280 Vars, 4899666 NZs
  Matrix coefficient range    : [ 1.00351e-13, 1 ]
  Objective coefficient range : [ 1.38999e-21, 5.22844e+06 ]
  Variable bound range        : [ 0.05, 1 ]
  RHS coefficient range       : [ 1.12632e-07, 1 ]
Objective value for Line heur k = 12: 19937411.99009352
78
Actual reward of current solution: 64268051.880319044
Minimum Difference with past solutions:0.0.
New solution equals old solution at k=12
77
Total Reward at the start of the inner iterations: 64268051.880319044
Gurobi status: 2

Statistics for model Linearization Heuristic :
  Linear constraint matrix    : 13935 Constrs, 8190 Vars, 4789189 NZs
  Matrix coefficient range    : [ 1.00351e-13, 1 ]
  Objective coefficient range : [ 1.38999e-21, 5.22844e+06 ]
  Variable bound range        : [ 0.05, 1 ]
  RHS coefficient range       : [ 1.40891e-07, 1 ]
Objective value for Line heur k = 13: 19721429.078251623
77
Actual reward of current solution: 64268051.880319044
Minimum Difference with past solutions:0.0.
New solution equals old solution at k=13
76
Total Reward at the start of the inner iterations: 64268051.880319044
Gurobi status: 2

Statistics for model Linearization Heuristic :
  Linear constraint matrix    : 13770 Constrs, 8100 Vars, 4680001 NZs
  Matrix coefficient range    : [ 1.00351e-13, 1 ]
  Objective coefficient range : [ 1.38999e-21, 5.22844e+06 ]
  Variable bound range        : [ 0.05, 1 ]
  RHS coefficient range       : [ 1.64682e-07, 0.29679 ]
Objective value for Line heur k = 14: 19505395.62728662
76
Actual reward of current solution: 64268051.880319044
Minimum Difference with past solutions:0.0.
New solution equals old solution at k=14
75
Total Reward at the start of the inner iterations: 64268051.880319044
Gurobi status: 2

Statistics for model Linearization Heuristic :
  Linear constraint matrix    : 13659 Constrs, 8010 Vars, 4572048 NZs
  Matrix coefficient range    : [ 1.00351e-13, 1 ]
  Objective coefficient range : [ 1.38999e-21, 5.22844e+06 ]
  Variable bound range        : [ 0.05, 1 ]
  RHS coefficient range       : [ 1.84462e-07, 1 ]
Objective value for Line heur k = 15: 19289314.489505474
75
Actual reward of current solution: 64268051.880319044
Minimum Difference with past solutions:0.0.
New solution equals old solution at k=15
74
Total Reward at the start of the inner iterations: 64268051.880319044
Gurobi status: 2

Statistics for model Linearization Heuristic :
  Linear constraint matrix    : 13494 Constrs, 7920 Vars, 4465276 NZs
  Matrix coefficient range    : [ 1.00351e-13, 1 ]
  Objective coefficient range : [ 1.38999e-21, 5.22844e+06 ]
  Variable bound range        : [ 0.05, 1 ]
  RHS coefficient range       : [ 2.00639e-07, 1 ]
Objective value for Line heur k = 16: 19073188.36198694
74
Actual reward of current solution: 64268051.880319044
Minimum Difference with past solutions:0.0.
New solution equals old solution at k=16
73
Total Reward at the start of the inner iterations: 64268051.880319044
Gurobi status: 2

Statistics for model Linearization Heuristic :
  Linear constraint matrix    : 13329 Constrs, 7830 Vars, 4359739 NZs
  Matrix coefficient range    : [ 1.00351e-13, 1 ]
  Objective coefficient range : [ 1.38999e-21, 5.22844e+06 ]
  Variable bound range        : [ 0.05, 1 ]
  RHS coefficient range       : [ 2.13589e-07, 1 ]
Objective value for Line heur k = 17: 18857019.789032534
73
Actual reward of current solution: 64268051.880319044
Minimum Difference with past solutions:0.0.
New solution equals old solution at k=17
72
Total Reward at the start of the inner iterations: 64268051.880319044
Gurobi status: 2

Statistics for model Linearization Heuristic :
  Linear constraint matrix    : 13164 Constrs, 7740 Vars, 4255437 NZs
  Matrix coefficient range    : [ 1.00351e-13, 1 ]
  Objective coefficient range : [ 1.38999e-21, 5.22844e+06 ]
  Variable bound range        : [ 0.05, 1 ]
  RHS coefficient range       : [ 2.2366e-07, 1 ]
Objective value for Line heur k = 18: 18640811.16787696
72
Actual reward of current solution: 64268051.880319044
Minimum Difference with past solutions:0.0.
New solution equals old solution at k=18
71
Total Reward at the start of the inner iterations: 64268051.880319044
Gurobi status: 2

Statistics for model Linearization Heuristic :
  Linear constraint matrix    : 12999 Constrs, 7650 Vars, 4152370 NZs
  Matrix coefficient range    : [ 1.00351e-13, 1 ]
  Objective coefficient range : [ 1.38999e-21, 5.22844e+06 ]
  Variable bound range        : [ 0.05, 1 ]
  RHS coefficient range       : [ 2.31177e-07, 1 ]
Objective value for Line heur k = 19: 18424564.75590558
71
Actual reward of current solution: 64268051.880319044
Minimum Difference with past solutions:0.0.
New solution equals old solution at k=19
70
Total Reward at the start of the inner iterations: 64268051.880319044
Gurobi status: 2

Statistics for model Linearization Heuristic :
  Linear constraint matrix    : 12834 Constrs, 7560 Vars, 4050538 NZs
  Matrix coefficient range    : [ 1.00351e-13, 1 ]
  Objective coefficient range : [ 1.38999e-21, 5.22844e+06 ]
  Variable bound range        : [ 0.05, 1 ]
  RHS coefficient range       : [ 2.36442e-07, 1 ]
Objective value for Line heur k = 20: 18208282.678423945
70
Actual reward of current solution: 64268051.880319044
Minimum Difference with past solutions:0.0.
New solution equals old solution at k=20
69
Total Reward at the start of the inner iterations: 64268051.880319044
Gurobi status: 2

Statistics for model Linearization Heuristic :
  Linear constraint matrix    : 12669 Constrs, 7470 Vars, 3949941 NZs
  Matrix coefficient range    : [ 1.00351e-13, 1 ]
  Objective coefficient range : [ 1.38999e-21, 5.22844e+06 ]
  Variable bound range        : [ 0.05, 1 ]
  RHS coefficient range       : [ 2.39732e-07, 1 ]
Objective value for Line heur k = 21: 17991966.936464727
69
Actual reward of current solution: 64268051.880319044
Minimum Difference with past solutions:0.0.
New solution equals old solution at k=21
68
Total Reward at the start of the inner iterations: 64268051.880319044
Gurobi status: 2

Statistics for model Linearization Heuristic :
  Linear constraint matrix    : 12504 Constrs, 7380 Vars, 3850579 NZs
  Matrix coefficient range    : [ 1.00351e-13, 1 ]
  Objective coefficient range : [ 1.38999e-21, 5.22844e+06 ]
  Variable bound range        : [ 0.05, 1 ]
  RHS coefficient range       : [ 2.41303e-07, 1 ]
Objective value for Line heur k = 22: 17775619.414366126
68
Actual reward of current solution: 64268051.880319044
Minimum Difference with past solutions:0.0.
New solution equals old solution at k=22
67
Total Reward at the start of the inner iterations: 64268051.880319044
Gurobi status: 2

Statistics for model Linearization Heuristic :
  Linear constraint matrix    : 12339 Constrs, 7290 Vars, 3752452 NZs
  Matrix coefficient range    : [ 1.00351e-13, 1 ]
  Objective coefficient range : [ 1.38999e-21, 5.22844e+06 ]
  Variable bound range        : [ 0.05, 1 ]
  RHS coefficient range       : [ 2.41385e-07, 1 ]
Objective value for Line heur k = 23: 17559241.886992473
67
Actual reward of current solution: 64268051.880319044
Minimum Difference with past solutions:0.0.
New solution equals old solution at k=23
66
Total Reward at the start of the inner iterations: 64268051.880319044
Gurobi status: 2

Statistics for model Linearization Heuristic :
  Linear constraint matrix    : 12174 Constrs, 7200 Vars, 3655560 NZs
  Matrix coefficient range    : [ 1.00351e-13, 1 ]
  Objective coefficient range : [ 1.38999e-21, 5.22844e+06 ]
  Variable bound range        : [ 0.05, 1 ]
  RHS coefficient range       : [ 2.4019e-07, 1 ]
Objective value for Line heur k = 24: 17342836.026541904
66
Actual reward of current solution: 64268051.880319044
Minimum Difference with past solutions:0.0.
New solution equals old solution at k=24
65
Total Reward at the start of the inner iterations: 64268051.880319044
Gurobi status: 2

Statistics for model Linearization Heuristic :
  Linear constraint matrix    : 12009 Constrs, 7110 Vars, 3559903 NZs
  Matrix coefficient range    : [ 1.00351e-13, 1 ]
  Objective coefficient range : [ 1.38999e-21, 5.22844e+06 ]
  Variable bound range        : [ 0.05, 1 ]
  RHS coefficient range       : [ 2.37907e-07, 1 ]
Objective value for Line heur k = 25: 17126403.408928704
65
Actual reward of current solution: 64268051.880319044
Minimum Difference with past solutions:0.0.
New solution equals old solution at k=25
64
Total Reward at the start of the inner iterations: 64268051.880319044
Gurobi status: 2

Statistics for model Linearization Heuristic :
  Linear constraint matrix    : 11844 Constrs, 7020 Vars, 3465481 NZs
  Matrix coefficient range    : [ 1.00351e-13, 1 ]
  Objective coefficient range : [ 1.38999e-21, 5.22844e+06 ]
  Variable bound range        : [ 0.05, 1 ]
  RHS coefficient range       : [ 2.34706e-07, 1 ]
Objective value for Line heur k = 26: 16909945.519747462
64
Actual reward of current solution: 64268051.880319044
Minimum Difference with past solutions:0.0.
New solution equals old solution at k=26
63
Total Reward at the start of the inner iterations: 64268051.880319044
Gurobi status: 2

Statistics for model Linearization Heuristic :
  Linear constraint matrix    : 11679 Constrs, 6930 Vars, 3372294 NZs
  Matrix coefficient range    : [ 1.00351e-13, 1 ]
  Objective coefficient range : [ 1.38999e-21, 5.22844e+06 ]
  Variable bound range        : [ 0.05, 1 ]
  RHS coefficient range       : [ 2.27291e-07, 1 ]
Objective value for Line heur k = 27: 16693463.759838348
63
Actual reward of current solution: 64268051.880319044
Minimum Difference with past solutions:0.0.
New solution equals old solution at k=27
62
Total Reward at the start of the inner iterations: 64268051.880319044
Gurobi status: 2

Statistics for model Linearization Heuristic :
  Linear constraint matrix    : 11514 Constrs, 6840 Vars, 3280396 NZs
  Matrix coefficient range    : [ 1.00351e-13, 1 ]
  Objective coefficient range : [ 1.38999e-21, 5.22844e+06 ]
  Variable bound range        : [ 0.05, 1 ]
  RHS coefficient range       : [ 2.15083e-07, 0.293279 ]
Objective value for Line heur k = 28: 16476959.450476749
62
Actual reward of current solution: 64268051.880319044
Minimum Difference with past solutions:0.0.
New solution equals old solution at k=28
61
Total Reward at the start of the inner iterations: 64268051.880319044
Gurobi status: 2

Statistics for model Linearization Heuristic :
  Linear constraint matrix    : 11403 Constrs, 6750 Vars, 3189733 NZs
  Matrix coefficient range    : [ 1.00351e-13, 1 ]
  Objective coefficient range : [ 1.38999e-21, 5.22844e+06 ]
  Variable bound range        : [ 0.05, 1 ]
  RHS coefficient range       : [ 2.03702e-07, 1 ]
Objective value for Line heur k = 29: 16260433.838212846
61
Actual reward of current solution: 64268051.880319044
Minimum Difference with past solutions:0.0.
New solution equals old solution at k=29
60
Total Reward at the start of the inner iterations: 64268051.880319044
Gurobi status: 2

Statistics for model Linearization Heuristic :
  Linear constraint matrix    : 11238 Constrs, 6660 Vars, 3100251 NZs
  Matrix coefficient range    : [ 1.00351e-13, 1 ]
  Objective coefficient range : [ 1.38999e-21, 5.22844e+06 ]
  Variable bound range        : [ 0.05, 1 ]
  RHS coefficient range       : [ 1.93066e-07, 1 ]
Objective value for Line heur k = 30: 16043888.09938531
60
Actual reward of current solution: 64268051.880319044
Minimum Difference with past solutions:0.0.
New solution equals old solution at k=30
59
Total Reward at the start of the inner iterations: 64268051.880319044
Gurobi status: 2

Statistics for model Linearization Heuristic :
  Linear constraint matrix    : 11073 Constrs, 6570 Vars, 3012004 NZs
  Matrix coefficient range    : [ 1.00351e-13, 1 ]
  Objective coefficient range : [ 1.38999e-21, 5.22844e+06 ]
  Variable bound range        : [ 0.05, 1 ]
  RHS coefficient range       : [ 1.83104e-07, 1 ]
Objective value for Line heur k = 31: 15827323.344333665
59
Actual reward of current solution: 64268051.880319044
Minimum Difference with past solutions:0.0.
New solution equals old solution at k=31
58
Total Reward at the start of the inner iterations: 64268051.880319044
Gurobi status: 2

Statistics for model Linearization Heuristic :
  Linear constraint matrix    : 10908 Constrs, 6480 Vars, 2924992 NZs
  Matrix coefficient range    : [ 1.00351e-13, 1 ]
  Objective coefficient range : [ 1.38999e-21, 5.22844e+06 ]
  Variable bound range        : [ 0.05, 1 ]
  RHS coefficient range       : [ 1.73754e-07, 1 ]
Objective value for Line heur k = 32: 15610740.62133134
58
Actual reward of current solution: 64268051.880319044
Minimum Difference with past solutions:0.0.
New solution equals old solution at k=32
57
Total Reward at the start of the inner iterations: 64268051.880319044
Gurobi status: 2

Statistics for model Linearization Heuristic :
  Linear constraint matrix    : 10743 Constrs, 6390 Vars, 2839215 NZs
  Matrix coefficient range    : [ 1.00351e-13, 1 ]
  Objective coefficient range : [ 1.38999e-21, 5.22844e+06 ]
  Variable bound range        : [ 0.05, 1 ]
  RHS coefficient range       : [ 1.64962e-07, 1 ]
Objective value for Line heur k = 33: 15394140.920260318
57
Actual reward of current solution: 64268051.880319044
Minimum Difference with past solutions:0.0.
New solution equals old solution at k=33
56
Total Reward at the start of the inner iterations: 64268051.880319044
Gurobi status: 2

Statistics for model Linearization Heuristic :
  Linear constraint matrix    : 10578 Constrs, 6300 Vars, 2754673 NZs
  Matrix coefficient range    : [ 1.00351e-13, 1 ]
  Objective coefficient range : [ 1.38999e-21, 5.22844e+06 ]
  Variable bound range        : [ 0.05, 1 ]
  RHS coefficient range       : [ 1.56682e-07, 1 ]
Objective value for Line heur k = 34: 15177525.176046647
56
Actual reward of current solution: 64268051.880319044
Minimum Difference with past solutions:0.0.
New solution equals old solution at k=34
55
Total Reward at the start of the inner iterations: 64268051.880319044
Gurobi status: 2

Statistics for model Linearization Heuristic :
  Linear constraint matrix    : 10413 Constrs, 6210 Vars, 2671366 NZs
  Matrix coefficient range    : [ 1.00351e-13, 1 ]
  Objective coefficient range : [ 1.38999e-21, 5.22844e+06 ]
  Variable bound range        : [ 0.05, 1 ]
  RHS coefficient range       : [ 1.48871e-07, 1 ]
Objective value for Line heur k = 35: 14960894.27187428
55
Actual reward of current solution: 64268051.880319044
Minimum Difference with past solutions:0.0.
New solution equals old solution at k=35
54
Total Reward at the start of the inner iterations: 64268051.880319044
Gurobi status: 2

Statistics for model Linearization Heuristic :
  Linear constraint matrix    : 10248 Constrs, 6120 Vars, 2589294 NZs
  Matrix coefficient range    : [ 1.00351e-13, 1 ]
  Objective coefficient range : [ 1.38999e-21, 5.22844e+06 ]
  Variable bound range        : [ 0.05, 1 ]
  RHS coefficient range       : [ 1.41495e-07, 1 ]
Objective value for Line heur k = 36: 14744249.042193627
54
Actual reward of current solution: 64268051.880319044
Minimum Difference with past solutions:0.0.
New solution equals old solution at k=36
53
Total Reward at the start of the inner iterations: 64268051.880319044
Gurobi status: 2

Statistics for model Linearization Heuristic :
  Linear constraint matrix    : 10083 Constrs, 6030 Vars, 2508457 NZs
  Matrix coefficient range    : [ 1.00351e-13, 1 ]
  Objective coefficient range : [ 1.38999e-21, 5.22844e+06 ]
  Variable bound range        : [ 0.05, 1 ]
  RHS coefficient range       : [ 1.34519e-07, 1 ]
Objective value for Line heur k = 37: 14527590.275539499
53
Actual reward of current solution: 64268051.880319044
Minimum Difference with past solutions:0.0.
New solution equals old solution at k=37
52
Total Reward at the start of the inner iterations: 64268051.880319044
Gurobi status: 2

Statistics for model Linearization Heuristic :
  Linear constraint matrix    : 9918 Constrs, 5940 Vars, 2428855 NZs
  Matrix coefficient range    : [ 1.00351e-13, 1 ]
  Objective coefficient range : [ 1.38999e-21, 5.22844e+06 ]
  Variable bound range        : [ 0.05, 1 ]
  RHS coefficient range       : [ 1.27917e-07, 1 ]
Objective value for Line heur k = 38: 14310918.717172243
52
Actual reward of current solution: 64268051.880319044
Minimum Difference with past solutions:0.0.
New solution equals old solution at k=38
51
Total Reward at the start of the inner iterations: 64268051.880319044
Gurobi status: 2

Statistics for model Linearization Heuristic :
  Linear constraint matrix    : 9753 Constrs, 5850 Vars, 2350488 NZs
  Matrix coefficient range    : [ 1.00351e-13, 1 ]
  Objective coefficient range : [ 1.38999e-21, 5.22844e+06 ]
  Variable bound range        : [ 0.05, 1 ]
  RHS coefficient range       : [ 1.21661e-07, 1 ]
Objective value for Line heur k = 39: 14094235.071554461
51
Actual reward of current solution: 64268051.880319044
Minimum Difference with past solutions:0.0.
New solution equals old solution at k=39
50
Total Reward at the start of the inner iterations: 64268051.880319044
Gurobi status: 2

Statistics for model Linearization Heuristic :
  Linear constraint matrix    : 9588 Constrs, 5760 Vars, 2273356 NZs
  Matrix coefficient range    : [ 1.00351e-13, 1 ]
  Objective coefficient range : [ 1.38999e-21, 5.22844e+06 ]
  Variable bound range        : [ 0.05, 1 ]
  RHS coefficient range       : [ 1.1573e-07, 1 ]
Objective value for Line heur k = 40: 13877540.004674898
50
Actual reward of current solution: 64268051.880319044
Minimum Difference with past solutions:0.0.
New solution equals old solution at k=40
49
Total Reward at the start of the inner iterations: 64268051.880319044
Gurobi status: 2

Statistics for model Linearization Heuristic :
  Linear constraint matrix    : 9423 Constrs, 5670 Vars, 2197459 NZs
  Matrix coefficient range    : [ 1.00351e-13, 1 ]
  Objective coefficient range : [ 1.38999e-21, 5.22844e+06 ]
  Variable bound range        : [ 0.05, 1 ]
  RHS coefficient range       : [ 1.10103e-07, 1 ]
Objective value for Line heur k = 41: 13660834.146230053
49
Actual reward of current solution: 64268051.880319044
Minimum Difference with past solutions:0.0.
New solution equals old solution at k=41
48
Total Reward at the start of the inner iterations: 64268051.880319044
Gurobi status: 2

Statistics for model Linearization Heuristic :
  Linear constraint matrix    : 9258 Constrs, 5580 Vars, 2122851 NZs
  Matrix coefficient range    : [ 1.00351e-13, 1 ]
  Objective coefficient range : [ 1.38999e-21, 5.22844e+06 ]
  Variable bound range        : [ 0.05, 1 ]
  RHS coefficient range       : [ 1.0476e-07, 0.291587 ]
Objective value for Line heur k = 42: 13444118.091673218
48
Actual reward of current solution: 64268051.880319044
Minimum Difference with past solutions:0.0.
New solution equals old solution at k=42
47
Total Reward at the start of the inner iterations: 64268051.880319044
Gurobi status: 2

Statistics for model Linearization Heuristic :
  Linear constraint matrix    : 9147 Constrs, 5490 Vars, 2049478 NZs
  Matrix coefficient range    : [ 1.00351e-13, 1 ]
  Objective coefficient range : [ 1.38999e-21, 5.22844e+06 ]
  Variable bound range        : [ 0.05, 1 ]
  RHS coefficient range       : [ 9.96855e-08, 1 ]
Objective value for Line heur k = 43: 13227392.404139975
47
Actual reward of current solution: 64268051.880319044
Minimum Difference with past solutions:0.0.
New solution equals old solution at k=43
46
Total Reward at the start of the inner iterations: 64268051.880319044
Gurobi status: 2

Statistics for model Linearization Heuristic :
  Linear constraint matrix    : 8982 Constrs, 5400 Vars, 1977286 NZs
  Matrix coefficient range    : [ 1.00351e-13, 1 ]
  Objective coefficient range : [ 1.38999e-21, 5.22844e+06 ]
  Variable bound range        : [ 0.05, 1 ]
  RHS coefficient range       : [ 9.4863e-08, 1 ]
Objective value for Line heur k = 44: 13010657.616258433
46
Actual reward of current solution: 64268051.880319044
Minimum Difference with past solutions:0.0.
New solution equals old solution at k=44
45
Total Reward at the start of the inner iterations: 64268051.880319044
Gurobi status: 2

Statistics for model Linearization Heuristic :
  Linear constraint matrix    : 8817 Constrs, 5310 Vars, 1906329 NZs
  Matrix coefficient range    : [ 1.00351e-13, 1 ]
  Objective coefficient range : [ 1.38999e-21, 5.22844e+06 ]
  Variable bound range        : [ 0.05, 1 ]
  RHS coefficient range       : [ 9.02783e-08, 1 ]
Objective value for Line heur k = 45: 12793914.231851809
45
Actual reward of current solution: 64268051.880319044
Minimum Difference with past solutions:0.0.
New solution equals old solution at k=45
44
Total Reward at the start of the inner iterations: 64268051.880319044
Gurobi status: 2

Statistics for model Linearization Heuristic :
  Linear constraint matrix    : 8652 Constrs, 5220 Vars, 1836607 NZs
  Matrix coefficient range    : [ 1.00351e-13, 1 ]
  Objective coefficient range : [ 1.38999e-21, 5.22844e+06 ]
  Variable bound range        : [ 0.05, 1 ]
  RHS coefficient range       : [ 8.59184e-08, 1 ]
Objective value for Line heur k = 46: 12577162.727540446
44
Actual reward of current solution: 64268051.880319044
Minimum Difference with past solutions:0.0.
New solution equals old solution at k=46
43
Total Reward at the start of the inner iterations: 64268051.880319044
Gurobi status: 2

Statistics for model Linearization Heuristic :
  Linear constraint matrix    : 8487 Constrs, 5130 Vars, 1768120 NZs
  Matrix coefficient range    : [ 1.00351e-13, 1 ]
  Objective coefficient range : [ 1.38999e-21, 5.22844e+06 ]
  Variable bound range        : [ 0.05, 1 ]
  RHS coefficient range       : [ 8.17712e-08, 1 ]
Objective value for Line heur k = 47: 12360403.554249851
43
Actual reward of current solution: 64268051.880319044
Minimum Difference with past solutions:0.0.
New solution equals old solution at k=47
42
Total Reward at the start of the inner iterations: 64268051.880319044
Gurobi status: 2

Statistics for model Linearization Heuristic :
  Linear constraint matrix    : 8322 Constrs, 5040 Vars, 1700868 NZs
  Matrix coefficient range    : [ 1.00351e-13, 1 ]
  Objective coefficient range : [ 1.38999e-21, 5.22844e+06 ]
  Variable bound range        : [ 0.05, 1 ]
  RHS coefficient range       : [ 7.78252e-08, 1 ]
Objective value for Line heur k = 48: 12143637.138630768
42
Actual reward of current solution: 64268051.880319044
Minimum Difference with past solutions:0.0.
New solution equals old solution at k=48
41
Total Reward at the start of the inner iterations: 64268051.880319044
Gurobi status: 2

Statistics for model Linearization Heuristic :
  Linear constraint matrix    : 8157 Constrs, 4950 Vars, 1634851 NZs
  Matrix coefficient range    : [ 1.00351e-13, 1 ]
  Objective coefficient range : [ 1.38999e-21, 5.22844e+06 ]
  Variable bound range        : [ 0.05, 1 ]
  RHS coefficient range       : [ 7.407e-08, 1 ]
Objective value for Line heur k = 49: 11926863.884396907
41
Actual reward of current solution: 64268051.880319044
Minimum Difference with past solutions:0.0.
New solution equals old solution at k=49
40
Total Reward at the start of the inner iterations: 64268051.880319044
Gurobi status: 2

Statistics for model Linearization Heuristic :
  Linear constraint matrix    : 7992 Constrs, 4860 Vars, 1570069 NZs
  Matrix coefficient range    : [ 1.00351e-13, 1 ]
  Objective coefficient range : [ 1.38999e-21, 5.22844e+06 ]
  Variable bound range        : [ 0.05, 1 ]
  RHS coefficient range       : [ 7.04959e-08, 1 ]
Objective value for Line heur k = 50: 11710084.173585597
40
Actual reward of current solution: 64268051.880319044
Minimum Difference with past solutions:0.0.
New solution equals old solution at k=50
39
Total Reward at the start of the inner iterations: 64268051.880319044
Gurobi status: 2

Statistics for model Linearization Heuristic :
  Linear constraint matrix    : 7827 Constrs, 4770 Vars, 1506522 NZs
  Matrix coefficient range    : [ 1.00351e-13, 1 ]
  Objective coefficient range : [ 1.38999e-21, 5.22844e+06 ]
  Variable bound range        : [ 0.05, 1 ]
  RHS coefficient range       : [ 6.70937e-08, 1 ]
Objective value for Line heur k = 51: 11493298.367746165
39
Actual reward of current solution: 64268051.880319044
Minimum Difference with past solutions:0.0.
New solution equals old solution at k=51
38
Total Reward at the start of the inner iterations: 64268051.880319044
Gurobi status: 2

Statistics for model Linearization Heuristic :
  Linear constraint matrix    : 7662 Constrs, 4680 Vars, 1444210 NZs
  Matrix coefficient range    : [ 1.00351e-13, 1 ]
  Objective coefficient range : [ 1.38999e-21, 5.22844e+06 ]
  Variable bound range        : [ 0.05, 1 ]
  RHS coefficient range       : [ 6.38547e-08, 1 ]
Objective value for Line heur k = 52: 11276506.80906056
38
Actual reward of current solution: 64268051.880319044
Minimum Difference with past solutions:0.0.
New solution equals old solution at k=52
37
Total Reward at the start of the inner iterations: 64268051.880319044
Gurobi status: 2

Statistics for model Linearization Heuristic :
  Linear constraint matrix    : 7497 Constrs, 4590 Vars, 1383133 NZs
  Matrix coefficient range    : [ 1.00351e-13, 1 ]
  Objective coefficient range : [ 1.38999e-21, 5.22844e+06 ]
  Variable bound range        : [ 0.05, 1 ]
  RHS coefficient range       : [ 6.0771e-08, 1 ]
Objective value for Line heur k = 53: 11059709.8214004
37
Actual reward of current solution: 64268051.880319044
Minimum Difference with past solutions:0.0.
New solution equals old solution at k=53
36
Total Reward at the start of the inner iterations: 64268051.880319044
Gurobi status: 2

Statistics for model Linearization Heuristic :
  Linear constraint matrix    : 7332 Constrs, 4500 Vars, 1323291 NZs
  Matrix coefficient range    : [ 1.00351e-13, 1 ]
  Objective coefficient range : [ 1.38999e-21, 5.22844e+06 ]
  Variable bound range        : [ 0.05, 1 ]
  RHS coefficient range       : [ 5.78348e-08, 1 ]
Objective value for Line heur k = 54: 10842907.71132437
36
Actual reward of current solution: 64268051.880319044
Minimum Difference with past solutions:0.0.
New solution equals old solution at k=54
35
Total Reward at the start of the inner iterations: 64268051.880319044
Gurobi status: 2

Statistics for model Linearization Heuristic :
  Linear constraint matrix    : 7167 Constrs, 4410 Vars, 1264684 NZs
  Matrix coefficient range    : [ 1.00351e-13, 1 ]
  Objective coefficient range : [ 1.38999e-21, 5.22844e+06 ]
  Variable bound range        : [ 0.05, 1 ]
  RHS coefficient range       : [ 5.50391e-08, 1 ]
Objective value for Line heur k = 55: 10626100.76901963
35
Actual reward of current solution: 64268051.880319044
Minimum Difference with past solutions:0.0.
New solution equals old solution at k=55
34
Total Reward at the start of the inner iterations: 64268051.880319044
Gurobi status: 2

Statistics for model Linearization Heuristic :
  Linear constraint matrix    : 7002 Constrs, 4320 Vars, 1207366 NZs
  Matrix coefficient range    : [ 1.00351e-13, 1 ]
  Objective coefficient range : [ 1.38999e-21, 5.22844e+06 ]
  Variable bound range        : [ 0.05, 1 ]
  RHS coefficient range       : [ 5.2377e-08, 0.290509 ]
Objective value for Line heur k = 56: 10409289.269190503
34
Actual reward of current solution: 64268051.880319044
Minimum Difference with past solutions:0.0.
New solution equals old solution at k=56
33
Total Reward at the start of the inner iterations: 64268051.880319044
Gurobi status: 2

Statistics for model Linearization Heuristic :
  Linear constraint matrix    : 6891 Constrs, 4230 Vars, 1151283 NZs
  Matrix coefficient range    : [ 1.00351e-13, 1 ]
  Objective coefficient range : [ 1.38999e-21, 5.22844e+06 ]
  Variable bound range        : [ 0.05, 1 ]
  RHS coefficient range       : [ 4.98422e-08, 1 ]
Objective value for Line heur k = 57: 10192473.471897818
33
Actual reward of current solution: 64268051.880319044
Minimum Difference with past solutions:0.0.
New solution equals old solution at k=57
32
Total Reward at the start of the inner iterations: 64268051.880319044
Gurobi status: 2

Statistics for model Linearization Heuristic :
  Linear constraint matrix    : 6726 Constrs, 4140 Vars, 1096381 NZs
  Matrix coefficient range    : [ 1.00351e-13, 1 ]
  Objective coefficient range : [ 1.38999e-21, 5.22844e+06 ]
  Variable bound range        : [ 0.05, 1 ]
  RHS coefficient range       : [ 4.74285e-08, 1 ]
Objective value for Line heur k = 58: 9975653.623351663
32
Actual reward of current solution: 64268051.880319044
Minimum Difference with past solutions:0.0.
New solution equals old solution at k=58
31
Total Reward at the start of the inner iterations: 64268051.880319044
Gurobi status: 2

Statistics for model Linearization Heuristic :
  Linear constraint matrix    : 6561 Constrs, 4050 Vars, 1042714 NZs
  Matrix coefficient range    : [ 1.00351e-13, 1 ]
  Objective coefficient range : [ 1.38999e-21, 5.22844e+06 ]
  Variable bound range        : [ 0.05, 1 ]
  RHS coefficient range       : [ 4.51301e-08, 1 ]
Objective value for Line heur k = 59: 9758829.9566604
31
Actual reward of current solution: 64268051.880319044
Minimum Difference with past solutions:0.0.
New solution equals old solution at k=59
30
Total Reward at the start of the inner iterations: 64268051.880319044
Gurobi status: 2

Statistics for model Linearization Heuristic :
  Linear constraint matrix    : 6396 Constrs, 3960 Vars, 990282 NZs
  Matrix coefficient range    : [ 1.00351e-13, 1 ]
  Objective coefficient range : [ 1.38999e-21, 5.22844e+06 ]
  Variable bound range        : [ 0.05, 1 ]
  RHS coefficient range       : [ 4.29417e-08, 1 ]
Objective value for Line heur k = 60: 9542002.692538625
30
Actual reward of current solution: 64268051.880319044
Minimum Difference with past solutions:0.0.
New solution equals old solution at k=60
29
Total Reward at the start of the inner iterations: 64268051.880319044
Gurobi status: 2

Statistics for model Linearization Heuristic :
  Linear constraint matrix    : 6231 Constrs, 3870 Vars, 939085 NZs
  Matrix coefficient range    : [ 1.00351e-13, 1 ]
  Objective coefficient range : [ 1.38999e-21, 5.22844e+06 ]
  Variable bound range        : [ 0.05, 1 ]
  RHS coefficient range       : [ 4.08579e-08, 1 ]
Objective value for Line heur k = 61: 9325172.039976254
29
Actual reward of current solution: 64268051.880319044
Minimum Difference with past solutions:0.0.
New solution equals old solution at k=61
28
Total Reward at the start of the inner iterations: 64268051.880319044
Gurobi status: 2

Statistics for model Linearization Heuristic :
  Linear constraint matrix    : 6066 Constrs, 3780 Vars, 889123 NZs
  Matrix coefficient range    : [ 1.00351e-13, 1 ]
  Objective coefficient range : [ 1.38999e-21, 5.22844e+06 ]
  Variable bound range        : [ 0.05, 1 ]
  RHS coefficient range       : [ 3.88739e-08, 1 ]
Objective value for Line heur k = 62: 9108338.196871214
28
Actual reward of current solution: 64268051.880319044
Minimum Difference with past solutions:0.0.
New solution equals old solution at k=62
27
Total Reward at the start of the inner iterations: 64268051.880319044
Gurobi status: 2

Statistics for model Linearization Heuristic :
  Linear constraint matrix    : 5901 Constrs, 3690 Vars, 840396 NZs
  Matrix coefficient range    : [ 1.00351e-13, 1 ]
  Objective coefficient range : [ 1.38999e-21, 5.22844e+06 ]
  Variable bound range        : [ 0.05, 1 ]
  RHS coefficient range       : [ 3.6985e-08, 1 ]
Objective value for Line heur k = 63: 8891501.35062775
27
Actual reward of current solution: 64268051.880319044
Minimum Difference with past solutions:0.0.
New solution equals old solution at k=63
26
Total Reward at the start of the inner iterations: 64268051.880319044
Gurobi status: 2

Statistics for model Linearization Heuristic :
  Linear constraint matrix    : 5736 Constrs, 3600 Vars, 792904 NZs
  Matrix coefficient range    : [ 1.00351e-13, 1 ]
  Objective coefficient range : [ 1.38999e-21, 5.22844e+06 ]
  Variable bound range        : [ 0.05, 1 ]
  RHS coefficient range       : [ 3.51865e-08, 1 ]
Objective value for Line heur k = 64: 8674661.678722374
26
Actual reward of current solution: 64268051.880319044
Minimum Difference with past solutions:0.0.
New solution equals old solution at k=64
25
Total Reward at the start of the inner iterations: 64268051.880319044
Gurobi status: 2

Statistics for model Linearization Heuristic :
  Linear constraint matrix    : 5571 Constrs, 3510 Vars, 746647 NZs
  Matrix coefficient range    : [ 1.00351e-13, 1 ]
  Objective coefficient range : [ 1.38999e-21, 5.22844e+06 ]
  Variable bound range        : [ 0.05, 1 ]
  RHS coefficient range       : [ 3.34744e-08, 1 ]
Objective value for Line heur k = 65: 8457819.349239333
25
Actual reward of current solution: 64268051.880319044
Minimum Difference with past solutions:0.0.
New solution equals old solution at k=65
24
Total Reward at the start of the inner iterations: 64268051.880319044
Gurobi status: 2

Statistics for model Linearization Heuristic :
  Linear constraint matrix    : 5406 Constrs, 3420 Vars, 701625 NZs
  Matrix coefficient range    : [ 1.00351e-13, 1 ]
  Objective coefficient range : [ 1.38999e-21, 5.22844e+06 ]
  Variable bound range        : [ 0.05, 1 ]
  RHS coefficient range       : [ 3.18444e-08, 1 ]
Objective value for Line heur k = 66: 8240974.521377395
24
Actual reward of current solution: 64268051.880319044
Minimum Difference with past solutions:0.0.
New solution equals old solution at k=66
23
Total Reward at the start of the inner iterations: 64268051.880319044
Gurobi status: 2

Statistics for model Linearization Heuristic :
  Linear constraint matrix    : 5241 Constrs, 3330 Vars, 657838 NZs
  Matrix coefficient range    : [ 1.00351e-13, 1 ]
  Objective coefficient range : [ 1.38999e-21, 5.22844e+06 ]
  Variable bound range        : [ 0.05, 1 ]
  RHS coefficient range       : [ 3.02928e-08, 1 ]
Objective value for Line heur k = 67: 8024127.345929404
23
Actual reward of current solution: 64268051.880319044
Minimum Difference with past solutions:0.0.
New solution equals old solution at k=67
22
Total Reward at the start of the inner iterations: 64268051.880319044
Gurobi status: 2

Statistics for model Linearization Heuristic :
  Linear constraint matrix    : 5076 Constrs, 3240 Vars, 615286 NZs
  Matrix coefficient range    : [ 1.00351e-13, 1 ]
  Objective coefficient range : [ 1.38999e-21, 5.22844e+06 ]
  Variable bound range        : [ 0.05, 1 ]
  RHS coefficient range       : [ 2.88158e-08, 1 ]
Objective value for Line heur k = 68: 7807277.96573639
22
Actual reward of current solution: 64268051.880319044
Minimum Difference with past solutions:0.0.
New solution equals old solution at k=68
21
Total Reward at the start of the inner iterations: 64268051.880319044
Gurobi status: 2

Statistics for model Linearization Heuristic :
  Linear constraint matrix    : 4911 Constrs, 3150 Vars, 573969 NZs
  Matrix coefficient range    : [ 1.00351e-13, 1 ]
  Objective coefficient range : [ 1.38999e-21, 5.22844e+06 ]
  Variable bound range        : [ 0.05, 1 ]
  RHS coefficient range       : [ 2.741e-08, 1 ]
Objective value for Line heur k = 69: 7590426.516117626
21
Actual reward of current solution: 64268051.880319044
Minimum Difference with past solutions:0.0.
New solution equals old solution at k=69
20
Total Reward at the start of the inner iterations: 64268051.880319044
Gurobi status: 2

Statistics for model Linearization Heuristic :
  Linear constraint matrix    : 4746 Constrs, 3060 Vars, 533941 NZs
  Matrix coefficient range    : [ 1.00351e-13, 1 ]
  Objective coefficient range : [ 1.38999e-21, 5.22844e+06 ]
  Variable bound range        : [ 0.05, 1 ]
  RHS coefficient range       : [ 2.60718e-08, 0.289899 ]
Objective value for Line heur k = 70: 7373573.125277953
20
Actual reward of current solution: 64268051.880319044
Minimum Difference with past solutions:0.0.
New solution equals old solution at k=70
19
Total Reward at the start of the inner iterations: 64268051.880319044
Gurobi status: 2

Statistics for model Linearization Heuristic :
  Linear constraint matrix    : 4635 Constrs, 2970 Vars, 495149 NZs
  Matrix coefficient range    : [ 1.00351e-13, 1 ]
  Objective coefficient range : [ 1.38999e-21, 5.22844e+06 ]
  Variable bound range        : [ 0.05, 1 ]
  RHS coefficient range       : [ 2.47983e-08, 1 ]
Objective value for Line heur k = 71: 7156717.914693797
19
Actual reward of current solution: 64268051.880319044
Minimum Difference with past solutions:0.0.
New solution equals old solution at k=71
18
Total Reward at the start of the inner iterations: 64268051.880319044
Gurobi status: 2

Statistics for model Linearization Heuristic :
  Linear constraint matrix    : 4470 Constrs, 2880 Vars, 457538 NZs
  Matrix coefficient range    : [ 1.00351e-13, 1 ]
  Objective coefficient range : [ 1.38999e-21, 5.22844e+06 ]
  Variable bound range        : [ 0.05, 1 ]
  RHS coefficient range       : [ 2.35862e-08, 1 ]
Objective value for Line heur k = 72: 6939860.999479137
18
Actual reward of current solution: 64268051.880319044
Minimum Difference with past solutions:0.0.
New solution equals old solution at k=72
17
Total Reward at the start of the inner iterations: 64268051.880319044
Gurobi status: 2

Statistics for model Linearization Heuristic :
  Linear constraint matrix    : 4305 Constrs, 2790 Vars, 421162 NZs
  Matrix coefficient range    : [ 1.00351e-13, 1 ]
  Objective coefficient range : [ 1.38999e-21, 5.22844e+06 ]
  Variable bound range        : [ 0.05, 1 ]
  RHS coefficient range       : [ 2.24327e-08, 1 ]
Objective value for Line heur k = 73: 6723002.4887326965
17
Actual reward of current solution: 64268051.880319044
Minimum Difference with past solutions:0.0.
New solution equals old solution at k=73
16
Total Reward at the start of the inner iterations: 64268051.880319044
Gurobi status: 2

Statistics for model Linearization Heuristic :
  Linear constraint matrix    : 4140 Constrs, 2700 Vars, 386021 NZs
  Matrix coefficient range    : [ 1.00351e-13, 1 ]
  Objective coefficient range : [ 1.38999e-21, 5.22844e+06 ]
  Variable bound range        : [ 0.05, 1 ]
  RHS coefficient range       : [ 2.1335e-08, 1 ]
Objective value for Line heur k = 74: 6506142.485867705
16
Actual reward of current solution: 64268051.880319044
Minimum Difference with past solutions:0.0.
New solution equals old solution at k=74
15
Total Reward at the start of the inner iterations: 64268051.880319044
Gurobi status: 2

Statistics for model Linearization Heuristic :
  Linear constraint matrix    : 3975 Constrs, 2610 Vars, 352115 NZs
  Matrix coefficient range    : [ 1.00351e-13, 1 ]
  Objective coefficient range : [ 1.38999e-21, 5.22844e+06 ]
  Variable bound range        : [ 0.05, 1 ]
  RHS coefficient range       : [ 2.02904e-08, 1 ]
Objective value for Line heur k = 75: 6289281.08892573
15
Actual reward of current solution: 64268051.880319044
Minimum Difference with past solutions:0.0.
New solution equals old solution at k=75
14
Total Reward at the start of the inner iterations: 64268051.880319044
Gurobi status: 2

Statistics for model Linearization Heuristic :
  Linear constraint matrix    : 3810 Constrs, 2520 Vars, 319444 NZs
  Matrix coefficient range    : [ 1.00351e-13, 1 ]
  Objective coefficient range : [ 1.38999e-21, 5.22844e+06 ]
  Variable bound range        : [ 0.05, 1 ]
  RHS coefficient range       : [ 1.72107e-08, 1 ]
Objective value for Line heur k = 76: 6072418.390876166
14
Actual reward of current solution: 64268051.880319044
Minimum Difference with past solutions:0.0.
New solution equals old solution at k=76
13
Total Reward at the start of the inner iterations: 64268051.880319044
Gurobi status: 2

Statistics for model Linearization Heuristic :
  Linear constraint matrix    : 3645 Constrs, 2430 Vars, 288008 NZs
  Matrix coefficient range    : [ 1.00351e-13, 1 ]
  Objective coefficient range : [ 1.38999e-21, 5.22844e+06 ]
  Variable bound range        : [ 0.05, 1 ]
  RHS coefficient range       : [ 1.65526e-09, 1 ]
Objective value for Line heur k = 77: 5855554.479903753
13
Actual reward of current solution: 64268051.880319044
Minimum Difference with past solutions:0.0.
New solution equals old solution at k=77
12
Total Reward at the start of the inner iterations: 64268051.880319044
Gurobi status: 2

Statistics for model Linearization Heuristic :
  Linear constraint matrix    : 3480 Constrs, 2340 Vars, 257808 NZs
  Matrix coefficient range    : [ 1.00351e-13, 1 ]
  Objective coefficient range : [ 1.38999e-21, 5.22844e+06 ]
  Variable bound range        : [ 0.05, 1 ]
  RHS coefficient range       : [ 2.8173e-09, 1 ]
Objective value for Line heur k = 78: 5638689.43968715
12
Actual reward of current solution: 64268051.880319044
Minimum Difference with past solutions:0.0.
New solution equals old solution at k=78
11
Total Reward at the start of the inner iterations: 64268051.880319044
Gurobi status: 2

Statistics for model Linearization Heuristic :
  Linear constraint matrix    : 3315 Constrs, 2250 Vars, 228843 NZs
  Matrix coefficient range    : [ 1.00351e-13, 1 ]
  Objective coefficient range : [ 1.38999e-21, 5.22844e+06 ]
  Variable bound range        : [ 0.05, 1 ]
  RHS coefficient range       : [ 2.24984e-11, 1 ]
Objective value for Line heur k = 79: 5421823.349673456
11
Actual reward of current solution: 64268051.880319044
Minimum Difference with past solutions:0.0.
New solution equals old solution at k=79
10
Total Reward at the start of the inner iterations: 64268051.880319044
Gurobi status: 2

Statistics for model Linearization Heuristic :
  Linear constraint matrix    : 3150 Constrs, 2160 Vars, 201113 NZs
  Matrix coefficient range    : [ 1.00351e-13, 1 ]
  Objective coefficient range : [ 1.38999e-21, 5.22844e+06 ]
  Variable bound range        : [ 0.05, 1 ]
  RHS coefficient range       : [ 5.2663e-09, 1 ]
Objective value for Line heur k = 80: 5204956.285356067
10
Actual reward of current solution: 64268051.880319044
Minimum Difference with past solutions:0.0.
New solution equals old solution at k=80
9
Total Reward at the start of the inner iterations: 64268051.880319044
Gurobi status: 2

Statistics for model Linearization Heuristic :
  Linear constraint matrix    : 2985 Constrs, 2070 Vars, 174619 NZs
  Matrix coefficient range    : [ 1.00351e-13, 1 ]
  Objective coefficient range : [ 1.38999e-21, 5.22844e+06 ]
  Variable bound range        : [ 0.05, 1 ]
  RHS coefficient range       : [ 1.09014e-08, 1 ]
Objective value for Line heur k = 81: 4988088.318568675
9
Actual reward of current solution: 64268051.880319044
Minimum Difference with past solutions:0.0.
New solution equals old solution at k=81
8
Total Reward at the start of the inner iterations: 64268051.880319044
Gurobi status: 2

Statistics for model Linearization Heuristic :
  Linear constraint matrix    : 2820 Constrs, 1980 Vars, 149360 NZs
  Matrix coefficient range    : [ 1.00351e-13, 1 ]
  Objective coefficient range : [ 1.38999e-21, 5.22844e+06 ]
  Variable bound range        : [ 0.05, 1 ]
  RHS coefficient range       : [ 1.6553e-08, 1 ]
Objective value for Line heur k = 82: 4771219.517816337
8
Actual reward of current solution: 64268051.880319044
Minimum Difference with past solutions:0.0.
New solution equals old solution at k=82
7
Total Reward at the start of the inner iterations: 64268051.880319044
Gurobi status: 2

Statistics for model Linearization Heuristic :
  Linear constraint matrix    : 2655 Constrs, 1890 Vars, 125336 NZs
  Matrix coefficient range    : [ 1.00351e-13, 1 ]
  Objective coefficient range : [ 1.38999e-21, 5.22844e+06 ]
  Variable bound range        : [ 0.05, 1 ]
  RHS coefficient range       : [ 2.22329e-08, 1 ]
Objective value for Line heur k = 83: 4554349.948679796
7
Actual reward of current solution: 64268051.880319044
Minimum Difference with past solutions:0.0.
New solution equals old solution at k=83
6
Total Reward at the start of the inner iterations: 64268051.880319044
Gurobi status: 2

Statistics for model Linearization Heuristic :
  Linear constraint matrix    : 2490 Constrs, 1800 Vars, 102601 NZs
  Matrix coefficient range    : [ 1.00351e-13, 1 ]
  Objective coefficient range : [ 1.38999e-21, 5.22844e+06 ]
  Variable bound range        : [ 0.05, 1 ]
  RHS coefficient range       : [ 2.79618e-08, 0.289544 ]
Objective value for Line heur k = 84: 4337479.674354711
6
Actual reward of current solution: 64268051.880319044
Minimum Difference with past solutions:0.0.
New solution equals old solution at k=84
5
Total Reward at the start of the inner iterations: 64268051.880319044
Gurobi status: 2

Statistics for model Linearization Heuristic :
  Linear constraint matrix    : 2379 Constrs, 1710 Vars, 81101 NZs
  Matrix coefficient range    : [ 1.00351e-13, 1 ]
  Objective coefficient range : [ 1.38999e-21, 5.22844e+06 ]
  Variable bound range        : [ 0.05, 1 ]
  RHS coefficient range       : [ 3.37754e-08, 1 ]
Objective value for Line heur k = 85: 4120608.756432354
5
Actual reward of current solution: 64268051.880319044
Minimum Difference with past solutions:0.0.
New solution equals old solution at k=85
4
Total Reward at the start of the inner iterations: 64268051.880319044
Gurobi status: 2

Statistics for model Linearization Heuristic :
  Linear constraint matrix    : 2214 Constrs, 1620 Vars, 60783 NZs
  Matrix coefficient range    : [ 1.00351e-13, 1 ]
  Objective coefficient range : [ 1.38999e-21, 5.22844e+06 ]
  Variable bound range        : [ 0.05, 1 ]
  RHS coefficient range       : [ 3.97354e-08, 1 ]
Objective value for Line heur k = 86: 3903737.2561051655
4
Actual reward of current solution: 64268051.880319044
Minimum Difference with past solutions:0.0.
New solution equals old solution at k=86
3
Total Reward at the start of the inner iterations: 64268051.880319044
Gurobi status: 2

Statistics for model Linearization Heuristic :
  Linear constraint matrix    : 2049 Constrs, 1530 Vars, 41707 NZs
  Matrix coefficient range    : [ 1.02531e-13, 1 ]
  Objective coefficient range : [ 1.38999e-21, 5.22844e+06 ]
  Variable bound range        : [ 0.05, 1 ]
  RHS coefficient range       : [ 4.59485e-08, 1 ]
Objective value for Line heur k = 87: 3686865.2361143543
3
Actual reward of current solution: 64268051.880319044
Minimum Difference with past solutions:0.0.
New solution equals old solution at k=87
2
Total Reward at the start of the inner iterations: 64268051.880319044
Gurobi status: 2

Statistics for model Linearization Heuristic :
  Linear constraint matrix    : 1884 Constrs, 1440 Vars, 23931 NZs
  Matrix coefficient range    : [ 3.20308e-13, 1 ]
  Objective coefficient range : [ 4.26035e-21, 5.22844e+06 ]
  Variable bound range        : [ 0.05, 1 ]
  RHS coefficient range       : [ 5.25993e-08, 1 ]
Objective value for Line heur k = 88: 3469992.7639870998
2
Actual reward of current solution: 64268051.880319044
Minimum Difference with past solutions:0.0.
New solution equals old solution at k=88
1
Total Reward at the start of the inner iterations: 64268051.880319044
Gurobi status: 2

Statistics for model Linearization Heuristic :
  Linear constraint matrix    : 1719 Constrs, 1350 Vars, 11838 NZs
  Matrix coefficient range    : [ 3.76826e-13, 1 ]
  Objective coefficient range : [ 0.000487061, 5.22844e+06 ]
  Variable bound range        : [ 0.05, 1 ]
  RHS coefficient range       : [ 6.00069e-08, 1 ]
Objective value for Line heur k = 89: 3253119.9175105006
1
Actual reward of current solution: 64268051.880319044
Minimum Difference with past solutions:0.0.
New solution equals old solution at k=89
0
Total Reward at the start of the inner iterations: 64268051.880319044
Gurobi status: 2

Statistics for model Linearization Heuristic :
  Linear constraint matrix    : 1554 Constrs, 1260 Vars, 2709 NZs
  Matrix coefficient range    : [ 0.288979, 1 ]
  Objective coefficient range : [ 0.000487061, 5.22844e+06 ]
  Variable bound range        : [ 0.05, 1 ]
  RHS coefficient range       : [ 6.87233e-08, 0.289448 ]
Objective value for Line heur k = 90: 3036246.794079517
0
Actual reward of current solution: 64268051.880319044
Minimum Difference with past solutions:0.0.
New solution equals old solution at k=90
0
Total Reward at the start of the inner iterations: 64268051.880319044
Gurobi status: 2

Statistics for model Linearization Heuristic :
  Linear constraint matrix    : 1443 Constrs, 1170 Vars, 2457 NZs
  Matrix coefficient range    : [ 0.317935, 1 ]
  Objective coefficient range : [ 0.000487061, 5.22844e+06 ]
  Variable bound range        : [ 0.05, 1 ]
  RHS coefficient range       : [ 6.87233e-08, 0.289448 ]
Objective value for Line heur k = 91: 2819371.943524889
0
Actual reward of current solution: 64268051.880319044
Minimum Difference with past solutions:0.0.
New solution equals old solution at k=91
0
Total Reward at the start of the inner iterations: 64268051.880319044
Gurobi status: 2

Statistics for model Linearization Heuristic :
  Linear constraint matrix    : 1332 Constrs, 1080 Vars, 2214 NZs
  Matrix coefficient range    : [ 0.349792, 1 ]
  Objective coefficient range : [ 0.000487061, 5.22844e+06 ]
  Variable bound range        : [ 0.05, 1 ]
  RHS coefficient range       : [ 6.87233e-08, 0.289448 ]
Objective value for Line heur k = 92: 2602497.111216421
0
Actual reward of current solution: 64268051.880319044
Minimum Difference with past solutions:0.0.
New solution equals old solution at k=92
0
Total Reward at the start of the inner iterations: 64268051.880319044
Gurobi status: 2

Statistics for model Linearization Heuristic :
  Linear constraint matrix    : 1221 Constrs, 990 Vars, 1980 NZs
  Matrix coefficient range    : [ 0.384842, 1 ]
  Objective coefficient range : [ 0.000487061, 5.22844e+06 ]
  Variable bound range        : [ 0.05, 1 ]
  RHS coefficient range       : [ 6.87233e-08, 0.289448 ]
Objective value for Line heur k = 93: 2385622.2962472923
0
Actual reward of current solution: 64268051.880319044
Minimum Difference with past solutions:0.0.
New solution equals old solution at k=93
0
Total Reward at the start of the inner iterations: 64268051.880319044
Gurobi status: 2

Statistics for model Linearization Heuristic :
  Linear constraint matrix    : 1110 Constrs, 900 Vars, 1755 NZs
  Matrix coefficient range    : [ 0.423403, 1 ]
  Objective coefficient range : [ 0.000487061, 5.22844e+06 ]
  Variable bound range        : [ 0.05, 1 ]
  RHS coefficient range       : [ 6.87233e-08, 0.289448 ]
Objective value for Line heur k = 94: 2168747.497023703
0
Actual reward of current solution: 64268051.880319044
Minimum Difference with past solutions:0.0.
New solution equals old solution at k=94
0
Total Reward at the start of the inner iterations: 64268051.880319044
Gurobi status: 2

Statistics for model Linearization Heuristic :
  Linear constraint matrix    : 999 Constrs, 810 Vars, 1539 NZs
  Matrix coefficient range    : [ 0.465828, 1 ]
  Objective coefficient range : [ 0.000487061, 5.22844e+06 ]
  Variable bound range        : [ 0.05, 1 ]
  RHS coefficient range       : [ 6.87233e-08, 0.289448 ]
Objective value for Line heur k = 95: 1951872.711665046
0
Actual reward of current solution: 64268051.880319044
Minimum Difference with past solutions:0.0.
New solution equals old solution at k=95
0
Total Reward at the start of the inner iterations: 64268051.880319044
Gurobi status: 2

Statistics for model Linearization Heuristic :
  Linear constraint matrix    : 888 Constrs, 720 Vars, 1332 NZs
  Matrix coefficient range    : [ 0.512504, 1 ]
  Objective coefficient range : [ 0.000487061, 5.22844e+06 ]
  Variable bound range        : [ 0.05, 1 ]
  RHS coefficient range       : [ 6.87233e-08, 0.289448 ]
Objective value for Line heur k = 96: 1734997.9382469214
0
Actual reward of current solution: 64268051.880319044
Minimum Difference with past solutions:0.0.
New solution equals old solution at k=96
0
Total Reward at the start of the inner iterations: 64268051.880319044
Gurobi status: 2

Statistics for model Linearization Heuristic :
  Linear constraint matrix    : 777 Constrs, 630 Vars, 1134 NZs
  Matrix coefficient range    : [ 0.563857, 1 ]
  Objective coefficient range : [ 0.000487061, 5.22844e+06 ]
  Variable bound range        : [ 0.05, 1 ]
  RHS coefficient range       : [ 6.87233e-08, 0.289448 ]
Objective value for Line heur k = 97: 1518123.1749405714
0
Actual reward of current solution: 64268051.880319044
Minimum Difference with past solutions:0.0.
New solution equals old solution at k=97
0
Total Reward at the start of the inner iterations: 64268051.880319044
Gurobi status: 2

Statistics for model Linearization Heuristic :
  Linear constraint matrix    : 666 Constrs, 540 Vars, 945 NZs
  Matrix coefficient range    : [ 0.620356, 1 ]
  Objective coefficient range : [ 0.000487061, 5.22844e+06 ]
  Variable bound range        : [ 0.05, 1 ]
  RHS coefficient range       : [ 6.87233e-08, 0.289448 ]
Objective value for Line heur k = 98: 1301248.4200853338
0
Actual reward of current solution: 64268051.880319044
Minimum Difference with past solutions:0.0.
New solution equals old solution at k=98
0
Total Reward at the start of the inner iterations: 64268051.880319044
Gurobi status: 2

Statistics for model Linearization Heuristic :
  Linear constraint matrix    : 555 Constrs, 450 Vars, 765 NZs
  Matrix coefficient range    : [ 0.682516, 1 ]
  Objective coefficient range : [ 0.000487061, 5.22844e+06 ]
  Variable bound range        : [ 0.05, 1 ]
  RHS coefficient range       : [ 6.87233e-08, 0.289448 ]
Objective value for Line heur k = 99: 1084373.6722188876
0
Actual reward of current solution: 64268051.880319044
Minimum Difference with past solutions:0.0.
New solution equals old solution at k=99
0
Total Reward at the start of the inner iterations: 64268051.880319044
Gurobi status: 2

Statistics for model Linearization Heuristic :
  Linear constraint matrix    : 444 Constrs, 360 Vars, 594 NZs
  Matrix coefficient range    : [ 0.750904, 1 ]
  Objective coefficient range : [ 0.000487061, 5.22844e+06 ]
  Variable bound range        : [ 0.05, 1 ]
  RHS coefficient range       : [ 6.87233e-08, 0.289448 ]
Objective value for Line heur k = 100: 867498.930081887
0
Actual reward of current solution: 64268051.880319044
Minimum Difference with past solutions:0.0.
New solution equals old solution at k=100
0
Total Reward at the start of the inner iterations: 64268051.880319044
Gurobi status: 2

Statistics for model Linearization Heuristic :
  Linear constraint matrix    : 333 Constrs, 270 Vars, 432 NZs
  Matrix coefficient range    : [ 0.826145, 1 ]
  Objective coefficient range : [ 0.000487061, 5.22844e+06 ]
  Variable bound range        : [ 0.05, 1 ]
  RHS coefficient range       : [ 6.87233e-08, 0.289448 ]
Objective value for Line heur k = 101: 650624.1926078527
0
Actual reward of current solution: 64268051.880319044
Minimum Difference with past solutions:0.0.
New solution equals old solution at k=101
0
Total Reward at the start of the inner iterations: 64268051.880319044
Gurobi status: 2

Statistics for model Linearization Heuristic :
  Linear constraint matrix    : 222 Constrs, 180 Vars, 279 NZs
  Matrix coefficient range    : [ 0.908925, 1 ]
  Objective coefficient range : [ 0.000487061, 5.22844e+06 ]
  Variable bound range        : [ 0.05, 1 ]
  RHS coefficient range       : [ 6.87233e-08, 0.289448 ]
Objective value for Line heur k = 102: 433749.45890545595
0
Actual reward of current solution: 64268051.880319044
Minimum Difference with past solutions:0.0.
New solution equals old solution at k=102
0
Total Reward at the start of the inner iterations: 64268051.880319044
Gurobi status: 2

Statistics for model Linearization Heuristic :
  Linear constraint matrix    : 111 Constrs, 90 Vars, 135 NZs
  Matrix coefficient range    : [ 1, 1 ]
  Objective coefficient range : [ 884.426, 5.22844e+06 ]
  Variable bound range        : [ 0.05, 1 ]
  RHS coefficient range       : [ 6.87233e-08, 0.289448 ]
Objective value for Line heur k = 103: 216874.7282375976
0
Actual reward of current solution: 64268051.880319044
Minimum Difference with past solutions:0.0.
New solution equals old solution at k=103
Total running time for 90 days is 816.6171681880951
Economic Value: 64308906.06495492
Deaths 0.10949346848867701
Total Reward 64268051.880319044
