{'groups': 'all', 'params_to_try': {'delta_schooling': [0.5], 'xi': [0, 371990.3, 929975.75, 1859951.5, 3719903, 5579854.5], 'icus': [2900], 'tests': [[60000, 0]], 'testing': ['homogeneous'], 'eta': [0.1]}}
{'groups': 'all', 'params_to_try': {'delta_schooling': [0.5], 'xi': [0, 371990.3, 929975.75, 1859951.5, 3719903, 5579854.5], 'icus': [2900], 'tests': [[60000, 0]], 'testing': ['homogeneous'], 'eta': [0.1]}}
{'groups': 'all', 'params_to_try': {'delta_schooling': [0.6852579929645369], 'icus': [2900], 'eta': [0.05180169834309472], 'tests': [[0, 0]], 'xi': [18599515.0], 'testing': ['homogeneous']}}
results/time_gradient/xi-18599515_icus-2900_testing-homogeneous_natests-0_nmtests-0_T-90_startday-0_groups-all_dschool-0.685258_eta-0.051802_freq-90-14_initParamVarying-multiplier_beta_randomInstance-13.yaml
{'groups': 'all', 'params_to_try': {'delta_schooling': [0.5], 'xi': [0, 371990.3, 929975.75, 1859951.5, 3719903, 5579854.5], 'icus': [2900], 'tests': [[60000, 0]], 'testing': ['homogeneous'], 'eta': [0.1]}}
{'groups': 'all', 'params_to_try': {'delta_schooling': [0.5], 'xi': [0, 371990.3, 929975.75, 1859951.5, 3719903, 5579854.5], 'icus': [2900], 'tests': [[60000, 0]], 'testing': ['homogeneous'], 'eta': [0.1]}}
{'groups': 'all', 'params_to_try': {'delta_schooling': [0.6852579929645369], 'icus': [2900], 'eta': [0.05180169834309472], 'tests': [[0, 0]], 'xi': [18599515.0], 'testing': ['homogeneous']}}
results/dynamic_gradient/xi-18599515_icus-2900_testing-homogeneous_natests-0_nmtests-0_T-90_startday-0_groups-all_dschool-0.685258_eta-0.051802_freq-90-14_initParamVarying-multiplier_beta_randomInstance-13.yaml
500
(0.5, 185995150.0, 0.29, 0.0, (7, 14), 'fitted-scaled', 'econ-scaled', 'oct21-scaled', 0.1, 0.05, 2, 'dynamic_gradient', 13, 'multiplier_beta')
The value of T is: 104
Missing starting point -- Running the initial heuristic.
/home/groups/daniancu/covid-optimization/covid-optimization
90
Total Reward at the start of the inner iterations: 39794168.723492265
Using license file /share/software/user/restricted/gurobi/9.0.3_py36/licenses/gurobi.lic
Set parameter TokenServer to value license4.stanford.edu
Gurobi status: 2

Statistics for model Linearization Heuristic :
  Linear constraint matrix    : 16026 Constrs, 9360 Vars, 5643461 NZs
  Matrix coefficient range    : [ 1.00269e-13, 1 ]
  Objective coefficient range : [ 2.95605e-22, 1.91224e+08 ]
  Variable bound range        : [ 0.0101051, 1 ]
  RHS coefficient range       : [ 1.26663e-07, 0.292119 ]
Objective value for Line heur k = 0: 7551384.160288318
90
Actual reward of current solution: 39189236.36131237
Minimum Difference with past solutions:0.050000000000000044.
Gurobi status: 2

Statistics for model Linearization Heuristic :
  Linear constraint matrix    : 16026 Constrs, 9360 Vars, 6321134 NZs
  Matrix coefficient range    : [ 1.00042e-13, 1 ]
  Objective coefficient range : [ 9.19177e-22, 1.91224e+08 ]
  Variable bound range        : [ 0.05, 1 ]
  RHS coefficient range       : [ 5.03969e-08, 0.292919 ]
Objective value for Line heur k = 0: 6842981.797077093
90
Actual reward of current solution: 39839839.51926258
Minimum Difference with past solutions:0.050000000000000044.
Gurobi status: 2

Statistics for model Linearization Heuristic :
  Linear constraint matrix    : 16026 Constrs, 9360 Vars, 5617789 NZs
  Matrix coefficient range    : [ 1.00275e-13, 1 ]
  Objective coefficient range : [ 9.63028e-23, 1.91224e+08 ]
  Variable bound range        : [ 0.05, 1 ]
  RHS coefficient range       : [ 1.32478e-07, 0.292262 ]
Objective value for Line heur k = 0: 7595980.337912328
90
Actual reward of current solution: 39212149.06555405
Minimum Difference with past solutions:0.050000000000000044.
Gurobi status: 2

Statistics for model Linearization Heuristic :
  Linear constraint matrix    : 16026 Constrs, 9360 Vars, 6321186 NZs
  Matrix coefficient range    : [ 1.00136e-13, 1 ]
  Objective coefficient range : [ 1.97995e-22, 1.91224e+08 ]
  Variable bound range        : [ 0.05, 1 ]
  RHS coefficient range       : [ 2.47826e-08, 0.293146 ]
Objective value for Line heur k = 0: 6831663.825715186
90
Actual reward of current solution: 39877448.04448395
Minimum Difference with past solutions:0.050000000000000044.
Gurobi status: 2

Statistics for model Linearization Heuristic :
  Linear constraint matrix    : 16026 Constrs, 9360 Vars, 5617834 NZs
  Matrix coefficient range    : [ 1.00029e-13, 1 ]
  Objective coefficient range : [ 2.20014e-21, 1.91224e+08 ]
  Variable bound range        : [ 0.05, 1 ]
  RHS coefficient range       : [ 1.38007e-07, 0.292393 ]
Objective value for Line heur k = 0: 7618253.043541826
90
Actual reward of current solution: 39238728.18231382
Minimum Difference with past solutions:0.050000000000000044.
Gurobi status: 2

Statistics for model Linearization Heuristic :
  Linear constraint matrix    : 16026 Constrs, 9360 Vars, 6321222 NZs
  Matrix coefficient range    : [ 1.00124e-13, 1 ]
  Objective coefficient range : [ 3.00546e-21, 1.91224e+08 ]
  Variable bound range        : [ 0.05, 1 ]
  RHS coefficient range       : [ 1.86466e-08, 0.293308 ]
Objective value for Line heur k = 0: 6827331.301732002
90
Actual reward of current solution: 39911904.3478655
Minimum Difference with past solutions:0.050000000000000044.
Gurobi status: 2

Statistics for model Linearization Heuristic :
  Linear constraint matrix    : 16026 Constrs, 9360 Vars, 5617864 NZs
  Matrix coefficient range    : [ 1.00172e-13, 1 ]
  Objective coefficient range : [ 5.79758e-23, 1.91224e+08 ]
  Variable bound range        : [ 0.05, 1 ]
  RHS coefficient range       : [ 1.4229e-07, 0.292485 ]
Objective value for Line heur k = 0: 7641475.047289061
90
Actual reward of current solution: 39265946.58187381
Minimum Difference with past solutions:0.050000000000000044.
Gurobi status: 2

Statistics for model Linearization Heuristic :
  Linear constraint matrix    : 16026 Constrs, 9360 Vars, 6321242 NZs
  Matrix coefficient range    : [ 1.00071e-13, 1 ]
  Objective coefficient range : [ 6.72745e-22, 1.91224e+08 ]
  Variable bound range        : [ 0.05, 1 ]
  RHS coefficient range       : [ 1.82099e-08, 0.293437 ]
Objective value for Line heur k = 0: 6833671.065288112
90
Actual reward of current solution: 39946157.042389594
Minimum Difference with past solutions:0.050000000000000044.
Gurobi status: 2

Statistics for model Linearization Heuristic :
  Linear constraint matrix    : 16026 Constrs, 9360 Vars, 5617898 NZs
  Matrix coefficient range    : [ 1.00021e-13, 1 ]
  Objective coefficient range : [ 2.0327e-22, 1.91224e+08 ]
  Variable bound range        : [ 0.05, 1 ]
  RHS coefficient range       : [ 1.46269e-07, 0.292571 ]
Objective value for Line heur k = 0: 7666843.25520114
90
Actual reward of current solution: 39294030.174413346
Minimum Difference with past solutions:0.050000000000000044.
Gurobi status: 2

Statistics for model Linearization Heuristic :
  Linear constraint matrix    : 16026 Constrs, 9360 Vars, 6321264 NZs
  Matrix coefficient range    : [ 1.00006e-13, 1 ]
  Objective coefficient range : [ 5.45065e-22, 1.91224e+08 ]
  Variable bound range        : [ 0.05, 1 ]
  RHS coefficient range       : [ 1.79417e-08, 0.293553 ]
Objective value for Line heur k = 0: 6843038.870217838
90
Actual reward of current solution: 39980756.56800339
Minimum Difference with past solutions:0.050000000000000044.
Gurobi status: 2

Statistics for model Linearization Heuristic :
  Linear constraint matrix    : 16026 Constrs, 9360 Vars, 5617920 NZs
  Matrix coefficient range    : [ 1.00014e-13, 1 ]
  Objective coefficient range : [ 5.04218e-22, 1.91224e+08 ]
  Variable bound range        : [ 0.05, 1 ]
  RHS coefficient range       : [ 4.4943e-08, 0.29264 ]
Objective value for Line heur k = 0: 7695819.604579111
90
Actual reward of current solution: 39322942.30856553
Minimum Difference with past solutions:0.050000000000000044.
Gurobi status: 2

Statistics for model Linearization Heuristic :
  Linear constraint matrix    : 16026 Constrs, 9360 Vars, 6321279 NZs
  Matrix coefficient range    : [ 1.0002e-13, 1 ]
  Objective coefficient range : [ 1.5269e-21, 1.91224e+08 ]
  Variable bound range        : [ 0.05, 1 ]
  RHS coefficient range       : [ 1.7729e-08, 0.293657 ]
Objective value for Line heur k = 0: 6854976.372089596
90
Actual reward of current solution: 40015370.46551692
Minimum Difference with past solutions:0.050000000000000044.
Gurobi status: 2

Statistics for model Linearization Heuristic :
  Linear constraint matrix    : 16026 Constrs, 9360 Vars, 5617938 NZs
  Matrix coefficient range    : [ 1.00028e-13, 1 ]
  Objective coefficient range : [ 1.51733e-21, 1.91224e+08 ]
  Variable bound range        : [ 0.05, 1 ]
  RHS coefficient range       : [ 8.1147e-08, 0.292702 ]
Objective value for Line heur k = 0: 7722555.317121192
90
Actual reward of current solution: 39353331.45467213
Minimum Difference with past solutions:0.050000000000000044.
Gurobi status: 2

Statistics for model Linearization Heuristic :
  Linear constraint matrix    : 16026 Constrs, 9360 Vars, 6321292 NZs
  Matrix coefficient range    : [ 1.00343e-13, 1 ]
  Objective coefficient range : [ 2.40116e-22, 1.91224e+08 ]
  Variable bound range        : [ 0.05, 1 ]
  RHS coefficient range       : [ 1.76384e-08, 0.293738 ]
Objective value for Line heur k = 0: 6869421.876707749
90
Actual reward of current solution: 40050002.54437898
Minimum Difference with past solutions:0.050000000000000044.
Gurobi status: 2

Statistics for model Linearization Heuristic :
  Linear constraint matrix    : 16026 Constrs, 9360 Vars, 5617945 NZs
  Matrix coefficient range    : [ 1.00008e-13, 1 ]
  Objective coefficient range : [ 2.48466e-22, 1.91224e+08 ]
  Variable bound range        : [ 0.05, 1 ]
  RHS coefficient range       : [ 7.50604e-08, 0.292743 ]
Objective value for Line heur k = 0: 7750529.403162948
90
Actual reward of current solution: 39385749.753720246
Minimum Difference with past solutions:0.050000000000000044.
Gurobi status: 2

Statistics for model Linearization Heuristic :
  Linear constraint matrix    : 16026 Constrs, 9360 Vars, 6321297 NZs
  Matrix coefficient range    : [ 1.00098e-13, 1 ]
  Objective coefficient range : [ 1.62087e-21, 1.91224e+08 ]
  Variable bound range        : [ 0.05, 1 ]
  RHS coefficient range       : [ 1.76384e-08, 0.293787 ]
Objective value for Line heur k = 0: 6892734.536739724
90
Actual reward of current solution: 40084637.54595538
Minimum Difference with past solutions:0.050000000000000044.
Gurobi status: 2

Statistics for model Linearization Heuristic :
  Linear constraint matrix    : 16026 Constrs, 9360 Vars, 5617953 NZs
  Matrix coefficient range    : [ 1.00051e-13, 1 ]
  Objective coefficient range : [ 8.73282e-22, 1.91224e+08 ]
  Variable bound range        : [ 0.05, 1 ]
  RHS coefficient range       : [ 7.50604e-08, 0.292774 ]
Objective value for Line heur k = 0: 7778863.549498198
90
Actual reward of current solution: 39419018.33448648
Minimum Difference with past solutions:0.05.
Gurobi status: 2

Statistics for model Linearization Heuristic :
  Linear constraint matrix    : 16026 Constrs, 9360 Vars, 6321302 NZs
  Matrix coefficient range    : [ 1.00281e-13, 1 ]
  Objective coefficient range : [ 4.7669e-22, 1.91224e+08 ]
  Variable bound range        : [ 0.05, 1 ]
  RHS coefficient range       : [ 1.76384e-08, 0.29382 ]
Objective value for Line heur k = 0: 6917407.612623724
90
Actual reward of current solution: 40119037.230394095
Minimum Difference with past solutions:0.05.
Gurobi status: 2

Statistics for model Linearization Heuristic :
  Linear constraint matrix    : 16026 Constrs, 9360 Vars, 5617956 NZs
  Matrix coefficient range    : [ 1.00043e-13, 1 ]
  Objective coefficient range : [ 1.59455e-23, 1.91224e+08 ]
  Variable bound range        : [ 0.05, 1 ]
  RHS coefficient range       : [ 7.50604e-08, 0.292782 ]
Objective value for Line heur k = 0: 7810594.232808089
90
Actual reward of current solution: 39453449.9503092
Minimum Difference with past solutions:0.05.
Gurobi status: 2

Statistics for model Linearization Heuristic :
  Linear constraint matrix    : 16026 Constrs, 9360 Vars, 6321302 NZs
  Matrix coefficient range    : [ 1.00281e-13, 1 ]
  Objective coefficient range : [ 5.88561e-22, 1.91224e+08 ]
  Variable bound range        : [ 0.05, 1 ]
  RHS coefficient range       : [ 1.76384e-08, 0.29382 ]
Objective value for Line heur k = 0: 6951835.525726848
90
Actual reward of current solution: 40153469.30059647
Minimum Difference with past solutions:0.05.
Gurobi status: 2

Statistics for model Linearization Heuristic :
  Linear constraint matrix    : 16026 Constrs, 9360 Vars, 5617956 NZs
  Matrix coefficient range    : [ 1.00043e-13, 1 ]
  Objective coefficient range : [ 1.48288e-23, 1.91224e+08 ]
  Variable bound range        : [ 0.05, 1 ]
  RHS coefficient range       : [ 7.50604e-08, 0.292782 ]
Objective value for Line heur k = 0: 7827807.126088629
90
Actual reward of current solution: 39470665.758220576
Minimum Difference with past solutions:0.049999999999999684.
Gurobi status: 2

Statistics for model Linearization Heuristic :
  Linear constraint matrix    : 16026 Constrs, 9360 Vars, 6321302 NZs
  Matrix coefficient range    : [ 1.00281e-13, 1 ]
  Objective coefficient range : [ 6.44497e-22, 1.91224e+08 ]
  Variable bound range        : [ 0.05, 1 ]
  RHS coefficient range       : [ 1.76384e-08, 0.29382 ]
Objective value for Line heur k = 0: 6951833.673952952
90
Actual reward of current solution: 40153469.30059647
Minimum Difference with past solutions:0.0.
New solution equals old solution at k=0
89
Total Reward at the start of the inner iterations: 40153469.30059647
Gurobi status: 2

Statistics for model Linearization Heuristic :
  Linear constraint matrix    : 15915 Constrs, 9270 Vars, 5523857 NZs
  Matrix coefficient range    : [ 1.00043e-13, 1 ]
  Objective coefficient range : [ 1.48288e-23, 1.91224e+08 ]
  Variable bound range        : [ 0.05, 1 ]
  RHS coefficient range       : [ 1.54381e-07, 1 ]
Objective value for Line heur k = 1: 7982597.745300067
89
Actual reward of current solution: 39987789.71970824
Minimum Difference with past solutions:0.05.
Gurobi status: 2

Statistics for model Linearization Heuristic :
  Linear constraint matrix    : 15915 Constrs, 9270 Vars, 5818784 NZs
  Matrix coefficient range    : [ 1.00071e-13, 1 ]
  Objective coefficient range : [ 1.4381e-21, 1.91224e+08 ]
  Variable bound range        : [ 0.05, 1 ]
  RHS coefficient range       : [ 1.49759e-07, 1 ]
Objective value for Line heur k = 1: 7586493.4463966265
89
Actual reward of current solution: 40153469.30059647
Minimum Difference with past solutions:0.0.
New solution equals old solution at k=1
88
Total Reward at the start of the inner iterations: 40153469.30059647
Gurobi status: 2

Statistics for model Linearization Heuristic :
  Linear constraint matrix    : 15750 Constrs, 9180 Vars, 5430635 NZs
  Matrix coefficient range    : [ 1.00043e-13, 1 ]
  Objective coefficient range : [ 1.48288e-23, 1.91224e+08 ]
  Variable bound range        : [ 0.05, 1 ]
  RHS coefficient range       : [ 1.02092e-07, 1 ]
Objective value for Line heur k = 2: 8174359.947234663
88
Actual reward of current solution: 39987789.71970824
Minimum Difference with past solutions:0.05.
Gurobi status: 2

Statistics for model Linearization Heuristic :
  Linear constraint matrix    : 15750 Constrs, 9180 Vars, 5725562 NZs
  Matrix coefficient range    : [ 1.00071e-13, 1 ]
  Objective coefficient range : [ 1.4381e-21, 1.91224e+08 ]
  Variable bound range        : [ 0.05, 1 ]
  RHS coefficient range       : [ 1.70071e-08, 1 ]
Objective value for Line heur k = 2: 7787305.371743553
88
Actual reward of current solution: 40153469.30059647
Minimum Difference with past solutions:0.0.
New solution equals old solution at k=2
87
Total Reward at the start of the inner iterations: 40153469.30059647
Gurobi status: 2

Statistics for model Linearization Heuristic :
  Linear constraint matrix    : 15585 Constrs, 9090 Vars, 5338344 NZs
  Matrix coefficient range    : [ 1.00043e-13, 1 ]
  Objective coefficient range : [ 1.48288e-23, 1.91224e+08 ]
  Variable bound range        : [ 0.05, 1 ]
  RHS coefficient range       : [ 1.51488e-07, 1 ]
Objective value for Line heur k = 3: 8357679.877838231
87
Actual reward of current solution: 39987789.71970824
Minimum Difference with past solutions:0.05.
Gurobi status: 2

Statistics for model Linearization Heuristic :
  Linear constraint matrix    : 15585 Constrs, 9090 Vars, 5633271 NZs
  Matrix coefficient range    : [ 1.00071e-13, 1 ]
  Objective coefficient range : [ 1.4381e-21, 1.91224e+08 ]
  Variable bound range        : [ 0.05, 1 ]
  RHS coefficient range       : [ 1.11999e-07, 1 ]
Objective value for Line heur k = 3: 7980309.258639381
87
Actual reward of current solution: 40153469.30059647
Minimum Difference with past solutions:0.0.
New solution equals old solution at k=3
86
Total Reward at the start of the inner iterations: 40153469.30059647
Gurobi status: 2

Statistics for model Linearization Heuristic :
  Linear constraint matrix    : 15420 Constrs, 9000 Vars, 5246984 NZs
  Matrix coefficient range    : [ 1.00043e-13, 1 ]
  Objective coefficient range : [ 1.48288e-23, 1.91224e+08 ]
  Variable bound range        : [ 0.05, 1 ]
  RHS coefficient range       : [ 1.49925e-07, 1 ]
Objective value for Line heur k = 4: 8526022.373281052
86
Actual reward of current solution: 39987789.71970824
Minimum Difference with past solutions:0.05.
Gurobi status: 2

Statistics for model Linearization Heuristic :
  Linear constraint matrix    : 15420 Constrs, 9000 Vars, 5541911 NZs
  Matrix coefficient range    : [ 1.00071e-13, 1 ]
  Objective coefficient range : [ 1.4381e-21, 1.91224e+08 ]
  Variable bound range        : [ 0.05, 1 ]
  RHS coefficient range       : [ 3.95704e-08, 1 ]
Objective value for Line heur k = 4: 8158754.967019863
86
Actual reward of current solution: 40153469.30059647
Minimum Difference with past solutions:0.0.
New solution equals old solution at k=4
85
Total Reward at the start of the inner iterations: 40153469.30059647
Gurobi status: 2

Statistics for model Linearization Heuristic :
  Linear constraint matrix    : 15255 Constrs, 8910 Vars, 5156555 NZs
  Matrix coefficient range    : [ 1.00043e-13, 1 ]
  Objective coefficient range : [ 1.48288e-23, 1.91224e+08 ]
  Variable bound range        : [ 0.05, 1 ]
  RHS coefficient range       : [ 1.48315e-07, 1 ]
Objective value for Line heur k = 5: 8676491.962054338
85
Actual reward of current solution: 39987789.71970824
Minimum Difference with past solutions:0.05.
Gurobi status: 2

Statistics for model Linearization Heuristic :
  Linear constraint matrix    : 15255 Constrs, 8910 Vars, 5451482 NZs
  Matrix coefficient range    : [ 1.00071e-13, 1 ]
  Objective coefficient range : [ 1.4381e-21, 1.91224e+08 ]
  Variable bound range        : [ 0.05, 1 ]
  RHS coefficient range       : [ 1.66259e-07, 1 ]
Objective value for Line heur k = 5: 8319599.524406211
85
Actual reward of current solution: 40153469.30059647
Minimum Difference with past solutions:0.0.
New solution equals old solution at k=5
84
Total Reward at the start of the inner iterations: 40153469.30059647
Gurobi status: 2

Statistics for model Linearization Heuristic :
  Linear constraint matrix    : 15090 Constrs, 8820 Vars, 5067057 NZs
  Matrix coefficient range    : [ 1.00043e-13, 1 ]
  Objective coefficient range : [ 1.48288e-23, 1.91224e+08 ]
  Variable bound range        : [ 0.05, 1 ]
  RHS coefficient range       : [ 9.14644e-08, 1 ]
Objective value for Line heur k = 6: 8808296.99566998
84
Actual reward of current solution: 39987789.71970824
Minimum Difference with past solutions:0.05.
Gurobi status: 2

Statistics for model Linearization Heuristic :
  Linear constraint matrix    : 15090 Constrs, 8820 Vars, 5361984 NZs
  Matrix coefficient range    : [ 1.00071e-13, 1 ]
  Objective coefficient range : [ 1.4381e-21, 1.91224e+08 ]
  Variable bound range        : [ 0.05, 1 ]
  RHS coefficient range       : [ 1.65183e-07, 1 ]
Objective value for Line heur k = 6: 8461946.012997858
84
Actual reward of current solution: 40153469.30059647
Minimum Difference with past solutions:0.0.
New solution equals old solution at k=6
83
Total Reward at the start of the inner iterations: 40153469.30059647
Gurobi status: 2

Statistics for model Linearization Heuristic :
  Linear constraint matrix    : 14925 Constrs, 8730 Vars, 4978490 NZs
  Matrix coefficient range    : [ 1.00043e-13, 1 ]
  Objective coefficient range : [ 1.48288e-23, 1.91224e+08 ]
  Variable bound range        : [ 0.05, 1 ]
  RHS coefficient range       : [ 2.11223e-08, 1 ]
Objective value for Line heur k = 7: 8921820.831918558
83
Actual reward of current solution: 39987789.71970824
Minimum Difference with past solutions:0.05.
Gurobi status: 2

Statistics for model Linearization Heuristic :
  Linear constraint matrix    : 14925 Constrs, 8730 Vars, 5273417 NZs
  Matrix coefficient range    : [ 1.00071e-13, 1 ]
  Objective coefficient range : [ 1.4381e-21, 1.91224e+08 ]
  Variable bound range        : [ 0.05, 1 ]
  RHS coefficient range       : [ 1.63327e-07, 1 ]
Objective value for Line heur k = 7: 8586097.24044673
83
Actual reward of current solution: 40153469.30059647
Minimum Difference with past solutions:0.0.
New solution equals old solution at k=7
82
Total Reward at the start of the inner iterations: 40153469.30059647
Gurobi status: 2

Statistics for model Linearization Heuristic :
  Linear constraint matrix    : 14760 Constrs, 8640 Vars, 4890854 NZs
  Matrix coefficient range    : [ 1.00043e-13, 1 ]
  Objective coefficient range : [ 1.48288e-23, 1.91224e+08 ]
  Variable bound range        : [ 0.05, 1 ]
  RHS coefficient range       : [ 1.07794e-07, 1 ]
Objective value for Line heur k = 8: 9018063.190468416
82
Actual reward of current solution: 39987789.71970824
Minimum Difference with past solutions:0.05.
Gurobi status: 2

Statistics for model Linearization Heuristic :
  Linear constraint matrix    : 14760 Constrs, 8640 Vars, 5185781 NZs
  Matrix coefficient range    : [ 1.00071e-13, 1 ]
  Objective coefficient range : [ 1.4381e-21, 1.91224e+08 ]
  Variable bound range        : [ 0.05, 1 ]
  RHS coefficient range       : [ 1.61454e-07, 1 ]
Objective value for Line heur k = 8: 8692984.05723091
82
Actual reward of current solution: 40153469.30059647
Minimum Difference with past solutions:0.0.
New solution equals old solution at k=8
81
Total Reward at the start of the inner iterations: 40153469.30059647
Gurobi status: 2

Statistics for model Linearization Heuristic :
  Linear constraint matrix    : 14595 Constrs, 8550 Vars, 4804149 NZs
  Matrix coefficient range    : [ 1.00043e-13, 1 ]
  Objective coefficient range : [ 1.48288e-23, 1.91224e+08 ]
  Variable bound range        : [ 0.05, 1 ]
  RHS coefficient range       : [ 1.41625e-07, 1 ]
Objective value for Line heur k = 9: 9098306.758218233
81
Actual reward of current solution: 39987789.71970824
Minimum Difference with past solutions:0.05.
Gurobi status: 2

Statistics for model Linearization Heuristic :
  Linear constraint matrix    : 14595 Constrs, 8550 Vars, 5099076 NZs
  Matrix coefficient range    : [ 1.00071e-13, 1 ]
  Objective coefficient range : [ 1.4381e-21, 1.91224e+08 ]
  Variable bound range        : [ 0.05, 1 ]
  RHS coefficient range       : [ 5.68704e-08, 1 ]
Objective value for Line heur k = 9: 8783820.997735986
81
Actual reward of current solution: 40153469.30059647
Minimum Difference with past solutions:0.0.
New solution equals old solution at k=9
80
Total Reward at the start of the inner iterations: 40153469.30059647
Gurobi status: 2

Statistics for model Linearization Heuristic :
  Linear constraint matrix    : 14430 Constrs, 8460 Vars, 4718375 NZs
  Matrix coefficient range    : [ 1.00043e-13, 1 ]
  Objective coefficient range : [ 1.48288e-23, 1.91224e+08 ]
  Variable bound range        : [ 0.05, 1 ]
  RHS coefficient range       : [ 7.701e-08, 1 ]
Objective value for Line heur k = 10: 9163920.07666581
80
Actual reward of current solution: 39987789.71970824
Minimum Difference with past solutions:0.05.
Gurobi status: 2

Statistics for model Linearization Heuristic :
  Linear constraint matrix    : 14430 Constrs, 8460 Vars, 5013302 NZs
  Matrix coefficient range    : [ 1.00071e-13, 1 ]
  Objective coefficient range : [ 1.4381e-21, 1.91224e+08 ]
  Variable bound range        : [ 0.05, 1 ]
  RHS coefficient range       : [ 3.06821e-08, 1 ]
Objective value for Line heur k = 10: 8859898.271313623
80
Actual reward of current solution: 40153469.30059647
Minimum Difference with past solutions:0.0.
New solution equals old solution at k=10
79
Total Reward at the start of the inner iterations: 40153469.30059647
Gurobi status: 2

Statistics for model Linearization Heuristic :
  Linear constraint matrix    : 14265 Constrs, 8370 Vars, 4633532 NZs
  Matrix coefficient range    : [ 1.00043e-13, 1 ]
  Objective coefficient range : [ 1.48288e-23, 1.91224e+08 ]
  Variable bound range        : [ 0.05, 1 ]
  RHS coefficient range       : [ 1.20218e-07, 1 ]
Objective value for Line heur k = 11: 9216241.753934264
79
Actual reward of current solution: 39987789.71970824
Minimum Difference with past solutions:0.05.
Gurobi status: 2

Statistics for model Linearization Heuristic :
  Linear constraint matrix    : 14265 Constrs, 8370 Vars, 4928459 NZs
  Matrix coefficient range    : [ 1.00071e-13, 1 ]
  Objective coefficient range : [ 1.4381e-21, 1.91224e+08 ]
  Variable bound range        : [ 0.05, 1 ]
  RHS coefficient range       : [ 1.08907e-07, 1 ]
Objective value for Line heur k = 11: 8922453.14712392
79
Actual reward of current solution: 40153469.30059647
Minimum Difference with past solutions:0.0.
New solution equals old solution at k=11
78
Total Reward at the start of the inner iterations: 40153469.30059647
Gurobi status: 2

Statistics for model Linearization Heuristic :
  Linear constraint matrix    : 14100 Constrs, 8280 Vars, 4549620 NZs
  Matrix coefficient range    : [ 1.00043e-13, 1 ]
  Objective coefficient range : [ 1.48288e-23, 1.91224e+08 ]
  Variable bound range        : [ 0.05, 1 ]
  RHS coefficient range       : [ 4.60136e-08, 1 ]
Objective value for Line heur k = 12: 9256511.595180241
78
Actual reward of current solution: 39987789.71970824
Minimum Difference with past solutions:0.05.
Gurobi status: 2

Statistics for model Linearization Heuristic :
  Linear constraint matrix    : 14100 Constrs, 8280 Vars, 4844547 NZs
  Matrix coefficient range    : [ 1.00071e-13, 1 ]
  Objective coefficient range : [ 1.4381e-21, 1.91224e+08 ]
  Variable bound range        : [ 0.05, 1 ]
  RHS coefficient range       : [ 6.56077e-08, 1 ]
Objective value for Line heur k = 12: 8972583.947203796
78
Actual reward of current solution: 40153469.30059647
Minimum Difference with past solutions:0.0.
New solution equals old solution at k=12
77
Total Reward at the start of the inner iterations: 40153469.30059647
Gurobi status: 2

Statistics for model Linearization Heuristic :
  Linear constraint matrix    : 13935 Constrs, 8190 Vars, 4466639 NZs
  Matrix coefficient range    : [ 1.00043e-13, 1 ]
  Objective coefficient range : [ 1.48288e-23, 1.91224e+08 ]
  Variable bound range        : [ 0.05, 1 ]
  RHS coefficient range       : [ 1.02151e-07, 1 ]
Objective value for Line heur k = 13: 9285826.435301805
77
Actual reward of current solution: 39987789.71970824
Minimum Difference with past solutions:0.05.
Gurobi status: 2

Statistics for model Linearization Heuristic :
  Linear constraint matrix    : 13935 Constrs, 8190 Vars, 4761566 NZs
  Matrix coefficient range    : [ 1.00071e-13, 1 ]
  Objective coefficient range : [ 1.4381e-21, 1.91224e+08 ]
  Variable bound range        : [ 0.05, 1 ]
  RHS coefficient range       : [ 1.07881e-08, 1 ]
Objective value for Line heur k = 13: 9011181.20727058
77
Actual reward of current solution: 40153469.30059647
Minimum Difference with past solutions:0.0.
New solution equals old solution at k=13
76
Total Reward at the start of the inner iterations: 40153469.30059647
Gurobi status: 2

Statistics for model Linearization Heuristic :
  Linear constraint matrix    : 13770 Constrs, 8100 Vars, 4384643 NZs
  Matrix coefficient range    : [ 1.00043e-13, 1 ]
  Objective coefficient range : [ 1.48288e-23, 1.91224e+08 ]
  Variable bound range        : [ 0.05, 1 ]
  RHS coefficient range       : [ 1.33074e-07, 0.291788 ]
Objective value for Line heur k = 14: 9305105.306636142
76
Actual reward of current solution: 39987789.71970824
Minimum Difference with past solutions:0.05.
Gurobi status: 2

Statistics for model Linearization Heuristic :
  Linear constraint matrix    : 13770 Constrs, 8100 Vars, 4679570 NZs
  Matrix coefficient range    : [ 1.00071e-13, 1 ]
  Objective coefficient range : [ 1.4381e-21, 1.91224e+08 ]
  Variable bound range        : [ 0.05, 1 ]
  RHS coefficient range       : [ 8.97719e-09, 0.292124 ]
Objective value for Line heur k = 14: 9038855.934033802
76
Actual reward of current solution: 40153469.30059647
Minimum Difference with past solutions:0.0.
New solution equals old solution at k=14
75
Total Reward at the start of the inner iterations: 40153469.30059647
Gurobi status: 2

Statistics for model Linearization Heuristic :
  Linear constraint matrix    : 13659 Constrs, 8010 Vars, 4295186 NZs
  Matrix coefficient range    : [ 1.00043e-13, 1 ]
  Objective coefficient range : [ 1.48288e-23, 1.91224e+08 ]
  Variable bound range        : [ 0.05, 1 ]
  RHS coefficient range       : [ 6.03096e-08, 1 ]
Objective value for Line heur k = 15: 9287870.631795224
75
Actual reward of current solution: 40115693.98984199
Minimum Difference with past solutions:0.05.
Gurobi status: 2

Statistics for model Linearization Heuristic :
  Linear constraint matrix    : 13659 Constrs, 8010 Vars, 4350115 NZs
  Matrix coefficient range    : [ 1.0018e-13, 1 ]
  Objective coefficient range : [ 2.84574e-21, 1.91224e+08 ]
  Variable bound range        : [ 0.05, 1 ]
  RHS coefficient range       : [ 5.87844e-08, 1 ]
Objective value for Line heur k = 15: 9197523.513919722
75
Actual reward of current solution: 40153469.30059647
Minimum Difference with past solutions:0.0.
New solution equals old solution at k=15
74
Total Reward at the start of the inner iterations: 40153469.30059647
Gurobi status: 2

Statistics for model Linearization Heuristic :
  Linear constraint matrix    : 13494 Constrs, 7920 Vars, 4206701 NZs
  Matrix coefficient range    : [ 1.00043e-13, 1 ]
  Objective coefficient range : [ 1.48288e-23, 1.91224e+08 ]
  Variable bound range        : [ 0.05, 1 ]
  RHS coefficient range       : [ 1.91744e-08, 1 ]
Objective value for Line heur k = 16: 9284156.433048464
74
Actual reward of current solution: 40115693.98984199
Minimum Difference with past solutions:0.05.
Gurobi status: 2

Statistics for model Linearization Heuristic :
  Linear constraint matrix    : 13494 Constrs, 7920 Vars, 4261630 NZs
  Matrix coefficient range    : [ 1.0018e-13, 1 ]
  Objective coefficient range : [ 2.84574e-21, 1.91224e+08 ]
  Variable bound range        : [ 0.05, 1 ]
  RHS coefficient range       : [ 1.37362e-08, 1 ]
Objective value for Line heur k = 16: 9196587.241930233
74
Actual reward of current solution: 40153469.30059647
Minimum Difference with past solutions:0.0.
New solution equals old solution at k=16
73
Total Reward at the start of the inner iterations: 40153469.30059647
Gurobi status: 2

Statistics for model Linearization Heuristic :
  Linear constraint matrix    : 13329 Constrs, 7830 Vars, 4119242 NZs
  Matrix coefficient range    : [ 1.00043e-13, 1 ]
  Objective coefficient range : [ 1.48288e-23, 1.91224e+08 ]
  Variable bound range        : [ 0.05, 1 ]
  RHS coefficient range       : [ 5.75382e-08, 1 ]
Objective value for Line heur k = 17: 9272711.743619695
73
Actual reward of current solution: 40115693.98984199
Minimum Difference with past solutions:0.05.
Gurobi status: 2

Statistics for model Linearization Heuristic :
  Linear constraint matrix    : 13329 Constrs, 7830 Vars, 4174171 NZs
  Matrix coefficient range    : [ 1.0018e-13, 1 ]
  Objective coefficient range : [ 2.84574e-21, 1.91224e+08 ]
  Variable bound range        : [ 0.05, 1 ]
  RHS coefficient range       : [ 3.60626e-08, 1 ]
Objective value for Line heur k = 17: 9187904.45847469
73
Actual reward of current solution: 40153469.30059647
Minimum Difference with past solutions:0.0.
New solution equals old solution at k=17
72
Total Reward at the start of the inner iterations: 40153469.30059647
Gurobi status: 2

Statistics for model Linearization Heuristic :
  Linear constraint matrix    : 13164 Constrs, 7740 Vars, 4032809 NZs
  Matrix coefficient range    : [ 1.00043e-13, 1 ]
  Objective coefficient range : [ 1.48288e-23, 1.91224e+08 ]
  Variable bound range        : [ 0.05, 1 ]
  RHS coefficient range       : [ 1.25765e-07, 1 ]
Objective value for Line heur k = 18: 9254505.360210158
72
Actual reward of current solution: 40115693.98984199
Minimum Difference with past solutions:0.05.
Gurobi status: 2

Statistics for model Linearization Heuristic :
  Linear constraint matrix    : 13164 Constrs, 7740 Vars, 4087738 NZs
  Matrix coefficient range    : [ 1.0018e-13, 1 ]
  Objective coefficient range : [ 2.84574e-21, 1.91224e+08 ]
  Variable bound range        : [ 0.05, 1 ]
  RHS coefficient range       : [ 1.30856e-07, 1 ]
Objective value for Line heur k = 18: 9172447.486118581
72
Actual reward of current solution: 40153469.30059647
Minimum Difference with past solutions:0.0.
New solution equals old solution at k=18
71
Total Reward at the start of the inner iterations: 40153469.30059647
Gurobi status: 2

Statistics for model Linearization Heuristic :
  Linear constraint matrix    : 12999 Constrs, 7650 Vars, 3947402 NZs
  Matrix coefficient range    : [ 1.00043e-13, 1 ]
  Objective coefficient range : [ 1.48288e-23, 1.91224e+08 ]
  Variable bound range        : [ 0.05, 1 ]
  RHS coefficient range       : [ 2.99085e-08, 1 ]
Objective value for Line heur k = 19: 9230321.119081562
71
Actual reward of current solution: 40115693.98984199
Minimum Difference with past solutions:0.05.
Gurobi status: 2

Statistics for model Linearization Heuristic :
  Linear constraint matrix    : 12999 Constrs, 7650 Vars, 4002331 NZs
  Matrix coefficient range    : [ 1.0018e-13, 1 ]
  Objective coefficient range : [ 2.84574e-21, 1.91224e+08 ]
  Variable bound range        : [ 0.05, 1 ]
  RHS coefficient range       : [ 3.41699e-08, 1 ]
Objective value for Line heur k = 19: 9151001.27785964
71
Actual reward of current solution: 40153469.30059647
Minimum Difference with past solutions:0.0.
New solution equals old solution at k=19
70
Total Reward at the start of the inner iterations: 40153469.30059647
Gurobi status: 2

Statistics for model Linearization Heuristic :
  Linear constraint matrix    : 12834 Constrs, 7560 Vars, 3863021 NZs
  Matrix coefficient range    : [ 1.00043e-13, 1 ]
  Objective coefficient range : [ 1.48288e-23, 1.91224e+08 ]
  Variable bound range        : [ 0.05, 1 ]
  RHS coefficient range       : [ 2.12907e-08, 1 ]
Objective value for Line heur k = 20: 9200808.152670896
70
Actual reward of current solution: 40115693.98984199
Minimum Difference with past solutions:0.05.
Gurobi status: 2

Statistics for model Linearization Heuristic :
  Linear constraint matrix    : 12834 Constrs, 7560 Vars, 3917950 NZs
  Matrix coefficient range    : [ 1.0018e-13, 1 ]
  Objective coefficient range : [ 2.84574e-21, 1.91224e+08 ]
  Variable bound range        : [ 0.05, 1 ]
  RHS coefficient range       : [ 6.05681e-08, 1 ]
Objective value for Line heur k = 20: 9124213.90689322
70
Actual reward of current solution: 40153469.30059647
Minimum Difference with past solutions:0.0.
New solution equals old solution at k=20
69
Total Reward at the start of the inner iterations: 40153469.30059647
Gurobi status: 2

Statistics for model Linearization Heuristic :
  Linear constraint matrix    : 12669 Constrs, 7470 Vars, 3779666 NZs
  Matrix coefficient range    : [ 1.00043e-13, 1 ]
  Objective coefficient range : [ 1.48288e-23, 1.91224e+08 ]
  Variable bound range        : [ 0.05, 1 ]
  RHS coefficient range       : [ 8.73378e-08, 1 ]
Objective value for Line heur k = 21: 9166512.408009611
69
Actual reward of current solution: 40115693.98984199
Minimum Difference with past solutions:0.05.
Gurobi status: 2

Statistics for model Linearization Heuristic :
  Linear constraint matrix    : 12669 Constrs, 7470 Vars, 3834595 NZs
  Matrix coefficient range    : [ 1.0018e-13, 1 ]
  Objective coefficient range : [ 2.84574e-21, 1.91224e+08 ]
  Variable bound range        : [ 0.05, 1 ]
  RHS coefficient range       : [ 7.11879e-08, 1 ]
Objective value for Line heur k = 21: 9092627.888157565
69
Actual reward of current solution: 40153469.30059647
Minimum Difference with past solutions:0.0.
New solution equals old solution at k=21
68
Total Reward at the start of the inner iterations: 40153469.30059647
Gurobi status: 2

Statistics for model Linearization Heuristic :
  Linear constraint matrix    : 12504 Constrs, 7380 Vars, 3697337 NZs
  Matrix coefficient range    : [ 1.00043e-13, 1 ]
  Objective coefficient range : [ 1.48288e-23, 1.91224e+08 ]
  Variable bound range        : [ 0.05, 1 ]
  RHS coefficient range       : [ 5.10173e-08, 1 ]
Objective value for Line heur k = 22: 9127895.92207675
68
Actual reward of current solution: 40115693.98984199
Minimum Difference with past solutions:0.05.
Gurobi status: 2

Statistics for model Linearization Heuristic :
  Linear constraint matrix    : 12504 Constrs, 7380 Vars, 3752266 NZs
  Matrix coefficient range    : [ 1.0018e-13, 1 ]
  Objective coefficient range : [ 2.84574e-21, 1.91224e+08 ]
  Variable bound range        : [ 0.05, 1 ]
  RHS coefficient range       : [ 7.26926e-09, 1 ]
Objective value for Line heur k = 22: 9056698.785588013
68
Actual reward of current solution: 40153469.30059647
Minimum Difference with past solutions:0.0.
New solution equals old solution at k=22
67
Total Reward at the start of the inner iterations: 40153469.30059647
Gurobi status: 2

Statistics for model Linearization Heuristic :
  Linear constraint matrix    : 12339 Constrs, 7290 Vars, 3616034 NZs
  Matrix coefficient range    : [ 1.00043e-13, 1 ]
  Objective coefficient range : [ 1.48288e-23, 1.91224e+08 ]
  Variable bound range        : [ 0.05, 1 ]
  RHS coefficient range       : [ 1.69568e-08, 1 ]
Objective value for Line heur k = 23: 9085347.420669729
67
Actual reward of current solution: 40115693.98984199
Minimum Difference with past solutions:0.05.
Gurobi status: 2

Statistics for model Linearization Heuristic :
  Linear constraint matrix    : 12339 Constrs, 7290 Vars, 3670963 NZs
  Matrix coefficient range    : [ 1.0018e-13, 1 ]
  Objective coefficient range : [ 2.84574e-21, 1.91224e+08 ]
  Variable bound range        : [ 0.05, 1 ]
  RHS coefficient range       : [ 3.97403e-09, 1 ]
Objective value for Line heur k = 23: 9016804.532576798
67
Actual reward of current solution: 40153469.30059647
Minimum Difference with past solutions:0.0.
New solution equals old solution at k=23
66
Total Reward at the start of the inner iterations: 40153469.30059647
Gurobi status: 2

Statistics for model Linearization Heuristic :
  Linear constraint matrix    : 12174 Constrs, 7200 Vars, 3535757 NZs
  Matrix coefficient range    : [ 1.00043e-13, 1 ]
  Objective coefficient range : [ 1.48288e-23, 1.91224e+08 ]
  Variable bound range        : [ 0.05, 1 ]
  RHS coefficient range       : [ 1.49734e-08, 1 ]
Objective value for Line heur k = 24: 9039185.821253186
66
Actual reward of current solution: 40115693.98984199
Minimum Difference with past solutions:0.05.
Gurobi status: 2

Statistics for model Linearization Heuristic :
  Linear constraint matrix    : 12174 Constrs, 7200 Vars, 3590686 NZs
  Matrix coefficient range    : [ 1.0018e-13, 1 ]
  Objective coefficient range : [ 2.84574e-21, 1.91224e+08 ]
  Variable bound range        : [ 0.05, 1 ]
  RHS coefficient range       : [ 2.72518e-08, 1 ]
Objective value for Line heur k = 24: 8973246.779493695
66
Actual reward of current solution: 40153469.30059647
Minimum Difference with past solutions:0.0.
New solution equals old solution at k=24
65
Total Reward at the start of the inner iterations: 40153469.30059647
Gurobi status: 2

Statistics for model Linearization Heuristic :
  Linear constraint matrix    : 12009 Constrs, 7110 Vars, 3456506 NZs
  Matrix coefficient range    : [ 1.00043e-13, 1 ]
  Objective coefficient range : [ 1.48288e-23, 1.91224e+08 ]
  Variable bound range        : [ 0.05, 1 ]
  RHS coefficient range       : [ 1.0656e-08, 1 ]
Objective value for Line heur k = 25: 8989656.670200229
65
Actual reward of current solution: 40115693.98984199
Minimum Difference with past solutions:0.05.
Gurobi status: 2

Statistics for model Linearization Heuristic :
  Linear constraint matrix    : 12009 Constrs, 7110 Vars, 3511435 NZs
  Matrix coefficient range    : [ 1.0018e-13, 1 ]
  Objective coefficient range : [ 2.84574e-21, 1.91224e+08 ]
  Variable bound range        : [ 0.05, 1 ]
  RHS coefficient range       : [ 3.35579e-08, 1 ]
Objective value for Line heur k = 25: 8926243.847704193
65
Actual reward of current solution: 40153469.30059647
Minimum Difference with past solutions:0.0.
New solution equals old solution at k=25
64
Total Reward at the start of the inner iterations: 40153469.30059647
Gurobi status: 2

Statistics for model Linearization Heuristic :
  Linear constraint matrix    : 11844 Constrs, 7020 Vars, 3378281 NZs
  Matrix coefficient range    : [ 1.00043e-13, 1 ]
  Objective coefficient range : [ 1.48288e-23, 1.91224e+08 ]
  Variable bound range        : [ 0.05, 1 ]
  RHS coefficient range       : [ 4.21212e-08, 1 ]
Objective value for Line heur k = 26: 8936920.052220752
64
Actual reward of current solution: 40115693.98984199
Minimum Difference with past solutions:0.05.
Gurobi status: 2

Statistics for model Linearization Heuristic :
  Linear constraint matrix    : 11844 Constrs, 7020 Vars, 3433210 NZs
  Matrix coefficient range    : [ 1.0018e-13, 1 ]
  Objective coefficient range : [ 2.84574e-21, 1.91224e+08 ]
  Variable bound range        : [ 0.05, 1 ]
  RHS coefficient range       : [ 5.3655e-08, 1 ]
Objective value for Line heur k = 26: 8875913.096188515
64
Actual reward of current solution: 40153469.30059647
Minimum Difference with past solutions:0.0.
New solution equals old solution at k=26
63
Total Reward at the start of the inner iterations: 40153469.30059647
Gurobi status: 2

Statistics for model Linearization Heuristic :
  Linear constraint matrix    : 11679 Constrs, 6930 Vars, 3301082 NZs
  Matrix coefficient range    : [ 1.00043e-13, 1 ]
  Objective coefficient range : [ 1.48288e-23, 1.91224e+08 ]
  Variable bound range        : [ 0.05, 1 ]
  RHS coefficient range       : [ 1.54213e-08, 1 ]
Objective value for Line heur k = 27: 8881026.727448147
63
Actual reward of current solution: 40115693.98984199
Minimum Difference with past solutions:0.05.
Gurobi status: 2

Statistics for model Linearization Heuristic :
  Linear constraint matrix    : 11679 Constrs, 6930 Vars, 3356011 NZs
  Matrix coefficient range    : [ 1.0018e-13, 1 ]
  Objective coefficient range : [ 2.84574e-21, 1.91224e+08 ]
  Variable bound range        : [ 0.05, 1 ]
  RHS coefficient range       : [ 2.4099e-09, 1 ]
Objective value for Line heur k = 27: 8822238.287200885
63
Actual reward of current solution: 40153469.30059647
Minimum Difference with past solutions:0.0.
New solution equals old solution at k=27
62
Total Reward at the start of the inner iterations: 40153469.30059647
Gurobi status: 2

Statistics for model Linearization Heuristic :
  Linear constraint matrix    : 11514 Constrs, 6840 Vars, 3224963 NZs
  Matrix coefficient range    : [ 1.00043e-13, 1 ]
  Objective coefficient range : [ 1.48288e-23, 1.91224e+08 ]
  Variable bound range        : [ 0.05, 1 ]
  RHS coefficient range       : [ 5.43507e-08, 0.291085 ]
Objective value for Line heur k = 28: 8821876.78061379
62
Actual reward of current solution: 40115693.98984199
Minimum Difference with past solutions:0.05.
Gurobi status: 2

Statistics for model Linearization Heuristic :
  Linear constraint matrix    : 11514 Constrs, 6840 Vars, 3279892 NZs
  Matrix coefficient range    : [ 1.0018e-13, 1 ]
  Objective coefficient range : [ 2.84574e-21, 1.91224e+08 ]
  Variable bound range        : [ 0.05, 1 ]
  RHS coefficient range       : [ 2.95694e-08, 0.291149 ]
Objective value for Line heur k = 28: 8765014.378265511
62
Actual reward of current solution: 40153469.30059647
Minimum Difference with past solutions:0.0.
New solution equals old solution at k=28
61
Total Reward at the start of the inner iterations: 40153469.30059647
Gurobi status: 2

Statistics for model Linearization Heuristic :
  Linear constraint matrix    : 11403 Constrs, 6750 Vars, 3138590 NZs
  Matrix coefficient range    : [ 1.00043e-13, 1 ]
  Objective coefficient range : [ 1.48288e-23, 1.91224e+08 ]
  Variable bound range        : [ 0.05, 1 ]
  RHS coefficient range       : [ 2.30153e-08, 1 ]
Objective value for Line heur k = 29: 8742395.511790624
61
Actual reward of current solution: 40153469.30059647
Minimum Difference with past solutions:0.0.
New solution equals old solution at k=29
60
Total Reward at the start of the inner iterations: 40153469.30059647
Gurobi status: 2

Statistics for model Linearization Heuristic :
  Linear constraint matrix    : 11238 Constrs, 6660 Vars, 3053341 NZs
  Matrix coefficient range    : [ 1.00043e-13, 1 ]
  Objective coefficient range : [ 1.48288e-23, 1.91224e+08 ]
  Variable bound range        : [ 0.05, 1 ]
  RHS coefficient range       : [ 6.63633e-09, 1 ]
Objective value for Line heur k = 30: 8665329.406206137
60
Actual reward of current solution: 40153469.30059647
Minimum Difference with past solutions:0.0.
New solution equals old solution at k=30
59
Total Reward at the start of the inner iterations: 40153469.30059647
Gurobi status: 2

Statistics for model Linearization Heuristic :
  Linear constraint matrix    : 11073 Constrs, 6570 Vars, 2969270 NZs
  Matrix coefficient range    : [ 1.00043e-13, 1 ]
  Objective coefficient range : [ 1.48288e-23, 1.91224e+08 ]
  Variable bound range        : [ 0.05, 1 ]
  RHS coefficient range       : [ 1.26409e-09, 1 ]
Objective value for Line heur k = 31: 8585307.250162253
59
Actual reward of current solution: 40153469.30059647
Minimum Difference with past solutions:0.0.
New solution equals old solution at k=31
58
Total Reward at the start of the inner iterations: 40153469.30059647
Gurobi status: 2

Statistics for model Linearization Heuristic :
  Linear constraint matrix    : 10908 Constrs, 6480 Vars, 2886377 NZs
  Matrix coefficient range    : [ 1.00043e-13, 1 ]
  Objective coefficient range : [ 1.48288e-23, 1.91224e+08 ]
  Variable bound range        : [ 0.05, 1 ]
  RHS coefficient range       : [ 4.10129e-09, 1 ]
Objective value for Line heur k = 32: 8502811.792491736
58
Actual reward of current solution: 40153469.30059647
Minimum Difference with past solutions:0.0.
New solution equals old solution at k=32
57
Total Reward at the start of the inner iterations: 40153469.30059647
Gurobi status: 2

Statistics for model Linearization Heuristic :
  Linear constraint matrix    : 10743 Constrs, 6390 Vars, 2804662 NZs
  Matrix coefficient range    : [ 1.00043e-13, 1 ]
  Objective coefficient range : [ 1.48288e-23, 1.91224e+08 ]
  Variable bound range        : [ 0.05, 1 ]
  RHS coefficient range       : [ 3.7736e-09, 1 ]
Objective value for Line heur k = 33: 8418164.607778607
57
Actual reward of current solution: 40153469.30059647
Minimum Difference with past solutions:0.0.
New solution equals old solution at k=33
56
Total Reward at the start of the inner iterations: 40153469.30059647
Gurobi status: 2

Statistics for model Linearization Heuristic :
  Linear constraint matrix    : 10578 Constrs, 6300 Vars, 2724125 NZs
  Matrix coefficient range    : [ 1.00043e-13, 1 ]
  Objective coefficient range : [ 1.48288e-23, 1.91224e+08 ]
  Variable bound range        : [ 0.05, 1 ]
  RHS coefficient range       : [ 1.40552e-09, 1 ]
Objective value for Line heur k = 34: 8331592.13547645
56
Actual reward of current solution: 40153469.30059647
Minimum Difference with past solutions:0.0.
New solution equals old solution at k=34
55
Total Reward at the start of the inner iterations: 40153469.30059647
Gurobi status: 2

Statistics for model Linearization Heuristic :
  Linear constraint matrix    : 10413 Constrs, 6210 Vars, 2644766 NZs
  Matrix coefficient range    : [ 1.00043e-13, 1 ]
  Objective coefficient range : [ 1.48288e-23, 1.91224e+08 ]
  Variable bound range        : [ 0.05, 1 ]
  RHS coefficient range       : [ 2.29334e-09, 1 ]
Objective value for Line heur k = 35: 8243262.721387379
55
Actual reward of current solution: 40153469.30059647
Minimum Difference with past solutions:0.0.
New solution equals old solution at k=35
54
Total Reward at the start of the inner iterations: 40153469.30059647
Gurobi status: 2

Statistics for model Linearization Heuristic :
  Linear constraint matrix    : 10248 Constrs, 6120 Vars, 2566585 NZs
  Matrix coefficient range    : [ 1.00043e-13, 1 ]
  Objective coefficient range : [ 1.48288e-23, 1.91224e+08 ]
  Variable bound range        : [ 0.05, 1 ]
  RHS coefficient range       : [ 6.8532e-09, 1 ]
Objective value for Line heur k = 36: 8153306.893324121
54
Actual reward of current solution: 40153469.30059647
Minimum Difference with past solutions:0.0.
New solution equals old solution at k=36
53
Total Reward at the start of the inner iterations: 40153469.30059647
Gurobi status: 2

Statistics for model Linearization Heuristic :
  Linear constraint matrix    : 10083 Constrs, 6030 Vars, 2489583 NZs
  Matrix coefficient range    : [ 1.00043e-13, 1 ]
  Objective coefficient range : [ 1.48288e-23, 1.91224e+08 ]
  Variable bound range        : [ 0.05, 1 ]
  RHS coefficient range       : [ 1.19581e-08, 1 ]
Objective value for Line heur k = 37: 8061827.523478838
53
Actual reward of current solution: 40153469.30059647
Minimum Difference with past solutions:0.0.
New solution equals old solution at k=37
52
Total Reward at the start of the inner iterations: 40153469.30059647
Gurobi status: 2

Statistics for model Linearization Heuristic :
  Linear constraint matrix    : 9918 Constrs, 5940 Vars, 2413760 NZs
  Matrix coefficient range    : [ 1.00043e-13, 1 ]
  Objective coefficient range : [ 1.48288e-23, 1.91224e+08 ]
  Variable bound range        : [ 0.05, 1 ]
  RHS coefficient range       : [ 6.23279e-09, 1 ]
Objective value for Line heur k = 38: 7968903.211101358
52
Actual reward of current solution: 40153469.30059647
Minimum Difference with past solutions:0.0.
New solution equals old solution at k=38
51
Total Reward at the start of the inner iterations: 40153469.30059647
Gurobi status: 2

Statistics for model Linearization Heuristic :
  Linear constraint matrix    : 9753 Constrs, 5850 Vars, 2339115 NZs
  Matrix coefficient range    : [ 1.00043e-13, 1 ]
  Objective coefficient range : [ 1.48288e-23, 1.91224e+08 ]
  Variable bound range        : [ 0.05, 1 ]
  RHS coefficient range       : [ 1.61249e-09, 1 ]
Objective value for Line heur k = 39: 7874586.052764355
51
Actual reward of current solution: 40153469.30059647
Minimum Difference with past solutions:0.0.
New solution equals old solution at k=39
50
Total Reward at the start of the inner iterations: 40153469.30059647
Gurobi status: 2

Statistics for model Linearization Heuristic :
  Linear constraint matrix    : 9588 Constrs, 5760 Vars, 2265648 NZs
  Matrix coefficient range    : [ 1.00043e-13, 1 ]
  Objective coefficient range : [ 1.48288e-23, 1.91224e+08 ]
  Variable bound range        : [ 0.05, 1 ]
  RHS coefficient range       : [ 9.00524e-09, 1 ]
Objective value for Line heur k = 40: 7778893.247718504
50
Actual reward of current solution: 40153469.30059647
Minimum Difference with past solutions:0.0.
New solution equals old solution at k=40
49
Total Reward at the start of the inner iterations: 40153469.30059647
Gurobi status: 2

Statistics for model Linearization Heuristic :
  Linear constraint matrix    : 9423 Constrs, 5670 Vars, 2193358 NZs
  Matrix coefficient range    : [ 1.00043e-13, 1 ]
  Objective coefficient range : [ 1.48288e-23, 1.91224e+08 ]
  Variable bound range        : [ 0.05, 1 ]
  RHS coefficient range       : [ 1.61165e-08, 1 ]
Objective value for Line heur k = 41: 7681790.174996505
49
Actual reward of current solution: 40153469.30059647
Minimum Difference with past solutions:0.0.
New solution equals old solution at k=41
48
Total Reward at the start of the inner iterations: 40153469.30059647
Gurobi status: 2

Statistics for model Linearization Heuristic :
  Linear constraint matrix    : 9258 Constrs, 5580 Vars, 2122300 NZs
  Matrix coefficient range    : [ 1.00043e-13, 1 ]
  Objective coefficient range : [ 1.48288e-23, 1.91224e+08 ]
  Variable bound range        : [ 0.05, 1 ]
  RHS coefficient range       : [ 2.32315e-08, 0.290581 ]
Objective value for Line heur k = 42: 7583160.137245785
48
Actual reward of current solution: 40153469.30059647
Minimum Difference with past solutions:0.0.
New solution equals old solution at k=42
47
Total Reward at the start of the inner iterations: 40153469.30059647
Gurobi status: 2

Statistics for model Linearization Heuristic :
  Linear constraint matrix    : 9147 Constrs, 5490 Vars, 2048928 NZs
  Matrix coefficient range    : [ 1.00043e-13, 1 ]
  Objective coefficient range : [ 1.48288e-23, 1.91224e+08 ]
  Variable bound range        : [ 0.05, 1 ]
  RHS coefficient range       : [ 2.31641e-08, 1 ]
Objective value for Line heur k = 43: 7479363.825093966
47
Actual reward of current solution: 40153469.30059647
Minimum Difference with past solutions:0.0.
New solution equals old solution at k=43
46
Total Reward at the start of the inner iterations: 40153469.30059647
Gurobi status: 2

Statistics for model Linearization Heuristic :
  Linear constraint matrix    : 8982 Constrs, 5400 Vars, 1976737 NZs
  Matrix coefficient range    : [ 1.00043e-13, 1 ]
  Objective coefficient range : [ 1.48288e-23, 1.91224e+08 ]
  Variable bound range        : [ 0.05, 1 ]
  RHS coefficient range       : [ 1.17267e-08, 1 ]
Objective value for Line heur k = 44: 7373885.557797333
46
Actual reward of current solution: 40153469.30059647
Minimum Difference with past solutions:0.0.
New solution equals old solution at k=44
45
Total Reward at the start of the inner iterations: 40153469.30059647
Gurobi status: 2

Statistics for model Linearization Heuristic :
  Linear constraint matrix    : 8817 Constrs, 5310 Vars, 1905781 NZs
  Matrix coefficient range    : [ 1.00043e-13, 1 ]
  Objective coefficient range : [ 1.48288e-23, 1.91224e+08 ]
  Variable bound range        : [ 0.05, 1 ]
  RHS coefficient range       : [ 2.41047e-08, 1 ]
Objective value for Line heur k = 45: 7266980.741481987
45
Actual reward of current solution: 40153469.30059647
Minimum Difference with past solutions:0.0.
New solution equals old solution at k=45
44
Total Reward at the start of the inner iterations: 40153469.30059647
Gurobi status: 2

Statistics for model Linearization Heuristic :
  Linear constraint matrix    : 8652 Constrs, 5220 Vars, 1836060 NZs
  Matrix coefficient range    : [ 1.00043e-13, 1 ]
  Objective coefficient range : [ 1.48288e-23, 1.91224e+08 ]
  Variable bound range        : [ 0.05, 1 ]
  RHS coefficient range       : [ 2.45262e-08, 1 ]
Objective value for Line heur k = 46: 7158811.563374546
44
Actual reward of current solution: 40153469.30059647
Minimum Difference with past solutions:0.0.
New solution equals old solution at k=46
43
Total Reward at the start of the inner iterations: 40153469.30059647
Gurobi status: 2

Statistics for model Linearization Heuristic :
  Linear constraint matrix    : 8487 Constrs, 5130 Vars, 1767574 NZs
  Matrix coefficient range    : [ 1.00043e-13, 1 ]
  Objective coefficient range : [ 1.48288e-23, 1.91224e+08 ]
  Variable bound range        : [ 0.05, 1 ]
  RHS coefficient range       : [ 2.23919e-08, 1 ]
Objective value for Line heur k = 47: 7049487.592620161
43
Actual reward of current solution: 40153469.30059647
Minimum Difference with past solutions:0.0.
New solution equals old solution at k=47
42
Total Reward at the start of the inner iterations: 40153469.30059647
Gurobi status: 2

Statistics for model Linearization Heuristic :
  Linear constraint matrix    : 8322 Constrs, 5040 Vars, 1700323 NZs
  Matrix coefficient range    : [ 1.00043e-13, 1 ]
  Objective coefficient range : [ 1.48288e-23, 1.91224e+08 ]
  Variable bound range        : [ 0.05, 1 ]
  RHS coefficient range       : [ 3.50286e-09, 1 ]
Objective value for Line heur k = 48: 6939088.527714862
42
Actual reward of current solution: 40153469.30059647
Minimum Difference with past solutions:0.0.
New solution equals old solution at k=48
41
Total Reward at the start of the inner iterations: 40153469.30059647
Gurobi status: 2

Statistics for model Linearization Heuristic :
  Linear constraint matrix    : 8157 Constrs, 4950 Vars, 1634307 NZs
  Matrix coefficient range    : [ 1.00043e-13, 1 ]
  Objective coefficient range : [ 1.48288e-23, 1.91224e+08 ]
  Variable bound range        : [ 0.05, 1 ]
  RHS coefficient range       : [ 2.43499e-08, 1 ]
Objective value for Line heur k = 49: 6827676.941344635
41
Actual reward of current solution: 40153469.30059647
Minimum Difference with past solutions:0.0.
New solution equals old solution at k=49
40
Total Reward at the start of the inner iterations: 40153469.30059647
Gurobi status: 2

Statistics for model Linearization Heuristic :
  Linear constraint matrix    : 7992 Constrs, 4860 Vars, 1569526 NZs
  Matrix coefficient range    : [ 1.00043e-13, 1 ]
  Objective coefficient range : [ 1.48288e-23, 1.91224e+08 ]
  Variable bound range        : [ 0.05, 1 ]
  RHS coefficient range       : [ 2.44914e-08, 1 ]
Objective value for Line heur k = 50: 6715305.415383417
40
Actual reward of current solution: 40153469.30059647
Minimum Difference with past solutions:0.0.
New solution equals old solution at k=50
39
Total Reward at the start of the inner iterations: 40153469.30059647
Gurobi status: 2

Statistics for model Linearization Heuristic :
  Linear constraint matrix    : 7827 Constrs, 4770 Vars, 1505980 NZs
  Matrix coefficient range    : [ 1.00043e-13, 1 ]
  Objective coefficient range : [ 1.48288e-23, 1.91224e+08 ]
  Variable bound range        : [ 0.05, 1 ]
  RHS coefficient range       : [ 2.41067e-08, 1 ]
Objective value for Line heur k = 51: 6602020.527589235
39
Actual reward of current solution: 40153469.30059647
Minimum Difference with past solutions:0.0.
New solution equals old solution at k=51
38
Total Reward at the start of the inner iterations: 40153469.30059647
Gurobi status: 2

Statistics for model Linearization Heuristic :
  Linear constraint matrix    : 7662 Constrs, 4680 Vars, 1443670 NZs
  Matrix coefficient range    : [ 1.00043e-13, 1 ]
  Objective coefficient range : [ 1.48288e-23, 1.91224e+08 ]
  Variable bound range        : [ 0.05, 1 ]
  RHS coefficient range       : [ 2.36175e-08, 1 ]
Objective value for Line heur k = 52: 6487865.071321254
38
Actual reward of current solution: 40153469.30059647
Minimum Difference with past solutions:0.0.
New solution equals old solution at k=52
37
Total Reward at the start of the inner iterations: 40153469.30059647
Gurobi status: 2

Statistics for model Linearization Heuristic :
  Linear constraint matrix    : 7497 Constrs, 4590 Vars, 1382595 NZs
  Matrix coefficient range    : [ 1.00043e-13, 1 ]
  Objective coefficient range : [ 1.48288e-23, 1.91224e+08 ]
  Variable bound range        : [ 0.05, 1 ]
  RHS coefficient range       : [ 2.30456e-08, 1 ]
Objective value for Line heur k = 53: 6372879.284417721
37
Actual reward of current solution: 40153469.30059647
Minimum Difference with past solutions:0.0.
New solution equals old solution at k=53
36
Total Reward at the start of the inner iterations: 40153469.30059647
Gurobi status: 2

Statistics for model Linearization Heuristic :
  Linear constraint matrix    : 7332 Constrs, 4500 Vars, 1322755 NZs
  Matrix coefficient range    : [ 1.00043e-13, 1 ]
  Objective coefficient range : [ 1.48288e-23, 1.91224e+08 ]
  Variable bound range        : [ 0.05, 1 ]
  RHS coefficient range       : [ 2.24104e-08, 1 ]
Objective value for Line heur k = 54: 6257101.523781132
36
Actual reward of current solution: 40153469.30059647
Minimum Difference with past solutions:0.0.
New solution equals old solution at k=54
35
Total Reward at the start of the inner iterations: 40153469.30059647
Gurobi status: 2

Statistics for model Linearization Heuristic :
  Linear constraint matrix    : 7167 Constrs, 4410 Vars, 1264150 NZs
  Matrix coefficient range    : [ 1.00043e-13, 1 ]
  Objective coefficient range : [ 1.48288e-23, 1.91224e+08 ]
  Variable bound range        : [ 0.05, 1 ]
  RHS coefficient range       : [ 2.17283e-08, 1 ]
Objective value for Line heur k = 55: 6140568.631354969
35
Actual reward of current solution: 40153469.30059647
Minimum Difference with past solutions:0.0.
New solution equals old solution at k=55
34
Total Reward at the start of the inner iterations: 40153469.30059647
Gurobi status: 2

Statistics for model Linearization Heuristic :
  Linear constraint matrix    : 7002 Constrs, 4320 Vars, 1206834 NZs
  Matrix coefficient range    : [ 1.00043e-13, 1 ]
  Objective coefficient range : [ 1.48288e-23, 1.91224e+08 ]
  Variable bound range        : [ 0.05, 1 ]
  RHS coefficient range       : [ 2.10133e-08, 0.290193 ]
Objective value for Line heur k = 56: 6023316.129746502
34
Actual reward of current solution: 40153469.30059647
Minimum Difference with past solutions:0.0.
New solution equals old solution at k=56
33
Total Reward at the start of the inner iterations: 40153469.30059647
Gurobi status: 2

Statistics for model Linearization Heuristic :
  Linear constraint matrix    : 6891 Constrs, 4230 Vars, 1150753 NZs
  Matrix coefficient range    : [ 1.00043e-13, 1 ]
  Objective coefficient range : [ 1.48288e-23, 1.91224e+08 ]
  Variable bound range        : [ 0.05, 1 ]
  RHS coefficient range       : [ 2.02769e-08, 1 ]
Objective value for Line heur k = 57: 5905378.325200127
33
Actual reward of current solution: 40153469.30059647
Minimum Difference with past solutions:0.0.
New solution equals old solution at k=57
32
Total Reward at the start of the inner iterations: 40153469.30059647
Gurobi status: 2

Statistics for model Linearization Heuristic :
  Linear constraint matrix    : 6726 Constrs, 4140 Vars, 1095854 NZs
  Matrix coefficient range    : [ 1.00043e-13, 1 ]
  Objective coefficient range : [ 1.48288e-23, 1.91224e+08 ]
  Variable bound range        : [ 0.05, 1 ]
  RHS coefficient range       : [ 1.95287e-08, 1 ]
Objective value for Line heur k = 58: 5786788.361462841
32
Actual reward of current solution: 40153469.30059647
Minimum Difference with past solutions:0.0.
New solution equals old solution at k=58
31
Total Reward at the start of the inner iterations: 40153469.30059647
Gurobi status: 2

Statistics for model Linearization Heuristic :
  Linear constraint matrix    : 6561 Constrs, 4050 Vars, 1042190 NZs
  Matrix coefficient range    : [ 1.00043e-13, 1 ]
  Objective coefficient range : [ 1.48288e-23, 1.91224e+08 ]
  Variable bound range        : [ 0.05, 1 ]
  RHS coefficient range       : [ 1.87767e-08, 1 ]
Objective value for Line heur k = 59: 5667578.248796581
31
Actual reward of current solution: 40153469.30059647
Minimum Difference with past solutions:0.0.
New solution equals old solution at k=59
30
Total Reward at the start of the inner iterations: 40153469.30059647
Gurobi status: 2

Statistics for model Linearization Heuristic :
  Linear constraint matrix    : 6396 Constrs, 3960 Vars, 989761 NZs
  Matrix coefficient range    : [ 1.00043e-13, 1 ]
  Objective coefficient range : [ 1.48288e-23, 1.91224e+08 ]
  Variable bound range        : [ 0.05, 1 ]
  RHS coefficient range       : [ 1.80273e-08, 1 ]
Objective value for Line heur k = 60: 5547778.881505252
30
Actual reward of current solution: 40153469.30059647
Minimum Difference with past solutions:0.0.
New solution equals old solution at k=60
29
Total Reward at the start of the inner iterations: 40153469.30059647
Gurobi status: 2

Statistics for model Linearization Heuristic :
  Linear constraint matrix    : 6231 Constrs, 3870 Vars, 938567 NZs
  Matrix coefficient range    : [ 1.00043e-13, 1 ]
  Objective coefficient range : [ 1.48288e-23, 1.91224e+08 ]
  Variable bound range        : [ 0.05, 1 ]
  RHS coefficient range       : [ 1.72857e-08, 1 ]
Objective value for Line heur k = 61: 5427420.051206493
29
Actual reward of current solution: 40153469.30059647
Minimum Difference with past solutions:0.0.
New solution equals old solution at k=61
28
Total Reward at the start of the inner iterations: 40153469.30059647
Gurobi status: 2

Statistics for model Linearization Heuristic :
  Linear constraint matrix    : 6066 Constrs, 3780 Vars, 888608 NZs
  Matrix coefficient range    : [ 1.00043e-13, 1 ]
  Objective coefficient range : [ 1.48288e-23, 1.91224e+08 ]
  Variable bound range        : [ 0.05, 1 ]
  RHS coefficient range       : [ 1.6556e-08, 1 ]
Objective value for Line heur k = 62: 5306530.459629087
28
Actual reward of current solution: 40153469.30059647
Minimum Difference with past solutions:0.0.
New solution equals old solution at k=62
27
Total Reward at the start of the inner iterations: 40153469.30059647
Gurobi status: 2

Statistics for model Linearization Heuristic :
  Linear constraint matrix    : 5901 Constrs, 3690 Vars, 839884 NZs
  Matrix coefficient range    : [ 1.00043e-13, 1 ]
  Objective coefficient range : [ 1.48288e-23, 1.91224e+08 ]
  Variable bound range        : [ 0.05, 1 ]
  RHS coefficient range       : [ 1.58415e-08, 1 ]
Objective value for Line heur k = 63: 5185137.732790409
27
Actual reward of current solution: 40153469.30059647
Minimum Difference with past solutions:0.0.
New solution equals old solution at k=63
26
Total Reward at the start of the inner iterations: 40153469.30059647
Gurobi status: 2

Statistics for model Linearization Heuristic :
  Linear constraint matrix    : 5736 Constrs, 3600 Vars, 792395 NZs
  Matrix coefficient range    : [ 1.00043e-13, 1 ]
  Objective coefficient range : [ 1.48288e-23, 1.91224e+08 ]
  Variable bound range        : [ 0.05, 1 ]
  RHS coefficient range       : [ 1.51447e-08, 1 ]
Objective value for Line heur k = 64: 5063268.437343439
26
Actual reward of current solution: 40153469.30059647
Minimum Difference with past solutions:0.0.
New solution equals old solution at k=64
25
Total Reward at the start of the inner iterations: 40153469.30059647
Gurobi status: 2

Statistics for model Linearization Heuristic :
  Linear constraint matrix    : 5571 Constrs, 3510 Vars, 746141 NZs
  Matrix coefficient range    : [ 1.00043e-13, 1 ]
  Objective coefficient range : [ 1.48288e-23, 1.91224e+08 ]
  Variable bound range        : [ 0.05, 1 ]
  RHS coefficient range       : [ 1.44675e-08, 1 ]
Objective value for Line heur k = 65: 4940948.099307009
25
Actual reward of current solution: 40153469.30059647
Minimum Difference with past solutions:0.0.
New solution equals old solution at k=65
24
Total Reward at the start of the inner iterations: 40153469.30059647
Gurobi status: 2

Statistics for model Linearization Heuristic :
  Linear constraint matrix    : 5406 Constrs, 3420 Vars, 701123 NZs
  Matrix coefficient range    : [ 1.00043e-13, 1 ]
  Objective coefficient range : [ 1.48288e-23, 1.91224e+08 ]
  Variable bound range        : [ 0.05, 1 ]
  RHS coefficient range       : [ 1.38112e-08, 1 ]
Objective value for Line heur k = 66: 4818201.225091305
24
Actual reward of current solution: 40153469.30059647
Minimum Difference with past solutions:0.0.
New solution equals old solution at k=66
23
Total Reward at the start of the inner iterations: 40153469.30059647
Gurobi status: 2

Statistics for model Linearization Heuristic :
  Linear constraint matrix    : 5241 Constrs, 3330 Vars, 657340 NZs
  Matrix coefficient range    : [ 1.00043e-13, 1 ]
  Objective coefficient range : [ 1.48288e-23, 1.91224e+08 ]
  Variable bound range        : [ 0.05, 1 ]
  RHS coefficient range       : [ 1.31769e-08, 1 ]
Objective value for Line heur k = 67: 4695051.324584162
23
Actual reward of current solution: 40153469.30059647
Minimum Difference with past solutions:0.0.
New solution equals old solution at k=67
22
Total Reward at the start of the inner iterations: 40153469.30059647
Gurobi status: 2

Statistics for model Linearization Heuristic :
  Linear constraint matrix    : 5076 Constrs, 3240 Vars, 614792 NZs
  Matrix coefficient range    : [ 1.00043e-13, 1 ]
  Objective coefficient range : [ 1.48288e-23, 1.91224e+08 ]
  Variable bound range        : [ 0.05, 1 ]
  RHS coefficient range       : [ 1.25652e-08, 1 ]
Objective value for Line heur k = 68: 4571520.936002291
22
Actual reward of current solution: 40153469.30059647
Minimum Difference with past solutions:0.0.
New solution equals old solution at k=68
21
Total Reward at the start of the inner iterations: 40153469.30059647
Gurobi status: 2

Statistics for model Linearization Heuristic :
  Linear constraint matrix    : 4911 Constrs, 3150 Vars, 573480 NZs
  Matrix coefficient range    : [ 1.00043e-13, 1 ]
  Objective coefficient range : [ 1.48288e-23, 1.91224e+08 ]
  Variable bound range        : [ 0.05, 1 ]
  RHS coefficient range       : [ 1.19764e-08, 1 ]
Objective value for Line heur k = 69: 4447631.652198688
21
Actual reward of current solution: 40153469.30059647
Minimum Difference with past solutions:0.0.
New solution equals old solution at k=69
20
Total Reward at the start of the inner iterations: 40153469.30059647
Gurobi status: 2

Statistics for model Linearization Heuristic :
  Linear constraint matrix    : 4746 Constrs, 3060 Vars, 533457 NZs
  Matrix coefficient range    : [ 1.00043e-13, 1 ]
  Objective coefficient range : [ 1.48288e-23, 1.91224e+08 ]
  Variable bound range        : [ 0.05, 1 ]
  RHS coefficient range       : [ 1.14106e-08, 0.289967 ]
Objective value for Line heur k = 70: 4323404.148128493
20
Actual reward of current solution: 40153469.30059647
Minimum Difference with past solutions:0.0.
New solution equals old solution at k=70
19
Total Reward at the start of the inner iterations: 40153469.30059647
Gurobi status: 2

Statistics for model Linearization Heuristic :
  Linear constraint matrix    : 4635 Constrs, 2970 Vars, 494671 NZs
  Matrix coefficient range    : [ 1.00043e-13, 1 ]
  Objective coefficient range : [ 1.48288e-23, 1.91224e+08 ]
  Variable bound range        : [ 0.05, 1 ]
  RHS coefficient range       : [ 1.08676e-08, 1 ]
Objective value for Line heur k = 71: 4198858.209201488
19
Actual reward of current solution: 40153469.30059647
Minimum Difference with past solutions:0.0.
New solution equals old solution at k=71
18
Total Reward at the start of the inner iterations: 40153469.30059647
Gurobi status: 2

Statistics for model Linearization Heuristic :
  Linear constraint matrix    : 4470 Constrs, 2880 Vars, 457066 NZs
  Matrix coefficient range    : [ 1.00043e-13, 1 ]
  Objective coefficient range : [ 1.48288e-23, 1.91224e+08 ]
  Variable bound range        : [ 0.05, 1 ]
  RHS coefficient range       : [ 1.03472e-08, 1 ]
Objective value for Line heur k = 72: 4074012.760282508
18
Actual reward of current solution: 40153469.30059647
Minimum Difference with past solutions:0.0.
New solution equals old solution at k=72
17
Total Reward at the start of the inner iterations: 40153469.30059647
Gurobi status: 2

Statistics for model Linearization Heuristic :
  Linear constraint matrix    : 4305 Constrs, 2790 Vars, 420698 NZs
  Matrix coefficient range    : [ 1.00043e-13, 1 ]
  Objective coefficient range : [ 1.48288e-23, 1.91224e+08 ]
  Variable bound range        : [ 0.05, 1 ]
  RHS coefficient range       : [ 9.84905e-09, 1 ]
Objective value for Line heur k = 73: 3948885.895139958
17
Actual reward of current solution: 40153469.30059647
Minimum Difference with past solutions:0.0.
New solution equals old solution at k=73
16
Total Reward at the start of the inner iterations: 40153469.30059647
Gurobi status: 2

Statistics for model Linearization Heuristic :
  Linear constraint matrix    : 4140 Constrs, 2700 Vars, 385566 NZs
  Matrix coefficient range    : [ 1.00043e-13, 1 ]
  Objective coefficient range : [ 1.48288e-23, 1.91224e+08 ]
  Variable bound range        : [ 0.05, 1 ]
  RHS coefficient range       : [ 9.37263e-09, 1 ]
Objective value for Line heur k = 74: 3823494.9061895655
16
Actual reward of current solution: 40153469.30059647
Minimum Difference with past solutions:0.0.
New solution equals old solution at k=74
15
Total Reward at the start of the inner iterations: 40153469.30059647
Gurobi status: 2

Statistics for model Linearization Heuristic :
  Linear constraint matrix    : 3975 Constrs, 2610 Vars, 351669 NZs
  Matrix coefficient range    : [ 1.00043e-13, 1 ]
  Objective coefficient range : [ 1.48288e-23, 1.91224e+08 ]
  Variable bound range        : [ 0.05, 1 ]
  RHS coefficient range       : [ 8.76035e-09, 1 ]
Objective value for Line heur k = 75: 3697856.3144382723
15
Actual reward of current solution: 40153469.30059647
Minimum Difference with past solutions:0.0.
New solution equals old solution at k=75
14
Total Reward at the start of the inner iterations: 40153469.30059647
Gurobi status: 2

Statistics for model Linearization Heuristic :
  Linear constraint matrix    : 3810 Constrs, 2520 Vars, 319007 NZs
  Matrix coefficient range    : [ 1.00043e-13, 1 ]
  Objective coefficient range : [ 1.48288e-23, 1.91224e+08 ]
  Variable bound range        : [ 0.05, 1 ]
  RHS coefficient range       : [ 6.63229e-09, 1 ]
Objective value for Line heur k = 76: 3571985.899613239
14
Actual reward of current solution: 40153469.30059647
Minimum Difference with past solutions:0.0.
New solution equals old solution at k=76
13
Total Reward at the start of the inner iterations: 40153469.30059647
Gurobi status: 2

Statistics for model Linearization Heuristic :
  Linear constraint matrix    : 3645 Constrs, 2430 Vars, 287582 NZs
  Matrix coefficient range    : [ 1.00043e-13, 1 ]
  Objective coefficient range : [ 1.48288e-23, 1.91224e+08 ]
  Variable bound range        : [ 0.05, 1 ]
  RHS coefficient range       : [ 1.06506e-09, 1 ]
Objective value for Line heur k = 77: 3445898.7305794107
13
Actual reward of current solution: 40153469.30059647
Minimum Difference with past solutions:0.0.
New solution equals old solution at k=77
12
Total Reward at the start of the inner iterations: 40153469.30059647
Gurobi status: 2

Statistics for model Linearization Heuristic :
  Linear constraint matrix    : 3480 Constrs, 2340 Vars, 257392 NZs
  Matrix coefficient range    : [ 1.00043e-13, 1 ]
  Objective coefficient range : [ 1.48288e-23, 1.91224e+08 ]
  Variable bound range        : [ 0.05, 1 ]
  RHS coefficient range       : [ 1.40622e-09, 1 ]
Objective value for Line heur k = 78: 3319609.196336651
12
Actual reward of current solution: 40153469.30059647
Minimum Difference with past solutions:0.0.
New solution equals old solution at k=78
11
Total Reward at the start of the inner iterations: 40153469.30059647
Gurobi status: 2

Statistics for model Linearization Heuristic :
  Linear constraint matrix    : 3315 Constrs, 2250 Vars, 228438 NZs
  Matrix coefficient range    : [ 1.00043e-13, 1 ]
  Objective coefficient range : [ 1.48288e-23, 1.91224e+08 ]
  Variable bound range        : [ 0.05, 1 ]
  RHS coefficient range       : [ 2.87794e-11, 1 ]
Objective value for Line heur k = 79: 3193131.0381964697
11
Actual reward of current solution: 40153469.30059647
Minimum Difference with past solutions:0.0.
New solution equals old solution at k=79
10
Total Reward at the start of the inner iterations: 40153469.30059647
Gurobi status: 2

Statistics for model Linearization Heuristic :
  Linear constraint matrix    : 3150 Constrs, 2160 Vars, 200719 NZs
  Matrix coefficient range    : [ 1.00043e-13, 1 ]
  Objective coefficient range : [ 1.48288e-23, 1.91224e+08 ]
  Variable bound range        : [ 0.05, 1 ]
  RHS coefficient range       : [ 1.88803e-09, 1 ]
Objective value for Line heur k = 80: 3066477.3842595434
10
Actual reward of current solution: 40153469.30059647
Minimum Difference with past solutions:0.0.
New solution equals old solution at k=80
9
Total Reward at the start of the inner iterations: 40153469.30059647
Gurobi status: 2

Statistics for model Linearization Heuristic :
  Linear constraint matrix    : 2985 Constrs, 2070 Vars, 174237 NZs
  Matrix coefficient range    : [ 1.00043e-13, 1 ]
  Objective coefficient range : [ 1.48288e-23, 1.91224e+08 ]
  Variable bound range        : [ 0.05, 1 ]
  RHS coefficient range       : [ 4.02393e-09, 1 ]
Objective value for Line heur k = 81: 2939660.788207339
9
Actual reward of current solution: 40153469.30059647
Minimum Difference with past solutions:0.0.
New solution equals old solution at k=81
8
Total Reward at the start of the inner iterations: 40153469.30059647
Gurobi status: 2

Statistics for model Linearization Heuristic :
  Linear constraint matrix    : 2820 Constrs, 1980 Vars, 148990 NZs
  Matrix coefficient range    : [ 1.00043e-13, 1 ]
  Objective coefficient range : [ 1.48288e-23, 1.91224e+08 ]
  Variable bound range        : [ 0.05, 1 ]
  RHS coefficient range       : [ 6.16593e-09, 1 ]
Objective value for Line heur k = 82: 2812693.275956343
8
Actual reward of current solution: 40153469.30059647
Minimum Difference with past solutions:0.0.
New solution equals old solution at k=82
7
Total Reward at the start of the inner iterations: 40153469.30059647
Gurobi status: 2

Statistics for model Linearization Heuristic :
  Linear constraint matrix    : 2655 Constrs, 1890 Vars, 124979 NZs
  Matrix coefficient range    : [ 1.00043e-13, 1 ]
  Objective coefficient range : [ 1.48288e-23, 1.91224e+08 ]
  Variable bound range        : [ 0.05, 1 ]
  RHS coefficient range       : [ 8.31853e-09, 1 ]
Objective value for Line heur k = 83: 2685586.4063773584
7
Actual reward of current solution: 40153469.30059647
Minimum Difference with past solutions:0.0.
New solution equals old solution at k=83
6
Total Reward at the start of the inner iterations: 40153469.30059647
Gurobi status: 2

Statistics for model Linearization Heuristic :
  Linear constraint matrix    : 2490 Constrs, 1800 Vars, 102260 NZs
  Matrix coefficient range    : [ 1.00043e-13, 1 ]
  Objective coefficient range : [ 1.48288e-23, 1.91224e+08 ]
  Variable bound range        : [ 0.05, 1 ]
  RHS coefficient range       : [ 1.04895e-08, 0.289836 ]
Objective value for Line heur k = 84: 2558351.3568762112
6
Actual reward of current solution: 40153469.30059647
Minimum Difference with past solutions:0.0.
New solution equals old solution at k=84
5
Total Reward at the start of the inner iterations: 40153469.30059647
Gurobi status: 2

Statistics for model Linearization Heuristic :
  Linear constraint matrix    : 2379 Constrs, 1710 Vars, 80782 NZs
  Matrix coefficient range    : [ 1.00118e-13, 1 ]
  Objective coefficient range : [ 1.48288e-23, 1.91224e+08 ]
  Variable bound range        : [ 0.05, 1 ]
  RHS coefficient range       : [ 1.26923e-08, 1 ]
Objective value for Line heur k = 85: 2430999.052592802
5
Actual reward of current solution: 40153469.30059647
Minimum Difference with past solutions:0.0.
New solution equals old solution at k=85
4
Total Reward at the start of the inner iterations: 40153469.30059647
Gurobi status: 2

Statistics for model Linearization Heuristic :
  Linear constraint matrix    : 2214 Constrs, 1620 Vars, 60501 NZs
  Matrix coefficient range    : [ 1.00118e-13, 1 ]
  Objective coefficient range : [ 1.48288e-23, 1.91224e+08 ]
  Variable bound range        : [ 0.05, 1 ]
  RHS coefficient range       : [ 1.49503e-08, 1 ]
Objective value for Line heur k = 86: 2303540.37177311
4
Actual reward of current solution: 40153469.30059647
Minimum Difference with past solutions:0.0.
New solution equals old solution at k=86
3
Total Reward at the start of the inner iterations: 40153469.30059647
Gurobi status: 2

Statistics for model Linearization Heuristic :
  Linear constraint matrix    : 2049 Constrs, 1530 Vars, 41501 NZs
  Matrix coefficient range    : [ 1.00118e-13, 1 ]
  Objective coefficient range : [ 1.4392e-21, 1.91224e+08 ]
  Variable bound range        : [ 0.05, 1 ]
  RHS coefficient range       : [ 1.73042e-08, 1 ]
Objective value for Line heur k = 87: 2175986.4837899664
3
Actual reward of current solution: 40153469.30059647
Minimum Difference with past solutions:0.0.
New solution equals old solution at k=87
2
Total Reward at the start of the inner iterations: 40153469.30059647
Gurobi status: 2

Statistics for model Linearization Heuristic :
  Linear constraint matrix    : 1884 Constrs, 1440 Vars, 23931 NZs
  Matrix coefficient range    : [ 1.18512e-13, 1 ]
  Objective coefficient range : [ 1.4392e-21, 1.91224e+08 ]
  Variable bound range        : [ 0.05, 1 ]
  RHS coefficient range       : [ 1.98242e-08, 1 ]
Objective value for Line heur k = 88: 2048349.4177601892
2
Actual reward of current solution: 40153469.30059647
Minimum Difference with past solutions:0.0.
New solution equals old solution at k=88
1
Total Reward at the start of the inner iterations: 40153469.30059647
Gurobi status: 2

Statistics for model Linearization Heuristic :
  Linear constraint matrix    : 1719 Constrs, 1350 Vars, 11838 NZs
  Matrix coefficient range    : [ 1.39796e-13, 1 ]
  Objective coefficient range : [ 1.38778e-17, 1.91224e+08 ]
  Variable bound range        : [ 0.05, 1 ]
  RHS coefficient range       : [ 2.26325e-08, 1 ]
Objective value for Line heur k = 89: 1920643.0316056744
1
Actual reward of current solution: 40153469.30059647
Minimum Difference with past solutions:0.0.
New solution equals old solution at k=89
0
Total Reward at the start of the inner iterations: 40153469.30059647
Gurobi status: 2

Statistics for model Linearization Heuristic :
  Linear constraint matrix    : 1554 Constrs, 1260 Vars, 2709 NZs
  Matrix coefficient range    : [ 0.288979, 1 ]
  Objective coefficient range : [ 1.38778e-17, 1.91224e+08 ]
  Variable bound range        : [ 0.05, 1 ]
  RHS coefficient range       : [ 2.59404e-08, 0.2898 ]
Objective value for Line heur k = 90: 1792884.6760548707
0
Actual reward of current solution: 40153469.30059647
Minimum Difference with past solutions:0.0.
New solution equals old solution at k=90
0
Total Reward at the start of the inner iterations: 40153469.30059647
Gurobi status: 2

Statistics for model Linearization Heuristic :
  Linear constraint matrix    : 1443 Constrs, 1170 Vars, 2457 NZs
  Matrix coefficient range    : [ 0.317935, 1 ]
  Objective coefficient range : [ 1.38778e-17, 1.91224e+08 ]
  Variable bound range        : [ 0.05, 1 ]
  RHS coefficient range       : [ 2.59404e-08, 0.2898 ]
Objective value for Line heur k = 91: 1664821.4697216963
0
Actual reward of current solution: 40153469.30059647
Minimum Difference with past solutions:0.0.
New solution equals old solution at k=91
0
Total Reward at the start of the inner iterations: 40153469.30059647
Gurobi status: 2

Statistics for model Linearization Heuristic :
  Linear constraint matrix    : 1332 Constrs, 1080 Vars, 2214 NZs
  Matrix coefficient range    : [ 0.349792, 1 ]
  Objective coefficient range : [ 1.38778e-17, 1.91224e+08 ]
  Variable bound range        : [ 0.05, 1 ]
  RHS coefficient range       : [ 2.59404e-08, 0.2898 ]
Objective value for Line heur k = 92: 1536758.2668616371
0
Actual reward of current solution: 40153469.30059647
Minimum Difference with past solutions:0.0.
New solution equals old solution at k=92
0
Total Reward at the start of the inner iterations: 40153469.30059647
Gurobi status: 2

Statistics for model Linearization Heuristic :
  Linear constraint matrix    : 1221 Constrs, 990 Vars, 1980 NZs
  Matrix coefficient range    : [ 0.384842, 1 ]
  Objective coefficient range : [ 1.38778e-17, 1.91224e+08 ]
  Variable bound range        : [ 0.05, 1 ]
  RHS coefficient range       : [ 2.59404e-08, 0.2898 ]
Objective value for Line heur k = 93: 1408695.0673080827
0
Actual reward of current solution: 40153469.30059647
Minimum Difference with past solutions:0.0.
New solution equals old solution at k=93
0
Total Reward at the start of the inner iterations: 40153469.30059647
Gurobi status: 2

Statistics for model Linearization Heuristic :
  Linear constraint matrix    : 1110 Constrs, 900 Vars, 1755 NZs
  Matrix coefficient range    : [ 0.423403, 1 ]
  Objective coefficient range : [ 1.38778e-17, 1.91224e+08 ]
  Variable bound range        : [ 0.05, 1 ]
  RHS coefficient range       : [ 2.59404e-08, 0.2898 ]
Objective value for Line heur k = 94: 1280631.8707606634
0
Actual reward of current solution: 40153469.30059647
Minimum Difference with past solutions:0.0.
New solution equals old solution at k=94
0
Total Reward at the start of the inner iterations: 40153469.30059647
Gurobi status: 2

Statistics for model Linearization Heuristic :
  Linear constraint matrix    : 999 Constrs, 810 Vars, 1539 NZs
  Matrix coefficient range    : [ 0.465828, 1 ]
  Objective coefficient range : [ 1.38778e-17, 1.91224e+08 ]
  Variable bound range        : [ 0.05, 1 ]
  RHS coefficient range       : [ 2.59404e-08, 0.2898 ]
Objective value for Line heur k = 95: 1152568.6768625337
0
Actual reward of current solution: 40153469.30059647
Minimum Difference with past solutions:0.0.
New solution equals old solution at k=95
0
Total Reward at the start of the inner iterations: 40153469.30059647
Gurobi status: 2

Statistics for model Linearization Heuristic :
  Linear constraint matrix    : 888 Constrs, 720 Vars, 1332 NZs
  Matrix coefficient range    : [ 0.512504, 1 ]
  Objective coefficient range : [ 1.38778e-17, 1.91224e+08 ]
  Variable bound range        : [ 0.05, 1 ]
  RHS coefficient range       : [ 2.59404e-08, 0.2898 ]
Objective value for Line heur k = 96: 1024505.4852473976
0
Actual reward of current solution: 40153469.30059647
Minimum Difference with past solutions:0.0.
New solution equals old solution at k=96
0
Total Reward at the start of the inner iterations: 40153469.30059647
Gurobi status: 2

Statistics for model Linearization Heuristic :
  Linear constraint matrix    : 777 Constrs, 630 Vars, 1134 NZs
  Matrix coefficient range    : [ 0.563857, 1 ]
  Objective coefficient range : [ 1.38778e-17, 1.91224e+08 ]
  Variable bound range        : [ 0.05, 1 ]
  RHS coefficient range       : [ 2.59404e-08, 0.2898 ]
Objective value for Line heur k = 97: 896442.2955665108
0
Actual reward of current solution: 40153469.30059647
Minimum Difference with past solutions:0.0.
New solution equals old solution at k=97
0
Total Reward at the start of the inner iterations: 40153469.30059647
Gurobi status: 2

Statistics for model Linearization Heuristic :
  Linear constraint matrix    : 666 Constrs, 540 Vars, 945 NZs
  Matrix coefficient range    : [ 0.620356, 1 ]
  Objective coefficient range : [ 1.38778e-17, 1.91224e+08 ]
  Variable bound range        : [ 0.05, 1 ]
  RHS coefficient range       : [ 2.59404e-08, 0.2898 ]
Objective value for Line heur k = 98: 768379.1075028277
0
Actual reward of current solution: 40153469.30059647
Minimum Difference with past solutions:0.0.
New solution equals old solution at k=98
0
Total Reward at the start of the inner iterations: 40153469.30059647
Gurobi status: 2

Statistics for model Linearization Heuristic :
  Linear constraint matrix    : 555 Constrs, 450 Vars, 765 NZs
  Matrix coefficient range    : [ 0.682516, 1 ]
  Objective coefficient range : [ 1.38778e-17, 1.91224e+08 ]
  Variable bound range        : [ 0.05, 1 ]
  RHS coefficient range       : [ 2.59404e-08, 0.2898 ]
Objective value for Line heur k = 99: 640315.9207769263
0
Actual reward of current solution: 40153469.30059647
Minimum Difference with past solutions:0.0.
New solution equals old solution at k=99
0
Total Reward at the start of the inner iterations: 40153469.30059647
Gurobi status: 2

Statistics for model Linearization Heuristic :
  Linear constraint matrix    : 444 Constrs, 360 Vars, 594 NZs
  Matrix coefficient range    : [ 0.750904, 1 ]
  Objective coefficient range : [ 1.38778e-17, 1.91224e+08 ]
  Variable bound range        : [ 0.05, 1 ]
  RHS coefficient range       : [ 2.59404e-08, 0.2898 ]
Objective value for Line heur k = 100: 512252.7351480214
0
Actual reward of current solution: 40153469.30059647
Minimum Difference with past solutions:0.0.
New solution equals old solution at k=100
0
Total Reward at the start of the inner iterations: 40153469.30059647
Gurobi status: 2

Statistics for model Linearization Heuristic :
  Linear constraint matrix    : 333 Constrs, 270 Vars, 432 NZs
  Matrix coefficient range    : [ 0.826145, 1 ]
  Objective coefficient range : [ 1.38778e-17, 1.91224e+08 ]
  Variable bound range        : [ 0.05, 1 ]
  RHS coefficient range       : [ 2.59404e-08, 0.2898 ]
Objective value for Line heur k = 101: 384189.55041211424
0
Actual reward of current solution: 40153469.30059647
Minimum Difference with past solutions:0.0.
New solution equals old solution at k=101
0
Total Reward at the start of the inner iterations: 40153469.30059647
Gurobi status: 2

Statistics for model Linearization Heuristic :
  Linear constraint matrix    : 222 Constrs, 180 Vars, 279 NZs
  Matrix coefficient range    : [ 0.908925, 1 ]
  Objective coefficient range : [ 0.000156162, 1.91224e+08 ]
  Variable bound range        : [ 0.05, 1 ]
  RHS coefficient range       : [ 2.59404e-08, 0.2898 ]
Objective value for Line heur k = 102: 256126.36639863896
0
Actual reward of current solution: 40153469.30059647
Minimum Difference with past solutions:0.0.
New solution equals old solution at k=102
0
Total Reward at the start of the inner iterations: 40153469.30059647
Gurobi status: 2

Statistics for model Linearization Heuristic :
  Linear constraint matrix    : 111 Constrs, 90 Vars, 135 NZs
  Matrix coefficient range    : [ 1, 1 ]
  Objective coefficient range : [ 427.944, 1.91224e+08 ]
  Variable bound range        : [ 0.05, 1 ]
  RHS coefficient range       : [ 2.59404e-08, 0.2898 ]
Objective value for Line heur k = 103: 128063.18296650038
0
Actual reward of current solution: 40153469.30059647
Minimum Difference with past solutions:0.0.
New solution equals old solution at k=103
Total running time for 90 days is 1728.126615524292
Economic Value: 60261626.79217002
Deaths 0.10788132936897596
Total Reward 40153469.30059647
