{'groups': 'all', 'params_to_try': {'delta_schooling': [0.5], 'xi': [0, 371990.3, 929975.75, 1859951.5, 3719903, 5579854.5], 'icus': [2900], 'tests': [[60000, 0]], 'testing': ['homogeneous'], 'eta': [0.1]}}
{'groups': 'all', 'params_to_try': {'delta_schooling': [0.5], 'xi': [0, 371990.3, 929975.75, 1859951.5, 3719903, 5579854.5], 'icus': [2900], 'tests': [[60000, 0]], 'testing': ['homogeneous'], 'eta': [0.1]}}
{'groups': 'all', 'params_to_try': {'delta_schooling': [0.2136167894649883], 'icus': [2900], 'eta': [0.015484356770660825], 'tests': [[0, 0]], 'xi': [14879612.0], 'testing': ['homogeneous']}}
results/time_gradient/xi-14879612_icus-2900_testing-homogeneous_natests-0_nmtests-0_T-90_startday-0_groups-all_dschool-0.213617_eta-0.015484_freq-90-14_initParamVarying-multiplier_beta_randomInstance-32.yaml
{'groups': 'all', 'params_to_try': {'delta_schooling': [0.5], 'xi': [0, 371990.3, 929975.75, 1859951.5, 3719903, 5579854.5], 'icus': [2900], 'tests': [[60000, 0]], 'testing': ['homogeneous'], 'eta': [0.1]}}
{'groups': 'all', 'params_to_try': {'delta_schooling': [0.5], 'xi': [0, 371990.3, 929975.75, 1859951.5, 3719903, 5579854.5], 'icus': [2900], 'tests': [[60000, 0]], 'testing': ['homogeneous'], 'eta': [0.1]}}
{'groups': 'all', 'params_to_try': {'delta_schooling': [0.2136167894649883], 'icus': [2900], 'eta': [0.015484356770660825], 'tests': [[0, 0]], 'xi': [14879612.0], 'testing': ['homogeneous']}}
results/dynamic_gradient/xi-14879612_icus-2900_testing-homogeneous_natests-0_nmtests-0_T-90_startday-0_groups-all_dschool-0.213617_eta-0.015484_freq-90-14_initParamVarying-multiplier_beta_randomInstance-32.yaml
500
(0.5, 148796120.0, 0.29, 0.0, (7, 14), 'fitted-scaled', 'econ-scaled', 'oct21-scaled', 0.1, 0.05, 2, 'dynamic_gradient', 32, 'multiplier_beta')
The value of T is: 104
Missing starting point -- Running the initial heuristic.
/home/groups/daniancu/covid-optimization/covid-optimization
90
Total Reward at the start of the inner iterations: 42418723.30609463
Using license file /share/software/user/restricted/gurobi/9.0.3_py36/licenses/gurobi.lic
Set parameter TokenServer to value license4.stanford.edu
Gurobi status: 2

Statistics for model Linearization Heuristic :
  Linear constraint matrix    : 16026 Constrs, 9360 Vars, 5443608 NZs
  Matrix coefficient range    : [ 1.0004e-13, 1 ]
  Objective coefficient range : [ 6.59207e-23, 1.54025e+08 ]
  Variable bound range        : [ 0.05, 1 ]
  RHS coefficient range       : [ 2.79386e-08, 0.290812 ]
Objective value for Line heur k = 0: 1395618.4766034752
90
Actual reward of current solution: 42072212.26553814
Minimum Difference with past solutions:0.050000000000000044.
Gurobi status: 2

Statistics for model Linearization Heuristic :
  Linear constraint matrix    : 16026 Constrs, 9360 Vars, 6320087 NZs
  Matrix coefficient range    : [ 1.00048e-13, 1 ]
  Objective coefficient range : [ 1.10897e-22, 1.54025e+08 ]
  Variable bound range        : [ 0.05, 1 ]
  RHS coefficient range       : [ 7.50984e-08, 0.291274 ]
Objective value for Line heur k = 0: 1040596.1274240129
90
Actual reward of current solution: 42427838.31437698
Minimum Difference with past solutions:0.050000000000000044.
Gurobi status: 2

Statistics for model Linearization Heuristic :
  Linear constraint matrix    : 16026 Constrs, 9360 Vars, 5443728 NZs
  Matrix coefficient range    : [ 1.00058e-13, 1 ]
  Objective coefficient range : [ 4.24113e-23, 1.54025e+08 ]
  Variable bound range        : [ 0.05, 1 ]
  RHS coefficient range       : [ 1.85668e-08, 0.290862 ]
Objective value for Line heur k = 0: 1401771.7094868189
90
Actual reward of current solution: 42077468.15487916
Minimum Difference with past solutions:0.050000000000000044.
Gurobi status: 2

Statistics for model Linearization Heuristic :
  Linear constraint matrix    : 16026 Constrs, 9360 Vars, 6320165 NZs
  Matrix coefficient range    : [ 1.00106e-13, 1 ]
  Objective coefficient range : [ 1.15675e-21, 1.54025e+08 ]
  Variable bound range        : [ 0.05, 1 ]
  RHS coefficient range       : [ 7.78636e-08, 0.291345 ]
Objective value for Line heur k = 0: 1037661.9171632004
90
Actual reward of current solution: 42436656.85789938
Minimum Difference with past solutions:0.050000000000000044.
Gurobi status: 2

Statistics for model Linearization Heuristic :
  Linear constraint matrix    : 16026 Constrs, 9360 Vars, 5443807 NZs
  Matrix coefficient range    : [ 1.0001e-13, 1 ]
  Objective coefficient range : [ 5.04693e-22, 1.54025e+08 ]
  Variable bound range        : [ 0.05, 1 ]
  RHS coefficient range       : [ 1.36649e-08, 0.290901 ]
Objective value for Line heur k = 0: 1407799.084050006
90
Actual reward of current solution: 42083508.59700767
Minimum Difference with past solutions:0.050000000000000044.
Gurobi status: 2

Statistics for model Linearization Heuristic :
  Linear constraint matrix    : 16026 Constrs, 9360 Vars, 6320221 NZs
  Matrix coefficient range    : [ 1.00009e-13, 1 ]
  Objective coefficient range : [ 6.36702e-23, 1.54025e+08 ]
  Variable bound range        : [ 0.05, 1 ]
  RHS coefficient range       : [ 8.01108e-08, 0.291402 ]
Objective value for Line heur k = 0: 1036375.3214086014
90
Actual reward of current solution: 42445341.76689693
Minimum Difference with past solutions:0.050000000000000044.
Gurobi status: 2

Statistics for model Linearization Heuristic :
  Linear constraint matrix    : 16026 Constrs, 9360 Vars, 5443869 NZs
  Matrix coefficient range    : [ 1.00011e-13, 1 ]
  Objective coefficient range : [ 6.90617e-22, 1.54025e+08 ]
  Variable bound range        : [ 0.05, 1 ]
  RHS coefficient range       : [ 1.14486e-08, 0.290929 ]
Objective value for Line heur k = 0: 1414544.708682337
90
Actual reward of current solution: 42090216.92923831
Minimum Difference with past solutions:0.050000000000000044.
Gurobi status: 2

Statistics for model Linearization Heuristic :
  Linear constraint matrix    : 16026 Constrs, 9360 Vars, 6320263 NZs
  Matrix coefficient range    : [ 1.00007e-13, 1 ]
  Objective coefficient range : [ 1.17216e-21, 1.54025e+08 ]
  Variable bound range        : [ 0.05, 1 ]
  RHS coefficient range       : [ 8.15716e-08, 0.291439 ]
Objective value for Line heur k = 0: 1038358.8377818416
90
Actual reward of current solution: 42453975.2083371
Minimum Difference with past solutions:0.050000000000000044.
Gurobi status: 2

Statistics for model Linearization Heuristic :
  Linear constraint matrix    : 16026 Constrs, 9360 Vars, 5443907 NZs
  Matrix coefficient range    : [ 1.00008e-13, 1 ]
  Objective coefficient range : [ 8.5217e-23, 1.54025e+08 ]
  Variable bound range        : [ 0.05, 1 ]
  RHS coefficient range       : [ 1.01098e-08, 0.290945 ]
Objective value for Line heur k = 0: 1421835.2180301587
90
Actual reward of current solution: 42097735.32024154
Minimum Difference with past solutions:0.050000000000000044.
Gurobi status: 2

Statistics for model Linearization Heuristic :
  Linear constraint matrix    : 16026 Constrs, 9360 Vars, 6320289 NZs
  Matrix coefficient range    : [ 1.00072e-13, 1 ]
  Objective coefficient range : [ 2.65944e-22, 1.54025e+08 ]
  Variable bound range        : [ 0.05, 1 ]
  RHS coefficient range       : [ 8.27038e-08, 0.291463 ]
Objective value for Line heur k = 0: 1043143.887744019
90
Actual reward of current solution: 42462770.47082249
Minimum Difference with past solutions:0.050000000000000044.
Gurobi status: 2

Statistics for model Linearization Heuristic :
  Linear constraint matrix    : 16026 Constrs, 9360 Vars, 5443938 NZs
  Matrix coefficient range    : [ 1.00044e-13, 1 ]
  Objective coefficient range : [ 5.1908e-22, 1.54025e+08 ]
  Variable bound range        : [ 0.05, 1 ]
  RHS coefficient range       : [ 9.83302e-09, 0.290958 ]
Objective value for Line heur k = 0: 1430504.6770192091
90
Actual reward of current solution: 42105523.33075711
Minimum Difference with past solutions:0.050000000000000044.
Gurobi status: 2

Statistics for model Linearization Heuristic :
  Linear constraint matrix    : 16026 Constrs, 9360 Vars, 6320308 NZs
  Matrix coefficient range    : [ 1.00005e-13, 1 ]
  Objective coefficient range : [ 1.49339e-21, 1.54025e+08 ]
  Variable bound range        : [ 0.05, 1 ]
  RHS coefficient range       : [ 8.37724e-08, 0.291485 ]
Objective value for Line heur k = 0: 1048719.0318507424
90
Actual reward of current solution: 42471719.665555984
Minimum Difference with past solutions:0.050000000000000044.
Gurobi status: 2

Statistics for model Linearization Heuristic :
  Linear constraint matrix    : 16026 Constrs, 9360 Vars, 5443958 NZs
  Matrix coefficient range    : [ 1.00053e-13, 1 ]
  Objective coefficient range : [ 3.3241e-22, 1.54025e+08 ]
  Variable bound range        : [ 0.05, 1 ]
  RHS coefficient range       : [ 9.69198e-09, 0.29097 ]
Objective value for Line heur k = 0: 1438743.597475853
90
Actual reward of current solution: 42113769.17254721
Minimum Difference with past solutions:0.050000000000000044.
Gurobi status: 2

Statistics for model Linearization Heuristic :
  Linear constraint matrix    : 16026 Constrs, 9360 Vars, 6320337 NZs
  Matrix coefficient range    : [ 1.00016e-13, 1 ]
  Objective coefficient range : [ 1.12497e-21, 1.54025e+08 ]
  Variable bound range        : [ 0.05, 1 ]
  RHS coefficient range       : [ 8.48049e-08, 0.291506 ]
Objective value for Line heur k = 0: 1053905.2780264763
90
Actual reward of current solution: 42480779.3503197
Minimum Difference with past solutions:0.050000000000000044.
Gurobi status: 2

Statistics for model Linearization Heuristic :
  Linear constraint matrix    : 16026 Constrs, 9360 Vars, 5443978 NZs
  Matrix coefficient range    : [ 1.00038e-13, 1 ]
  Objective coefficient range : [ 5.33284e-23, 1.54025e+08 ]
  Variable bound range        : [ 0.05, 1 ]
  RHS coefficient range       : [ 9.69198e-09, 0.290979 ]
Objective value for Line heur k = 0: 1446447.2012602964
90
Actual reward of current solution: 42122376.299789086
Minimum Difference with past solutions:0.050000000000000044.
Gurobi status: 2

Statistics for model Linearization Heuristic :
  Linear constraint matrix    : 16026 Constrs, 9360 Vars, 6320344 NZs
  Matrix coefficient range    : [ 1.00015e-13, 1 ]
  Objective coefficient range : [ 7.24356e-23, 1.54025e+08 ]
  Variable bound range        : [ 0.05, 1 ]
  RHS coefficient range       : [ 8.52173e-08, 0.291515 ]
Objective value for Line heur k = 0: 1061025.048379973
90
Actual reward of current solution: 42489732.663400605
Minimum Difference with past solutions:0.050000000000000044.
Gurobi status: 2

Statistics for model Linearization Heuristic :
  Linear constraint matrix    : 16026 Constrs, 9360 Vars, 5443983 NZs
  Matrix coefficient range    : [ 1.00013e-13, 1 ]
  Objective coefficient range : [ 9.40743e-24, 1.54025e+08 ]
  Variable bound range        : [ 0.05, 1 ]
  RHS coefficient range       : [ 9.69198e-09, 0.290982 ]
Objective value for Line heur k = 0: 1454868.4512777403
90
Actual reward of current solution: 42131176.99520255
Minimum Difference with past solutions:0.050000000000000044.
Gurobi status: 2

Statistics for model Linearization Heuristic :
  Linear constraint matrix    : 16026 Constrs, 9360 Vars, 6320347 NZs
  Matrix coefficient range    : [ 1.00043e-13, 1 ]
  Objective coefficient range : [ 4.84757e-22, 1.54025e+08 ]
  Variable bound range        : [ 0.05, 1 ]
  RHS coefficient range       : [ 8.5303e-08, 0.291517 ]
Objective value for Line heur k = 0: 1069403.381917182
90
Actual reward of current solution: 42498579.185454644
Minimum Difference with past solutions:0.050000000000000044.
Gurobi status: 2

Statistics for model Linearization Heuristic :
  Linear constraint matrix    : 16026 Constrs, 9360 Vars, 5443983 NZs
  Matrix coefficient range    : [ 1.00013e-13, 1 ]
  Objective coefficient range : [ 9.38436e-24, 1.54025e+08 ]
  Variable bound range        : [ 0.05, 1 ]
  RHS coefficient range       : [ 9.69198e-09, 0.290982 ]
Objective value for Line heur k = 0: 1463714.5325649292
90
Actual reward of current solution: 42140023.43741981
Minimum Difference with past solutions:0.050000000000000044.
Gurobi status: 2

Statistics for model Linearization Heuristic :
  Linear constraint matrix    : 16026 Constrs, 9360 Vars, 6320347 NZs
  Matrix coefficient range    : [ 1.00043e-13, 1 ]
  Objective coefficient range : [ 4.85361e-22, 1.54025e+08 ]
  Variable bound range        : [ 0.05, 1 ]
  RHS coefficient range       : [ 8.5303e-08, 0.291517 ]
Objective value for Line heur k = 0: 1078249.300902823
90
Actual reward of current solution: 42507425.70750867
Minimum Difference with past solutions:0.050000000000000044.
Gurobi status: 2

Statistics for model Linearization Heuristic :
  Linear constraint matrix    : 16026 Constrs, 9360 Vars, 5443983 NZs
  Matrix coefficient range    : [ 1.00013e-13, 1 ]
  Objective coefficient range : [ 9.36129e-24, 1.54025e+08 ]
  Variable bound range        : [ 0.05, 1 ]
  RHS coefficient range       : [ 9.69198e-09, 0.290982 ]
Objective value for Line heur k = 0: 1468137.352789229
90
Actual reward of current solution: 42144446.658528425
Minimum Difference with past solutions:0.049999999999999684.
Gurobi status: 2

Statistics for model Linearization Heuristic :
  Linear constraint matrix    : 16026 Constrs, 9360 Vars, 6320347 NZs
  Matrix coefficient range    : [ 1.00043e-13, 1 ]
  Objective coefficient range : [ 4.85663e-22, 1.54025e+08 ]
  Variable bound range        : [ 0.05, 1 ]
  RHS coefficient range       : [ 8.5303e-08, 0.291517 ]
Objective value for Line heur k = 0: 1078249.0392383793
90
Actual reward of current solution: 42507425.70750867
Minimum Difference with past solutions:0.0.
New solution equals old solution at k=0
89
Total Reward at the start of the inner iterations: 42507425.70750867
Gurobi status: 2

Statistics for model Linearization Heuristic :
  Linear constraint matrix    : 15915 Constrs, 9270 Vars, 5355626 NZs
  Matrix coefficient range    : [ 1.00013e-13, 1 ]
  Objective coefficient range : [ 9.36129e-24, 1.54025e+08 ]
  Variable bound range        : [ 0.05, 1 ]
  RHS coefficient range       : [ 6.17532e-08, 1 ]
Objective value for Line heur k = 1: 1586729.1117640012
89
Actual reward of current solution: 42429595.58104944
Minimum Difference with past solutions:0.05.
Gurobi status: 2

Statistics for model Linearization Heuristic :
  Linear constraint matrix    : 15915 Constrs, 9270 Vars, 5748161 NZs
  Matrix coefficient range    : [ 1.00012e-13, 1 ]
  Objective coefficient range : [ 8.07206e-23, 1.54025e+08 ]
  Variable bound range        : [ 0.05, 1 ]
  RHS coefficient range       : [ 7.3024e-08, 1 ]
Objective value for Line heur k = 1: 1423788.1817777597
89
Actual reward of current solution: 42507425.70750867
Minimum Difference with past solutions:0.0.
New solution equals old solution at k=1
88
Total Reward at the start of the inner iterations: 42507425.70750867
Gurobi status: 2

Statistics for model Linearization Heuristic :
  Linear constraint matrix    : 15750 Constrs, 9180 Vars, 5268089 NZs
  Matrix coefficient range    : [ 1.00013e-13, 1 ]
  Objective coefficient range : [ 9.36129e-24, 1.54025e+08 ]
  Variable bound range        : [ 0.05, 1 ]
  RHS coefficient range       : [ 6.12963e-08, 1 ]
Objective value for Line heur k = 2: 1724652.1306178267
88
Actual reward of current solution: 42429595.58104944
Minimum Difference with past solutions:0.05.
Gurobi status: 2

Statistics for model Linearization Heuristic :
  Linear constraint matrix    : 15750 Constrs, 9180 Vars, 5660624 NZs
  Matrix coefficient range    : [ 1.00012e-13, 1 ]
  Objective coefficient range : [ 8.07206e-23, 1.54025e+08 ]
  Variable bound range        : [ 0.05, 1 ]
  RHS coefficient range       : [ 3.17389e-08, 1 ]
Objective value for Line heur k = 2: 1565261.166239238
88
Actual reward of current solution: 42507425.70750867
Minimum Difference with past solutions:0.0.
New solution equals old solution at k=2
87
Total Reward at the start of the inner iterations: 42507425.70750867
Gurobi status: 2

Statistics for model Linearization Heuristic :
  Linear constraint matrix    : 15585 Constrs, 9090 Vars, 5181426 NZs
  Matrix coefficient range    : [ 1.00013e-13, 1 ]
  Objective coefficient range : [ 9.36129e-24, 1.54025e+08 ]
  Variable bound range        : [ 0.05, 1 ]
  RHS coefficient range       : [ 7.55294e-09, 1 ]
Objective value for Line heur k = 3: 1856950.6702973917
87
Actual reward of current solution: 42429595.58104944
Minimum Difference with past solutions:0.05.
Gurobi status: 2

Statistics for model Linearization Heuristic :
  Linear constraint matrix    : 15585 Constrs, 9090 Vars, 5573961 NZs
  Matrix coefficient range    : [ 1.00012e-13, 1 ]
  Objective coefficient range : [ 8.07206e-23, 1.54025e+08 ]
  Variable bound range        : [ 0.05, 1 ]
  RHS coefficient range       : [ 3.15933e-08, 1 ]
Objective value for Line heur k = 3: 1701422.1027730152
87
Actual reward of current solution: 42507425.70750867
Minimum Difference with past solutions:0.0.
New solution equals old solution at k=3
86
Total Reward at the start of the inner iterations: 42507425.70750867
Gurobi status: 2

Statistics for model Linearization Heuristic :
  Linear constraint matrix    : 15420 Constrs, 9000 Vars, 5095637 NZs
  Matrix coefficient range    : [ 1.00013e-13, 1 ]
  Objective coefficient range : [ 9.36129e-24, 1.54025e+08 ]
  Variable bound range        : [ 0.05, 1 ]
  RHS coefficient range       : [ 6.02671e-08, 1 ]
Objective value for Line heur k = 4: 1979697.4370558443
86
Actual reward of current solution: 42429595.58104944
Minimum Difference with past solutions:0.05.
Gurobi status: 2

Statistics for model Linearization Heuristic :
  Linear constraint matrix    : 15420 Constrs, 9000 Vars, 5488172 NZs
  Matrix coefficient range    : [ 1.00012e-13, 1 ]
  Objective coefficient range : [ 8.07206e-23, 1.54025e+08 ]
  Variable bound range        : [ 0.05, 1 ]
  RHS coefficient range       : [ 7.12818e-08, 1 ]
Objective value for Line heur k = 4: 1828245.3828036066
86
Actual reward of current solution: 42507425.70750867
Minimum Difference with past solutions:0.0.
New solution equals old solution at k=4
85
Total Reward at the start of the inner iterations: 42507425.70750867
Gurobi status: 2

Statistics for model Linearization Heuristic :
  Linear constraint matrix    : 15255 Constrs, 8910 Vars, 5010722 NZs
  Matrix coefficient range    : [ 1.00013e-13, 1 ]
  Objective coefficient range : [ 9.36129e-24, 1.54025e+08 ]
  Variable bound range        : [ 0.05, 1 ]
  RHS coefficient range       : [ 3.16132e-08, 1 ]
Objective value for Line heur k = 5: 2091186.9854865775
85
Actual reward of current solution: 42429595.58104944
Minimum Difference with past solutions:0.05.
Gurobi status: 2

Statistics for model Linearization Heuristic :
  Linear constraint matrix    : 15255 Constrs, 8910 Vars, 5403257 NZs
  Matrix coefficient range    : [ 1.00012e-13, 1 ]
  Objective coefficient range : [ 8.07206e-23, 1.54025e+08 ]
  Variable bound range        : [ 0.05, 1 ]
  RHS coefficient range       : [ 2.74104e-09, 1 ]
Objective value for Line heur k = 5: 1943953.8023944327
85
Actual reward of current solution: 42507425.70750867
Minimum Difference with past solutions:0.0.
New solution equals old solution at k=5
84
Total Reward at the start of the inner iterations: 42507425.70750867
Gurobi status: 2

Statistics for model Linearization Heuristic :
  Linear constraint matrix    : 15090 Constrs, 8820 Vars, 4926681 NZs
  Matrix coefficient range    : [ 1.00013e-13, 1 ]
  Objective coefficient range : [ 9.36129e-24, 1.54025e+08 ]
  Variable bound range        : [ 0.05, 1 ]
  RHS coefficient range       : [ 5.91501e-08, 1 ]
Objective value for Line heur k = 6: 2191004.2606798923
84
Actual reward of current solution: 42429595.58104944
Minimum Difference with past solutions:0.05.
Gurobi status: 2

Statistics for model Linearization Heuristic :
  Linear constraint matrix    : 15090 Constrs, 8820 Vars, 5319216 NZs
  Matrix coefficient range    : [ 1.00012e-13, 1 ]
  Objective coefficient range : [ 8.07206e-23, 1.54025e+08 ]
  Variable bound range        : [ 0.05, 1 ]
  RHS coefficient range       : [ 6.99727e-08, 1 ]
Objective value for Line heur k = 6: 2048078.0187285633
84
Actual reward of current solution: 42507425.70750867
Minimum Difference with past solutions:0.0.
New solution equals old solution at k=6
83
Total Reward at the start of the inner iterations: 42507425.70750867
Gurobi status: 2

Statistics for model Linearization Heuristic :
  Linear constraint matrix    : 14925 Constrs, 8730 Vars, 4843514 NZs
  Matrix coefficient range    : [ 1.00013e-13, 1 ]
  Objective coefficient range : [ 9.36129e-24, 1.54025e+08 ]
  Variable bound range        : [ 0.05, 1 ]
  RHS coefficient range       : [ 5.85741e-08, 1 ]
Objective value for Line heur k = 7: 2279456.0209675585
83
Actual reward of current solution: 42429595.58104944
Minimum Difference with past solutions:0.05.
Gurobi status: 2

Statistics for model Linearization Heuristic :
  Linear constraint matrix    : 14925 Constrs, 8730 Vars, 5236049 NZs
  Matrix coefficient range    : [ 1.00012e-13, 1 ]
  Objective coefficient range : [ 8.07206e-23, 1.54025e+08 ]
  Variable bound range        : [ 0.05, 1 ]
  RHS coefficient range       : [ 6.92981e-08, 1 ]
Objective value for Line heur k = 7: 2140881.1392876636
83
Actual reward of current solution: 42507425.70750867
Minimum Difference with past solutions:0.0.
New solution equals old solution at k=7
82
Total Reward at the start of the inner iterations: 42507425.70750867
Gurobi status: 2

Statistics for model Linearization Heuristic :
  Linear constraint matrix    : 14760 Constrs, 8640 Vars, 4761221 NZs
  Matrix coefficient range    : [ 1.00013e-13, 1 ]
  Objective coefficient range : [ 9.36129e-24, 1.54025e+08 ]
  Variable bound range        : [ 0.05, 1 ]
  RHS coefficient range       : [ 4.07905e-10, 1 ]
Objective value for Line heur k = 8: 2357226.3007378937
82
Actual reward of current solution: 42429595.58104944
Minimum Difference with past solutions:0.05.
Gurobi status: 2

Statistics for model Linearization Heuristic :
  Linear constraint matrix    : 14760 Constrs, 8640 Vars, 5153756 NZs
  Matrix coefficient range    : [ 1.00012e-13, 1 ]
  Objective coefficient range : [ 8.07206e-23, 1.54025e+08 ]
  Variable bound range        : [ 0.05, 1 ]
  RHS coefficient range       : [ 6.86166e-08, 1 ]
Objective value for Line heur k = 8: 2223008.7164520724
82
Actual reward of current solution: 42507425.70750867
Minimum Difference with past solutions:0.0.
New solution equals old solution at k=8
81
Total Reward at the start of the inner iterations: 42507425.70750867
Gurobi status: 2

Statistics for model Linearization Heuristic :
  Linear constraint matrix    : 14595 Constrs, 8550 Vars, 4679802 NZs
  Matrix coefficient range    : [ 1.00013e-13, 1 ]
  Objective coefficient range : [ 9.36129e-24, 1.54025e+08 ]
  Variable bound range        : [ 0.05, 1 ]
  RHS coefficient range       : [ 5.11147e-08, 1 ]
Objective value for Line heur k = 9: 2425169.7480727616
81
Actual reward of current solution: 42429595.58104944
Minimum Difference with past solutions:0.05.
Gurobi status: 2

Statistics for model Linearization Heuristic :
  Linear constraint matrix    : 14595 Constrs, 8550 Vars, 5072337 NZs
  Matrix coefficient range    : [ 1.00012e-13, 1 ]
  Objective coefficient range : [ 8.07206e-23, 1.54025e+08 ]
  Variable bound range        : [ 0.05, 1 ]
  RHS coefficient range       : [ 5.49283e-08, 1 ]
Objective value for Line heur k = 9: 2295277.2717632228
81
Actual reward of current solution: 42507425.70750867
Minimum Difference with past solutions:0.0.
New solution equals old solution at k=9
80
Total Reward at the start of the inner iterations: 42507425.70750867
Gurobi status: 2

Statistics for model Linearization Heuristic :
  Linear constraint matrix    : 14430 Constrs, 8460 Vars, 4599257 NZs
  Matrix coefficient range    : [ 1.00013e-13, 1 ]
  Objective coefficient range : [ 9.36129e-24, 1.54025e+08 ]
  Variable bound range        : [ 0.05, 1 ]
  RHS coefficient range       : [ 5.68223e-08, 1 ]
Objective value for Line heur k = 10: 2484189.321551767
80
Actual reward of current solution: 42429595.58104944
Minimum Difference with past solutions:0.05.
Gurobi status: 2

Statistics for model Linearization Heuristic :
  Linear constraint matrix    : 14430 Constrs, 8460 Vars, 4991792 NZs
  Matrix coefficient range    : [ 1.00012e-13, 1 ]
  Objective coefficient range : [ 8.07206e-23, 1.54025e+08 ]
  Variable bound range        : [ 0.05, 1 ]
  RHS coefficient range       : [ 1.76248e-09, 1 ]
Objective value for Line heur k = 10: 2358547.207277308
80
Actual reward of current solution: 42507425.70750867
Minimum Difference with past solutions:0.0.
New solution equals old solution at k=10
79
Total Reward at the start of the inner iterations: 42507425.70750867
Gurobi status: 2

Statistics for model Linearization Heuristic :
  Linear constraint matrix    : 14265 Constrs, 8370 Vars, 4519586 NZs
  Matrix coefficient range    : [ 1.00013e-13, 1 ]
  Objective coefficient range : [ 9.36129e-24, 1.54025e+08 ]
  Variable bound range        : [ 0.05, 1 ]
  RHS coefficient range       : [ 5.6241e-08, 1 ]
Objective value for Line heur k = 11: 2535165.042844233
79
Actual reward of current solution: 42429595.58104944
Minimum Difference with past solutions:0.05.
Gurobi status: 2

Statistics for model Linearization Heuristic :
  Linear constraint matrix    : 14265 Constrs, 8370 Vars, 4912121 NZs
  Matrix coefficient range    : [ 1.00012e-13, 1 ]
  Objective coefficient range : [ 8.07206e-23, 1.54025e+08 ]
  Variable bound range        : [ 0.05, 1 ]
  RHS coefficient range       : [ 3.55842e-08, 1 ]
Objective value for Line heur k = 11: 2413646.1748008355
79
Actual reward of current solution: 42507425.70750867
Minimum Difference with past solutions:0.0.
New solution equals old solution at k=11
78
Total Reward at the start of the inner iterations: 42507425.70750867
Gurobi status: 2

Statistics for model Linearization Heuristic :
  Linear constraint matrix    : 14100 Constrs, 8280 Vars, 4440789 NZs
  Matrix coefficient range    : [ 1.00013e-13, 1 ]
  Objective coefficient range : [ 9.36129e-24, 1.54025e+08 ]
  Variable bound range        : [ 0.05, 1 ]
  RHS coefficient range       : [ 1.53146e-08, 1 ]
Objective value for Line heur k = 12: 2578912.97598952
78
Actual reward of current solution: 42429595.58104944
Minimum Difference with past solutions:0.05.
Gurobi status: 2

Statistics for model Linearization Heuristic :
  Linear constraint matrix    : 14100 Constrs, 8280 Vars, 4833324 NZs
  Matrix coefficient range    : [ 1.00012e-13, 1 ]
  Objective coefficient range : [ 8.07206e-23, 1.54025e+08 ]
  Variable bound range        : [ 0.05, 1 ]
  RHS coefficient range       : [ 1.68717e-08, 1 ]
Objective value for Line heur k = 12: 2461321.3661179524
78
Actual reward of current solution: 42507425.70750867
Minimum Difference with past solutions:0.0.
New solution equals old solution at k=12
77
Total Reward at the start of the inner iterations: 42507425.70750867
Gurobi status: 2

Statistics for model Linearization Heuristic :
  Linear constraint matrix    : 13935 Constrs, 8190 Vars, 4362866 NZs
  Matrix coefficient range    : [ 1.00013e-13, 1 ]
  Objective coefficient range : [ 9.36129e-24, 1.54025e+08 ]
  Variable bound range        : [ 0.05, 1 ]
  RHS coefficient range       : [ 5.51048e-08, 1 ]
Objective value for Line heur k = 13: 2616161.2457240173
77
Actual reward of current solution: 42429595.58104944
Minimum Difference with past solutions:0.05.
Gurobi status: 2

Statistics for model Linearization Heuristic :
  Linear constraint matrix    : 13935 Constrs, 8190 Vars, 4755401 NZs
  Matrix coefficient range    : [ 1.00012e-13, 1 ]
  Objective coefficient range : [ 8.07206e-23, 1.54025e+08 ]
  Variable bound range        : [ 0.05, 1 ]
  RHS coefficient range       : [ 2.04334e-08, 1 ]
Objective value for Line heur k = 13: 2502206.6522536906
77
Actual reward of current solution: 42507425.70750867
Minimum Difference with past solutions:0.0.
New solution equals old solution at k=13
76
Total Reward at the start of the inner iterations: 42507425.70750867
Gurobi status: 2

Statistics for model Linearization Heuristic :
  Linear constraint matrix    : 13770 Constrs, 8100 Vars, 4285871 NZs
  Matrix coefficient range    : [ 1.00013e-13, 1 ]
  Objective coefficient range : [ 9.36129e-24, 1.54025e+08 ]
  Variable bound range        : [ 0.05, 1 ]
  RHS coefficient range       : [ 8.74627e-09, 0.290663 ]
Objective value for Line heur k = 14: 2647534.5046543414
76
Actual reward of current solution: 42429595.58104944
Minimum Difference with past solutions:0.05.
Gurobi status: 2

Statistics for model Linearization Heuristic :
  Linear constraint matrix    : 13770 Constrs, 8100 Vars, 4678406 NZs
  Matrix coefficient range    : [ 1.00012e-13, 1 ]
  Objective coefficient range : [ 8.07206e-23, 1.54025e+08 ]
  Variable bound range        : [ 0.05, 1 ]
  RHS coefficient range       : [ 6.38005e-09, 0.290838 ]
Objective value for Line heur k = 14: 2536794.8019931507
76
Actual reward of current solution: 42507425.70750867
Minimum Difference with past solutions:0.0.
New solution equals old solution at k=14
75
Total Reward at the start of the inner iterations: 42507425.70750867
Gurobi status: 2

Statistics for model Linearization Heuristic :
  Linear constraint matrix    : 13659 Constrs, 8010 Vars, 4199766 NZs
  Matrix coefficient range    : [ 1.00013e-13, 1 ]
  Objective coefficient range : [ 9.36129e-24, 1.54025e+08 ]
  Variable bound range        : [ 0.05, 1 ]
  RHS coefficient range       : [ 1.31384e-08, 1 ]
Objective value for Line heur k = 15: 2658743.0724798064
75
Actual reward of current solution: 42492868.07151112
Minimum Difference with past solutions:0.05.
Gurobi status: 2

Statistics for model Linearization Heuristic :
  Linear constraint matrix    : 13659 Constrs, 8010 Vars, 4308677 NZs
  Matrix coefficient range    : [ 1.00036e-13, 1 ]
  Objective coefficient range : [ 7.52933e-23, 1.54025e+08 ]
  Variable bound range        : [ 0.05, 1 ]
  RHS coefficient range       : [ 2.54661e-08, 1 ]
Objective value for Line heur k = 15: 2621512.017329323
75
Actual reward of current solution: 42507425.70750867
Minimum Difference with past solutions:0.0.
New solution equals old solution at k=15
74
Total Reward at the start of the inner iterations: 42507425.70750867
Gurobi status: 2

Statistics for model Linearization Heuristic :
  Linear constraint matrix    : 13494 Constrs, 7920 Vars, 4114595 NZs
  Matrix coefficient range    : [ 1.00013e-13, 1 ]
  Objective coefficient range : [ 9.36129e-24, 1.54025e+08 ]
  Variable bound range        : [ 0.05, 1 ]
  RHS coefficient range       : [ 3.66595e-08, 1 ]
Objective value for Line heur k = 16: 2672735.414588685
74
Actual reward of current solution: 42492868.07151112
Minimum Difference with past solutions:0.05.
Gurobi status: 2

Statistics for model Linearization Heuristic :
  Linear constraint matrix    : 13494 Constrs, 7920 Vars, 4223506 NZs
  Matrix coefficient range    : [ 1.00036e-13, 1 ]
  Objective coefficient range : [ 7.52933e-23, 1.54025e+08 ]
  Variable bound range        : [ 0.05, 1 ]
  RHS coefficient range       : [ 4.96449e-08, 1 ]
Objective value for Line heur k = 16: 2636572.7186151906
74
Actual reward of current solution: 42507425.70750867
Minimum Difference with past solutions:0.0.
New solution equals old solution at k=16
73
Total Reward at the start of the inner iterations: 42507425.70750867
Gurobi status: 2

Statistics for model Linearization Heuristic :
  Linear constraint matrix    : 13329 Constrs, 7830 Vars, 4030412 NZs
  Matrix coefficient range    : [ 1.00013e-13, 1 ]
  Objective coefficient range : [ 9.36129e-24, 1.54025e+08 ]
  Variable bound range        : [ 0.05, 1 ]
  RHS coefficient range       : [ 5.21563e-08, 1 ]
Objective value for Line heur k = 17: 2682415.1479568603
73
Actual reward of current solution: 42492868.07151112
Minimum Difference with past solutions:0.05.
Gurobi status: 2

Statistics for model Linearization Heuristic :
  Linear constraint matrix    : 13329 Constrs, 7830 Vars, 4139323 NZs
  Matrix coefficient range    : [ 1.00036e-13, 1 ]
  Objective coefficient range : [ 7.52933e-23, 1.54025e+08 ]
  Variable bound range        : [ 0.05, 1 ]
  RHS coefficient range       : [ 4.29614e-08, 1 ]
Objective value for Line heur k = 17: 2647301.0599979255
73
Actual reward of current solution: 42507425.70750867
Minimum Difference with past solutions:0.0.
New solution equals old solution at k=17
72
Total Reward at the start of the inner iterations: 42507425.70750867
Gurobi status: 2

Statistics for model Linearization Heuristic :
  Linear constraint matrix    : 13164 Constrs, 7740 Vars, 3947217 NZs
  Matrix coefficient range    : [ 1.00013e-13, 1 ]
  Objective coefficient range : [ 9.36129e-24, 1.54025e+08 ]
  Variable bound range        : [ 0.05, 1 ]
  RHS coefficient range       : [ 3.95099e-08, 1 ]
Objective value for Line heur k = 18: 2688420.2666709726
72
Actual reward of current solution: 42492868.07151112
Minimum Difference with past solutions:0.05.
Gurobi status: 2

Statistics for model Linearization Heuristic :
  Linear constraint matrix    : 13164 Constrs, 7740 Vars, 4056128 NZs
  Matrix coefficient range    : [ 1.00036e-13, 1 ]
  Objective coefficient range : [ 7.52933e-23, 1.54025e+08 ]
  Variable bound range        : [ 0.05, 1 ]
  RHS coefficient range       : [ 3.15349e-08, 1 ]
Objective value for Line heur k = 18: 2654341.5426899604
72
Actual reward of current solution: 42507425.70750867
Minimum Difference with past solutions:0.0.
New solution equals old solution at k=18
71
Total Reward at the start of the inner iterations: 42507425.70750867
Gurobi status: 2

Statistics for model Linearization Heuristic :
  Linear constraint matrix    : 12999 Constrs, 7650 Vars, 3865010 NZs
  Matrix coefficient range    : [ 1.00013e-13, 1 ]
  Objective coefficient range : [ 9.36129e-24, 1.54025e+08 ]
  Variable bound range        : [ 0.05, 1 ]
  RHS coefficient range       : [ 2.33335e-08, 1 ]
Objective value for Line heur k = 19: 2691249.8852662914
71
Actual reward of current solution: 42492868.07151112
Minimum Difference with past solutions:0.05.
Gurobi status: 2

Statistics for model Linearization Heuristic :
  Linear constraint matrix    : 12999 Constrs, 7650 Vars, 3973921 NZs
  Matrix coefficient range    : [ 1.00036e-13, 1 ]
  Objective coefficient range : [ 7.52933e-23, 1.54025e+08 ]
  Variable bound range        : [ 0.05, 1 ]
  RHS coefficient range       : [ 3.30514e-09, 1 ]
Objective value for Line heur k = 19: 2658196.757875383
71
Actual reward of current solution: 42507425.70750867
Minimum Difference with past solutions:0.0.
New solution equals old solution at k=19
70
Total Reward at the start of the inner iterations: 42507425.70750867
Gurobi status: 2

Statistics for model Linearization Heuristic :
  Linear constraint matrix    : 12834 Constrs, 7560 Vars, 3783791 NZs
  Matrix coefficient range    : [ 1.00013e-13, 1 ]
  Objective coefficient range : [ 9.36129e-24, 1.54025e+08 ]
  Variable bound range        : [ 0.05, 1 ]
  RHS coefficient range       : [ 1.45474e-08, 1 ]
Objective value for Line heur k = 20: 2691307.27749998
70
Actual reward of current solution: 42492868.07151112
Minimum Difference with past solutions:0.05.
Gurobi status: 2

Statistics for model Linearization Heuristic :
  Linear constraint matrix    : 12834 Constrs, 7560 Vars, 3892702 NZs
  Matrix coefficient range    : [ 1.00036e-13, 1 ]
  Objective coefficient range : [ 7.52933e-23, 1.54025e+08 ]
  Variable bound range        : [ 0.05, 1 ]
  RHS coefficient range       : [ 6.82278e-09, 1 ]
Objective value for Line heur k = 20: 2659271.319432114
70
Actual reward of current solution: 42507425.70750867
Minimum Difference with past solutions:0.0.
New solution equals old solution at k=20
69
Total Reward at the start of the inner iterations: 42507425.70750867
Gurobi status: 2

Statistics for model Linearization Heuristic :
  Linear constraint matrix    : 12669 Constrs, 7470 Vars, 3703560 NZs
  Matrix coefficient range    : [ 1.00013e-13, 1 ]
  Objective coefficient range : [ 9.36129e-24, 1.54025e+08 ]
  Variable bound range        : [ 0.05, 1 ]
  RHS coefficient range       : [ 1.59599e-08, 1 ]
Objective value for Line heur k = 21: 2688926.007736398
69
Actual reward of current solution: 42492868.07151112
Minimum Difference with past solutions:0.05.
Gurobi status: 2

Statistics for model Linearization Heuristic :
  Linear constraint matrix    : 12669 Constrs, 7470 Vars, 3812471 NZs
  Matrix coefficient range    : [ 1.00036e-13, 1 ]
  Objective coefficient range : [ 7.52933e-23, 1.54025e+08 ]
  Variable bound range        : [ 0.05, 1 ]
  RHS coefficient range       : [ 5.29949e-09, 1 ]
Objective value for Line heur k = 21: 2657898.4235446863
69
Actual reward of current solution: 42507425.70750867
Minimum Difference with past solutions:0.0.
New solution equals old solution at k=21
68
Total Reward at the start of the inner iterations: 42507425.70750867
Gurobi status: 2

Statistics for model Linearization Heuristic :
  Linear constraint matrix    : 12504 Constrs, 7380 Vars, 3624317 NZs
  Matrix coefficient range    : [ 1.00013e-13, 1 ]
  Objective coefficient range : [ 9.36129e-24, 1.54025e+08 ]
  Variable bound range        : [ 0.05, 1 ]
  RHS coefficient range       : [ 9.71348e-09, 1 ]
Objective value for Line heur k = 22: 2684386.040839546
68
Actual reward of current solution: 42492868.07151112
Minimum Difference with past solutions:0.05.
Gurobi status: 2

Statistics for model Linearization Heuristic :
  Linear constraint matrix    : 12504 Constrs, 7380 Vars, 3733228 NZs
  Matrix coefficient range    : [ 1.00036e-13, 1 ]
  Objective coefficient range : [ 7.52933e-23, 1.54025e+08 ]
  Variable bound range        : [ 0.05, 1 ]
  RHS coefficient range       : [ 1.6858e-08, 1 ]
Objective value for Line heur k = 22: 2654356.0273097972
68
Actual reward of current solution: 42507425.70750867
Minimum Difference with past solutions:0.0.
New solution equals old solution at k=22
67
Total Reward at the start of the inner iterations: 42507425.70750867
Gurobi status: 2

Statistics for model Linearization Heuristic :
  Linear constraint matrix    : 12339 Constrs, 7290 Vars, 3546062 NZs
  Matrix coefficient range    : [ 1.00013e-13, 1 ]
  Objective coefficient range : [ 9.36129e-24, 1.54025e+08 ]
  Variable bound range        : [ 0.05, 1 ]
  RHS coefficient range       : [ 4.80625e-10, 1 ]
Objective value for Line heur k = 23: 2677923.689798339
67
Actual reward of current solution: 42492868.07151112
Minimum Difference with past solutions:0.05.
Gurobi status: 2

Statistics for model Linearization Heuristic :
  Linear constraint matrix    : 12339 Constrs, 7290 Vars, 3654973 NZs
  Matrix coefficient range    : [ 1.00036e-13, 1 ]
  Objective coefficient range : [ 7.52933e-23, 1.54025e+08 ]
  Variable bound range        : [ 0.05, 1 ]
  RHS coefficient range       : [ 2.49624e-08, 1 ]
Objective value for Line heur k = 23: 2648876.534615319
67
Actual reward of current solution: 42507425.70750867
Minimum Difference with past solutions:0.0.
New solution equals old solution at k=23
66
Total Reward at the start of the inner iterations: 42507425.70750867
Gurobi status: 2

Statistics for model Linearization Heuristic :
  Linear constraint matrix    : 12174 Constrs, 7200 Vars, 3468795 NZs
  Matrix coefficient range    : [ 1.00013e-13, 1 ]
  Objective coefficient range : [ 9.36129e-24, 1.54025e+08 ]
  Variable bound range        : [ 0.05, 1 ]
  RHS coefficient range       : [ 8.14795e-09, 1 ]
Objective value for Line heur k = 24: 2669737.478898613
66
Actual reward of current solution: 42492868.07151112
Minimum Difference with past solutions:0.05.
Gurobi status: 2

Statistics for model Linearization Heuristic :
  Linear constraint matrix    : 12174 Constrs, 7200 Vars, 3577706 NZs
  Matrix coefficient range    : [ 1.00036e-13, 1 ]
  Objective coefficient range : [ 7.52933e-23, 1.54025e+08 ]
  Variable bound range        : [ 0.05, 1 ]
  RHS coefficient range       : [ 1.10934e-08, 1 ]
Objective value for Line heur k = 24: 2641652.0268137995
66
Actual reward of current solution: 42507425.70750867
Minimum Difference with past solutions:0.0.
New solution equals old solution at k=24
65
Total Reward at the start of the inner iterations: 42507425.70750867
Gurobi status: 2

Statistics for model Linearization Heuristic :
  Linear constraint matrix    : 12009 Constrs, 7110 Vars, 3392516 NZs
  Matrix coefficient range    : [ 1.00013e-13, 1 ]
  Objective coefficient range : [ 9.36129e-24, 1.54025e+08 ]
  Variable bound range        : [ 0.05, 1 ]
  RHS coefficient range       : [ 1.61812e-08, 1 ]
Objective value for Line heur k = 25: 2659990.9017924187
65
Actual reward of current solution: 42492868.07151112
Minimum Difference with past solutions:0.05.
Gurobi status: 2

Statistics for model Linearization Heuristic :
  Linear constraint matrix    : 12009 Constrs, 7110 Vars, 3501427 NZs
  Matrix coefficient range    : [ 1.00036e-13, 1 ]
  Objective coefficient range : [ 7.52933e-23, 1.54025e+08 ]
  Variable bound range        : [ 0.05, 1 ]
  RHS coefficient range       : [ 1.55805e-08, 1 ]
Objective value for Line heur k = 25: 2632835.900880119
65
Actual reward of current solution: 42507425.70750867
Minimum Difference with past solutions:0.0.
New solution equals old solution at k=25
64
Total Reward at the start of the inner iterations: 42507425.70750867
Gurobi status: 2

Statistics for model Linearization Heuristic :
  Linear constraint matrix    : 11844 Constrs, 7020 Vars, 3317225 NZs
  Matrix coefficient range    : [ 1.00013e-13, 1 ]
  Objective coefficient range : [ 9.36129e-24, 1.54025e+08 ]
  Variable bound range        : [ 0.05, 1 ]
  RHS coefficient range       : [ 2.42184e-09, 1 ]
Objective value for Line heur k = 26: 2648812.299425539
64
Actual reward of current solution: 42492868.07151112
Minimum Difference with past solutions:0.05.
Gurobi status: 2

Statistics for model Linearization Heuristic :
  Linear constraint matrix    : 11844 Constrs, 7020 Vars, 3426136 NZs
  Matrix coefficient range    : [ 1.00036e-13, 1 ]
  Objective coefficient range : [ 7.52933e-23, 1.54025e+08 ]
  Variable bound range        : [ 0.05, 1 ]
  RHS coefficient range       : [ 3.91161e-08, 1 ]
Objective value for Line heur k = 26: 2622540.9238099386
64
Actual reward of current solution: 42507425.70750867
Minimum Difference with past solutions:0.0.
New solution equals old solution at k=26
63
Total Reward at the start of the inner iterations: 42507425.70750867
Gurobi status: 2

Statistics for model Linearization Heuristic :
  Linear constraint matrix    : 11679 Constrs, 6930 Vars, 3242922 NZs
  Matrix coefficient range    : [ 1.00013e-13, 1 ]
  Objective coefficient range : [ 9.36129e-24, 1.54025e+08 ]
  Variable bound range        : [ 0.05, 1 ]
  RHS coefficient range       : [ 6.87436e-09, 1 ]
Objective value for Line heur k = 27: 2636291.451967463
63
Actual reward of current solution: 42492868.07151112
Minimum Difference with past solutions:0.05.
Gurobi status: 2

Statistics for model Linearization Heuristic :
  Linear constraint matrix    : 11679 Constrs, 6930 Vars, 3351833 NZs
  Matrix coefficient range    : [ 1.00036e-13, 1 ]
  Objective coefficient range : [ 7.52933e-23, 1.54025e+08 ]
  Variable bound range        : [ 0.05, 1 ]
  RHS coefficient range       : [ 1.25521e-08, 1 ]
Objective value for Line heur k = 27: 2610832.9375299294
63
Actual reward of current solution: 42507425.70750867
Minimum Difference with past solutions:0.0.
New solution equals old solution at k=27
62
Total Reward at the start of the inner iterations: 42507425.70750867
Gurobi status: 2

Statistics for model Linearization Heuristic :
  Linear constraint matrix    : 11514 Constrs, 6840 Vars, 3169661 NZs
  Matrix coefficient range    : [ 1.00013e-13, 1 ]
  Objective coefficient range : [ 9.36129e-24, 1.54025e+08 ]
  Variable bound range        : [ 0.05, 1 ]
  RHS coefficient range       : [ 3.3398e-08, 0.290407 ]
Objective value for Line heur k = 28: 2622471.803517783
62
Actual reward of current solution: 42492868.07151112
Minimum Difference with past solutions:0.05.
Gurobi status: 2

Statistics for model Linearization Heuristic :
  Linear constraint matrix    : 11514 Constrs, 6840 Vars, 3278572 NZs
  Matrix coefficient range    : [ 1.00036e-13, 1 ]
  Objective coefficient range : [ 7.52933e-23, 1.54025e+08 ]
  Variable bound range        : [ 0.05, 1 ]
  RHS coefficient range       : [ 2.5971e-08, 0.290448 ]
Objective value for Line heur k = 28: 2597718.555203681
62
Actual reward of current solution: 42507425.70750867
Minimum Difference with past solutions:0.0.
New solution equals old solution at k=28
61
Total Reward at the start of the inner iterations: 42507425.70750867
Gurobi status: 2

Statistics for model Linearization Heuristic :
  Linear constraint matrix    : 11403 Constrs, 6750 Vars, 3087506 NZs
  Matrix coefficient range    : [ 1.00013e-13, 1 ]
  Objective coefficient range : [ 9.36129e-24, 1.54025e+08 ]
  Variable bound range        : [ 0.05, 1 ]
  RHS coefficient range       : [ 2.40942e-08, 1 ]
Objective value for Line heur k = 29: 2601182.7036581044
61
Actual reward of current solution: 42507425.70750867
Minimum Difference with past solutions:0.0.
New solution equals old solution at k=29
60
Total Reward at the start of the inner iterations: 42507425.70750867
Gurobi status: 2

Statistics for model Linearization Heuristic :
  Linear constraint matrix    : 11238 Constrs, 6660 Vars, 3006418 NZs
  Matrix coefficient range    : [ 1.00013e-13, 1 ]
  Objective coefficient range : [ 9.36129e-24, 1.54025e+08 ]
  Variable bound range        : [ 0.05, 1 ]
  RHS coefficient range       : [ 3.66732e-08, 1 ]
Objective value for Line heur k = 30: 2582190.202265135
60
Actual reward of current solution: 42507425.70750867
Minimum Difference with past solutions:0.0.
New solution equals old solution at k=30
59
Total Reward at the start of the inner iterations: 42507425.70750867
Gurobi status: 2

Statistics for model Linearization Heuristic :
  Linear constraint matrix    : 11073 Constrs, 6570 Vars, 2926452 NZs
  Matrix coefficient range    : [ 1.00013e-13, 1 ]
  Objective coefficient range : [ 9.36129e-24, 1.54025e+08 ]
  Variable bound range        : [ 0.05, 1 ]
  RHS coefficient range       : [ 2.80166e-08, 1 ]
Objective value for Line heur k = 31: 2562061.750708995
59
Actual reward of current solution: 42507425.70750867
Minimum Difference with past solutions:0.0.
New solution equals old solution at k=31
58
Total Reward at the start of the inner iterations: 42507425.70750867
Gurobi status: 2

Statistics for model Linearization Heuristic :
  Linear constraint matrix    : 10908 Constrs, 6480 Vars, 2847608 NZs
  Matrix coefficient range    : [ 1.00013e-13, 1 ]
  Objective coefficient range : [ 9.36129e-24, 1.54025e+08 ]
  Variable bound range        : [ 0.05, 1 ]
  RHS coefficient range       : [ 1.90462e-08, 1 ]
Objective value for Line heur k = 32: 2540961.914705708
58
Actual reward of current solution: 42507425.70750867
Minimum Difference with past solutions:0.0.
New solution equals old solution at k=32
57
Total Reward at the start of the inner iterations: 42507425.70750867
Gurobi status: 2

Statistics for model Linearization Heuristic :
  Linear constraint matrix    : 10743 Constrs, 6390 Vars, 2769885 NZs
  Matrix coefficient range    : [ 1.00013e-13, 1 ]
  Objective coefficient range : [ 9.36129e-24, 1.54025e+08 ]
  Variable bound range        : [ 0.05, 1 ]
  RHS coefficient range       : [ 1.05459e-08, 1 ]
Objective value for Line heur k = 33: 2519011.490769712
57
Actual reward of current solution: 42507425.70750867
Minimum Difference with past solutions:0.0.
New solution equals old solution at k=33
56
Total Reward at the start of the inner iterations: 42507425.70750867
Gurobi status: 2

Statistics for model Linearization Heuristic :
  Linear constraint matrix    : 10578 Constrs, 6300 Vars, 2693283 NZs
  Matrix coefficient range    : [ 1.00013e-13, 1 ]
  Objective coefficient range : [ 9.36129e-24, 1.54025e+08 ]
  Variable bound range        : [ 0.05, 1 ]
  RHS coefficient range       : [ 2.55827e-09, 1 ]
Objective value for Line heur k = 34: 2496302.9441538965
56
Actual reward of current solution: 42507425.70750867
Minimum Difference with past solutions:0.0.
New solution equals old solution at k=34
55
Total Reward at the start of the inner iterations: 42507425.70750867
Gurobi status: 2

Statistics for model Linearization Heuristic :
  Linear constraint matrix    : 10413 Constrs, 6210 Vars, 2617802 NZs
  Matrix coefficient range    : [ 1.00013e-13, 1 ]
  Objective coefficient range : [ 9.36129e-24, 1.54025e+08 ]
  Variable bound range        : [ 0.05, 1 ]
  RHS coefficient range       : [ 4.89392e-09, 1 ]
Objective value for Line heur k = 35: 2472909.439736166
55
Actual reward of current solution: 42507425.70750867
Minimum Difference with past solutions:0.0.
New solution equals old solution at k=35
54
Total Reward at the start of the inner iterations: 42507425.70750867
Gurobi status: 2

Statistics for model Linearization Heuristic :
  Linear constraint matrix    : 10248 Constrs, 6120 Vars, 2543443 NZs
  Matrix coefficient range    : [ 1.00013e-13, 1 ]
  Objective coefficient range : [ 9.36129e-24, 1.54025e+08 ]
  Variable bound range        : [ 0.05, 1 ]
  RHS coefficient range       : [ 9.19987e-09, 1 ]
Objective value for Line heur k = 36: 2448889.9253749317
54
Actual reward of current solution: 42507425.70750867
Minimum Difference with past solutions:0.0.
New solution equals old solution at k=36
53
Total Reward at the start of the inner iterations: 42507425.70750867
Gurobi status: 2

Statistics for model Linearization Heuristic :
  Linear constraint matrix    : 10083 Constrs, 6030 Vars, 2470206 NZs
  Matrix coefficient range    : [ 1.00013e-13, 1 ]
  Objective coefficient range : [ 9.36129e-24, 1.54025e+08 ]
  Variable bound range        : [ 0.05, 1 ]
  RHS coefficient range       : [ 3.46949e-10, 1 ]
Objective value for Line heur k = 37: 2424291.6109409523
53
Actual reward of current solution: 42507425.70750867
Minimum Difference with past solutions:0.0.
New solution equals old solution at k=37
52
Total Reward at the start of the inner iterations: 42507425.70750867
Gurobi status: 2

Statistics for model Linearization Heuristic :
  Linear constraint matrix    : 9918 Constrs, 5940 Vars, 2398090 NZs
  Matrix coefficient range    : [ 1.00013e-13, 1 ]
  Objective coefficient range : [ 9.36129e-24, 1.54025e+08 ]
  Variable bound range        : [ 0.05, 1 ]
  RHS coefficient range       : [ 4.33746e-09, 1 ]
Objective value for Line heur k = 38: 2399150.469171948
52
Actual reward of current solution: 42507425.70750867
Minimum Difference with past solutions:0.0.
New solution equals old solution at k=38
51
Total Reward at the start of the inner iterations: 42507425.70750867
Gurobi status: 2

Statistics for model Linearization Heuristic :
  Linear constraint matrix    : 9753 Constrs, 5850 Vars, 2327096 NZs
  Matrix coefficient range    : [ 1.00013e-13, 1 ]
  Objective coefficient range : [ 9.36129e-24, 1.54025e+08 ]
  Variable bound range        : [ 0.05, 1 ]
  RHS coefficient range       : [ 1.14899e-08, 1 ]
Objective value for Line heur k = 39: 2373489.8598080045
51
Actual reward of current solution: 42507425.70750867
Minimum Difference with past solutions:0.0.
New solution equals old solution at k=39
50
Total Reward at the start of the inner iterations: 42507425.70750867
Gurobi status: 2

Statistics for model Linearization Heuristic :
  Linear constraint matrix    : 9588 Constrs, 5760 Vars, 2257223 NZs
  Matrix coefficient range    : [ 1.00013e-13, 1 ]
  Objective coefficient range : [ 9.36129e-24, 1.54025e+08 ]
  Variable bound range        : [ 0.05, 1 ]
  RHS coefficient range       : [ 7.64064e-09, 1 ]
Objective value for Line heur k = 40: 2347316.8999562073
50
Actual reward of current solution: 42507425.70750867
Minimum Difference with past solutions:0.0.
New solution equals old solution at k=40
49
Total Reward at the start of the inner iterations: 42507425.70750867
Gurobi status: 2

Statistics for model Linearization Heuristic :
  Linear constraint matrix    : 9423 Constrs, 5670 Vars, 2188469 NZs
  Matrix coefficient range    : [ 1.00013e-13, 1 ]
  Objective coefficient range : [ 9.36129e-24, 1.54025e+08 ]
  Variable bound range        : [ 0.05, 1 ]
  RHS coefficient range       : [ 4.39485e-09, 1 ]
Objective value for Line heur k = 41: 2320615.6438863706
49
Actual reward of current solution: 42507425.70750867
Minimum Difference with past solutions:0.0.
New solution equals old solution at k=41
48
Total Reward at the start of the inner iterations: 42507425.70750867
Gurobi status: 2

Statistics for model Linearization Heuristic :
  Linear constraint matrix    : 9258 Constrs, 5580 Vars, 2120890 NZs
  Matrix coefficient range    : [ 1.00013e-13, 1 ]
  Objective coefficient range : [ 9.36129e-24, 1.54025e+08 ]
  Variable bound range        : [ 0.05, 1 ]
  RHS coefficient range       : [ 9.24838e-11, 0.290226 ]
Objective value for Line heur k = 42: 2293335.3510502586
48
Actual reward of current solution: 42507425.70750867
Minimum Difference with past solutions:0.0.
New solution equals old solution at k=42
47
Total Reward at the start of the inner iterations: 42507425.70750867
Gurobi status: 2

Statistics for model Linearization Heuristic :
  Linear constraint matrix    : 9147 Constrs, 5490 Vars, 2047520 NZs
  Matrix coefficient range    : [ 1.00013e-13, 1 ]
  Objective coefficient range : [ 9.36129e-24, 1.54025e+08 ]
  Variable bound range        : [ 0.05, 1 ]
  RHS coefficient range       : [ 5.01086e-10, 1 ]
Objective value for Line heur k = 43: 2262857.9011369515
47
Actual reward of current solution: 42507425.70750867
Minimum Difference with past solutions:0.0.
New solution equals old solution at k=43
46
Total Reward at the start of the inner iterations: 42507425.70750867
Gurobi status: 2

Statistics for model Linearization Heuristic :
  Linear constraint matrix    : 8982 Constrs, 5400 Vars, 1975331 NZs
  Matrix coefficient range    : [ 1.00013e-13, 1 ]
  Objective coefficient range : [ 9.36129e-24, 1.54025e+08 ]
  Variable bound range        : [ 0.05, 1 ]
  RHS coefficient range       : [ 1.48671e-09, 1 ]
Objective value for Line heur k = 44: 2231676.2015633625
46
Actual reward of current solution: 42507425.70750867
Minimum Difference with past solutions:0.0.
New solution equals old solution at k=44
45
Total Reward at the start of the inner iterations: 42507425.70750867
Gurobi status: 2

Statistics for model Linearization Heuristic :
  Linear constraint matrix    : 8817 Constrs, 5310 Vars, 1904378 NZs
  Matrix coefficient range    : [ 1.00013e-13, 1 ]
  Objective coefficient range : [ 9.36129e-24, 1.54025e+08 ]
  Variable bound range        : [ 0.05, 1 ]
  RHS coefficient range       : [ 2.62722e-09, 1 ]
Objective value for Line heur k = 45: 2199937.455103622
45
Actual reward of current solution: 42507425.70750867
Minimum Difference with past solutions:0.0.
New solution equals old solution at k=45
44
Total Reward at the start of the inner iterations: 42507425.70750867
Gurobi status: 2

Statistics for model Linearization Heuristic :
  Linear constraint matrix    : 8652 Constrs, 5220 Vars, 1834660 NZs
  Matrix coefficient range    : [ 1.00013e-13, 1 ]
  Objective coefficient range : [ 9.36129e-24, 1.54025e+08 ]
  Variable bound range        : [ 0.05, 1 ]
  RHS coefficient range       : [ 3.71958e-09, 1 ]
Objective value for Line heur k = 46: 2167729.913169307
44
Actual reward of current solution: 42507425.70750867
Minimum Difference with past solutions:0.0.
New solution equals old solution at k=46
43
Total Reward at the start of the inner iterations: 42507425.70750867
Gurobi status: 2

Statistics for model Linearization Heuristic :
  Linear constraint matrix    : 8487 Constrs, 5130 Vars, 1766178 NZs
  Matrix coefficient range    : [ 1.00013e-13, 1 ]
  Objective coefficient range : [ 9.36129e-24, 1.54025e+08 ]
  Variable bound range        : [ 0.05, 1 ]
  RHS coefficient range       : [ 4.67591e-09, 1 ]
Objective value for Line heur k = 47: 2135109.0761754443
43
Actual reward of current solution: 42507425.70750867
Minimum Difference with past solutions:0.0.
New solution equals old solution at k=47
42
Total Reward at the start of the inner iterations: 42507425.70750867
Gurobi status: 2

Statistics for model Linearization Heuristic :
  Linear constraint matrix    : 8322 Constrs, 5040 Vars, 1698931 NZs
  Matrix coefficient range    : [ 1.00013e-13, 1 ]
  Objective coefficient range : [ 9.36129e-24, 1.54025e+08 ]
  Variable bound range        : [ 0.05, 1 ]
  RHS coefficient range       : [ 5.46741e-09, 1 ]
Objective value for Line heur k = 48: 2102112.1754116043
42
Actual reward of current solution: 42507425.70750867
Minimum Difference with past solutions:0.0.
New solution equals old solution at k=48
41
Total Reward at the start of the inner iterations: 42507425.70750867
Gurobi status: 2

Statistics for model Linearization Heuristic :
  Linear constraint matrix    : 8157 Constrs, 4950 Vars, 1632920 NZs
  Matrix coefficient range    : [ 1.00013e-13, 1 ]
  Objective coefficient range : [ 9.36129e-24, 1.54025e+08 ]
  Variable bound range        : [ 0.05, 1 ]
  RHS coefficient range       : [ 6.09434e-09, 1 ]
Objective value for Line heur k = 49: 2068766.1791168107
41
Actual reward of current solution: 42507425.70750867
Minimum Difference with past solutions:0.0.
New solution equals old solution at k=49
40
Total Reward at the start of the inner iterations: 42507425.70750867
Gurobi status: 2

Statistics for model Linearization Heuristic :
  Linear constraint matrix    : 7992 Constrs, 4860 Vars, 1568145 NZs
  Matrix coefficient range    : [ 1.00013e-13, 1 ]
  Objective coefficient range : [ 9.36129e-24, 1.54025e+08 ]
  Variable bound range        : [ 0.05, 1 ]
  RHS coefficient range       : [ 6.57017e-09, 1 ]
Objective value for Line heur k = 50: 2035092.2178229142
40
Actual reward of current solution: 42507425.70750867
Minimum Difference with past solutions:0.0.
New solution equals old solution at k=50
39
Total Reward at the start of the inner iterations: 42507425.70750867
Gurobi status: 2

Statistics for model Linearization Heuristic :
  Linear constraint matrix    : 7827 Constrs, 4770 Vars, 1504605 NZs
  Matrix coefficient range    : [ 1.00013e-13, 1 ]
  Objective coefficient range : [ 9.36129e-24, 1.54025e+08 ]
  Variable bound range        : [ 0.05, 1 ]
  RHS coefficient range       : [ 6.91332e-09, 1 ]
Objective value for Line heur k = 51: 2001108.0289224656
39
Actual reward of current solution: 42507425.70750867
Minimum Difference with past solutions:0.0.
New solution equals old solution at k=51
38
Total Reward at the start of the inner iterations: 42507425.70750867
Gurobi status: 2

Statistics for model Linearization Heuristic :
  Linear constraint matrix    : 7662 Constrs, 4680 Vars, 1442301 NZs
  Matrix coefficient range    : [ 1.00025e-13, 1 ]
  Objective coefficient range : [ 9.36129e-24, 1.54025e+08 ]
  Variable bound range        : [ 0.05, 1 ]
  RHS coefficient range       : [ 7.14312e-09, 1 ]
Objective value for Line heur k = 52: 1966829.3053705145
38
Actual reward of current solution: 42507425.70750867
Minimum Difference with past solutions:0.0.
New solution equals old solution at k=52
37
Total Reward at the start of the inner iterations: 42507425.70750867
Gurobi status: 2

Statistics for model Linearization Heuristic :
  Linear constraint matrix    : 7497 Constrs, 4590 Vars, 1381233 NZs
  Matrix coefficient range    : [ 1.00025e-13, 1 ]
  Objective coefficient range : [ 9.36129e-24, 1.54025e+08 ]
  Variable bound range        : [ 0.05, 1 ]
  RHS coefficient range       : [ 7.27779e-09, 1 ]
Objective value for Line heur k = 53: 1932270.43830789
37
Actual reward of current solution: 42507425.70750867
Minimum Difference with past solutions:0.0.
New solution equals old solution at k=53
36
Total Reward at the start of the inner iterations: 42507425.70750867
Gurobi status: 2

Statistics for model Linearization Heuristic :
  Linear constraint matrix    : 7332 Constrs, 4500 Vars, 1321401 NZs
  Matrix coefficient range    : [ 1.00025e-13, 1 ]
  Objective coefficient range : [ 9.36129e-24, 1.54025e+08 ]
  Variable bound range        : [ 0.05, 1 ]
  RHS coefficient range       : [ 7.33372e-09, 1 ]
Objective value for Line heur k = 54: 1897444.9248651492
36
Actual reward of current solution: 42507425.70750867
Minimum Difference with past solutions:0.0.
New solution equals old solution at k=54
35
Total Reward at the start of the inner iterations: 42507425.70750867
Gurobi status: 2

Statistics for model Linearization Heuristic :
  Linear constraint matrix    : 7167 Constrs, 4410 Vars, 1262804 NZs
  Matrix coefficient range    : [ 1.00025e-13, 1 ]
  Objective coefficient range : [ 9.36129e-24, 1.54025e+08 ]
  Variable bound range        : [ 0.05, 1 ]
  RHS coefficient range       : [ 7.32519e-09, 1 ]
Objective value for Line heur k = 55: 1862365.5914389875
35
Actual reward of current solution: 42507425.70750867
Minimum Difference with past solutions:0.0.
New solution equals old solution at k=55
34
Total Reward at the start of the inner iterations: 42507425.70750867
Gurobi status: 2

Statistics for model Linearization Heuristic :
  Linear constraint matrix    : 7002 Constrs, 4320 Vars, 1205496 NZs
  Matrix coefficient range    : [ 1.00025e-13, 1 ]
  Objective coefficient range : [ 9.36129e-24, 1.54025e+08 ]
  Variable bound range        : [ 0.05, 1 ]
  RHS coefficient range       : [ 7.26445e-09, 0.290069 ]
Objective value for Line heur k = 56: 1827044.7157131801
34
Actual reward of current solution: 42507425.70750867
Minimum Difference with past solutions:0.0.
New solution equals old solution at k=56
33
Total Reward at the start of the inner iterations: 42507425.70750867
Gurobi status: 2

Statistics for model Linearization Heuristic :
  Linear constraint matrix    : 6891 Constrs, 4230 Vars, 1149424 NZs
  Matrix coefficient range    : [ 1.00025e-13, 1 ]
  Objective coefficient range : [ 9.36129e-24, 1.54025e+08 ]
  Variable bound range        : [ 0.05, 1 ]
  RHS coefficient range       : [ 7.16191e-09, 1 ]
Objective value for Line heur k = 57: 1791494.0935352833
33
Actual reward of current solution: 42507425.70750867
Minimum Difference with past solutions:0.0.
New solution equals old solution at k=57
32
Total Reward at the start of the inner iterations: 42507425.70750867
Gurobi status: 2

Statistics for model Linearization Heuristic :
  Linear constraint matrix    : 6726 Constrs, 4140 Vars, 1094534 NZs
  Matrix coefficient range    : [ 1.00025e-13, 1 ]
  Objective coefficient range : [ 9.36129e-24, 1.54025e+08 ]
  Variable bound range        : [ 0.05, 1 ]
  RHS coefficient range       : [ 7.02631e-09, 1 ]
Objective value for Line heur k = 58: 1755725.0761420545
32
Actual reward of current solution: 42507425.70750867
Minimum Difference with past solutions:0.0.
New solution equals old solution at k=58
31
Total Reward at the start of the inner iterations: 42507425.70750867
Gurobi status: 2

Statistics for model Linearization Heuristic :
  Linear constraint matrix    : 6561 Constrs, 4050 Vars, 1040879 NZs
  Matrix coefficient range    : [ 1.00025e-13, 1 ]
  Objective coefficient range : [ 9.36129e-24, 1.54025e+08 ]
  Variable bound range        : [ 0.05, 1 ]
  RHS coefficient range       : [ 6.86498e-09, 1 ]
Objective value for Line heur k = 59: 1719748.5917816965
31
Actual reward of current solution: 42507425.70750867
Minimum Difference with past solutions:0.0.
New solution equals old solution at k=59
30
Total Reward at the start of the inner iterations: 42507425.70750867
Gurobi status: 2

Statistics for model Linearization Heuristic :
  Linear constraint matrix    : 6396 Constrs, 3960 Vars, 988460 NZs
  Matrix coefficient range    : [ 1.00025e-13, 1 ]
  Objective coefficient range : [ 9.36129e-24, 1.54025e+08 ]
  Variable bound range        : [ 0.05, 1 ]
  RHS coefficient range       : [ 6.68406e-09, 1 ]
Objective value for Line heur k = 60: 1683575.159428288
30
Actual reward of current solution: 42507425.70750867
Minimum Difference with past solutions:0.0.
New solution equals old solution at k=60
29
Total Reward at the start of the inner iterations: 42507425.70750867
Gurobi status: 2

Statistics for model Linearization Heuristic :
  Linear constraint matrix    : 6231 Constrs, 3870 Vars, 937277 NZs
  Matrix coefficient range    : [ 1.00025e-13, 1 ]
  Objective coefficient range : [ 9.36129e-24, 1.54025e+08 ]
  Variable bound range        : [ 0.05, 1 ]
  RHS coefficient range       : [ 6.48864e-09, 1 ]
Objective value for Line heur k = 61: 1647214.8987597437
29
Actual reward of current solution: 42507425.70750867
Minimum Difference with past solutions:0.0.
New solution equals old solution at k=61
28
Total Reward at the start of the inner iterations: 42507425.70750867
Gurobi status: 2

Statistics for model Linearization Heuristic :
  Linear constraint matrix    : 6066 Constrs, 3780 Vars, 887330 NZs
  Matrix coefficient range    : [ 1.00025e-13, 1 ]
  Objective coefficient range : [ 9.36129e-24, 1.54025e+08 ]
  Variable bound range        : [ 0.05, 1 ]
  RHS coefficient range       : [ 6.28292e-09, 1 ]
Objective value for Line heur k = 62: 1610677.5386193632
28
Actual reward of current solution: 42507425.70750867
Minimum Difference with past solutions:0.0.
New solution equals old solution at k=62
27
Total Reward at the start of the inner iterations: 42507425.70750867
Gurobi status: 2

Statistics for model Linearization Heuristic :
  Linear constraint matrix    : 5901 Constrs, 3690 Vars, 838619 NZs
  Matrix coefficient range    : [ 1.00025e-13, 1 ]
  Objective coefficient range : [ 9.36129e-24, 1.54025e+08 ]
  Variable bound range        : [ 0.05, 1 ]
  RHS coefficient range       : [ 6.0704e-09, 1 ]
Objective value for Line heur k = 63: 1573972.4251044511
27
Actual reward of current solution: 42507425.70750867
Minimum Difference with past solutions:0.0.
New solution equals old solution at k=63
26
Total Reward at the start of the inner iterations: 42507425.70750867
Gurobi status: 2

Statistics for model Linearization Heuristic :
  Linear constraint matrix    : 5736 Constrs, 3600 Vars, 791143 NZs
  Matrix coefficient range    : [ 1.00025e-13, 1 ]
  Objective coefficient range : [ 9.36129e-24, 1.54025e+08 ]
  Variable bound range        : [ 0.05, 1 ]
  RHS coefficient range       : [ 5.85393e-09, 1 ]
Objective value for Line heur k = 64: 1537108.5298354547
26
Actual reward of current solution: 42507425.70750867
Minimum Difference with past solutions:0.0.
New solution equals old solution at k=64
25
Total Reward at the start of the inner iterations: 42507425.70750867
Gurobi status: 2

Statistics for model Linearization Heuristic :
  Linear constraint matrix    : 5571 Constrs, 3510 Vars, 744903 NZs
  Matrix coefficient range    : [ 1.00025e-13, 1 ]
  Objective coefficient range : [ 9.36129e-24, 1.54025e+08 ]
  Variable bound range        : [ 0.05, 1 ]
  RHS coefficient range       : [ 5.63586e-09, 1 ]
Objective value for Line heur k = 65: 1500094.4586395158
25
Actual reward of current solution: 42507425.70750867
Minimum Difference with past solutions:0.0.
New solution equals old solution at k=65
24
Total Reward at the start of the inner iterations: 42507425.70750867
Gurobi status: 2

Statistics for model Linearization Heuristic :
  Linear constraint matrix    : 5406 Constrs, 3420 Vars, 699900 NZs
  Matrix coefficient range    : [ 1.00025e-13, 1 ]
  Objective coefficient range : [ 9.36129e-24, 1.54025e+08 ]
  Variable bound range        : [ 0.05, 1 ]
  RHS coefficient range       : [ 5.4181e-09, 1 ]
Objective value for Line heur k = 66: 1462938.4607128967
24
Actual reward of current solution: 42507425.70750867
Minimum Difference with past solutions:0.0.
New solution equals old solution at k=66
23
Total Reward at the start of the inner iterations: 42507425.70750867
Gurobi status: 2

Statistics for model Linearization Heuristic :
  Linear constraint matrix    : 5241 Constrs, 3330 Vars, 656133 NZs
  Matrix coefficient range    : [ 1.00025e-13, 1 ]
  Objective coefficient range : [ 9.36129e-24, 1.54025e+08 ]
  Variable bound range        : [ 0.05, 1 ]
  RHS coefficient range       : [ 5.20217e-09, 1 ]
Objective value for Line heur k = 67: 1425648.4382403356
23
Actual reward of current solution: 42507425.70750867
Minimum Difference with past solutions:0.0.
New solution equals old solution at k=67
22
Total Reward at the start of the inner iterations: 42507425.70750867
Gurobi status: 2

Statistics for model Linearization Heuristic :
  Linear constraint matrix    : 5076 Constrs, 3240 Vars, 613601 NZs
  Matrix coefficient range    : [ 1.00025e-13, 1 ]
  Objective coefficient range : [ 9.36129e-24, 1.54025e+08 ]
  Variable bound range        : [ 0.05, 1 ]
  RHS coefficient range       : [ 4.98932e-09, 1 ]
Objective value for Line heur k = 68: 1388231.956408592
22
Actual reward of current solution: 42507425.70750867
Minimum Difference with past solutions:0.0.
New solution equals old solution at k=68
21
Total Reward at the start of the inner iterations: 42507425.70750867
Gurobi status: 2

Statistics for model Linearization Heuristic :
  Linear constraint matrix    : 4911 Constrs, 3150 Vars, 572306 NZs
  Matrix coefficient range    : [ 1.00025e-13, 1 ]
  Objective coefficient range : [ 9.36129e-24, 1.54025e+08 ]
  Variable bound range        : [ 0.05, 1 ]
  RHS coefficient range       : [ 4.78052e-09, 1 ]
Objective value for Line heur k = 69: 1350696.2537356578
21
Actual reward of current solution: 42507425.70750867
Minimum Difference with past solutions:0.0.
New solution equals old solution at k=69
20
Total Reward at the start of the inner iterations: 42507425.70750867
Gurobi status: 2

Statistics for model Linearization Heuristic :
  Linear constraint matrix    : 4746 Constrs, 3060 Vars, 532302 NZs
  Matrix coefficient range    : [ 1.00025e-13, 1 ]
  Objective coefficient range : [ 9.36129e-24, 1.54025e+08 ]
  Variable bound range        : [ 0.05, 1 ]
  RHS coefficient range       : [ 4.57652e-09, 0.289981 ]
Objective value for Line heur k = 70: 1313048.2526346103
20
Actual reward of current solution: 42507425.70750867
Minimum Difference with past solutions:0.0.
New solution equals old solution at k=70
19
Total Reward at the start of the inner iterations: 42507425.70750867
Gurobi status: 2

Statistics for model Linearization Heuristic :
  Linear constraint matrix    : 4635 Constrs, 2970 Vars, 493535 NZs
  Matrix coefficient range    : [ 1.00025e-13, 1 ]
  Objective coefficient range : [ 9.36129e-24, 1.54025e+08 ]
  Variable bound range        : [ 0.05, 1 ]
  RHS coefficient range       : [ 4.3779e-09, 1 ]
Objective value for Line heur k = 71: 1275294.5701359552
19
Actual reward of current solution: 42507425.70750867
Minimum Difference with past solutions:0.0.
New solution equals old solution at k=71
18
Total Reward at the start of the inner iterations: 42507425.70750867
Gurobi status: 2

Statistics for model Linearization Heuristic :
  Linear constraint matrix    : 4470 Constrs, 2880 Vars, 455951 NZs
  Matrix coefficient range    : [ 1.00025e-13, 1 ]
  Objective coefficient range : [ 9.36129e-24, 1.54025e+08 ]
  Variable bound range        : [ 0.05, 1 ]
  RHS coefficient range       : [ 4.18509e-09, 1 ]
Objective value for Line heur k = 72: 1237441.5287010164
18
Actual reward of current solution: 42507425.70750867
Minimum Difference with past solutions:0.0.
New solution equals old solution at k=72
17
Total Reward at the start of the inner iterations: 42507425.70750867
Gurobi status: 2

Statistics for model Linearization Heuristic :
  Linear constraint matrix    : 4305 Constrs, 2790 Vars, 419602 NZs
  Matrix coefficient range    : [ 1.00025e-13, 1 ]
  Objective coefficient range : [ 9.36129e-24, 1.54025e+08 ]
  Variable bound range        : [ 0.05, 1 ]
  RHS coefficient range       : [ 3.99839e-09, 1 ]
Objective value for Line heur k = 73: 1199495.1670705895
17
Actual reward of current solution: 42507425.70750867
Minimum Difference with past solutions:0.0.
New solution equals old solution at k=73
16
Total Reward at the start of the inner iterations: 42507425.70750867
Gurobi status: 2

Statistics for model Linearization Heuristic :
  Linear constraint matrix    : 4140 Constrs, 2700 Vars, 384493 NZs
  Matrix coefficient range    : [ 1.00025e-13, 1 ]
  Objective coefficient range : [ 9.36129e-24, 1.54025e+08 ]
  Variable bound range        : [ 0.05, 1 ]
  RHS coefficient range       : [ 3.81802e-09, 1 ]
Objective value for Line heur k = 74: 1161461.2511073153
16
Actual reward of current solution: 42507425.70750867
Minimum Difference with past solutions:0.0.
New solution equals old solution at k=74
15
Total Reward at the start of the inner iterations: 42507425.70750867
Gurobi status: 2

Statistics for model Linearization Heuristic :
  Linear constraint matrix    : 3975 Constrs, 2610 Vars, 350621 NZs
  Matrix coefficient range    : [ 1.00025e-13, 1 ]
  Objective coefficient range : [ 9.36129e-24, 1.54025e+08 ]
  Variable bound range        : [ 0.05, 1 ]
  RHS coefficient range       : [ 3.62046e-09, 1 ]
Objective value for Line heur k = 75: 1123345.2846087704
15
Actual reward of current solution: 42507425.70750867
Minimum Difference with past solutions:0.0.
New solution equals old solution at k=75
14
Total Reward at the start of the inner iterations: 42507425.70750867
Gurobi status: 2

Statistics for model Linearization Heuristic :
  Linear constraint matrix    : 3810 Constrs, 2520 Vars, 317985 NZs
  Matrix coefficient range    : [ 1.00025e-13, 1 ]
  Objective coefficient range : [ 9.36129e-24, 1.54025e+08 ]
  Variable bound range        : [ 0.05, 1 ]
  RHS coefficient range       : [ 2.74086e-09, 1 ]
Objective value for Line heur k = 76: 1085152.5200941104
14
Actual reward of current solution: 42507425.70750867
Minimum Difference with past solutions:0.0.
New solution equals old solution at k=76
13
Total Reward at the start of the inner iterations: 42507425.70750867
Gurobi status: 2

Statistics for model Linearization Heuristic :
  Linear constraint matrix    : 3645 Constrs, 2430 Vars, 286584 NZs
  Matrix coefficient range    : [ 1.00025e-13, 1 ]
  Objective coefficient range : [ 9.36129e-24, 1.54025e+08 ]
  Variable bound range        : [ 0.05, 1 ]
  RHS coefficient range       : [ 6.74583e-10, 1 ]
Objective value for Line heur k = 77: 1046887.9696055573
13
Actual reward of current solution: 42507425.70750867
Minimum Difference with past solutions:0.0.
New solution equals old solution at k=77
12
Total Reward at the start of the inner iterations: 42507425.70750867
Gurobi status: 2

Statistics for model Linearization Heuristic :
  Linear constraint matrix    : 3480 Constrs, 2340 Vars, 256421 NZs
  Matrix coefficient range    : [ 1.00025e-13, 1 ]
  Objective coefficient range : [ 9.36129e-24, 1.54025e+08 ]
  Variable bound range        : [ 0.05, 1 ]
  RHS coefficient range       : [ 5.91786e-10, 1 ]
Objective value for Line heur k = 78: 1008556.4156275261
12
Actual reward of current solution: 42507425.70750867
Minimum Difference with past solutions:0.0.
New solution equals old solution at k=78
11
Total Reward at the start of the inner iterations: 42507425.70750867
Gurobi status: 2

Statistics for model Linearization Heuristic :
  Linear constraint matrix    : 3315 Constrs, 2250 Vars, 227495 NZs
  Matrix coefficient range    : [ 1.00025e-13, 1 ]
  Objective coefficient range : [ 9.36129e-24, 1.54025e+08 ]
  Variable bound range        : [ 0.05, 1 ]
  RHS coefficient range       : [ 9.106e-12, 1 ]
Objective value for Line heur k = 79: 970162.4223277873
11
Actual reward of current solution: 42507425.70750867
Minimum Difference with past solutions:0.0.
New solution equals old solution at k=79
10
Total Reward at the start of the inner iterations: 42507425.70750867
Gurobi status: 2

Statistics for model Linearization Heuristic :
  Linear constraint matrix    : 3150 Constrs, 2160 Vars, 199808 NZs
  Matrix coefficient range    : [ 1.00025e-13, 1 ]
  Objective coefficient range : [ 9.36129e-24, 1.54025e+08 ]
  Variable bound range        : [ 0.05, 1 ]
  RHS coefficient range       : [ 7.80845e-10, 1 ]
Objective value for Line heur k = 80: 931710.3474967879
10
Actual reward of current solution: 42507425.70750867
Minimum Difference with past solutions:0.0.
New solution equals old solution at k=80
9
Total Reward at the start of the inner iterations: 42507425.70750867
Gurobi status: 2

Statistics for model Linearization Heuristic :
  Linear constraint matrix    : 2985 Constrs, 2070 Vars, 173359 NZs
  Matrix coefficient range    : [ 1.00025e-13, 1 ]
  Objective coefficient range : [ 9.36129e-24, 1.54025e+08 ]
  Variable bound range        : [ 0.05, 1 ]
  RHS coefficient range       : [ 1.66367e-09, 1 ]
Objective value for Line heur k = 81: 893204.3558555162
9
Actual reward of current solution: 42507425.70750867
Minimum Difference with past solutions:0.0.
New solution equals old solution at k=81
8
Total Reward at the start of the inner iterations: 42507425.70750867
Gurobi status: 2

Statistics for model Linearization Heuristic :
  Linear constraint matrix    : 2820 Constrs, 1980 Vars, 148150 NZs
  Matrix coefficient range    : [ 1.00025e-13, 1 ]
  Objective coefficient range : [ 9.36129e-24, 1.54025e+08 ]
  Variable bound range        : [ 0.05, 1 ]
  RHS coefficient range       : [ 2.54901e-09, 1 ]
Objective value for Line heur k = 82: 854648.4349093768
8
Actual reward of current solution: 42507425.70750867
Minimum Difference with past solutions:0.0.
New solution equals old solution at k=82
7
Total Reward at the start of the inner iterations: 42507425.70750867
Gurobi status: 2

Statistics for model Linearization Heuristic :
  Linear constraint matrix    : 2655 Constrs, 1890 Vars, 124187 NZs
  Matrix coefficient range    : [ 1.00025e-13, 1 ]
  Objective coefficient range : [ 9.36129e-24, 1.54025e+08 ]
  Variable bound range        : [ 0.05, 1 ]
  RHS coefficient range       : [ 3.43873e-09, 1 ]
Objective value for Line heur k = 83: 816046.4154025402
7
Actual reward of current solution: 42507425.70750867
Minimum Difference with past solutions:0.0.
New solution equals old solution at k=83
6
Total Reward at the start of the inner iterations: 42507425.70750867
Gurobi status: 2

Statistics for model Linearization Heuristic :
  Linear constraint matrix    : 2490 Constrs, 1800 Vars, 101528 NZs
  Matrix coefficient range    : [ 1.00025e-13, 1 ]
  Objective coefficient range : [ 9.36129e-24, 1.54025e+08 ]
  Variable bound range        : [ 0.05, 1 ]
  RHS coefficient range       : [ 4.33602e-09, 0.289926 ]
Objective value for Line heur k = 84: 777401.9999464423
6
Actual reward of current solution: 42507425.70750867
Minimum Difference with past solutions:0.0.
New solution equals old solution at k=84
5
Total Reward at the start of the inner iterations: 42507425.70750867
Gurobi status: 2

Statistics for model Linearization Heuristic :
  Linear constraint matrix    : 2379 Constrs, 1710 Vars, 80133 NZs
  Matrix coefficient range    : [ 1.00025e-13, 1 ]
  Objective coefficient range : [ 9.36129e-24, 1.54025e+08 ]
  Variable bound range        : [ 0.05, 1 ]
  RHS coefficient range       : [ 5.24647e-09, 1 ]
Objective value for Line heur k = 85: 738718.8060298612
5
Actual reward of current solution: 42507425.70750867
Minimum Difference with past solutions:0.0.
New solution equals old solution at k=85
4
Total Reward at the start of the inner iterations: 42507425.70750867
Gurobi status: 2

Statistics for model Linearization Heuristic :
  Linear constraint matrix    : 2214 Constrs, 1620 Vars, 59967 NZs
  Matrix coefficient range    : [ 1.00025e-13, 1 ]
  Objective coefficient range : [ 9.36129e-24, 1.54025e+08 ]
  Variable bound range        : [ 0.05, 1 ]
  RHS coefficient range       : [ 6.17973e-09, 1 ]
Objective value for Line heur k = 86: 700000.4341858093
4
Actual reward of current solution: 42507425.70750867
Minimum Difference with past solutions:0.0.
New solution equals old solution at k=86
3
Total Reward at the start of the inner iterations: 42507425.70750867
Gurobi status: 2

Statistics for model Linearization Heuristic :
  Linear constraint matrix    : 2049 Constrs, 1530 Vars, 41164 NZs
  Matrix coefficient range    : [ 1.00589e-13, 1 ]
  Objective coefficient range : [ 9.36129e-24, 1.54025e+08 ]
  Variable bound range        : [ 0.05, 1 ]
  RHS coefficient range       : [ 7.15257e-09, 1 ]
Objective value for Line heur k = 87: 661250.5800136854
3
Actual reward of current solution: 42507425.70750867
Minimum Difference with past solutions:0.0.
New solution equals old solution at k=87
2
Total Reward at the start of the inner iterations: 42507425.70750867
Gurobi status: 2

Statistics for model Linearization Heuristic :
  Linear constraint matrix    : 1884 Constrs, 1440 Vars, 23921 NZs
  Matrix coefficient range    : [ 1.03081e-13, 1 ]
  Objective coefficient range : [ 3.50123e-22, 1.54025e+08 ]
  Variable bound range        : [ 0.05, 1 ]
  RHS coefficient range       : [ 8.19407e-09, 1 ]
Objective value for Line heur k = 88: 622473.2224993712
2
Actual reward of current solution: 42507425.70750867
Minimum Difference with past solutions:0.0.
New solution equals old solution at k=88
1
Total Reward at the start of the inner iterations: 42507425.70750867
Gurobi status: 2

Statistics for model Linearization Heuristic :
  Linear constraint matrix    : 1719 Constrs, 1350 Vars, 11834 NZs
  Matrix coefficient range    : [ 1.0498e-13, 1 ]
  Objective coefficient range : [ 3.46945e-18, 1.54025e+08 ]
  Variable bound range        : [ 0.05, 1 ]
  RHS coefficient range       : [ 9.35469e-09, 1 ]
Objective value for Line heur k = 89: 583672.9449179587
1
Actual reward of current solution: 42507425.70750867
Minimum Difference with past solutions:0.0.
New solution equals old solution at k=89
0
Total Reward at the start of the inner iterations: 42507425.70750867
Gurobi status: 2

Statistics for model Linearization Heuristic :
  Linear constraint matrix    : 1554 Constrs, 1260 Vars, 2709 NZs
  Matrix coefficient range    : [ 0.288979, 1 ]
  Objective coefficient range : [ 3.46945e-18, 1.54025e+08 ]
  Variable bound range        : [ 0.05, 1 ]
  RHS coefficient range       : [ 1.07219e-08, 0.289911 ]
Objective value for Line heur k = 90: 544855.4859614801
0
Actual reward of current solution: 42507425.70750867
Minimum Difference with past solutions:0.0.
New solution equals old solution at k=90
0
Total Reward at the start of the inner iterations: 42507425.70750867
Gurobi status: 2

Statistics for model Linearization Heuristic :
  Linear constraint matrix    : 1443 Constrs, 1170 Vars, 2457 NZs
  Matrix coefficient range    : [ 0.317935, 1 ]
  Objective coefficient range : [ 3.46945e-18, 1.54025e+08 ]
  Variable bound range        : [ 0.05, 1 ]
  RHS coefficient range       : [ 1.07219e-08, 0.289911 ]
Objective value for Line heur k = 91: 505937.2350638691
0
Actual reward of current solution: 42507425.70750867
Minimum Difference with past solutions:0.0.
New solution equals old solution at k=91
0
Total Reward at the start of the inner iterations: 42507425.70750867
Gurobi status: 2

Statistics for model Linearization Heuristic :
  Linear constraint matrix    : 1332 Constrs, 1080 Vars, 2214 NZs
  Matrix coefficient range    : [ 0.349792, 1 ]
  Objective coefficient range : [ 3.46945e-18, 1.54025e+08 ]
  Variable bound range        : [ 0.05, 1 ]
  RHS coefficient range       : [ 1.07219e-08, 0.289911 ]
Objective value for Line heur k = 92: 467018.98460087547
0
Actual reward of current solution: 42507425.70750867
Minimum Difference with past solutions:0.0.
New solution equals old solution at k=92
0
Total Reward at the start of the inner iterations: 42507425.70750867
Gurobi status: 2

Statistics for model Linearization Heuristic :
  Linear constraint matrix    : 1221 Constrs, 990 Vars, 1980 NZs
  Matrix coefficient range    : [ 0.384842, 1 ]
  Objective coefficient range : [ 3.46945e-18, 1.54025e+08 ]
  Variable bound range        : [ 0.05, 1 ]
  RHS coefficient range       : [ 1.07219e-08, 0.289911 ]
Objective value for Line heur k = 93: 428100.73455164634
0
Actual reward of current solution: 42507425.70750867
Minimum Difference with past solutions:0.0.
New solution equals old solution at k=93
0
Total Reward at the start of the inner iterations: 42507425.70750867
Gurobi status: 2

Statistics for model Linearization Heuristic :
  Linear constraint matrix    : 1110 Constrs, 900 Vars, 1755 NZs
  Matrix coefficient range    : [ 0.423403, 1 ]
  Objective coefficient range : [ 3.46945e-18, 1.54025e+08 ]
  Variable bound range        : [ 0.05, 1 ]
  RHS coefficient range       : [ 1.07219e-08, 0.289911 ]
Objective value for Line heur k = 94: 389182.48487859213
0
Actual reward of current solution: 42507425.70750867
Minimum Difference with past solutions:0.0.
New solution equals old solution at k=94
0
Total Reward at the start of the inner iterations: 42507425.70750867
Gurobi status: 2

Statistics for model Linearization Heuristic :
  Linear constraint matrix    : 999 Constrs, 810 Vars, 1539 NZs
  Matrix coefficient range    : [ 0.465828, 1 ]
  Objective coefficient range : [ 3.46945e-18, 1.54025e+08 ]
  Variable bound range        : [ 0.05, 1 ]
  RHS coefficient range       : [ 1.07219e-08, 0.289911 ]
Objective value for Line heur k = 95: 350264.2355370577
0
Actual reward of current solution: 42507425.70750867
Minimum Difference with past solutions:0.0.
New solution equals old solution at k=95
0
Total Reward at the start of the inner iterations: 42507425.70750867
Gurobi status: 2

Statistics for model Linearization Heuristic :
  Linear constraint matrix    : 888 Constrs, 720 Vars, 1332 NZs
  Matrix coefficient range    : [ 0.512504, 1 ]
  Objective coefficient range : [ 3.46945e-18, 1.54025e+08 ]
  Variable bound range        : [ 0.05, 1 ]
  RHS coefficient range       : [ 1.07219e-08, 0.289911 ]
Objective value for Line heur k = 96: 311345.9864812041
0
Actual reward of current solution: 42507425.70750867
Minimum Difference with past solutions:0.0.
New solution equals old solution at k=96
0
Total Reward at the start of the inner iterations: 42507425.70750867
Gurobi status: 2

Statistics for model Linearization Heuristic :
  Linear constraint matrix    : 777 Constrs, 630 Vars, 1134 NZs
  Matrix coefficient range    : [ 0.563857, 1 ]
  Objective coefficient range : [ 3.46945e-18, 1.54025e+08 ]
  Variable bound range        : [ 0.05, 1 ]
  RHS coefficient range       : [ 1.07219e-08, 0.289911 ]
Objective value for Line heur k = 97: 272427.7376673937
0
Actual reward of current solution: 42507425.70750867
Minimum Difference with past solutions:0.0.
New solution equals old solution at k=97
0
Total Reward at the start of the inner iterations: 42507425.70750867
Gurobi status: 2

Statistics for model Linearization Heuristic :
  Linear constraint matrix    : 666 Constrs, 540 Vars, 945 NZs
  Matrix coefficient range    : [ 0.620356, 1 ]
  Objective coefficient range : [ 3.46945e-18, 1.54025e+08 ]
  Variable bound range        : [ 0.05, 1 ]
  RHS coefficient range       : [ 1.07219e-08, 0.289911 ]
Objective value for Line heur k = 98: 233509.48905595066
0
Actual reward of current solution: 42507425.70750867
Minimum Difference with past solutions:0.0.
New solution equals old solution at k=98
0
Total Reward at the start of the inner iterations: 42507425.70750867
Gurobi status: 2

Statistics for model Linearization Heuristic :
  Linear constraint matrix    : 555 Constrs, 450 Vars, 765 NZs
  Matrix coefficient range    : [ 0.682516, 1 ]
  Objective coefficient range : [ 3.46945e-18, 1.54025e+08 ]
  Variable bound range        : [ 0.05, 1 ]
  RHS coefficient range       : [ 1.07219e-08, 0.289911 ]
Objective value for Line heur k = 99: 194591.2406119099
0
Actual reward of current solution: 42507425.70750867
Minimum Difference with past solutions:0.0.
New solution equals old solution at k=99
0
Total Reward at the start of the inner iterations: 42507425.70750867
Gurobi status: 2

Statistics for model Linearization Heuristic :
  Linear constraint matrix    : 444 Constrs, 360 Vars, 594 NZs
  Matrix coefficient range    : [ 0.750904, 1 ]
  Objective coefficient range : [ 3.46945e-18, 1.54025e+08 ]
  Variable bound range        : [ 0.05, 1 ]
  RHS coefficient range       : [ 1.07219e-08, 0.289911 ]
Objective value for Line heur k = 100: 155672.9923051408
0
Actual reward of current solution: 42507425.70750867
Minimum Difference with past solutions:0.0.
New solution equals old solution at k=100
0
Total Reward at the start of the inner iterations: 42507425.70750867
Gurobi status: 2

Statistics for model Linearization Heuristic :
  Linear constraint matrix    : 333 Constrs, 270 Vars, 432 NZs
  Matrix coefficient range    : [ 0.826145, 1 ]
  Objective coefficient range : [ 3.46945e-18, 1.54025e+08 ]
  Variable bound range        : [ 0.05, 1 ]
  RHS coefficient range       : [ 1.07219e-08, 0.289911 ]
Objective value for Line heur k = 101: 116754.74411011553
0
Actual reward of current solution: 42507425.70750867
Minimum Difference with past solutions:0.0.
New solution equals old solution at k=101
0
Total Reward at the start of the inner iterations: 42507425.70750867
Gurobi status: 2

Statistics for model Linearization Heuristic :
  Linear constraint matrix    : 222 Constrs, 180 Vars, 279 NZs
  Matrix coefficient range    : [ 0.908925, 1 ]
  Objective coefficient range : [ 2.01209e-05, 1.54025e+08 ]
  Variable bound range        : [ 0.05, 1 ]
  RHS coefficient range       : [ 1.07219e-08, 0.289911 ]
Objective value for Line heur k = 102: 77836.49600549138
0
Actual reward of current solution: 42507425.70750867
Minimum Difference with past solutions:0.0.
New solution equals old solution at k=102
0
Total Reward at the start of the inner iterations: 42507425.70750867
Gurobi status: 2

Statistics for model Linearization Heuristic :
  Linear constraint matrix    : 111 Constrs, 90 Vars, 135 NZs
  Matrix coefficient range    : [ 1, 1 ]
  Objective coefficient range : [ 109.922, 1.54025e+08 ]
  Variable bound range        : [ 0.05, 1 ]
  RHS coefficient range       : [ 1.07219e-08, 0.289911 ]
Objective value for Line heur k = 103: 38918.24797361218
0
Actual reward of current solution: 42507425.70750867
Minimum Difference with past solutions:0.0.
New solution equals old solution at k=103
Total running time for 90 days is 1872.7866551876068
Economic Value: 54980191.695837505
Deaths 0.08360141725758952
Total Reward 42507425.70750867
