ParameterFittingRandomToPython.py:122: UserWarning: Boolean Series key will be reindexed to match DataFrame index.
  days = data[data['reg']==11][data['cl_age90']==0].jour.values
ParameterFittingRandomToPython.py:135: UserWarning: Boolean Series key will be reindexed to match DataFrame index.
  age_groups[i]:data[data['reg']==11][data['cl_age90']==10*i+9].hosp.values for i in range(0,9)
ParameterFittingRandomToPython.py:135: UserWarning: Boolean Series key will be reindexed to match DataFrame index.
  age_groups[i]:data[data['reg']==11][data['cl_age90']==10*i+9].hosp.values for i in range(0,9)
ParameterFittingRandomToPython.py:135: UserWarning: Boolean Series key will be reindexed to match DataFrame index.
  age_groups[i]:data[data['reg']==11][data['cl_age90']==10*i+9].hosp.values for i in range(0,9)
ParameterFittingRandomToPython.py:135: UserWarning: Boolean Series key will be reindexed to match DataFrame index.
  age_groups[i]:data[data['reg']==11][data['cl_age90']==10*i+9].hosp.values for i in range(0,9)
ParameterFittingRandomToPython.py:135: UserWarning: Boolean Series key will be reindexed to match DataFrame index.
  age_groups[i]:data[data['reg']==11][data['cl_age90']==10*i+9].hosp.values for i in range(0,9)
ParameterFittingRandomToPython.py:135: UserWarning: Boolean Series key will be reindexed to match DataFrame index.
  age_groups[i]:data[data['reg']==11][data['cl_age90']==10*i+9].hosp.values for i in range(0,9)
ParameterFittingRandomToPython.py:135: UserWarning: Boolean Series key will be reindexed to match DataFrame index.
  age_groups[i]:data[data['reg']==11][data['cl_age90']==10*i+9].hosp.values for i in range(0,9)
ParameterFittingRandomToPython.py:135: UserWarning: Boolean Series key will be reindexed to match DataFrame index.
  age_groups[i]:data[data['reg']==11][data['cl_age90']==10*i+9].hosp.values for i in range(0,9)
ParameterFittingRandomToPython.py:135: UserWarning: Boolean Series key will be reindexed to match DataFrame index.
  age_groups[i]:data[data['reg']==11][data['cl_age90']==10*i+9].hosp.values for i in range(0,9)
ParameterFittingRandomToPython.py:137: UserWarning: Boolean Series key will be reindexed to match DataFrame index.
  beds_real['age_group_80_plus']+=data[data['reg']==11][data['cl_age90']==90].hosp.values
ParameterFittingRandomToPython.py:138: UserWarning: Boolean Series key will be reindexed to match DataFrame index.
  beds_real['total']=data[data['reg']==11][data['cl_age90']==0].hosp.values
ParameterFittingRandomToPython.py:141: UserWarning: Boolean Series key will be reindexed to match DataFrame index.
  age_groups[i]:data[data['reg']==11][data['cl_age90']==10*i+9].rea.values for i in range(0,9)
ParameterFittingRandomToPython.py:141: UserWarning: Boolean Series key will be reindexed to match DataFrame index.
  age_groups[i]:data[data['reg']==11][data['cl_age90']==10*i+9].rea.values for i in range(0,9)
ParameterFittingRandomToPython.py:141: UserWarning: Boolean Series key will be reindexed to match DataFrame index.
  age_groups[i]:data[data['reg']==11][data['cl_age90']==10*i+9].rea.values for i in range(0,9)
ParameterFittingRandomToPython.py:141: UserWarning: Boolean Series key will be reindexed to match DataFrame index.
  age_groups[i]:data[data['reg']==11][data['cl_age90']==10*i+9].rea.values for i in range(0,9)
ParameterFittingRandomToPython.py:141: UserWarning: Boolean Series key will be reindexed to match DataFrame index.
  age_groups[i]:data[data['reg']==11][data['cl_age90']==10*i+9].rea.values for i in range(0,9)
ParameterFittingRandomToPython.py:141: UserWarning: Boolean Series key will be reindexed to match DataFrame index.
  age_groups[i]:data[data['reg']==11][data['cl_age90']==10*i+9].rea.values for i in range(0,9)
ParameterFittingRandomToPython.py:141: UserWarning: Boolean Series key will be reindexed to match DataFrame index.
  age_groups[i]:data[data['reg']==11][data['cl_age90']==10*i+9].rea.values for i in range(0,9)
ParameterFittingRandomToPython.py:141: UserWarning: Boolean Series key will be reindexed to match DataFrame index.
  age_groups[i]:data[data['reg']==11][data['cl_age90']==10*i+9].rea.values for i in range(0,9)
ParameterFittingRandomToPython.py:141: UserWarning: Boolean Series key will be reindexed to match DataFrame index.
  age_groups[i]:data[data['reg']==11][data['cl_age90']==10*i+9].rea.values for i in range(0,9)
ParameterFittingRandomToPython.py:143: UserWarning: Boolean Series key will be reindexed to match DataFrame index.
  icus_real['age_group_80_plus']+=data[data['reg']==11][data['cl_age90']==90].rea.values
ParameterFittingRandomToPython.py:144: UserWarning: Boolean Series key will be reindexed to match DataFrame index.
  icus_real['total']=data[data['reg']==11][data['cl_age90']==0].rea.values
ParameterFittingRandomToPython.py:147: UserWarning: Boolean Series key will be reindexed to match DataFrame index.
  age_groups[i]:data[data['reg']==11][data['cl_age90']==10*i+9].dc.values for i in range(0,9)
ParameterFittingRandomToPython.py:147: UserWarning: Boolean Series key will be reindexed to match DataFrame index.
  age_groups[i]:data[data['reg']==11][data['cl_age90']==10*i+9].dc.values for i in range(0,9)
ParameterFittingRandomToPython.py:147: UserWarning: Boolean Series key will be reindexed to match DataFrame index.
  age_groups[i]:data[data['reg']==11][data['cl_age90']==10*i+9].dc.values for i in range(0,9)
ParameterFittingRandomToPython.py:147: UserWarning: Boolean Series key will be reindexed to match DataFrame index.
  age_groups[i]:data[data['reg']==11][data['cl_age90']==10*i+9].dc.values for i in range(0,9)
ParameterFittingRandomToPython.py:147: UserWarning: Boolean Series key will be reindexed to match DataFrame index.
  age_groups[i]:data[data['reg']==11][data['cl_age90']==10*i+9].dc.values for i in range(0,9)
ParameterFittingRandomToPython.py:147: UserWarning: Boolean Series key will be reindexed to match DataFrame index.
  age_groups[i]:data[data['reg']==11][data['cl_age90']==10*i+9].dc.values for i in range(0,9)
ParameterFittingRandomToPython.py:147: UserWarning: Boolean Series key will be reindexed to match DataFrame index.
  age_groups[i]:data[data['reg']==11][data['cl_age90']==10*i+9].dc.values for i in range(0,9)
ParameterFittingRandomToPython.py:147: UserWarning: Boolean Series key will be reindexed to match DataFrame index.
  age_groups[i]:data[data['reg']==11][data['cl_age90']==10*i+9].dc.values for i in range(0,9)
ParameterFittingRandomToPython.py:147: UserWarning: Boolean Series key will be reindexed to match DataFrame index.
  age_groups[i]:data[data['reg']==11][data['cl_age90']==10*i+9].dc.values for i in range(0,9)
ParameterFittingRandomToPython.py:149: UserWarning: Boolean Series key will be reindexed to match DataFrame index.
  deaths_real['age_group_80_plus']+=data[data['reg']==11][data['cl_age90']==90].dc.values
ParameterFittingRandomToPython.py:150: UserWarning: Boolean Series key will be reindexed to match DataFrame index.
  deaths_real['total']=data[data['reg']==11][data['cl_age90']==0].dc.values
ParameterFittingRandomToPython.py:211: UserWarning: Boolean Series key will be reindexed to match DataFrame index.
  mult_deaths = np.sum(data[data['reg']==11][data['cl_age90']==0].hosp.values)/np.sum(data[data['reg']==11][data['cl_age90']==0].dc.values)
ParameterFittingRandomToPython.py:211: UserWarning: Boolean Series key will be reindexed to match DataFrame index.
  mult_deaths = np.sum(data[data['reg']==11][data['cl_age90']==0].hosp.values)/np.sum(data[data['reg']==11][data['cl_age90']==0].dc.values)
ParameterFittingRandomToPython.py:213: UserWarning: Boolean Series key will be reindexed to match DataFrame index.
  mult_icus = np.sum(data[data['reg']==11][data['cl_age90']==0].hosp.values)/np.sum(data[data['reg']==11][data['cl_age90']==0].rea.values)
ParameterFittingRandomToPython.py:213: UserWarning: Boolean Series key will be reindexed to match DataFrame index.
  mult_icus = np.sum(data[data['reg']==11][data['cl_age90']==0].hosp.values)/np.sum(data[data['reg']==11][data['cl_age90']==0].rea.values)
{'groups': 'all', 'params_to_try': {'delta_schooling': [0.5, 1, 5], 'xi': [0, 371990.3, 929975.75, 1859951.5, 3719903, 5579854.5], 'icus': [2000, 2300, 2600, 2900, 3200], 'tests': [[0, 0], [30000, 30000], [60000, 60000], [120000, 120000]], 'testing': ['homogeneous'], 'eta': [0, 0.1, 0.2]}}
{'groups': 'all', 'params_to_try': {'delta_schooling': [0.5, 1, 5], 'xi': [0, 371990.3, 929975.75, 1859951.5, 3719903, 5579854.5], 'icus': [2000, 2300, 2600, 2900, 3200], 'tests': [[0, 0], [30000, 30000], [60000, 60000], [120000, 120000]], 'testing': ['homogeneous'], 'eta': [0, 0.1, 0.2]}}
0.7791072263244828
7.194862933913178
best_error: 17.9035102039834
best_error: 17.90351020397324
best_error: 17.903510203966622
best_error: 17.903506333860804
best_error: 17.903506333850622
best_error: 17.903506333843772
best_error: 17.90350237243415
best_error: 17.903502372423944
best_error: 17.903502372416852
best_error: 17.903486047233223
best_error: 17.903486047222923
best_error: 17.90348604721484
best_error: 17.903412406359973
best_error: 17.903412406349265
best_error: 17.903412406336702
best_error: 17.902931267608377
best_error: 17.9029312675955
best_error: 17.902931267553676
best_error: 17.89375903843388
best_error: 17.89375903837656
best_error: 17.893725925104842
best_error: 17.89372592504662
best_error: 17.893588110701838
best_error: 17.893588110639783
best_error: 17.892934086202246
best_error: 17.892934086120285
best_error: 17.892172960616655
best_error: 17.89217296061598
best_error: 17.892172956033964
best_error: 17.89217295603328
best_error: 17.892172937682847
best_error: 17.892172937682165
best_error: 17.892172863952084
best_error: 17.892172863952077
best_error: 17.892172863951398
best_error: 17.89217256374795
best_error: 17.892172563747245
best_error: 17.89217127443788
best_error: 17.892171274437878
best_error: 17.892171274437093
best_error: 17.892164400537066
best_error: 17.892164400537062
best_error: 17.892164400535833
best_error: 17.89213028361347
