ParameterFittingRandomToPython.py:123: UserWarning: Boolean Series key will be reindexed to match DataFrame index.
  french_days = data[data['reg']==11][data['cl_age90']==0].jour.values
ParameterFittingRandomToPython.py:131: UserWarning: Boolean Series key will be reindexed to match DataFrame index.
  age_groups[i]:data[data['reg']==11][data['cl_age90']==10*i+9].dc.values for i in range(0,9)
ParameterFittingRandomToPython.py:131: UserWarning: Boolean Series key will be reindexed to match DataFrame index.
  age_groups[i]:data[data['reg']==11][data['cl_age90']==10*i+9].dc.values for i in range(0,9)
ParameterFittingRandomToPython.py:131: UserWarning: Boolean Series key will be reindexed to match DataFrame index.
  age_groups[i]:data[data['reg']==11][data['cl_age90']==10*i+9].dc.values for i in range(0,9)
ParameterFittingRandomToPython.py:131: UserWarning: Boolean Series key will be reindexed to match DataFrame index.
  age_groups[i]:data[data['reg']==11][data['cl_age90']==10*i+9].dc.values for i in range(0,9)
ParameterFittingRandomToPython.py:131: UserWarning: Boolean Series key will be reindexed to match DataFrame index.
  age_groups[i]:data[data['reg']==11][data['cl_age90']==10*i+9].dc.values for i in range(0,9)
ParameterFittingRandomToPython.py:131: UserWarning: Boolean Series key will be reindexed to match DataFrame index.
  age_groups[i]:data[data['reg']==11][data['cl_age90']==10*i+9].dc.values for i in range(0,9)
ParameterFittingRandomToPython.py:131: UserWarning: Boolean Series key will be reindexed to match DataFrame index.
  age_groups[i]:data[data['reg']==11][data['cl_age90']==10*i+9].dc.values for i in range(0,9)
ParameterFittingRandomToPython.py:131: UserWarning: Boolean Series key will be reindexed to match DataFrame index.
  age_groups[i]:data[data['reg']==11][data['cl_age90']==10*i+9].dc.values for i in range(0,9)
ParameterFittingRandomToPython.py:131: UserWarning: Boolean Series key will be reindexed to match DataFrame index.
  age_groups[i]:data[data['reg']==11][data['cl_age90']==10*i+9].dc.values for i in range(0,9)
ParameterFittingRandomToPython.py:133: UserWarning: Boolean Series key will be reindexed to match DataFrame index.
  deaths_real['age_group_80_plus']+=data[data['reg']==11][data['cl_age90']==90].dc.values
ParameterFittingRandomToPython.py:134: UserWarning: Boolean Series key will be reindexed to match DataFrame index.
  deaths_real['total']=data[data['reg']==11][data['cl_age90']==0].dc.values
ParameterFittingRandomToPython.py:138: UserWarning: Boolean Series key will be reindexed to match DataFrame index.
  age_groups[i]:data[data['reg']==11][data['cl_age90']==10*i+9].rea.values for i in range(0,9)
ParameterFittingRandomToPython.py:138: UserWarning: Boolean Series key will be reindexed to match DataFrame index.
  age_groups[i]:data[data['reg']==11][data['cl_age90']==10*i+9].rea.values for i in range(0,9)
ParameterFittingRandomToPython.py:138: UserWarning: Boolean Series key will be reindexed to match DataFrame index.
  age_groups[i]:data[data['reg']==11][data['cl_age90']==10*i+9].rea.values for i in range(0,9)
ParameterFittingRandomToPython.py:138: UserWarning: Boolean Series key will be reindexed to match DataFrame index.
  age_groups[i]:data[data['reg']==11][data['cl_age90']==10*i+9].rea.values for i in range(0,9)
ParameterFittingRandomToPython.py:138: UserWarning: Boolean Series key will be reindexed to match DataFrame index.
  age_groups[i]:data[data['reg']==11][data['cl_age90']==10*i+9].rea.values for i in range(0,9)
ParameterFittingRandomToPython.py:138: UserWarning: Boolean Series key will be reindexed to match DataFrame index.
  age_groups[i]:data[data['reg']==11][data['cl_age90']==10*i+9].rea.values for i in range(0,9)
ParameterFittingRandomToPython.py:138: UserWarning: Boolean Series key will be reindexed to match DataFrame index.
  age_groups[i]:data[data['reg']==11][data['cl_age90']==10*i+9].rea.values for i in range(0,9)
ParameterFittingRandomToPython.py:138: UserWarning: Boolean Series key will be reindexed to match DataFrame index.
  age_groups[i]:data[data['reg']==11][data['cl_age90']==10*i+9].rea.values for i in range(0,9)
ParameterFittingRandomToPython.py:138: UserWarning: Boolean Series key will be reindexed to match DataFrame index.
  age_groups[i]:data[data['reg']==11][data['cl_age90']==10*i+9].rea.values for i in range(0,9)
ParameterFittingRandomToPython.py:140: UserWarning: Boolean Series key will be reindexed to match DataFrame index.
  icus_real['age_group_80_plus']+=data[data['reg']==11][data['cl_age90']==90].rea.values
ParameterFittingRandomToPython.py:141: UserWarning: Boolean Series key will be reindexed to match DataFrame index.
  icus_real['total']=data[data['reg']==11][data['cl_age90']==0].rea.values
ParameterFittingRandomToPython.py:145: UserWarning: Boolean Series key will be reindexed to match DataFrame index.
  age_groups[i]:data[data['reg']==11][data['cl_age90']==10*i+9].hosp.values-data[data['reg']==11][data['cl_age90']==10*i+9].rea.values for i in range(0,9)
ParameterFittingRandomToPython.py:145: UserWarning: Boolean Series key will be reindexed to match DataFrame index.
  age_groups[i]:data[data['reg']==11][data['cl_age90']==10*i+9].hosp.values-data[data['reg']==11][data['cl_age90']==10*i+9].rea.values for i in range(0,9)
ParameterFittingRandomToPython.py:145: UserWarning: Boolean Series key will be reindexed to match DataFrame index.
  age_groups[i]:data[data['reg']==11][data['cl_age90']==10*i+9].hosp.values-data[data['reg']==11][data['cl_age90']==10*i+9].rea.values for i in range(0,9)
ParameterFittingRandomToPython.py:145: UserWarning: Boolean Series key will be reindexed to match DataFrame index.
  age_groups[i]:data[data['reg']==11][data['cl_age90']==10*i+9].hosp.values-data[data['reg']==11][data['cl_age90']==10*i+9].rea.values for i in range(0,9)
ParameterFittingRandomToPython.py:145: UserWarning: Boolean Series key will be reindexed to match DataFrame index.
  age_groups[i]:data[data['reg']==11][data['cl_age90']==10*i+9].hosp.values-data[data['reg']==11][data['cl_age90']==10*i+9].rea.values for i in range(0,9)
ParameterFittingRandomToPython.py:145: UserWarning: Boolean Series key will be reindexed to match DataFrame index.
  age_groups[i]:data[data['reg']==11][data['cl_age90']==10*i+9].hosp.values-data[data['reg']==11][data['cl_age90']==10*i+9].rea.values for i in range(0,9)
ParameterFittingRandomToPython.py:145: UserWarning: Boolean Series key will be reindexed to match DataFrame index.
  age_groups[i]:data[data['reg']==11][data['cl_age90']==10*i+9].hosp.values-data[data['reg']==11][data['cl_age90']==10*i+9].rea.values for i in range(0,9)
ParameterFittingRandomToPython.py:145: UserWarning: Boolean Series key will be reindexed to match DataFrame index.
  age_groups[i]:data[data['reg']==11][data['cl_age90']==10*i+9].hosp.values-data[data['reg']==11][data['cl_age90']==10*i+9].rea.values for i in range(0,9)
ParameterFittingRandomToPython.py:145: UserWarning: Boolean Series key will be reindexed to match DataFrame index.
  age_groups[i]:data[data['reg']==11][data['cl_age90']==10*i+9].hosp.values-data[data['reg']==11][data['cl_age90']==10*i+9].rea.values for i in range(0,9)
ParameterFittingRandomToPython.py:145: UserWarning: Boolean Series key will be reindexed to match DataFrame index.
  age_groups[i]:data[data['reg']==11][data['cl_age90']==10*i+9].hosp.values-data[data['reg']==11][data['cl_age90']==10*i+9].rea.values for i in range(0,9)
ParameterFittingRandomToPython.py:145: UserWarning: Boolean Series key will be reindexed to match DataFrame index.
  age_groups[i]:data[data['reg']==11][data['cl_age90']==10*i+9].hosp.values-data[data['reg']==11][data['cl_age90']==10*i+9].rea.values for i in range(0,9)
ParameterFittingRandomToPython.py:145: UserWarning: Boolean Series key will be reindexed to match DataFrame index.
  age_groups[i]:data[data['reg']==11][data['cl_age90']==10*i+9].hosp.values-data[data['reg']==11][data['cl_age90']==10*i+9].rea.values for i in range(0,9)
ParameterFittingRandomToPython.py:145: UserWarning: Boolean Series key will be reindexed to match DataFrame index.
  age_groups[i]:data[data['reg']==11][data['cl_age90']==10*i+9].hosp.values-data[data['reg']==11][data['cl_age90']==10*i+9].rea.values for i in range(0,9)
ParameterFittingRandomToPython.py:145: UserWarning: Boolean Series key will be reindexed to match DataFrame index.
  age_groups[i]:data[data['reg']==11][data['cl_age90']==10*i+9].hosp.values-data[data['reg']==11][data['cl_age90']==10*i+9].rea.values for i in range(0,9)
ParameterFittingRandomToPython.py:145: UserWarning: Boolean Series key will be reindexed to match DataFrame index.
  age_groups[i]:data[data['reg']==11][data['cl_age90']==10*i+9].hosp.values-data[data['reg']==11][data['cl_age90']==10*i+9].rea.values for i in range(0,9)
ParameterFittingRandomToPython.py:145: UserWarning: Boolean Series key will be reindexed to match DataFrame index.
  age_groups[i]:data[data['reg']==11][data['cl_age90']==10*i+9].hosp.values-data[data['reg']==11][data['cl_age90']==10*i+9].rea.values for i in range(0,9)
ParameterFittingRandomToPython.py:145: UserWarning: Boolean Series key will be reindexed to match DataFrame index.
  age_groups[i]:data[data['reg']==11][data['cl_age90']==10*i+9].hosp.values-data[data['reg']==11][data['cl_age90']==10*i+9].rea.values for i in range(0,9)
ParameterFittingRandomToPython.py:145: UserWarning: Boolean Series key will be reindexed to match DataFrame index.
  age_groups[i]:data[data['reg']==11][data['cl_age90']==10*i+9].hosp.values-data[data['reg']==11][data['cl_age90']==10*i+9].rea.values for i in range(0,9)
ParameterFittingRandomToPython.py:147: UserWarning: Boolean Series key will be reindexed to match DataFrame index.
  beds_real['age_group_80_plus']+=data[data['reg']==11][data['cl_age90']==90].hosp.values - data[data['reg']==11][data['cl_age90']==90].rea.values
ParameterFittingRandomToPython.py:147: UserWarning: Boolean Series key will be reindexed to match DataFrame index.
  beds_real['age_group_80_plus']+=data[data['reg']==11][data['cl_age90']==90].hosp.values - data[data['reg']==11][data['cl_age90']==90].rea.values
ParameterFittingRandomToPython.py:148: UserWarning: Boolean Series key will be reindexed to match DataFrame index.
  beds_real['total']=data[data['reg']==11][data['cl_age90']==0].hosp.values - data[data['reg']==11][data['cl_age90']==0].rea.values
ParameterFittingRandomToPython.py:148: UserWarning: Boolean Series key will be reindexed to match DataFrame index.
  beds_real['total']=data[data['reg']==11][data['cl_age90']==0].hosp.values - data[data['reg']==11][data['cl_age90']==0].rea.values
days_ahead 74
days_switch 45
{'groups': 'all', 'params_to_try': {'delta_schooling': [0.5, 1, 5], 'xi': [0, 371990.3, 929975.75, 1859951.5, 3719903, 5579854.5], 'icus': [2000, 2300, 2600, 2900, 3200], 'tests': [[0, 0], [30000, 30000], [60000, 60000], [120000, 120000]], 'testing': ['homogeneous'], 'eta': [0, 0.1, 0.2]}}
{'groups': 'all', 'params_to_try': {'delta_schooling': [0.5, 1, 5], 'xi': [0, 371990.3, 929975.75, 1859951.5, 3719903, 5579854.5], 'icus': [2000, 2300, 2600, 2900, 3200], 'tests': [[0, 0], [30000, 30000], [60000, 60000], [120000, 120000]], 'testing': ['homogeneous'], 'eta': [0, 0.1, 0.2]}}
best_error: 23.788648339304842
best_error: 23.78864828594923
best_error: 23.788648276381736
best_error: 4.680970494822784
best_error: 4.680970493974455
best_error: 4.679756018033717
best_error: 4.6797560179619495
best_error: 4.679756017533069
best_error: 4.6747711123581075
best_error: 4.674771112281479
best_error: 4.674771111850976
best_error: 4.6525643076707555
best_error: 4.652564307570429
best_error: 4.652564307133641
best_error: 4.498049197951557
best_error: 4.498049197473475
best_error: 4.498049197156425
best_error: 4.332436295428998
best_error: 4.332436293410797
best_error: 3.617690870625008
best_error: 3.617690827487641
best_error: 3.245096442307757
best_error: 3.2450963617332724
best_error: 2.7903136852238997
best_error: 2.790313584955176
best_error: 2.497827636041889
best_error: 2.4978276141578983
best_error: 2.497827597223773
best_error: 2.4910551548916104
best_error: 2.4910550778977965
best_error: 2.4894038146067037
best_error: 2.489403800052558
best_error: 2.4894037739041894
best_error: 2.065625596028966
best_error: 2.065625594405803
best_error: 2.0656254674689576
best_error: 1.9836782460145577
best_error: 1.9836781810776187
best_error: 1.949327445902932
best_error: 1.9493272920415128
best_error: 1.9294266375169302
best_error: 1.9294264159287515
best_error: 1.8755045858098134
best_error: 1.8755045047966197
best_error: 1.8398068401975194
best_error: 1.8398068222539874
best_error: 1.8325703468476482
best_error: 1.832570322706023
best_error: 1.831275088255397
best_error: 1.8312750852242363
best_error: 1.8312750839784238
best_error: 1.830671548273719
best_error: 1.8306715448796
best_error: 1.8306715439651362
best_error: 1.828659095452373
best_error: 1.8286590907134674
best_error: 1.8199411862167485
best_error: 1.819941181579301
best_error: 1.7982099855678177
best_error: 1.798209984308281
best_error: 1.7982099796914286
best_error: 1.6118181351655159
best_error: 1.6118180539021083
best_error: 1.5381656272688287
best_error: 1.5381655467009814
best_error: 1.4072482281419818
best_error: 1.4072481703006812
best_error: 1.3363821498420985
best_error: 1.3363821396384745
best_error: 1.3363821385453587
best_error: 1.3114038332541071
best_error: 1.3114036888883407
best_error: 1.2604211943619321
best_error: 1.2604211256850355
best_error: 1.2507060266102696
best_error: 1.250705923170842
best_error: 1.2320802082175628
best_error: 1.2320801375207953
best_error: 1.2275009386165454
best_error: 1.2275009176626455
best_error: 1.219887807107123
best_error: 1.2198877847130574
best_error: 1.2158382609853182
best_error: 1.2158382608113831
best_error: 1.21583826061406
best_error: 1.215838260539679
best_error: 1.214369080753311
best_error: 1.2143690805912761
best_error: 1.2143690804273382
best_error: 1.2143690800266898
best_error: 1.2121196363069502
best_error: 1.212119633151065
best_error: 1.2018792330270902
best_error: 1.2018792053486016
best_error: 1.19119326637193
best_error: 1.1911932397815235
best_error: 1.156077715533273
best_error: 1.1560775621601764
best_error: 1.138827073587808
best_error: 1.1388269785499616
best_error: 1.1324681199013664
best_error: 1.1324680505052276
best_error: 1.1321253255804375
best_error: 1.1321252623209415
best_error: 1.1211666057472711
best_error: 1.1211665614340944
best_error: 1.11456913562113
best_error: 1.1145691042334387
best_error: 1.113577460631707
best_error: 1.1135774113461516
best_error: 1.1110717890331647
best_error: 1.111071787416019
best_error: 1.111071775075309
best_error: 1.108531563694434
best_error: 1.1085315019258324
best_error: 1.1033353967262634
best_error: 1.1033353564903143
best_error: 1.1018098779251064
best_error: 1.1018098726760799
best_error: 1.1017318174457273
best_error: 1.1017318122692705
best_error: 1.1013405592439924
best_error: 1.1013405539816348
best_error: 1.097873187368283
best_error: 1.0978731867615645
best_error: 1.0978731852131205
best_error: 1.0822698057635423
best_error: 1.082269713560802
best_error: 1.0426961341200192
best_error: 1.0426961205168601
best_error: 0.9880367601550055
best_error: 0.988036746567314
best_error: 0.9874188645250531
best_error: 0.9874188561634653
best_error: 0.9657167502374274
best_error: 0.9657167446183985
best_error: 0.9527645795480748
best_error: 0.9527645662904279
best_error: 0.9506022603021269
best_error: 0.9506022593002986
best_error: 0.9500896745574744
best_error: 0.9500896627637662
best_error: 0.9500467790973869
best_error: 0.9500467778612964
best_error: 0.9500430607983573
best_error: 0.9500430607702678
best_error: 0.9500430607669539
best_error: 0.9500255959119138
best_error: 0.9500255947202707
best_error: 0.9499662109947734
best_error: 0.9499662068148653
best_error: 0.9499004968246711
best_error: 0.9499004900719905
best_error: 0.9497068327791294
best_error: 0.9497068236636251
best_error: 0.949560904457122
best_error: 0.9495608953172942
best_error: 0.9494964502528915
best_error: 0.9494964439581772
best_error: 0.9493903125978315
best_error: 0.9493903118169537
best_error: 0.9493867238442134
best_error: 0.9493867237366997
best_error: 0.9493867234746958
best_error: 0.949385183706011
best_error: 0.9493851830273762
best_error: 0.9493845759478012
best_error: 0.9493845751797498
best_error: 0.94937812795603
best_error: 0.949378127434628
best_error: 0.9493526444631827
best_error: 0.9493526421166476
best_error: 0.9493164669611082
best_error: 0.9493164660766249
best_error: 0.9493102434352402
best_error: 0.9493102394963322
best_error: 0.9493097554874474
best_error: 0.9493097512844066
best_error: 0.9493096337988282
best_error: 0.9493096293358938
best_error: 0.9493096063415861
best_error: 0.9493096018496621
best_error: 0.9493095970649216
best_error: 0.9493095925421227
best_error: 0.9492739899572643
best_error: 0.9492739874963828
best_error: 0.9492670062574065
best_error: 0.9492670054735811
best_error: 0.9491783476068102
best_error: 0.9491783471669044
best_error: 0.9487376337473954
best_error: 0.9487376314597762
best_error: 0.9487117085873972
best_error: 0.9487117079406363
best_error: 0.9487070284436157
best_error: 0.9487070282943904
best_error: 0.9487065624401428
best_error: 0.9487065618957768
best_error: 0.948706313422472
best_error: 0.9487063132327697
best_error: 0.9487058336818894
best_error: 0.9487058336369885
best_error: 0.9487052563259759
best_error: 0.9487052557050053
best_error: 0.9487045584490746
best_error: 0.9487045578495373
best_error: 0.9487034417910296
best_error: 0.9487034410015408
best_error: 0.9487027599396878
best_error: 0.9487027596959521
best_error: 0.9487026429741928
best_error: 0.9487026429557188
best_error: 0.9487026295576954
best_error: 0.9487026295551036
best_error: 0.9487026185969489
best_error: 0.9487026184659128
best_error: 0.9487026164058975
best_error: 0.9487026163091536
best_error: 0.9487026072587504
best_error: 0.9487026071622467
best_error: 0.9487026064668713
best_error: 0.9487026063158609
best_error: 0.9487026060388161
best_error: 0.9487026059423443
best_error: 0.9487026057467561
best_error: 0.9487026056251924
best_error: 0.9487026055226502
best_error: 0.948702605444408
