ParameterFittingRandomToPython.py:123: UserWarning: Boolean Series key will be reindexed to match DataFrame index.
  french_days = data[data['reg']==11][data['cl_age90']==0].jour.values
ParameterFittingRandomToPython.py:131: UserWarning: Boolean Series key will be reindexed to match DataFrame index.
  age_groups[i]:data[data['reg']==11][data['cl_age90']==10*i+9].dc.values for i in range(0,9)
ParameterFittingRandomToPython.py:131: UserWarning: Boolean Series key will be reindexed to match DataFrame index.
  age_groups[i]:data[data['reg']==11][data['cl_age90']==10*i+9].dc.values for i in range(0,9)
ParameterFittingRandomToPython.py:131: UserWarning: Boolean Series key will be reindexed to match DataFrame index.
  age_groups[i]:data[data['reg']==11][data['cl_age90']==10*i+9].dc.values for i in range(0,9)
ParameterFittingRandomToPython.py:131: UserWarning: Boolean Series key will be reindexed to match DataFrame index.
  age_groups[i]:data[data['reg']==11][data['cl_age90']==10*i+9].dc.values for i in range(0,9)
ParameterFittingRandomToPython.py:131: UserWarning: Boolean Series key will be reindexed to match DataFrame index.
  age_groups[i]:data[data['reg']==11][data['cl_age90']==10*i+9].dc.values for i in range(0,9)
ParameterFittingRandomToPython.py:131: UserWarning: Boolean Series key will be reindexed to match DataFrame index.
  age_groups[i]:data[data['reg']==11][data['cl_age90']==10*i+9].dc.values for i in range(0,9)
ParameterFittingRandomToPython.py:131: UserWarning: Boolean Series key will be reindexed to match DataFrame index.
  age_groups[i]:data[data['reg']==11][data['cl_age90']==10*i+9].dc.values for i in range(0,9)
ParameterFittingRandomToPython.py:131: UserWarning: Boolean Series key will be reindexed to match DataFrame index.
  age_groups[i]:data[data['reg']==11][data['cl_age90']==10*i+9].dc.values for i in range(0,9)
ParameterFittingRandomToPython.py:131: UserWarning: Boolean Series key will be reindexed to match DataFrame index.
  age_groups[i]:data[data['reg']==11][data['cl_age90']==10*i+9].dc.values for i in range(0,9)
ParameterFittingRandomToPython.py:133: UserWarning: Boolean Series key will be reindexed to match DataFrame index.
  deaths_real['age_group_80_plus']+=data[data['reg']==11][data['cl_age90']==90].dc.values
ParameterFittingRandomToPython.py:134: UserWarning: Boolean Series key will be reindexed to match DataFrame index.
  deaths_real['total']=data[data['reg']==11][data['cl_age90']==0].dc.values
ParameterFittingRandomToPython.py:138: UserWarning: Boolean Series key will be reindexed to match DataFrame index.
  age_groups[i]:data[data['reg']==11][data['cl_age90']==10*i+9].rea.values for i in range(0,9)
ParameterFittingRandomToPython.py:138: UserWarning: Boolean Series key will be reindexed to match DataFrame index.
  age_groups[i]:data[data['reg']==11][data['cl_age90']==10*i+9].rea.values for i in range(0,9)
ParameterFittingRandomToPython.py:138: UserWarning: Boolean Series key will be reindexed to match DataFrame index.
  age_groups[i]:data[data['reg']==11][data['cl_age90']==10*i+9].rea.values for i in range(0,9)
ParameterFittingRandomToPython.py:138: UserWarning: Boolean Series key will be reindexed to match DataFrame index.
  age_groups[i]:data[data['reg']==11][data['cl_age90']==10*i+9].rea.values for i in range(0,9)
ParameterFittingRandomToPython.py:138: UserWarning: Boolean Series key will be reindexed to match DataFrame index.
  age_groups[i]:data[data['reg']==11][data['cl_age90']==10*i+9].rea.values for i in range(0,9)
ParameterFittingRandomToPython.py:138: UserWarning: Boolean Series key will be reindexed to match DataFrame index.
  age_groups[i]:data[data['reg']==11][data['cl_age90']==10*i+9].rea.values for i in range(0,9)
ParameterFittingRandomToPython.py:138: UserWarning: Boolean Series key will be reindexed to match DataFrame index.
  age_groups[i]:data[data['reg']==11][data['cl_age90']==10*i+9].rea.values for i in range(0,9)
ParameterFittingRandomToPython.py:138: UserWarning: Boolean Series key will be reindexed to match DataFrame index.
  age_groups[i]:data[data['reg']==11][data['cl_age90']==10*i+9].rea.values for i in range(0,9)
ParameterFittingRandomToPython.py:138: UserWarning: Boolean Series key will be reindexed to match DataFrame index.
  age_groups[i]:data[data['reg']==11][data['cl_age90']==10*i+9].rea.values for i in range(0,9)
ParameterFittingRandomToPython.py:140: UserWarning: Boolean Series key will be reindexed to match DataFrame index.
  icus_real['age_group_80_plus']+=data[data['reg']==11][data['cl_age90']==90].rea.values
ParameterFittingRandomToPython.py:141: UserWarning: Boolean Series key will be reindexed to match DataFrame index.
  icus_real['total']=data[data['reg']==11][data['cl_age90']==0].rea.values
ParameterFittingRandomToPython.py:145: UserWarning: Boolean Series key will be reindexed to match DataFrame index.
  age_groups[i]:data[data['reg']==11][data['cl_age90']==10*i+9].hosp.values-data[data['reg']==11][data['cl_age90']==10*i+9].rea.values for i in range(0,9)
ParameterFittingRandomToPython.py:145: UserWarning: Boolean Series key will be reindexed to match DataFrame index.
  age_groups[i]:data[data['reg']==11][data['cl_age90']==10*i+9].hosp.values-data[data['reg']==11][data['cl_age90']==10*i+9].rea.values for i in range(0,9)
ParameterFittingRandomToPython.py:145: UserWarning: Boolean Series key will be reindexed to match DataFrame index.
  age_groups[i]:data[data['reg']==11][data['cl_age90']==10*i+9].hosp.values-data[data['reg']==11][data['cl_age90']==10*i+9].rea.values for i in range(0,9)
ParameterFittingRandomToPython.py:145: UserWarning: Boolean Series key will be reindexed to match DataFrame index.
  age_groups[i]:data[data['reg']==11][data['cl_age90']==10*i+9].hosp.values-data[data['reg']==11][data['cl_age90']==10*i+9].rea.values for i in range(0,9)
ParameterFittingRandomToPython.py:145: UserWarning: Boolean Series key will be reindexed to match DataFrame index.
  age_groups[i]:data[data['reg']==11][data['cl_age90']==10*i+9].hosp.values-data[data['reg']==11][data['cl_age90']==10*i+9].rea.values for i in range(0,9)
ParameterFittingRandomToPython.py:145: UserWarning: Boolean Series key will be reindexed to match DataFrame index.
  age_groups[i]:data[data['reg']==11][data['cl_age90']==10*i+9].hosp.values-data[data['reg']==11][data['cl_age90']==10*i+9].rea.values for i in range(0,9)
ParameterFittingRandomToPython.py:145: UserWarning: Boolean Series key will be reindexed to match DataFrame index.
  age_groups[i]:data[data['reg']==11][data['cl_age90']==10*i+9].hosp.values-data[data['reg']==11][data['cl_age90']==10*i+9].rea.values for i in range(0,9)
ParameterFittingRandomToPython.py:145: UserWarning: Boolean Series key will be reindexed to match DataFrame index.
  age_groups[i]:data[data['reg']==11][data['cl_age90']==10*i+9].hosp.values-data[data['reg']==11][data['cl_age90']==10*i+9].rea.values for i in range(0,9)
ParameterFittingRandomToPython.py:145: UserWarning: Boolean Series key will be reindexed to match DataFrame index.
  age_groups[i]:data[data['reg']==11][data['cl_age90']==10*i+9].hosp.values-data[data['reg']==11][data['cl_age90']==10*i+9].rea.values for i in range(0,9)
ParameterFittingRandomToPython.py:145: UserWarning: Boolean Series key will be reindexed to match DataFrame index.
  age_groups[i]:data[data['reg']==11][data['cl_age90']==10*i+9].hosp.values-data[data['reg']==11][data['cl_age90']==10*i+9].rea.values for i in range(0,9)
ParameterFittingRandomToPython.py:145: UserWarning: Boolean Series key will be reindexed to match DataFrame index.
  age_groups[i]:data[data['reg']==11][data['cl_age90']==10*i+9].hosp.values-data[data['reg']==11][data['cl_age90']==10*i+9].rea.values for i in range(0,9)
ParameterFittingRandomToPython.py:145: UserWarning: Boolean Series key will be reindexed to match DataFrame index.
  age_groups[i]:data[data['reg']==11][data['cl_age90']==10*i+9].hosp.values-data[data['reg']==11][data['cl_age90']==10*i+9].rea.values for i in range(0,9)
ParameterFittingRandomToPython.py:145: UserWarning: Boolean Series key will be reindexed to match DataFrame index.
  age_groups[i]:data[data['reg']==11][data['cl_age90']==10*i+9].hosp.values-data[data['reg']==11][data['cl_age90']==10*i+9].rea.values for i in range(0,9)
ParameterFittingRandomToPython.py:145: UserWarning: Boolean Series key will be reindexed to match DataFrame index.
  age_groups[i]:data[data['reg']==11][data['cl_age90']==10*i+9].hosp.values-data[data['reg']==11][data['cl_age90']==10*i+9].rea.values for i in range(0,9)
ParameterFittingRandomToPython.py:145: UserWarning: Boolean Series key will be reindexed to match DataFrame index.
  age_groups[i]:data[data['reg']==11][data['cl_age90']==10*i+9].hosp.values-data[data['reg']==11][data['cl_age90']==10*i+9].rea.values for i in range(0,9)
ParameterFittingRandomToPython.py:145: UserWarning: Boolean Series key will be reindexed to match DataFrame index.
  age_groups[i]:data[data['reg']==11][data['cl_age90']==10*i+9].hosp.values-data[data['reg']==11][data['cl_age90']==10*i+9].rea.values for i in range(0,9)
ParameterFittingRandomToPython.py:145: UserWarning: Boolean Series key will be reindexed to match DataFrame index.
  age_groups[i]:data[data['reg']==11][data['cl_age90']==10*i+9].hosp.values-data[data['reg']==11][data['cl_age90']==10*i+9].rea.values for i in range(0,9)
ParameterFittingRandomToPython.py:145: UserWarning: Boolean Series key will be reindexed to match DataFrame index.
  age_groups[i]:data[data['reg']==11][data['cl_age90']==10*i+9].hosp.values-data[data['reg']==11][data['cl_age90']==10*i+9].rea.values for i in range(0,9)
ParameterFittingRandomToPython.py:147: UserWarning: Boolean Series key will be reindexed to match DataFrame index.
  beds_real['age_group_80_plus']+=data[data['reg']==11][data['cl_age90']==90].hosp.values - data[data['reg']==11][data['cl_age90']==90].rea.values
ParameterFittingRandomToPython.py:147: UserWarning: Boolean Series key will be reindexed to match DataFrame index.
  beds_real['age_group_80_plus']+=data[data['reg']==11][data['cl_age90']==90].hosp.values - data[data['reg']==11][data['cl_age90']==90].rea.values
ParameterFittingRandomToPython.py:148: UserWarning: Boolean Series key will be reindexed to match DataFrame index.
  beds_real['total']=data[data['reg']==11][data['cl_age90']==0].hosp.values - data[data['reg']==11][data['cl_age90']==0].rea.values
ParameterFittingRandomToPython.py:148: UserWarning: Boolean Series key will be reindexed to match DataFrame index.
  beds_real['total']=data[data['reg']==11][data['cl_age90']==0].hosp.values - data[data['reg']==11][data['cl_age90']==0].rea.values
days_ahead 92
days_switch 60
{'groups': 'all', 'params_to_try': {'delta_schooling': [0.5, 1, 5], 'xi': [0, 371990.3, 929975.75, 1859951.5, 3719903, 5579854.5], 'icus': [2000, 2300, 2600, 2900, 3200], 'tests': [[0, 0], [30000, 30000], [60000, 60000], [120000, 120000]], 'testing': ['homogeneous'], 'eta': [0, 0.1, 0.2]}}
{'groups': 'all', 'params_to_try': {'delta_schooling': [0.5, 1, 5], 'xi': [0, 371990.3, 929975.75, 1859951.5, 3719903, 5579854.5], 'icus': [2000, 2300, 2600, 2900, 3200], 'tests': [[0, 0], [30000, 30000], [60000, 60000], [120000, 120000]], 'testing': ['homogeneous'], 'eta': [0, 0.1, 0.2]}}
best_error: 12.228979458344135
best_error: 12.228979410104369
best_error: 11.997486116775276
best_error: 11.997485593924631
best_error: 9.95638237450333
best_error: 9.956382374323132
best_error: 9.956382285194374
best_error: 8.391978880333888
best_error: 8.391978761885332
best_error: 6.781710378982226
best_error: 6.781710377730894
best_error: 6.780049346339312
best_error: 6.780049325964729
best_error: 6.774881208441393
best_error: 6.77488120658377
best_error: 6.77443079737574
best_error: 6.77443079652322
best_error: 6.770695323043819
best_error: 6.77069532267751
best_error: 6.762293299925196
best_error: 6.762293298414891
best_error: 6.743775532496519
best_error: 6.743775529346859
best_error: 6.699969859663638
best_error: 6.699969852976796
best_error: 6.650432503432202
best_error: 6.650432495691639
best_error: 6.527262531334247
best_error: 6.5272625272694835
best_error: 6.527262523061364
best_error: 6.253300016633677
best_error: 6.253299995084479
best_error: 6.245941197085759
best_error: 6.245941191884978
best_error: 6.245941191847578
best_error: 6.245941191600223
best_error: 6.244350083191199
best_error: 6.244350078552274
best_error: 6.243306835381527
best_error: 6.243306831114028
best_error: 6.230471711356622
best_error: 6.230471708832547
best_error: 6.21247684906571
best_error: 6.212476847743727
best_error: 6.2065953293365625
best_error: 6.206595328207664
best_error: 6.205366419099623
best_error: 6.205366417844052
best_error: 6.2053487752017995
best_error: 6.205348773962296
best_error: 6.20528722245358
best_error: 6.205287221834259
best_error: 6.2048299532358575
best_error: 6.20482995229844
best_error: 6.203996985940818
best_error: 6.2039969845051814
best_error: 6.2029903026154445
best_error: 6.202990301007064
best_error: 6.200873268686411
best_error: 6.200873267285874
best_error: 6.199082475606168
best_error: 6.199082475605252
best_error: 6.19908247502
best_error: 6.198549943928174
best_error: 6.198549943796146
best_error: 6.198549943630167
best_error: 6.198365144166939
best_error: 6.198365141819637
best_error: 6.198319657454962
best_error: 6.198319655550627
best_error: 6.19817003200339
best_error: 6.198170030437348
best_error: 6.19804549659925
best_error: 6.198045494954533
best_error: 6.197966392043657
best_error: 6.19796639204202
best_error: 6.197966392031545
best_error: 6.197959976078513
best_error: 6.197959976076456
best_error: 6.197959976063431
best_error: 6.197956243879751
best_error: 6.197956243621661
best_error: 6.197955267107735
best_error: 6.197955266980012
best_error: 6.1979538676508446
best_error: 6.197953867558554
best_error: 6.1979530781025565
best_error: 6.197953078100977
best_error: 6.19795097492845
best_error: 6.197950974926998
best_error: 6.197950974924321
best_error: 6.1979294405901575
best_error: 6.197929440589945
best_error: 6.197929440552424
best_error: 6.197923730005579
best_error: 6.197923730003977
best_error: 6.197923729998719
best_error: 6.197922911408041
best_error: 6.197922911405898
best_error: 6.197922911404496
best_error: 6.197922880139421
best_error: 6.197922880137278
best_error: 6.197922880136454
best_error: 6.1979228313301515
best_error: 6.197922831326931
best_error: 6.197922831324229
best_error: 6.197922736304511
best_error: 6.19792273630423
best_error: 6.197922736302342
best_error: 6.197922653589396
best_error: 6.197922653457791
best_error: 6.197922417695305
best_error: 6.197922417634836
best_error: 6.197921461603006
best_error: 6.197921461600688
best_error: 6.197921461589338
best_error: 6.197920721056045
best_error: 6.1979207210536105
best_error: 6.197920721045352
best_error: 6.197918657784832
best_error: 6.197918657782911
best_error: 6.197918657759191
best_error: 6.197915914256023
best_error: 6.197915914254162
best_error: 6.197915914210269
best_error: 6.197914474433087
best_error: 6.197914474387521
best_error: 6.197908605951705
best_error: 6.197908605921969
best_error: 6.197902138635568
best_error: 6.197902138626817
best_error: 6.197901188170681
best_error: 6.197901188164383
best_error: 6.197900828119179
best_error: 6.197900827973479
best_error: 6.1979006788377005
best_error: 6.19790065258383
best_error: 6.1979006525817155
best_error: 6.197900639327274
best_error: 6.197900639326584
