ParameterFittingRandomToPython.py:116: UserWarning: Boolean Series key will be reindexed to match DataFrame index.
  days = data[data['reg']==11][data['cl_age90']==0].jour.values
ParameterFittingRandomToPython.py:129: UserWarning: Boolean Series key will be reindexed to match DataFrame index.
  age_groups[i]:data[data['reg']==11][data['cl_age90']==10*i+9].hosp.values for i in range(0,9)
ParameterFittingRandomToPython.py:129: UserWarning: Boolean Series key will be reindexed to match DataFrame index.
  age_groups[i]:data[data['reg']==11][data['cl_age90']==10*i+9].hosp.values for i in range(0,9)
ParameterFittingRandomToPython.py:129: UserWarning: Boolean Series key will be reindexed to match DataFrame index.
  age_groups[i]:data[data['reg']==11][data['cl_age90']==10*i+9].hosp.values for i in range(0,9)
ParameterFittingRandomToPython.py:129: UserWarning: Boolean Series key will be reindexed to match DataFrame index.
  age_groups[i]:data[data['reg']==11][data['cl_age90']==10*i+9].hosp.values for i in range(0,9)
ParameterFittingRandomToPython.py:129: UserWarning: Boolean Series key will be reindexed to match DataFrame index.
  age_groups[i]:data[data['reg']==11][data['cl_age90']==10*i+9].hosp.values for i in range(0,9)
ParameterFittingRandomToPython.py:129: UserWarning: Boolean Series key will be reindexed to match DataFrame index.
  age_groups[i]:data[data['reg']==11][data['cl_age90']==10*i+9].hosp.values for i in range(0,9)
ParameterFittingRandomToPython.py:129: UserWarning: Boolean Series key will be reindexed to match DataFrame index.
  age_groups[i]:data[data['reg']==11][data['cl_age90']==10*i+9].hosp.values for i in range(0,9)
ParameterFittingRandomToPython.py:129: UserWarning: Boolean Series key will be reindexed to match DataFrame index.
  age_groups[i]:data[data['reg']==11][data['cl_age90']==10*i+9].hosp.values for i in range(0,9)
ParameterFittingRandomToPython.py:129: UserWarning: Boolean Series key will be reindexed to match DataFrame index.
  age_groups[i]:data[data['reg']==11][data['cl_age90']==10*i+9].hosp.values for i in range(0,9)
ParameterFittingRandomToPython.py:131: UserWarning: Boolean Series key will be reindexed to match DataFrame index.
  beds_real['age_group_80_plus']+=data[data['reg']==11][data['cl_age90']==90].hosp.values
ParameterFittingRandomToPython.py:132: UserWarning: Boolean Series key will be reindexed to match DataFrame index.
  beds_real['total']=data[data['reg']==11][data['cl_age90']==0].hosp.values
ParameterFittingRandomToPython.py:135: UserWarning: Boolean Series key will be reindexed to match DataFrame index.
  age_groups[i]:data[data['reg']==11][data['cl_age90']==10*i+9].rea.values for i in range(0,9)
ParameterFittingRandomToPython.py:135: UserWarning: Boolean Series key will be reindexed to match DataFrame index.
  age_groups[i]:data[data['reg']==11][data['cl_age90']==10*i+9].rea.values for i in range(0,9)
ParameterFittingRandomToPython.py:135: UserWarning: Boolean Series key will be reindexed to match DataFrame index.
  age_groups[i]:data[data['reg']==11][data['cl_age90']==10*i+9].rea.values for i in range(0,9)
ParameterFittingRandomToPython.py:135: UserWarning: Boolean Series key will be reindexed to match DataFrame index.
  age_groups[i]:data[data['reg']==11][data['cl_age90']==10*i+9].rea.values for i in range(0,9)
ParameterFittingRandomToPython.py:135: UserWarning: Boolean Series key will be reindexed to match DataFrame index.
  age_groups[i]:data[data['reg']==11][data['cl_age90']==10*i+9].rea.values for i in range(0,9)
ParameterFittingRandomToPython.py:135: UserWarning: Boolean Series key will be reindexed to match DataFrame index.
  age_groups[i]:data[data['reg']==11][data['cl_age90']==10*i+9].rea.values for i in range(0,9)
ParameterFittingRandomToPython.py:135: UserWarning: Boolean Series key will be reindexed to match DataFrame index.
  age_groups[i]:data[data['reg']==11][data['cl_age90']==10*i+9].rea.values for i in range(0,9)
ParameterFittingRandomToPython.py:135: UserWarning: Boolean Series key will be reindexed to match DataFrame index.
  age_groups[i]:data[data['reg']==11][data['cl_age90']==10*i+9].rea.values for i in range(0,9)
ParameterFittingRandomToPython.py:135: UserWarning: Boolean Series key will be reindexed to match DataFrame index.
  age_groups[i]:data[data['reg']==11][data['cl_age90']==10*i+9].rea.values for i in range(0,9)
ParameterFittingRandomToPython.py:137: UserWarning: Boolean Series key will be reindexed to match DataFrame index.
  icus_real['age_group_80_plus']+=data[data['reg']==11][data['cl_age90']==90].rea.values
ParameterFittingRandomToPython.py:138: UserWarning: Boolean Series key will be reindexed to match DataFrame index.
  icus_real['total']=data[data['reg']==11][data['cl_age90']==0].rea.values
ParameterFittingRandomToPython.py:141: UserWarning: Boolean Series key will be reindexed to match DataFrame index.
  age_groups[i]:data[data['reg']==11][data['cl_age90']==10*i+9].dc.values for i in range(0,9)
ParameterFittingRandomToPython.py:141: UserWarning: Boolean Series key will be reindexed to match DataFrame index.
  age_groups[i]:data[data['reg']==11][data['cl_age90']==10*i+9].dc.values for i in range(0,9)
ParameterFittingRandomToPython.py:141: UserWarning: Boolean Series key will be reindexed to match DataFrame index.
  age_groups[i]:data[data['reg']==11][data['cl_age90']==10*i+9].dc.values for i in range(0,9)
ParameterFittingRandomToPython.py:141: UserWarning: Boolean Series key will be reindexed to match DataFrame index.
  age_groups[i]:data[data['reg']==11][data['cl_age90']==10*i+9].dc.values for i in range(0,9)
ParameterFittingRandomToPython.py:141: UserWarning: Boolean Series key will be reindexed to match DataFrame index.
  age_groups[i]:data[data['reg']==11][data['cl_age90']==10*i+9].dc.values for i in range(0,9)
ParameterFittingRandomToPython.py:141: UserWarning: Boolean Series key will be reindexed to match DataFrame index.
  age_groups[i]:data[data['reg']==11][data['cl_age90']==10*i+9].dc.values for i in range(0,9)
ParameterFittingRandomToPython.py:141: UserWarning: Boolean Series key will be reindexed to match DataFrame index.
  age_groups[i]:data[data['reg']==11][data['cl_age90']==10*i+9].dc.values for i in range(0,9)
ParameterFittingRandomToPython.py:141: UserWarning: Boolean Series key will be reindexed to match DataFrame index.
  age_groups[i]:data[data['reg']==11][data['cl_age90']==10*i+9].dc.values for i in range(0,9)
ParameterFittingRandomToPython.py:141: UserWarning: Boolean Series key will be reindexed to match DataFrame index.
  age_groups[i]:data[data['reg']==11][data['cl_age90']==10*i+9].dc.values for i in range(0,9)
ParameterFittingRandomToPython.py:143: UserWarning: Boolean Series key will be reindexed to match DataFrame index.
  deaths_real['age_group_80_plus']+=data[data['reg']==11][data['cl_age90']==90].dc.values
ParameterFittingRandomToPython.py:144: UserWarning: Boolean Series key will be reindexed to match DataFrame index.
  deaths_real['total']=data[data['reg']==11][data['cl_age90']==0].dc.values
ParameterFittingRandomToPython.py:205: UserWarning: Boolean Series key will be reindexed to match DataFrame index.
  mult_deaths = np.sum(data[data['reg']==11][data['cl_age90']==0].hosp.values)/np.sum(data[data['reg']==11][data['cl_age90']==0].dc.values)
ParameterFittingRandomToPython.py:205: UserWarning: Boolean Series key will be reindexed to match DataFrame index.
  mult_deaths = np.sum(data[data['reg']==11][data['cl_age90']==0].hosp.values)/np.sum(data[data['reg']==11][data['cl_age90']==0].dc.values)
ParameterFittingRandomToPython.py:207: UserWarning: Boolean Series key will be reindexed to match DataFrame index.
  mult_icus = np.sum(data[data['reg']==11][data['cl_age90']==0].hosp.values)/np.sum(data[data['reg']==11][data['cl_age90']==0].rea.values)
ParameterFittingRandomToPython.py:207: UserWarning: Boolean Series key will be reindexed to match DataFrame index.
  mult_icus = np.sum(data[data['reg']==11][data['cl_age90']==0].hosp.values)/np.sum(data[data['reg']==11][data['cl_age90']==0].rea.values)
{'groups': 'all', 'params_to_try': {'delta_schooling': [0.5, 1, 5], 'xi': [0, 371990.3, 929975.75, 1859951.5, 3719903, 5579854.5], 'icus': [2000, 2300, 2600, 2900, 3200], 'tests': [[0, 0], [30000, 30000], [60000, 60000], [120000, 120000]], 'testing': ['homogeneous'], 'eta': [0, 0.1, 0.2]}}
{'groups': 'all', 'params_to_try': {'delta_schooling': [0.5, 1, 5], 'xi': [0, 371990.3, 929975.75, 1859951.5, 3719903, 5579854.5], 'icus': [2000, 2300, 2600, 2900, 3200], 'tests': [[0, 0], [30000, 30000], [60000, 60000], [120000, 120000]], 'testing': ['homogeneous'], 'eta': [0, 0.1, 0.2]}}
0.7791072263244828
7.194862933913178
best_error: 27.783873971590914
best_error: 27.783873971228783
best_error: 27.783873970166812
best_error: 27.78387391747505
best_error: 27.293429444822564
best_error: 27.293429444368698
best_error: 27.293429443317024
best_error: 27.288914886807433
best_error: 27.288914886351222
best_error: 27.2889148853032
best_error: 27.269837400204658
best_error: 27.26983739973877
best_error: 27.269837398707253
best_error: 27.111830711423604
best_error: 27.111830710851613
best_error: 27.111830710104982
best_error: 27.110730600778638
best_error: 27.110730600204285
best_error: 27.110730599458982
best_error: 27.106316113449463
best_error: 27.106316112865567
best_error: 27.10631611212593
best_error: 27.08844693836259
best_error: 27.088446937739032
best_error: 27.088446937026834
best_error: 27.085854976903242
best_error: 27.085854976273787
best_error: 27.085656503303817
best_error: 27.08565650267122
best_error: 27.084852656096707
best_error: 27.084852655451396
best_error: 27.081471804653788
best_error: 27.081471803954756
best_error: 27.064966233556937
best_error: 27.06496623260582
best_error: 27.058006066554327
best_error: 27.058006066507495
best_error: 27.058004976426123
best_error: 27.05800497637935
best_error: 27.0580006287348
best_error: 27.058000628688234
best_error: 27.057983438474977
best_error: 27.05798343842927
best_error: 27.057917618913955
best_error: 27.057917618871258
best_error: 27.057689519957865
best_error: 27.05768951992325
best_error: 27.057658288944076
best_error: 27.057658288943998
