ParameterFittingRandomToPython.py:119: UserWarning: Boolean Series key will be reindexed to match DataFrame index.
  days = data[data['reg']==11][data['cl_age90']==0].jour.values
ParameterFittingRandomToPython.py:132: UserWarning: Boolean Series key will be reindexed to match DataFrame index.
  age_groups[i]:data[data['reg']==11][data['cl_age90']==10*i+9].hosp.values for i in range(0,9)
ParameterFittingRandomToPython.py:132: UserWarning: Boolean Series key will be reindexed to match DataFrame index.
  age_groups[i]:data[data['reg']==11][data['cl_age90']==10*i+9].hosp.values for i in range(0,9)
ParameterFittingRandomToPython.py:132: UserWarning: Boolean Series key will be reindexed to match DataFrame index.
  age_groups[i]:data[data['reg']==11][data['cl_age90']==10*i+9].hosp.values for i in range(0,9)
ParameterFittingRandomToPython.py:132: UserWarning: Boolean Series key will be reindexed to match DataFrame index.
  age_groups[i]:data[data['reg']==11][data['cl_age90']==10*i+9].hosp.values for i in range(0,9)
ParameterFittingRandomToPython.py:132: UserWarning: Boolean Series key will be reindexed to match DataFrame index.
  age_groups[i]:data[data['reg']==11][data['cl_age90']==10*i+9].hosp.values for i in range(0,9)
ParameterFittingRandomToPython.py:132: UserWarning: Boolean Series key will be reindexed to match DataFrame index.
  age_groups[i]:data[data['reg']==11][data['cl_age90']==10*i+9].hosp.values for i in range(0,9)
ParameterFittingRandomToPython.py:132: UserWarning: Boolean Series key will be reindexed to match DataFrame index.
  age_groups[i]:data[data['reg']==11][data['cl_age90']==10*i+9].hosp.values for i in range(0,9)
ParameterFittingRandomToPython.py:132: UserWarning: Boolean Series key will be reindexed to match DataFrame index.
  age_groups[i]:data[data['reg']==11][data['cl_age90']==10*i+9].hosp.values for i in range(0,9)
ParameterFittingRandomToPython.py:132: UserWarning: Boolean Series key will be reindexed to match DataFrame index.
  age_groups[i]:data[data['reg']==11][data['cl_age90']==10*i+9].hosp.values for i in range(0,9)
ParameterFittingRandomToPython.py:134: UserWarning: Boolean Series key will be reindexed to match DataFrame index.
  beds_real['age_group_80_plus']+=data[data['reg']==11][data['cl_age90']==90].hosp.values
ParameterFittingRandomToPython.py:135: UserWarning: Boolean Series key will be reindexed to match DataFrame index.
  beds_real['total']=data[data['reg']==11][data['cl_age90']==0].hosp.values
ParameterFittingRandomToPython.py:138: UserWarning: Boolean Series key will be reindexed to match DataFrame index.
  age_groups[i]:data[data['reg']==11][data['cl_age90']==10*i+9].rea.values for i in range(0,9)
ParameterFittingRandomToPython.py:138: UserWarning: Boolean Series key will be reindexed to match DataFrame index.
  age_groups[i]:data[data['reg']==11][data['cl_age90']==10*i+9].rea.values for i in range(0,9)
ParameterFittingRandomToPython.py:138: UserWarning: Boolean Series key will be reindexed to match DataFrame index.
  age_groups[i]:data[data['reg']==11][data['cl_age90']==10*i+9].rea.values for i in range(0,9)
ParameterFittingRandomToPython.py:138: UserWarning: Boolean Series key will be reindexed to match DataFrame index.
  age_groups[i]:data[data['reg']==11][data['cl_age90']==10*i+9].rea.values for i in range(0,9)
ParameterFittingRandomToPython.py:138: UserWarning: Boolean Series key will be reindexed to match DataFrame index.
  age_groups[i]:data[data['reg']==11][data['cl_age90']==10*i+9].rea.values for i in range(0,9)
ParameterFittingRandomToPython.py:138: UserWarning: Boolean Series key will be reindexed to match DataFrame index.
  age_groups[i]:data[data['reg']==11][data['cl_age90']==10*i+9].rea.values for i in range(0,9)
ParameterFittingRandomToPython.py:138: UserWarning: Boolean Series key will be reindexed to match DataFrame index.
  age_groups[i]:data[data['reg']==11][data['cl_age90']==10*i+9].rea.values for i in range(0,9)
ParameterFittingRandomToPython.py:138: UserWarning: Boolean Series key will be reindexed to match DataFrame index.
  age_groups[i]:data[data['reg']==11][data['cl_age90']==10*i+9].rea.values for i in range(0,9)
ParameterFittingRandomToPython.py:138: UserWarning: Boolean Series key will be reindexed to match DataFrame index.
  age_groups[i]:data[data['reg']==11][data['cl_age90']==10*i+9].rea.values for i in range(0,9)
ParameterFittingRandomToPython.py:140: UserWarning: Boolean Series key will be reindexed to match DataFrame index.
  icus_real['age_group_80_plus']+=data[data['reg']==11][data['cl_age90']==90].rea.values
ParameterFittingRandomToPython.py:141: UserWarning: Boolean Series key will be reindexed to match DataFrame index.
  icus_real['total']=data[data['reg']==11][data['cl_age90']==0].rea.values
ParameterFittingRandomToPython.py:144: UserWarning: Boolean Series key will be reindexed to match DataFrame index.
  age_groups[i]:data[data['reg']==11][data['cl_age90']==10*i+9].dc.values for i in range(0,9)
ParameterFittingRandomToPython.py:144: UserWarning: Boolean Series key will be reindexed to match DataFrame index.
  age_groups[i]:data[data['reg']==11][data['cl_age90']==10*i+9].dc.values for i in range(0,9)
ParameterFittingRandomToPython.py:144: UserWarning: Boolean Series key will be reindexed to match DataFrame index.
  age_groups[i]:data[data['reg']==11][data['cl_age90']==10*i+9].dc.values for i in range(0,9)
ParameterFittingRandomToPython.py:144: UserWarning: Boolean Series key will be reindexed to match DataFrame index.
  age_groups[i]:data[data['reg']==11][data['cl_age90']==10*i+9].dc.values for i in range(0,9)
ParameterFittingRandomToPython.py:144: UserWarning: Boolean Series key will be reindexed to match DataFrame index.
  age_groups[i]:data[data['reg']==11][data['cl_age90']==10*i+9].dc.values for i in range(0,9)
ParameterFittingRandomToPython.py:144: UserWarning: Boolean Series key will be reindexed to match DataFrame index.
  age_groups[i]:data[data['reg']==11][data['cl_age90']==10*i+9].dc.values for i in range(0,9)
ParameterFittingRandomToPython.py:144: UserWarning: Boolean Series key will be reindexed to match DataFrame index.
  age_groups[i]:data[data['reg']==11][data['cl_age90']==10*i+9].dc.values for i in range(0,9)
ParameterFittingRandomToPython.py:144: UserWarning: Boolean Series key will be reindexed to match DataFrame index.
  age_groups[i]:data[data['reg']==11][data['cl_age90']==10*i+9].dc.values for i in range(0,9)
ParameterFittingRandomToPython.py:144: UserWarning: Boolean Series key will be reindexed to match DataFrame index.
  age_groups[i]:data[data['reg']==11][data['cl_age90']==10*i+9].dc.values for i in range(0,9)
ParameterFittingRandomToPython.py:146: UserWarning: Boolean Series key will be reindexed to match DataFrame index.
  deaths_real['age_group_80_plus']+=data[data['reg']==11][data['cl_age90']==90].dc.values
ParameterFittingRandomToPython.py:147: UserWarning: Boolean Series key will be reindexed to match DataFrame index.
  deaths_real['total']=data[data['reg']==11][data['cl_age90']==0].dc.values
ParameterFittingRandomToPython.py:208: UserWarning: Boolean Series key will be reindexed to match DataFrame index.
  mult_deaths = np.sum(data[data['reg']==11][data['cl_age90']==0].hosp.values)/np.sum(data[data['reg']==11][data['cl_age90']==0].dc.values)
ParameterFittingRandomToPython.py:208: UserWarning: Boolean Series key will be reindexed to match DataFrame index.
  mult_deaths = np.sum(data[data['reg']==11][data['cl_age90']==0].hosp.values)/np.sum(data[data['reg']==11][data['cl_age90']==0].dc.values)
ParameterFittingRandomToPython.py:210: UserWarning: Boolean Series key will be reindexed to match DataFrame index.
  mult_icus = np.sum(data[data['reg']==11][data['cl_age90']==0].hosp.values)/np.sum(data[data['reg']==11][data['cl_age90']==0].rea.values)
ParameterFittingRandomToPython.py:210: UserWarning: Boolean Series key will be reindexed to match DataFrame index.
  mult_icus = np.sum(data[data['reg']==11][data['cl_age90']==0].hosp.values)/np.sum(data[data['reg']==11][data['cl_age90']==0].rea.values)
days_ahead 66
days_switch 10
{'groups': 'all', 'params_to_try': {'delta_schooling': [0.5, 1, 5], 'xi': [0, 371990.3, 929975.75, 1859951.5, 3719903, 5579854.5], 'icus': [2000, 2300, 2600, 2900, 3200], 'tests': [[0, 0], [30000, 30000], [60000, 60000], [120000, 120000]], 'testing': ['homogeneous'], 'eta': [0, 0.1, 0.2]}}
{'groups': 'all', 'params_to_try': {'delta_schooling': [0.5, 1, 5], 'xi': [0, 371990.3, 929975.75, 1859951.5, 3719903, 5579854.5], 'icus': [2000, 2300, 2600, 2900, 3200], 'tests': [[0, 0], [30000, 30000], [60000, 60000], [120000, 120000]], 'testing': ['homogeneous'], 'eta': [0, 0.1, 0.2]}}
0.7791072263244828
7.194862933913178
best_error: 101.58733673566434
best_error: 101.58733656764586
best_error: 101.58733653534384
best_error: 20.574703129674617
best_error: 20.57470312967385
best_error: 20.57470312812457
best_error: 20.57444669155547
best_error: 20.574446690000727
best_error: 20.57341337016707
best_error: 20.573413368593307
best_error: 20.569155035383453
best_error: 20.569155033729977
best_error: 20.54982525537273
best_error: 20.549825253327537
best_error: 20.380453525024087
best_error: 20.380453515447893
best_error: 20.377241127559884
best_error: 20.377241117743914
best_error: 20.307778419554857
best_error: 20.30777840375749
best_error: 20.219686423372863
best_error: 20.219686398327703
best_error: 16.11588299130557
best_error: 16.11588239272845
best_error: 14.990953710705535
best_error: 14.990953285478202
best_error: 14.926381273628808
best_error: 14.926381273576158
best_error: 14.926381210817821
best_error: 14.915130843245427
best_error: 14.915130837834662
best_error: 14.915130834753317
best_error: 14.915130834718145
best_error: 14.913820688323767
best_error: 14.913820684186094
best_error: 14.913820677609138
best_error: 14.839183367548257
best_error: 14.839183363814108
best_error: 14.83918335109055
best_error: 14.655902791957777
best_error: 14.65590275914644
best_error: 14.646998672081658
best_error: 14.64699830805134
best_error: 14.419567961376249
best_error: 14.41956796049888
best_error: 14.419567888459364
best_error: 14.417877928144668
best_error: 14.417877927276606
best_error: 14.417877855056958
best_error: 14.41692039628229
best_error: 14.416920395146217
best_error: 14.416920328112457
best_error: 14.416280846180356
best_error: 14.41628084497022
best_error: 14.416280778983566
best_error: 14.415825036479454
best_error: 14.415825035271705
best_error: 14.415824969237665
best_error: 14.415618160560786
best_error: 14.415618159354127
best_error: 14.41561809329857
best_error: 14.415424856794779
best_error: 14.415424855589134
best_error: 14.415424789513473
best_error: 14.415350506014793
best_error: 14.415350504809535
best_error: 14.415350438726147
best_error: 14.415311525039415
best_error: 14.41531149919506
best_error: 14.415311065602125
best_error: 14.415311064397061
best_error: 14.415310998309621
best_error: 14.415226019263784
best_error: 14.415226018059139
best_error: 14.415225951962967
best_error: 14.41521761045756
best_error: 14.41521760925296
best_error: 14.415217543155926
best_error: 14.415212665242201
best_error: 14.415212664037623
best_error: 14.415212597940084
best_error: 14.415209110014555
best_error: 14.41520910880999
best_error: 14.415209042712085
best_error: 14.41520719531976
best_error: 14.415207194115208
best_error: 14.415207128017107
best_error: 14.415205952873162
best_error: 14.41520595166861
best_error: 14.415205885570384
best_error: 14.415205121309057
best_error: 14.415205120104513
best_error: 14.415205054006199
best_error: 14.415204614029783
best_error: 14.415204612825239
best_error: 14.415204546726873
best_error: 14.415204280775868
best_error: 14.415204279571327
best_error: 14.415204213472926
best_error: 14.415204071877838
best_error: 14.4152040706733
best_error: 14.415204004574878
best_error: 14.415203938523543
best_error: 14.415203937319003
best_error: 14.41520387122057
best_error: 14.41520385156286
best_error: 14.415203850358322
best_error: 14.41520378425988
best_error: 14.415203729399355
best_error: 14.415203722247455
best_error: 14.415203718140278
best_error: 14.415203716935737
best_error: 14.415203705782389
best_error: 14.41520370014915
best_error: 14.415203698479715
best_error: 14.415203696667676
