ParameterFittingRandomToPython.py:123: UserWarning: Boolean Series key will be reindexed to match DataFrame index.
  french_days = data[data['reg']==11][data['cl_age90']==0].jour.values
ParameterFittingRandomToPython.py:131: UserWarning: Boolean Series key will be reindexed to match DataFrame index.
  age_groups[i]:data[data['reg']==11][data['cl_age90']==10*i+9].dc.values for i in range(0,9)
ParameterFittingRandomToPython.py:131: UserWarning: Boolean Series key will be reindexed to match DataFrame index.
  age_groups[i]:data[data['reg']==11][data['cl_age90']==10*i+9].dc.values for i in range(0,9)
ParameterFittingRandomToPython.py:131: UserWarning: Boolean Series key will be reindexed to match DataFrame index.
  age_groups[i]:data[data['reg']==11][data['cl_age90']==10*i+9].dc.values for i in range(0,9)
ParameterFittingRandomToPython.py:131: UserWarning: Boolean Series key will be reindexed to match DataFrame index.
  age_groups[i]:data[data['reg']==11][data['cl_age90']==10*i+9].dc.values for i in range(0,9)
ParameterFittingRandomToPython.py:131: UserWarning: Boolean Series key will be reindexed to match DataFrame index.
  age_groups[i]:data[data['reg']==11][data['cl_age90']==10*i+9].dc.values for i in range(0,9)
ParameterFittingRandomToPython.py:131: UserWarning: Boolean Series key will be reindexed to match DataFrame index.
  age_groups[i]:data[data['reg']==11][data['cl_age90']==10*i+9].dc.values for i in range(0,9)
ParameterFittingRandomToPython.py:131: UserWarning: Boolean Series key will be reindexed to match DataFrame index.
  age_groups[i]:data[data['reg']==11][data['cl_age90']==10*i+9].dc.values for i in range(0,9)
ParameterFittingRandomToPython.py:131: UserWarning: Boolean Series key will be reindexed to match DataFrame index.
  age_groups[i]:data[data['reg']==11][data['cl_age90']==10*i+9].dc.values for i in range(0,9)
ParameterFittingRandomToPython.py:131: UserWarning: Boolean Series key will be reindexed to match DataFrame index.
  age_groups[i]:data[data['reg']==11][data['cl_age90']==10*i+9].dc.values for i in range(0,9)
ParameterFittingRandomToPython.py:133: UserWarning: Boolean Series key will be reindexed to match DataFrame index.
  deaths_real['age_group_80_plus']+=data[data['reg']==11][data['cl_age90']==90].dc.values
ParameterFittingRandomToPython.py:134: UserWarning: Boolean Series key will be reindexed to match DataFrame index.
  deaths_real['total']=data[data['reg']==11][data['cl_age90']==0].dc.values
ParameterFittingRandomToPython.py:138: UserWarning: Boolean Series key will be reindexed to match DataFrame index.
  age_groups[i]:data[data['reg']==11][data['cl_age90']==10*i+9].rea.values for i in range(0,9)
ParameterFittingRandomToPython.py:138: UserWarning: Boolean Series key will be reindexed to match DataFrame index.
  age_groups[i]:data[data['reg']==11][data['cl_age90']==10*i+9].rea.values for i in range(0,9)
ParameterFittingRandomToPython.py:138: UserWarning: Boolean Series key will be reindexed to match DataFrame index.
  age_groups[i]:data[data['reg']==11][data['cl_age90']==10*i+9].rea.values for i in range(0,9)
ParameterFittingRandomToPython.py:138: UserWarning: Boolean Series key will be reindexed to match DataFrame index.
  age_groups[i]:data[data['reg']==11][data['cl_age90']==10*i+9].rea.values for i in range(0,9)
ParameterFittingRandomToPython.py:138: UserWarning: Boolean Series key will be reindexed to match DataFrame index.
  age_groups[i]:data[data['reg']==11][data['cl_age90']==10*i+9].rea.values for i in range(0,9)
ParameterFittingRandomToPython.py:138: UserWarning: Boolean Series key will be reindexed to match DataFrame index.
  age_groups[i]:data[data['reg']==11][data['cl_age90']==10*i+9].rea.values for i in range(0,9)
ParameterFittingRandomToPython.py:138: UserWarning: Boolean Series key will be reindexed to match DataFrame index.
  age_groups[i]:data[data['reg']==11][data['cl_age90']==10*i+9].rea.values for i in range(0,9)
ParameterFittingRandomToPython.py:138: UserWarning: Boolean Series key will be reindexed to match DataFrame index.
  age_groups[i]:data[data['reg']==11][data['cl_age90']==10*i+9].rea.values for i in range(0,9)
ParameterFittingRandomToPython.py:138: UserWarning: Boolean Series key will be reindexed to match DataFrame index.
  age_groups[i]:data[data['reg']==11][data['cl_age90']==10*i+9].rea.values for i in range(0,9)
ParameterFittingRandomToPython.py:140: UserWarning: Boolean Series key will be reindexed to match DataFrame index.
  icus_real['age_group_80_plus']+=data[data['reg']==11][data['cl_age90']==90].rea.values
ParameterFittingRandomToPython.py:141: UserWarning: Boolean Series key will be reindexed to match DataFrame index.
  icus_real['total']=data[data['reg']==11][data['cl_age90']==0].rea.values
ParameterFittingRandomToPython.py:145: UserWarning: Boolean Series key will be reindexed to match DataFrame index.
  age_groups[i]:data[data['reg']==11][data['cl_age90']==10*i+9].hosp.values-data[data['reg']==11][data['cl_age90']==10*i+9].rea.values for i in range(0,9)
ParameterFittingRandomToPython.py:145: UserWarning: Boolean Series key will be reindexed to match DataFrame index.
  age_groups[i]:data[data['reg']==11][data['cl_age90']==10*i+9].hosp.values-data[data['reg']==11][data['cl_age90']==10*i+9].rea.values for i in range(0,9)
ParameterFittingRandomToPython.py:145: UserWarning: Boolean Series key will be reindexed to match DataFrame index.
  age_groups[i]:data[data['reg']==11][data['cl_age90']==10*i+9].hosp.values-data[data['reg']==11][data['cl_age90']==10*i+9].rea.values for i in range(0,9)
ParameterFittingRandomToPython.py:145: UserWarning: Boolean Series key will be reindexed to match DataFrame index.
  age_groups[i]:data[data['reg']==11][data['cl_age90']==10*i+9].hosp.values-data[data['reg']==11][data['cl_age90']==10*i+9].rea.values for i in range(0,9)
ParameterFittingRandomToPython.py:145: UserWarning: Boolean Series key will be reindexed to match DataFrame index.
  age_groups[i]:data[data['reg']==11][data['cl_age90']==10*i+9].hosp.values-data[data['reg']==11][data['cl_age90']==10*i+9].rea.values for i in range(0,9)
ParameterFittingRandomToPython.py:145: UserWarning: Boolean Series key will be reindexed to match DataFrame index.
  age_groups[i]:data[data['reg']==11][data['cl_age90']==10*i+9].hosp.values-data[data['reg']==11][data['cl_age90']==10*i+9].rea.values for i in range(0,9)
ParameterFittingRandomToPython.py:145: UserWarning: Boolean Series key will be reindexed to match DataFrame index.
  age_groups[i]:data[data['reg']==11][data['cl_age90']==10*i+9].hosp.values-data[data['reg']==11][data['cl_age90']==10*i+9].rea.values for i in range(0,9)
ParameterFittingRandomToPython.py:145: UserWarning: Boolean Series key will be reindexed to match DataFrame index.
  age_groups[i]:data[data['reg']==11][data['cl_age90']==10*i+9].hosp.values-data[data['reg']==11][data['cl_age90']==10*i+9].rea.values for i in range(0,9)
ParameterFittingRandomToPython.py:145: UserWarning: Boolean Series key will be reindexed to match DataFrame index.
  age_groups[i]:data[data['reg']==11][data['cl_age90']==10*i+9].hosp.values-data[data['reg']==11][data['cl_age90']==10*i+9].rea.values for i in range(0,9)
ParameterFittingRandomToPython.py:145: UserWarning: Boolean Series key will be reindexed to match DataFrame index.
  age_groups[i]:data[data['reg']==11][data['cl_age90']==10*i+9].hosp.values-data[data['reg']==11][data['cl_age90']==10*i+9].rea.values for i in range(0,9)
ParameterFittingRandomToPython.py:145: UserWarning: Boolean Series key will be reindexed to match DataFrame index.
  age_groups[i]:data[data['reg']==11][data['cl_age90']==10*i+9].hosp.values-data[data['reg']==11][data['cl_age90']==10*i+9].rea.values for i in range(0,9)
ParameterFittingRandomToPython.py:145: UserWarning: Boolean Series key will be reindexed to match DataFrame index.
  age_groups[i]:data[data['reg']==11][data['cl_age90']==10*i+9].hosp.values-data[data['reg']==11][data['cl_age90']==10*i+9].rea.values for i in range(0,9)
ParameterFittingRandomToPython.py:145: UserWarning: Boolean Series key will be reindexed to match DataFrame index.
  age_groups[i]:data[data['reg']==11][data['cl_age90']==10*i+9].hosp.values-data[data['reg']==11][data['cl_age90']==10*i+9].rea.values for i in range(0,9)
ParameterFittingRandomToPython.py:145: UserWarning: Boolean Series key will be reindexed to match DataFrame index.
  age_groups[i]:data[data['reg']==11][data['cl_age90']==10*i+9].hosp.values-data[data['reg']==11][data['cl_age90']==10*i+9].rea.values for i in range(0,9)
ParameterFittingRandomToPython.py:145: UserWarning: Boolean Series key will be reindexed to match DataFrame index.
  age_groups[i]:data[data['reg']==11][data['cl_age90']==10*i+9].hosp.values-data[data['reg']==11][data['cl_age90']==10*i+9].rea.values for i in range(0,9)
ParameterFittingRandomToPython.py:145: UserWarning: Boolean Series key will be reindexed to match DataFrame index.
  age_groups[i]:data[data['reg']==11][data['cl_age90']==10*i+9].hosp.values-data[data['reg']==11][data['cl_age90']==10*i+9].rea.values for i in range(0,9)
ParameterFittingRandomToPython.py:145: UserWarning: Boolean Series key will be reindexed to match DataFrame index.
  age_groups[i]:data[data['reg']==11][data['cl_age90']==10*i+9].hosp.values-data[data['reg']==11][data['cl_age90']==10*i+9].rea.values for i in range(0,9)
ParameterFittingRandomToPython.py:145: UserWarning: Boolean Series key will be reindexed to match DataFrame index.
  age_groups[i]:data[data['reg']==11][data['cl_age90']==10*i+9].hosp.values-data[data['reg']==11][data['cl_age90']==10*i+9].rea.values for i in range(0,9)
ParameterFittingRandomToPython.py:147: UserWarning: Boolean Series key will be reindexed to match DataFrame index.
  beds_real['age_group_80_plus']+=data[data['reg']==11][data['cl_age90']==90].hosp.values - data[data['reg']==11][data['cl_age90']==90].rea.values
ParameterFittingRandomToPython.py:147: UserWarning: Boolean Series key will be reindexed to match DataFrame index.
  beds_real['age_group_80_plus']+=data[data['reg']==11][data['cl_age90']==90].hosp.values - data[data['reg']==11][data['cl_age90']==90].rea.values
ParameterFittingRandomToPython.py:148: UserWarning: Boolean Series key will be reindexed to match DataFrame index.
  beds_real['total']=data[data['reg']==11][data['cl_age90']==0].hosp.values - data[data['reg']==11][data['cl_age90']==0].rea.values
ParameterFittingRandomToPython.py:148: UserWarning: Boolean Series key will be reindexed to match DataFrame index.
  beds_real['total']=data[data['reg']==11][data['cl_age90']==0].hosp.values - data[data['reg']==11][data['cl_age90']==0].rea.values
days_ahead 78
days_switch 20
{'groups': 'all', 'params_to_try': {'delta_schooling': [0.5, 1, 5], 'xi': [0, 371990.3, 929975.75, 1859951.5, 3719903, 5579854.5], 'icus': [2000, 2300, 2600, 2900, 3200], 'tests': [[0, 0], [30000, 30000], [60000, 60000], [120000, 120000]], 'testing': ['homogeneous'], 'eta': [0, 0.1, 0.2]}}
{'groups': 'all', 'params_to_try': {'delta_schooling': [0.5, 1, 5], 'xi': [0, 371990.3, 929975.75, 1859951.5, 3719903, 5579854.5], 'icus': [2000, 2300, 2600, 2900, 3200], 'tests': [[0, 0], [30000, 30000], [60000, 60000], [120000, 120000]], 'testing': ['homogeneous'], 'eta': [0, 0.1, 0.2]}}
best_error: 21.12158656499487
best_error: 21.121586550477392
best_error: 21.1215865499704
best_error: 21.121586516683347
best_error: 4.672620169960337
best_error: 4.672620169387034
best_error: 4.672620169278635
best_error: 4.67262016724443
best_error: 4.655000796643052
best_error: 4.655000795903014
best_error: 4.655000793903019
best_error: 4.580634020198741
best_error: 4.580634019199826
best_error: 4.580634017354507
best_error: 4.192168356033027
best_error: 4.192168353144297
best_error: 4.192168352614815
best_error: 3.9364472478543773
best_error: 3.936447242370393
best_error: 3.7678760211016695
best_error: 3.7678760049799265
best_error: 3.744434546802716
best_error: 3.744434528168167
best_error: 3.7166478757577033
best_error: 3.716647853844988
best_error: 3.3656080223143867
best_error: 3.3656079425492025
best_error: 2.18548195780095
best_error: 2.1854816734712377
best_error: 1.8191521718085233
best_error: 1.819152156670574
best_error: 1.8185771106392792
best_error: 1.8185770961777834
best_error: 1.8178941821839134
best_error: 1.817894181385996
best_error: 1.8178941813779246
best_error: 1.8165788289282156
best_error: 1.816578822876995
best_error: 1.8136127521064764
best_error: 1.8136127287752608
best_error: 1.8058704731211657
best_error: 1.8058704346794565
best_error: 1.7888889490821267
best_error: 1.788888877130657
best_error: 1.7772887910023716
best_error: 1.777288720555548
best_error: 1.751861990297296
best_error: 1.7518619898892325
best_error: 1.7507315265533379
best_error: 1.7507315265395933
best_error: 1.7507315238462373
best_error: 1.7476169920184657
best_error: 1.7476169910047172
best_error: 1.7351805385650225
best_error: 1.7351805331343817
best_error: 1.6852797407920976
best_error: 1.6852797220145195
best_error: 1.4604903776955223
best_error: 1.460490351167814
best_error: 1.4470068649447143
best_error: 1.4470067998477598
best_error: 1.423637019307299
best_error: 1.423636952853989
best_error: 1.3747621697412153
best_error: 1.374762099829022
best_error: 1.3556340592884035
best_error: 1.3556340131714575
best_error: 1.3242844255051307
best_error: 1.3242843706588194
best_error: 1.1505372464131036
best_error: 1.1505371822632464
best_error: 1.1025441520874972
best_error: 1.1025439555171739
best_error: 1.0208573229332427
best_error: 1.0208571151245518
best_error: 0.9621401411681054
best_error: 0.9621399720288782
best_error: 0.938939624314346
best_error: 0.9389396125821411
best_error: 0.927256573333796
best_error: 0.9272565316140726
best_error: 0.9061497197760798
best_error: 0.906149651529104
best_error: 0.8743626783411446
best_error: 0.8743626014153131
best_error: 0.844540226150572
best_error: 0.8445401957894192
best_error: 0.8413250843646025
best_error: 0.8413250443855894
best_error: 0.8390902438022738
best_error: 0.8390902041268091
best_error: 0.8378299085573571
best_error: 0.8378298709488655
best_error: 0.8342443342173617
best_error: 0.8342443154532647
best_error: 0.8303936600304592
best_error: 0.830393611486968
best_error: 0.8286693204416129
best_error: 0.8286692917994862
best_error: 0.8276989935193317
best_error: 0.8276989930391123
best_error: 0.8276989923390734
best_error: 0.8276066353701487
best_error: 0.8276066333570569
best_error: 0.8275398766012796
best_error: 0.8275398743999081
best_error: 0.8274564119750494
best_error: 0.8274564115916055
best_error: 0.8274564114806197
best_error: 0.8274564112276158
best_error: 0.8265359661662464
best_error: 0.8265359404691078
best_error: 0.8248432987613519
best_error: 0.8248432445787516
best_error: 0.8177091644854613
best_error: 0.817709148362688
best_error: 0.8155252266759981
best_error: 0.8155251959589441
best_error: 0.8119181201659234
best_error: 0.8119180839621464
best_error: 0.8103928414181882
best_error: 0.8103928034737643
best_error: 0.8082773604407645
best_error: 0.8082773372489686
best_error: 0.8076197367536918
best_error: 0.8076197091755367
best_error: 0.8070915887736081
best_error: 0.8070915869202531
best_error: 0.8064813695495756
best_error: 0.8064813684332353
best_error: 0.8064596613306451
best_error: 0.8064596609374785
best_error: 0.8061976112400504
best_error: 0.8061976015207244
best_error: 0.8061730970102855
best_error: 0.8061730963922326
best_error: 0.806172994819664
best_error: 0.8061729943788899
best_error: 0.8061729214050218
best_error: 0.8061729209641787
best_error: 0.8061727546613795
best_error: 0.8061727538636173
best_error: 0.8061726260853738
best_error: 0.8061726258620204
best_error: 0.8061726256377212
best_error: 0.806172498773761
best_error: 0.8061724983337722
best_error: 0.8061721819387777
best_error: 0.8061721817161305
best_error: 0.8061721814907734
best_error: 0.8061720221633594
best_error: 0.8061720217263343
best_error: 0.8061718091582185
best_error: 0.806171808551803
best_error: 0.8061717381817245
best_error: 0.8061717377421759
best_error: 0.8061714679795952
best_error: 0.8061714673793684
best_error: 0.8061664881466291
best_error: 0.8061664876024891
best_error: 0.8061495410876145
best_error: 0.8061495400236233
best_error: 0.8060951790636471
best_error: 0.8060951764724797
best_error: 0.8060702655155534
best_error: 0.8060702654255223
best_error: 0.8060702636415416
best_error: 0.8060460541247495
best_error: 0.8060460525581348
best_error: 0.8058216933785222
best_error: 0.8058216857757668
best_error: 0.8057464620242107
best_error: 0.8057464562021224
best_error: 0.8056933915878391
best_error: 0.8056933892717966
best_error: 0.8056592709355557
best_error: 0.8056592696249929
best_error: 0.8056509510185876
best_error: 0.8056509455099274
best_error: 0.8056418106156754
best_error: 0.8056418044684007
best_error: 0.805620746951902
best_error: 0.8056207352849597
best_error: 0.8055765435428301
best_error: 0.805576530206149
best_error: 0.8053640519104581
best_error: 0.8053640355517571
best_error: 0.8047822498313884
best_error: 0.8047822369974582
best_error: 0.804768202719059
best_error: 0.8047681897929394
best_error: 0.8043603490538571
best_error: 0.8043603352367451
best_error: 0.8042299163280906
best_error: 0.8042299124441216
best_error: 0.8032769445737691
best_error: 0.8032769403575928
best_error: 0.802894300284657
best_error: 0.8028942998875217
best_error: 0.8023611751617801
best_error: 0.8023611738349604
best_error: 0.8023234488857293
best_error: 0.8023234481601403
best_error: 0.8022599890785661
best_error: 0.8022599852588934
best_error: 0.8021737627297675
best_error: 0.8021737601073137
best_error: 0.8019640846145202
best_error: 0.8019640842505329
best_error: 0.8017712485663918
best_error: 0.8017712480920678
best_error: 0.8015746498258318
best_error: 0.8015746483972098
best_error: 0.8015372988216143
best_error: 0.8015372971573734
best_error: 0.8015190916182445
best_error: 0.8015190911715383
best_error: 0.8014938705210455
best_error: 0.8014938696823144
best_error: 0.8014932615039876
best_error: 0.8014932611822893
best_error: 0.8014909933271918
best_error: 0.801490991945367
best_error: 0.8014903349105389
best_error: 0.8014903344421139
best_error: 0.8014894461158412
best_error: 0.8014894461021123
best_error: 0.801489446092603
best_error: 0.8014893866510698
best_error: 0.8014893866324035
best_error: 0.8014893866278695
best_error: 0.8014879326254213
best_error: 0.8014879325350671
best_error: 0.8014854844561359
best_error: 0.8014854844493304
best_error: 0.8014848597453859
best_error: 0.8014848596563566
best_error: 0.8014824928003768
best_error: 0.8014824927853748
best_error: 0.8014688412113299
best_error: 0.8014688412025716
best_error: 0.8014688408515565
best_error: 0.8014564056270573
best_error: 0.80145640500368
best_error: 0.8014390276413953
best_error: 0.8014390202313451
best_error: 0.801384225353107
best_error: 0.8013842223598335
best_error: 0.8013703640966443
best_error: 0.8013703639795142
best_error: 0.8013688121504826
best_error: 0.8013688120645922
best_error: 0.8013681838290521
best_error: 0.8013681834361228
best_error: 0.8013630927033651
best_error: 0.8013630925390403
