ParameterFittingRandomToPython.py:119: UserWarning: Boolean Series key will be reindexed to match DataFrame index.
  days = data[data['reg']==11][data['cl_age90']==0].jour.values
ParameterFittingRandomToPython.py:132: UserWarning: Boolean Series key will be reindexed to match DataFrame index.
  age_groups[i]:data[data['reg']==11][data['cl_age90']==10*i+9].hosp.values for i in range(0,9)
ParameterFittingRandomToPython.py:132: UserWarning: Boolean Series key will be reindexed to match DataFrame index.
  age_groups[i]:data[data['reg']==11][data['cl_age90']==10*i+9].hosp.values for i in range(0,9)
ParameterFittingRandomToPython.py:132: UserWarning: Boolean Series key will be reindexed to match DataFrame index.
  age_groups[i]:data[data['reg']==11][data['cl_age90']==10*i+9].hosp.values for i in range(0,9)
ParameterFittingRandomToPython.py:132: UserWarning: Boolean Series key will be reindexed to match DataFrame index.
  age_groups[i]:data[data['reg']==11][data['cl_age90']==10*i+9].hosp.values for i in range(0,9)
ParameterFittingRandomToPython.py:132: UserWarning: Boolean Series key will be reindexed to match DataFrame index.
  age_groups[i]:data[data['reg']==11][data['cl_age90']==10*i+9].hosp.values for i in range(0,9)
ParameterFittingRandomToPython.py:132: UserWarning: Boolean Series key will be reindexed to match DataFrame index.
  age_groups[i]:data[data['reg']==11][data['cl_age90']==10*i+9].hosp.values for i in range(0,9)
ParameterFittingRandomToPython.py:132: UserWarning: Boolean Series key will be reindexed to match DataFrame index.
  age_groups[i]:data[data['reg']==11][data['cl_age90']==10*i+9].hosp.values for i in range(0,9)
ParameterFittingRandomToPython.py:132: UserWarning: Boolean Series key will be reindexed to match DataFrame index.
  age_groups[i]:data[data['reg']==11][data['cl_age90']==10*i+9].hosp.values for i in range(0,9)
ParameterFittingRandomToPython.py:132: UserWarning: Boolean Series key will be reindexed to match DataFrame index.
  age_groups[i]:data[data['reg']==11][data['cl_age90']==10*i+9].hosp.values for i in range(0,9)
ParameterFittingRandomToPython.py:134: UserWarning: Boolean Series key will be reindexed to match DataFrame index.
  beds_real['age_group_80_plus']+=data[data['reg']==11][data['cl_age90']==90].hosp.values
ParameterFittingRandomToPython.py:135: UserWarning: Boolean Series key will be reindexed to match DataFrame index.
  beds_real['total']=data[data['reg']==11][data['cl_age90']==0].hosp.values
ParameterFittingRandomToPython.py:138: UserWarning: Boolean Series key will be reindexed to match DataFrame index.
  age_groups[i]:data[data['reg']==11][data['cl_age90']==10*i+9].rea.values for i in range(0,9)
ParameterFittingRandomToPython.py:138: UserWarning: Boolean Series key will be reindexed to match DataFrame index.
  age_groups[i]:data[data['reg']==11][data['cl_age90']==10*i+9].rea.values for i in range(0,9)
ParameterFittingRandomToPython.py:138: UserWarning: Boolean Series key will be reindexed to match DataFrame index.
  age_groups[i]:data[data['reg']==11][data['cl_age90']==10*i+9].rea.values for i in range(0,9)
ParameterFittingRandomToPython.py:138: UserWarning: Boolean Series key will be reindexed to match DataFrame index.
  age_groups[i]:data[data['reg']==11][data['cl_age90']==10*i+9].rea.values for i in range(0,9)
ParameterFittingRandomToPython.py:138: UserWarning: Boolean Series key will be reindexed to match DataFrame index.
  age_groups[i]:data[data['reg']==11][data['cl_age90']==10*i+9].rea.values for i in range(0,9)
ParameterFittingRandomToPython.py:138: UserWarning: Boolean Series key will be reindexed to match DataFrame index.
  age_groups[i]:data[data['reg']==11][data['cl_age90']==10*i+9].rea.values for i in range(0,9)
ParameterFittingRandomToPython.py:138: UserWarning: Boolean Series key will be reindexed to match DataFrame index.
  age_groups[i]:data[data['reg']==11][data['cl_age90']==10*i+9].rea.values for i in range(0,9)
ParameterFittingRandomToPython.py:138: UserWarning: Boolean Series key will be reindexed to match DataFrame index.
  age_groups[i]:data[data['reg']==11][data['cl_age90']==10*i+9].rea.values for i in range(0,9)
ParameterFittingRandomToPython.py:138: UserWarning: Boolean Series key will be reindexed to match DataFrame index.
  age_groups[i]:data[data['reg']==11][data['cl_age90']==10*i+9].rea.values for i in range(0,9)
ParameterFittingRandomToPython.py:140: UserWarning: Boolean Series key will be reindexed to match DataFrame index.
  icus_real['age_group_80_plus']+=data[data['reg']==11][data['cl_age90']==90].rea.values
ParameterFittingRandomToPython.py:141: UserWarning: Boolean Series key will be reindexed to match DataFrame index.
  icus_real['total']=data[data['reg']==11][data['cl_age90']==0].rea.values
ParameterFittingRandomToPython.py:144: UserWarning: Boolean Series key will be reindexed to match DataFrame index.
  age_groups[i]:data[data['reg']==11][data['cl_age90']==10*i+9].dc.values for i in range(0,9)
ParameterFittingRandomToPython.py:144: UserWarning: Boolean Series key will be reindexed to match DataFrame index.
  age_groups[i]:data[data['reg']==11][data['cl_age90']==10*i+9].dc.values for i in range(0,9)
ParameterFittingRandomToPython.py:144: UserWarning: Boolean Series key will be reindexed to match DataFrame index.
  age_groups[i]:data[data['reg']==11][data['cl_age90']==10*i+9].dc.values for i in range(0,9)
ParameterFittingRandomToPython.py:144: UserWarning: Boolean Series key will be reindexed to match DataFrame index.
  age_groups[i]:data[data['reg']==11][data['cl_age90']==10*i+9].dc.values for i in range(0,9)
ParameterFittingRandomToPython.py:144: UserWarning: Boolean Series key will be reindexed to match DataFrame index.
  age_groups[i]:data[data['reg']==11][data['cl_age90']==10*i+9].dc.values for i in range(0,9)
ParameterFittingRandomToPython.py:144: UserWarning: Boolean Series key will be reindexed to match DataFrame index.
  age_groups[i]:data[data['reg']==11][data['cl_age90']==10*i+9].dc.values for i in range(0,9)
ParameterFittingRandomToPython.py:144: UserWarning: Boolean Series key will be reindexed to match DataFrame index.
  age_groups[i]:data[data['reg']==11][data['cl_age90']==10*i+9].dc.values for i in range(0,9)
ParameterFittingRandomToPython.py:144: UserWarning: Boolean Series key will be reindexed to match DataFrame index.
  age_groups[i]:data[data['reg']==11][data['cl_age90']==10*i+9].dc.values for i in range(0,9)
ParameterFittingRandomToPython.py:144: UserWarning: Boolean Series key will be reindexed to match DataFrame index.
  age_groups[i]:data[data['reg']==11][data['cl_age90']==10*i+9].dc.values for i in range(0,9)
ParameterFittingRandomToPython.py:146: UserWarning: Boolean Series key will be reindexed to match DataFrame index.
  deaths_real['age_group_80_plus']+=data[data['reg']==11][data['cl_age90']==90].dc.values
ParameterFittingRandomToPython.py:147: UserWarning: Boolean Series key will be reindexed to match DataFrame index.
  deaths_real['total']=data[data['reg']==11][data['cl_age90']==0].dc.values
ParameterFittingRandomToPython.py:208: UserWarning: Boolean Series key will be reindexed to match DataFrame index.
  mult_deaths = np.sum(data[data['reg']==11][data['cl_age90']==0].hosp.values)/np.sum(data[data['reg']==11][data['cl_age90']==0].dc.values)
ParameterFittingRandomToPython.py:208: UserWarning: Boolean Series key will be reindexed to match DataFrame index.
  mult_deaths = np.sum(data[data['reg']==11][data['cl_age90']==0].hosp.values)/np.sum(data[data['reg']==11][data['cl_age90']==0].dc.values)
ParameterFittingRandomToPython.py:210: UserWarning: Boolean Series key will be reindexed to match DataFrame index.
  mult_icus = np.sum(data[data['reg']==11][data['cl_age90']==0].hosp.values)/np.sum(data[data['reg']==11][data['cl_age90']==0].rea.values)
ParameterFittingRandomToPython.py:210: UserWarning: Boolean Series key will be reindexed to match DataFrame index.
  mult_icus = np.sum(data[data['reg']==11][data['cl_age90']==0].hosp.values)/np.sum(data[data['reg']==11][data['cl_age90']==0].rea.values)
days_ahead 68
days_switch 90
{'groups': 'all', 'params_to_try': {'delta_schooling': [0.5, 1, 5], 'xi': [0, 371990.3, 929975.75, 1859951.5, 3719903, 5579854.5], 'icus': [2000, 2300, 2600, 2900, 3200], 'tests': [[0, 0], [30000, 30000], [60000, 60000], [120000, 120000]], 'testing': ['homogeneous'], 'eta': [0, 0.1, 0.2]}}
{'groups': 'all', 'params_to_try': {'delta_schooling': [0.5, 1, 5], 'xi': [0, 371990.3, 929975.75, 1859951.5, 3719903, 5579854.5], 'icus': [2000, 2300, 2600, 2900, 3200], 'tests': [[0, 0], [30000, 30000], [60000, 60000], [120000, 120000]], 'testing': ['homogeneous'], 'eta': [0, 0.1, 0.2]}}
0.7791072263244828
7.194862933913178
best_error: 109.72657599396574
best_error: 109.72657586927603
best_error: 109.72657579572538
best_error: 20.414919654344583
best_error: 20.41491965434345
best_error: 20.414919652306416
best_error: 20.414439615227128
best_error: 20.414439613175634
best_error: 20.412487670191833
best_error: 20.41248766808559
best_error: 20.404130983593884
best_error: 20.404130981243302
best_error: 20.358239990322225
best_error: 20.358239986339704
best_error: 15.61380295269845
best_error: 15.613802525775423
best_error: 14.392304528315183
best_error: 14.392304512146108
best_error: 14.230451367483292
best_error: 14.230451362165821
best_error: 14.23045135854268
best_error: 14.211113947410485
best_error: 14.211113699027262
best_error: 14.207600104486259
best_error: 14.207600100944155
best_error: 14.207600092057316
best_error: 14.19456520375785
best_error: 14.194565201607153
best_error: 14.19456518914887
best_error: 14.189369170671874
best_error: 14.18936916873313
best_error: 14.18936915620499
best_error: 14.186904637728915
best_error: 14.186904636208371
best_error: 14.186904623340453
best_error: 14.185454692579292
best_error: 14.185454691066026
best_error: 14.185454678230363
best_error: 14.185040754825714
best_error: 14.18504075331452
best_error: 14.18504074048808
best_error: 14.18488468740772
best_error: 14.184884685897309
best_error: 14.184884673074343
best_error: 14.184815152862337
best_error: 14.184815151352275
best_error: 14.18481513853086
best_error: 14.184775398655646
best_error: 14.184775397145788
best_error: 14.18477538432524
best_error: 14.184760414345917
best_error: 14.18476041283613
best_error: 14.184760400015918
best_error: 14.184753570875483
best_error: 14.18475356936573
best_error: 14.184753556545669
best_error: 14.184750254336823
best_error: 14.18475025282709
best_error: 14.1847502400071
best_error: 14.184748596756265
best_error: 14.18474859524654
best_error: 14.184748582426586
best_error: 14.184747495798227
best_error: 14.184747494288509
best_error: 14.184747481468577
best_error: 14.18474691978578
best_error: 14.184746918276058
best_error: 14.184746905456144
best_error: 14.184746869984174
best_error: 14.184746868474456
best_error: 14.18474685565454
best_error: 14.184746851262528
best_error: 14.184746840912867
best_error: 14.184746820293103
