ParameterFittingRandomToPython.py:123: UserWarning: Boolean Series key will be reindexed to match DataFrame index.
  french_days = data[data['reg']==11][data['cl_age90']==0].jour.values
ParameterFittingRandomToPython.py:131: UserWarning: Boolean Series key will be reindexed to match DataFrame index.
  age_groups[i]:data[data['reg']==11][data['cl_age90']==10*i+9].dc.values for i in range(0,9)
ParameterFittingRandomToPython.py:131: UserWarning: Boolean Series key will be reindexed to match DataFrame index.
  age_groups[i]:data[data['reg']==11][data['cl_age90']==10*i+9].dc.values for i in range(0,9)
ParameterFittingRandomToPython.py:131: UserWarning: Boolean Series key will be reindexed to match DataFrame index.
  age_groups[i]:data[data['reg']==11][data['cl_age90']==10*i+9].dc.values for i in range(0,9)
ParameterFittingRandomToPython.py:131: UserWarning: Boolean Series key will be reindexed to match DataFrame index.
  age_groups[i]:data[data['reg']==11][data['cl_age90']==10*i+9].dc.values for i in range(0,9)
ParameterFittingRandomToPython.py:131: UserWarning: Boolean Series key will be reindexed to match DataFrame index.
  age_groups[i]:data[data['reg']==11][data['cl_age90']==10*i+9].dc.values for i in range(0,9)
ParameterFittingRandomToPython.py:131: UserWarning: Boolean Series key will be reindexed to match DataFrame index.
  age_groups[i]:data[data['reg']==11][data['cl_age90']==10*i+9].dc.values for i in range(0,9)
ParameterFittingRandomToPython.py:131: UserWarning: Boolean Series key will be reindexed to match DataFrame index.
  age_groups[i]:data[data['reg']==11][data['cl_age90']==10*i+9].dc.values for i in range(0,9)
ParameterFittingRandomToPython.py:131: UserWarning: Boolean Series key will be reindexed to match DataFrame index.
  age_groups[i]:data[data['reg']==11][data['cl_age90']==10*i+9].dc.values for i in range(0,9)
ParameterFittingRandomToPython.py:131: UserWarning: Boolean Series key will be reindexed to match DataFrame index.
  age_groups[i]:data[data['reg']==11][data['cl_age90']==10*i+9].dc.values for i in range(0,9)
ParameterFittingRandomToPython.py:133: UserWarning: Boolean Series key will be reindexed to match DataFrame index.
  deaths_real['age_group_80_plus']+=data[data['reg']==11][data['cl_age90']==90].dc.values
ParameterFittingRandomToPython.py:134: UserWarning: Boolean Series key will be reindexed to match DataFrame index.
  deaths_real['total']=data[data['reg']==11][data['cl_age90']==0].dc.values
ParameterFittingRandomToPython.py:138: UserWarning: Boolean Series key will be reindexed to match DataFrame index.
  age_groups[i]:data[data['reg']==11][data['cl_age90']==10*i+9].rea.values for i in range(0,9)
ParameterFittingRandomToPython.py:138: UserWarning: Boolean Series key will be reindexed to match DataFrame index.
  age_groups[i]:data[data['reg']==11][data['cl_age90']==10*i+9].rea.values for i in range(0,9)
ParameterFittingRandomToPython.py:138: UserWarning: Boolean Series key will be reindexed to match DataFrame index.
  age_groups[i]:data[data['reg']==11][data['cl_age90']==10*i+9].rea.values for i in range(0,9)
ParameterFittingRandomToPython.py:138: UserWarning: Boolean Series key will be reindexed to match DataFrame index.
  age_groups[i]:data[data['reg']==11][data['cl_age90']==10*i+9].rea.values for i in range(0,9)
ParameterFittingRandomToPython.py:138: UserWarning: Boolean Series key will be reindexed to match DataFrame index.
  age_groups[i]:data[data['reg']==11][data['cl_age90']==10*i+9].rea.values for i in range(0,9)
ParameterFittingRandomToPython.py:138: UserWarning: Boolean Series key will be reindexed to match DataFrame index.
  age_groups[i]:data[data['reg']==11][data['cl_age90']==10*i+9].rea.values for i in range(0,9)
ParameterFittingRandomToPython.py:138: UserWarning: Boolean Series key will be reindexed to match DataFrame index.
  age_groups[i]:data[data['reg']==11][data['cl_age90']==10*i+9].rea.values for i in range(0,9)
ParameterFittingRandomToPython.py:138: UserWarning: Boolean Series key will be reindexed to match DataFrame index.
  age_groups[i]:data[data['reg']==11][data['cl_age90']==10*i+9].rea.values for i in range(0,9)
ParameterFittingRandomToPython.py:138: UserWarning: Boolean Series key will be reindexed to match DataFrame index.
  age_groups[i]:data[data['reg']==11][data['cl_age90']==10*i+9].rea.values for i in range(0,9)
ParameterFittingRandomToPython.py:140: UserWarning: Boolean Series key will be reindexed to match DataFrame index.
  icus_real['age_group_80_plus']+=data[data['reg']==11][data['cl_age90']==90].rea.values
ParameterFittingRandomToPython.py:141: UserWarning: Boolean Series key will be reindexed to match DataFrame index.
  icus_real['total']=data[data['reg']==11][data['cl_age90']==0].rea.values
ParameterFittingRandomToPython.py:145: UserWarning: Boolean Series key will be reindexed to match DataFrame index.
  age_groups[i]:data[data['reg']==11][data['cl_age90']==10*i+9].hosp.values-data[data['reg']==11][data['cl_age90']==10*i+9].rea.values for i in range(0,9)
ParameterFittingRandomToPython.py:145: UserWarning: Boolean Series key will be reindexed to match DataFrame index.
  age_groups[i]:data[data['reg']==11][data['cl_age90']==10*i+9].hosp.values-data[data['reg']==11][data['cl_age90']==10*i+9].rea.values for i in range(0,9)
ParameterFittingRandomToPython.py:145: UserWarning: Boolean Series key will be reindexed to match DataFrame index.
  age_groups[i]:data[data['reg']==11][data['cl_age90']==10*i+9].hosp.values-data[data['reg']==11][data['cl_age90']==10*i+9].rea.values for i in range(0,9)
ParameterFittingRandomToPython.py:145: UserWarning: Boolean Series key will be reindexed to match DataFrame index.
  age_groups[i]:data[data['reg']==11][data['cl_age90']==10*i+9].hosp.values-data[data['reg']==11][data['cl_age90']==10*i+9].rea.values for i in range(0,9)
ParameterFittingRandomToPython.py:145: UserWarning: Boolean Series key will be reindexed to match DataFrame index.
  age_groups[i]:data[data['reg']==11][data['cl_age90']==10*i+9].hosp.values-data[data['reg']==11][data['cl_age90']==10*i+9].rea.values for i in range(0,9)
ParameterFittingRandomToPython.py:145: UserWarning: Boolean Series key will be reindexed to match DataFrame index.
  age_groups[i]:data[data['reg']==11][data['cl_age90']==10*i+9].hosp.values-data[data['reg']==11][data['cl_age90']==10*i+9].rea.values for i in range(0,9)
ParameterFittingRandomToPython.py:145: UserWarning: Boolean Series key will be reindexed to match DataFrame index.
  age_groups[i]:data[data['reg']==11][data['cl_age90']==10*i+9].hosp.values-data[data['reg']==11][data['cl_age90']==10*i+9].rea.values for i in range(0,9)
ParameterFittingRandomToPython.py:145: UserWarning: Boolean Series key will be reindexed to match DataFrame index.
  age_groups[i]:data[data['reg']==11][data['cl_age90']==10*i+9].hosp.values-data[data['reg']==11][data['cl_age90']==10*i+9].rea.values for i in range(0,9)
ParameterFittingRandomToPython.py:145: UserWarning: Boolean Series key will be reindexed to match DataFrame index.
  age_groups[i]:data[data['reg']==11][data['cl_age90']==10*i+9].hosp.values-data[data['reg']==11][data['cl_age90']==10*i+9].rea.values for i in range(0,9)
ParameterFittingRandomToPython.py:145: UserWarning: Boolean Series key will be reindexed to match DataFrame index.
  age_groups[i]:data[data['reg']==11][data['cl_age90']==10*i+9].hosp.values-data[data['reg']==11][data['cl_age90']==10*i+9].rea.values for i in range(0,9)
ParameterFittingRandomToPython.py:145: UserWarning: Boolean Series key will be reindexed to match DataFrame index.
  age_groups[i]:data[data['reg']==11][data['cl_age90']==10*i+9].hosp.values-data[data['reg']==11][data['cl_age90']==10*i+9].rea.values for i in range(0,9)
ParameterFittingRandomToPython.py:145: UserWarning: Boolean Series key will be reindexed to match DataFrame index.
  age_groups[i]:data[data['reg']==11][data['cl_age90']==10*i+9].hosp.values-data[data['reg']==11][data['cl_age90']==10*i+9].rea.values for i in range(0,9)
ParameterFittingRandomToPython.py:145: UserWarning: Boolean Series key will be reindexed to match DataFrame index.
  age_groups[i]:data[data['reg']==11][data['cl_age90']==10*i+9].hosp.values-data[data['reg']==11][data['cl_age90']==10*i+9].rea.values for i in range(0,9)
ParameterFittingRandomToPython.py:145: UserWarning: Boolean Series key will be reindexed to match DataFrame index.
  age_groups[i]:data[data['reg']==11][data['cl_age90']==10*i+9].hosp.values-data[data['reg']==11][data['cl_age90']==10*i+9].rea.values for i in range(0,9)
ParameterFittingRandomToPython.py:145: UserWarning: Boolean Series key will be reindexed to match DataFrame index.
  age_groups[i]:data[data['reg']==11][data['cl_age90']==10*i+9].hosp.values-data[data['reg']==11][data['cl_age90']==10*i+9].rea.values for i in range(0,9)
ParameterFittingRandomToPython.py:145: UserWarning: Boolean Series key will be reindexed to match DataFrame index.
  age_groups[i]:data[data['reg']==11][data['cl_age90']==10*i+9].hosp.values-data[data['reg']==11][data['cl_age90']==10*i+9].rea.values for i in range(0,9)
ParameterFittingRandomToPython.py:145: UserWarning: Boolean Series key will be reindexed to match DataFrame index.
  age_groups[i]:data[data['reg']==11][data['cl_age90']==10*i+9].hosp.values-data[data['reg']==11][data['cl_age90']==10*i+9].rea.values for i in range(0,9)
ParameterFittingRandomToPython.py:145: UserWarning: Boolean Series key will be reindexed to match DataFrame index.
  age_groups[i]:data[data['reg']==11][data['cl_age90']==10*i+9].hosp.values-data[data['reg']==11][data['cl_age90']==10*i+9].rea.values for i in range(0,9)
ParameterFittingRandomToPython.py:147: UserWarning: Boolean Series key will be reindexed to match DataFrame index.
  beds_real['age_group_80_plus']+=data[data['reg']==11][data['cl_age90']==90].hosp.values - data[data['reg']==11][data['cl_age90']==90].rea.values
ParameterFittingRandomToPython.py:147: UserWarning: Boolean Series key will be reindexed to match DataFrame index.
  beds_real['age_group_80_plus']+=data[data['reg']==11][data['cl_age90']==90].hosp.values - data[data['reg']==11][data['cl_age90']==90].rea.values
ParameterFittingRandomToPython.py:148: UserWarning: Boolean Series key will be reindexed to match DataFrame index.
  beds_real['total']=data[data['reg']==11][data['cl_age90']==0].hosp.values - data[data['reg']==11][data['cl_age90']==0].rea.values
ParameterFittingRandomToPython.py:148: UserWarning: Boolean Series key will be reindexed to match DataFrame index.
  beds_real['total']=data[data['reg']==11][data['cl_age90']==0].hosp.values - data[data['reg']==11][data['cl_age90']==0].rea.values
days_ahead 80
days_switch 25
{'groups': 'all', 'params_to_try': {'delta_schooling': [0.5, 1, 5], 'xi': [0, 371990.3, 929975.75, 1859951.5, 3719903, 5579854.5], 'icus': [2000, 2300, 2600, 2900, 3200], 'tests': [[0, 0], [30000, 30000], [60000, 60000], [120000, 120000]], 'testing': ['homogeneous'], 'eta': [0, 0.1, 0.2]}}
{'groups': 'all', 'params_to_try': {'delta_schooling': [0.5, 1, 5], 'xi': [0, 371990.3, 929975.75, 1859951.5, 3719903, 5579854.5], 'icus': [2000, 2300, 2600, 2900, 3200], 'tests': [[0, 0], [30000, 30000], [60000, 60000], [120000, 120000]], 'testing': ['homogeneous'], 'eta': [0, 0.1, 0.2]}}
best_error: 20.357453705524705
best_error: 20.35745364831865
best_error: 4.509040049303259
best_error: 4.5090400485231825
best_error: 4.509040046209572
best_error: 4.495381001697177
best_error: 4.495381001074581
best_error: 4.495380998586853
best_error: 4.438906834501934
best_error: 4.438906833736803
best_error: 4.438906831321779
best_error: 4.176343843450412
best_error: 4.1763438419328125
best_error: 4.176343839921398
best_error: 3.6995223245970177
best_error: 3.699522321022672
best_error: 3.6447924198707384
best_error: 3.6447924156927467
best_error: 3.2889943156053674
best_error: 3.288994300167996
best_error: 3.1719034342312655
best_error: 3.1719034101469052
best_error: 3.1347148574637465
best_error: 3.1347148294688174
best_error: 3.1018294315166126
best_error: 3.101829400840724
best_error: 2.3492867333016942
best_error: 2.3492866033734607
best_error: 2.337489353143079
best_error: 2.3374891494604646
best_error: 2.303458839230114
best_error: 2.3034586911057273
best_error: 2.2869720812367427
best_error: 2.2869720311999315
best_error: 1.9877407753295266
best_error: 1.9877406071503503
best_error: 1.7917204737555537
best_error: 1.791720242166329
best_error: 1.7386894645577209
best_error: 1.7386892480620646
best_error: 1.7074785771427887
best_error: 1.7074785154130947
best_error: 1.69385417149643
best_error: 1.6938541692016151
best_error: 1.6931297220987944
best_error: 1.6931297208088432
best_error: 1.6922393259717294
best_error: 1.6922393250667627
best_error: 1.6687317585615586
best_error: 1.6687317527757886
best_error: 1.5881376890749375
best_error: 1.5881376303232109
best_error: 1.5572014660908218
best_error: 1.5572013853008013
best_error: 1.483532762189116
best_error: 1.483532654926894
best_error: 1.4764098177800633
best_error: 1.4764095588463757
best_error: 1.433749752681588
best_error: 1.4337496107951058
best_error: 1.361896148749751
best_error: 1.3618960196133287
best_error: 1.1391058153109517
best_error: 1.1391058065513529
best_error: 1.1391058000112588
best_error: 1.1192484391536528
best_error: 1.1192483241650364
best_error: 1.0518913427174177
best_error: 1.0518912842216535
best_error: 1.0415453359129971
best_error: 1.041545298358002
best_error: 1.0360325444709462
best_error: 1.0360324632407767
best_error: 1.0283060694679316
best_error: 1.0283060668547672
best_error: 1.0283060654656169
best_error: 1.0259210931543528
best_error: 1.0259210725946513
best_error: 1.0217436433383047
best_error: 1.0217436427086708
best_error: 1.021743640634893
best_error: 1.0091767657959747
best_error: 1.0091766527695336
best_error: 0.9969439451441027
best_error: 0.9969438795525433
best_error: 0.9935530665954637
best_error: 0.9935529715786753
best_error: 0.9918255149959664
best_error: 0.9918254693829376
best_error: 0.9869993075146094
best_error: 0.9869992828129266
best_error: 0.9756018025856015
best_error: 0.975601782645701
best_error: 0.9720367944887015
best_error: 0.9720366583070019
best_error: 0.9631578877285298
best_error: 0.9631578244264238
best_error: 0.9552045557928227
best_error: 0.9552045274298295
best_error: 0.9495011775849173
best_error: 0.9495011190705056
best_error: 0.9453620797687877
best_error: 0.945362035771194
best_error: 0.9415942914080553
best_error: 0.9415942802648665
best_error: 0.9397416109530936
best_error: 0.9397416099727852
best_error: 0.9387130738478653
best_error: 0.9387130660251293
best_error: 0.9373047039350706
best_error: 0.9373046754302901
best_error: 0.935897254710335
best_error: 0.9358972485653427
best_error: 0.9303918412234298
best_error: 0.9303918302127372
best_error: 0.9301831881213565
best_error: 0.9301831201766588
best_error: 0.927868648079404
best_error: 0.9278686265074763
best_error: 0.9277882948529087
best_error: 0.9277882394958715
best_error: 0.9257533774728566
best_error: 0.9257533541701248
best_error: 0.9252821891900932
best_error: 0.9252821856811632
best_error: 0.9249462646854205
best_error: 0.9249462598025927
best_error: 0.9247784141347353
best_error: 0.9247784082746935
best_error: 0.9242787324051007
best_error: 0.9242787270481307
best_error: 0.9238670480438615
best_error: 0.9238670406048829
best_error: 0.9232820804129327
best_error: 0.9232820794617714
best_error: 0.923098585649204
best_error: 0.9230985774828696
best_error: 0.9226864041176169
best_error: 0.9226863850606141
best_error: 0.9217814033672965
best_error: 0.9217813993669809
best_error: 0.9216699485219046
best_error: 0.9216699435082532
best_error: 0.9214912982283462
best_error: 0.921491288470612
best_error: 0.9214050697137653
best_error: 0.9214050639772527
best_error: 0.9213929218562374
best_error: 0.9213929169289284
best_error: 0.921327640204896
best_error: 0.9213276369883459
best_error: 0.921009008513948
best_error: 0.9210090084893082
best_error: 0.9210090066941784
best_error: 0.9207163091958236
best_error: 0.9207163057400315
best_error: 0.9206784139027319
best_error: 0.9206784117946678
best_error: 0.9205213930358065
best_error: 0.9205213908111191
best_error: 0.9203577294130219
best_error: 0.9203577255126407
best_error: 0.9201826952500352
best_error: 0.9201826949120114
best_error: 0.9200075027438969
best_error: 0.9200074991351772
best_error: 0.9199034187353814
best_error: 0.9199034148373127
best_error: 0.9196966272020556
best_error: 0.9196966242742244
best_error: 0.9196427044873041
best_error: 0.9196427026643543
best_error: 0.9195825230004495
best_error: 0.9195825228697266
best_error: 0.9195511007633098
best_error: 0.9195510987730047
best_error: 0.9195104461050324
best_error: 0.919510445335993
best_error: 0.9194977766640825
best_error: 0.9194977735258518
best_error: 0.9194921745221383
best_error: 0.9194921731113881
best_error: 0.9194830158986115
best_error: 0.9194830154194785
best_error: 0.9194701561438283
best_error: 0.9194701553431364
best_error: 0.9194700877172748
best_error: 0.9194700865515147
best_error: 0.9194494417392315
best_error: 0.9194494412843679
best_error: 0.919437121613863
best_error: 0.9194371211550557
best_error: 0.9194002096527302
best_error: 0.9194002070551206
best_error: 0.9193600464542944
best_error: 0.9193600421346185
best_error: 0.9193040728783243
best_error: 0.9193040672907512
best_error: 0.9192321411006086
best_error: 0.9192321373043724
best_error: 0.9191625977361804
best_error: 0.9191625963893688
best_error: 0.919108056510793
best_error: 0.919108050128697
best_error: 0.9190338795992219
best_error: 0.9190338781636909
best_error: 0.9190023853515299
best_error: 0.9190023842726651
best_error: 0.9188917392972787
best_error: 0.9188917337480954
best_error: 0.9188541047297467
best_error: 0.9188541042202462
best_error: 0.9188357007806727
best_error: 0.9188357004153133
best_error: 0.9188237241110965
best_error: 0.9188237210052046
best_error: 0.9188019830730926
best_error: 0.9188019814104371
best_error: 0.9187827360622589
best_error: 0.9187827346464291
best_error: 0.9187737897839747
best_error: 0.9187737873968078
best_error: 0.9187649681544177
best_error: 0.9187649675130034
best_error: 0.9187603988013173
best_error: 0.9187603987272475
best_error: 0.9187585596935008
best_error: 0.9187585585562701
best_error: 0.9187563740207672
best_error: 0.9187563731147703
best_error: 0.9187527012276618
best_error: 0.9187527006404911
best_error: 0.9187514838658493
best_error: 0.9187514820884872
best_error: 0.9187498367683372
best_error: 0.91874983603926
best_error: 0.9187485418316111
best_error: 0.9187485409882384
