ParameterFittingRandomToPython.py:123: UserWarning: Boolean Series key will be reindexed to match DataFrame index.
  french_days = data[data['reg']==11][data['cl_age90']==0].jour.values
ParameterFittingRandomToPython.py:131: UserWarning: Boolean Series key will be reindexed to match DataFrame index.
  age_groups[i]:data[data['reg']==11][data['cl_age90']==10*i+9].dc.values for i in range(0,9)
ParameterFittingRandomToPython.py:131: UserWarning: Boolean Series key will be reindexed to match DataFrame index.
  age_groups[i]:data[data['reg']==11][data['cl_age90']==10*i+9].dc.values for i in range(0,9)
ParameterFittingRandomToPython.py:131: UserWarning: Boolean Series key will be reindexed to match DataFrame index.
  age_groups[i]:data[data['reg']==11][data['cl_age90']==10*i+9].dc.values for i in range(0,9)
ParameterFittingRandomToPython.py:131: UserWarning: Boolean Series key will be reindexed to match DataFrame index.
  age_groups[i]:data[data['reg']==11][data['cl_age90']==10*i+9].dc.values for i in range(0,9)
ParameterFittingRandomToPython.py:131: UserWarning: Boolean Series key will be reindexed to match DataFrame index.
  age_groups[i]:data[data['reg']==11][data['cl_age90']==10*i+9].dc.values for i in range(0,9)
ParameterFittingRandomToPython.py:131: UserWarning: Boolean Series key will be reindexed to match DataFrame index.
  age_groups[i]:data[data['reg']==11][data['cl_age90']==10*i+9].dc.values for i in range(0,9)
ParameterFittingRandomToPython.py:131: UserWarning: Boolean Series key will be reindexed to match DataFrame index.
  age_groups[i]:data[data['reg']==11][data['cl_age90']==10*i+9].dc.values for i in range(0,9)
ParameterFittingRandomToPython.py:131: UserWarning: Boolean Series key will be reindexed to match DataFrame index.
  age_groups[i]:data[data['reg']==11][data['cl_age90']==10*i+9].dc.values for i in range(0,9)
ParameterFittingRandomToPython.py:131: UserWarning: Boolean Series key will be reindexed to match DataFrame index.
  age_groups[i]:data[data['reg']==11][data['cl_age90']==10*i+9].dc.values for i in range(0,9)
ParameterFittingRandomToPython.py:133: UserWarning: Boolean Series key will be reindexed to match DataFrame index.
  deaths_real['age_group_80_plus']+=data[data['reg']==11][data['cl_age90']==90].dc.values
ParameterFittingRandomToPython.py:134: UserWarning: Boolean Series key will be reindexed to match DataFrame index.
  deaths_real['total']=data[data['reg']==11][data['cl_age90']==0].dc.values
ParameterFittingRandomToPython.py:138: UserWarning: Boolean Series key will be reindexed to match DataFrame index.
  age_groups[i]:data[data['reg']==11][data['cl_age90']==10*i+9].rea.values for i in range(0,9)
ParameterFittingRandomToPython.py:138: UserWarning: Boolean Series key will be reindexed to match DataFrame index.
  age_groups[i]:data[data['reg']==11][data['cl_age90']==10*i+9].rea.values for i in range(0,9)
ParameterFittingRandomToPython.py:138: UserWarning: Boolean Series key will be reindexed to match DataFrame index.
  age_groups[i]:data[data['reg']==11][data['cl_age90']==10*i+9].rea.values for i in range(0,9)
ParameterFittingRandomToPython.py:138: UserWarning: Boolean Series key will be reindexed to match DataFrame index.
  age_groups[i]:data[data['reg']==11][data['cl_age90']==10*i+9].rea.values for i in range(0,9)
ParameterFittingRandomToPython.py:138: UserWarning: Boolean Series key will be reindexed to match DataFrame index.
  age_groups[i]:data[data['reg']==11][data['cl_age90']==10*i+9].rea.values for i in range(0,9)
ParameterFittingRandomToPython.py:138: UserWarning: Boolean Series key will be reindexed to match DataFrame index.
  age_groups[i]:data[data['reg']==11][data['cl_age90']==10*i+9].rea.values for i in range(0,9)
ParameterFittingRandomToPython.py:138: UserWarning: Boolean Series key will be reindexed to match DataFrame index.
  age_groups[i]:data[data['reg']==11][data['cl_age90']==10*i+9].rea.values for i in range(0,9)
ParameterFittingRandomToPython.py:138: UserWarning: Boolean Series key will be reindexed to match DataFrame index.
  age_groups[i]:data[data['reg']==11][data['cl_age90']==10*i+9].rea.values for i in range(0,9)
ParameterFittingRandomToPython.py:138: UserWarning: Boolean Series key will be reindexed to match DataFrame index.
  age_groups[i]:data[data['reg']==11][data['cl_age90']==10*i+9].rea.values for i in range(0,9)
ParameterFittingRandomToPython.py:140: UserWarning: Boolean Series key will be reindexed to match DataFrame index.
  icus_real['age_group_80_plus']+=data[data['reg']==11][data['cl_age90']==90].rea.values
ParameterFittingRandomToPython.py:141: UserWarning: Boolean Series key will be reindexed to match DataFrame index.
  icus_real['total']=data[data['reg']==11][data['cl_age90']==0].rea.values
ParameterFittingRandomToPython.py:145: UserWarning: Boolean Series key will be reindexed to match DataFrame index.
  age_groups[i]:data[data['reg']==11][data['cl_age90']==10*i+9].hosp.values-data[data['reg']==11][data['cl_age90']==10*i+9].rea.values for i in range(0,9)
ParameterFittingRandomToPython.py:145: UserWarning: Boolean Series key will be reindexed to match DataFrame index.
  age_groups[i]:data[data['reg']==11][data['cl_age90']==10*i+9].hosp.values-data[data['reg']==11][data['cl_age90']==10*i+9].rea.values for i in range(0,9)
ParameterFittingRandomToPython.py:145: UserWarning: Boolean Series key will be reindexed to match DataFrame index.
  age_groups[i]:data[data['reg']==11][data['cl_age90']==10*i+9].hosp.values-data[data['reg']==11][data['cl_age90']==10*i+9].rea.values for i in range(0,9)
ParameterFittingRandomToPython.py:145: UserWarning: Boolean Series key will be reindexed to match DataFrame index.
  age_groups[i]:data[data['reg']==11][data['cl_age90']==10*i+9].hosp.values-data[data['reg']==11][data['cl_age90']==10*i+9].rea.values for i in range(0,9)
ParameterFittingRandomToPython.py:145: UserWarning: Boolean Series key will be reindexed to match DataFrame index.
  age_groups[i]:data[data['reg']==11][data['cl_age90']==10*i+9].hosp.values-data[data['reg']==11][data['cl_age90']==10*i+9].rea.values for i in range(0,9)
ParameterFittingRandomToPython.py:145: UserWarning: Boolean Series key will be reindexed to match DataFrame index.
  age_groups[i]:data[data['reg']==11][data['cl_age90']==10*i+9].hosp.values-data[data['reg']==11][data['cl_age90']==10*i+9].rea.values for i in range(0,9)
ParameterFittingRandomToPython.py:145: UserWarning: Boolean Series key will be reindexed to match DataFrame index.
  age_groups[i]:data[data['reg']==11][data['cl_age90']==10*i+9].hosp.values-data[data['reg']==11][data['cl_age90']==10*i+9].rea.values for i in range(0,9)
ParameterFittingRandomToPython.py:145: UserWarning: Boolean Series key will be reindexed to match DataFrame index.
  age_groups[i]:data[data['reg']==11][data['cl_age90']==10*i+9].hosp.values-data[data['reg']==11][data['cl_age90']==10*i+9].rea.values for i in range(0,9)
ParameterFittingRandomToPython.py:145: UserWarning: Boolean Series key will be reindexed to match DataFrame index.
  age_groups[i]:data[data['reg']==11][data['cl_age90']==10*i+9].hosp.values-data[data['reg']==11][data['cl_age90']==10*i+9].rea.values for i in range(0,9)
ParameterFittingRandomToPython.py:145: UserWarning: Boolean Series key will be reindexed to match DataFrame index.
  age_groups[i]:data[data['reg']==11][data['cl_age90']==10*i+9].hosp.values-data[data['reg']==11][data['cl_age90']==10*i+9].rea.values for i in range(0,9)
ParameterFittingRandomToPython.py:145: UserWarning: Boolean Series key will be reindexed to match DataFrame index.
  age_groups[i]:data[data['reg']==11][data['cl_age90']==10*i+9].hosp.values-data[data['reg']==11][data['cl_age90']==10*i+9].rea.values for i in range(0,9)
ParameterFittingRandomToPython.py:145: UserWarning: Boolean Series key will be reindexed to match DataFrame index.
  age_groups[i]:data[data['reg']==11][data['cl_age90']==10*i+9].hosp.values-data[data['reg']==11][data['cl_age90']==10*i+9].rea.values for i in range(0,9)
ParameterFittingRandomToPython.py:145: UserWarning: Boolean Series key will be reindexed to match DataFrame index.
  age_groups[i]:data[data['reg']==11][data['cl_age90']==10*i+9].hosp.values-data[data['reg']==11][data['cl_age90']==10*i+9].rea.values for i in range(0,9)
ParameterFittingRandomToPython.py:145: UserWarning: Boolean Series key will be reindexed to match DataFrame index.
  age_groups[i]:data[data['reg']==11][data['cl_age90']==10*i+9].hosp.values-data[data['reg']==11][data['cl_age90']==10*i+9].rea.values for i in range(0,9)
ParameterFittingRandomToPython.py:145: UserWarning: Boolean Series key will be reindexed to match DataFrame index.
  age_groups[i]:data[data['reg']==11][data['cl_age90']==10*i+9].hosp.values-data[data['reg']==11][data['cl_age90']==10*i+9].rea.values for i in range(0,9)
ParameterFittingRandomToPython.py:145: UserWarning: Boolean Series key will be reindexed to match DataFrame index.
  age_groups[i]:data[data['reg']==11][data['cl_age90']==10*i+9].hosp.values-data[data['reg']==11][data['cl_age90']==10*i+9].rea.values for i in range(0,9)
ParameterFittingRandomToPython.py:145: UserWarning: Boolean Series key will be reindexed to match DataFrame index.
  age_groups[i]:data[data['reg']==11][data['cl_age90']==10*i+9].hosp.values-data[data['reg']==11][data['cl_age90']==10*i+9].rea.values for i in range(0,9)
ParameterFittingRandomToPython.py:145: UserWarning: Boolean Series key will be reindexed to match DataFrame index.
  age_groups[i]:data[data['reg']==11][data['cl_age90']==10*i+9].hosp.values-data[data['reg']==11][data['cl_age90']==10*i+9].rea.values for i in range(0,9)
ParameterFittingRandomToPython.py:147: UserWarning: Boolean Series key will be reindexed to match DataFrame index.
  beds_real['age_group_80_plus']+=data[data['reg']==11][data['cl_age90']==90].hosp.values - data[data['reg']==11][data['cl_age90']==90].rea.values
ParameterFittingRandomToPython.py:147: UserWarning: Boolean Series key will be reindexed to match DataFrame index.
  beds_real['age_group_80_plus']+=data[data['reg']==11][data['cl_age90']==90].hosp.values - data[data['reg']==11][data['cl_age90']==90].rea.values
ParameterFittingRandomToPython.py:148: UserWarning: Boolean Series key will be reindexed to match DataFrame index.
  beds_real['total']=data[data['reg']==11][data['cl_age90']==0].hosp.values - data[data['reg']==11][data['cl_age90']==0].rea.values
ParameterFittingRandomToPython.py:148: UserWarning: Boolean Series key will be reindexed to match DataFrame index.
  beds_real['total']=data[data['reg']==11][data['cl_age90']==0].hosp.values - data[data['reg']==11][data['cl_age90']==0].rea.values
days_ahead 78
days_switch 80
{'groups': 'all', 'params_to_try': {'delta_schooling': [0.5, 1, 5], 'xi': [0, 371990.3, 929975.75, 1859951.5, 3719903, 5579854.5], 'icus': [2000, 2300, 2600, 2900, 3200], 'tests': [[0, 0], [30000, 30000], [60000, 60000], [120000, 120000]], 'testing': ['homogeneous'], 'eta': [0, 0.1, 0.2]}}
{'groups': 'all', 'params_to_try': {'delta_schooling': [0.5, 1, 5], 'xi': [0, 371990.3, 929975.75, 1859951.5, 3719903, 5579854.5], 'icus': [2000, 2300, 2600, 2900, 3200], 'tests': [[0, 0], [30000, 30000], [60000, 60000], [120000, 120000]], 'testing': ['homogeneous'], 'eta': [0, 0.1, 0.2]}}
best_error: 22.00922835672804
best_error: 22.00922801973317
best_error: 4.492672914616103
best_error: 4.492672913012864
best_error: 4.491872424304899
best_error: 4.491872424293406
best_error: 4.49187242422797
best_error: 4.488639323504152
best_error: 4.488639323492231
best_error: 4.488639323426559
best_error: 4.4751646762657815
best_error: 4.475164676251894
best_error: 4.475164676185352
best_error: 4.409828947881045
best_error: 4.409828947851916
best_error: 4.409828947785125
best_error: 3.226574641539315
best_error: 3.2265745571277016
best_error: 2.9873934387272016
best_error: 2.9873934220234006
best_error: 2.903181127488167
best_error: 2.903181115207546
best_error: 2.893072015251667
best_error: 2.8930719990199423
best_error: 2.842767308640597
best_error: 2.842767262861133
best_error: 2.6576341783195834
best_error: 2.6576341320442562
best_error: 2.6576341250477538
best_error: 2.216276589921384
best_error: 2.2162765270942155
best_error: 2.2162765176485903
best_error: 2.2102901858305537
best_error: 2.2102900965586327
best_error: 2.09673064754522
best_error: 2.0967305776300007
best_error: 1.9748373922635696
best_error: 1.9748371877912225
best_error: 1.8517536694261134
best_error: 1.851753652350663
best_error: 1.8517536332982723
best_error: 1.8209418067877055
best_error: 1.820941774169721
best_error: 1.8187594332528143
best_error: 1.8187593877083348
best_error: 1.8137875490096564
best_error: 1.8137875376474304
best_error: 1.805225306289785
best_error: 1.8052252818133325
best_error: 1.7729056311226463
best_error: 1.7729055271841179
best_error: 1.6887072112149775
best_error: 1.6887069938361856
best_error: 1.553362083223342
best_error: 1.5533619186002883
best_error: 1.4986579288754733
best_error: 1.4986576532493523
best_error: 1.475150787260901
best_error: 1.4751506022576242
best_error: 1.3974256079919323
best_error: 1.3974254410906986
best_error: 1.3352900918572934
best_error: 1.3352900916906554
best_error: 1.3352900884933214
best_error: 1.3072936496293628
best_error: 1.3072935895308158
best_error: 1.2987346746604262
best_error: 1.2987345990323664
best_error: 1.2938490751078555
best_error: 1.2938490472572934
best_error: 1.2935485396700732
best_error: 1.2935485391077999
best_error: 1.2935485388854253
best_error: 1.2933883848678709
best_error: 1.2933883799752754
best_error: 1.293219285462782
best_error: 1.2932192773158369
best_error: 1.2926306484035825
best_error: 1.2926306347875594
best_error: 1.2906726690849597
best_error: 1.2906726561442614
best_error: 1.2863458298969561
best_error: 1.2863458085213557
best_error: 1.283832994500767
best_error: 1.2838329686982297
best_error: 1.2804440894382179
best_error: 1.280444075685336
best_error: 1.2791870659608298
best_error: 1.2791870568982875
best_error: 1.2786653062732696
best_error: 1.2786653062732458
best_error: 1.2786653061551836
best_error: 1.2780504318904449
best_error: 1.2780504318900625
best_error: 1.2780504316603305
best_error: 1.2775110613145764
best_error: 1.277511054464151
best_error: 1.2773786942601626
best_error: 1.2773786898145425
best_error: 1.2771431096098935
best_error: 1.2771431080038944
best_error: 1.2766034777858268
best_error: 1.2766034717680539
best_error: 1.275571068436927
best_error: 1.2755710555750006
best_error: 1.2727637307436332
best_error: 1.2727637103607339
best_error: 1.2621618748009045
best_error: 1.2621618451134895
best_error: 1.2357045902080126
best_error: 1.235704560518914
best_error: 1.232216975690838
best_error: 1.2322169496148454
best_error: 1.2314062732026325
best_error: 1.2314062228304004
best_error: 1.2265067162857926
best_error: 1.2265066739578827
best_error: 1.2193544495121926
best_error: 1.2193544230334223
best_error: 1.2102862968195451
best_error: 1.2102862947063489
best_error: 1.2080896951344053
best_error: 1.2080896840712405
best_error: 1.2072022063430454
best_error: 1.207202183988605
best_error: 1.2070437840114239
best_error: 1.2070437818503847
best_error: 1.2065010434672387
best_error: 1.2065010411223283
best_error: 1.206469648219449
best_error: 1.2064696481439414
best_error: 1.2064696481263402
best_error: 1.2064696474980499
best_error: 1.2064572164486966
best_error: 1.2064572163655305
best_error: 1.2064572161484
best_error: 1.206457215725105
best_error: 1.2064326425992924
best_error: 1.2064326400297558
best_error: 1.2063777448114867
best_error: 1.2063777423516087
best_error: 1.2061820449011
best_error: 1.2061820438675706
best_error: 1.203707318059437
best_error: 1.2037073178999937
best_error: 1.2037073173911312
best_error: 1.2037073173769073
best_error: 1.2036785916376098
best_error: 1.2036785884101844
best_error: 1.1952113807959146
best_error: 1.1952113748567257
best_error: 1.1951659143009359
best_error: 1.1951659120808271
best_error: 1.194574736360539
best_error: 1.1945747356194727
best_error: 1.194574734642906
best_error: 1.1918151816629021
best_error: 1.1918151588297838
best_error: 1.1889030963864284
best_error: 1.1889030719245635
best_error: 1.1885348033991743
best_error: 1.188534774201021
best_error: 1.1877672098107894
best_error: 1.1877671964561343
best_error: 1.1876361436150602
best_error: 1.1876361386025367
best_error: 1.1874798297825553
best_error: 1.1874798267573972
best_error: 1.1872657039363934
best_error: 1.1872656973659534
best_error: 1.1863453969450393
best_error: 1.1863453810254565
best_error: 1.1850230151543544
best_error: 1.1850229842422038
best_error: 1.1837629221623747
best_error: 1.1837629102134934
best_error: 1.1831434484639223
best_error: 1.183143446558956
best_error: 1.18314344354469
best_error: 1.1830933907079748
best_error: 1.183093380852162
best_error: 1.1830906517064648
best_error: 1.1830906406742205
best_error: 1.183090631678903
best_error: 1.1830906205473875
best_error: 1.1829674532099146
best_error: 1.1829674472907108
best_error: 1.1829253144200065
best_error: 1.182925312605973
best_error: 1.1829084556202905
best_error: 1.1829084543572832
best_error: 1.182858110002953
best_error: 1.1828581087649561
best_error: 1.1826196628060621
best_error: 1.182619657067918
best_error: 1.182478816199632
best_error: 1.1824788124373726
best_error: 1.1823967214083746
best_error: 1.1823967209840907
best_error: 1.182393894199074
best_error: 1.1823938938093297
best_error: 1.1823935260393146
best_error: 1.1823935257419032
best_error: 1.1823926662423476
best_error: 1.1823926659467012
best_error: 1.1823897648217234
best_error: 1.182389764354805
best_error: 1.1823864394802568
best_error: 1.1823864387491907
best_error: 1.1823835758320167
best_error: 1.1823835750262868
best_error: 1.1823826154542012
best_error: 1.182382615044552
best_error: 1.1823809056445056
best_error: 1.1823809055655399
best_error: 1.1823804765709756
best_error: 1.1823804749176041
best_error: 1.1823796271812477
best_error: 1.1823796268424878
best_error: 1.1823794559932408
best_error: 1.182379455650031
best_error: 1.1823791158032437
best_error: 1.1823791152350969
best_error: 1.1823785224691448
best_error: 1.1823785223891765
best_error: 1.182378522078533
best_error: 1.1823722036249449
best_error: 1.1823722030058483
best_error: 1.1823511733058745
best_error: 1.1823511720167483
best_error: 1.1822945926198662
best_error: 1.18229459079864
best_error: 1.1821556270576872
best_error: 1.182155618034272
best_error: 1.1818731772705737
best_error: 1.181873166250501
best_error: 1.1812822396764557
best_error: 1.1812822339458586
best_error: 1.1810377885613237
best_error: 1.1810377769008549
best_error: 1.1803421520771136
best_error: 1.180342143464543
best_error: 1.1798065045691337
best_error: 1.179806500823435
