ParameterFittingRandomToPython.py:123: UserWarning: Boolean Series key will be reindexed to match DataFrame index.
  french_days = data[data['reg']==11][data['cl_age90']==0].jour.values
ParameterFittingRandomToPython.py:131: UserWarning: Boolean Series key will be reindexed to match DataFrame index.
  age_groups[i]:data[data['reg']==11][data['cl_age90']==10*i+9].dc.values for i in range(0,9)
ParameterFittingRandomToPython.py:131: UserWarning: Boolean Series key will be reindexed to match DataFrame index.
  age_groups[i]:data[data['reg']==11][data['cl_age90']==10*i+9].dc.values for i in range(0,9)
ParameterFittingRandomToPython.py:131: UserWarning: Boolean Series key will be reindexed to match DataFrame index.
  age_groups[i]:data[data['reg']==11][data['cl_age90']==10*i+9].dc.values for i in range(0,9)
ParameterFittingRandomToPython.py:131: UserWarning: Boolean Series key will be reindexed to match DataFrame index.
  age_groups[i]:data[data['reg']==11][data['cl_age90']==10*i+9].dc.values for i in range(0,9)
ParameterFittingRandomToPython.py:131: UserWarning: Boolean Series key will be reindexed to match DataFrame index.
  age_groups[i]:data[data['reg']==11][data['cl_age90']==10*i+9].dc.values for i in range(0,9)
ParameterFittingRandomToPython.py:131: UserWarning: Boolean Series key will be reindexed to match DataFrame index.
  age_groups[i]:data[data['reg']==11][data['cl_age90']==10*i+9].dc.values for i in range(0,9)
ParameterFittingRandomToPython.py:131: UserWarning: Boolean Series key will be reindexed to match DataFrame index.
  age_groups[i]:data[data['reg']==11][data['cl_age90']==10*i+9].dc.values for i in range(0,9)
ParameterFittingRandomToPython.py:131: UserWarning: Boolean Series key will be reindexed to match DataFrame index.
  age_groups[i]:data[data['reg']==11][data['cl_age90']==10*i+9].dc.values for i in range(0,9)
ParameterFittingRandomToPython.py:131: UserWarning: Boolean Series key will be reindexed to match DataFrame index.
  age_groups[i]:data[data['reg']==11][data['cl_age90']==10*i+9].dc.values for i in range(0,9)
ParameterFittingRandomToPython.py:133: UserWarning: Boolean Series key will be reindexed to match DataFrame index.
  deaths_real['age_group_80_plus']+=data[data['reg']==11][data['cl_age90']==90].dc.values
ParameterFittingRandomToPython.py:134: UserWarning: Boolean Series key will be reindexed to match DataFrame index.
  deaths_real['total']=data[data['reg']==11][data['cl_age90']==0].dc.values
ParameterFittingRandomToPython.py:138: UserWarning: Boolean Series key will be reindexed to match DataFrame index.
  age_groups[i]:data[data['reg']==11][data['cl_age90']==10*i+9].rea.values for i in range(0,9)
ParameterFittingRandomToPython.py:138: UserWarning: Boolean Series key will be reindexed to match DataFrame index.
  age_groups[i]:data[data['reg']==11][data['cl_age90']==10*i+9].rea.values for i in range(0,9)
ParameterFittingRandomToPython.py:138: UserWarning: Boolean Series key will be reindexed to match DataFrame index.
  age_groups[i]:data[data['reg']==11][data['cl_age90']==10*i+9].rea.values for i in range(0,9)
ParameterFittingRandomToPython.py:138: UserWarning: Boolean Series key will be reindexed to match DataFrame index.
  age_groups[i]:data[data['reg']==11][data['cl_age90']==10*i+9].rea.values for i in range(0,9)
ParameterFittingRandomToPython.py:138: UserWarning: Boolean Series key will be reindexed to match DataFrame index.
  age_groups[i]:data[data['reg']==11][data['cl_age90']==10*i+9].rea.values for i in range(0,9)
ParameterFittingRandomToPython.py:138: UserWarning: Boolean Series key will be reindexed to match DataFrame index.
  age_groups[i]:data[data['reg']==11][data['cl_age90']==10*i+9].rea.values for i in range(0,9)
ParameterFittingRandomToPython.py:138: UserWarning: Boolean Series key will be reindexed to match DataFrame index.
  age_groups[i]:data[data['reg']==11][data['cl_age90']==10*i+9].rea.values for i in range(0,9)
ParameterFittingRandomToPython.py:138: UserWarning: Boolean Series key will be reindexed to match DataFrame index.
  age_groups[i]:data[data['reg']==11][data['cl_age90']==10*i+9].rea.values for i in range(0,9)
ParameterFittingRandomToPython.py:138: UserWarning: Boolean Series key will be reindexed to match DataFrame index.
  age_groups[i]:data[data['reg']==11][data['cl_age90']==10*i+9].rea.values for i in range(0,9)
ParameterFittingRandomToPython.py:140: UserWarning: Boolean Series key will be reindexed to match DataFrame index.
  icus_real['age_group_80_plus']+=data[data['reg']==11][data['cl_age90']==90].rea.values
ParameterFittingRandomToPython.py:141: UserWarning: Boolean Series key will be reindexed to match DataFrame index.
  icus_real['total']=data[data['reg']==11][data['cl_age90']==0].rea.values
ParameterFittingRandomToPython.py:145: UserWarning: Boolean Series key will be reindexed to match DataFrame index.
  age_groups[i]:data[data['reg']==11][data['cl_age90']==10*i+9].hosp.values-data[data['reg']==11][data['cl_age90']==10*i+9].rea.values for i in range(0,9)
ParameterFittingRandomToPython.py:145: UserWarning: Boolean Series key will be reindexed to match DataFrame index.
  age_groups[i]:data[data['reg']==11][data['cl_age90']==10*i+9].hosp.values-data[data['reg']==11][data['cl_age90']==10*i+9].rea.values for i in range(0,9)
ParameterFittingRandomToPython.py:145: UserWarning: Boolean Series key will be reindexed to match DataFrame index.
  age_groups[i]:data[data['reg']==11][data['cl_age90']==10*i+9].hosp.values-data[data['reg']==11][data['cl_age90']==10*i+9].rea.values for i in range(0,9)
ParameterFittingRandomToPython.py:145: UserWarning: Boolean Series key will be reindexed to match DataFrame index.
  age_groups[i]:data[data['reg']==11][data['cl_age90']==10*i+9].hosp.values-data[data['reg']==11][data['cl_age90']==10*i+9].rea.values for i in range(0,9)
ParameterFittingRandomToPython.py:145: UserWarning: Boolean Series key will be reindexed to match DataFrame index.
  age_groups[i]:data[data['reg']==11][data['cl_age90']==10*i+9].hosp.values-data[data['reg']==11][data['cl_age90']==10*i+9].rea.values for i in range(0,9)
ParameterFittingRandomToPython.py:145: UserWarning: Boolean Series key will be reindexed to match DataFrame index.
  age_groups[i]:data[data['reg']==11][data['cl_age90']==10*i+9].hosp.values-data[data['reg']==11][data['cl_age90']==10*i+9].rea.values for i in range(0,9)
ParameterFittingRandomToPython.py:145: UserWarning: Boolean Series key will be reindexed to match DataFrame index.
  age_groups[i]:data[data['reg']==11][data['cl_age90']==10*i+9].hosp.values-data[data['reg']==11][data['cl_age90']==10*i+9].rea.values for i in range(0,9)
ParameterFittingRandomToPython.py:145: UserWarning: Boolean Series key will be reindexed to match DataFrame index.
  age_groups[i]:data[data['reg']==11][data['cl_age90']==10*i+9].hosp.values-data[data['reg']==11][data['cl_age90']==10*i+9].rea.values for i in range(0,9)
ParameterFittingRandomToPython.py:145: UserWarning: Boolean Series key will be reindexed to match DataFrame index.
  age_groups[i]:data[data['reg']==11][data['cl_age90']==10*i+9].hosp.values-data[data['reg']==11][data['cl_age90']==10*i+9].rea.values for i in range(0,9)
ParameterFittingRandomToPython.py:145: UserWarning: Boolean Series key will be reindexed to match DataFrame index.
  age_groups[i]:data[data['reg']==11][data['cl_age90']==10*i+9].hosp.values-data[data['reg']==11][data['cl_age90']==10*i+9].rea.values for i in range(0,9)
ParameterFittingRandomToPython.py:145: UserWarning: Boolean Series key will be reindexed to match DataFrame index.
  age_groups[i]:data[data['reg']==11][data['cl_age90']==10*i+9].hosp.values-data[data['reg']==11][data['cl_age90']==10*i+9].rea.values for i in range(0,9)
ParameterFittingRandomToPython.py:145: UserWarning: Boolean Series key will be reindexed to match DataFrame index.
  age_groups[i]:data[data['reg']==11][data['cl_age90']==10*i+9].hosp.values-data[data['reg']==11][data['cl_age90']==10*i+9].rea.values for i in range(0,9)
ParameterFittingRandomToPython.py:145: UserWarning: Boolean Series key will be reindexed to match DataFrame index.
  age_groups[i]:data[data['reg']==11][data['cl_age90']==10*i+9].hosp.values-data[data['reg']==11][data['cl_age90']==10*i+9].rea.values for i in range(0,9)
ParameterFittingRandomToPython.py:145: UserWarning: Boolean Series key will be reindexed to match DataFrame index.
  age_groups[i]:data[data['reg']==11][data['cl_age90']==10*i+9].hosp.values-data[data['reg']==11][data['cl_age90']==10*i+9].rea.values for i in range(0,9)
ParameterFittingRandomToPython.py:145: UserWarning: Boolean Series key will be reindexed to match DataFrame index.
  age_groups[i]:data[data['reg']==11][data['cl_age90']==10*i+9].hosp.values-data[data['reg']==11][data['cl_age90']==10*i+9].rea.values for i in range(0,9)
ParameterFittingRandomToPython.py:145: UserWarning: Boolean Series key will be reindexed to match DataFrame index.
  age_groups[i]:data[data['reg']==11][data['cl_age90']==10*i+9].hosp.values-data[data['reg']==11][data['cl_age90']==10*i+9].rea.values for i in range(0,9)
ParameterFittingRandomToPython.py:145: UserWarning: Boolean Series key will be reindexed to match DataFrame index.
  age_groups[i]:data[data['reg']==11][data['cl_age90']==10*i+9].hosp.values-data[data['reg']==11][data['cl_age90']==10*i+9].rea.values for i in range(0,9)
ParameterFittingRandomToPython.py:145: UserWarning: Boolean Series key will be reindexed to match DataFrame index.
  age_groups[i]:data[data['reg']==11][data['cl_age90']==10*i+9].hosp.values-data[data['reg']==11][data['cl_age90']==10*i+9].rea.values for i in range(0,9)
ParameterFittingRandomToPython.py:147: UserWarning: Boolean Series key will be reindexed to match DataFrame index.
  beds_real['age_group_80_plus']+=data[data['reg']==11][data['cl_age90']==90].hosp.values - data[data['reg']==11][data['cl_age90']==90].rea.values
ParameterFittingRandomToPython.py:147: UserWarning: Boolean Series key will be reindexed to match DataFrame index.
  beds_real['age_group_80_plus']+=data[data['reg']==11][data['cl_age90']==90].hosp.values - data[data['reg']==11][data['cl_age90']==90].rea.values
ParameterFittingRandomToPython.py:148: UserWarning: Boolean Series key will be reindexed to match DataFrame index.
  beds_real['total']=data[data['reg']==11][data['cl_age90']==0].hosp.values - data[data['reg']==11][data['cl_age90']==0].rea.values
ParameterFittingRandomToPython.py:148: UserWarning: Boolean Series key will be reindexed to match DataFrame index.
  beds_real['total']=data[data['reg']==11][data['cl_age90']==0].hosp.values - data[data['reg']==11][data['cl_age90']==0].rea.values
days_ahead 92
days_switch 0
{'groups': 'all', 'params_to_try': {'delta_schooling': [0.5, 1, 5], 'xi': [0, 371990.3, 929975.75, 1859951.5, 3719903, 5579854.5], 'icus': [2000, 2300, 2600, 2900, 3200], 'tests': [[0, 0], [30000, 30000], [60000, 60000], [120000, 120000]], 'testing': ['homogeneous'], 'eta': [0, 0.1, 0.2]}}
{'groups': 'all', 'params_to_try': {'delta_schooling': [0.5, 1, 5], 'xi': [0, 371990.3, 929975.75, 1859951.5, 3719903, 5579854.5], 'icus': [2000, 2300, 2600, 2900, 3200], 'tests': [[0, 0], [30000, 30000], [60000, 60000], [120000, 120000]], 'testing': ['homogeneous'], 'eta': [0, 0.1, 0.2]}}
best_error: 19.897887113942954
best_error: 19.89788701545416
best_error: 4.854578732092843
best_error: 4.8545787264660545
best_error: 4.854578726036572
best_error: 4.8137432032300715
best_error: 4.813743196877784
best_error: 4.631352284510015
best_error: 4.6313522843410375
best_error: 4.6313522754027865
best_error: 4.530580610875261
best_error: 4.5305806106864575
best_error: 4.530580600799876
best_error: 4.47543969644548
best_error: 4.4754396915160415
best_error: 4.45720871178931
best_error: 4.457208711492051
best_error: 4.45720871113359
best_error: 4.419691098451183
best_error: 4.4196910973358285
best_error: 4.419691096485548
best_error: 4.372886504868552
best_error: 4.372886504546952
best_error: 4.372886502979122
best_error: 4.37288650211502
best_error: 4.359360677230139
best_error: 4.359360676863356
best_error: 4.359360675507273
best_error: 4.355925480868781
best_error: 4.355925480556639
best_error: 4.355925479319789
best_error: 4.336545572367046
best_error: 4.336545570352317
best_error: 4.317002096936858
best_error: 4.317002096664503
best_error: 4.317002095767737
best_error: 4.289080496537171
best_error: 4.289080496090539
best_error: 4.289080495247904
best_error: 4.2877935661416045
best_error: 4.287793565635783
best_error: 4.287793564860951
best_error: 4.2874465132242765
best_error: 4.287446512682339
best_error: 4.287446511946841
best_error: 4.287365346500331
best_error: 4.287365345942136
best_error: 4.287365345225034
best_error: 4.2873458561514
best_error: 4.287345855584369
best_error: 4.287345854877697
best_error: 4.2873407462975415
best_error: 4.2873407457279304
best_error: 4.2873407450249355
best_error: 4.287339221364467
best_error: 4.287339220792699
best_error: 4.28733922009155
best_error: 4.287338887078727
best_error: 4.2873388865055215
best_error: 4.287338885805659
best_error: 4.287338637427237
best_error: 4.287338636853187
best_error: 4.287338636154049
best_error: 4.287338251652932
best_error: 4.28733825107707
best_error: 4.2873382503795705
best_error: 4.28378611146901
best_error: 4.283786110840998
best_error: 4.283786110481193
best_error: 4.272557405897981
best_error: 4.272557405065873
best_error: 4.229335903906761
best_error: 4.229335903461987
best_error: 4.2174784219534756
best_error: 4.217478420828694
best_error: 4.217478420780665
best_error: 4.161063752545505
best_error: 4.161063752193031
best_error: 4.161063750381521
best_error: 4.144345470098067
best_error: 4.144345469715543
best_error: 4.144345467904375
best_error: 4.063857044692935
best_error: 4.063857044447797
best_error: 4.063857041136866
best_error: 4.046403801984743
best_error: 4.046403801767631
best_error: 4.046403798144405
best_error: 4.04145464959556
best_error: 4.041454649274012
best_error: 4.041454646766987
best_error: 4.037027322724434
best_error: 4.0370273217216335
best_error: 4.031280751578039
best_error: 4.031280750945722
best_error: 4.029910370875117
best_error: 4.029910370313903
best_error: 4.027405034523647
best_error: 4.0274050340085195
best_error: 4.011102132158147
best_error: 4.011102131760294
best_error: 4.011102130212432
best_error: 3.760609767327852
best_error: 3.760609767327732
best_error: 3.7606097672287655
best_error: 3.760609767161084
best_error: 3.7433518552279144
best_error: 3.7433518552278344
best_error: 3.7403397977792423
best_error: 3.740339797779161
best_error: 3.740123889009544
best_error: 3.7401238890094635
best_error: 3.7401238888869623
best_error: 3.740111242593001
best_error: 3.7401112425929224
best_error: 3.7401112425685663
best_error: 3.7401112425386316
best_error: 3.7401099706980663
best_error: 3.7401099706979877
best_error: 3.7401099706954146
best_error: 3.740109970675931
best_error: 3.740109879392484
best_error: 3.740109879392406
best_error: 3.7401098793900305
best_error: 3.7401098793836547
best_error: 3.7401098633864116
best_error: 3.7401098633863326
best_error: 3.7401098633791405
best_error: 3.740109858470551
best_error: 3.7401098584704715
best_error: 3.7401098584632786
best_error: 3.7401098543549836
best_error: 3.740109854354905
best_error: 3.740109854348498
best_error: 3.7401098537105106
best_error: 3.7401098537104316
best_error: 3.7401098537040243
best_error: 3.740109853456565
best_error: 3.7401098534564854
best_error: 3.7401098534500785
best_error: 3.740109853258222
best_error: 3.7401098532581445
best_error: 3.740109853252516
best_error: 3.740109853219613
best_error: 3.7401098532195336
best_error: 3.740109853213907
