ParameterFittingRandomToPython.py:116: UserWarning: Boolean Series key will be reindexed to match DataFrame index.
  days = data[data['reg']==11][data['cl_age90']==0].jour.values
ParameterFittingRandomToPython.py:129: UserWarning: Boolean Series key will be reindexed to match DataFrame index.
  age_groups[i]:data[data['reg']==11][data['cl_age90']==10*i+9].hosp.values for i in range(0,9)
ParameterFittingRandomToPython.py:129: UserWarning: Boolean Series key will be reindexed to match DataFrame index.
  age_groups[i]:data[data['reg']==11][data['cl_age90']==10*i+9].hosp.values for i in range(0,9)
ParameterFittingRandomToPython.py:129: UserWarning: Boolean Series key will be reindexed to match DataFrame index.
  age_groups[i]:data[data['reg']==11][data['cl_age90']==10*i+9].hosp.values for i in range(0,9)
ParameterFittingRandomToPython.py:129: UserWarning: Boolean Series key will be reindexed to match DataFrame index.
  age_groups[i]:data[data['reg']==11][data['cl_age90']==10*i+9].hosp.values for i in range(0,9)
ParameterFittingRandomToPython.py:129: UserWarning: Boolean Series key will be reindexed to match DataFrame index.
  age_groups[i]:data[data['reg']==11][data['cl_age90']==10*i+9].hosp.values for i in range(0,9)
ParameterFittingRandomToPython.py:129: UserWarning: Boolean Series key will be reindexed to match DataFrame index.
  age_groups[i]:data[data['reg']==11][data['cl_age90']==10*i+9].hosp.values for i in range(0,9)
ParameterFittingRandomToPython.py:129: UserWarning: Boolean Series key will be reindexed to match DataFrame index.
  age_groups[i]:data[data['reg']==11][data['cl_age90']==10*i+9].hosp.values for i in range(0,9)
ParameterFittingRandomToPython.py:129: UserWarning: Boolean Series key will be reindexed to match DataFrame index.
  age_groups[i]:data[data['reg']==11][data['cl_age90']==10*i+9].hosp.values for i in range(0,9)
ParameterFittingRandomToPython.py:129: UserWarning: Boolean Series key will be reindexed to match DataFrame index.
  age_groups[i]:data[data['reg']==11][data['cl_age90']==10*i+9].hosp.values for i in range(0,9)
ParameterFittingRandomToPython.py:131: UserWarning: Boolean Series key will be reindexed to match DataFrame index.
  beds_real['age_group_80_plus']+=data[data['reg']==11][data['cl_age90']==90].hosp.values
ParameterFittingRandomToPython.py:132: UserWarning: Boolean Series key will be reindexed to match DataFrame index.
  beds_real['total']=data[data['reg']==11][data['cl_age90']==0].hosp.values
ParameterFittingRandomToPython.py:135: UserWarning: Boolean Series key will be reindexed to match DataFrame index.
  age_groups[i]:data[data['reg']==11][data['cl_age90']==10*i+9].rea.values for i in range(0,9)
ParameterFittingRandomToPython.py:135: UserWarning: Boolean Series key will be reindexed to match DataFrame index.
  age_groups[i]:data[data['reg']==11][data['cl_age90']==10*i+9].rea.values for i in range(0,9)
ParameterFittingRandomToPython.py:135: UserWarning: Boolean Series key will be reindexed to match DataFrame index.
  age_groups[i]:data[data['reg']==11][data['cl_age90']==10*i+9].rea.values for i in range(0,9)
ParameterFittingRandomToPython.py:135: UserWarning: Boolean Series key will be reindexed to match DataFrame index.
  age_groups[i]:data[data['reg']==11][data['cl_age90']==10*i+9].rea.values for i in range(0,9)
ParameterFittingRandomToPython.py:135: UserWarning: Boolean Series key will be reindexed to match DataFrame index.
  age_groups[i]:data[data['reg']==11][data['cl_age90']==10*i+9].rea.values for i in range(0,9)
ParameterFittingRandomToPython.py:135: UserWarning: Boolean Series key will be reindexed to match DataFrame index.
  age_groups[i]:data[data['reg']==11][data['cl_age90']==10*i+9].rea.values for i in range(0,9)
ParameterFittingRandomToPython.py:135: UserWarning: Boolean Series key will be reindexed to match DataFrame index.
  age_groups[i]:data[data['reg']==11][data['cl_age90']==10*i+9].rea.values for i in range(0,9)
ParameterFittingRandomToPython.py:135: UserWarning: Boolean Series key will be reindexed to match DataFrame index.
  age_groups[i]:data[data['reg']==11][data['cl_age90']==10*i+9].rea.values for i in range(0,9)
ParameterFittingRandomToPython.py:135: UserWarning: Boolean Series key will be reindexed to match DataFrame index.
  age_groups[i]:data[data['reg']==11][data['cl_age90']==10*i+9].rea.values for i in range(0,9)
ParameterFittingRandomToPython.py:137: UserWarning: Boolean Series key will be reindexed to match DataFrame index.
  icus_real['age_group_80_plus']+=data[data['reg']==11][data['cl_age90']==90].rea.values
ParameterFittingRandomToPython.py:138: UserWarning: Boolean Series key will be reindexed to match DataFrame index.
  icus_real['total']=data[data['reg']==11][data['cl_age90']==0].rea.values
ParameterFittingRandomToPython.py:141: UserWarning: Boolean Series key will be reindexed to match DataFrame index.
  age_groups[i]:data[data['reg']==11][data['cl_age90']==10*i+9].dc.values for i in range(0,9)
ParameterFittingRandomToPython.py:141: UserWarning: Boolean Series key will be reindexed to match DataFrame index.
  age_groups[i]:data[data['reg']==11][data['cl_age90']==10*i+9].dc.values for i in range(0,9)
ParameterFittingRandomToPython.py:141: UserWarning: Boolean Series key will be reindexed to match DataFrame index.
  age_groups[i]:data[data['reg']==11][data['cl_age90']==10*i+9].dc.values for i in range(0,9)
ParameterFittingRandomToPython.py:141: UserWarning: Boolean Series key will be reindexed to match DataFrame index.
  age_groups[i]:data[data['reg']==11][data['cl_age90']==10*i+9].dc.values for i in range(0,9)
ParameterFittingRandomToPython.py:141: UserWarning: Boolean Series key will be reindexed to match DataFrame index.
  age_groups[i]:data[data['reg']==11][data['cl_age90']==10*i+9].dc.values for i in range(0,9)
ParameterFittingRandomToPython.py:141: UserWarning: Boolean Series key will be reindexed to match DataFrame index.
  age_groups[i]:data[data['reg']==11][data['cl_age90']==10*i+9].dc.values for i in range(0,9)
ParameterFittingRandomToPython.py:141: UserWarning: Boolean Series key will be reindexed to match DataFrame index.
  age_groups[i]:data[data['reg']==11][data['cl_age90']==10*i+9].dc.values for i in range(0,9)
ParameterFittingRandomToPython.py:141: UserWarning: Boolean Series key will be reindexed to match DataFrame index.
  age_groups[i]:data[data['reg']==11][data['cl_age90']==10*i+9].dc.values for i in range(0,9)
ParameterFittingRandomToPython.py:141: UserWarning: Boolean Series key will be reindexed to match DataFrame index.
  age_groups[i]:data[data['reg']==11][data['cl_age90']==10*i+9].dc.values for i in range(0,9)
ParameterFittingRandomToPython.py:143: UserWarning: Boolean Series key will be reindexed to match DataFrame index.
  deaths_real['age_group_80_plus']+=data[data['reg']==11][data['cl_age90']==90].dc.values
ParameterFittingRandomToPython.py:144: UserWarning: Boolean Series key will be reindexed to match DataFrame index.
  deaths_real['total']=data[data['reg']==11][data['cl_age90']==0].dc.values
ParameterFittingRandomToPython.py:205: UserWarning: Boolean Series key will be reindexed to match DataFrame index.
  mult_deaths = np.sum(data[data['reg']==11][data['cl_age90']==0].hosp.values)/np.sum(data[data['reg']==11][data['cl_age90']==0].dc.values)
ParameterFittingRandomToPython.py:205: UserWarning: Boolean Series key will be reindexed to match DataFrame index.
  mult_deaths = np.sum(data[data['reg']==11][data['cl_age90']==0].hosp.values)/np.sum(data[data['reg']==11][data['cl_age90']==0].dc.values)
ParameterFittingRandomToPython.py:207: UserWarning: Boolean Series key will be reindexed to match DataFrame index.
  mult_icus = np.sum(data[data['reg']==11][data['cl_age90']==0].hosp.values)/np.sum(data[data['reg']==11][data['cl_age90']==0].rea.values)
ParameterFittingRandomToPython.py:207: UserWarning: Boolean Series key will be reindexed to match DataFrame index.
  mult_icus = np.sum(data[data['reg']==11][data['cl_age90']==0].hosp.values)/np.sum(data[data['reg']==11][data['cl_age90']==0].rea.values)
{'groups': 'all', 'params_to_try': {'delta_schooling': [0.5, 1, 5], 'xi': [0, 371990.3, 929975.75, 1859951.5, 3719903, 5579854.5], 'icus': [2000, 2300, 2600, 2900, 3200], 'tests': [[0, 0], [30000, 30000], [60000, 60000], [120000, 120000]], 'testing': ['homogeneous'], 'eta': [0, 0.1, 0.2]}}
{'groups': 'all', 'params_to_try': {'delta_schooling': [0.5, 1, 5], 'xi': [0, 371990.3, 929975.75, 1859951.5, 3719903, 5579854.5], 'icus': [2000, 2300, 2600, 2900, 3200], 'tests': [[0, 0], [30000, 30000], [60000, 60000], [120000, 120000]], 'testing': ['homogeneous'], 'eta': [0, 0.1, 0.2]}}
0.7791072263244828
7.194862933913178
best_error: 11.611710667383257
best_error: 11.611710653578687
best_error: 11.611710631387446
best_error: 11.438735456947464
best_error: 11.438735438611506
best_error: 11.438735411794813
best_error: 9.292483048801163
best_error: 9.292482961612786
best_error: 9.018186177270596
best_error: 9.018186081941149
best_error: 8.990495158592438
best_error: 8.990495063827572
best_error: 8.17396928952176
best_error: 8.173969161232717
best_error: 7.421479889201312
best_error: 7.421479812817611
best_error: 6.804126236781354
best_error: 6.804125821406949
best_error: 5.616829822326569
best_error: 5.616829708925089
best_error: 5.616829661776999
best_error: 5.346219287209763
best_error: 5.3462191478582
best_error: 5.346219043213611
best_error: 4.650135409782195
best_error: 4.650135294096474
best_error: 4.65013518707041
best_error: 4.374922345657928
best_error: 4.374922233592771
best_error: 4.3749221249427706
best_error: 4.292071836418321
best_error: 4.2920717234789825
best_error: 4.292071615130901
best_error: 4.256547143437309
best_error: 4.256547028423919
best_error: 4.25654692120065
best_error: 4.232865013794093
best_error: 4.232864897425552
best_error: 4.232864790621849
best_error: 4.223393654002658
best_error: 4.223393653997813
best_error: 3.6548668010115475
best_error: 3.6548665688751445
best_error: 3.5465970633833357
best_error: 3.546596799542918
best_error: 2.9835956432737722
best_error: 2.983595377475777
best_error: 2.555742598717747
best_error: 2.5557419173732487
best_error: 2.550428604508972
best_error: 2.5504283216568924
best_error: 2.4688268029295886
best_error: 2.468826525485021
best_error: 2.4299273049901524
best_error: 2.4299270258112027
best_error: 2.407874067602912
best_error: 2.407873788701755
best_error: 2.398260740260946
best_error: 2.398260461957812
best_error: 2.393327428347529
best_error: 2.3933271496112187
best_error: 2.3916799809192817
best_error: 2.3916797020323455
best_error: 2.391202237902246
best_error: 2.3912019589716405
best_error: 2.391097541453533
best_error: 2.3910972625133624
best_error: 2.3910317819075866
best_error: 2.391031502961402
best_error: 2.391020005252212
best_error: 2.391019726304946
best_error: 2.3910190562559794
best_error: 2.3910190244255105
best_error: 2.391019005791069
best_error: 2.391018971115793
best_error: 2.391018971111146
best_error: 2.391018878561455
best_error: 2.391018791382524
