{'groups': 'all', 'params_to_try': {'delta_schooling': [0.5], 'xi': [0, 371990.3, 929975.75, 1859951.5, 3719903, 5579854.5], 'icus': [2900], 'tests': [[60000, 0]], 'testing': ['homogeneous'], 'eta': [0.1]}}
{'groups': 'all', 'params_to_try': {'delta_schooling': [0.5], 'xi': [0, 371990.3, 929975.75, 1859951.5, 3719903, 5579854.5], 'icus': [2900], 'tests': [[60000, 0]], 'testing': ['homogeneous'], 'eta': [0.1]}}
{'groups': 'all', 'params_to_try': {'delta_schooling': [0.5], 'icus': [2900], 'eta': [0.1], 'tests': [[0, 0]], 'xi': [2975922.4000000004], 'testing': ['homogeneous']}}
results/age_group_gradient/xi-2975922_icus-2900_testing-homogeneous_natests-0_nmtests-0_T-90_startday-0_groups-all_dschool-0.500000_eta-0.100000_freq-90-14.yaml
120
(0.5, 0.29, 0.0, (7, 14), 'fitted-scaled', 'econ-scaled', 'oct21-scaled', 0.1, 29759224.0, 0.05, 2, 'age_group_gradient')
Total Population is: 1227.820999439713
The value of T is: 104
Missing starting point -- Running the initial heuristic.
/home/groups/daniancu/covid-optimization/covid-optimization
90
Total Reward at the start of the inner iterations: 45009194.69755602
Using license file /share/software/user/restricted/gurobi/9.0.3_py36/licenses/gurobi.lic
Set parameter TokenServer to value license4.stanford.edu
Gurobi status: 2

Statistics for model Linearization Heuristic :
  Linear constraint matrix    : 16278 Constrs, 9360 Vars, 5776900 NZs
  Matrix coefficient range    : [ 1.02491e-13, 1 ]
  Objective coefficient range : [ 5.87758e-20, 3.49877e+07 ]
  Variable bound range        : [ 0.05, 1 ]
  RHS coefficient range       : [ 1.82634e-08, 0.412361 ]
Objective value for Line heur k = 0: 27676665.100696433
90
Actual reward of current solution: 44694670.71409387
Minimum Difference with past solutions:0.050000000000000044.
Gurobi status: 2

Statistics for model Linearization Heuristic :
  Linear constraint matrix    : 16278 Constrs, 9360 Vars, 7892241 NZs
  Matrix coefficient range    : [ 1.7399e-13, 1 ]
  Objective coefficient range : [ 2.4227e-19, 3.49877e+07 ]
  Variable bound range        : [ 0.1, 1 ]
  RHS coefficient range       : [ 9.5713e-08, 0.546079 ]
Objective value for Line heur k = 0: 23909264.528436165
90
Actual reward of current solution: 45152955.668052964
Minimum Difference with past solutions:0.050000000000000044.
Gurobi status: 2

Statistics for model Linearization Heuristic :
  Linear constraint matrix    : 16278 Constrs, 9360 Vars, 6412322 NZs
  Matrix coefficient range    : [ 1.02998e-13, 1 ]
  Objective coefficient range : [ 1.88767e-19, 3.49877e+07 ]
  Variable bound range        : [ 0.05, 1 ]
  RHS coefficient range       : [ 1.64021e-08, 0.422362 ]
Objective value for Line heur k = 0: 27645786.494225875
90
Actual reward of current solution: 44732947.54547992
Minimum Difference with past solutions:0.050000000000000044.
Gurobi status: 2

Statistics for model Linearization Heuristic :
  Linear constraint matrix    : 16278 Constrs, 9360 Vars, 7892241 NZs
  Matrix coefficient range    : [ 2.07856e-13, 1 ]
  Objective coefficient range : [ 1.15613e-19, 3.49877e+07 ]
  Variable bound range        : [ 0.1, 1 ]
  RHS coefficient range       : [ 2.32409e-07, 0.576792 ]
Objective value for Line heur k = 0: 23374865.900699135
90
Actual reward of current solution: 45308846.16331194
Minimum Difference with past solutions:0.050000000000000044.
Gurobi status: 2

Statistics for model Linearization Heuristic :
  Linear constraint matrix    : 16278 Constrs, 9360 Vars, 6412322 NZs
  Matrix coefficient range    : [ 1.13601e-13, 1 ]
  Objective coefficient range : [ 2.13068e-19, 3.49877e+07 ]
  Variable bound range        : [ 0.05, 1 ]
  RHS coefficient range       : [ 4.23284e-08, 0.430255 ]
Objective value for Line heur k = 0: 27702584.57914409
90
Actual reward of current solution: 44803387.85799949
Minimum Difference with past solutions:0.050000000000000044.
Gurobi status: 2

Statistics for model Linearization Heuristic :
  Linear constraint matrix    : 16278 Constrs, 9360 Vars, 7892241 NZs
  Matrix coefficient range    : [ 2.36088e-13, 1 ]
  Objective coefficient range : [ 1.61137e-20, 3.49877e+07 ]
  Variable bound range        : [ 0.1, 1 ]
  RHS coefficient range       : [ 3.78518e-07, 0.601179 ]
Objective value for Line heur k = 0: 22983868.736986183
90
Actual reward of current solution: 45466687.79086587
Minimum Difference with past solutions:0.050000000000000044.
Gurobi status: 2

Statistics for model Linearization Heuristic :
  Linear constraint matrix    : 16278 Constrs, 9360 Vars, 6412322 NZs
  Matrix coefficient range    : [ 1.23493e-13, 1 ]
  Objective coefficient range : [ 4.94027e-20, 3.49877e+07 ]
  Variable bound range        : [ 0.05, 1 ]
  RHS coefficient range       : [ 6.44356e-08, 0.437844 ]
Objective value for Line heur k = 0: 27766932.701061446
90
Actual reward of current solution: 44885007.93155815
Minimum Difference with past solutions:0.050000000000000044.
Gurobi status: 2

Statistics for model Linearization Heuristic :
  Linear constraint matrix    : 16278 Constrs, 9360 Vars, 7892241 NZs
  Matrix coefficient range    : [ 2.62167e-13, 1 ]
  Objective coefficient range : [ 1.31234e-19, 3.49877e+07 ]
  Variable bound range        : [ 0.1, 1 ]
  RHS coefficient range       : [ 1.38181e-07, 0.623336 ]
Objective value for Line heur k = 0: 22644913.023734808
90
Actual reward of current solution: 45625035.341553874
Minimum Difference with past solutions:0.050000000000000044.
Gurobi status: 2

Statistics for model Linearization Heuristic :
  Linear constraint matrix    : 16278 Constrs, 9360 Vars, 6412322 NZs
  Matrix coefficient range    : [ 1.33258e-13, 1 ]
  Objective coefficient range : [ 6.55588e-19, 3.49877e+07 ]
  Variable bound range        : [ 0.05, 1 ]
  RHS coefficient range       : [ 2.34146e-08, 0.445383 ]
Objective value for Line heur k = 0: 27831992.328866996
90
Actual reward of current solution: 44971972.23346009
Minimum Difference with past solutions:0.050000000000000044.
Gurobi status: 2

Statistics for model Linearization Heuristic :
  Linear constraint matrix    : 16278 Constrs, 9360 Vars, 7892241 NZs
  Matrix coefficient range    : [ 2.87387e-13, 1 ]
  Objective coefficient range : [ 7.08949e-20, 3.49877e+07 ]
  Variable bound range        : [ 0.1, 1 ]
  RHS coefficient range       : [ 1.01868e-07, 0.644393 ]
Objective value for Line heur k = 0: 22330304.727085594
90
Actual reward of current solution: 45783291.54088849
Minimum Difference with past solutions:0.05.
Gurobi status: 2

Statistics for model Linearization Heuristic :
  Linear constraint matrix    : 16278 Constrs, 9360 Vars, 6412322 NZs
  Matrix coefficient range    : [ 1.42859e-13, 1 ]
  Objective coefficient range : [ 7.02851e-20, 3.49877e+07 ]
  Variable bound range        : [ 0.05, 1 ]
  RHS coefficient range       : [ 6.63715e-09, 0.452975 ]
Objective value for Line heur k = 0: 27894840.8574729
90
Actual reward of current solution: 45061684.90820478
Minimum Difference with past solutions:0.05.
Gurobi status: 2

Statistics for model Linearization Heuristic :
  Linear constraint matrix    : 16278 Constrs, 9360 Vars, 7892241 NZs
  Matrix coefficient range    : [ 3.12063e-13, 1 ]
  Objective coefficient range : [ 5.23235e-19, 3.49877e+07 ]
  Variable bound range        : [ 0.1, 1 ]
  RHS coefficient range       : [ 2.76954e-07, 0.664846 ]
Objective value for Line heur k = 0: 22027429.057167757
90
Actual reward of current solution: 45941136.11848268
Minimum Difference with past solutions:0.050000000000000044.
Gurobi status: 2

Statistics for model Linearization Heuristic :
  Linear constraint matrix    : 16278 Constrs, 9360 Vars, 6412322 NZs
  Matrix coefficient range    : [ 1.52632e-13, 1 ]
  Objective coefficient range : [ 3.38273e-19, 3.49877e+07 ]
  Variable bound range        : [ 0.05, 1 ]
  RHS coefficient range       : [ 2.13833e-08, 0.460674 ]
Objective value for Line heur k = 0: 27953886.02400087
90
Actual reward of current solution: 45152730.90842279
Minimum Difference with past solutions:0.050000000000000044.
Gurobi status: 2

Statistics for model Linearization Heuristic :
  Linear constraint matrix    : 16278 Constrs, 9360 Vars, 7892241 NZs
  Matrix coefficient range    : [ 3.3649e-13, 1 ]
  Objective coefficient range : [ 3.30842e-19, 3.49877e+07 ]
  Variable bound range        : [ 0.1, 1 ]
  RHS coefficient range       : [ 2.26679e-07, 0.684963 ]
Objective value for Line heur k = 0: 21729344.73010495
90
Actual reward of current solution: 46098370.89555822
Minimum Difference with past solutions:0.050000000000000044.
Gurobi status: 2

Statistics for model Linearization Heuristic :
  Linear constraint matrix    : 16278 Constrs, 9360 Vars, 6412322 NZs
  Matrix coefficient range    : [ 1.6237e-13, 1 ]
  Objective coefficient range : [ 1.17874e-19, 3.49877e+07 ]
  Variable bound range        : [ 0.05, 1 ]
  RHS coefficient range       : [ 4.91034e-08, 0.468514 ]
Objective value for Line heur k = 0: 28008131.2697252
90
Actual reward of current solution: 45244240.93924201
Minimum Difference with past solutions:0.050000000000000044.
Gurobi status: 2

Statistics for model Linearization Heuristic :
  Linear constraint matrix    : 16278 Constrs, 9360 Vars, 7892241 NZs
  Matrix coefficient range    : [ 3.61124e-13, 1 ]
  Objective coefficient range : [ 3.36676e-19, 3.49877e+07 ]
  Variable bound range        : [ 0.1, 1 ]
  RHS coefficient range       : [ 1.78189e-07, 0.704904 ]
Objective value for Line heur k = 0: 21431776.20243702
90
Actual reward of current solution: 46254861.03527484
Minimum Difference with past solutions:0.050000000000000044.
Gurobi status: 2

Statistics for model Linearization Heuristic :
  Linear constraint matrix    : 16278 Constrs, 9360 Vars, 6412322 NZs
  Matrix coefficient range    : [ 1.72269e-13, 1 ]
  Objective coefficient range : [ 7.87078e-21, 3.49877e+07 ]
  Variable bound range        : [ 0.05, 1 ]
  RHS coefficient range       : [ 2.11173e-09, 0.476516 ]
Objective value for Line heur k = 0: 28056891.60854559
90
Actual reward of current solution: 45335636.363352336
Minimum Difference with past solutions:0.050000000000000044.
Gurobi status: 2

Statistics for model Linearization Heuristic :
  Linear constraint matrix    : 16278 Constrs, 9360 Vars, 7892241 NZs
  Matrix coefficient range    : [ 3.85474e-13, 1 ]
  Objective coefficient range : [ 3.5293e-19, 3.49877e+07 ]
  Variable bound range        : [ 0.1, 1 ]
  RHS coefficient range       : [ 1.15835e-07, 0.724774 ]
Objective value for Line heur k = 0: 21131882.46425757
90
Actual reward of current solution: 46410508.20478104
Minimum Difference with past solutions:0.050000000000000044.
Gurobi status: 2

Statistics for model Linearization Heuristic :
  Linear constraint matrix    : 16278 Constrs, 9360 Vars, 6412322 NZs
  Matrix coefficient range    : [ 1.82421e-13, 1 ]
  Objective coefficient range : [ 2.84413e-19, 3.49877e+07 ]
  Variable bound range        : [ 0.05, 1 ]
  RHS coefficient range       : [ 1.0233e-07, 0.484697 ]
Objective value for Line heur k = 0: 28099662.486848537
90
Actual reward of current solution: 45426508.90290785
Minimum Difference with past solutions:0.050000000000000044.
Gurobi status: 2

Statistics for model Linearization Heuristic :
  Linear constraint matrix    : 16278 Constrs, 9360 Vars, 7892241 NZs
  Matrix coefficient range    : [ 4.10158e-13, 1 ]
  Objective coefficient range : [ 7.52834e-20, 3.49877e+07 ]
  Variable bound range        : [ 0.1, 1 ]
  RHS coefficient range       : [ 2.44088e-08, 0.744642 ]
Objective value for Line heur k = 0: 20827669.661883917
90
Actual reward of current solution: 46565236.72536222
Minimum Difference with past solutions:0.05.
Gurobi status: 2

Statistics for model Linearization Heuristic :
  Linear constraint matrix    : 16278 Constrs, 9360 Vars, 6412322 NZs
  Matrix coefficient range    : [ 1.92716e-13, 1 ]
  Objective coefficient range : [ 4.07803e-20, 3.49877e+07 ]
  Variable bound range        : [ 0.05, 1 ]
  RHS coefficient range       : [ 1.31542e-07, 0.493068 ]
Objective value for Line heur k = 0: 28011580.245747115
90
Actual reward of current solution: 45471651.87943279
Minimum Difference with past solutions:0.04999999999999971.
Gurobi status: 2

Statistics for model Linearization Heuristic :
  Linear constraint matrix    : 16278 Constrs, 9360 Vars, 7892241 NZs
  Matrix coefficient range    : [ 4.22655e-13, 1 ]
  Objective coefficient range : [ 2.10745e-19, 3.49877e+07 ]
  Variable bound range        : [ 0.05, 1 ]
  RHS coefficient range       : [ 3.72293e-09, 0.754592 ]
Objective value for Line heur k = 0: 20581117.99767715
90
Actual reward of current solution: 46565236.72536222
Minimum Difference with past solutions:0.0.
New solution equals old solution at k=0
89
Total Reward at the start of the inner iterations: 46565236.72536222
Gurobi status: 2

Statistics for model Linearization Heuristic :
  Linear constraint matrix    : 16167 Constrs, 9270 Vars, 6335569 NZs
  Matrix coefficient range    : [ 1.92716e-13, 1 ]
  Objective coefficient range : [ 4.07803e-20, 3.49877e+07 ]
  Variable bound range        : [ 0.05, 1 ]
  RHS coefficient range       : [ 3.65467e-09, 1 ]
Objective value for Line heur k = 1: 27784996.302455455
89
Actual reward of current solution: 46093904.84994149
Minimum Difference with past solutions:0.05.
Gurobi status: 2

Statistics for model Linearization Heuristic :
  Linear constraint matrix    : 16167 Constrs, 9270 Vars, 6773853 NZs
  Matrix coefficient range    : [ 2.91788e-13, 1 ]
  Objective coefficient range : [ 2.19138e-19, 3.49877e+07 ]
  Variable bound range        : [ 0.05, 1 ]
  RHS coefficient range       : [ 3.72652e-08, 1 ]
Objective value for Line heur k = 1: 24291344.963218287
89
Actual reward of current solution: 46565236.72536222
Minimum Difference with past solutions:0.0.
New solution equals old solution at k=1
88
Total Reward at the start of the inner iterations: 46565236.72536222
Gurobi status: 2

Statistics for model Linearization Heuristic :
  Linear constraint matrix    : 16002 Constrs, 9180 Vars, 6259522 NZs
  Matrix coefficient range    : [ 1.92716e-13, 1 ]
  Objective coefficient range : [ 4.07803e-20, 3.49877e+07 ]
  Variable bound range        : [ 0.05, 1 ]
  RHS coefficient range       : [ 4.71091e-09, 1 ]
Objective value for Line heur k = 2: 27824143.214607645
88
Actual reward of current solution: 46093904.84994149
Minimum Difference with past solutions:0.05.
Gurobi status: 2

Statistics for model Linearization Heuristic :
  Linear constraint matrix    : 16002 Constrs, 9180 Vars, 6697806 NZs
  Matrix coefficient range    : [ 2.91788e-13, 1 ]
  Objective coefficient range : [ 2.19138e-19, 3.49877e+07 ]
  Variable bound range        : [ 0.05, 1 ]
  RHS coefficient range       : [ 1.64433e-07, 1 ]
Objective value for Line heur k = 2: 24353610.296036072
88
Actual reward of current solution: 46565236.72536222
Minimum Difference with past solutions:0.0.
New solution equals old solution at k=2
87
Total Reward at the start of the inner iterations: 46565236.72536222
Gurobi status: 2

Statistics for model Linearization Heuristic :
  Linear constraint matrix    : 15837 Constrs, 9090 Vars, 6184235 NZs
  Matrix coefficient range    : [ 1.92716e-13, 1 ]
  Objective coefficient range : [ 4.07803e-20, 3.49877e+07 ]
  Variable bound range        : [ 0.05, 1 ]
  RHS coefficient range       : [ 1.27919e-07, 1 ]
Objective value for Line heur k = 3: 27865736.548119016
87
Actual reward of current solution: 46093904.84994149
Minimum Difference with past solutions:0.05.
Gurobi status: 2

Statistics for model Linearization Heuristic :
  Linear constraint matrix    : 15837 Constrs, 9090 Vars, 6622519 NZs
  Matrix coefficient range    : [ 2.91788e-13, 1 ]
  Objective coefficient range : [ 2.19138e-19, 3.49877e+07 ]
  Variable bound range        : [ 0.05, 1 ]
  RHS coefficient range       : [ 4.52269e-08, 1 ]
Objective value for Line heur k = 3: 24420461.021612197
87
Actual reward of current solution: 46565236.72536222
Minimum Difference with past solutions:0.0.
New solution equals old solution at k=3
86
Total Reward at the start of the inner iterations: 46565236.72536222
Gurobi status: 2

Statistics for model Linearization Heuristic :
  Linear constraint matrix    : 15672 Constrs, 9000 Vars, 6109708 NZs
  Matrix coefficient range    : [ 1.92716e-13, 1 ]
  Objective coefficient range : [ 4.07803e-20, 3.49877e+07 ]
  Variable bound range        : [ 0.05, 1 ]
  RHS coefficient range       : [ 6.64873e-08, 1 ]
Objective value for Line heur k = 4: 27907858.015124682
86
Actual reward of current solution: 46093904.84994149
Minimum Difference with past solutions:0.05.
Gurobi status: 2

Statistics for model Linearization Heuristic :
  Linear constraint matrix    : 15672 Constrs, 9000 Vars, 6547992 NZs
  Matrix coefficient range    : [ 2.91788e-13, 1 ]
  Objective coefficient range : [ 2.19138e-19, 3.49877e+07 ]
  Variable bound range        : [ 0.05, 1 ]
  RHS coefficient range       : [ 1.64312e-07, 1 ]
Objective value for Line heur k = 4: 24489332.560599655
86
Actual reward of current solution: 46565236.72536222
Minimum Difference with past solutions:0.0.
New solution equals old solution at k=4
85
Total Reward at the start of the inner iterations: 46565236.72536222
Gurobi status: 2

Statistics for model Linearization Heuristic :
  Linear constraint matrix    : 15507 Constrs, 8910 Vars, 6035941 NZs
  Matrix coefficient range    : [ 1.92716e-13, 1 ]
  Objective coefficient range : [ 4.07803e-20, 3.49877e+07 ]
  Variable bound range        : [ 0.05, 1 ]
  RHS coefficient range       : [ 7.03997e-09, 1 ]
Objective value for Line heur k = 5: 27949368.451296397
85
Actual reward of current solution: 46093904.84994149
Minimum Difference with past solutions:0.05.
Gurobi status: 2

Statistics for model Linearization Heuristic :
  Linear constraint matrix    : 15507 Constrs, 8910 Vars, 6474225 NZs
  Matrix coefficient range    : [ 2.91788e-13, 1 ]
  Objective coefficient range : [ 2.19138e-19, 3.49877e+07 ]
  Variable bound range        : [ 0.05, 1 ]
  RHS coefficient range       : [ 3.4558e-08, 1 ]
Objective value for Line heur k = 5: 24558604.097890347
85
Actual reward of current solution: 46565236.72536222
Minimum Difference with past solutions:0.0.
New solution equals old solution at k=5
84
Total Reward at the start of the inner iterations: 46565236.72536222
Gurobi status: 2

Statistics for model Linearization Heuristic :
  Linear constraint matrix    : 15342 Constrs, 8820 Vars, 5962934 NZs
  Matrix coefficient range    : [ 1.92716e-13, 1 ]
  Objective coefficient range : [ 4.07803e-20, 3.49877e+07 ]
  Variable bound range        : [ 0.05, 1 ]
  RHS coefficient range       : [ 1.88967e-09, 1 ]
Objective value for Line heur k = 6: 27989613.112838365
84
Actual reward of current solution: 46093904.84994149
Minimum Difference with past solutions:0.05.
Gurobi status: 2

Statistics for model Linearization Heuristic :
  Linear constraint matrix    : 15342 Constrs, 8820 Vars, 6401218 NZs
  Matrix coefficient range    : [ 2.91788e-13, 1 ]
  Objective coefficient range : [ 2.19138e-19, 3.49877e+07 ]
  Variable bound range        : [ 0.05, 1 ]
  RHS coefficient range       : [ 4.48438e-08, 1 ]
Objective value for Line heur k = 6: 24627247.552670732
84
Actual reward of current solution: 46565236.72536222
Minimum Difference with past solutions:0.0.
New solution equals old solution at k=6
83
Total Reward at the start of the inner iterations: 46565236.72536222
Gurobi status: 2

Statistics for model Linearization Heuristic :
  Linear constraint matrix    : 15177 Constrs, 8730 Vars, 5890687 NZs
  Matrix coefficient range    : [ 1.92716e-13, 1 ]
  Objective coefficient range : [ 4.07803e-20, 3.49877e+07 ]
  Variable bound range        : [ 0.05, 1 ]
  RHS coefficient range       : [ 6.98327e-08, 1 ]
Objective value for Line heur k = 7: 28028230.827800125
83
Actual reward of current solution: 46093904.84994149
Minimum Difference with past solutions:0.05.
Gurobi status: 2

Statistics for model Linearization Heuristic :
  Linear constraint matrix    : 15177 Constrs, 8730 Vars, 6328971 NZs
  Matrix coefficient range    : [ 2.91788e-13, 1 ]
  Objective coefficient range : [ 2.19138e-19, 3.49877e+07 ]
  Variable bound range        : [ 0.05, 1 ]
  RHS coefficient range       : [ 2.06798e-12, 1 ]
Objective value for Line heur k = 7: 24694593.55412581
83
Actual reward of current solution: 46565236.72536222
Minimum Difference with past solutions:0.0.
New solution equals old solution at k=7
82
Total Reward at the start of the inner iterations: 46565236.72536222
Gurobi status: 2

Statistics for model Linearization Heuristic :
  Linear constraint matrix    : 15012 Constrs, 8640 Vars, 5819200 NZs
  Matrix coefficient range    : [ 1.92716e-13, 1 ]
  Objective coefficient range : [ 4.07803e-20, 3.49877e+07 ]
  Variable bound range        : [ 0.05, 1 ]
  RHS coefficient range       : [ 9.76736e-08, 1 ]
Objective value for Line heur k = 8: 28065028.63148568
82
Actual reward of current solution: 46093904.84994149
Minimum Difference with past solutions:0.05.
Gurobi status: 2

Statistics for model Linearization Heuristic :
  Linear constraint matrix    : 15012 Constrs, 8640 Vars, 6257484 NZs
  Matrix coefficient range    : [ 2.91788e-13, 1 ]
  Objective coefficient range : [ 2.19138e-19, 3.49877e+07 ]
  Variable bound range        : [ 0.05, 1 ]
  RHS coefficient range       : [ 7.23146e-08, 1 ]
Objective value for Line heur k = 8: 24760170.689900972
82
Actual reward of current solution: 46565236.72536222
Minimum Difference with past solutions:0.0.
New solution equals old solution at k=8
81
Total Reward at the start of the inner iterations: 46565236.72536222
Gurobi status: 2

Statistics for model Linearization Heuristic :
  Linear constraint matrix    : 14847 Constrs, 8550 Vars, 5748473 NZs
  Matrix coefficient range    : [ 1.92716e-13, 1 ]
  Objective coefficient range : [ 4.07803e-20, 3.49877e+07 ]
  Variable bound range        : [ 0.05, 1 ]
  RHS coefficient range       : [ 6.22541e-08, 1 ]
Objective value for Line heur k = 9: 28099896.93686764
81
Actual reward of current solution: 46093904.84994149
Minimum Difference with past solutions:0.05.
Gurobi status: 2

Statistics for model Linearization Heuristic :
  Linear constraint matrix    : 14847 Constrs, 8550 Vars, 6186757 NZs
  Matrix coefficient range    : [ 2.91788e-13, 1 ]
  Objective coefficient range : [ 2.19138e-19, 3.49877e+07 ]
  Variable bound range        : [ 0.05, 1 ]
  RHS coefficient range       : [ 2.10859e-08, 1 ]
Objective value for Line heur k = 9: 24823588.65398232
81
Actual reward of current solution: 46565236.72536222
Minimum Difference with past solutions:0.0.
New solution equals old solution at k=9
80
Total Reward at the start of the inner iterations: 46565236.72536222
Gurobi status: 2

Statistics for model Linearization Heuristic :
  Linear constraint matrix    : 14682 Constrs, 8460 Vars, 5678506 NZs
  Matrix coefficient range    : [ 1.92716e-13, 1 ]
  Objective coefficient range : [ 4.07803e-20, 3.49877e+07 ]
  Variable bound range        : [ 0.05, 1 ]
  RHS coefficient range       : [ 1.31924e-07, 1 ]
Objective value for Line heur k = 10: 28132748.63693306
80
Actual reward of current solution: 46093904.84994149
Minimum Difference with past solutions:0.05.
Gurobi status: 2

Statistics for model Linearization Heuristic :
  Linear constraint matrix    : 14682 Constrs, 8460 Vars, 6116790 NZs
  Matrix coefficient range    : [ 2.91788e-13, 1 ]
  Objective coefficient range : [ 2.19138e-19, 3.49877e+07 ]
  Variable bound range        : [ 0.05, 1 ]
  RHS coefficient range       : [ 8.83962e-08, 1 ]
Objective value for Line heur k = 10: 24884444.64620672
80
Actual reward of current solution: 46565236.72536222
Minimum Difference with past solutions:0.0.
New solution equals old solution at k=10
79
Total Reward at the start of the inner iterations: 46565236.72536222
Gurobi status: 2

Statistics for model Linearization Heuristic :
  Linear constraint matrix    : 14517 Constrs, 8370 Vars, 5609299 NZs
  Matrix coefficient range    : [ 1.92716e-13, 1 ]
  Objective coefficient range : [ 4.07803e-20, 3.49877e+07 ]
  Variable bound range        : [ 0.05, 1 ]
  RHS coefficient range       : [ 2.35289e-08, 1 ]
Objective value for Line heur k = 11: 28163470.577393807
79
Actual reward of current solution: 46093904.84994149
Minimum Difference with past solutions:0.05.
Gurobi status: 2

Statistics for model Linearization Heuristic :
  Linear constraint matrix    : 14517 Constrs, 8370 Vars, 6047583 NZs
  Matrix coefficient range    : [ 2.91788e-13, 1 ]
  Objective coefficient range : [ 2.19138e-19, 3.49877e+07 ]
  Variable bound range        : [ 0.05, 1 ]
  RHS coefficient range       : [ 1.07804e-07, 1 ]
Objective value for Line heur k = 11: 24942237.27184234
79
Actual reward of current solution: 46565236.72536222
Minimum Difference with past solutions:0.0.
New solution equals old solution at k=11
78
Total Reward at the start of the inner iterations: 46565236.72536222
Gurobi status: 2

Statistics for model Linearization Heuristic :
  Linear constraint matrix    : 14352 Constrs, 8280 Vars, 5540852 NZs
  Matrix coefficient range    : [ 1.92716e-13, 1 ]
  Objective coefficient range : [ 4.07803e-20, 3.49877e+07 ]
  Variable bound range        : [ 0.05, 1 ]
  RHS coefficient range       : [ 1.55579e-07, 1 ]
Objective value for Line heur k = 12: 28191878.65485817
78
Actual reward of current solution: 46093904.84994149
Minimum Difference with past solutions:0.05.
Gurobi status: 2

Statistics for model Linearization Heuristic :
  Linear constraint matrix    : 14352 Constrs, 8280 Vars, 5979136 NZs
  Matrix coefficient range    : [ 2.91788e-13, 1 ]
  Objective coefficient range : [ 2.19138e-19, 3.49877e+07 ]
  Variable bound range        : [ 0.05, 1 ]
  RHS coefficient range       : [ 2.56894e-08, 1 ]
Objective value for Line heur k = 12: 24996274.304104745
78
Actual reward of current solution: 46565236.72536222
Minimum Difference with past solutions:0.0.
New solution equals old solution at k=12
77
Total Reward at the start of the inner iterations: 46565236.72536222
Gurobi status: 2

Statistics for model Linearization Heuristic :
  Linear constraint matrix    : 14187 Constrs, 8190 Vars, 5473165 NZs
  Matrix coefficient range    : [ 1.92716e-13, 1 ]
  Objective coefficient range : [ 4.07803e-20, 3.49877e+07 ]
  Variable bound range        : [ 0.05, 1 ]
  RHS coefficient range       : [ 5.4952e-08, 1 ]
Objective value for Line heur k = 13: 28217669.013828576
77
Actual reward of current solution: 46093904.84994149
Minimum Difference with past solutions:0.05.
Gurobi status: 2

Statistics for model Linearization Heuristic :
  Linear constraint matrix    : 14187 Constrs, 8190 Vars, 5911449 NZs
  Matrix coefficient range    : [ 2.91788e-13, 1 ]
  Objective coefficient range : [ 2.19138e-19, 3.49877e+07 ]
  Variable bound range        : [ 0.05, 1 ]
  RHS coefficient range       : [ 2.36467e-08, 1 ]
Objective value for Line heur k = 13: 25045560.525496945
77
Actual reward of current solution: 46565236.72536222
Minimum Difference with past solutions:0.0.
New solution equals old solution at k=13
76
Total Reward at the start of the inner iterations: 46565236.72536222
Gurobi status: 2

Statistics for model Linearization Heuristic :
  Linear constraint matrix    : 13986 Constrs, 8100 Vars, 5406220 NZs
  Matrix coefficient range    : [ 1.92716e-13, 1 ]
  Objective coefficient range : [ 4.07803e-20, 3.49877e+07 ]
  Variable bound range        : [ 0.05, 1 ]
  RHS coefficient range       : [ 2.2723e-08, 0.472308 ]
Objective value for Line heur k = 14: 28240357.75043303
76
Actual reward of current solution: 46093904.84994149
Minimum Difference with past solutions:0.05.
Gurobi status: 2

Statistics for model Linearization Heuristic :
  Linear constraint matrix    : 13986 Constrs, 8100 Vars, 5844504 NZs
  Matrix coefficient range    : [ 2.91788e-13, 1 ]
  Objective coefficient range : [ 2.19138e-19, 3.49877e+07 ]
  Variable bound range        : [ 0.05, 1 ]
  RHS coefficient range       : [ 9.02986e-08, 0.586311 ]
Objective value for Line heur k = 14: 25088649.57327976
76
Actual reward of current solution: 46565236.72536222
Minimum Difference with past solutions:0.0.
New solution equals old solution at k=14
75
Total Reward at the start of the inner iterations: 46565236.72536222
Gurobi status: 2

Statistics for model Linearization Heuristic :
  Linear constraint matrix    : 13875 Constrs, 8010 Vars, 5305323 NZs
  Matrix coefficient range    : [ 1.92716e-13, 1 ]
  Objective coefficient range : [ 4.07803e-20, 3.49877e+07 ]
  Variable bound range        : [ 0.05, 1 ]
  RHS coefficient range       : [ 2.43678e-09, 1 ]
Objective value for Line heur k = 15: 27990807.859005403
75
Actual reward of current solution: 46565236.72536222
Minimum Difference with past solutions:0.0.
New solution equals old solution at k=15
74
Total Reward at the start of the inner iterations: 46565236.72536222
Gurobi status: 2

Statistics for model Linearization Heuristic :
  Linear constraint matrix    : 13710 Constrs, 7920 Vars, 5205531 NZs
  Matrix coefficient range    : [ 1.92716e-13, 1 ]
  Objective coefficient range : [ 4.07803e-20, 3.49877e+07 ]
  Variable bound range        : [ 0.05, 1 ]
  RHS coefficient range       : [ 3.98476e-08, 1 ]
Objective value for Line heur k = 16: 27895615.741800543
74
Actual reward of current solution: 46565236.72536222
Minimum Difference with past solutions:0.0.
New solution equals old solution at k=16
73
Total Reward at the start of the inner iterations: 46565236.72536222
Gurobi status: 2

Statistics for model Linearization Heuristic :
  Linear constraint matrix    : 13545 Constrs, 7830 Vars, 5106898 NZs
  Matrix coefficient range    : [ 1.92716e-13, 1 ]
  Objective coefficient range : [ 4.07803e-20, 3.49877e+07 ]
  Variable bound range        : [ 0.05, 1 ]
  RHS coefficient range       : [ 1.02733e-07, 1 ]
Objective value for Line heur k = 17: 27796623.655449424
73
Actual reward of current solution: 46565236.72536222
Minimum Difference with past solutions:0.0.
New solution equals old solution at k=17
72
Total Reward at the start of the inner iterations: 46565236.72536222
Gurobi status: 2

Statistics for model Linearization Heuristic :
  Linear constraint matrix    : 13380 Constrs, 7740 Vars, 5009424 NZs
  Matrix coefficient range    : [ 1.92716e-13, 1 ]
  Objective coefficient range : [ 4.07803e-20, 3.49877e+07 ]
  Variable bound range        : [ 0.05, 1 ]
  RHS coefficient range       : [ 6.11217e-08, 1 ]
Objective value for Line heur k = 18: 27694864.364217263
72
Actual reward of current solution: 46565236.72536222
Minimum Difference with past solutions:0.0.
New solution equals old solution at k=18
71
Total Reward at the start of the inner iterations: 46565236.72536222
Gurobi status: 2

Statistics for model Linearization Heuristic :
  Linear constraint matrix    : 13215 Constrs, 7650 Vars, 4913109 NZs
  Matrix coefficient range    : [ 1.92716e-13, 1 ]
  Objective coefficient range : [ 4.07803e-20, 3.49877e+07 ]
  Variable bound range        : [ 0.05, 1 ]
  RHS coefficient range       : [ 6.49456e-08, 1 ]
Objective value for Line heur k = 19: 27590955.26197814
71
Actual reward of current solution: 46565236.72536222
Minimum Difference with past solutions:0.0.
New solution equals old solution at k=19
70
Total Reward at the start of the inner iterations: 46565236.72536222
Gurobi status: 2

Statistics for model Linearization Heuristic :
  Linear constraint matrix    : 13050 Constrs, 7560 Vars, 4817953 NZs
  Matrix coefficient range    : [ 1.92716e-13, 1 ]
  Objective coefficient range : [ 4.07803e-20, 3.49877e+07 ]
  Variable bound range        : [ 0.05, 1 ]
  RHS coefficient range       : [ 4.72507e-08, 1 ]
Objective value for Line heur k = 20: 27485252.280040998
70
Actual reward of current solution: 46565236.72536222
Minimum Difference with past solutions:0.0.
New solution equals old solution at k=20
69
Total Reward at the start of the inner iterations: 46565236.72536222
Gurobi status: 2

Statistics for model Linearization Heuristic :
  Linear constraint matrix    : 12885 Constrs, 7470 Vars, 4723956 NZs
  Matrix coefficient range    : [ 1.92716e-13, 1 ]
  Objective coefficient range : [ 4.07803e-20, 3.49877e+07 ]
  Variable bound range        : [ 0.05, 1 ]
  RHS coefficient range       : [ 1.33865e-07, 1 ]
Objective value for Line heur k = 21: 27377934.596221685
69
Actual reward of current solution: 46565236.72536222
Minimum Difference with past solutions:0.0.
New solution equals old solution at k=21
68
Total Reward at the start of the inner iterations: 46565236.72536222
Gurobi status: 2

Statistics for model Linearization Heuristic :
  Linear constraint matrix    : 12720 Constrs, 7380 Vars, 4631118 NZs
  Matrix coefficient range    : [ 1.92716e-13, 1 ]
  Objective coefficient range : [ 4.07803e-20, 3.49877e+07 ]
  Variable bound range        : [ 0.05, 1 ]
  RHS coefficient range       : [ 5.28898e-08, 1 ]
Objective value for Line heur k = 22: 27269044.184060518
68
Actual reward of current solution: 46565236.72536222
Minimum Difference with past solutions:0.0.
New solution equals old solution at k=22
67
Total Reward at the start of the inner iterations: 46565236.72536222
Gurobi status: 2

Statistics for model Linearization Heuristic :
  Linear constraint matrix    : 12555 Constrs, 7290 Vars, 4539439 NZs
  Matrix coefficient range    : [ 1.92716e-13, 1 ]
  Objective coefficient range : [ 4.07803e-20, 3.49877e+07 ]
  Variable bound range        : [ 0.05, 1 ]
  RHS coefficient range       : [ 3.97237e-08, 1 ]
Objective value for Line heur k = 23: 27158492.11027653
67
Actual reward of current solution: 46565236.72536222
Minimum Difference with past solutions:0.0.
New solution equals old solution at k=23
66
Total Reward at the start of the inner iterations: 46565236.72536222
Gurobi status: 2

Statistics for model Linearization Heuristic :
  Linear constraint matrix    : 12390 Constrs, 7200 Vars, 4448919 NZs
  Matrix coefficient range    : [ 1.92716e-13, 1 ]
  Objective coefficient range : [ 4.07803e-20, 3.49877e+07 ]
  Variable bound range        : [ 0.05, 1 ]
  RHS coefficient range       : [ 6.27159e-08, 1 ]
Objective value for Line heur k = 24: 27046034.860522423
66
Actual reward of current solution: 46565236.72536222
Minimum Difference with past solutions:0.0.
New solution equals old solution at k=24
65
Total Reward at the start of the inner iterations: 46565236.72536222
Gurobi status: 2

Statistics for model Linearization Heuristic :
  Linear constraint matrix    : 12225 Constrs, 7110 Vars, 4359558 NZs
  Matrix coefficient range    : [ 1.92716e-13, 1 ]
  Objective coefficient range : [ 4.07803e-20, 3.49877e+07 ]
  Variable bound range        : [ 0.05, 1 ]
  RHS coefficient range       : [ 4.22467e-08, 1 ]
Objective value for Line heur k = 25: 26931216.54624434
65
Actual reward of current solution: 46565236.72536222
Minimum Difference with past solutions:0.0.
New solution equals old solution at k=25
64
Total Reward at the start of the inner iterations: 46565236.72536222
Gurobi status: 2

Statistics for model Linearization Heuristic :
  Linear constraint matrix    : 12060 Constrs, 7020 Vars, 4271356 NZs
  Matrix coefficient range    : [ 1.92716e-13, 1 ]
  Objective coefficient range : [ 4.07803e-20, 3.49877e+07 ]
  Variable bound range        : [ 0.05, 1 ]
  RHS coefficient range       : [ 1.43936e-08, 1 ]
Objective value for Line heur k = 26: 26813264.722614836
64
Actual reward of current solution: 46565236.72536222
Minimum Difference with past solutions:0.0.
New solution equals old solution at k=26
63
Total Reward at the start of the inner iterations: 46565236.72536222
Gurobi status: 2

Statistics for model Linearization Heuristic :
  Linear constraint matrix    : 11895 Constrs, 6930 Vars, 4184313 NZs
  Matrix coefficient range    : [ 1.92716e-13, 1 ]
  Objective coefficient range : [ 4.07803e-20, 3.49877e+07 ]
  Variable bound range        : [ 0.05, 1 ]
  RHS coefficient range       : [ 2.86139e-08, 1 ]
Objective value for Line heur k = 27: 26690916.741986558
63
Actual reward of current solution: 46565236.72536222
Minimum Difference with past solutions:0.0.
New solution equals old solution at k=27
62
Total Reward at the start of the inner iterations: 46565236.72536222
Gurobi status: 2

Statistics for model Linearization Heuristic :
  Linear constraint matrix    : 11694 Constrs, 6840 Vars, 4098411 NZs
  Matrix coefficient range    : [ 1.92716e-13, 1 ]
  Objective coefficient range : [ 4.07803e-20, 3.49877e+07 ]
  Variable bound range        : [ 0.05, 1 ]
  RHS coefficient range       : [ 1.33509e-08, 0.445388 ]
Objective value for Line heur k = 28: 26562137.505341604
62
Actual reward of current solution: 46565236.72536222
Minimum Difference with past solutions:0.0.
New solution equals old solution at k=28
61
Total Reward at the start of the inner iterations: 46565236.72536222
Gurobi status: 2

Statistics for model Linearization Heuristic :
  Linear constraint matrix    : 11583 Constrs, 6750 Vars, 3985284 NZs
  Matrix coefficient range    : [ 1.92716e-13, 1 ]
  Objective coefficient range : [ 4.07803e-20, 3.49877e+07 ]
  Variable bound range        : [ 0.05, 1 ]
  RHS coefficient range       : [ 1.25487e-07, 1 ]
Objective value for Line heur k = 29: 26284949.28193483
61
Actual reward of current solution: 46565236.72536222
Minimum Difference with past solutions:0.0.
New solution equals old solution at k=29
60
Total Reward at the start of the inner iterations: 46565236.72536222
Gurobi status: 2

Statistics for model Linearization Heuristic :
  Linear constraint matrix    : 11418 Constrs, 6660 Vars, 3873642 NZs
  Matrix coefficient range    : [ 1.92716e-13, 1 ]
  Objective coefficient range : [ 4.07803e-20, 3.49877e+07 ]
  Variable bound range        : [ 0.05, 1 ]
  RHS coefficient range       : [ 7.5643e-08, 1 ]
Objective value for Line heur k = 30: 25990971.213772617
60
Actual reward of current solution: 46565236.72536222
Minimum Difference with past solutions:0.0.
New solution equals old solution at k=30
59
Total Reward at the start of the inner iterations: 46565236.72536222
Gurobi status: 2

Statistics for model Linearization Heuristic :
  Linear constraint matrix    : 11253 Constrs, 6570 Vars, 3763539 NZs
  Matrix coefficient range    : [ 1.92716e-13, 1 ]
  Objective coefficient range : [ 4.07803e-20, 3.49877e+07 ]
  Variable bound range        : [ 0.05, 1 ]
  RHS coefficient range       : [ 1.89682e-08, 1 ]
Objective value for Line heur k = 31: 25689403.521059062
59
Actual reward of current solution: 46565236.72536222
Minimum Difference with past solutions:0.0.
New solution equals old solution at k=31
58
Total Reward at the start of the inner iterations: 46565236.72536222
Gurobi status: 2

Statistics for model Linearization Heuristic :
  Linear constraint matrix    : 11088 Constrs, 6480 Vars, 3654975 NZs
  Matrix coefficient range    : [ 1.92716e-13, 1 ]
  Objective coefficient range : [ 4.07803e-20, 3.49877e+07 ]
  Variable bound range        : [ 0.05, 1 ]
  RHS coefficient range       : [ 3.69544e-08, 1 ]
Objective value for Line heur k = 32: 25384232.61734005
58
Actual reward of current solution: 46565236.72536222
Minimum Difference with past solutions:0.0.
New solution equals old solution at k=32
57
Total Reward at the start of the inner iterations: 46565236.72536222
Gurobi status: 2

Statistics for model Linearization Heuristic :
  Linear constraint matrix    : 10923 Constrs, 6390 Vars, 3547950 NZs
  Matrix coefficient range    : [ 1.92716e-13, 1 ]
  Objective coefficient range : [ 4.07803e-20, 3.49877e+07 ]
  Variable bound range        : [ 0.05, 1 ]
  RHS coefficient range       : [ 8.93744e-08, 1 ]
Objective value for Line heur k = 33: 25077181.564262874
57
Actual reward of current solution: 46565236.72536222
Minimum Difference with past solutions:0.0.
New solution equals old solution at k=33
56
Total Reward at the start of the inner iterations: 46565236.72536222
Gurobi status: 2

Statistics for model Linearization Heuristic :
  Linear constraint matrix    : 10758 Constrs, 6300 Vars, 3442464 NZs
  Matrix coefficient range    : [ 1.92716e-13, 1 ]
  Objective coefficient range : [ 4.07803e-20, 3.49877e+07 ]
  Variable bound range        : [ 0.05, 1 ]
  RHS coefficient range       : [ 1.3762e-07, 1 ]
Objective value for Line heur k = 34: 24768991.014947772
56
Actual reward of current solution: 46565236.72536222
Minimum Difference with past solutions:0.0.
New solution equals old solution at k=34
55
Total Reward at the start of the inner iterations: 46565236.72536222
Gurobi status: 2

Statistics for model Linearization Heuristic :
  Linear constraint matrix    : 10593 Constrs, 6210 Vars, 3338517 NZs
  Matrix coefficient range    : [ 1.92716e-13, 1 ]
  Objective coefficient range : [ 4.07803e-20, 3.49877e+07 ]
  Variable bound range        : [ 0.05, 1 ]
  RHS coefficient range       : [ 1.62605e-07, 1 ]
Objective value for Line heur k = 35: 24459975.01784613
55
Actual reward of current solution: 46565236.72536222
Minimum Difference with past solutions:0.0.
New solution equals old solution at k=35
54
Total Reward at the start of the inner iterations: 46565236.72536222
Gurobi status: 2

Statistics for model Linearization Heuristic :
  Linear constraint matrix    : 10428 Constrs, 6120 Vars, 3236109 NZs
  Matrix coefficient range    : [ 1.92716e-13, 1 ]
  Objective coefficient range : [ 4.07803e-20, 3.49877e+07 ]
  Variable bound range        : [ 0.05, 1 ]
  RHS coefficient range       : [ 1.56882e-07, 1 ]
Objective value for Line heur k = 36: 24150262.00610403
54
Actual reward of current solution: 46565236.72536222
Minimum Difference with past solutions:0.0.
New solution equals old solution at k=36
53
Total Reward at the start of the inner iterations: 46565236.72536222
Gurobi status: 2

Statistics for model Linearization Heuristic :
  Linear constraint matrix    : 10263 Constrs, 6030 Vars, 3135240 NZs
  Matrix coefficient range    : [ 1.92716e-13, 1 ]
  Objective coefficient range : [ 4.07803e-20, 3.49877e+07 ]
  Variable bound range        : [ 0.05, 1 ]
  RHS coefficient range       : [ 1.39378e-07, 1 ]
Objective value for Line heur k = 37: 23839899.19769521
53
Actual reward of current solution: 46565236.72536222
Minimum Difference with past solutions:0.0.
New solution equals old solution at k=37
52
Total Reward at the start of the inner iterations: 46565236.72536222
Gurobi status: 2

Statistics for model Linearization Heuristic :
  Linear constraint matrix    : 10098 Constrs, 5940 Vars, 3035910 NZs
  Matrix coefficient range    : [ 1.92716e-13, 1 ]
  Objective coefficient range : [ 4.07803e-20, 3.49877e+07 ]
  Variable bound range        : [ 0.05, 1 ]
  RHS coefficient range       : [ 1.15469e-07, 1 ]
Objective value for Line heur k = 38: 23528897.781860378
52
Actual reward of current solution: 46565236.72536222
Minimum Difference with past solutions:0.0.
New solution equals old solution at k=38
51
Total Reward at the start of the inner iterations: 46565236.72536222
Gurobi status: 2

Statistics for model Linearization Heuristic :
  Linear constraint matrix    : 9933 Constrs, 5850 Vars, 2938119 NZs
  Matrix coefficient range    : [ 1.92716e-13, 1 ]
  Objective coefficient range : [ 4.07803e-20, 3.49877e+07 ]
  Variable bound range        : [ 0.05, 1 ]
  RHS coefficient range       : [ 9.4892e-08, 1 ]
Objective value for Line heur k = 39: 23217252.46231111
51
Actual reward of current solution: 46565236.72536222
Minimum Difference with past solutions:0.0.
New solution equals old solution at k=39
50
Total Reward at the start of the inner iterations: 46565236.72536222
Gurobi status: 2

Statistics for model Linearization Heuristic :
  Linear constraint matrix    : 9768 Constrs, 5760 Vars, 2841867 NZs
  Matrix coefficient range    : [ 1.93653e-13, 1 ]
  Objective coefficient range : [ 4.07803e-20, 3.49877e+07 ]
  Variable bound range        : [ 0.05, 1 ]
  RHS coefficient range       : [ 4.84171e-08, 1 ]
Objective value for Line heur k = 40: 22904949.909609918
50
Actual reward of current solution: 46565236.72536222
Minimum Difference with past solutions:0.0.
New solution equals old solution at k=40
49
Total Reward at the start of the inner iterations: 46565236.72536222
Gurobi status: 2

Statistics for model Linearization Heuristic :
  Linear constraint matrix    : 9603 Constrs, 5670 Vars, 2747154 NZs
  Matrix coefficient range    : [ 1.95581e-13, 1 ]
  Objective coefficient range : [ 4.07803e-20, 3.49877e+07 ]
  Variable bound range        : [ 0.05, 1 ]
  RHS coefficient range       : [ 6.1806e-08, 1 ]
Objective value for Line heur k = 41: 22591972.42376481
49
Actual reward of current solution: 46565236.72536222
Minimum Difference with past solutions:0.0.
New solution equals old solution at k=41
48
Total Reward at the start of the inner iterations: 46565236.72536222
Gurobi status: 2

Statistics for model Linearization Heuristic :
  Linear constraint matrix    : 9402 Constrs, 5580 Vars, 2653962 NZs
  Matrix coefficient range    : [ 1.98431e-13, 1 ]
  Objective coefficient range : [ 4.07803e-20, 3.49877e+07 ]
  Variable bound range        : [ 0.05, 1 ]
  RHS coefficient range       : [ 4.85089e-08, 0.39916 ]
Objective value for Line heur k = 42: 22278299.53117319
48
Actual reward of current solution: 46565236.72536222
Minimum Difference with past solutions:0.0.
New solution equals old solution at k=42
47
Total Reward at the start of the inner iterations: 46565236.72536222
Gurobi status: 2

Statistics for model Linearization Heuristic :
  Linear constraint matrix    : 9291 Constrs, 5490 Vars, 2562381 NZs
  Matrix coefficient range    : [ 2.02143e-13, 1 ]
  Objective coefficient range : [ 4.07803e-20, 3.49877e+07 ]
  Variable bound range        : [ 0.05, 1 ]
  RHS coefficient range       : [ 3.69494e-08, 1 ]
Objective value for Line heur k = 43: 21963908.691333726
47
Actual reward of current solution: 46565236.72536222
Minimum Difference with past solutions:0.0.
New solution equals old solution at k=43
46
Total Reward at the start of the inner iterations: 46565236.72536222
Gurobi status: 2

Statistics for model Linearization Heuristic :
  Linear constraint matrix    : 9126 Constrs, 5400 Vars, 2472285 NZs
  Matrix coefficient range    : [ 2.06661e-13, 1 ]
  Objective coefficient range : [ 4.07803e-20, 3.49877e+07 ]
  Variable bound range        : [ 0.05, 1 ]
  RHS coefficient range       : [ 2.68692e-08, 1 ]
Objective value for Line heur k = 44: 21648775.61927479
46
Actual reward of current solution: 46565236.72536222
Minimum Difference with past solutions:0.0.
New solution equals old solution at k=44
45
Total Reward at the start of the inner iterations: 46565236.72536222
Gurobi status: 2

Statistics for model Linearization Heuristic :
  Linear constraint matrix    : 8961 Constrs, 5310 Vars, 2383728 NZs
  Matrix coefficient range    : [ 2.1194e-13, 1 ]
  Objective coefficient range : [ 4.07803e-20, 3.49877e+07 ]
  Variable bound range        : [ 0.05, 1 ]
  RHS coefficient range       : [ 1.80496e-08, 1 ]
Objective value for Line heur k = 45: 21332874.440898422
45
Actual reward of current solution: 46565236.72536222
Minimum Difference with past solutions:0.0.
New solution equals old solution at k=45
44
Total Reward at the start of the inner iterations: 46565236.72536222
Gurobi status: 2

Statistics for model Linearization Heuristic :
  Linear constraint matrix    : 8796 Constrs, 5220 Vars, 2296710 NZs
  Matrix coefficient range    : [ 2.17942e-13, 1 ]
  Objective coefficient range : [ 4.07803e-20, 3.49877e+07 ]
  Variable bound range        : [ 0.05, 1 ]
  RHS coefficient range       : [ 1.03055e-08, 1 ]
Objective value for Line heur k = 46: 21016177.774277635
44
Actual reward of current solution: 46565236.72536222
Minimum Difference with past solutions:0.0.
New solution equals old solution at k=46
43
Total Reward at the start of the inner iterations: 46565236.72536222
Gurobi status: 2

Statistics for model Linearization Heuristic :
  Linear constraint matrix    : 8631 Constrs, 5130 Vars, 2211231 NZs
  Matrix coefficient range    : [ 2.24635e-13, 1 ]
  Objective coefficient range : [ 4.07803e-20, 3.49877e+07 ]
  Variable bound range        : [ 0.05, 1 ]
  RHS coefficient range       : [ 3.48026e-09, 1 ]
Objective value for Line heur k = 47: 20698656.776775803
43
Actual reward of current solution: 46565236.72536222
Minimum Difference with past solutions:0.0.
New solution equals old solution at k=47
42
Total Reward at the start of the inner iterations: 46565236.72536222
Gurobi status: 2

Statistics for model Linearization Heuristic :
  Linear constraint matrix    : 8466 Constrs, 5040 Vars, 2127291 NZs
  Matrix coefficient range    : [ 2.31993e-13, 1 ]
  Objective coefficient range : [ 4.07803e-20, 3.49877e+07 ]
  Variable bound range        : [ 0.05, 1 ]
  RHS coefficient range       : [ 2.5591e-09, 1 ]
Objective value for Line heur k = 48: 20380281.17521549
42
Actual reward of current solution: 46565236.72536222
Minimum Difference with past solutions:0.0.
New solution equals old solution at k=48
41
Total Reward at the start of the inner iterations: 46565236.72536222
Gurobi status: 2

Statistics for model Linearization Heuristic :
  Linear constraint matrix    : 8301 Constrs, 4950 Vars, 2044890 NZs
  Matrix coefficient range    : [ 2.39996e-13, 1 ]
  Objective coefficient range : [ 4.07803e-20, 3.49877e+07 ]
  Variable bound range        : [ 0.05, 1 ]
  RHS coefficient range       : [ 7.9253e-09, 1 ]
Objective value for Line heur k = 49: 20061019.286750197
41
Actual reward of current solution: 46565236.72536222
Minimum Difference with past solutions:0.0.
New solution equals old solution at k=49
40
Total Reward at the start of the inner iterations: 46565236.72536222
Gurobi status: 2

Statistics for model Linearization Heuristic :
  Linear constraint matrix    : 8136 Constrs, 4860 Vars, 1964028 NZs
  Matrix coefficient range    : [ 2.48632e-13, 1 ]
  Objective coefficient range : [ 4.07803e-20, 3.49877e+07 ]
  Variable bound range        : [ 0.05, 1 ]
  RHS coefficient range       : [ 1.2714e-08, 1 ]
Objective value for Line heur k = 50: 19740838.034080625
40
Actual reward of current solution: 46565236.72536222
Minimum Difference with past solutions:0.0.
New solution equals old solution at k=50
39
Total Reward at the start of the inner iterations: 46565236.72536222
Gurobi status: 2

Statistics for model Linearization Heuristic :
  Linear constraint matrix    : 7971 Constrs, 4770 Vars, 1884705 NZs
  Matrix coefficient range    : [ 2.57889e-13, 1 ]
  Objective coefficient range : [ 4.07803e-20, 3.49877e+07 ]
  Variable bound range        : [ 0.05, 1 ]
  RHS coefficient range       : [ 1.70064e-08, 1 ]
Objective value for Line heur k = 51: 19419702.95699316
39
Actual reward of current solution: 46565236.72536222
Minimum Difference with past solutions:0.0.
New solution equals old solution at k=51
38
Total Reward at the start of the inner iterations: 46565236.72536222
Gurobi status: 2

Statistics for model Linearization Heuristic :
  Linear constraint matrix    : 7806 Constrs, 4680 Vars, 1806921 NZs
  Matrix coefficient range    : [ 2.67763e-13, 1 ]
  Objective coefficient range : [ 4.07803e-20, 3.49877e+07 ]
  Variable bound range        : [ 0.05, 1 ]
  RHS coefficient range       : [ 2.08713e-08, 1 ]
Objective value for Line heur k = 52: 19097578.221515708
38
Actual reward of current solution: 46565236.72536222
Minimum Difference with past solutions:0.0.
New solution equals old solution at k=52
37
Total Reward at the start of the inner iterations: 46565236.72536222
Gurobi status: 2

Statistics for model Linearization Heuristic :
  Linear constraint matrix    : 7641 Constrs, 4590 Vars, 1730676 NZs
  Matrix coefficient range    : [ 2.78254e-13, 1 ]
  Objective coefficient range : [ 4.07803e-20, 3.49877e+07 ]
  Variable bound range        : [ 0.05, 1 ]
  RHS coefficient range       : [ 2.43667e-08, 1 ]
Objective value for Line heur k = 53: 18774426.62770815
37
Actual reward of current solution: 46565236.72536222
Minimum Difference with past solutions:0.0.
New solution equals old solution at k=53
36
Total Reward at the start of the inner iterations: 46565236.72536222
Gurobi status: 2

Statistics for model Linearization Heuristic :
  Linear constraint matrix    : 7476 Constrs, 4500 Vars, 1655970 NZs
  Matrix coefficient range    : [ 2.89362e-13, 1 ]
  Objective coefficient range : [ 4.07803e-20, 3.49877e+07 ]
  Variable bound range        : [ 0.05, 1 ]
  RHS coefficient range       : [ 2.75419e-08, 1 ]
Objective value for Line heur k = 54: 18450209.616993945
36
Actual reward of current solution: 46565236.72536222
Minimum Difference with past solutions:0.0.
New solution equals old solution at k=54
35
Total Reward at the start of the inner iterations: 46565236.72536222
Gurobi status: 2

Statistics for model Linearization Heuristic :
  Linear constraint matrix    : 7311 Constrs, 4410 Vars, 1582803 NZs
  Matrix coefficient range    : [ 3.01094e-13, 1 ]
  Objective coefficient range : [ 4.07803e-20, 3.49877e+07 ]
  Variable bound range        : [ 0.05, 1 ]
  RHS coefficient range       : [ 3.0438e-08, 1 ]
Objective value for Line heur k = 55: 18124887.279899236
35
Actual reward of current solution: 46565236.72536222
Minimum Difference with past solutions:0.0.
New solution equals old solution at k=55
34
Total Reward at the start of the inner iterations: 46565236.72536222
Gurobi status: 2

Statistics for model Linearization Heuristic :
  Linear constraint matrix    : 7110 Constrs, 4320 Vars, 1511157 NZs
  Matrix coefficient range    : [ 3.13458e-13, 1 ]
  Objective coefficient range : [ 4.07803e-20, 3.49877e+07 ]
  Variable bound range        : [ 0.05, 1 ]
  RHS coefficient range       : [ 3.30894e-08, 0.354461 ]
Objective value for Line heur k = 56: 17798418.365053702
34
Actual reward of current solution: 46565236.72536222
Minimum Difference with past solutions:0.0.
New solution equals old solution at k=56
33
Total Reward at the start of the inner iterations: 46565236.72536222
Gurobi status: 2

Statistics for model Linearization Heuristic :
  Linear constraint matrix    : 6999 Constrs, 4230 Vars, 1441122 NZs
  Matrix coefficient range    : [ 3.26466e-13, 1 ]
  Objective coefficient range : [ 4.07803e-20, 3.49877e+07 ]
  Variable bound range        : [ 0.05, 1 ]
  RHS coefficient range       : [ 3.55245e-08, 1 ]
Objective value for Line heur k = 57: 17470760.290317073
33
Actual reward of current solution: 46565236.72536222
Minimum Difference with past solutions:0.0.
New solution equals old solution at k=57
32
Total Reward at the start of the inner iterations: 46565236.72536222
Gurobi status: 2

Statistics for model Linearization Heuristic :
  Linear constraint matrix    : 6834 Constrs, 4140 Vars, 1372572 NZs
  Matrix coefficient range    : [ 3.40131e-13, 1 ]
  Objective coefficient range : [ 4.07803e-20, 3.49877e+07 ]
  Variable bound range        : [ 0.05, 1 ]
  RHS coefficient range       : [ 3.77666e-08, 1 ]
Objective value for Line heur k = 58: 17141869.156913824
32
Actual reward of current solution: 46565236.72536222
Minimum Difference with past solutions:0.0.
New solution equals old solution at k=58
31
Total Reward at the start of the inner iterations: 46565236.72536222
Gurobi status: 2

Statistics for model Linearization Heuristic :
  Linear constraint matrix    : 6669 Constrs, 4050 Vars, 1305561 NZs
  Matrix coefficient range    : [ 3.5447e-13, 1 ]
  Objective coefficient range : [ 4.07803e-20, 3.49877e+07 ]
  Variable bound range        : [ 0.05, 1 ]
  RHS coefficient range       : [ 3.98341e-08, 1 ]
Objective value for Line heur k = 59: 16811699.767490946
31
Actual reward of current solution: 46565236.72536222
Minimum Difference with past solutions:0.0.
New solution equals old solution at k=59
30
Total Reward at the start of the inner iterations: 46565236.72536222
Gurobi status: 2

Statistics for model Linearization Heuristic :
  Linear constraint matrix    : 6504 Constrs, 3960 Vars, 1240089 NZs
  Matrix coefficient range    : [ 3.695e-13, 1 ]
  Objective coefficient range : [ 4.07803e-20, 3.49877e+07 ]
  Variable bound range        : [ 0.05, 1 ]
  RHS coefficient range       : [ 4.17414e-08, 1 ]
Objective value for Line heur k = 60: 16480205.649057511
30
Actual reward of current solution: 46565236.72536222
Minimum Difference with past solutions:0.0.
New solution equals old solution at k=60
29
Total Reward at the start of the inner iterations: 46565236.72536222
Gurobi status: 2

Statistics for model Linearization Heuristic :
  Linear constraint matrix    : 6339 Constrs, 3870 Vars, 1176156 NZs
  Matrix coefficient range    : [ 3.85243e-13, 1 ]
  Objective coefficient range : [ 4.07803e-20, 3.49877e+07 ]
  Variable bound range        : [ 0.05, 1 ]
  RHS coefficient range       : [ 4.34993e-08, 1 ]
Objective value for Line heur k = 61: 16147339.08181983
29
Actual reward of current solution: 46565236.72536222
Minimum Difference with past solutions:0.0.
New solution equals old solution at k=61
28
Total Reward at the start of the inner iterations: 46565236.72536222
Gurobi status: 2

Statistics for model Linearization Heuristic :
  Linear constraint matrix    : 6174 Constrs, 3780 Vars, 1113762 NZs
  Matrix coefficient range    : [ 4.0172e-13, 1 ]
  Objective coefficient range : [ 4.07803e-20, 3.49877e+07 ]
  Variable bound range        : [ 0.05, 1 ]
  RHS coefficient range       : [ 4.51149e-08, 1 ]
Objective value for Line heur k = 62: 15813051.134996606
28
Actual reward of current solution: 46565236.72536222
Minimum Difference with past solutions:0.0.
New solution equals old solution at k=62
27
Total Reward at the start of the inner iterations: 46565236.72536222
Gurobi status: 2

Statistics for model Linearization Heuristic :
  Linear constraint matrix    : 6009 Constrs, 3690 Vars, 1052907 NZs
  Matrix coefficient range    : [ 4.18957e-13, 1 ]
  Objective coefficient range : [ 4.07803e-20, 3.49877e+07 ]
  Variable bound range        : [ 0.05, 1 ]
  RHS coefficient range       : [ 4.65923e-08, 1 ]
Objective value for Line heur k = 63: 15477291.710780859
27
Actual reward of current solution: 46565236.72536222
Minimum Difference with past solutions:0.0.
New solution equals old solution at k=63
26
Total Reward at the start of the inner iterations: 46565236.72536222
Gurobi status: 2

Statistics for model Linearization Heuristic :
  Linear constraint matrix    : 5844 Constrs, 3600 Vars, 993591 NZs
  Matrix coefficient range    : [ 4.36979e-13, 1 ]
  Objective coefficient range : [ 4.07803e-20, 3.49877e+07 ]
  Variable bound range        : [ 0.05, 1 ]
  RHS coefficient range       : [ 4.79327e-08, 1 ]
Objective value for Line heur k = 64: 15140009.597713951
26
Actual reward of current solution: 46565236.72536222
Minimum Difference with past solutions:0.0.
New solution equals old solution at k=64
25
Total Reward at the start of the inner iterations: 46565236.72536222
Gurobi status: 2

Statistics for model Linearization Heuristic :
  Linear constraint matrix    : 5679 Constrs, 3510 Vars, 935814 NZs
  Matrix coefficient range    : [ 4.55813e-13, 1 ]
  Objective coefficient range : [ 4.07803e-20, 3.49877e+07 ]
  Variable bound range        : [ 0.05, 1 ]
  RHS coefficient range       : [ 4.91342e-08, 1 ]
Objective value for Line heur k = 65: 14801152.534851084
25
Actual reward of current solution: 46565236.72536222
Minimum Difference with past solutions:0.0.
New solution equals old solution at k=65
24
Total Reward at the start of the inner iterations: 46565236.72536222
Gurobi status: 2

Statistics for model Linearization Heuristic :
  Linear constraint matrix    : 5514 Constrs, 3420 Vars, 879576 NZs
  Matrix coefficient range    : [ 4.74988e-13, 1 ]
  Objective coefficient range : [ 4.07803e-20, 3.49877e+07 ]
  Variable bound range        : [ 0.05, 1 ]
  RHS coefficient range       : [ 5.01927e-08, 1 ]
Objective value for Line heur k = 66: 14460667.288229374
24
Actual reward of current solution: 46565236.72536222
Minimum Difference with past solutions:0.0.
New solution equals old solution at k=66
23
Total Reward at the start of the inner iterations: 46565236.72536222
Gurobi status: 2

Statistics for model Linearization Heuristic :
  Linear constraint matrix    : 5349 Constrs, 3330 Vars, 824877 NZs
  Matrix coefficient range    : [ 4.74988e-13, 1 ]
  Objective coefficient range : [ 4.07803e-20, 3.49877e+07 ]
  Variable bound range        : [ 0.05, 1 ]
  RHS coefficient range       : [ 5.11009e-08, 1 ]
Objective value for Line heur k = 67: 14118499.741299883
23
Actual reward of current solution: 46565236.72536222
Minimum Difference with past solutions:0.0.
New solution equals old solution at k=67
22
Total Reward at the start of the inner iterations: 46565236.72536222
Gurobi status: 2

Statistics for model Linearization Heuristic :
  Linear constraint matrix    : 5184 Constrs, 3240 Vars, 771717 NZs
  Matrix coefficient range    : [ 4.74988e-13, 1 ]
  Objective coefficient range : [ 4.07803e-20, 3.49877e+07 ]
  Variable bound range        : [ 0.05, 1 ]
  RHS coefficient range       : [ 5.18495e-08, 1 ]
Objective value for Line heur k = 68: 13774595.00115619
22
Actual reward of current solution: 46565236.72536222
Minimum Difference with past solutions:0.0.
New solution equals old solution at k=68
21
Total Reward at the start of the inner iterations: 46565236.72536222
Gurobi status: 2

Statistics for model Linearization Heuristic :
  Linear constraint matrix    : 5019 Constrs, 3150 Vars, 720096 NZs
  Matrix coefficient range    : [ 4.74988e-13, 1 ]
  Objective coefficient range : [ 4.07803e-20, 3.49877e+07 ]
  Variable bound range        : [ 0.05, 1 ]
  RHS coefficient range       : [ 5.24261e-08, 1 ]
Objective value for Line heur k = 69: 13428897.522586258
21
Actual reward of current solution: 46565236.72536222
Minimum Difference with past solutions:0.0.
New solution equals old solution at k=69
20
Total Reward at the start of the inner iterations: 46565236.72536222
Gurobi status: 2

Statistics for model Linearization Heuristic :
  Linear constraint matrix    : 4818 Constrs, 3060 Vars, 669996 NZs
  Matrix coefficient range    : [ 4.74988e-13, 1 ]
  Objective coefficient range : [ 4.07803e-20, 3.49877e+07 ]
  Variable bound range        : [ 0.05, 1 ]
  RHS coefficient range       : [ 5.28161e-08, 0.311269 ]
Objective value for Line heur k = 70: 13081351.252196075
20
Actual reward of current solution: 46565236.72536222
Minimum Difference with past solutions:0.0.
New solution equals old solution at k=70
19
Total Reward at the start of the inner iterations: 46565236.72536222
Gurobi status: 2

Statistics for model Linearization Heuristic :
  Linear constraint matrix    : 4707 Constrs, 2970 Vars, 621507 NZs
  Matrix coefficient range    : [ 4.74988e-13, 1 ]
  Objective coefficient range : [ 4.07803e-20, 3.49877e+07 ]
  Variable bound range        : [ 0.05, 1 ]
  RHS coefficient range       : [ 5.30018e-08, 1 ]
Objective value for Line heur k = 71: 12731899.795105685
19
Actual reward of current solution: 46565236.72536222
Minimum Difference with past solutions:0.0.
New solution equals old solution at k=71
18
Total Reward at the start of the inner iterations: 46565236.72536222
Gurobi status: 2

Statistics for model Linearization Heuristic :
  Linear constraint matrix    : 4542 Constrs, 2880 Vars, 574503 NZs
  Matrix coefficient range    : [ 4.74988e-13, 1 ]
  Objective coefficient range : [ 4.07803e-20, 3.49877e+07 ]
  Variable bound range        : [ 0.05, 1 ]
  RHS coefficient range       : [ 5.29632e-08, 1 ]
Objective value for Line heur k = 72: 12380486.607012177
18
Actual reward of current solution: 46565236.72536222
Minimum Difference with past solutions:0.0.
New solution equals old solution at k=72
17
Total Reward at the start of the inner iterations: 46565236.72536222
Gurobi status: 2

Statistics for model Linearization Heuristic :
  Linear constraint matrix    : 4377 Constrs, 2790 Vars, 529038 NZs
  Matrix coefficient range    : [ 4.74988e-13, 1 ]
  Objective coefficient range : [ 4.07803e-20, 3.49877e+07 ]
  Variable bound range        : [ 0.05, 1 ]
  RHS coefficient range       : [ 5.2677e-08, 1 ]
Objective value for Line heur k = 73: 12027055.214764312
17
Actual reward of current solution: 46565236.72536222
Minimum Difference with past solutions:0.0.
New solution equals old solution at k=73
16
Total Reward at the start of the inner iterations: 46565236.72536222
Gurobi status: 2

Statistics for model Linearization Heuristic :
  Linear constraint matrix    : 4212 Constrs, 2700 Vars, 485112 NZs
  Matrix coefficient range    : [ 4.74988e-13, 1 ]
  Objective coefficient range : [ 4.07803e-20, 3.49877e+07 ]
  Variable bound range        : [ 0.05, 1 ]
  RHS coefficient range       : [ 5.21171e-08, 1 ]
Objective value for Line heur k = 74: 11671549.469034411
16
Actual reward of current solution: 46565236.72536222
Minimum Difference with past solutions:0.0.
New solution equals old solution at k=74
15
Total Reward at the start of the inner iterations: 46565236.72536222
Gurobi status: 2

Statistics for model Linearization Heuristic :
  Linear constraint matrix    : 4047 Constrs, 2610 Vars, 442725 NZs
  Matrix coefficient range    : [ 4.74988e-13, 1 ]
  Objective coefficient range : [ 4.07803e-20, 3.49877e+07 ]
  Variable bound range        : [ 0.05, 1 ]
  RHS coefficient range       : [ 5.12542e-08, 1 ]
Objective value for Line heur k = 75: 11313913.833276866
15
Actual reward of current solution: 46565236.72536222
Minimum Difference with past solutions:0.0.
New solution equals old solution at k=75
14
Total Reward at the start of the inner iterations: 46565236.72536222
Gurobi status: 2

Statistics for model Linearization Heuristic :
  Linear constraint matrix    : 3882 Constrs, 2520 Vars, 401877 NZs
  Matrix coefficient range    : [ 4.74988e-13, 1 ]
  Objective coefficient range : [ 4.07803e-20, 3.49877e+07 ]
  Variable bound range        : [ 0.05, 1 ]
  RHS coefficient range       : [ 5.00556e-08, 1 ]
Objective value for Line heur k = 76: 10954093.714086862
14
Actual reward of current solution: 46565236.72536222
Minimum Difference with past solutions:0.0.
New solution equals old solution at k=76
13
Total Reward at the start of the inner iterations: 46565236.72536222
Gurobi status: 2

Statistics for model Linearization Heuristic :
  Linear constraint matrix    : 3717 Constrs, 2430 Vars, 362568 NZs
  Matrix coefficient range    : [ 4.74988e-13, 1 ]
  Objective coefficient range : [ 4.07803e-20, 3.49877e+07 ]
  Variable bound range        : [ 0.05, 1 ]
  RHS coefficient range       : [ 4.8485e-08, 1 ]
Objective value for Line heur k = 77: 10592035.839677911
13
Actual reward of current solution: 46565236.72536222
Minimum Difference with past solutions:0.0.
New solution equals old solution at k=77
12
Total Reward at the start of the inner iterations: 46565236.72536222
Gurobi status: 2

Statistics for model Linearization Heuristic :
  Linear constraint matrix    : 3552 Constrs, 2340 Vars, 324798 NZs
  Matrix coefficient range    : [ 4.74988e-13, 1 ]
  Objective coefficient range : [ 4.07803e-20, 3.49877e+07 ]
  Variable bound range        : [ 0.05, 1 ]
  RHS coefficient range       : [ 3.87396e-08, 1 ]
Objective value for Line heur k = 78: 10227688.696287863
12
Actual reward of current solution: 46565236.72536222
Minimum Difference with past solutions:0.0.
New solution equals old solution at k=78
11
Total Reward at the start of the inner iterations: 46565236.72536222
Gurobi status: 2

Statistics for model Linearization Heuristic :
  Linear constraint matrix    : 3387 Constrs, 2250 Vars, 288567 NZs
  Matrix coefficient range    : [ 4.74988e-13, 1 ]
  Objective coefficient range : [ 4.07803e-20, 3.49877e+07 ]
  Variable bound range        : [ 0.05, 1 ]
  RHS coefficient range       : [ 1.82395e-08, 1 ]
Objective value for Line heur k = 79: 9861003.0387398
11
Actual reward of current solution: 46565236.72536222
Minimum Difference with past solutions:0.0.
New solution equals old solution at k=79
10
Total Reward at the start of the inner iterations: 46565236.72536222
Gurobi status: 2

Statistics for model Linearization Heuristic :
  Linear constraint matrix    : 3222 Constrs, 2160 Vars, 253875 NZs
  Matrix coefficient range    : [ 4.74988e-13, 1 ]
  Objective coefficient range : [ 4.07803e-20, 3.49877e+07 ]
  Variable bound range        : [ 0.05, 1 ]
  RHS coefficient range       : [ 1.47367e-08, 1 ]
Objective value for Line heur k = 80: 9491932.505305856
10
Actual reward of current solution: 46565236.72536222
Minimum Difference with past solutions:0.0.
New solution equals old solution at k=80
9
Total Reward at the start of the inner iterations: 46565236.72536222
Gurobi status: 2

Statistics for model Linearization Heuristic :
  Linear constraint matrix    : 3057 Constrs, 2070 Vars, 220722 NZs
  Matrix coefficient range    : [ 4.74988e-13, 1 ]
  Objective coefficient range : [ 4.07803e-20, 3.49877e+07 ]
  Variable bound range        : [ 0.05, 1 ]
  RHS coefficient range       : [ 1.18996e-07, 1 ]
Objective value for Line heur k = 81: 9120434.39796989
9
Actual reward of current solution: 46565236.72536222
Minimum Difference with past solutions:0.0.
New solution equals old solution at k=81
8
Total Reward at the start of the inner iterations: 46565236.72536222
Gurobi status: 2

Statistics for model Linearization Heuristic :
  Linear constraint matrix    : 2892 Constrs, 1980 Vars, 189108 NZs
  Matrix coefficient range    : [ 4.74988e-13, 1 ]
  Objective coefficient range : [ 4.07803e-20, 3.49877e+07 ]
  Variable bound range        : [ 0.05, 1 ]
  RHS coefficient range       : [ 3.02806e-09, 1 ]
Objective value for Line heur k = 82: 8746470.758848852
8
Actual reward of current solution: 46565236.72536222
Minimum Difference with past solutions:0.0.
New solution equals old solution at k=82
7
Total Reward at the start of the inner iterations: 46565236.72536222
Gurobi status: 2

Statistics for model Linearization Heuristic :
  Linear constraint matrix    : 2727 Constrs, 1890 Vars, 159033 NZs
  Matrix coefficient range    : [ 4.74988e-13, 1 ]
  Objective coefficient range : [ 4.07803e-20, 3.49877e+07 ]
  Variable bound range        : [ 0.05, 1 ]
  RHS coefficient range       : [ 3.07399e-07, 1 ]
Objective value for Line heur k = 83: 8370010.031319915
7
Actual reward of current solution: 46565236.72536222
Minimum Difference with past solutions:0.0.
New solution equals old solution at k=83
6
Total Reward at the start of the inner iterations: 46565236.72536222
Gurobi status: 2

Statistics for model Linearization Heuristic :
  Linear constraint matrix    : 2526 Constrs, 1800 Vars, 130479 NZs
  Matrix coefficient range    : [ 4.74988e-13, 1 ]
  Objective coefficient range : [ 4.07803e-20, 3.49877e+07 ]
  Variable bound range        : [ 0.05, 1 ]
  RHS coefficient range       : [ 6.12682e-07, 0.279556 ]
Objective value for Line heur k = 84: 7991029.95284165
6
Actual reward of current solution: 46565236.72536222
Minimum Difference with past solutions:0.0.
New solution equals old solution at k=84
5
Total Reward at the start of the inner iterations: 46565236.72536222
Gurobi status: 2

Statistics for model Linearization Heuristic :
  Linear constraint matrix    : 2415 Constrs, 1710 Vars, 103536 NZs
  Matrix coefficient range    : [ 4.74988e-13, 1 ]
  Objective coefficient range : [ 4.07803e-20, 3.49877e+07 ]
  Variable bound range        : [ 0.05, 1 ]
  RHS coefficient range       : [ 9.19912e-07, 1 ]
Objective value for Line heur k = 85: 7609523.141792339
5
Actual reward of current solution: 46565236.72536222
Minimum Difference with past solutions:0.0.
New solution equals old solution at k=85
4
Total Reward at the start of the inner iterations: 46565236.72536222
Gurobi status: 2

Statistics for model Linearization Heuristic :
  Linear constraint matrix    : 2250 Constrs, 1620 Vars, 78078 NZs
  Matrix coefficient range    : [ 4.74988e-13, 1 ]
  Objective coefficient range : [ 7.65153e-19, 3.49877e+07 ]
  Variable bound range        : [ 0.05, 1 ]
  RHS coefficient range       : [ 1.23146e-06, 1 ]
Objective value for Line heur k = 86: 7225508.6961816875
4
Actual reward of current solution: 46565236.72536222
Minimum Difference with past solutions:0.0.
New solution equals old solution at k=86
3
Total Reward at the start of the inner iterations: 46565236.72536222
Gurobi status: 2

Statistics for model Linearization Heuristic :
  Linear constraint matrix    : 2085 Constrs, 1530 Vars, 54159 NZs
  Matrix coefficient range    : [ 4.74988e-13, 1 ]
  Objective coefficient range : [ 7.74596e-19, 3.49877e+07 ]
  Variable bound range        : [ 0.05, 1 ]
  RHS coefficient range       : [ 1.55276e-06, 1 ]
Objective value for Line heur k = 87: 6839057.345273819
3
Actual reward of current solution: 46565236.72536222
Minimum Difference with past solutions:0.0.
New solution equals old solution at k=87
2
Total Reward at the start of the inner iterations: 46565236.72536222
Gurobi status: 2

Statistics for model Linearization Heuristic :
  Linear constraint matrix    : 1920 Constrs, 1440 Vars, 31779 NZs
  Matrix coefficient range    : [ 1.45254e-11, 1 ]
  Objective coefficient range : [ 7.74596e-19, 3.49877e+07 ]
  Variable bound range        : [ 0.05, 1 ]
  RHS coefficient range       : [ 1.89617e-06, 1 ]
Objective value for Line heur k = 88: 6450347.30591263
2
Actual reward of current solution: 46565236.72536222
Minimum Difference with past solutions:0.0.
New solution equals old solution at k=88
1
Total Reward at the start of the inner iterations: 46565236.72536222
Gurobi status: 2

Statistics for model Linearization Heuristic :
  Linear constraint matrix    : 1755 Constrs, 1350 Vars, 15654 NZs
  Matrix coefficient range    : [ 1.87555e-11, 1 ]
  Objective coefficient range : [ 4.44089e-16, 3.49877e+07 ]
  Variable bound range        : [ 0.05, 1 ]
  RHS coefficient range       : [ 2.2899e-06, 1 ]
Objective value for Line heur k = 89: 6059789.861608259
1
Actual reward of current solution: 46565236.72536222
Minimum Difference with past solutions:0.0.
New solution equals old solution at k=89
0
Total Reward at the start of the inner iterations: 46565236.72536222
Gurobi status: 2

Statistics for model Linearization Heuristic :
  Linear constraint matrix    : 1554 Constrs, 1260 Vars, 2709 NZs
  Matrix coefficient range    : [ 0.288979, 1 ]
  Objective coefficient range : [ 4.44089e-16, 3.49877e+07 ]
  Variable bound range        : [ 0.05, 1 ]
  RHS coefficient range       : [ 2.79821e-06, 0.269795 ]
Objective value for Line heur k = 90: 5668313.417780135
0
Actual reward of current solution: 46565236.72536222
Minimum Difference with past solutions:0.0.
New solution equals old solution at k=90
0
Total Reward at the start of the inner iterations: 46565236.72536222
Gurobi status: 2

Statistics for model Linearization Heuristic :
  Linear constraint matrix    : 1443 Constrs, 1170 Vars, 2457 NZs
  Matrix coefficient range    : [ 0.317935, 1 ]
  Objective coefficient range : [ 4.44089e-16, 3.49877e+07 ]
  Variable bound range        : [ 0.05, 1 ]
  RHS coefficient range       : [ 2.79821e-06, 0.269795 ]
Objective value for Line heur k = 91: 5263418.246776829
0
Actual reward of current solution: 46565236.72536222
Minimum Difference with past solutions:0.0.
New solution equals old solution at k=91
0
Total Reward at the start of the inner iterations: 46565236.72536222
Gurobi status: 2

Statistics for model Linearization Heuristic :
  Linear constraint matrix    : 1332 Constrs, 1080 Vars, 2214 NZs
  Matrix coefficient range    : [ 0.349792, 1 ]
  Objective coefficient range : [ 4.44089e-16, 3.49877e+07 ]
  Variable bound range        : [ 0.05, 1 ]
  RHS coefficient range       : [ 2.79821e-06, 0.269795 ]
Objective value for Line heur k = 92: 4858526.178040667
0
Actual reward of current solution: 46565236.72536222
Minimum Difference with past solutions:0.0.
New solution equals old solution at k=92
0
Total Reward at the start of the inner iterations: 46565236.72536222
Gurobi status: 2

Statistics for model Linearization Heuristic :
  Linear constraint matrix    : 1221 Constrs, 990 Vars, 1980 NZs
  Matrix coefficient range    : [ 0.384842, 1 ]
  Objective coefficient range : [ 4.44089e-16, 3.49877e+07 ]
  Variable bound range        : [ 0.05, 1 ]
  RHS coefficient range       : [ 2.79821e-06, 0.269795 ]
Objective value for Line heur k = 93: 4453637.34333166
0
Actual reward of current solution: 46565236.72536222
Minimum Difference with past solutions:0.0.
New solution equals old solution at k=93
0
Total Reward at the start of the inner iterations: 46565236.72536222
Gurobi status: 2

Statistics for model Linearization Heuristic :
  Linear constraint matrix    : 1110 Constrs, 900 Vars, 1755 NZs
  Matrix coefficient range    : [ 0.423403, 1 ]
  Objective coefficient range : [ 4.44089e-16, 3.49877e+07 ]
  Variable bound range        : [ 0.05, 1 ]
  RHS coefficient range       : [ 2.79821e-06, 0.269795 ]
Objective value for Line heur k = 94: 4048751.614638093
0
Actual reward of current solution: 46565236.72536222
Minimum Difference with past solutions:0.0.
New solution equals old solution at k=94
0
Total Reward at the start of the inner iterations: 46565236.72536222
Gurobi status: 2

Statistics for model Linearization Heuristic :
  Linear constraint matrix    : 999 Constrs, 810 Vars, 1539 NZs
  Matrix coefficient range    : [ 0.465828, 1 ]
  Objective coefficient range : [ 4.44089e-16, 3.49877e+07 ]
  Variable bound range        : [ 0.05, 1 ]
  RHS coefficient range       : [ 2.79821e-06, 0.269795 ]
Objective value for Line heur k = 95: 3643868.725827416
0
Actual reward of current solution: 46565236.72536222
Minimum Difference with past solutions:0.0.
New solution equals old solution at k=95
0
Total Reward at the start of the inner iterations: 46565236.72536222
Gurobi status: 2

Statistics for model Linearization Heuristic :
  Linear constraint matrix    : 888 Constrs, 720 Vars, 1332 NZs
  Matrix coefficient range    : [ 0.512504, 1 ]
  Objective coefficient range : [ 4.44089e-16, 3.49877e+07 ]
  Variable bound range        : [ 0.05, 1 ]
  RHS coefficient range       : [ 2.79821e-06, 0.269795 ]
Objective value for Line heur k = 96: 3238988.3497073995
0
Actual reward of current solution: 46565236.72536222
Minimum Difference with past solutions:0.0.
New solution equals old solution at k=96
0
Total Reward at the start of the inner iterations: 46565236.72536222
Gurobi status: 2

Statistics for model Linearization Heuristic :
  Linear constraint matrix    : 777 Constrs, 630 Vars, 1134 NZs
  Matrix coefficient range    : [ 0.563857, 1 ]
  Objective coefficient range : [ 4.44089e-16, 3.49877e+07 ]
  Variable bound range        : [ 0.05, 1 ]
  RHS coefficient range       : [ 2.79821e-06, 0.269795 ]
Objective value for Line heur k = 97: 2834110.145189249
0
Actual reward of current solution: 46565236.72536222
Minimum Difference with past solutions:0.0.
New solution equals old solution at k=97
0
Total Reward at the start of the inner iterations: 46565236.72536222
Gurobi status: 2

Statistics for model Linearization Heuristic :
  Linear constraint matrix    : 666 Constrs, 540 Vars, 945 NZs
  Matrix coefficient range    : [ 0.620356, 1 ]
  Objective coefficient range : [ 4.44089e-16, 3.49877e+07 ]
  Variable bound range        : [ 0.05, 1 ]
  RHS coefficient range       : [ 2.79821e-06, 0.269795 ]
Objective value for Line heur k = 98: 2429233.7846853887
0
Actual reward of current solution: 46565236.72536222
Minimum Difference with past solutions:0.0.
New solution equals old solution at k=98
0
Total Reward at the start of the inner iterations: 46565236.72536222
Gurobi status: 2

Statistics for model Linearization Heuristic :
  Linear constraint matrix    : 555 Constrs, 450 Vars, 765 NZs
  Matrix coefficient range    : [ 0.682516, 1 ]
  Objective coefficient range : [ 4.44089e-16, 3.49877e+07 ]
  Variable bound range        : [ 0.05, 1 ]
  RHS coefficient range       : [ 2.79821e-06, 0.269795 ]
Objective value for Line heur k = 99: 2024358.9686769184
0
Actual reward of current solution: 46565236.72536222
Minimum Difference with past solutions:0.0.
New solution equals old solution at k=99
0
Total Reward at the start of the inner iterations: 46565236.72536222
Gurobi status: 2

Statistics for model Linearization Heuristic :
  Linear constraint matrix    : 444 Constrs, 360 Vars, 594 NZs
  Matrix coefficient range    : [ 0.750904, 1 ]
  Objective coefficient range : [ 4.44089e-16, 3.49877e+07 ]
  Variable bound range        : [ 0.05, 1 ]
  RHS coefficient range       : [ 2.79821e-06, 0.269795 ]
Objective value for Line heur k = 100: 1619485.4321534953
0
Actual reward of current solution: 46565236.72536222
Minimum Difference with past solutions:0.0.
New solution equals old solution at k=100
0
Total Reward at the start of the inner iterations: 46565236.72536222
Gurobi status: 2

Statistics for model Linearization Heuristic :
  Linear constraint matrix    : 333 Constrs, 270 Vars, 432 NZs
  Matrix coefficient range    : [ 0.826145, 1 ]
  Objective coefficient range : [ 4.44089e-16, 3.49877e+07 ]
  Variable bound range        : [ 0.05, 1 ]
  RHS coefficient range       : [ 2.79821e-06, 0.269795 ]
Objective value for Line heur k = 101: 1214612.9460789885
0
Actual reward of current solution: 46565236.72536222
Minimum Difference with past solutions:0.0.
New solution equals old solution at k=101
0
Total Reward at the start of the inner iterations: 46565236.72536222
Gurobi status: 2

Statistics for model Linearization Heuristic :
  Linear constraint matrix    : 222 Constrs, 180 Vars, 279 NZs
  Matrix coefficient range    : [ 0.908925, 1 ]
  Objective coefficient range : [ 0.0122328, 3.49877e+07 ]
  Variable bound range        : [ 0.05, 1 ]
  RHS coefficient range       : [ 2.79821e-06, 0.269795 ]
Objective value for Line heur k = 102: 809741.3159675197
0
Actual reward of current solution: 46565236.72536222
Minimum Difference with past solutions:0.0.
New solution equals old solution at k=102
0
Total Reward at the start of the inner iterations: 46565236.72536222
Gurobi status: 2

Statistics for model Linearization Heuristic :
  Linear constraint matrix    : 111 Constrs, 90 Vars, 135 NZs
  Matrix coefficient range    : [ 1, 1 ]
  Objective coefficient range : [ 3771.85, 3.49877e+07 ]
  Variable bound range        : [ 0.05, 1 ]
  RHS coefficient range       : [ 2.79821e-06, 0.269795 ]
Objective value for Line heur k = 103: 404870.37892308633
0
Actual reward of current solution: 46565236.72536222
Minimum Difference with past solutions:0.0.
New solution equals old solution at k=103
Total running time for 90 days is 944.5689511299133
Economic Value: 50222584.13840671
Deaths 0.12122151103597655
Total Reward 46565236.72536222
