1080
(0.5, 3719903.0, 0.26, 6.0, (7, 14), 'fitted-scaled', 'econ-scaled', '60days-scaled', 0.2, 0.05, 2, 'dynamic_gradient')
90
Total Reward at the start of the inner iterations: 45121375.7309987
Using license file /share/software/user/restricted/gurobi/9.0.3_py36/licenses/gurobi.lic
Set parameter TokenServer to value license4.stanford.edu
Gurobi status: 2

Statistics for model Linearization Heuristic :
  Linear constraint matrix    : 17520 Constrs, 9360 Vars, 6053667 NZs
  Matrix coefficient range    : [ 1.00825e-13, 1 ]
  Objective coefficient range : [ 8.63368e-20, 8.94835e+06 ]
  Variable bound range        : [ 0.00194019, 1 ]
  RHS coefficient range       : [ 8.23864e-06, 6 ]
Objective value for Line heur k = 0: 27450230.828517452
90
Actual reward of current solution: 45005767.33454206
Minimum Difference with past solutions:0.15000000000000008.
Gurobi status: 2

Statistics for model Linearization Heuristic :
  Linear constraint matrix    : 17520 Constrs, 9360 Vars, 7807111 NZs
  Matrix coefficient range    : [ 1.00014e-13, 1 ]
  Objective coefficient range : [ 6.00756e-20, 8.94835e+06 ]
  Variable bound range        : [ 0.000844207, 1.26667 ]
  RHS coefficient range       : [ 8.02983e-06, 6 ]
Objective value for Line heur k = 0: 27402199.771126844
90
Actual reward of current solution: 45046290.94736836
Minimum Difference with past solutions:0.15000000000000008.
Gurobi status: 2

Statistics for model Linearization Heuristic :
  Linear constraint matrix    : 17520 Constrs, 9360 Vars, 7678150 NZs
  Matrix coefficient range    : [ 1.00005e-13, 1 ]
  Objective coefficient range : [ 5.23613e-21, 8.94835e+06 ]
  Variable bound range        : [ 0.00582643, 1.56667 ]
  RHS coefficient range       : [ 6.82187e-06, 6 ]
Objective value for Line heur k = 0: 28187992.169285875
90
Actual reward of current solution: 44981587.399684474
Minimum Difference with past solutions:0.15000000000000008.
Gurobi status: 2

Statistics for model Linearization Heuristic :
  Linear constraint matrix    : 17520 Constrs, 9360 Vars, 7583077 NZs
  Matrix coefficient range    : [ 1.00038e-13, 1 ]
  Objective coefficient range : [ 1.08602e-20, 8.94835e+06 ]
  Variable bound range        : [ 0.05, 1.86667 ]
  RHS coefficient range       : [ 4.21061e-06, 6 ]
Objective value for Line heur k = 0: 27771256.080832288
90
Actual reward of current solution: 45127019.99363323
Minimum Difference with past solutions:0.15000000000000016.
Gurobi status: 2

Statistics for model Linearization Heuristic :
  Linear constraint matrix    : 17520 Constrs, 9360 Vars, 7338157 NZs
  Matrix coefficient range    : [ 1.00164e-13, 1 ]
  Objective coefficient range : [ 4.85383e-19, 8.94835e+06 ]
  Variable bound range        : [ 0.05, 2.16667 ]
  RHS coefficient range       : [ 3.19312e-06, 6 ]
Objective value for Line heur k = 0: 27346884.40914998
90
Actual reward of current solution: 44948242.63310514
Minimum Difference with past solutions:0.15000000000000013.
Gurobi status: 2

Statistics for model Linearization Heuristic :
  Linear constraint matrix    : 17520 Constrs, 9360 Vars, 7496375 NZs
  Matrix coefficient range    : [ 1.00114e-13, 1 ]
  Objective coefficient range : [ 5.99949e-18, 8.94835e+06 ]
  Variable bound range        : [ 1.38778e-17, 2.46667 ]
  RHS coefficient range       : [ 6.74226e-06, 6 ]
Objective value for Line heur k = 0: 26443955.565892316
90
Actual reward of current solution: 45259813.61312263
Minimum Difference with past solutions:0.15000000000000013.
Gurobi status: 2

Statistics for model Linearization Heuristic :
  Linear constraint matrix    : 17520 Constrs, 9360 Vars, 7213083 NZs
  Matrix coefficient range    : [ 1.00185e-13, 9.23282e+08 ]
  Objective coefficient range : [ 1.88625e-18, 3.74542e+15 ]
  Variable bound range        : [ 0.00868662, 2.76667 ]
  RHS coefficient range       : [ 6.08529e-06, 6 ]
Objective value for Line heur k = 0: 26442105.549725115
90
Actual reward of current solution: 45072169.70137678
Minimum Difference with past solutions:0.15000000000000013.
Gurobi status: 2

Statistics for model Linearization Heuristic :
  Linear constraint matrix    : 17520 Constrs, 9360 Vars, 7302795 NZs
  Matrix coefficient range    : [ 1.00134e-13, 1 ]
  Objective coefficient range : [ 1.07746e-18, 8.94835e+06 ]
  Variable bound range        : [ 1.38778e-17, 3.06667 ]
  RHS coefficient range       : [ 4.56517e-06, 6 ]
Objective value for Line heur k = 0: 26124646.77609443
90
Actual reward of current solution: 45240320.30846371
Minimum Difference with past solutions:0.15000000000000016.
Gurobi status: 2

Statistics for model Linearization Heuristic :
  Linear constraint matrix    : 17520 Constrs, 9360 Vars, 7081243 NZs
  Matrix coefficient range    : [ 1.00097e-13, 3.45074e+08 ]
  Objective coefficient range : [ 1.138e-17, 2.5234e+15 ]
  Variable bound range        : [ 0.05, 3.36667 ]
  RHS coefficient range       : [ 2.31692e-06, 6 ]
Objective value for Line heur k = 0: 26395479.49021787
90
Actual reward of current solution: 45037893.808004946
Minimum Difference with past solutions:0.15000000000000013.
Gurobi status: 2

Statistics for model Linearization Heuristic :
  Linear constraint matrix    : 17520 Constrs, 9360 Vars, 7227472 NZs
  Matrix coefficient range    : [ 1.00005e-13, 1 ]
  Objective coefficient range : [ 2.22997e-19, 8.94835e+06 ]
  Variable bound range        : [ 1.38778e-17, 3.66667 ]
  RHS coefficient range       : [ 6.03417e-06, 6 ]
Objective value for Line heur k = 0: 26170707.07191335
90
Actual reward of current solution: 45124496.64936454
Minimum Difference with past solutions:0.1500000000000001.
Gurobi status: 2

Statistics for model Linearization Heuristic :
  Linear constraint matrix    : 17520 Constrs, 9360 Vars, 7081853 NZs
  Matrix coefficient range    : [ 1.03013e-13, 1.10604e+09 ]
  Objective coefficient range : [ 7.84892e-18, 5.60251e+15 ]
  Variable bound range        : [ 0.05, 3.96667 ]
  RHS coefficient range       : [ 1.02419e-06, 6 ]
Objective value for Line heur k = 0: 26236739.369356964
90
Actual reward of current solution: 45040184.14542322
Minimum Difference with past solutions:0.15000000000000016.
Gurobi status: 2

Statistics for model Linearization Heuristic :
  Linear constraint matrix    : 17520 Constrs, 9360 Vars, 7133349 NZs
  Matrix coefficient range    : [ 1.00794e-13, 1 ]
  Objective coefficient range : [ 5.52065e-18, 8.94835e+06 ]
  Variable bound range        : [ 1.38778e-17, 4.26667 ]
  RHS coefficient range       : [ 2.9625e-06, 6 ]
Objective value for Line heur k = 0: 26328244.966217563
90
Actual reward of current solution: 45007674.23631635
Minimum Difference with past solutions:0.1500000000000002.
Gurobi status: 2

Statistics for model Linearization Heuristic :
  Linear constraint matrix    : 17520 Constrs, 9360 Vars, 6976678 NZs
  Matrix coefficient range    : [ 1.00124e-13, 8.01001e+08 ]
  Objective coefficient range : [ 3.55366e-18, 3.64499e+15 ]
  Variable bound range        : [ 0.0145183, 4.56667 ]
  RHS coefficient range       : [ 2.46644e-06, 6 ]
Objective value for Line heur k = 0: 26092228.59463024
90
Actual reward of current solution: 45024461.464875914
Minimum Difference with past solutions:0.1500000000000003.
Gurobi status: 2

Statistics for model Linearization Heuristic :
  Linear constraint matrix    : 17520 Constrs, 9360 Vars, 7004647 NZs
  Matrix coefficient range    : [ 1.00404e-13, 1 ]
  Objective coefficient range : [ 2.25146e-18, 8.94835e+06 ]
  Variable bound range        : [ 1.38778e-17, 4.86667 ]
  RHS coefficient range       : [ 3.62343e-06, 6 ]
Objective value for Line heur k = 0: 26530141.54689116
90
Actual reward of current solution: 44679274.24210786
Minimum Difference with past solutions:0.15000000000000044.
Gurobi status: 2

Statistics for model Linearization Heuristic :
  Linear constraint matrix    : 17520 Constrs, 9360 Vars, 7011996 NZs
  Matrix coefficient range    : [ 1.00028e-13, 1 ]
  Objective coefficient range : [ 3.8322e-19, 8.94835e+06 ]
  Variable bound range        : [ 0.05, 5.16667 ]
  RHS coefficient range       : [ 6.8448e-06, 6 ]
Objective value for Line heur k = 0: 25329540.217799652
90
Actual reward of current solution: 45038167.213468574
Minimum Difference with past solutions:0.1500000000000003.
Gurobi status: 2

Statistics for model Linearization Heuristic :
  Linear constraint matrix    : 17520 Constrs, 9360 Vars, 6962593 NZs
  Matrix coefficient range    : [ 1.01558e-13, 1 ]
  Objective coefficient range : [ 3.6765e-18, 8.94835e+06 ]
  Variable bound range        : [ 1.38778e-17, 5.46667 ]
  RHS coefficient range       : [ 1.04477e-05, 6 ]
Objective value for Line heur k = 0: 26782665.910358887
90
Actual reward of current solution: 44553301.01263796
Minimum Difference with past solutions:0.15000000000000008.
Gurobi status: 2

Statistics for model Linearization Heuristic :
  Linear constraint matrix    : 17520 Constrs, 9360 Vars, 6982628 NZs
  Matrix coefficient range    : [ 1.01137e-13, 2.31708e+08 ]
  Objective coefficient range : [ 6.29172e-18, 1.30745e+15 ]
  Variable bound range        : [ 6.66134e-16, 5.76667 ]
  RHS coefficient range       : [ 1.13812e-05, 6 ]
Objective value for Line heur k = 0: 26518156.875846718
90
Actual reward of current solution: 44318258.06322089
Minimum Difference with past solutions:0.15000000000000013.
Gurobi status: 2

Statistics for model Linearization Heuristic :
  Linear constraint matrix    : 17520 Constrs, 9360 Vars, 7101958 NZs
  Matrix coefficient range    : [ 1.0222e-13, 1 ]
  Objective coefficient range : [ 7.06699e-18, 8.94835e+06 ]
  Variable bound range        : [ 1.38778e-17, 6 ]
  RHS coefficient range       : [ 1.13326e-05, 6 ]
Objective value for Line heur k = 0: 25295984.389498655
90
Actual reward of current solution: 44582350.05087913
Minimum Difference with past solutions:0.15000000000000013.
Gurobi status: 2

Statistics for model Linearization Heuristic :
  Linear constraint matrix    : 17520 Constrs, 9360 Vars, 6955433 NZs
  Matrix coefficient range    : [ 1.06687e-13, 7.23917e+08 ]
  Objective coefficient range : [ 3.59031e-17, 3.92597e+15 ]
  Variable bound range        : [ 0.05, 6 ]
  RHS coefficient range       : [ 3.95457e-06, 6 ]
Objective value for Line heur k = 0: 25685155.243662555
90
Actual reward of current solution: 44907667.28147239
Minimum Difference with past solutions:0.15000000000000016.
Gurobi status: 2

Statistics for model Linearization Heuristic :
  Linear constraint matrix    : 17520 Constrs, 9360 Vars, 6894305 NZs
  Matrix coefficient range    : [ 1.01953e-13, 1 ]
  Objective coefficient range : [ 5.21834e-18, 8.94835e+06 ]
  Variable bound range        : [ 1.38778e-17, 6 ]
  RHS coefficient range       : [ 1.27544e-05, 6 ]
Objective value for Line heur k = 0: 26941903.274786565
90
Actual reward of current solution: 44199719.448457964
Minimum Difference with past solutions:0.1500000000000001.
Gurobi status: 2

Statistics for model Linearization Heuristic :
  Linear constraint matrix    : 17520 Constrs, 9360 Vars, 6995958 NZs
  Matrix coefficient range    : [ 1.05977e-13, 1 ]
  Objective coefficient range : [ 7.29654e-18, 8.94835e+06 ]
  Variable bound range        : [ 0.05, 6 ]
  RHS coefficient range       : [ 9.59076e-08, 6 ]
Objective value for Line heur k = 0: 24714081.20462484
90
Actual reward of current solution: 44956530.970167086
Minimum Difference with past solutions:0.1500000000000002.
Gurobi status: 2

Statistics for model Linearization Heuristic :
  Linear constraint matrix    : 17520 Constrs, 9360 Vars, 6944258 NZs
  Matrix coefficient range    : [ 1.09272e-13, 1 ]
  Objective coefficient range : [ 6.89843e-18, 8.94835e+06 ]
  Variable bound range        : [ 1.38778e-17, 6 ]
  RHS coefficient range       : [ 7.33444e-06, 6 ]
Objective value for Line heur k = 0: 27050463.6585297
90
Actual reward of current solution: 44304203.846121445
Minimum Difference with past solutions:0.1500000000000002.
Gurobi status: 2

Statistics for model Linearization Heuristic :
  Linear constraint matrix    : 17520 Constrs, 9360 Vars, 6956385 NZs
  Matrix coefficient range    : [ 1.08484e-13, 6.32403e+08 ]
  Objective coefficient range : [ 2.38049e-18, 2.91532e+15 ]
  Variable bound range        : [ 0.0241984, 6 ]
  RHS coefficient range       : [ 1.32044e-06, 6 ]
Objective value for Line heur k = 0: 24854342.626670968
90
Actual reward of current solution: 44983208.15843852
Minimum Difference with past solutions:0.15000000000000008.
Gurobi status: 2

Statistics for model Linearization Heuristic :
  Linear constraint matrix    : 17520 Constrs, 9360 Vars, 6898148 NZs
  Matrix coefficient range    : [ 1.10519e-13, 1 ]
  Objective coefficient range : [ 1.12662e-17, 8.94835e+06 ]
  Variable bound range        : [ 1.38778e-17, 6 ]
  RHS coefficient range       : [ 6.88367e-06, 6 ]
Objective value for Line heur k = 0: 27161945.532793656
90
Actual reward of current solution: 44351360.16126833
Minimum Difference with past solutions:0.1500000000000001.
Gurobi status: 2

Statistics for model Linearization Heuristic :
  Linear constraint matrix    : 17520 Constrs, 9360 Vars, 6955613 NZs
  Matrix coefficient range    : [ 1.06721e-13, 1 ]
  Objective coefficient range : [ 1.81565e-18, 8.94835e+06 ]
  Variable bound range        : [ 0.05, 6 ]
  RHS coefficient range       : [ 1.87597e-06, 6 ]
Objective value for Line heur k = 0: 24996547.268551197
90
Actual reward of current solution: 44992103.642703176
Minimum Difference with past solutions:0.1500000000000002.
Gurobi status: 2

Statistics for model Linearization Heuristic :
  Linear constraint matrix    : 17520 Constrs, 9360 Vars, 6882991 NZs
  Matrix coefficient range    : [ 1.24805e-13, 1 ]
  Objective coefficient range : [ 1.52396e-18, 8.94835e+06 ]
  Variable bound range        : [ 1.38778e-17, 6 ]
  RHS coefficient range       : [ 1.22803e-05, 6 ]
Objective value for Line heur k = 0: 27005130.40595981
90
Actual reward of current solution: 44341022.29799591
Minimum Difference with past solutions:0.1500000000000002.
Gurobi status: 2

Statistics for model Linearization Heuristic :
  Linear constraint matrix    : 17520 Constrs, 9360 Vars, 6955613 NZs
  Matrix coefficient range    : [ 1.5294e-13, 1 ]
  Objective coefficient range : [ 4.01477e-18, 8.94835e+06 ]
  Variable bound range        : [ 0.05, 6 ]
  RHS coefficient range       : [ 1.94689e-06, 6 ]
Objective value for Line heur k = 0: 24928770.86307456
90
Actual reward of current solution: 44993659.790840276
Minimum Difference with past solutions:0.1500000000000002.
Gurobi status: 2

Statistics for model Linearization Heuristic :
  Linear constraint matrix    : 17520 Constrs, 9360 Vars, 6827855 NZs
  Matrix coefficient range    : [ 1.67182e-13, 1 ]
  Objective coefficient range : [ 1.16447e-17, 8.94835e+06 ]
  Variable bound range        : [ 1.38778e-17, 6 ]
  RHS coefficient range       : [ 1.18038e-05, 6 ]
Objective value for Line heur k = 0: 27003540.067744628
90
Actual reward of current solution: 44326330.2300168
Minimum Difference with past solutions:0.1500000000000003.
Gurobi status: 2

Statistics for model Linearization Heuristic :
  Linear constraint matrix    : 17520 Constrs, 9360 Vars, 6955612 NZs
  Matrix coefficient range    : [ 1.93364e-13, 1 ]
  Objective coefficient range : [ 1.27234e-18, 8.94835e+06 ]
  Variable bound range        : [ 0.05, 6 ]
  RHS coefficient range       : [ 2.10656e-06, 6 ]
Objective value for Line heur k = 0: 24878966.20613296
90
Actual reward of current solution: 44994264.09571345
Minimum Difference with past solutions:0.1500000000000002.
Gurobi status: 2

Statistics for model Linearization Heuristic :
  Linear constraint matrix    : 17520 Constrs, 9360 Vars, 6817614 NZs
  Matrix coefficient range    : [ 1.13347e-13, 1 ]
  Objective coefficient range : [ 3.72276e-18, 8.94835e+06 ]
  Variable bound range        : [ 1.38778e-17, 6 ]
  RHS coefficient range       : [ 1.16447e-05, 6 ]
Objective value for Line heur k = 0: 27005679.914289836
90
Actual reward of current solution: 44329593.36402768
Minimum Difference with past solutions:0.1500000000000002.
Gurobi status: 2

Statistics for model Linearization Heuristic :
  Linear constraint matrix    : 17520 Constrs, 9360 Vars, 6955613 NZs
  Matrix coefficient range    : [ 1.06243e-13, 1 ]
  Objective coefficient range : [ 1.599e-19, 8.94835e+06 ]
  Variable bound range        : [ 0.05, 6 ]
  RHS coefficient range       : [ 2.10656e-06, 6 ]
Objective value for Line heur k = 0: 24866403.214981344
90
Actual reward of current solution: 44995766.577865265
Minimum Difference with past solutions:0.1500000000000002.
Gurobi status: 2

Statistics for model Linearization Heuristic :
  Linear constraint matrix    : 17520 Constrs, 9360 Vars, 6817613 NZs
  Matrix coefficient range    : [ 1.83545e-13, 1 ]
  Objective coefficient range : [ 7.75418e-20, 8.94835e+06 ]
  Variable bound range        : [ 1.38778e-17, 6 ]
  RHS coefficient range       : [ 1.16447e-05, 6 ]
Objective value for Line heur k = 0: 26997441.487197556
90
Actual reward of current solution: 44331165.79598682
Minimum Difference with past solutions:0.1500000000000002.
Gurobi status: 2

Statistics for model Linearization Heuristic :
  Linear constraint matrix    : 17520 Constrs, 9360 Vars, 6955613 NZs
  Matrix coefficient range    : [ 1.58181e-13, 1 ]
  Objective coefficient range : [ 3.34093e-19, 8.94835e+06 ]
  Variable bound range        : [ 0.05, 6 ]
  RHS coefficient range       : [ 2.10656e-06, 6 ]
Objective value for Line heur k = 0: 24861813.167753648
90
Actual reward of current solution: 44992098.60917886
Minimum Difference with past solutions:0.1500000000000002.
Gurobi status: 2

Statistics for model Linearization Heuristic :
  Linear constraint matrix    : 17520 Constrs, 9360 Vars, 6817612 NZs
  Matrix coefficient range    : [ 1.45329e-13, 1 ]
  Objective coefficient range : [ 6.31755e-19, 8.94835e+06 ]
  Variable bound range        : [ 1.38778e-17, 6 ]
  RHS coefficient range       : [ 1.16447e-05, 6 ]
Objective value for Line heur k = 0: 26996752.41510608
90
Actual reward of current solution: 44332672.053055674
Minimum Difference with past solutions:0.1500000000000002.
Gurobi status: 2

Statistics for model Linearization Heuristic :
  Linear constraint matrix    : 17520 Constrs, 9360 Vars, 6955613 NZs
  Matrix coefficient range    : [ 2.13834e-13, 1 ]
  Objective coefficient range : [ 8.55034e-19, 8.94835e+06 ]
  Variable bound range        : [ 0.05, 6 ]
  RHS coefficient range       : [ 2.10656e-06, 6 ]
Objective value for Line heur k = 0: 24857547.98346137
90
Actual reward of current solution: 44993234.15916664
Minimum Difference with past solutions:0.1500000000000002.
Gurobi status: 2

Statistics for model Linearization Heuristic :
  Linear constraint matrix    : 17520 Constrs, 9360 Vars, 6817614 NZs
  Matrix coefficient range    : [ 1.32015e-13, 1 ]
  Objective coefficient range : [ 5.40665e-19, 8.94835e+06 ]
  Variable bound range        : [ 1.38778e-17, 6 ]
  RHS coefficient range       : [ 1.16447e-05, 6 ]
Objective value for Line heur k = 0: 26992913.506270267
90
Actual reward of current solution: 44334112.892782174
Minimum Difference with past solutions:0.1500000000000002.
Gurobi status: 2

Statistics for model Linearization Heuristic :
  Linear constraint matrix    : 17520 Constrs, 9360 Vars, 6955613 NZs
  Matrix coefficient range    : [ 2.03583e-13, 1 ]
  Objective coefficient range : [ 4.51065e-20, 8.94835e+06 ]
  Variable bound range        : [ 0.05, 6 ]
  RHS coefficient range       : [ 2.10656e-06, 6 ]
Objective value for Line heur k = 0: 24853562.78215523
90
Actual reward of current solution: 44994317.505190216
Minimum Difference with past solutions:0.1500000000000002.
Gurobi status: 2

Statistics for model Linearization Heuristic :
  Linear constraint matrix    : 17520 Constrs, 9360 Vars, 6817612 NZs
  Matrix coefficient range    : [ 1.32797e-13, 1 ]
  Objective coefficient range : [ 3.69336e-18, 8.94835e+06 ]
  Variable bound range        : [ 1.38778e-17, 6 ]
  RHS coefficient range       : [ 1.16447e-05, 6 ]
Objective value for Line heur k = 0: 26989317.459678315
90
Actual reward of current solution: 44335489.1461517
Minimum Difference with past solutions:0.1500000000000002.
Gurobi status: 2

Statistics for model Linearization Heuristic :
  Linear constraint matrix    : 17520 Constrs, 9360 Vars, 6955610 NZs
  Matrix coefficient range    : [ 1.06466e-13, 1 ]
  Objective coefficient range : [ 2.16228e-18, 8.94835e+06 ]
  Variable bound range        : [ 1.55431e-15, 6 ]
  RHS coefficient range       : [ 2.10656e-06, 6 ]
Objective value for Line heur k = 0: 24849836.711403523
90
Actual reward of current solution: 44995349.50760538
Minimum Difference with past solutions:0.15000000000000044.
Gurobi status: 2

Statistics for model Linearization Heuristic :
  Linear constraint matrix    : 17520 Constrs, 9360 Vars, 6817615 NZs
  Matrix coefficient range    : [ 1.3843e-13, 1 ]
  Objective coefficient range : [ 2.65064e-18, 8.94835e+06 ]
  Variable bound range        : [ 1.38778e-17, 6 ]
  RHS coefficient range       : [ 1.16447e-05, 6 ]
Objective value for Line heur k = 0: 26985808.48267511
90
Actual reward of current solution: 44336153.32969216
Minimum Difference with past solutions:0.1500000000000002.
89
Total Reward at the start of the inner iterations: 45259813.61312263
Gurobi status: 2

Statistics for model Linearization Heuristic :
  Linear constraint matrix    : 17409 Constrs, 9270 Vars, 7074944 NZs
  Matrix coefficient range    : [ 1.00185e-13, 2.54373e+08 ]
  Objective coefficient range : [ 1.88625e-18, 1.88441e+15 ]
  Variable bound range        : [ 0.00868662, 2.76667 ]
  RHS coefficient range       : [ 1.38778e-17, 6 ]
Objective value for Line heur k = 1: 26530655.71896255
89
Actual reward of current solution: 45237922.37943259
Minimum Difference with past solutions:0.15000000000000013.
Gurobi status: 2

Statistics for model Linearization Heuristic :
  Linear constraint matrix    : 17409 Constrs, 9270 Vars, 7059070 NZs
  Matrix coefficient range    : [ 1.00045e-13, 1 ]
  Objective coefficient range : [ 1.05202e-18, 8.94835e+06 ]
  Variable bound range        : [ 1.38778e-17, 3.06667 ]
  RHS coefficient range       : [ 1.38778e-17, 6 ]
Objective value for Line heur k = 1: 26290030.829549603
89
Actual reward of current solution: 45256069.25460524
Minimum Difference with past solutions:0.1500000000000002.
Gurobi status: 2

Statistics for model Linearization Heuristic :
  Linear constraint matrix    : 17409 Constrs, 9270 Vars, 6967820 NZs
  Matrix coefficient range    : [ 1.00142e-13, 3.42949e+08 ]
  Objective coefficient range : [ 1.11382e-17, 2.56484e+15 ]
  Variable bound range        : [ 0.05, 3.36667 ]
  RHS coefficient range       : [ 1.38778e-17, 6 ]
Objective value for Line heur k = 1: 26301555.5550308
89
Actual reward of current solution: 45205226.325345814
Minimum Difference with past solutions:0.15000000000000013.
Gurobi status: 2

Statistics for model Linearization Heuristic :
  Linear constraint matrix    : 17409 Constrs, 9270 Vars, 6990239 NZs
  Matrix coefficient range    : [ 1.00034e-13, 1 ]
  Objective coefficient range : [ 7.10011e-18, 8.94835e+06 ]
  Variable bound range        : [ 1.38778e-17, 3.66667 ]
  RHS coefficient range       : [ 1.38778e-17, 6 ]
Objective value for Line heur k = 1: 26194273.99475386
89
Actual reward of current solution: 45177282.505942844
Minimum Difference with past solutions:0.15000000000000016.
Gurobi status: 2

Statistics for model Linearization Heuristic :
  Linear constraint matrix    : 17409 Constrs, 9270 Vars, 6987066 NZs
  Matrix coefficient range    : [ 1.00393e-13, 1.08477e+09 ]
  Objective coefficient range : [ 2.73179e-19, 5.6271e+15 ]
  Variable bound range        : [ 0.05, 3.96667 ]
  RHS coefficient range       : [ 1.38778e-17, 6 ]
Objective value for Line heur k = 1: 26217902.463070445
89
Actual reward of current solution: 45248920.4457216
Minimum Difference with past solutions:0.15000000000000013.
Gurobi status: 2

Statistics for model Linearization Heuristic :
  Linear constraint matrix    : 17409 Constrs, 9270 Vars, 6889962 NZs
  Matrix coefficient range    : [ 1.00882e-13, 1 ]
  Objective coefficient range : [ 1.04522e-17, 8.94835e+06 ]
  Variable bound range        : [ 1.38778e-17, 4.26667 ]
  RHS coefficient range       : [ 1.38778e-17, 6 ]
Objective value for Line heur k = 1: 26351904.971971784
89
Actual reward of current solution: 45033961.57629511
Minimum Difference with past solutions:0.15000000000000024.
Gurobi status: 2

Statistics for model Linearization Heuristic :
  Linear constraint matrix    : 17409 Constrs, 9270 Vars, 6937983 NZs
  Matrix coefficient range    : [ 1.00004e-13, 5.53903e+08 ]
  Objective coefficient range : [ 1.30043e-18, 3.52624e+15 ]
  Variable bound range        : [ 0.0303316, 4.56667 ]
  RHS coefficient range       : [ 1.38778e-17, 6 ]
Objective value for Line heur k = 1: 25855665.485161822
89
Actual reward of current solution: 45233467.56691012
Minimum Difference with past solutions:0.1500000000000003.
Gurobi status: 2

Statistics for model Linearization Heuristic :
  Linear constraint matrix    : 17409 Constrs, 9270 Vars, 6846976 NZs
  Matrix coefficient range    : [ 1.00707e-13, 1 ]
  Objective coefficient range : [ 1.16119e-18, 8.94835e+06 ]
  Variable bound range        : [ 1.38778e-17, 4.86667 ]
  RHS coefficient range       : [ 1.38778e-17, 6 ]
Objective value for Line heur k = 1: 26576169.976667967
89
Actual reward of current solution: 44884524.95049807
Minimum Difference with past solutions:0.15000000000000036.
Gurobi status: 2

Statistics for model Linearization Heuristic :
  Linear constraint matrix    : 17409 Constrs, 9270 Vars, 6924359 NZs
  Matrix coefficient range    : [ 1.00231e-13, 5.38979e+08 ]
  Objective coefficient range : [ 4.28748e-19, 3.83181e+15 ]
  Variable bound range        : [ 0.0145183, 5.16667 ]
  RHS coefficient range       : [ 1.38778e-17, 6 ]
Objective value for Line heur k = 1: 25515727.788700663
89
Actual reward of current solution: 45252158.420466945
Minimum Difference with past solutions:0.15000000000000022.
Gurobi status: 2

Statistics for model Linearization Heuristic :
  Linear constraint matrix    : 17409 Constrs, 9270 Vars, 6832306 NZs
  Matrix coefficient range    : [ 1.01191e-13, 1 ]
  Objective coefficient range : [ 1.50806e-18, 8.94835e+06 ]
  Variable bound range        : [ 1.38778e-17, 5.46667 ]
  RHS coefficient range       : [ 1.38778e-17, 6 ]
Objective value for Line heur k = 1: 26759390.022000972
89
Actual reward of current solution: 44846578.48456093
Minimum Difference with past solutions:0.15000000000000022.
Gurobi status: 2

Statistics for model Linearization Heuristic :
  Linear constraint matrix    : 17409 Constrs, 9270 Vars, 6872284 NZs
  Matrix coefficient range    : [ 1.00274e-13, 7.56395e+08 ]
  Objective coefficient range : [ 4.46484e-18, 4.05534e+15 ]
  Variable bound range        : [ 0.05, 5.76667 ]
  RHS coefficient range       : [ 1.38778e-17, 6 ]
Objective value for Line heur k = 1: 25370726.400333207
89
Actual reward of current solution: 45217455.281414434
Minimum Difference with past solutions:0.1500000000000002.
Gurobi status: 2

Statistics for model Linearization Heuristic :
  Linear constraint matrix    : 17409 Constrs, 9270 Vars, 6768499 NZs
  Matrix coefficient range    : [ 1.00687e-13, 1 ]
  Objective coefficient range : [ 1.4542e-19, 8.94835e+06 ]
  Variable bound range        : [ 1.38778e-17, 6 ]
  RHS coefficient range       : [ 1.38778e-17, 6 ]
Objective value for Line heur k = 1: 26747348.26723362
89
Actual reward of current solution: 44685570.67450144
Minimum Difference with past solutions:0.15000000000000008.
Gurobi status: 2

Statistics for model Linearization Heuristic :
  Linear constraint matrix    : 17409 Constrs, 9270 Vars, 6883210 NZs
  Matrix coefficient range    : [ 1.00004e-13, 2.74607e+08 ]
  Objective coefficient range : [ 6.06976e-19, 2.30705e+15 ]
  Variable bound range        : [ 0.05, 6 ]
  RHS coefficient range       : [ 1.38778e-17, 6 ]
Objective value for Line heur k = 1: 25098247.543500483
89
Actual reward of current solution: 45209469.928978845
Minimum Difference with past solutions:0.1500000000000002.
Gurobi status: 2

Statistics for model Linearization Heuristic :
  Linear constraint matrix    : 17409 Constrs, 9270 Vars, 6779087 NZs
  Matrix coefficient range    : [ 1.00103e-13, 1 ]
  Objective coefficient range : [ 1.1287e-18, 8.94835e+06 ]
  Variable bound range        : [ 1.38778e-17, 6 ]
  RHS coefficient range       : [ 1.38778e-17, 6 ]
Objective value for Line heur k = 1: 26919454.063155197
89
Actual reward of current solution: 44582517.65425946
Minimum Difference with past solutions:0.1500000000000002.
Gurobi status: 2

Statistics for model Linearization Heuristic :
  Linear constraint matrix    : 17409 Constrs, 9270 Vars, 6869521 NZs
  Matrix coefficient range    : [ 1.0021e-13, 1.97306e+08 ]
  Objective coefficient range : [ 3.96613e-18, 1.68859e+15 ]
  Variable bound range        : [ 0.0357716, 6 ]
  RHS coefficient range       : [ 1.38778e-17, 6 ]
Traceback (most recent call last):
  File "run_linearization_heuristic.py", line 875, in <module>
    main()
  File "run_linearization_heuristic.py", line 119, in main
    run_lin_heur_and_save_yaml(delta, xi, icus, mtests, atests, n_days, region, test_freq, lockdown_freq, econ, init, eta, groups, start_day, trust_region_radius, max_inner_iterations_mult, initial_uhat, optimize_bouncing, scaling, money_scaling)
  File "run_linearization_heuristic.py", line 158, in run_lin_heur_and_save_yaml
    dynModel = run_linearization_heuristic(simulation_params, experiment_params, start_day, trust_region_radius, max_inner_iterations_mult, initial_uhat, optimize_bouncing)
  File "run_linearization_heuristic.py", line 276, in run_linearization_heuristic
    linearization.run_heuristic_linearization(dynModel, trust_region_radius, max_inner_iterations_mult, initial_uhat, optimize_bouncing)
  File "/home/users/xwarnes/covid-optimization/heuristics/linearization.py", line 1655, in run_heuristic_linearization
    assert(False)
AssertionError
srun: error: sh02-01n12: task 0: Exited with exit code 1
srun: Terminating job step 9714399.0
