1080
(0.5, 3719903.0, 0.32, 0.0, (7, 14), 'fitted-scaled', 'econ-scaled', '60days-scaled', 0.1, 0.05, 2, 'dynamic_gradient')
90
Total Reward at the start of the inner iterations: 48075869.809897035
Using license file /share/software/user/restricted/gurobi/9.0.3_py36/licenses/gurobi.lic
Set parameter TokenServer to value license4.stanford.edu
Gurobi status: 2

Statistics for model Linearization Heuristic :
  Linear constraint matrix    : 16026 Constrs, 9360 Vars, 5734944 NZs
  Matrix coefficient range    : [ 1.00682e-13, 1 ]
  Objective coefficient range : [ 8.29159e-20, 8.94835e+06 ]
  Variable bound range        : [ 0.0074798, 1 ]
  RHS coefficient range       : [ 1.20115e-06, 1.44782 ]
Objective value for Line heur k = 0: 25913079.878679145
90
Actual reward of current solution: 47962265.62244922
Minimum Difference with past solutions:0.050000000000000044.
Gurobi status: 2

Statistics for model Linearization Heuristic :
  Linear constraint matrix    : 16026 Constrs, 9360 Vars, 7258709 NZs
  Matrix coefficient range    : [ 1.00459e-13, 1 ]
  Objective coefficient range : [ 3.9371e-20, 8.94835e+06 ]
  Variable bound range        : [ 0.000700133, 1 ]
  RHS coefficient range       : [ 8.4406e-06, 1.53309 ]
Objective value for Line heur k = 0: 25170431.258268096
90
Actual reward of current solution: 48150786.825913936
Minimum Difference with past solutions:0.050000000000000044.
Gurobi status: 2

Statistics for model Linearization Heuristic :
  Linear constraint matrix    : 16026 Constrs, 9360 Vars, 6787799 NZs
  Matrix coefficient range    : [ 1.03852e-13, 1 ]
  Objective coefficient range : [ 7.40631e-20, 8.94835e+06 ]
  Variable bound range        : [ 0.0086409, 1 ]
  RHS coefficient range       : [ 7.1742e-06, 1.59009 ]
Objective value for Line heur k = 0: 25038220.75983798
90
Actual reward of current solution: 47930969.49647438
Minimum Difference with past solutions:0.050000000000000044.
Gurobi status: 2

Statistics for model Linearization Heuristic :
  Linear constraint matrix    : 16026 Constrs, 9360 Vars, 7198501 NZs
  Matrix coefficient range    : [ 1.09652e-13, 1 ]
  Objective coefficient range : [ 1.93001e-19, 8.94835e+06 ]
  Variable bound range        : [ 0.00815345, 1 ]
  RHS coefficient range       : [ 1.17803e-05, 1.66766 ]
Objective value for Line heur k = 0: 24258498.44933877
90
Actual reward of current solution: 48209941.80252179
Minimum Difference with past solutions:0.050000000000000044.
Gurobi status: 2

Statistics for model Linearization Heuristic :
  Linear constraint matrix    : 16026 Constrs, 9360 Vars, 6551549 NZs
  Matrix coefficient range    : [ 1.36012e-13, 1 ]
  Objective coefficient range : [ 3.59803e-19, 8.94835e+06 ]
  Variable bound range        : [ 0.00596641, 1 ]
  RHS coefficient range       : [ 4.97041e-06, 1.6947 ]
Objective value for Line heur k = 0: 24316439.39178615
90
Actual reward of current solution: 47897938.712342106
Minimum Difference with past solutions:0.050000000000000044.
Gurobi status: 2

Statistics for model Linearization Heuristic :
  Linear constraint matrix    : 16026 Constrs, 9360 Vars, 7043865 NZs
  Matrix coefficient range    : [ 1.09408e-13, 1 ]
  Objective coefficient range : [ 1.09176e-20, 8.94835e+06 ]
  Variable bound range        : [ 1.38778e-17, 1 ]
  RHS coefficient range       : [ 1.42766e-05, 1.76838 ]
Objective value for Line heur k = 0: 23374278.280711688
90
Actual reward of current solution: 48261139.33348719
Minimum Difference with past solutions:0.050000000000000044.
Gurobi status: 2

Statistics for model Linearization Heuristic :
  Linear constraint matrix    : 16026 Constrs, 9360 Vars, 6340689 NZs
  Matrix coefficient range    : [ 1.34404e-13, 2.61685e+08 ]
  Objective coefficient range : [ 2.47284e-19, 1.61107e+15 ]
  Variable bound range        : [ 0.0155779, 1 ]
  RHS coefficient range       : [ 3.07485e-06, 1.85683 ]
Objective value for Line heur k = 0: 23769386.817469344
90
Actual reward of current solution: 47865152.72096741
Minimum Difference with past solutions:0.050000000000000044.
Gurobi status: 2

Statistics for model Linearization Heuristic :
  Linear constraint matrix    : 16026 Constrs, 9360 Vars, 6896345 NZs
  Matrix coefficient range    : [ 1.47648e-13, 1 ]
  Objective coefficient range : [ 8.90922e-20, 8.94835e+06 ]
  Variable bound range        : [ 1.38778e-17, 1 ]
  RHS coefficient range       : [ 1.12171e-05, 1.89231 ]
Objective value for Line heur k = 0: 22503331.793047465
90
Actual reward of current solution: 48205134.911594845
Minimum Difference with past solutions:0.050000000000000044.
Gurobi status: 2

Statistics for model Linearization Heuristic :
  Linear constraint matrix    : 16026 Constrs, 9360 Vars, 6339562 NZs
  Matrix coefficient range    : [ 1.81702e-13, 4.73283e+08 ]
  Objective coefficient range : [ 6.16047e-19, 2.3493e+15 ]
  Variable bound range        : [ 0.0195678, 1 ]
  RHS coefficient range       : [ 1.76945e-06, 2.0685 ]
Objective value for Line heur k = 0: 22618799.598868683
90
Actual reward of current solution: 47836925.72944081
Minimum Difference with past solutions:0.050000000000000044.
Gurobi status: 2

Statistics for model Linearization Heuristic :
  Linear constraint matrix    : 16026 Constrs, 9360 Vars, 6827236 NZs
  Matrix coefficient range    : [ 1.5717e-13, 1 ]
  Objective coefficient range : [ 4.11963e-18, 8.94835e+06 ]
  Variable bound range        : [ 1.38778e-17, 1 ]
  RHS coefficient range       : [ 1.26548e-05, 2.0588 ]
Objective value for Line heur k = 0: 21811480.680285726
90
Actual reward of current solution: 48198209.41976353
Minimum Difference with past solutions:0.050000000000000044.
Gurobi status: 2

Statistics for model Linearization Heuristic :
  Linear constraint matrix    : 16026 Constrs, 9360 Vars, 6251015 NZs
  Matrix coefficient range    : [ 1.39166e-13, 5.64391e+08 ]
  Objective coefficient range : [ 7.45609e-20, 2.89172e+15 ]
  Variable bound range        : [ 0.0252071, 1 ]
  RHS coefficient range       : [ 7.69172e-07, 2.23093 ]
Objective value for Line heur k = 0: 22011387.312498048
90
Actual reward of current solution: 47855216.98177213
Minimum Difference with past solutions:0.050000000000000044.
Gurobi status: 2

Statistics for model Linearization Heuristic :
  Linear constraint matrix    : 16026 Constrs, 9360 Vars, 6698041 NZs
  Matrix coefficient range    : [ 1.26298e-13, 1 ]
  Objective coefficient range : [ 1.57178e-18, 8.94835e+06 ]
  Variable bound range        : [ 1.38778e-17, 1 ]
  RHS coefficient range       : [ 1.13591e-05, 2.13287 ]
Objective value for Line heur k = 0: 21625239.68202047
90
Actual reward of current solution: 48019506.636578344
Minimum Difference with past solutions:0.050000000000000044.
Gurobi status: 2

Statistics for model Linearization Heuristic :
  Linear constraint matrix    : 16026 Constrs, 9360 Vars, 6304990 NZs
  Matrix coefficient range    : [ 1.13262e-13, 7.68492e+08 ]
  Objective coefficient range : [ 4.63673e-20, 3.52879e+15 ]
  Variable bound range        : [ 0.05, 1 ]
  RHS coefficient range       : [ 2.73292e-06, 2.29977 ]
Objective value for Line heur k = 0: 21464350.489118207
90
Actual reward of current solution: 47901454.64566901
Minimum Difference with past solutions:0.050000000000000044.
Gurobi status: 2

Statistics for model Linearization Heuristic :
  Linear constraint matrix    : 16026 Constrs, 9360 Vars, 6655604 NZs
  Matrix coefficient range    : [ 1.0192e-13, 1 ]
  Objective coefficient range : [ 1.31015e-19, 8.94835e+06 ]
  Variable bound range        : [ 1.38778e-17, 1 ]
  RHS coefficient range       : [ 1.00249e-05, 2.12743 ]
Objective value for Line heur k = 0: 21858320.386898853
90
Actual reward of current solution: 47992940.977962896
Minimum Difference with past solutions:0.050000000000000044.
Gurobi status: 2

Statistics for model Linearization Heuristic :
  Linear constraint matrix    : 16026 Constrs, 9360 Vars, 6288034 NZs
  Matrix coefficient range    : [ 1.16221e-13, 1.09842e+09 ]
  Objective coefficient range : [ 2.00029e-19, 5.26983e+15 ]
  Variable bound range        : [ 0.05, 1 ]
  RHS coefficient range       : [ 4.00055e-06, 2.25146 ]
Objective value for Line heur k = 0: 21625451.517561648
90
Actual reward of current solution: 47668024.985024
Minimum Difference with past solutions:0.050000000000000044.
Gurobi status: 2

Statistics for model Linearization Heuristic :
  Linear constraint matrix    : 16026 Constrs, 9360 Vars, 6619576 NZs
  Matrix coefficient range    : [ 1.16981e-13, 1 ]
  Objective coefficient range : [ 4.01206e-19, 8.94835e+06 ]
