1080
(0.5, 3719903.0, 0.2, 12.0, (7, 14), 'fitted-scaled', 'econ-scaled', '60days-scaled', 0.2, 0.05, 2, 'dynamic_gradient')
90
Total Reward at the start of the inner iterations: 44635821.711078174
Using license file /share/software/user/restricted/gurobi/9.0.3_py36/licenses/gurobi.lic
Set parameter TokenServer to value license4.stanford.edu
Gurobi status: 2

Statistics for model Linearization Heuristic :
  Linear constraint matrix    : 17520 Constrs, 9360 Vars, 6067127 NZs
  Matrix coefficient range    : [ 1.00114e-13, 1 ]
  Objective coefficient range : [ 2.09606e-20, 8.94835e+06 ]
  Variable bound range        : [ 0.00144979, 1.93333 ]
  RHS coefficient range       : [ 1.97914e-05, 12 ]
Objective value for Line heur k = 0: 26342152.37294422
90
Actual reward of current solution: 44513235.07563223
Minimum Difference with past solutions:0.15000000000000008.
Gurobi status: 2

Statistics for model Linearization Heuristic :
  Linear constraint matrix    : 17520 Constrs, 9360 Vars, 7780774 NZs
  Matrix coefficient range    : [ 1.00293e-13, 1 ]
  Objective coefficient range : [ 1.43869e-21, 8.94835e+06 ]
  Variable bound range        : [ 3.05713e-05, 2.53333 ]
  RHS coefficient range       : [ 2.17435e-05, 12 ]
Objective value for Line heur k = 0: 26901240.193787448
90
Actual reward of current solution: 44697135.40826364
Minimum Difference with past solutions:0.15000000000000008.
Gurobi status: 2

Statistics for model Linearization Heuristic :
  Linear constraint matrix    : 17520 Constrs, 9360 Vars, 7635062 NZs
  Matrix coefficient range    : [ 1.00033e-13, 1 ]
  Objective coefficient range : [ 1.77358e-20, 8.94835e+06 ]
  Variable bound range        : [ 0.00057073, 3.13333 ]
  RHS coefficient range       : [ 7.46306e-06, 12 ]
Objective value for Line heur k = 0: 29048628.001699578
90
Actual reward of current solution: 44479441.52814259
Minimum Difference with past solutions:0.15000000000000008.
Gurobi status: 2

Statistics for model Linearization Heuristic :
  Linear constraint matrix    : 17520 Constrs, 9360 Vars, 7586755 NZs
  Matrix coefficient range    : [ 1.00015e-13, 1 ]
  Objective coefficient range : [ 2.34209e-18, 8.94835e+06 ]
  Variable bound range        : [ 0.05, 3.73333 ]
  RHS coefficient range       : [ 2.10158e-05, 12 ]
Objective value for Line heur k = 0: 28575288.754449535
90
Actual reward of current solution: 44782976.10633167
Minimum Difference with past solutions:0.15000000000000013.
Gurobi status: 2

Statistics for model Linearization Heuristic :
  Linear constraint matrix    : 17520 Constrs, 9360 Vars, 7339307 NZs
  Matrix coefficient range    : [ 1.00046e-13, 1 ]
  Objective coefficient range : [ 9.54942e-19, 8.94835e+06 ]
  Variable bound range        : [ 0.05, 4.33333 ]
  RHS coefficient range       : [ 2.54148e-06, 12 ]
Objective value for Line heur k = 0: 28675461.404071286
90
Actual reward of current solution: 44396601.717044055
Minimum Difference with past solutions:0.15000000000000022.
Gurobi status: 2

Statistics for model Linearization Heuristic :
  Linear constraint matrix    : 17520 Constrs, 9360 Vars, 7471572 NZs
  Matrix coefficient range    : [ 1.00119e-13, 1 ]
  Objective coefficient range : [ 1.37494e-21, 8.94835e+06 ]
  Variable bound range        : [ 1.38778e-17, 4.93333 ]
  RHS coefficient range       : [ 4.44978e-06, 12 ]
Objective value for Line heur k = 0: 27339436.016172677
90
Actual reward of current solution: 44911426.17204994
Minimum Difference with past solutions:0.15000000000000008.
Gurobi status: 2

Statistics for model Linearization Heuristic :
  Linear constraint matrix    : 17520 Constrs, 9360 Vars, 7167314 NZs
  Matrix coefficient range    : [ 1.0004e-13, 8.93339e+08 ]
  Objective coefficient range : [ 8.31683e-21, 3.73537e+15 ]
  Variable bound range        : [ 0.05, 5.53333 ]
  RHS coefficient range       : [ 8.06825e-06, 12 ]
Objective value for Line heur k = 0: 28246638.687354952
90
Actual reward of current solution: 44464752.0825794
Minimum Difference with past solutions:0.1500000000000002.
Gurobi status: 2

Statistics for model Linearization Heuristic :
  Linear constraint matrix    : 17520 Constrs, 9360 Vars, 7314243 NZs
  Matrix coefficient range    : [ 1.00019e-13, 1 ]
  Objective coefficient range : [ 1.27079e-17, 8.94835e+06 ]
  Variable bound range        : [ 1.38778e-17, 6.13333 ]
  RHS coefficient range       : [ 1.38415e-05, 12 ]
Objective value for Line heur k = 0: 27285037.69347263
90
Actual reward of current solution: 44728379.08554926
Minimum Difference with past solutions:0.1500000000000003.
Gurobi status: 2

Statistics for model Linearization Heuristic :
  Linear constraint matrix    : 17520 Constrs, 9360 Vars, 7135577 NZs
  Matrix coefficient range    : [ 1.0004e-13, 2.40836e+08 ]
  Objective coefficient range : [ 3.20318e-19, 2.13517e+15 ]
  Variable bound range        : [ 0.0452849, 6.73333 ]
  RHS coefficient range       : [ 4.41209e-06, 12 ]
Objective value for Line heur k = 0: 27772084.277227193
90
Actual reward of current solution: 44412039.920790225
Minimum Difference with past solutions:0.1500000000000002.
Gurobi status: 2

Statistics for model Linearization Heuristic :
  Linear constraint matrix    : 17520 Constrs, 9360 Vars, 7314957 NZs
  Matrix coefficient range    : [ 1.00002e-13, 1 ]
  Objective coefficient range : [ 5.36002e-18, 8.94835e+06 ]
  Variable bound range        : [ 1.38778e-17, 7.33333 ]
  RHS coefficient range       : [ 1.28812e-05, 12 ]
Objective value for Line heur k = 0: 27231931.06847983
90
Actual reward of current solution: 44579817.92141126
Minimum Difference with past solutions:0.15000000000000033.
Gurobi status: 2

Statistics for model Linearization Heuristic :
  Linear constraint matrix    : 17520 Constrs, 9360 Vars, 7114030 NZs
  Matrix coefficient range    : [ 1.00042e-13, 3.69494e+08 ]
  Objective coefficient range : [ 4.01062e-18, 2.4947e+15 ]
  Variable bound range        : [ 1.33227e-15, 7.93333 ]
  RHS coefficient range       : [ 6.9061e-06, 12 ]
Objective value for Line heur k = 0: 27572951.194353733
90
Actual reward of current solution: 44439441.571627736
Minimum Difference with past solutions:0.15000000000000022.
Gurobi status: 2

Statistics for model Linearization Heuristic :
  Linear constraint matrix    : 17520 Constrs, 9360 Vars, 7162412 NZs
  Matrix coefficient range    : [ 1.01483e-13, 1 ]
  Objective coefficient range : [ 1.42539e-18, 8.94835e+06 ]
  Variable bound range        : [ 1.38778e-17, 8.53333 ]
  RHS coefficient range       : [ 9.89612e-06, 12 ]
Objective value for Line heur k = 0: 27380626.829941854
90
Actual reward of current solution: 44362476.03303721
Minimum Difference with past solutions:0.1500000000000002.
Gurobi status: 2

Statistics for model Linearization Heuristic :
  Linear constraint matrix    : 17520 Constrs, 9360 Vars, 7120398 NZs
  Matrix coefficient range    : [ 1.00617e-13, 9.64286e+08 ]
  Objective coefficient range : [ 3.54079e-18, 4.90044e+15 ]
  Variable bound range        : [ 1.33227e-15, 9.13333 ]
  RHS coefficient range       : [ 1.59175e-06, 12 ]
Objective value for Line heur k = 0: 26913298.715817705
90
Actual reward of current solution: 44500664.98443362
Minimum Difference with past solutions:0.1500000000000003.
Gurobi status: 2

Statistics for model Linearization Heuristic :
  Linear constraint matrix    : 17520 Constrs, 9360 Vars, 7069986 NZs
  Matrix coefficient range    : [ 1.09068e-13, 1 ]
  Objective coefficient range : [ 2.19198e-18, 8.94835e+06 ]
  Variable bound range        : [ 1.38778e-17, 9.73333 ]
  RHS coefficient range       : [ 5.59022e-06, 12 ]
Objective value for Line heur k = 0: 27824389.686117698
90
Actual reward of current solution: 43939809.16406581
Minimum Difference with past solutions:0.15000000000000024.
Gurobi status: 2

Statistics for model Linearization Heuristic :
  Linear constraint matrix    : 17520 Constrs, 9360 Vars, 7169244 NZs
  Matrix coefficient range    : [ 1.18347e-13, 1 ]
  Objective coefficient range : [ 4.85014e-18, 8.94835e+06 ]
  Variable bound range        : [ 0.05, 10.3333 ]
  RHS coefficient range       : [ 3.49762e-06, 12 ]
Objective value for Line heur k = 0: 25958927.591234136
90
Actual reward of current solution: 44483046.71094113
Minimum Difference with past solutions:0.1500000000000002.
Gurobi status: 2

Statistics for model Linearization Heuristic :
  Linear constraint matrix    : 17520 Constrs, 9360 Vars, 7117149 NZs
  Matrix coefficient range    : [ 1.12915e-13, 1 ]
  Objective coefficient range : [ 1.03113e-18, 8.94835e+06 ]
