1080
(0.5, 18599515.0, 0.2, 3.0, (7, 14), 'fitted-scaled', 'econ-scaled', '60days-scaled', 0.2, 0.05, 2, 'dynamic_gradient')
90
Total Reward at the start of the inner iterations: 29375316.71861132
Using license file /share/software/user/restricted/gurobi/9.0.3_py36/licenses/gurobi.lic
Set parameter TokenServer to value license4.stanford.edu
Gurobi status: 2

Statistics for model Linearization Heuristic :
  Linear constraint matrix    : 17520 Constrs, 9360 Vars, 5458060 NZs
  Matrix coefficient range    : [ 1.00106e-13, 1 ]
  Objective coefficient range : [ 5.76016e-20, 2.3828e+07 ]
  Variable bound range        : [ 0.0011994, 1 ]
  RHS coefficient range       : [ 2.46887e-06, 3 ]
Objective value for Line heur k = 0: -3319457.4488191386
90
Actual reward of current solution: 28700975.611676086
Minimum Difference with past solutions:0.15000000000000008.
Gurobi status: 2

Statistics for model Linearization Heuristic :
  Linear constraint matrix    : 17520 Constrs, 9360 Vars, 7754195 NZs
  Matrix coefficient range    : [ 1.00071e-13, 1 ]
  Objective coefficient range : [ 3.57556e-22, 2.3828e+07 ]
  Variable bound range        : [ 0.0027229, 1 ]
  RHS coefficient range       : [ 4.9545e-06, 3 ]
Objective value for Line heur k = 0: -7728058.434847012
90
Actual reward of current solution: 29427889.047822397
Minimum Difference with past solutions:0.15000000000000008.
Gurobi status: 2

Statistics for model Linearization Heuristic :
  Linear constraint matrix    : 17520 Constrs, 9360 Vars, 6952098 NZs
  Matrix coefficient range    : [ 1.00022e-13, 1 ]
  Objective coefficient range : [ 6.85654e-24, 2.3828e+07 ]
  Variable bound range        : [ 0.0333333, 1 ]
  RHS coefficient range       : [ 2.37891e-06, 3 ]
Objective value for Line heur k = 0: -4446658.965823855
90
Actual reward of current solution: 28581295.38857441
Minimum Difference with past solutions:0.15000000000000008.
Gurobi status: 2

Statistics for model Linearization Heuristic :
  Linear constraint matrix    : 17520 Constrs, 9360 Vars, 7488196 NZs
  Matrix coefficient range    : [ 1.00063e-13, 1 ]
  Objective coefficient range : [ 4.80779e-20, 2.3828e+07 ]
  Variable bound range        : [ 0.0333333, 1 ]
  RHS coefficient range       : [ 5.97265e-06, 3 ]
Objective value for Line heur k = 0: -10124521.32531738
90
Actual reward of current solution: 29468805.637514073
Minimum Difference with past solutions:0.15000000000000008.
Gurobi status: 2

Statistics for model Linearization Heuristic :
  Linear constraint matrix    : 17520 Constrs, 9360 Vars, 6590397 NZs
  Matrix coefficient range    : [ 1.0001e-13, 1 ]
  Objective coefficient range : [ 1.62908e-20, 2.3828e+07 ]
  Variable bound range        : [ 0.05, 1.08333 ]
  RHS coefficient range       : [ 1.03214e-06, 3 ]
Objective value for Line heur k = 0: -5920229.701091538
90
Actual reward of current solution: 28471978.283993427
Minimum Difference with past solutions:0.15000000000000013.
Gurobi status: 2

Statistics for model Linearization Heuristic :
  Linear constraint matrix    : 17520 Constrs, 9360 Vars, 7310745 NZs
  Matrix coefficient range    : [ 1.04166e-13, 1 ]
  Objective coefficient range : [ 2.35846e-21, 2.3828e+07 ]
  Variable bound range        : [ 1.38778e-17, 1.23333 ]
  RHS coefficient range       : [ 7.81645e-06, 3 ]
Objective value for Line heur k = 0: -11996948.548433978
90
Actual reward of current solution: 29442805.283663422
Minimum Difference with past solutions:0.1500000000000001.
Gurobi status: 2

Statistics for model Linearization Heuristic :
  Linear constraint matrix    : 17520 Constrs, 9360 Vars, 6423980 NZs
  Matrix coefficient range    : [ 1.00681e-13, 8.08128e+07 ]
  Objective coefficient range : [ 1.81087e-18, 2.63771e+15 ]
  Variable bound range        : [ 0.0173425, 1.38333 ]
  RHS coefficient range       : [ 1.25059e-07, 3 ]
Objective value for Line heur k = 0: -6652103.239017955
90
Actual reward of current solution: 28397147.101254087
Minimum Difference with past solutions:0.15000000000000022.
Gurobi status: 2

Statistics for model Linearization Heuristic :
  Linear constraint matrix    : 17520 Constrs, 9360 Vars, 7275496 NZs
  Matrix coefficient range    : [ 1.04737e-13, 1 ]
  Objective coefficient range : [ 2.09796e-19, 2.3828e+07 ]
  Variable bound range        : [ 1.38778e-17, 1.53333 ]
  RHS coefficient range       : [ 7.03394e-06, 3 ]
Objective value for Line heur k = 0: -14599486.072292548
90
Actual reward of current solution: 29460468.10552453
Minimum Difference with past solutions:0.15000000000000013.
Gurobi status: 2

Statistics for model Linearization Heuristic :
  Linear constraint matrix    : 17520 Constrs, 9360 Vars, 6345997 NZs
  Matrix coefficient range    : [ 1.01213e-13, 1.82219e+08 ]
  Objective coefficient range : [ 9.61314e-19, 4.36462e+15 ]
  Variable bound range        : [ 0.0468348, 1.68333 ]
  RHS coefficient range       : [ 8.8927e-07, 3 ]
Objective value for Line heur k = 0: -8024526.217844399
90
Actual reward of current solution: 28429805.023993243
Minimum Difference with past solutions:0.1500000000000001.
Gurobi status: 2

Statistics for model Linearization Heuristic :
  Linear constraint matrix    : 17520 Constrs, 9360 Vars, 7187939 NZs
  Matrix coefficient range    : [ 1.0012e-13, 1 ]
  Objective coefficient range : [ 8.62238e-19, 2.3828e+07 ]
  Variable bound range        : [ 1.38778e-17, 1.83333 ]
  RHS coefficient range       : [ 7.48426e-06, 3 ]
Objective value for Line heur k = 0: -15147880.526629027
90
Actual reward of current solution: 29306200.76016617
Minimum Difference with past solutions:0.15000000000000013.
Gurobi status: 2

Statistics for model Linearization Heuristic :
  Linear constraint matrix    : 17520 Constrs, 9360 Vars, 6406544 NZs
  Matrix coefficient range    : [ 1.00288e-13, 1.1927e+08 ]
  Objective coefficient range : [ 2.89367e-20, 3.51201e+15 ]
  Variable bound range        : [ 0.0468348, 1.98333 ]
  RHS coefficient range       : [ 1.29379e-06, 3 ]
Objective value for Line heur k = 0: -9556946.69714235
90
Actual reward of current solution: 28383660.089586105
Minimum Difference with past solutions:0.15000000000000008.
Gurobi status: 2

Statistics for model Linearization Heuristic :
  Linear constraint matrix    : 17520 Constrs, 9360 Vars, 7113205 NZs
  Matrix coefficient range    : [ 1.04968e-13, 1 ]
  Objective coefficient range : [ 1.21064e-18, 2.3828e+07 ]
  Variable bound range        : [ 1.38778e-17, 2.13333 ]
  RHS coefficient range       : [ 8.07897e-06, 3 ]
Objective value for Line heur k = 0: -15949539.372158378
90
Actual reward of current solution: 29214423.37378031
Minimum Difference with past solutions:0.1500000000000001.
Gurobi status: 2

Statistics for model Linearization Heuristic :
  Linear constraint matrix    : 17520 Constrs, 9360 Vars, 6418547 NZs
  Matrix coefficient range    : [ 1.00645e-13, 1.85371e+08 ]
  Objective coefficient range : [ 4.50443e-19, 3.834e+15 ]
  Variable bound range        : [ 0.0451658, 2.28333 ]
  RHS coefficient range       : [ 1.7859e-06, 3 ]
Objective value for Line heur k = 0: -10393970.7045513
90
Actual reward of current solution: 28233956.78592203
Minimum Difference with past solutions:0.1500000000000003.
Gurobi status: 2

Statistics for model Linearization Heuristic :
  Linear constraint matrix    : 17520 Constrs, 9360 Vars, 7141047 NZs
  Matrix coefficient range    : [ 1.00179e-13, 1 ]
  Objective coefficient range : [ 1.6457e-19, 2.3828e+07 ]
  Variable bound range        : [ 1.38778e-17, 2.43333 ]
  RHS coefficient range       : [ 8.49859e-06, 3 ]
Objective value for Line heur k = 0: -18140916.576697063
90
Actual reward of current solution: 29160284.659630947
Minimum Difference with past solutions:0.1500000000000003.
Gurobi status: 2

Statistics for model Linearization Heuristic :
  Linear constraint matrix    : 17520 Constrs, 9360 Vars, 6387237 NZs
  Matrix coefficient range    : [ 1.00854e-13, 3.78918e+08 ]
  Objective coefficient range : [ 4.7901e-20, 9.39707e+15 ]
  Variable bound range        : [ 0.0468348, 2.58333 ]
  RHS coefficient range       : [ 2.30308e-06, 3 ]
Objective value for Line heur k = 0: -11282697.220911033
90
Actual reward of current solution: 28210695.480430562
Minimum Difference with past solutions:0.15000000000000008.
Gurobi status: 2

Statistics for model Linearization Heuristic :
  Linear constraint matrix    : 17520 Constrs, 9360 Vars, 7115632 NZs
  Matrix coefficient range    : [ 1.00348e-13, 1 ]
  Objective coefficient range : [ 1.04815e-18, 2.3828e+07 ]
