(0.5, 11159709.0, 0.3, 3.0, (1, 1), 'fitted-scaled', 'econ-scaled', '60days-scaled', 0.1)
Total Reward at the start of the inner iterations: 41591525.53728164
Using license file /software/non-free/Gurobi/gurobi902/linux64/gurobi.lic
Set parameter TokenServer to value license4.stanford.edu
Gurobi status: 2

Statistics for model Linearization Heuristic :
  Linear constraint matrix    : 11544 Constrs, 9360 Vars, 6079753 NZs
  Matrix coefficient range    : [ 1.00091e-13, 1 ]
  Objective coefficient range : [ 3.99698e-20, 1.63882e+07 ]
  Variable bound range        : [ 0.00191976, 1 ]
  RHS coefficient range       : [ 2.22863e-06, 3 ]
438.2938092168487
Objective value for Line heur k = 0: 8274955.729338608
Actual reward of current solution: 40263204.70980885
Minimum Difference with past solutions:0.3000000000000001.
Gurobi status: 2

Statistics for model Linearization Heuristic :
  Linear constraint matrix    : 11544 Constrs, 9360 Vars, 7740686 NZs
  Matrix coefficient range    : [ 1.0006e-13, 1 ]
  Objective coefficient range : [ 2.95974e-23, 1.63882e+07 ]
  Variable bound range        : [ 0.0104867, 1 ]
  RHS coefficient range       : [ 5.37956e-06, 3 ]
438.0675137798125
Objective value for Line heur k = 0: -195909.99561885744
Actual reward of current solution: 41572599.59154775
Minimum Difference with past solutions:0.3000000000000001.
Gurobi status: 2

Statistics for model Linearization Heuristic :
  Linear constraint matrix    : 11544 Constrs, 9360 Vars, 6164177 NZs
  Matrix coefficient range    : [ 1.00011e-13, 1 ]
  Objective coefficient range : [ 2.57716e-17, 1.63882e+07 ]
  Variable bound range        : [ 0.00478765, 1.23333 ]
  RHS coefficient range       : [ 5.42062e-07, 3 ]
437.86898517003016
Objective value for Line heur k = 0: 6483144.893168891
Actual reward of current solution: 40049975.81428476
Minimum Difference with past solutions:0.3000000000000001.
Gurobi status: 2

Statistics for model Linearization Heuristic :
  Linear constraint matrix    : 11544 Constrs, 9360 Vars, 7427940 NZs
  Matrix coefficient range    : [ 1.00042e-13, 1 ]
  Objective coefficient range : [ 7.13791e-18, 1.63882e+07 ]
  Variable bound range        : [ 0.0104867, 1.53333 ]
  RHS coefficient range       : [ 6.43487e-06, 3 ]
438.0588987133806
Objective value for Line heur k = 0: -3100764.373754771
Actual reward of current solution: 41559099.11287201
Minimum Difference with past solutions:0.3000000000000001.
Gurobi status: 2

Statistics for model Linearization Heuristic :
  Linear constraint matrix    : 11544 Constrs, 9360 Vars, 6016179 NZs
  Matrix coefficient range    : [ 1.0006e-13, 1 ]
  Objective coefficient range : [ 1.80898e-19, 1.63882e+07 ]
  Variable bound range        : [ 0.00478765, 1.83333 ]
  RHS coefficient range       : [ 1.79321e-06, 3 ]
437.8672537669186
Objective value for Line heur k = 0: 6008929.543518387
Actual reward of current solution: 39919449.78584868
Minimum Difference with past solutions:0.30000000000000004.
Gurobi status: 2

Statistics for model Linearization Heuristic :
  Linear constraint matrix    : 11544 Constrs, 9360 Vars, 7238281 NZs
  Matrix coefficient range    : [ 1.0053e-13, 1 ]
  Objective coefficient range : [ 1.32229e-19, 1.63882e+07 ]
  Variable bound range        : [ 2.77556e-17, 2.13333 ]
  RHS coefficient range       : [ 4.90722e-06, 3 ]
437.94596447624747
Objective value for Line heur k = 0: -4874709.281508375
Actual reward of current solution: 41544356.90513433
Minimum Difference with past solutions:0.30000000000000016.
Gurobi status: 2

Statistics for model Linearization Heuristic :
  Linear constraint matrix    : 11544 Constrs, 9360 Vars, 5889984 NZs
  Matrix coefficient range    : [ 1.00509e-13, 1.0021e+08 ]
  Objective coefficient range : [ 2.22794e-19, 2.01517e+15 ]
  Variable bound range        : [ 0.00478765, 2.43333 ]
  RHS coefficient range       : [ 3.25983e-06, 3 ]
437.8661383172407
Objective value for Line heur k = 0: 5529937.058608397
Actual reward of current solution: 39873020.58520264
Minimum Difference with past solutions:0.30000000000000004.
Gurobi status: 2

Statistics for model Linearization Heuristic :
  Linear constraint matrix    : 11544 Constrs, 9360 Vars, 7223863 NZs
  Matrix coefficient range    : [ 1.00061e-13, 1 ]
  Objective coefficient range : [ 9.71134e-18, 1.63882e+07 ]
  Variable bound range        : [ 2.77556e-17, 2.73333 ]
  RHS coefficient range       : [ 1.52974e-06, 3 ]
437.94261075483735
Objective value for Line heur k = 0: -5605948.965423998
Actual reward of current solution: 41555601.6044508
Minimum Difference with past solutions:0.30000000000000016.
Gurobi status: 2

Statistics for model Linearization Heuristic :
  Linear constraint matrix    : 11544 Constrs, 9360 Vars, 5883284 NZs
  Matrix coefficient range    : [ 1.00826e-13, 2.35907e+08 ]
  Objective coefficient range : [ 3.14884e-20, 2.13834e+15 ]
  Variable bound range        : [ 0.00478765, 3 ]
  RHS coefficient range       : [ 4.2659e-06, 3 ]
148.5831266165416
Objective value for Line heur k = 0: 5483083.188966997
Actual reward of current solution: 39848155.66402059
Minimum Difference with past solutions:0.30000000000000016.
Gurobi status: 2

Statistics for model Linearization Heuristic :
  Linear constraint matrix    : 11544 Constrs, 9360 Vars, 7176980 NZs
  Matrix coefficient range    : [ 1.00086e-13, 1 ]
  Objective coefficient range : [ 5.52544e-20, 1.63882e+07 ]
  Variable bound range        : [ 2.77556e-17, 3 ]
  RHS coefficient range       : [ 3.819e-07, 3 ]
437.9417047069988
Objective value for Line heur k = 0: -5992712.472071154
Actual reward of current solution: 41534779.80145642
Minimum Difference with past solutions:0.30000000000000016.
Total Reward at the start of the inner iterations: 41591525.53728164
Gurobi status: 2

Statistics for model Linearization Heuristic :
  Linear constraint matrix    : 11433 Constrs, 9270 Vars, 5972565 NZs
  Matrix coefficient range    : [ 1.00091e-13, 1 ]
  Objective coefficient range : [ 3.99698e-20, 1.63882e+07 ]
  Variable bound range        : [ 0.00191976, 1 ]
  RHS coefficient range       : [ 5.56987e-06, 3 ]
438.0899426285935
Objective value for Line heur k = 1: 9190070.966448365
Actual reward of current solution: 40382973.916719034
Minimum Difference with past solutions:0.3000000000000001.
Gurobi status: 2

Statistics for model Linearization Heuristic :
  Linear constraint matrix    : 11433 Constrs, 9270 Vars, 7588793 NZs
  Matrix coefficient range    : [ 1.00057e-13, 1 ]
  Objective coefficient range : [ 3.46021e-20, 1.63882e+07 ]
  Variable bound range        : [ 0.0104867, 1 ]
  RHS coefficient range       : [ 1.0554e-05, 3 ]
438.0676303994931
Objective value for Line heur k = 1: 861363.6381349134
Actual reward of current solution: 41559340.82528201
Minimum Difference with past solutions:0.3000000000000001.
Gurobi status: 2

Statistics for model Linearization Heuristic :
  Linear constraint matrix    : 11433 Constrs, 9270 Vars, 6062740 NZs
  Matrix coefficient range    : [ 1.00008e-13, 1 ]
  Objective coefficient range : [ 6.44865e-18, 1.63882e+07 ]
  Variable bound range        : [ 0.00478765, 1.23333 ]
  RHS coefficient range       : [ 1.0651e-05, 3 ]
437.8688637469726
Objective value for Line heur k = 1: 7311566.332618149
Actual reward of current solution: 40146603.547673345
Minimum Difference with past solutions:0.3000000000000001.
Gurobi status: 2

Statistics for model Linearization Heuristic :
  Linear constraint matrix    : 11433 Constrs, 9270 Vars, 7281961 NZs
  Matrix coefficient range    : [ 1.00021e-13, 1 ]
  Objective coefficient range : [ 1.80599e-18, 1.63882e+07 ]
  Variable bound range        : [ 0.0104867, 1.53333 ]
  RHS coefficient range       : [ 1.02189e-05, 3 ]
438.0589279944388
Objective value for Line heur k = 1: -2061933.3977407722
Actual reward of current solution: 41537526.81664627
Minimum Difference with past solutions:0.3000000000000001.
Gurobi status: 2

Statistics for model Linearization Heuristic :
  Linear constraint matrix    : 11433 Constrs, 9270 Vars, 5920322 NZs
  Matrix coefficient range    : [ 1.00092e-13, 1 ]
  Objective coefficient range : [ 2.74445e-18, 1.63882e+07 ]
  Variable bound range        : [ 0.00478765, 1.83333 ]
  RHS coefficient range       : [ 1.03061e-05, 3 ]
437.8671418391573
Objective value for Line heur k = 1: 6884750.607454657
Actual reward of current solution: 40004446.4657128
Minimum Difference with past solutions:0.30000000000000004.
Gurobi status: 2

Statistics for model Linearization Heuristic :
  Linear constraint matrix    : 11433 Constrs, 9270 Vars, 7095445 NZs
  Matrix coefficient range    : [ 1.00587e-13, 1 ]
  Objective coefficient range : [ 2.61122e-20, 1.63882e+07 ]
  Variable bound range        : [ 2.77556e-17, 2.13333 ]
  RHS coefficient range       : [ 1.03774e-05, 3 ]
438.05141977108224
Objective value for Line heur k = 1: -3821269.1666076016
Actual reward of current solution: 41526858.10505084
Minimum Difference with past solutions:0.30000000000000016.
Gurobi status: 2

Statistics for model Linearization Heuristic :
  Linear constraint matrix    : 11433 Constrs, 9270 Vars, 5794527 NZs
  Matrix coefficient range    : [ 1.00983e-13, 9.97037e+07 ]
  Objective coefficient range : [ 1.02273e-18, 2.02217e+15 ]
  Variable bound range        : [ 0.00478765, 2.43333 ]
  RHS coefficient range       : [ 1.08009e-05, 3 ]
206887.75856694303
Objective value for Line heur k = 1: 6344492.664723846
Actual reward of current solution: 39936136.40420539
Minimum Difference with past solutions:0.30000000000000004.
Gurobi status: 2

Statistics for model Linearization Heuristic :
  Linear constraint matrix    : 11433 Constrs, 9270 Vars, 7080894 NZs
  Matrix coefficient range    : [ 1.01251e-13, 1 ]
  Objective coefficient range : [ 3.77728e-18, 1.63882e+07 ]
  Variable bound range        : [ 2.77556e-17, 2.73333 ]
  RHS coefficient range       : [ 9.99236e-06, 3 ]
438.04757500376405
Objective value for Line heur k = 1: -4675667.9248274965
Actual reward of current solution: 41530617.1243674
Minimum Difference with past solutions:0.30000000000000016.
Gurobi status: 2

Statistics for model Linearization Heuristic :
  Linear constraint matrix    : 11433 Constrs, 9270 Vars, 5789122 NZs
  Matrix coefficient range    : [ 1.00327e-13, 2.34159e+08 ]
  Objective coefficient range : [ 2.60554e-19, 2.14487e+15 ]
  Variable bound range        : [ 0.00478765, 3 ]
  RHS coefficient range       : [ 1.10407e-05, 3 ]
114.45543141573806
Objective value for Line heur k = 1: 6231101.065897961
Actual reward of current solution: 39909778.603405036
Minimum Difference with past solutions:0.30000000000000016.
Gurobi status: 2

Statistics for model Linearization Heuristic :
  Linear constraint matrix    : 11433 Constrs, 9270 Vars, 7037311 NZs
  Matrix coefficient range    : [ 1.007e-13, 1 ]
  Objective coefficient range : [ 7.41708e-19, 1.63882e+07 ]
  Variable bound range        : [ 2.77556e-17, 3 ]
  RHS coefficient range       : [ 9.74441e-06, 3 ]
438.04664993757666
Objective value for Line heur k = 1: -5057102.948069074
Actual reward of current solution: 41514130.64327056
Minimum Difference with past solutions:0.3000000000000001.
Total Reward at the start of the inner iterations: 41591525.53728164
Gurobi status: 2

Statistics for model Linearization Heuristic :
  Linear constraint matrix    : 11322 Constrs, 9180 Vars, 5866439 NZs
  Matrix coefficient range    : [ 1.00091e-13, 1 ]
  Objective coefficient range : [ 3.99698e-20, 1.63882e+07 ]
  Variable bound range        : [ 0.00191976, 1 ]
  RHS coefficient range       : [ 9.58525e-07, 3 ]
438.0899426285935
Objective value for Line heur k = 2: 9580446.821864283
Actual reward of current solution: 40449985.578363284
Minimum Difference with past solutions:0.3000000000000001.
Gurobi status: 2

Statistics for model Linearization Heuristic :
  Linear constraint matrix    : 11322 Constrs, 9180 Vars, 7436521 NZs
  Matrix coefficient range    : [ 1.00063e-13, 1 ]
  Objective coefficient range : [ 1.51902e-22, 1.63882e+07 ]
  Variable bound range        : [ 0.0104867, 1 ]
  RHS coefficient range       : [ 5.67187e-06, 3 ]
438.06774180806883
Objective value for Line heur k = 2: 1383836.4263953064
Actual reward of current solution: 41558306.730944544
Minimum Difference with past solutions:0.3000000000000001.
Gurobi status: 2

Statistics for model Linearization Heuristic :
  Linear constraint matrix    : 11322 Constrs, 9180 Vars, 5959916 NZs
  Matrix coefficient range    : [ 1.00032e-13, 1 ]
  Objective coefficient range : [ 4.16031e-20, 1.63882e+07 ]
  Variable bound range        : [ 0.00478765, 1.23333 ]
  RHS coefficient range       : [ 2.71558e-06, 3 ]
437.86884060841953
Objective value for Line heur k = 2: 7672748.72736796
Actual reward of current solution: 40215897.63647638
Minimum Difference with past solutions:0.3000000000000001.
Gurobi status: 2

Statistics for model Linearization Heuristic :
  Linear constraint matrix    : 11322 Constrs, 9180 Vars, 7136491 NZs
  Matrix coefficient range    : [ 1.0002e-13, 1 ]
  Objective coefficient range : [ 2.77065e-20, 1.63882e+07 ]
  Variable bound range        : [ 0.0104867, 1.53333 ]
  RHS coefficient range       : [ 9.03004e-06, 3 ]
438.0590811766518
Objective value for Line heur k = 2: -1522350.9303048837
Actual reward of current solution: 41537296.995561816
Minimum Difference with past solutions:0.3000000000000001.
Gurobi status: 2

Statistics for model Linearization Heuristic :
  Linear constraint matrix    : 11322 Constrs, 9180 Vars, 5820062 NZs
  Matrix coefficient range    : [ 1.00023e-13, 1 ]
  Objective coefficient range : [ 2.3613e-19, 1.63882e+07 ]
  Variable bound range        : [ 0.00478765, 1.83333 ]
  RHS coefficient range       : [ 2.67244e-06, 3 ]
437.8670837121567
Objective value for Line heur k = 2: 7237577.292530997
Actual reward of current solution: 40077825.79493176
Minimum Difference with past solutions:0.30000000000000004.
Gurobi status: 2

Statistics for model Linearization Heuristic :
  Linear constraint matrix    : 11322 Constrs, 9180 Vars, 6954573 NZs
  Matrix coefficient range    : [ 1.0024e-13, 1 ]
  Objective coefficient range : [ 2.33969e-19, 1.63882e+07 ]
  Variable bound range        : [ 2.77556e-17, 2.13333 ]
  RHS coefficient range       : [ 8.10575e-06, 3 ]
438.0514749700141
Objective value for Line heur k = 2: -3281690.477602501
Actual reward of current solution: 41532620.9545335
Minimum Difference with past solutions:0.30000000000000016.
Gurobi status: 2

Statistics for model Linearization Heuristic :
  Linear constraint matrix    : 11322 Constrs, 9180 Vars, 5697572 NZs
  Matrix coefficient range    : [ 1.00668e-13, 9.97361e+07 ]
  Objective coefficient range : [ 4.5277e-19, 2.0231e+15 ]
  Variable bound range        : [ 0.00478765, 2.43333 ]
  RHS coefficient range       : [ 3.25683e-06, 3 ]
206270.0645891359
Objective value for Line heur k = 2: 6718159.371232372
Actual reward of current solution: 40020239.92893075
Minimum Difference with past solutions:0.3000000000000001.
Gurobi status: 2

Statistics for model Linearization Heuristic :
  Linear constraint matrix    : 11322 Constrs, 9180 Vars, 6934633 NZs
  Matrix coefficient range    : [ 1.00053e-13, 1 ]
  Objective coefficient range : [ 1.32174e-18, 1.63882e+07 ]
  Variable bound range        : [ 2.77556e-17, 2.73333 ]
  RHS coefficient range       : [ 6.98417e-06, 3 ]
438.04772981991925
Objective value for Line heur k = 2: -4057743.743069535
Actual reward of current solution: 41527030.826136224
Minimum Difference with past solutions:0.30000000000000016.
Gurobi status: 2

Statistics for model Linearization Heuristic :
  Linear constraint matrix    : 11322 Constrs, 9180 Vars, 5691197 NZs
  Matrix coefficient range    : [ 1.00486e-13, 2.33941e+08 ]
  Objective coefficient range : [ 1.10565e-20, 2.11236e+15 ]
  Variable bound range        : [ 0.00478765, 3 ]
  RHS coefficient range       : [ 3.42803e-06, 3 ]
118.17007780800294
Objective value for Line heur k = 2: 6578203.23601823
Actual reward of current solution: 39983522.29081308
Minimum Difference with past solutions:0.30000000000000016.
Gurobi status: 2

Statistics for model Linearization Heuristic :
  Linear constraint matrix    : 11322 Constrs, 9180 Vars, 6897401 NZs
  Matrix coefficient range    : [ 1.00584e-13, 1 ]
  Objective coefficient range : [ 2.26776e-19, 1.63882e+07 ]
  Variable bound range        : [ 2.77556e-17, 3 ]
  RHS coefficient range       : [ 6.77613e-06, 3 ]
912886.7808247086
Objective value for Line heur k = 2: -4498034.327040437
Actual reward of current solution: 41517543.80008933
Minimum Difference with past solutions:0.3000000000000001.
Total Reward at the start of the inner iterations: 41591525.53728164
