1080
(0.5, 0.0, 0.32, 12.0, (7, 14), 'fitted-scaled', 'econ-scaled', '60days-scaled', 0, 0.05, 2, 'dynamic_gradient')
90
Total Reward at the start of the inner iterations: 55699812.71737326
Using license file /share/software/user/restricted/gurobi/9.0.3_py36/licenses/gurobi.lic
Set parameter TokenServer to value license4.stanford.edu
Gurobi status: 2

Statistics for model Linearization Heuristic :
  Linear constraint matrix    : 17520 Constrs, 9360 Vars, 6825204 NZs
  Matrix coefficient range    : [ 1.00543e-13, 1 ]
  Objective coefficient range : [ 5.1108e-19, 5.22844e+06 ]
  Variable bound range        : [ 0.0070524, 1.93333 ]
  RHS coefficient range       : [ 8.3384e-06, 12 ]
Objective value for Line heur k = 0: 35238994.12418885
90
Actual reward of current solution: 55748586.91310592
Minimum Difference with past solutions:0.15000000000000008.
Gurobi status: 2

Statistics for model Linearization Heuristic :
  Linear constraint matrix    : 17520 Constrs, 9360 Vars, 6723814 NZs
  Matrix coefficient range    : [ 1.01623e-13, 1 ]
  Objective coefficient range : [ 1.28072e-18, 5.22844e+06 ]
  Variable bound range        : [ 0.00108067, 2.53333 ]
  RHS coefficient range       : [ 1.09949e-05, 12 ]
Objective value for Line heur k = 0: 35759378.18099336
90
Actual reward of current solution: 55790872.60744825
Minimum Difference with past solutions:0.15000000000000008.
Gurobi status: 2

Statistics for model Linearization Heuristic :
  Linear constraint matrix    : 17520 Constrs, 9360 Vars, 6620865 NZs
  Matrix coefficient range    : [ 1.01046e-13, 1 ]
  Objective coefficient range : [ 7.76582e-19, 5.22844e+06 ]
  Variable bound range        : [ 0.0474563, 3.13333 ]
  RHS coefficient range       : [ 1.27324e-05, 12 ]
Objective value for Line heur k = 0: 36314947.49420647
90
Actual reward of current solution: 55814094.68623548
Minimum Difference with past solutions:0.15000000000000008.
Gurobi status: 2

Statistics for model Linearization Heuristic :
  Linear constraint matrix    : 17520 Constrs, 9360 Vars, 6269968 NZs
  Matrix coefficient range    : [ 1.01738e-13, 1 ]
  Objective coefficient range : [ 1.23739e-18, 5.22844e+06 ]
  Variable bound range        : [ 0.0120955, 3.73333 ]
  RHS coefficient range       : [ 1.24295e-05, 12 ]
Objective value for Line heur k = 0: 36617879.67690364
90
Actual reward of current solution: 55831463.00561558
Minimum Difference with past solutions:0.15000000000000008.
Gurobi status: 2

Statistics for model Linearization Heuristic :
  Linear constraint matrix    : 17520 Constrs, 9360 Vars, 6244521 NZs
  Matrix coefficient range    : [ 1.00907e-13, 1 ]
  Objective coefficient range : [ 1.76851e-19, 5.22844e+06 ]
  Variable bound range        : [ 0.0148424, 4.33333 ]
  RHS coefficient range       : [ 9.44277e-06, 12 ]
Objective value for Line heur k = 0: 36794756.2885177
90
Actual reward of current solution: 55843475.81398001
Minimum Difference with past solutions:0.15000000000000013.
Gurobi status: 2

Statistics for model Linearization Heuristic :
  Linear constraint matrix    : 17520 Constrs, 9360 Vars, 6130903 NZs
  Matrix coefficient range    : [ 1.01821e-13, 1 ]
  Objective coefficient range : [ 3.20194e-19, 5.22844e+06 ]
  Variable bound range        : [ 0.0178652, 4.93333 ]
  RHS coefficient range       : [ 9.01197e-06, 12 ]
Objective value for Line heur k = 0: 36939142.183738016
90
Actual reward of current solution: 55852721.24518778
Minimum Difference with past solutions:0.15000000000000008.
Gurobi status: 2

Statistics for model Linearization Heuristic :
  Linear constraint matrix    : 17520 Constrs, 9360 Vars, 6022312 NZs
  Matrix coefficient range    : [ 1.01004e-13, 1 ]
  Objective coefficient range : [ 4.34476e-19, 5.22844e+06 ]
  Variable bound range        : [ 0.0492101, 5.53333 ]
  RHS coefficient range       : [ 1.07012e-05, 12 ]
Objective value for Line heur k = 0: 37059494.98487262
90
Actual reward of current solution: 55860328.98606457
Minimum Difference with past solutions:0.15000000000000013.
Gurobi status: 2

Statistics for model Linearization Heuristic :
  Linear constraint matrix    : 17520 Constrs, 9360 Vars, 5977780 NZs
  Matrix coefficient range    : [ 1.01702e-13, 1 ]
  Objective coefficient range : [ 2.3621e-20, 5.22844e+06 ]
  Variable bound range        : [ 0.00398592, 6.13333 ]
  RHS coefficient range       : [ 1.03252e-05, 12 ]
Objective value for Line heur k = 0: 37155455.17730233
90
Actual reward of current solution: 55868212.869608015
Minimum Difference with past solutions:0.15000000000000022.
Gurobi status: 2

Statistics for model Linearization Heuristic :
  Linear constraint matrix    : 17520 Constrs, 9360 Vars, 5941647 NZs
  Matrix coefficient range    : [ 1.02333e-13, 1 ]
  Objective coefficient range : [ 2.93526e-19, 5.22844e+06 ]
  Variable bound range        : [ 0.05, 6.73333 ]
  RHS coefficient range       : [ 1.11632e-05, 12 ]
Objective value for Line heur k = 0: 37241521.53897752
90
Actual reward of current solution: 55874655.1646502
Minimum Difference with past solutions:0.1500000000000001.
Gurobi status: 2

Statistics for model Linearization Heuristic :
  Linear constraint matrix    : 17520 Constrs, 9360 Vars, 5895097 NZs
  Matrix coefficient range    : [ 1.00729e-13, 1 ]
  Objective coefficient range : [ 1.68878e-19, 5.22844e+06 ]
  Variable bound range        : [ 0.0261874, 7.33333 ]
  RHS coefficient range       : [ 1.02834e-05, 12 ]
Objective value for Line heur k = 0: 37329189.82416272
90
Actual reward of current solution: 55880775.869131096
Minimum Difference with past solutions:0.15000000000000005.
Gurobi status: 2

Statistics for model Linearization Heuristic :
  Linear constraint matrix    : 17520 Constrs, 9360 Vars, 5865154 NZs
  Matrix coefficient range    : [ 1.00683e-13, 1 ]
  Objective coefficient range : [ 9.79071e-20, 5.22844e+06 ]
  Variable bound range        : [ 0.00928283, 7.93333 ]
  RHS coefficient range       : [ 1.13463e-05, 12 ]
Objective value for Line heur k = 0: 37402433.613368586
90
Actual reward of current solution: 55885738.505591586
Minimum Difference with past solutions:0.15000000000000002.
Gurobi status: 2

Statistics for model Linearization Heuristic :
  Linear constraint matrix    : 17520 Constrs, 9360 Vars, 5834231 NZs
  Matrix coefficient range    : [ 1.00108e-13, 1 ]
  Objective coefficient range : [ 4.14654e-20, 5.22844e+06 ]
  Variable bound range        : [ 0.05, 8.53333 ]
  RHS coefficient range       : [ 1.02522e-05, 12 ]
Objective value for Line heur k = 0: 37450105.454408236
90
Actual reward of current solution: 55890478.681929305
Minimum Difference with past solutions:0.15000000000000005.
Gurobi status: 2

Statistics for model Linearization Heuristic :
  Linear constraint matrix    : 17520 Constrs, 9360 Vars, 5788799 NZs
  Matrix coefficient range    : [ 1.01553e-13, 1 ]
  Objective coefficient range : [ 2.02489e-19, 5.22844e+06 ]
  Variable bound range        : [ 0.0410947, 9.13333 ]
  RHS coefficient range       : [ 1.13174e-05, 12 ]
Objective value for Line heur k = 0: 37493180.66832625
90
Actual reward of current solution: 55893797.739696234
Minimum Difference with past solutions:0.15000000000000024.
Gurobi status: 2

Statistics for model Linearization Heuristic :
  Linear constraint matrix    : 17520 Constrs, 9360 Vars, 5788721 NZs
  Matrix coefficient range    : [ 1.00024e-13, 1 ]
  Objective coefficient range : [ 1.31439e-20, 5.22844e+06 ]
  Variable bound range        : [ 0.00531523, 9.73333 ]
  RHS coefficient range       : [ 1.02237e-05, 12 ]
Objective value for Line heur k = 0: 37551259.49494794
90
Actual reward of current solution: 55897902.15207001
Minimum Difference with past solutions:0.15000000000000002.
Gurobi status: 2

Statistics for model Linearization Heuristic :
  Linear constraint matrix    : 17520 Constrs, 9360 Vars, 5781257 NZs
  Matrix coefficient range    : [ 1.00199e-13, 1 ]
  Objective coefficient range : [ 1.17455e-20, 5.22844e+06 ]
  Variable bound range        : [ 0.0298308, 10.3333 ]
  RHS coefficient range       : [ 1.12919e-05, 12 ]
Objective value for Line heur k = 0: 37580228.53443734
90
Actual reward of current solution: 55900240.25535077
Minimum Difference with past solutions:0.15000000000000002.
Gurobi status: 2

Statistics for model Linearization Heuristic :
  Linear constraint matrix    : 17520 Constrs, 9360 Vars, 5749126 NZs
  Matrix coefficient range    : [ 1.00157e-13, 1 ]
  Objective coefficient range : [ 8.79188e-20, 5.22844e+06 ]
  Variable bound range        : [ 0.05, 10.9333 ]
