1080
(1, 55798545.0, 0.32, 0.0, (7, 14), 'fitted-scaled', 'econ-scaled', '60days-scaled', 0, 0.05, 2, 'dynamic_gradient')
90
Total Reward at the start of the inner iterations: 16604829.887272283
Using license file /share/software/user/restricted/gurobi/9.0.3_py36/licenses/gurobi.lic
Set parameter TokenServer to value license4.stanford.edu
Gurobi status: 2

Statistics for model Linearization Heuristic :
  Linear constraint matrix    : 16026 Constrs, 9360 Vars, 4826185 NZs
  Matrix coefficient range    : [ 1.11971e-13, 1 ]
  Objective coefficient range : [ 1.4978e-20, 6.1027e+07 ]
  Variable bound range        : [ 0.008696, 1 ]
  RHS coefficient range       : [ 2.36821e-06, 0.755533 ]
Objective value for Line heur k = 0: -40949373.75027143
90
Actual reward of current solution: 15825246.056098988
Minimum Difference with past solutions:0.050000000000000044.
Gurobi status: 2

Statistics for model Linearization Heuristic :
  Linear constraint matrix    : 16026 Constrs, 9360 Vars, 4810425 NZs
  Matrix coefficient range    : [ 1.00711e-13, 1 ]
  Objective coefficient range : [ 5.04832e-20, 6.1027e+07 ]
  Variable bound range        : [ 0.00266068, 1 ]
  RHS coefficient range       : [ 1.80228e-06, 0.813658 ]
Objective value for Line heur k = 0: -49246335.39639838
90
Actual reward of current solution: 16544282.941821635
Minimum Difference with past solutions:0.050000000000000044.
Gurobi status: 2

Statistics for model Linearization Heuristic :
  Linear constraint matrix    : 16026 Constrs, 9360 Vars, 4524861 NZs
  Matrix coefficient range    : [ 1.00228e-13, 1 ]
  Objective coefficient range : [ 2.35688e-20, 6.1027e+07 ]
  Variable bound range        : [ 0.00572144, 1 ]
  RHS coefficient range       : [ 1.37757e-06, 0.768518 ]
Objective value for Line heur k = 0: -42553828.31280712
90
Actual reward of current solution: 15912575.171392562
Minimum Difference with past solutions:0.050000000000000044.
Gurobi status: 2

Statistics for model Linearization Heuristic :
  Linear constraint matrix    : 16026 Constrs, 9360 Vars, 4467714 NZs
  Matrix coefficient range    : [ 1.00569e-13, 1 ]
  Objective coefficient range : [ 7.51677e-20, 6.1027e+07 ]
  Variable bound range        : [ 0.00227271, 1 ]
  RHS coefficient range       : [ 1.80052e-06, 0.810271 ]
Objective value for Line heur k = 0: -49161239.25049496
90
Actual reward of current solution: 16631386.473902088
Minimum Difference with past solutions:0.050000000000000044.
Gurobi status: 2

Statistics for model Linearization Heuristic :
  Linear constraint matrix    : 16026 Constrs, 9360 Vars, 4231256 NZs
  Matrix coefficient range    : [ 1.13249e-13, 1 ]
  Objective coefficient range : [ 8.39037e-21, 6.1027e+07 ]
  Variable bound range        : [ 0.000236431, 1 ]
  RHS coefficient range       : [ 1.37678e-06, 0.770503 ]
Objective value for Line heur k = 0: -42739871.270020224
90
Actual reward of current solution: 15977704.314899312
Minimum Difference with past solutions:0.050000000000000044.
Gurobi status: 2

Statistics for model Linearization Heuristic :
  Linear constraint matrix    : 16026 Constrs, 9360 Vars, 4300840 NZs
  Matrix coefficient range    : [ 1.03461e-13, 1 ]
  Objective coefficient range : [ 3.27722e-20, 6.1027e+07 ]
  Variable bound range        : [ 0.00663588, 1 ]
  RHS coefficient range       : [ 1.80052e-06, 0.811315 ]
Objective value for Line heur k = 0: -49267974.48997858
90
Actual reward of current solution: 16690211.219082128
Minimum Difference with past solutions:0.050000000000000044.
Gurobi status: 2

Statistics for model Linearization Heuristic :
  Linear constraint matrix    : 16026 Constrs, 9360 Vars, 4116789 NZs
  Matrix coefficient range    : [ 1.11256e-13, 1 ]
  Objective coefficient range : [ 6.42591e-21, 6.1027e+07 ]
  Variable bound range        : [ 0.0178973, 1 ]
  RHS coefficient range       : [ 1.37678e-06, 0.766933 ]
Objective value for Line heur k = 0: -42404728.540078446
90
Actual reward of current solution: 16022598.704588795
Minimum Difference with past solutions:0.050000000000000044.
Gurobi status: 2

Statistics for model Linearization Heuristic :
  Linear constraint matrix    : 16026 Constrs, 9360 Vars, 4251701 NZs
  Matrix coefficient range    : [ 1.05304e-13, 1 ]
  Objective coefficient range : [ 4.877e-20, 6.1027e+07 ]
  Variable bound range        : [ 0.05, 1 ]
  RHS coefficient range       : [ 1.80052e-06, 0.820064 ]
Objective value for Line heur k = 0: -50012345.067119434
90
Actual reward of current solution: 16749393.192586305
Minimum Difference with past solutions:0.050000000000000044.
Gurobi status: 2

Statistics for model Linearization Heuristic :
  Linear constraint matrix    : 16026 Constrs, 9360 Vars, 4110454 NZs
  Matrix coefficient range    : [ 1.13216e-13, 1 ]
  Objective coefficient range : [ 9.09353e-20, 6.1027e+07 ]
  Variable bound range        : [ 0.0410921, 1 ]
  RHS coefficient range       : [ 1.37678e-06, 0.774846 ]
Objective value for Line heur k = 0: -43043788.30129201
90
Actual reward of current solution: 16074408.812476449
Minimum Difference with past solutions:0.050000000000000044.
Gurobi status: 2

Statistics for model Linearization Heuristic :
  Linear constraint matrix    : 16026 Constrs, 9360 Vars, 4251701 NZs
  Matrix coefficient range    : [ 1.0588e-13, 1 ]
  Objective coefficient range : [ 6.31582e-20, 6.1027e+07 ]
  Variable bound range        : [ 0.05, 1 ]
  RHS coefficient range       : [ 1.80052e-06, 0.822875 ]
Objective value for Line heur k = 0: -50251856.763837256
90
Actual reward of current solution: 16804766.52176313
Minimum Difference with past solutions:0.050000000000000044.
Gurobi status: 2

Statistics for model Linearization Heuristic :
  Linear constraint matrix    : 16026 Constrs, 9360 Vars, 4085387 NZs
  Matrix coefficient range    : [ 1.13681e-13, 1 ]
  Objective coefficient range : [ 3.0723e-21, 6.1027e+07 ]
  Variable bound range        : [ 0.0410921, 1 ]
  RHS coefficient range       : [ 2.36862e-06, 0.776591 ]
Objective value for Line heur k = 0: -43010080.37376832
90
Actual reward of current solution: 16109059.22892782
Minimum Difference with past solutions:0.050000000000000044.
Gurobi status: 2

Statistics for model Linearization Heuristic :
  Linear constraint matrix    : 16026 Constrs, 9360 Vars, 4251701 NZs
  Matrix coefficient range    : [ 1.07883e-13, 1 ]
  Objective coefficient range : [ 1.28771e-19, 6.1027e+07 ]
  Variable bound range        : [ 0.05, 1 ]
  RHS coefficient range       : [ 1.80052e-06, 0.832421 ]
Objective value for Line heur k = 0: -51087856.90537137
90
Actual reward of current solution: 16852197.941756643
Minimum Difference with past solutions:0.050000000000000044.
Gurobi status: 2

Statistics for model Linearization Heuristic :
  Linear constraint matrix    : 16026 Constrs, 9360 Vars, 4085387 NZs
  Matrix coefficient range    : [ 1.14819e-13, 1 ]
  Objective coefficient range : [ 6.02051e-20, 6.1027e+07 ]
  Variable bound range        : [ 0.0410921, 1 ]
  RHS coefficient range       : [ 2.36862e-06, 0.781491 ]
Objective value for Line heur k = 0: -43498364.17690749
90
Actual reward of current solution: 16136824.0797927
Minimum Difference with past solutions:0.050000000000000044.
Gurobi status: 2

Statistics for model Linearization Heuristic :
  Linear constraint matrix    : 16026 Constrs, 9360 Vars, 4251701 NZs
  Matrix coefficient range    : [ 1.1e-13, 1 ]
  Objective coefficient range : [ 6.07261e-21, 6.1027e+07 ]
  Variable bound range        : [ 0.05, 1 ]
  RHS coefficient range       : [ 1.80052e-06, 0.842525 ]
Objective value for Line heur k = 0: -51985182.47524938
90
Actual reward of current solution: 16893905.346732974
Minimum Difference with past solutions:0.050000000000000044.
Gurobi status: 2

Statistics for model Linearization Heuristic :
  Linear constraint matrix    : 16026 Constrs, 9360 Vars, 4085387 NZs
  Matrix coefficient range    : [ 1.15753e-13, 1 ]
  Objective coefficient range : [ 4.84869e-20, 6.1027e+07 ]
  Variable bound range        : [ 0.0410921, 1 ]
  RHS coefficient range       : [ 2.36862e-06, 0.786426 ]
Objective value for Line heur k = 0: -44020480.95457803
90
Actual reward of current solution: 16172183.830670774
Minimum Difference with past solutions:0.050000000000000044.
Gurobi status: 2

Statistics for model Linearization Heuristic :
  Linear constraint matrix    : 16026 Constrs, 9360 Vars, 4251701 NZs
  Matrix coefficient range    : [ 1.10667e-13, 1 ]
  Objective coefficient range : [ 1.0398e-20, 6.1027e+07 ]
  Variable bound range        : [ 0.05, 1 ]
  RHS coefficient range       : [ 1.80052e-06, 0.845868 ]
Objective value for Line heur k = 0: -52302682.0627168
90
Actual reward of current solution: 16934969.33643656
Minimum Difference with past solutions:0.050000000000000044.
Gurobi status: 2

Statistics for model Linearization Heuristic :
  Linear constraint matrix    : 16026 Constrs, 9360 Vars, 4085387 NZs
  Matrix coefficient range    : [ 1.16502e-13, 1 ]
  Objective coefficient range : [ 2.18425e-20, 6.1027e+07 ]
  Variable bound range        : [ 0.0410921, 1 ]
  RHS coefficient range       : [ 2.36862e-06, 0.789626 ]
Objective value for Line heur k = 0: -44301059.22743166
90
Actual reward of current solution: 16201633.822948309
Minimum Difference with past solutions:0.050000000000000044.
Gurobi status: 2

Statistics for model Linearization Heuristic :
  Linear constraint matrix    : 16026 Constrs, 9360 Vars, 4251701 NZs
  Matrix coefficient range    : [ 1.10422e-13, 1 ]
  Objective coefficient range : [ 3.16701e-20, 6.1027e+07 ]
  Variable bound range        : [ 0.05, 1 ]
  RHS coefficient range       : [ 1.80052e-06, 0.844785 ]
Objective value for Line heur k = 0: -52191707.113810994
90
Actual reward of current solution: 16970747.912918624
Minimum Difference with past solutions:0.050000000000000044.
Gurobi status: 2

Statistics for model Linearization Heuristic :
  Linear constraint matrix    : 16026 Constrs, 9360 Vars, 4085386 NZs
  Matrix coefficient range    : [ 1.16081e-13, 1 ]
  Objective coefficient range : [ 6.89576e-21, 6.1027e+07 ]
  Variable bound range        : [ 0.0410921, 1 ]
  RHS coefficient range       : [ 2.36862e-06, 0.78802 ]
Objective value for Line heur k = 0: -44129312.57395339
90
Actual reward of current solution: 16213236.543185495
Minimum Difference with past solutions:0.050000000000000044.
Gurobi status: 2

Statistics for model Linearization Heuristic :
  Linear constraint matrix    : 16026 Constrs, 9360 Vars, 4251701 NZs
  Matrix coefficient range    : [ 1.12814e-13, 1 ]
  Objective coefficient range : [ 3.63781e-21, 6.1027e+07 ]
  Variable bound range        : [ 0.05, 1 ]
  RHS coefficient range       : [ 1.80052e-06, 0.856229 ]
Objective value for Line heur k = 0: -53234959.790705405
90
Actual reward of current solution: 17003551.43441232
Minimum Difference with past solutions:0.050000000000000044.
Gurobi status: 2

Statistics for model Linearization Heuristic :
  Linear constraint matrix    : 16026 Constrs, 9360 Vars, 4085388 NZs
  Matrix coefficient range    : [ 1.00338e-13, 1 ]
  Objective coefficient range : [ 1.41646e-20, 6.1027e+07 ]
  Variable bound range        : [ 0.0410921, 1 ]
  RHS coefficient range       : [ 2.36862e-06, 0.798254 ]
Objective value for Line heur k = 0: -45032215.44180761
90
Actual reward of current solution: 16229132.054958664
Minimum Difference with past solutions:0.050000000000000044.
Gurobi status: 2

Statistics for model Linearization Heuristic :
  Linear constraint matrix    : 16026 Constrs, 9360 Vars, 4251701 NZs
  Matrix coefficient range    : [ 1.12519e-13, 1 ]
  Objective coefficient range : [ 4.44763e-20, 6.1027e+07 ]
  Variable bound range        : [ 0.05, 1 ]
  RHS coefficient range       : [ 1.80052e-06, 0.855018 ]
Objective value for Line heur k = 0: -53158431.36838451
90
Actual reward of current solution: 17002668.840231553
Minimum Difference with past solutions:0.050000000000000044.
Gurobi status: 2

Statistics for model Linearization Heuristic :
  Linear constraint matrix    : 16026 Constrs, 9360 Vars, 4085387 NZs
  Matrix coefficient range    : [ 1.17022e-13, 1 ]
  Objective coefficient range : [ 4.66312e-20, 6.1027e+07 ]
  Variable bound range        : [ 0.0410921, 1 ]
  RHS coefficient range       : [ 2.36862e-06, 0.792045 ]
Objective value for Line heur k = 0: -44511663.17773797
90
Actual reward of current solution: 16229132.054958664
Minimum Difference with past solutions:0.0.
New solution equals old solution at k=0
89
Total Reward at the start of the inner iterations: 17003551.43441232
Gurobi status: 2

Statistics for model Linearization Heuristic :
  Linear constraint matrix    : 15915 Constrs, 9270 Vars, 4008623 NZs
  Matrix coefficient range    : [ 1.00338e-13, 1 ]
  Objective coefficient range : [ 1.41646e-20, 6.1027e+07 ]
  Variable bound range        : [ 0.0410921, 1 ]
  RHS coefficient range       : [ 1.22265e-06, 1 ]
Objective value for Line heur k = 1: -40877135.85562907
89
Actual reward of current solution: 16615484.890458057
Minimum Difference with past solutions:0.050000000000000044.
Gurobi status: 2

Statistics for model Linearization Heuristic :
  Linear constraint matrix    : 15915 Constrs, 9270 Vars, 4073660 NZs
  Matrix coefficient range    : [ 1.10985e-13, 1 ]
  Objective coefficient range : [ 6.01134e-21, 6.1027e+07 ]
  Variable bound range        : [ 0.0410921, 1 ]
  RHS coefficient range       : [ 1.22265e-06, 1 ]
Objective value for Line heur k = 1: -46357743.9544543
89
Actual reward of current solution: 17009876.01158574
Minimum Difference with past solutions:0.050000000000000044.
Gurobi status: 2

Statistics for model Linearization Heuristic :
  Linear constraint matrix    : 15915 Constrs, 9270 Vars, 4008623 NZs
  Matrix coefficient range    : [ 1.00961e-13, 1 ]
  Objective coefficient range : [ 5.7977e-20, 6.1027e+07 ]
  Variable bound range        : [ 0.0410921, 1 ]
  RHS coefficient range       : [ 1.22265e-06, 1 ]
Objective value for Line heur k = 1: -40835182.19601641
89
Actual reward of current solution: 16615484.890458057
Minimum Difference with past solutions:0.0.
New solution equals old solution at k=1
88
Total Reward at the start of the inner iterations: 17009876.01158574
Gurobi status: 2

Statistics for model Linearization Heuristic :
  Linear constraint matrix    : 15750 Constrs, 9180 Vars, 3932564 NZs
  Matrix coefficient range    : [ 1.00961e-13, 1 ]
  Objective coefficient range : [ 5.7977e-20, 6.1027e+07 ]
  Variable bound range        : [ 0.0410921, 1 ]
  RHS coefficient range       : [ 7.48756e-06, 1 ]
Objective value for Line heur k = 2: -38522633.21577305
88
Actual reward of current solution: 16615484.890458057
Minimum Difference with past solutions:0.050000000000000044.
Gurobi status: 2

Statistics for model Linearization Heuristic :
  Linear constraint matrix    : 15750 Constrs, 9180 Vars, 3997601 NZs
  Matrix coefficient range    : [ 1.10985e-13, 1 ]
  Objective coefficient range : [ 6.01134e-21, 6.1027e+07 ]
  Variable bound range        : [ 0.0410921, 1 ]
  RHS coefficient range       : [ 7.48756e-06, 1 ]
Objective value for Line heur k = 2: -44002500.56500855
88
Actual reward of current solution: 17009876.01158574
Minimum Difference with past solutions:0.0.
New solution equals old solution at k=2
87
Total Reward at the start of the inner iterations: 17009876.01158574
Gurobi status: 2

Statistics for model Linearization Heuristic :
  Linear constraint matrix    : 15585 Constrs, 9090 Vars, 3857265 NZs
  Matrix coefficient range    : [ 1.00961e-13, 1 ]
  Objective coefficient range : [ 5.7977e-20, 6.1027e+07 ]
  Variable bound range        : [ 0.0410921, 1 ]
  RHS coefficient range       : [ 6.71922e-06, 1 ]
Objective value for Line heur k = 3: -36070528.198485576
87
Actual reward of current solution: 16615484.890458057
Minimum Difference with past solutions:0.050000000000000044.
Gurobi status: 2

Statistics for model Linearization Heuristic :
  Linear constraint matrix    : 15585 Constrs, 9090 Vars, 3922302 NZs
  Matrix coefficient range    : [ 1.10985e-13, 1 ]
  Objective coefficient range : [ 6.01134e-21, 6.1027e+07 ]
  Variable bound range        : [ 0.0410921, 1 ]
  RHS coefficient range       : [ 6.71922e-06, 1 ]
Objective value for Line heur k = 3: -41500162.85548109
87
Actual reward of current solution: 17009876.01158574
Minimum Difference with past solutions:0.0.
New solution equals old solution at k=3
86
Total Reward at the start of the inner iterations: 17009876.01158574
Gurobi status: 2

Statistics for model Linearization Heuristic :
  Linear constraint matrix    : 15420 Constrs, 9000 Vars, 3782726 NZs
  Matrix coefficient range    : [ 1.00961e-13, 1 ]
  Objective coefficient range : [ 5.7977e-20, 6.1027e+07 ]
  Variable bound range        : [ 0.0410921, 1 ]
  RHS coefficient range       : [ 4.13498e-06, 1 ]
Objective value for Line heur k = 4: -33596361.776513614
86
Actual reward of current solution: 16615484.890458057
Minimum Difference with past solutions:0.050000000000000044.
Gurobi status: 2

Statistics for model Linearization Heuristic :
  Linear constraint matrix    : 15420 Constrs, 9000 Vars, 3847763 NZs
  Matrix coefficient range    : [ 1.10985e-13, 1 ]
  Objective coefficient range : [ 6.01134e-21, 6.1027e+07 ]
  Variable bound range        : [ 0.0410921, 1 ]
  RHS coefficient range       : [ 4.13498e-06, 1 ]
Objective value for Line heur k = 4: -38970040.694995984
86
Actual reward of current solution: 17009876.01158574
Minimum Difference with past solutions:0.0.
New solution equals old solution at k=4
85
Total Reward at the start of the inner iterations: 17009876.01158574
Gurobi status: 2

Statistics for model Linearization Heuristic :
  Linear constraint matrix    : 15255 Constrs, 8910 Vars, 3708947 NZs
  Matrix coefficient range    : [ 1.00961e-13, 1 ]
  Objective coefficient range : [ 5.7977e-20, 6.1027e+07 ]
  Variable bound range        : [ 0.0410921, 1 ]
  RHS coefficient range       : [ 2.76135e-06, 1 ]
Objective value for Line heur k = 5: -31163543.74518058
85
Actual reward of current solution: 16615484.890458057
Minimum Difference with past solutions:0.050000000000000044.
Gurobi status: 2

Statistics for model Linearization Heuristic :
  Linear constraint matrix    : 15255 Constrs, 8910 Vars, 3773984 NZs
  Matrix coefficient range    : [ 1.10985e-13, 1 ]
  Objective coefficient range : [ 6.01134e-21, 6.1027e+07 ]
  Variable bound range        : [ 0.0410921, 1 ]
  RHS coefficient range       : [ 2.76135e-06, 1 ]
Objective value for Line heur k = 5: -36476800.98419745
85
Actual reward of current solution: 17009876.01158574
Minimum Difference with past solutions:0.0.
New solution equals old solution at k=5
84
Total Reward at the start of the inner iterations: 17009876.01158574
Gurobi status: 2

Statistics for model Linearization Heuristic :
  Linear constraint matrix    : 15090 Constrs, 8820 Vars, 3635928 NZs
  Matrix coefficient range    : [ 1.00961e-13, 1 ]
  Objective coefficient range : [ 5.7977e-20, 6.1027e+07 ]
  Variable bound range        : [ 0.0410921, 1 ]
  RHS coefficient range       : [ 2.03976e-06, 1 ]
Objective value for Line heur k = 6: -28805096.287828233
84
Actual reward of current solution: 16615484.890458057
Minimum Difference with past solutions:0.050000000000000044.
Gurobi status: 2

Statistics for model Linearization Heuristic :
  Linear constraint matrix    : 15090 Constrs, 8820 Vars, 3700965 NZs
  Matrix coefficient range    : [ 1.10985e-13, 1 ]
  Objective coefficient range : [ 6.01134e-21, 6.1027e+07 ]
  Variable bound range        : [ 0.0410921, 1 ]
  RHS coefficient range       : [ 2.03976e-06, 1 ]
Objective value for Line heur k = 6: -34054365.41301383
84
Actual reward of current solution: 17009876.01158574
Minimum Difference with past solutions:0.0.
New solution equals old solution at k=6
83
Total Reward at the start of the inner iterations: 17009876.01158574
Gurobi status: 2

Statistics for model Linearization Heuristic :
  Linear constraint matrix    : 14925 Constrs, 8730 Vars, 3563669 NZs
  Matrix coefficient range    : [ 1.00961e-13, 1 ]
  Objective coefficient range : [ 5.7977e-20, 6.1027e+07 ]
  Variable bound range        : [ 0.0410921, 1 ]
  RHS coefficient range       : [ 1.17852e-06, 1 ]
Objective value for Line heur k = 7: -26537045.590383247
83
Actual reward of current solution: 16615484.890458057
Minimum Difference with past solutions:0.050000000000000044.
Gurobi status: 2

Statistics for model Linearization Heuristic :
  Linear constraint matrix    : 14925 Constrs, 8730 Vars, 3628706 NZs
  Matrix coefficient range    : [ 1.10985e-13, 1 ]
  Objective coefficient range : [ 6.01134e-21, 6.1027e+07 ]
  Variable bound range        : [ 0.0410921, 1 ]
  RHS coefficient range       : [ 7.29548e-07, 1 ]
Objective value for Line heur k = 7: -31719447.40005024
83
Actual reward of current solution: 17009876.01158574
Minimum Difference with past solutions:0.0.
New solution equals old solution at k=7
82
Total Reward at the start of the inner iterations: 17009876.01158574
Gurobi status: 2

Statistics for model Linearization Heuristic :
  Linear constraint matrix    : 14760 Constrs, 8640 Vars, 3492170 NZs
  Matrix coefficient range    : [ 1.00961e-13, 1 ]
  Objective coefficient range : [ 5.7977e-20, 6.1027e+07 ]
  Variable bound range        : [ 0.0410921, 1 ]
  RHS coefficient range       : [ 3.6966e-07, 1 ]
Objective value for Line heur k = 8: -24366011.58765006
82
Actual reward of current solution: 16615484.890458057
Minimum Difference with past solutions:0.050000000000000044.
Gurobi status: 2

Statistics for model Linearization Heuristic :
  Linear constraint matrix    : 14760 Constrs, 8640 Vars, 3557207 NZs
  Matrix coefficient range    : [ 1.10985e-13, 1 ]
  Objective coefficient range : [ 6.01134e-21, 6.1027e+07 ]
  Variable bound range        : [ 0.0410921, 1 ]
  RHS coefficient range       : [ 6.45203e-07, 1 ]
Objective value for Line heur k = 8: -29479253.715087146
82
Actual reward of current solution: 17009876.01158574
Minimum Difference with past solutions:0.0.
New solution equals old solution at k=8
81
Total Reward at the start of the inner iterations: 17009876.01158574
Gurobi status: 2

Statistics for model Linearization Heuristic :
  Linear constraint matrix    : 14595 Constrs, 8550 Vars, 3421431 NZs
  Matrix coefficient range    : [ 1.00961e-13, 1 ]
  Objective coefficient range : [ 5.7977e-20, 6.1027e+07 ]
  Variable bound range        : [ 0.0410921, 1 ]
  RHS coefficient range       : [ 3.6637e-07, 1 ]
Objective value for Line heur k = 9: -22293546.432920326
81
Actual reward of current solution: 16615484.890458057
Minimum Difference with past solutions:0.050000000000000044.
Gurobi status: 2

Statistics for model Linearization Heuristic :
  Linear constraint matrix    : 14595 Constrs, 8550 Vars, 3486468 NZs
  Matrix coefficient range    : [ 1.10985e-13, 1 ]
  Objective coefficient range : [ 6.01134e-21, 6.1027e+07 ]
  Variable bound range        : [ 0.0410921, 1 ]
  RHS coefficient range       : [ 1.46955e-06, 1 ]
Objective value for Line heur k = 9: -27335921.92532831
81
Actual reward of current solution: 17009876.01158574
Minimum Difference with past solutions:0.0.
New solution equals old solution at k=9
80
Total Reward at the start of the inner iterations: 17009876.01158574
Gurobi status: 2

Statistics for model Linearization Heuristic :
  Linear constraint matrix    : 14430 Constrs, 8460 Vars, 3351452 NZs
  Matrix coefficient range    : [ 1.00961e-13, 1 ]
  Objective coefficient range : [ 5.7977e-20, 6.1027e+07 ]
  Variable bound range        : [ 0.0410921, 1 ]
  RHS coefficient range       : [ 1.0578e-06, 1 ]
Objective value for Line heur k = 10: -20318673.504412994
80
Actual reward of current solution: 16615484.890458057
Minimum Difference with past solutions:0.050000000000000044.
Gurobi status: 2

Statistics for model Linearization Heuristic :
  Linear constraint matrix    : 14430 Constrs, 8460 Vars, 3416489 NZs
  Matrix coefficient range    : [ 1.10985e-13, 1 ]
  Objective coefficient range : [ 6.01134e-21, 6.1027e+07 ]
  Variable bound range        : [ 0.0410921, 1 ]
  RHS coefficient range       : [ 3.27169e-06, 1 ]
Objective value for Line heur k = 10: -25289166.666310593
80
Actual reward of current solution: 17009876.01158574
Minimum Difference with past solutions:0.0.
New solution equals old solution at k=10
79
Total Reward at the start of the inner iterations: 17009876.01158574
Gurobi status: 2

Statistics for model Linearization Heuristic :
  Linear constraint matrix    : 14265 Constrs, 8370 Vars, 3282233 NZs
  Matrix coefficient range    : [ 1.00961e-13, 1 ]
  Objective coefficient range : [ 5.7977e-20, 6.1027e+07 ]
  Variable bound range        : [ 0.0410921, 1 ]
  RHS coefficient range       : [ 1.07926e-06, 1 ]
Objective value for Line heur k = 11: -18439468.630148143
79
Actual reward of current solution: 16615484.890458057
Minimum Difference with past solutions:0.050000000000000044.
Gurobi status: 2

Statistics for model Linearization Heuristic :
  Linear constraint matrix    : 14265 Constrs, 8370 Vars, 3347270 NZs
  Matrix coefficient range    : [ 1.10985e-13, 1 ]
  Objective coefficient range : [ 6.01134e-21, 6.1027e+07 ]
  Variable bound range        : [ 0.0410921, 1 ]
  RHS coefficient range       : [ 1.56739e-08, 1 ]
Objective value for Line heur k = 11: -23338001.924898118
79
Actual reward of current solution: 17009876.01158574
Minimum Difference with past solutions:0.0.
New solution equals old solution at k=11
78
Total Reward at the start of the inner iterations: 17009876.01158574
Gurobi status: 2

Statistics for model Linearization Heuristic :
  Linear constraint matrix    : 14100 Constrs, 8280 Vars, 3213774 NZs
  Matrix coefficient range    : [ 1.00961e-13, 1 ]
  Objective coefficient range : [ 5.7977e-20, 6.1027e+07 ]
  Variable bound range        : [ 0.0410921, 1 ]
  RHS coefficient range       : [ 2.1562e-06, 1 ]
Objective value for Line heur k = 12: -16654196.99327527
78
Actual reward of current solution: 16615484.890458057
Minimum Difference with past solutions:0.050000000000000044.
Gurobi status: 2

Statistics for model Linearization Heuristic :
  Linear constraint matrix    : 14100 Constrs, 8280 Vars, 3278811 NZs
  Matrix coefficient range    : [ 1.10985e-13, 1 ]
  Objective coefficient range : [ 6.01134e-21, 6.1027e+07 ]
  Variable bound range        : [ 0.0410921, 1 ]
  RHS coefficient range       : [ 5.97364e-06, 1 ]
Objective value for Line heur k = 12: -21482088.297466643
78
Actual reward of current solution: 17009876.01158574
Minimum Difference with past solutions:0.0.
New solution equals old solution at k=12
77
Total Reward at the start of the inner iterations: 17009880.73459135
Gurobi status: 2

Statistics for model Linearization Heuristic :
  Linear constraint matrix    : 13935 Constrs, 8190 Vars, 3146075 NZs
  Matrix coefficient range    : [ 1.00961e-13, 1 ]
  Objective coefficient range : [ 1.85061e-20, 6.1027e+07 ]
  Variable bound range        : [ 0.0410921, 1 ]
  RHS coefficient range       : [ 2.88143e-07, 1 ]
Objective value for Line heur k = 13: -14926280.824491104
77
Actual reward of current solution: 16615485.140147418
Minimum Difference with past solutions:0.050000000000000044.
Gurobi status: 2

Statistics for model Linearization Heuristic :
  Linear constraint matrix    : 13935 Constrs, 8190 Vars, 3211112 NZs
  Matrix coefficient range    : [ 1.10985e-13, 1 ]
  Objective coefficient range : [ 1.58137e-20, 6.1027e+07 ]
  Variable bound range        : [ 0.0410921, 1 ]
  RHS coefficient range       : [ 7.10477e-06, 1 ]
Objective value for Line heur k = 13: -19687034.538603593
77
Actual reward of current solution: 17009876.26126615
Minimum Difference with past solutions:0.0.
New solution equals old solution at k=13
76
Total Reward at the start of the inner iterations: 17009880.734596733
Gurobi status: 2

Statistics for model Linearization Heuristic :
  Linear constraint matrix    : 13770 Constrs, 8100 Vars, 3079190 NZs
  Matrix coefficient range    : [ 1.00961e-13, 1 ]
  Objective coefficient range : [ 1.81173e-20, 6.1027e+07 ]
  Variable bound range        : [ 0.05, 1 ]
  RHS coefficient range       : [ 5.78945e-07, 0.732784 ]
Objective value for Line heur k = 14: -13296088.783975212
76
Actual reward of current solution: 16615489.613572821
Minimum Difference with past solutions:0.050000000000000044.
Gurobi status: 2

Statistics for model Linearization Heuristic :
  Linear constraint matrix    : 13770 Constrs, 8100 Vars, 3144227 NZs
  Matrix coefficient range    : [ 1.10985e-13, 1 ]
  Objective coefficient range : [ 5.22144e-20, 6.1027e+07 ]
  Variable bound range        : [ 0.05, 1 ]
  RHS coefficient range       : [ 7.41976e-06, 0.775819 ]
Objective value for Line heur k = 14: -17996731.218763903
76
Actual reward of current solution: 17009880.734596733
Minimum Difference with past solutions:0.0.
New solution equals old solution at k=14
75
Total Reward at the start of the inner iterations: 17009880.734596733
Gurobi status: 2

Statistics for model Linearization Heuristic :
  Linear constraint matrix    : 13659 Constrs, 8010 Vars, 3011417 NZs
  Matrix coefficient range    : [ 1.00961e-13, 1 ]
  Objective coefficient range : [ 1.81173e-20, 6.1027e+07 ]
  Variable bound range        : [ 0.05, 1 ]
  RHS coefficient range       : [ 7.55155e-07, 1 ]
Objective value for Line heur k = 15: -11843434.256242817
75
Actual reward of current solution: 17011256.545981992
Minimum Difference with past solutions:0.050000000000000044.
Gurobi status: 2

Statistics for model Linearization Heuristic :
  Linear constraint matrix    : 13659 Constrs, 8010 Vars, 3011417 NZs
  Matrix coefficient range    : [ 1.03545e-13, 1 ]
  Objective coefficient range : [ 6.43903e-21, 6.1027e+07 ]
  Variable bound range        : [ 0.05, 1 ]
  RHS coefficient range       : [ 7.55155e-07, 1 ]
Objective value for Line heur k = 15: -12692645.67166422
75
Actual reward of current solution: 17011730.156481083
Minimum Difference with past solutions:0.050000000000000044.
Gurobi status: 2

Statistics for model Linearization Heuristic :
  Linear constraint matrix    : 13659 Constrs, 8010 Vars, 3011417 NZs
  Matrix coefficient range    : [ 1.02384e-13, 1 ]
  Objective coefficient range : [ 1.20524e-19, 6.1027e+07 ]
  Variable bound range        : [ 0.05, 1 ]
  RHS coefficient range       : [ 7.55155e-07, 1 ]
Objective value for Line heur k = 15: -12250631.65158915
75
Actual reward of current solution: 17011445.125597138
Minimum Difference with past solutions:0.050000000000000044.
Gurobi status: 2

Statistics for model Linearization Heuristic :
  Linear constraint matrix    : 13659 Constrs, 8010 Vars, 3011417 NZs
  Matrix coefficient range    : [ 1.03351e-13, 1 ]
  Objective coefficient range : [ 9.35363e-20, 6.1027e+07 ]
  Variable bound range        : [ 0.05, 1 ]
  RHS coefficient range       : [ 7.55155e-07, 1 ]
Objective value for Line heur k = 15: -12628795.186505955
75
Actual reward of current solution: 17011716.58656637
Minimum Difference with past solutions:0.050000000000000044.
Gurobi status: 2

Statistics for model Linearization Heuristic :
  Linear constraint matrix    : 13659 Constrs, 8010 Vars, 3011417 NZs
  Matrix coefficient range    : [ 1.02192e-13, 1 ]
  Objective coefficient range : [ 1.48183e-19, 6.1027e+07 ]
  Variable bound range        : [ 0.05, 1 ]
  RHS coefficient range       : [ 7.55155e-07, 1 ]
Objective value for Line heur k = 15: -12187843.979369622
75
Actual reward of current solution: 17011445.125597138
Minimum Difference with past solutions:0.0.
New solution equals old solution at k=15
74
Total Reward at the start of the inner iterations: 17011730.156481083
Gurobi status: 2

Statistics for model Linearization Heuristic :
  Linear constraint matrix    : 13494 Constrs, 7920 Vars, 2944369 NZs
  Matrix coefficient range    : [ 1.02384e-13, 1 ]
  Objective coefficient range : [ 1.20524e-19, 6.1027e+07 ]
  Variable bound range        : [ 0.05, 1 ]
  RHS coefficient range       : [ 1.7645e-06, 1 ]
Objective value for Line heur k = 16: -10781693.947448352
74
Actual reward of current solution: 17011445.125597138
Minimum Difference with past solutions:0.050000000000000044.
Gurobi status: 2

Statistics for model Linearization Heuristic :
  Linear constraint matrix    : 13494 Constrs, 7920 Vars, 2944369 NZs
  Matrix coefficient range    : [ 1.03351e-13, 1 ]
  Objective coefficient range : [ 9.35363e-20, 6.1027e+07 ]
  Variable bound range        : [ 0.05, 1 ]
  RHS coefficient range       : [ 1.7645e-06, 1 ]
Objective value for Line heur k = 16: -11152532.661744324
74
Actual reward of current solution: 17011716.58656637
Minimum Difference with past solutions:0.050000000000000044.
Gurobi status: 2

Statistics for model Linearization Heuristic :
  Linear constraint matrix    : 13494 Constrs, 7920 Vars, 2944369 NZs
  Matrix coefficient range    : [ 1.02192e-13, 1 ]
  Objective coefficient range : [ 1.48183e-19, 6.1027e+07 ]
  Variable bound range        : [ 0.05, 1 ]
  RHS coefficient range       : [ 1.7645e-06, 1 ]
Objective value for Line heur k = 16: -10719944.579774093
74
Actual reward of current solution: 17011445.125597138
Minimum Difference with past solutions:0.0.
New solution equals old solution at k=16
73
Total Reward at the start of the inner iterations: 17011730.156481083
Gurobi status: 2

Statistics for model Linearization Heuristic :
  Linear constraint matrix    : 13329 Constrs, 7830 Vars, 2878100 NZs
  Matrix coefficient range    : [ 1.02384e-13, 1 ]
  Objective coefficient range : [ 1.20524e-19, 6.1027e+07 ]
  Variable bound range        : [ 0.05, 1 ]
  RHS coefficient range       : [ 2.30323e-06, 1 ]
Objective value for Line heur k = 17: -9391852.331093939
73
Actual reward of current solution: 17011445.125597138
Minimum Difference with past solutions:0.050000000000000044.
Gurobi status: 2

Statistics for model Linearization Heuristic :
  Linear constraint matrix    : 13329 Constrs, 7830 Vars, 2878100 NZs
  Matrix coefficient range    : [ 1.03351e-13, 1 ]
  Objective coefficient range : [ 9.35363e-20, 6.1027e+07 ]
  Variable bound range        : [ 0.05, 1 ]
  RHS coefficient range       : [ 2.30323e-06, 1 ]
Objective value for Line heur k = 17: -9755334.793510173
73
Actual reward of current solution: 17011716.58656637
Minimum Difference with past solutions:0.050000000000000044.
Gurobi status: 2

Statistics for model Linearization Heuristic :
  Linear constraint matrix    : 13329 Constrs, 7830 Vars, 2878100 NZs
  Matrix coefficient range    : [ 1.02192e-13, 1 ]
  Objective coefficient range : [ 1.48183e-19, 6.1027e+07 ]
  Variable bound range        : [ 0.05, 1 ]
  RHS coefficient range       : [ 2.30323e-06, 1 ]
Objective value for Line heur k = 17: -9331151.857688453
73
Actual reward of current solution: 17011445.125597138
Minimum Difference with past solutions:0.0.
New solution equals old solution at k=17
72
Total Reward at the start of the inner iterations: 17011730.156481083
Gurobi status: 2

Statistics for model Linearization Heuristic :
  Linear constraint matrix    : 13164 Constrs, 7740 Vars, 2812610 NZs
  Matrix coefficient range    : [ 1.02384e-13, 1 ]
  Objective coefficient range : [ 1.20524e-19, 6.1027e+07 ]
  Variable bound range        : [ 0.05, 1 ]
  RHS coefficient range       : [ 2.75084e-06, 1 ]
Objective value for Line heur k = 18: -8071651.265906085
72
Actual reward of current solution: 17011445.125597138
Minimum Difference with past solutions:0.050000000000000044.
Gurobi status: 2

Statistics for model Linearization Heuristic :
  Linear constraint matrix    : 13164 Constrs, 7740 Vars, 2812610 NZs
  Matrix coefficient range    : [ 1.03351e-13, 1 ]
  Objective coefficient range : [ 9.35363e-20, 6.1027e+07 ]
  Variable bound range        : [ 0.05, 1 ]
  RHS coefficient range       : [ 2.75084e-06, 1 ]
Objective value for Line heur k = 18: -8427725.479358984
72
Actual reward of current solution: 17011716.58656637
Minimum Difference with past solutions:0.050000000000000044.
Gurobi status: 2

Statistics for model Linearization Heuristic :
  Linear constraint matrix    : 13164 Constrs, 7740 Vars, 2812610 NZs
  Matrix coefficient range    : [ 1.02192e-13, 1 ]
  Objective coefficient range : [ 1.48183e-19, 6.1027e+07 ]
  Variable bound range        : [ 0.05, 1 ]
  RHS coefficient range       : [ 2.75084e-06, 1 ]
Objective value for Line heur k = 18: -8012011.844048465
72
Actual reward of current solution: 17011445.125597138
Minimum Difference with past solutions:0.0.
New solution equals old solution at k=18
71
Total Reward at the start of the inner iterations: 17011730.156481083
Gurobi status: 2

Statistics for model Linearization Heuristic :
  Linear constraint matrix    : 12999 Constrs, 7650 Vars, 2747899 NZs
  Matrix coefficient range    : [ 1.02384e-13, 1 ]
  Objective coefficient range : [ 1.20524e-19, 6.1027e+07 ]
  Variable bound range        : [ 0.05, 1 ]
  RHS coefficient range       : [ 3.10297e-06, 1 ]
Objective value for Line heur k = 19: -6814744.203857894
71
Actual reward of current solution: 17011445.125597138
Minimum Difference with past solutions:0.050000000000000044.
Gurobi status: 2

Statistics for model Linearization Heuristic :
  Linear constraint matrix    : 12999 Constrs, 7650 Vars, 2747899 NZs
  Matrix coefficient range    : [ 1.03351e-13, 1 ]
  Objective coefficient range : [ 9.35363e-20, 6.1027e+07 ]
  Variable bound range        : [ 0.05, 1 ]
  RHS coefficient range       : [ 3.10297e-06, 1 ]
Objective value for Line heur k = 19: -7163349.799512954
71
Actual reward of current solution: 17011716.58656637
Minimum Difference with past solutions:0.050000000000000044.
Gurobi status: 2

Statistics for model Linearization Heuristic :
  Linear constraint matrix    : 12999 Constrs, 7650 Vars, 2747899 NZs
  Matrix coefficient range    : [ 1.02192e-13, 1 ]
  Objective coefficient range : [ 1.48183e-19, 6.1027e+07 ]
  Variable bound range        : [ 0.05, 1 ]
  RHS coefficient range       : [ 3.10297e-06, 1 ]
Objective value for Line heur k = 19: -6756178.132203462
71
Actual reward of current solution: 17011445.125597138
Minimum Difference with past solutions:0.0.
New solution equals old solution at k=19
70
Total Reward at the start of the inner iterations: 17011730.156481083
Gurobi status: 2

Statistics for model Linearization Heuristic :
  Linear constraint matrix    : 12834 Constrs, 7560 Vars, 2683967 NZs
  Matrix coefficient range    : [ 1.02384e-13, 1 ]
  Objective coefficient range : [ 1.20524e-19, 6.1027e+07 ]
  Variable bound range        : [ 0.05, 1 ]
  RHS coefficient range       : [ 3.36631e-06, 1 ]
Objective value for Line heur k = 20: -5616578.2110204315
70
Actual reward of current solution: 17011445.125597138
Minimum Difference with past solutions:0.050000000000000044.
Gurobi status: 2

Statistics for model Linearization Heuristic :
  Linear constraint matrix    : 12834 Constrs, 7560 Vars, 2683967 NZs
  Matrix coefficient range    : [ 1.03351e-13, 1 ]
  Objective coefficient range : [ 9.35363e-20, 6.1027e+07 ]
  Variable bound range        : [ 0.05, 1 ]
  RHS coefficient range       : [ 3.36631e-06, 1 ]
Objective value for Line heur k = 20: -5957654.8740391685
70
Actual reward of current solution: 17011716.58656637
Minimum Difference with past solutions:0.050000000000000044.
Gurobi status: 2

Statistics for model Linearization Heuristic :
  Linear constraint matrix    : 12834 Constrs, 7560 Vars, 2683967 NZs
  Matrix coefficient range    : [ 1.02192e-13, 1 ]
  Objective coefficient range : [ 1.48183e-19, 6.1027e+07 ]
  Variable bound range        : [ 0.05, 1 ]
  RHS coefficient range       : [ 3.36631e-06, 1 ]
Objective value for Line heur k = 20: -5559096.918889236
70
Actual reward of current solution: 17011445.125597138
Minimum Difference with past solutions:0.0.
New solution equals old solution at k=20
69
Total Reward at the start of the inner iterations: 17011730.156481083
Gurobi status: 2

Statistics for model Linearization Heuristic :
  Linear constraint matrix    : 12669 Constrs, 7470 Vars, 2620814 NZs
  Matrix coefficient range    : [ 1.02384e-13, 1 ]
  Objective coefficient range : [ 1.20524e-19, 6.1027e+07 ]
  Variable bound range        : [ 0.05, 1 ]
  RHS coefficient range       : [ 4.68777e-06, 1 ]
Objective value for Line heur k = 21: -4473687.921826439
69
Actual reward of current solution: 17011445.125597138
Minimum Difference with past solutions:0.050000000000000044.
Gurobi status: 2

Statistics for model Linearization Heuristic :
  Linear constraint matrix    : 12669 Constrs, 7470 Vars, 2620814 NZs
  Matrix coefficient range    : [ 1.03351e-13, 1 ]
  Objective coefficient range : [ 9.35363e-20, 6.1027e+07 ]
  Variable bound range        : [ 0.05, 1 ]
  RHS coefficient range       : [ 4.51677e-06, 1 ]
Objective value for Line heur k = 21: -4807182.524019596
69
Actual reward of current solution: 17011716.58656637
Minimum Difference with past solutions:0.050000000000000044.
Gurobi status: 2

Statistics for model Linearization Heuristic :
  Linear constraint matrix    : 12669 Constrs, 7470 Vars, 2620814 NZs
  Matrix coefficient range    : [ 1.02192e-13, 1 ]
  Objective coefficient range : [ 1.48183e-19, 6.1027e+07 ]
  Variable bound range        : [ 0.05, 1 ]
  RHS coefficient range       : [ 4.67175e-06, 1 ]
Objective value for Line heur k = 21: -4417301.052584566
69
Actual reward of current solution: 17011445.125597138
Minimum Difference with past solutions:0.0.
New solution equals old solution at k=21
68
Total Reward at the start of the inner iterations: 17011730.156481083
Gurobi status: 2

Statistics for model Linearization Heuristic :
  Linear constraint matrix    : 12504 Constrs, 7380 Vars, 2558440 NZs
  Matrix coefficient range    : [ 1.02384e-13, 1 ]
  Objective coefficient range : [ 1.20524e-19, 6.1027e+07 ]
  Variable bound range        : [ 0.05, 1 ]
  RHS coefficient range       : [ 6.32614e-06, 1 ]
Objective value for Line heur k = 22: -3383341.690407853
68
Actual reward of current solution: 17011445.125597138
Minimum Difference with past solutions:0.050000000000000044.
Gurobi status: 2

Statistics for model Linearization Heuristic :
  Linear constraint matrix    : 12504 Constrs, 7380 Vars, 2558440 NZs
  Matrix coefficient range    : [ 1.03351e-13, 1 ]
  Objective coefficient range : [ 9.35363e-20, 6.1027e+07 ]
  Variable bound range        : [ 0.05, 1 ]
  RHS coefficient range       : [ 5.93899e-06, 1 ]
Objective value for Line heur k = 22: -3709216.2984913425
68
Actual reward of current solution: 17011716.58656637
Minimum Difference with past solutions:0.050000000000000044.
Gurobi status: 2

Statistics for model Linearization Heuristic :
  Linear constraint matrix    : 12504 Constrs, 7380 Vars, 2558440 NZs
  Matrix coefficient range    : [ 1.02192e-13, 1 ]
  Objective coefficient range : [ 1.48183e-19, 6.1027e+07 ]
  Variable bound range        : [ 0.05, 1 ]
  RHS coefficient range       : [ 6.28981e-06, 1 ]
Objective value for Line heur k = 22: -3328055.9868610646
68
Actual reward of current solution: 17011445.125597138
Minimum Difference with past solutions:0.0.
New solution equals old solution at k=22
67
Total Reward at the start of the inner iterations: 17011730.156481083
Gurobi status: 2

Statistics for model Linearization Heuristic :
  Linear constraint matrix    : 12339 Constrs, 7290 Vars, 2496845 NZs
  Matrix coefficient range    : [ 1.02384e-13, 1 ]
  Objective coefficient range : [ 1.20524e-19, 6.1027e+07 ]
  Variable bound range        : [ 0.05, 1 ]
  RHS coefficient range       : [ 5.73745e-06, 1 ]
Objective value for Line heur k = 23: -2343409.234002907
67
Actual reward of current solution: 17011445.125597138
Minimum Difference with past solutions:0.050000000000000044.
Gurobi status: 2

Statistics for model Linearization Heuristic :
  Linear constraint matrix    : 12339 Constrs, 7290 Vars, 2496845 NZs
  Matrix coefficient range    : [ 1.03351e-13, 1 ]
  Objective coefficient range : [ 9.35363e-20, 6.1027e+07 ]
  Variable bound range        : [ 0.05, 1 ]
  RHS coefficient range       : [ 5.55043e-06, 1 ]
Objective value for Line heur k = 23: -2661652.4876095424
67
Actual reward of current solution: 17011716.58656637
Minimum Difference with past solutions:0.050000000000000044.
Gurobi status: 2

Statistics for model Linearization Heuristic :
  Linear constraint matrix    : 12339 Constrs, 7290 Vars, 2496845 NZs
  Matrix coefficient range    : [ 1.02192e-13, 1 ]
  Objective coefficient range : [ 1.48183e-19, 6.1027e+07 ]
  Variable bound range        : [ 0.05, 1 ]
  RHS coefficient range       : [ 5.73745e-06, 1 ]
Objective value for Line heur k = 23: -2289226.877677697
67
Actual reward of current solution: 17011445.125597138
Minimum Difference with past solutions:0.0.
New solution equals old solution at k=23
66
Total Reward at the start of the inner iterations: 17011730.156481083
Gurobi status: 2

Statistics for model Linearization Heuristic :
  Linear constraint matrix    : 12174 Constrs, 7200 Vars, 2436029 NZs
  Matrix coefficient range    : [ 1.02384e-13, 1 ]
  Objective coefficient range : [ 1.20524e-19, 6.1027e+07 ]
  Variable bound range        : [ 0.05, 1 ]
  RHS coefficient range       : [ 2.55936e-06, 1 ]
Objective value for Line heur k = 24: -1352397.7262678596
66
Actual reward of current solution: 17011445.125597138
Minimum Difference with past solutions:0.050000000000000044.
Gurobi status: 2

Statistics for model Linearization Heuristic :
  Linear constraint matrix    : 12174 Constrs, 7200 Vars, 2436029 NZs
  Matrix coefficient range    : [ 1.03351e-13, 1 ]
  Objective coefficient range : [ 9.35363e-20, 6.1027e+07 ]
  Variable bound range        : [ 0.05, 1 ]
  RHS coefficient range       : [ 1.80355e-06, 1 ]
Objective value for Line heur k = 24: -1663043.1472285106
66
Actual reward of current solution: 17011716.58656637
Minimum Difference with past solutions:0.050000000000000044.
Gurobi status: 2

Statistics for model Linearization Heuristic :
  Linear constraint matrix    : 12174 Constrs, 7200 Vars, 2436029 NZs
  Matrix coefficient range    : [ 1.02192e-13, 1 ]
  Objective coefficient range : [ 1.48183e-19, 6.1027e+07 ]
  Variable bound range        : [ 0.05, 1 ]
  RHS coefficient range       : [ 2.5964e-06, 1 ]
Objective value for Line heur k = 24: -1299313.6235972696
66
Actual reward of current solution: 17011445.125597138
Minimum Difference with past solutions:0.0.
New solution equals old solution at k=24
65
Total Reward at the start of the inner iterations: 17011730.156481083
Gurobi status: 2

Statistics for model Linearization Heuristic :
  Linear constraint matrix    : 12009 Constrs, 7110 Vars, 2375992 NZs
  Matrix coefficient range    : [ 1.02384e-13, 1 ]
  Objective coefficient range : [ 1.20524e-19, 6.1027e+07 ]
  Variable bound range        : [ 0.05, 1 ]
  RHS coefficient range       : [ 6.14995e-07, 1 ]
Objective value for Line heur k = 25: -409659.85637528345
65
Actual reward of current solution: 17011445.125597138
Minimum Difference with past solutions:0.050000000000000044.
Gurobi status: 2

Statistics for model Linearization Heuristic :
  Linear constraint matrix    : 12009 Constrs, 7110 Vars, 2375992 NZs
  Matrix coefficient range    : [ 1.03351e-13, 1 ]
  Objective coefficient range : [ 9.35363e-20, 6.1027e+07 ]
  Variable bound range        : [ 0.05, 1 ]
  RHS coefficient range       : [ 1.60616e-06, 1 ]
Objective value for Line heur k = 25: -712816.7890114895
65
Actual reward of current solution: 17011716.58656637
Minimum Difference with past solutions:0.050000000000000044.
Gurobi status: 2

Statistics for model Linearization Heuristic :
  Linear constraint matrix    : 12009 Constrs, 7110 Vars, 2375992 NZs
  Matrix coefficient range    : [ 1.02192e-13, 1 ]
  Objective coefficient range : [ 1.48183e-19, 6.1027e+07 ]
  Variable bound range        : [ 0.05, 1 ]
  RHS coefficient range       : [ 5.653e-07, 1 ]
Objective value for Line heur k = 25: -357657.05551270564
65
Actual reward of current solution: 17011445.125597138
Minimum Difference with past solutions:0.0.
New solution equals old solution at k=25
64
Total Reward at the start of the inner iterations: 17011730.156481083
Gurobi status: 2

Statistics for model Linearization Heuristic :
  Linear constraint matrix    : 11844 Constrs, 7020 Vars, 2316734 NZs
  Matrix coefficient range    : [ 1.02384e-13, 1 ]
  Objective coefficient range : [ 1.20524e-19, 6.1027e+07 ]
  Variable bound range        : [ 0.05, 1 ]
  RHS coefficient range       : [ 3.07366e-07, 1 ]
Objective value for Line heur k = 26: 484167.88222543895
64
Actual reward of current solution: 17011445.125597138
Minimum Difference with past solutions:0.050000000000000044.
Gurobi status: 2

Statistics for model Linearization Heuristic :
  Linear constraint matrix    : 11844 Constrs, 7020 Vars, 2316734 NZs
  Matrix coefficient range    : [ 1.03351e-13, 1 ]
  Objective coefficient range : [ 9.35363e-20, 6.1027e+07 ]
  Variable bound range        : [ 0.05, 1 ]
  RHS coefficient range       : [ 1.08055e-06, 1 ]
Objective value for Line heur k = 26: 188261.14258699014
64
Actual reward of current solution: 17011716.58656637
Minimum Difference with past solutions:0.050000000000000044.
Gurobi status: 2

Statistics for model Linearization Heuristic :
  Linear constraint matrix    : 11844 Constrs, 7020 Vars, 2316734 NZs
  Matrix coefficient range    : [ 1.02192e-13, 1 ]
  Objective coefficient range : [ 1.48183e-19, 6.1027e+07 ]
  Variable bound range        : [ 0.05, 1 ]
  RHS coefficient range       : [ 3.87769e-07, 1 ]
Objective value for Line heur k = 26: 535126.0121887543
64
Actual reward of current solution: 17011445.125597138
Minimum Difference with past solutions:0.0.
New solution equals old solution at k=26
63
Total Reward at the start of the inner iterations: 17011730.156481083
Gurobi status: 2

Statistics for model Linearization Heuristic :
  Linear constraint matrix    : 11679 Constrs, 6930 Vars, 2258255 NZs
  Matrix coefficient range    : [ 1.02384e-13, 1 ]
  Objective coefficient range : [ 1.20524e-19, 6.1027e+07 ]
  Variable bound range        : [ 0.05, 1 ]
  RHS coefficient range       : [ 4.95546e-07, 1 ]
Objective value for Line heur k = 27: 1326367.8280164665
63
Actual reward of current solution: 17011445.125597138
Minimum Difference with past solutions:0.050000000000000044.
Gurobi status: 2

Statistics for model Linearization Heuristic :
  Linear constraint matrix    : 11679 Constrs, 6930 Vars, 2258255 NZs
  Matrix coefficient range    : [ 1.03351e-13, 1 ]
  Objective coefficient range : [ 9.35363e-20, 6.1027e+07 ]
  Variable bound range        : [ 0.05, 1 ]
  RHS coefficient range       : [ 4.82494e-07, 1 ]
Objective value for Line heur k = 27: 1037252.4215128653
63
Actual reward of current solution: 17011716.58656637
Minimum Difference with past solutions:0.050000000000000044.
Gurobi status: 2

Statistics for model Linearization Heuristic :
  Linear constraint matrix    : 11679 Constrs, 6930 Vars, 2258255 NZs
  Matrix coefficient range    : [ 1.02192e-13, 1 ]
  Objective coefficient range : [ 1.48183e-19, 6.1027e+07 ]
  Variable bound range        : [ 0.05, 1 ]
  RHS coefficient range       : [ 5.05092e-07, 1 ]
Objective value for Line heur k = 27: 1376350.9826678454
63
Actual reward of current solution: 17011445.125597138
Minimum Difference with past solutions:0.0.
New solution equals old solution at k=27
62
Total Reward at the start of the inner iterations: 17011730.156481083
Gurobi status: 2

Statistics for model Linearization Heuristic :
  Linear constraint matrix    : 11514 Constrs, 6840 Vars, 2200609 NZs
  Matrix coefficient range    : [ 1.02384e-13, 1 ]
  Objective coefficient range : [ 1.20524e-19, 6.1027e+07 ]
  Variable bound range        : [ 0.05, 1 ]
  RHS coefficient range       : [ 9.98527e-07, 0.645576 ]
Objective value for Line heur k = 28: 2110747.686970555
62
Actual reward of current solution: 17011445.125597138
Minimum Difference with past solutions:0.050000000000000044.
Gurobi status: 2

Statistics for model Linearization Heuristic :
  Linear constraint matrix    : 11514 Constrs, 6840 Vars, 2200609 NZs
  Matrix coefficient range    : [ 1.03351e-13, 1 ]
  Objective coefficient range : [ 9.35363e-20, 6.1027e+07 ]
  Variable bound range        : [ 0.05, 1 ]
  RHS coefficient range       : [ 1.04543e-06, 0.649085 ]
Objective value for Line heur k = 28: 1827586.1464314794
62
Actual reward of current solution: 17011716.58656637
Minimum Difference with past solutions:0.050000000000000044.
Gurobi status: 2

Statistics for model Linearization Heuristic :
  Linear constraint matrix    : 11514 Constrs, 6840 Vars, 2200609 NZs
  Matrix coefficient range    : [ 1.02192e-13, 1 ]
  Objective coefficient range : [ 1.48183e-19, 6.1027e+07 ]
  Variable bound range        : [ 0.05, 1 ]
  RHS coefficient range       : [ 9.83046e-07, 0.644913 ]
Objective value for Line heur k = 28: 2159881.556012924
62
Actual reward of current solution: 17011445.125597138
Minimum Difference with past solutions:0.0.
New solution equals old solution at k=28
61
Total Reward at the start of the inner iterations: 17011730.156481083
Gurobi status: 2

Statistics for model Linearization Heuristic :
  Linear constraint matrix    : 11403 Constrs, 6750 Vars, 2139524 NZs
  Matrix coefficient range    : [ 1.02384e-13, 1 ]
  Objective coefficient range : [ 1.20524e-19, 6.1027e+07 ]
  Variable bound range        : [ 0.05, 1 ]
  RHS coefficient range       : [ 5.43674e-07, 1 ]
Objective value for Line heur k = 29: 2912216.939102316
61
Actual reward of current solution: 17011730.156481083
Minimum Difference with past solutions:0.0.
New solution equals old solution at k=29
60
Total Reward at the start of the inner iterations: 17011730.156481083
Gurobi status: 2

Statistics for model Linearization Heuristic :
  Linear constraint matrix    : 11238 Constrs, 6660 Vars, 2079221 NZs
  Matrix coefficient range    : [ 1.02384e-13, 1 ]
  Objective coefficient range : [ 1.20524e-19, 6.1027e+07 ]
  Variable bound range        : [ 0.05, 1 ]
  RHS coefficient range       : [ 3.61798e-07, 1 ]
Objective value for Line heur k = 30: 3652314.604812299
60
Actual reward of current solution: 17011730.156481083
Minimum Difference with past solutions:0.0.
New solution equals old solution at k=30
59
Total Reward at the start of the inner iterations: 17011730.156481083
Gurobi status: 2

Statistics for model Linearization Heuristic :
  Linear constraint matrix    : 11073 Constrs, 6570 Vars, 2019754 NZs
  Matrix coefficient range    : [ 1.02384e-13, 1 ]
  Objective coefficient range : [ 1.20524e-19, 6.1027e+07 ]
  Variable bound range        : [ 0.05, 1 ]
  RHS coefficient range       : [ 3.15248e-07, 1 ]
Objective value for Line heur k = 31: 4344555.139590503
59
Actual reward of current solution: 17011730.156481083
Minimum Difference with past solutions:0.0.
New solution equals old solution at k=31
58
Total Reward at the start of the inner iterations: 17011730.156481083
Gurobi status: 2

Statistics for model Linearization Heuristic :
  Linear constraint matrix    : 10908 Constrs, 6480 Vars, 1961123 NZs
  Matrix coefficient range    : [ 1.02384e-13, 1 ]
  Objective coefficient range : [ 1.20524e-19, 6.1027e+07 ]
  Variable bound range        : [ 0.05, 1 ]
  RHS coefficient range       : [ 3.34351e-07, 1 ]
Objective value for Line heur k = 32: 4997595.955521909
58
Actual reward of current solution: 17011730.156481083
Minimum Difference with past solutions:0.0.
New solution equals old solution at k=32
57
Total Reward at the start of the inner iterations: 17011730.156481083
Gurobi status: 2

Statistics for model Linearization Heuristic :
  Linear constraint matrix    : 10743 Constrs, 6390 Vars, 1903328 NZs
  Matrix coefficient range    : [ 1.02384e-13, 1 ]
  Objective coefficient range : [ 1.20524e-19, 6.1027e+07 ]
  Variable bound range        : [ 0.05, 1 ]
  RHS coefficient range       : [ 3.83764e-07, 1 ]
Objective value for Line heur k = 33: 5616324.484664759
57
Actual reward of current solution: 17011730.156481083
Minimum Difference with past solutions:0.0.
New solution equals old solution at k=33
56
Total Reward at the start of the inner iterations: 17011730.156481083
Gurobi status: 2

Statistics for model Linearization Heuristic :
  Linear constraint matrix    : 10578 Constrs, 6300 Vars, 1846369 NZs
  Matrix coefficient range    : [ 1.02384e-13, 1 ]
  Objective coefficient range : [ 1.20524e-19, 6.1027e+07 ]
  Variable bound range        : [ 0.05, 1 ]
  RHS coefficient range       : [ 4.45457e-07, 1 ]
Objective value for Line heur k = 34: 6203650.820161243
56
Actual reward of current solution: 17011730.156481083
Minimum Difference with past solutions:0.0.
New solution equals old solution at k=34
55
Total Reward at the start of the inner iterations: 17011730.156481083
Gurobi status: 2

Statistics for model Linearization Heuristic :
  Linear constraint matrix    : 10413 Constrs, 6210 Vars, 1790246 NZs
  Matrix coefficient range    : [ 1.02384e-13, 1 ]
  Objective coefficient range : [ 1.20524e-19, 6.1027e+07 ]
  Variable bound range        : [ 0.05, 1 ]
  RHS coefficient range       : [ 5.10148e-07, 1 ]
Objective value for Line heur k = 35: 6761427.3281248165
55
Actual reward of current solution: 17011730.156481083
Minimum Difference with past solutions:0.0.
New solution equals old solution at k=35
54
Total Reward at the start of the inner iterations: 17011730.156481083
Gurobi status: 2

Statistics for model Linearization Heuristic :
  Linear constraint matrix    : 10248 Constrs, 6120 Vars, 1734959 NZs
  Matrix coefficient range    : [ 1.02384e-13, 1 ]
  Objective coefficient range : [ 1.20524e-19, 6.1027e+07 ]
  Variable bound range        : [ 0.05, 1 ]
  RHS coefficient range       : [ 6.38312e-07, 1 ]
Objective value for Line heur k = 36: 7290907.683214072
54
Actual reward of current solution: 17011730.156481083
Minimum Difference with past solutions:0.0.
New solution equals old solution at k=36
53
Total Reward at the start of the inner iterations: 17011730.156481083
Gurobi status: 2

Statistics for model Linearization Heuristic :
  Linear constraint matrix    : 10083 Constrs, 6030 Vars, 1680508 NZs
  Matrix coefficient range    : [ 1.02384e-13, 1 ]
  Objective coefficient range : [ 1.20524e-19, 6.1027e+07 ]
  Variable bound range        : [ 0.05, 1 ]
  RHS coefficient range       : [ 8.61404e-08, 1 ]
Objective value for Line heur k = 37: 7792952.869163973
53
Actual reward of current solution: 17011730.156481083
Minimum Difference with past solutions:0.0.
New solution equals old solution at k=37
52
Total Reward at the start of the inner iterations: 17011730.156481083
Gurobi status: 2

Statistics for model Linearization Heuristic :
  Linear constraint matrix    : 9918 Constrs, 5940 Vars, 1626893 NZs
  Matrix coefficient range    : [ 1.02384e-13, 1 ]
  Objective coefficient range : [ 1.20524e-19, 6.1027e+07 ]
  Variable bound range        : [ 0.05, 1 ]
  RHS coefficient range       : [ 9.58266e-07, 1 ]
Objective value for Line heur k = 38: 8268079.390200194
52
Actual reward of current solution: 17011730.156481083
Minimum Difference with past solutions:0.0.
New solution equals old solution at k=38
51
Total Reward at the start of the inner iterations: 17011730.156481083
Gurobi status: 2

Statistics for model Linearization Heuristic :
  Linear constraint matrix    : 9753 Constrs, 5850 Vars, 1574114 NZs
  Matrix coefficient range    : [ 1.02384e-13, 1 ]
  Objective coefficient range : [ 1.20524e-19, 6.1027e+07 ]
  Variable bound range        : [ 0.05, 1 ]
  RHS coefficient range       : [ 1.20332e-06, 1 ]
Objective value for Line heur k = 39: 8716376.076811602
51
Actual reward of current solution: 17011730.156481083
Minimum Difference with past solutions:0.0.
New solution equals old solution at k=39
50
Total Reward at the start of the inner iterations: 17011730.156481083
Gurobi status: 2

Statistics for model Linearization Heuristic :
  Linear constraint matrix    : 9588 Constrs, 5760 Vars, 1522171 NZs
  Matrix coefficient range    : [ 1.02384e-13, 1 ]
  Objective coefficient range : [ 1.20524e-19, 6.1027e+07 ]
  Variable bound range        : [ 0.05, 1 ]
  RHS coefficient range       : [ 1.53401e-06, 1 ]
Objective value for Line heur k = 40: 9137260.762108402
50
Actual reward of current solution: 17011730.156481083
Minimum Difference with past solutions:0.0.
New solution equals old solution at k=40
49
Total Reward at the start of the inner iterations: 17011730.156481083
Gurobi status: 2

Statistics for model Linearization Heuristic :
  Linear constraint matrix    : 9423 Constrs, 5670 Vars, 1471064 NZs
  Matrix coefficient range    : [ 1.02384e-13, 1 ]
  Objective coefficient range : [ 1.20524e-19, 6.1027e+07 ]
  Variable bound range        : [ 0.05, 1 ]
  RHS coefficient range       : [ 3.89433e-08, 1 ]
Objective value for Line heur k = 41: 9528983.819121953
49
Actual reward of current solution: 17011730.156481083
Minimum Difference with past solutions:0.0.
New solution equals old solution at k=41
48
Total Reward at the start of the inner iterations: 17011730.156481083
Gurobi status: 2

Statistics for model Linearization Heuristic :
  Linear constraint matrix    : 9258 Constrs, 5580 Vars, 1420847 NZs
  Matrix coefficient range    : [ 1.02384e-13, 1 ]
  Objective coefficient range : [ 1.20524e-19, 6.1027e+07 ]
  Variable bound range        : [ 0.05, 1 ]
  RHS coefficient range       : [ 1.8429e-06, 0.539248 ]
Objective value for Line heur k = 42: 9887686.374039898
48
Actual reward of current solution: 17011730.156481083
Minimum Difference with past solutions:0.0.
New solution equals old solution at k=42
47
Total Reward at the start of the inner iterations: 17011730.156481083
Gurobi status: 2

Statistics for model Linearization Heuristic :
  Linear constraint matrix    : 9147 Constrs, 5490 Vars, 1371466 NZs
  Matrix coefficient range    : [ 1.02384e-13, 1 ]
  Objective coefficient range : [ 1.20524e-19, 6.1027e+07 ]
  Variable bound range        : [ 0.05, 1 ]
  RHS coefficient range       : [ 6.67694e-07, 1 ]
Objective value for Line heur k = 43: 10240306.27144814
47
Actual reward of current solution: 17011730.156481083
Minimum Difference with past solutions:0.0.
New solution equals old solution at k=43
46
Total Reward at the start of the inner iterations: 17011730.156481083
Gurobi status: 2

Statistics for model Linearization Heuristic :
  Linear constraint matrix    : 8982 Constrs, 5400 Vars, 1322867 NZs
  Matrix coefficient range    : [ 1.02384e-13, 1 ]
  Objective coefficient range : [ 1.20524e-19, 6.1027e+07 ]
  Variable bound range        : [ 0.05, 1 ]
  RHS coefficient range       : [ 1.09039e-08, 1 ]
Objective value for Line heur k = 44: 10557658.429408511
46
Actual reward of current solution: 17011730.156481083
Minimum Difference with past solutions:0.0.
New solution equals old solution at k=44
45
Total Reward at the start of the inner iterations: 17011730.156481083
Gurobi status: 2

Statistics for model Linearization Heuristic :
  Linear constraint matrix    : 8817 Constrs, 5310 Vars, 1275104 NZs
  Matrix coefficient range    : [ 1.02384e-13, 1 ]
  Objective coefficient range : [ 1.20524e-19, 6.1027e+07 ]
  Variable bound range        : [ 0.05, 1 ]
  RHS coefficient range       : [ 5.17084e-07, 1 ]
Objective value for Line heur k = 45: 10847312.805449102
45
Actual reward of current solution: 17011730.156481083
Minimum Difference with past solutions:0.0.
New solution equals old solution at k=45
44
Total Reward at the start of the inner iterations: 17011730.156481083
Gurobi status: 2

Statistics for model Linearization Heuristic :
  Linear constraint matrix    : 8652 Constrs, 5220 Vars, 1228177 NZs
  Matrix coefficient range    : [ 1.02384e-13, 1 ]
  Objective coefficient range : [ 1.20524e-19, 6.1027e+07 ]
  Variable bound range        : [ 0.05, 1 ]
  RHS coefficient range       : [ 9.24042e-07, 1 ]
Objective value for Line heur k = 46: 11113111.244373046
44
Actual reward of current solution: 17011730.156481083
Minimum Difference with past solutions:0.0.
New solution equals old solution at k=46
43
Total Reward at the start of the inner iterations: 17011730.156481083
Gurobi status: 2

Statistics for model Linearization Heuristic :
  Linear constraint matrix    : 8487 Constrs, 5130 Vars, 1182086 NZs
  Matrix coefficient range    : [ 1.02384e-13, 1 ]
  Objective coefficient range : [ 1.20524e-19, 6.1027e+07 ]
  Variable bound range        : [ 0.05, 1 ]
  RHS coefficient range       : [ 1.25511e-06, 1 ]
Objective value for Line heur k = 47: 11357062.945453813
43
Actual reward of current solution: 17011730.156481083
Minimum Difference with past solutions:0.0.
New solution equals old solution at k=47
42
Total Reward at the start of the inner iterations: 17011730.156481083
Gurobi status: 2

Statistics for model Linearization Heuristic :
  Linear constraint matrix    : 8322 Constrs, 5040 Vars, 1136831 NZs
  Matrix coefficient range    : [ 1.02384e-13, 1 ]
  Objective coefficient range : [ 1.20524e-19, 6.1027e+07 ]
  Variable bound range        : [ 0.05, 1 ]
  RHS coefficient range       : [ 1.53504e-06, 1 ]
Objective value for Line heur k = 48: 11580275.928308522
42
Actual reward of current solution: 17011730.156481083
Minimum Difference with past solutions:0.0.
New solution equals old solution at k=48
41
Total Reward at the start of the inner iterations: 17011730.156481083
Gurobi status: 2

Statistics for model Linearization Heuristic :
  Linear constraint matrix    : 8157 Constrs, 4950 Vars, 1092412 NZs
  Matrix coefficient range    : [ 1.02384e-13, 1 ]
  Objective coefficient range : [ 1.20524e-19, 6.1027e+07 ]
  Variable bound range        : [ 0.05, 1 ]
  RHS coefficient range       : [ 1.77786e-06, 1 ]
Objective value for Line heur k = 49: 11783413.989658736
41
Actual reward of current solution: 17011730.156481083
Minimum Difference with past solutions:0.0.
New solution equals old solution at k=49
40
Total Reward at the start of the inner iterations: 17011730.156481083
Gurobi status: 2

Statistics for model Linearization Heuristic :
  Linear constraint matrix    : 7992 Constrs, 4860 Vars, 1048829 NZs
  Matrix coefficient range    : [ 1.02384e-13, 1 ]
  Objective coefficient range : [ 1.20524e-19, 6.1027e+07 ]
  Variable bound range        : [ 0.05, 1 ]
  RHS coefficient range       : [ 1.9919e-06, 1 ]
Objective value for Line heur k = 50: 11966920.566338131
40
Actual reward of current solution: 17011730.156481083
Minimum Difference with past solutions:0.0.
New solution equals old solution at k=50
39
Total Reward at the start of the inner iterations: 17011730.156481083
Gurobi status: 2

Statistics for model Linearization Heuristic :
  Linear constraint matrix    : 7827 Constrs, 4770 Vars, 1006082 NZs
  Matrix coefficient range    : [ 1.02384e-13, 1 ]
  Objective coefficient range : [ 1.20524e-19, 6.1027e+07 ]
  Variable bound range        : [ 0.05, 1 ]
  RHS coefficient range       : [ 2.18242e-06, 1 ]
Objective value for Line heur k = 51: 12131128.372770542
39
Actual reward of current solution: 17011730.156481083
Minimum Difference with past solutions:0.0.
New solution equals old solution at k=51
38
Total Reward at the start of the inner iterations: 17011730.156481083
Gurobi status: 2

Statistics for model Linearization Heuristic :
  Linear constraint matrix    : 7662 Constrs, 4680 Vars, 964171 NZs
  Matrix coefficient range    : [ 1.02384e-13, 1 ]
  Objective coefficient range : [ 1.20524e-19, 6.1027e+07 ]
  Variable bound range        : [ 0.05, 1 ]
  RHS coefficient range       : [ 2.35297e-06, 1 ]
Objective value for Line heur k = 52: 12276313.216944745
38
Actual reward of current solution: 17011730.156481083
Minimum Difference with past solutions:0.0.
New solution equals old solution at k=52
37
Total Reward at the start of the inner iterations: 17011730.156481083
Gurobi status: 2

Statistics for model Linearization Heuristic :
  Linear constraint matrix    : 7497 Constrs, 4590 Vars, 923096 NZs
  Matrix coefficient range    : [ 1.02384e-13, 1 ]
  Objective coefficient range : [ 1.20524e-19, 6.1027e+07 ]
  Variable bound range        : [ 0.05, 1 ]
  RHS coefficient range       : [ 2.50611e-06, 1 ]
Objective value for Line heur k = 53: 12402720.615573268
37
Actual reward of current solution: 17011730.156481083
Minimum Difference with past solutions:0.0.
New solution equals old solution at k=53
36
Total Reward at the start of the inner iterations: 17011730.156481083
Gurobi status: 2

Statistics for model Linearization Heuristic :
  Linear constraint matrix    : 7332 Constrs, 4500 Vars, 882857 NZs
  Matrix coefficient range    : [ 1.02384e-13, 1 ]
  Objective coefficient range : [ 1.20524e-19, 6.1027e+07 ]
  Variable bound range        : [ 0.05, 1 ]
  RHS coefficient range       : [ 2.64381e-06, 1 ]
Objective value for Line heur k = 54: 12510579.189673014
36
Actual reward of current solution: 17011730.156481083
Minimum Difference with past solutions:0.0.
New solution equals old solution at k=54
35
Total Reward at the start of the inner iterations: 17011730.156481083
Gurobi status: 2

Statistics for model Linearization Heuristic :
  Linear constraint matrix    : 7167 Constrs, 4410 Vars, 843454 NZs
  Matrix coefficient range    : [ 1.02384e-13, 1 ]
  Objective coefficient range : [ 1.20524e-19, 6.1027e+07 ]
  Variable bound range        : [ 0.05, 1 ]
  RHS coefficient range       : [ 2.76768e-06, 1 ]
Objective value for Line heur k = 55: 12600107.645131031
35
Actual reward of current solution: 17011730.156481083
Minimum Difference with past solutions:0.0.
New solution equals old solution at k=55
34
Total Reward at the start of the inner iterations: 17011730.156481083
Gurobi status: 2

Statistics for model Linearization Heuristic :
  Linear constraint matrix    : 7002 Constrs, 4320 Vars, 804941 NZs
  Matrix coefficient range    : [ 1.02384e-13, 1 ]
  Objective coefficient range : [ 1.20524e-19, 6.1027e+07 ]
  Variable bound range        : [ 0.05, 1 ]
  RHS coefficient range       : [ 2.87905e-06, 0.433182 ]
Objective value for Line heur k = 56: 12671518.636106322
34
Actual reward of current solution: 17011730.156481083
Minimum Difference with past solutions:0.0.
New solution equals old solution at k=56
33
Total Reward at the start of the inner iterations: 17011730.156481083
Gurobi status: 2

Statistics for model Linearization Heuristic :
  Linear constraint matrix    : 6891 Constrs, 4230 Vars, 767264 NZs
  Matrix coefficient range    : [ 1.02384e-13, 1 ]
  Objective coefficient range : [ 1.20524e-19, 6.1027e+07 ]
  Variable bound range        : [ 0.05, 1 ]
  RHS coefficient range       : [ 2.97906e-06, 1 ]
Objective value for Line heur k = 57: 12725021.102498882
33
Actual reward of current solution: 17011730.156481083
Minimum Difference with past solutions:0.0.
New solution equals old solution at k=57
32
Total Reward at the start of the inner iterations: 17011730.156481083
Gurobi status: 2

Statistics for model Linearization Heuristic :
  Linear constraint matrix    : 6726 Constrs, 4140 Vars, 730369 NZs
  Matrix coefficient range    : [ 1.02384e-13, 1 ]
  Objective coefficient range : [ 1.20524e-19, 6.1027e+07 ]
  Variable bound range        : [ 0.05, 1 ]
  RHS coefficient range       : [ 3.06873e-06, 1 ]
Objective value for Line heur k = 58: 12760821.846187284
32
Actual reward of current solution: 17011730.156481083
Minimum Difference with past solutions:0.0.
New solution equals old solution at k=58
31
Total Reward at the start of the inner iterations: 17011730.156481083
Gurobi status: 2

Statistics for model Linearization Heuristic :
  Linear constraint matrix    : 6561 Constrs, 4050 Vars, 694310 NZs
  Matrix coefficient range    : [ 1.02384e-13, 1 ]
  Objective coefficient range : [ 1.20524e-19, 6.1027e+07 ]
  Variable bound range        : [ 0.05, 1 ]
  RHS coefficient range       : [ 3.14895e-06, 1 ]
Objective value for Line heur k = 59: 12779126.71277707
31
Actual reward of current solution: 17011730.156481083
Minimum Difference with past solutions:0.0.
New solution equals old solution at k=59
30
Total Reward at the start of the inner iterations: 17011730.156481083
Gurobi status: 2

Statistics for model Linearization Heuristic :
  Linear constraint matrix    : 6396 Constrs, 3960 Vars, 659087 NZs
  Matrix coefficient range    : [ 1.02384e-13, 1 ]
  Objective coefficient range : [ 1.20524e-19, 6.1027e+07 ]
  Variable bound range        : [ 0.05, 1 ]
  RHS coefficient range       : [ 3.09261e-06, 1 ]
Objective value for Line heur k = 60: 12780141.555309106
30
Actual reward of current solution: 17011730.156481083
Minimum Difference with past solutions:0.0.
New solution equals old solution at k=60
29
Total Reward at the start of the inner iterations: 17011730.156481083
Gurobi status: 2

Statistics for model Linearization Heuristic :
  Linear constraint matrix    : 6231 Constrs, 3870 Vars, 624700 NZs
  Matrix coefficient range    : [ 1.02384e-13, 1 ]
  Objective coefficient range : [ 1.20524e-19, 6.1027e+07 ]
  Variable bound range        : [ 0.05, 1 ]
  RHS coefficient range       : [ 3.02049e-06, 1 ]
Objective value for Line heur k = 61: 12764073.066093197
29
Actual reward of current solution: 17011730.156481083
Minimum Difference with past solutions:0.0.
New solution equals old solution at k=61
28
Total Reward at the start of the inner iterations: 17011730.156481083
Gurobi status: 2

Statistics for model Linearization Heuristic :
  Linear constraint matrix    : 6066 Constrs, 3780 Vars, 591149 NZs
  Matrix coefficient range    : [ 1.02384e-13, 1 ]
  Objective coefficient range : [ 1.20524e-19, 6.1027e+07 ]
  Variable bound range        : [ 0.05, 1 ]
  RHS coefficient range       : [ 2.95505e-06, 1 ]
Objective value for Line heur k = 62: 12731129.520347124
28
Actual reward of current solution: 17011730.156481083
Minimum Difference with past solutions:0.0.
New solution equals old solution at k=62
27
Total Reward at the start of the inner iterations: 17011730.156481083
Gurobi status: 2

Statistics for model Linearization Heuristic :
  Linear constraint matrix    : 5901 Constrs, 3690 Vars, 558434 NZs
  Matrix coefficient range    : [ 1.02384e-13, 1 ]
  Objective coefficient range : [ 1.20524e-19, 6.1027e+07 ]
  Variable bound range        : [ 0.05, 1 ]
  RHS coefficient range       : [ 2.8955e-06, 1 ]
Objective value for Line heur k = 63: 12681521.455468416
27
Actual reward of current solution: 17011730.156481083
Minimum Difference with past solutions:0.0.
New solution equals old solution at k=63
26
Total Reward at the start of the inner iterations: 17011730.156481083
Gurobi status: 2

Statistics for model Linearization Heuristic :
  Linear constraint matrix    : 5736 Constrs, 3600 Vars, 526555 NZs
  Matrix coefficient range    : [ 1.02384e-13, 1 ]
  Objective coefficient range : [ 1.20524e-19, 6.1027e+07 ]
  Variable bound range        : [ 0.05, 1 ]
  RHS coefficient range       : [ 2.84112e-06, 1 ]
Objective value for Line heur k = 64: 12615462.300508598
26
Actual reward of current solution: 17011730.156481083
Minimum Difference with past solutions:0.0.
New solution equals old solution at k=64
25
Total Reward at the start of the inner iterations: 17011730.156481083
Gurobi status: 2

Statistics for model Linearization Heuristic :
  Linear constraint matrix    : 5571 Constrs, 3510 Vars, 495512 NZs
  Matrix coefficient range    : [ 1.02384e-13, 1 ]
  Objective coefficient range : [ 1.20524e-19, 6.1027e+07 ]
  Variable bound range        : [ 0.05, 1 ]
  RHS coefficient range       : [ 2.7913e-06, 1 ]
Objective value for Line heur k = 65: 12533168.966056673
25
Actual reward of current solution: 17011730.156481083
Minimum Difference with past solutions:0.0.
New solution equals old solution at k=65
24
Total Reward at the start of the inner iterations: 17011730.156481083
Gurobi status: 2

Statistics for model Linearization Heuristic :
  Linear constraint matrix    : 5406 Constrs, 3420 Vars, 465305 NZs
  Matrix coefficient range    : [ 1.02384e-13, 1 ]
  Objective coefficient range : [ 1.20524e-19, 6.1027e+07 ]
  Variable bound range        : [ 0.05, 1 ]
  RHS coefficient range       : [ 2.7455e-06, 1 ]
Objective value for Line heur k = 66: 12434862.402604785
24
Actual reward of current solution: 17011730.156481083
Minimum Difference with past solutions:0.0.
New solution equals old solution at k=66
23
Total Reward at the start of the inner iterations: 17011730.156481083
Gurobi status: 2

Statistics for model Linearization Heuristic :
  Linear constraint matrix    : 5241 Constrs, 3330 Vars, 435934 NZs
  Matrix coefficient range    : [ 1.02384e-13, 1 ]
  Objective coefficient range : [ 1.20524e-19, 6.1027e+07 ]
  Variable bound range        : [ 0.05, 1 ]
  RHS coefficient range       : [ 2.70325e-06, 1 ]
Objective value for Line heur k = 67: 12320768.13434027
23
Actual reward of current solution: 17011730.156481083
Minimum Difference with past solutions:0.0.
New solution equals old solution at k=67
22
Total Reward at the start of the inner iterations: 17011730.156481083
Gurobi status: 2

Statistics for model Linearization Heuristic :
  Linear constraint matrix    : 5076 Constrs, 3240 Vars, 407399 NZs
  Matrix coefficient range    : [ 1.02384e-13, 1 ]
  Objective coefficient range : [ 1.20524e-19, 6.1027e+07 ]
  Variable bound range        : [ 0.05, 1 ]
  RHS coefficient range       : [ 2.66412e-06, 1 ]
Objective value for Line heur k = 68: 12191116.774636472
22
Actual reward of current solution: 17011730.156481083
Minimum Difference with past solutions:0.0.
New solution equals old solution at k=68
21
Total Reward at the start of the inner iterations: 17011730.156481083
Gurobi status: 2

Statistics for model Linearization Heuristic :
  Linear constraint matrix    : 4911 Constrs, 3150 Vars, 379700 NZs
  Matrix coefficient range    : [ 1.02384e-13, 1 ]
  Objective coefficient range : [ 1.20524e-19, 6.1027e+07 ]
  Variable bound range        : [ 0.05, 1 ]
  RHS coefficient range       : [ 2.62774e-06, 1 ]
Objective value for Line heur k = 69: 12046144.529067963
21
Actual reward of current solution: 17011730.156481083
Minimum Difference with past solutions:0.0.
New solution equals old solution at k=69
20
Total Reward at the start of the inner iterations: 17011730.156481083
Gurobi status: 2

Statistics for model Linearization Heuristic :
  Linear constraint matrix    : 4746 Constrs, 3060 Vars, 352891 NZs
  Matrix coefficient range    : [ 1.02384e-13, 1 ]
  Objective coefficient range : [ 1.20524e-19, 6.1027e+07 ]
  Variable bound range        : [ 0.05, 1 ]
  RHS coefficient range       : [ 2.59378e-06, 0.346368 ]
Objective value for Line heur k = 70: 11886093.69147079
20
Actual reward of current solution: 17011730.156481083
Minimum Difference with past solutions:0.0.
New solution equals old solution at k=70
19
Total Reward at the start of the inner iterations: 17011730.156481083
Gurobi status: 2

Statistics for model Linearization Heuristic :
  Linear constraint matrix    : 4635 Constrs, 2970 Vars, 326918 NZs
  Matrix coefficient range    : [ 1.02384e-13, 1 ]
  Objective coefficient range : [ 1.20524e-19, 6.1027e+07 ]
  Variable bound range        : [ 0.05, 1 ]
  RHS coefficient range       : [ 2.56196e-06, 1 ]
Objective value for Line heur k = 71: 11711213.13840066
19
Actual reward of current solution: 17011730.156481083
Minimum Difference with past solutions:0.0.
New solution equals old solution at k=71
18
Total Reward at the start of the inner iterations: 17011730.156481083
Gurobi status: 2

Statistics for model Linearization Heuristic :
  Linear constraint matrix    : 4470 Constrs, 2880 Vars, 301727 NZs
  Matrix coefficient range    : [ 1.02384e-13, 1 ]
  Objective coefficient range : [ 1.20524e-19, 6.1027e+07 ]
  Variable bound range        : [ 0.05, 1 ]
  RHS coefficient range       : [ 2.532e-06, 1 ]
Objective value for Line heur k = 72: 11521758.827367371
18
Actual reward of current solution: 17011730.156481083
Minimum Difference with past solutions:0.0.
New solution equals old solution at k=72
17
Total Reward at the start of the inner iterations: 17011730.156481083
Gurobi status: 2

Statistics for model Linearization Heuristic :
  Linear constraint matrix    : 4305 Constrs, 2790 Vars, 277372 NZs
  Matrix coefficient range    : [ 1.02384e-13, 1 ]
  Objective coefficient range : [ 1.20524e-19, 6.1027e+07 ]
  Variable bound range        : [ 0.05, 1 ]
  RHS coefficient range       : [ 2.5037e-06, 1 ]
Objective value for Line heur k = 73: 11317994.304573854
17
Actual reward of current solution: 17011730.156481083
Minimum Difference with past solutions:0.0.
New solution equals old solution at k=73
16
Total Reward at the start of the inner iterations: 17011730.156481083
Gurobi status: 2

Statistics for model Linearization Heuristic :
  Linear constraint matrix    : 4140 Constrs, 2700 Vars, 253853 NZs
  Matrix coefficient range    : [ 1.02384e-13, 1 ]
  Objective coefficient range : [ 1.20524e-19, 6.1027e+07 ]
  Variable bound range        : [ 0.05, 1 ]
  RHS coefficient range       : [ 2.47684e-06, 1 ]
Objective value for Line heur k = 74: 11100191.228827728
16
Actual reward of current solution: 17011730.156481083
Minimum Difference with past solutions:0.0.
New solution equals old solution at k=74
15
Total Reward at the start of the inner iterations: 17011730.156481083
Gurobi status: 2

Statistics for model Linearization Heuristic :
  Linear constraint matrix    : 3975 Constrs, 2610 Vars, 231170 NZs
  Matrix coefficient range    : [ 1.02384e-13, 1 ]
  Objective coefficient range : [ 1.20524e-19, 6.1027e+07 ]
  Variable bound range        : [ 0.05, 1 ]
  RHS coefficient range       : [ 2.45124e-06, 1 ]
Objective value for Line heur k = 75: 10868629.92033686
15
Actual reward of current solution: 17011730.156481083
Minimum Difference with past solutions:0.0.
New solution equals old solution at k=75
14
Total Reward at the start of the inner iterations: 17011730.156481083
Gurobi status: 2

Statistics for model Linearization Heuristic :
  Linear constraint matrix    : 3810 Constrs, 2520 Vars, 209323 NZs
  Matrix coefficient range    : [ 1.02384e-13, 1 ]
  Objective coefficient range : [ 1.20524e-19, 6.1027e+07 ]
  Variable bound range        : [ 0.05, 1 ]
  RHS coefficient range       : [ 2.42676e-06, 1 ]
Objective value for Line heur k = 76: 10623599.947248043
14
Actual reward of current solution: 17011730.156481083
Minimum Difference with past solutions:0.0.
New solution equals old solution at k=76
13
Total Reward at the start of the inner iterations: 17011730.156481083
Gurobi status: 2

Statistics for model Linearization Heuristic :
  Linear constraint matrix    : 3645 Constrs, 2430 Vars, 188312 NZs
  Matrix coefficient range    : [ 1.02384e-13, 1 ]
  Objective coefficient range : [ 1.20524e-19, 6.1027e+07 ]
  Variable bound range        : [ 0.05, 1 ]
  RHS coefficient range       : [ 2.40324e-06, 1 ]
Objective value for Line heur k = 77: 10365400.770975769
13
Actual reward of current solution: 17011730.156481083
Minimum Difference with past solutions:0.0.
New solution equals old solution at k=77
12
Total Reward at the start of the inner iterations: 17011730.156481083
Gurobi status: 2

Statistics for model Linearization Heuristic :
  Linear constraint matrix    : 3480 Constrs, 2340 Vars, 168137 NZs
  Matrix coefficient range    : [ 1.02384e-13, 1 ]
  Objective coefficient range : [ 1.20524e-19, 6.1027e+07 ]
  Variable bound range        : [ 0.05, 1 ]
  RHS coefficient range       : [ 2.38057e-06, 1 ]
Objective value for Line heur k = 78: 10094342.487348087
12
Actual reward of current solution: 17011730.156481083
Minimum Difference with past solutions:0.0.
New solution equals old solution at k=78
11
Total Reward at the start of the inner iterations: 17011730.156481083
Gurobi status: 2

Statistics for model Linearization Heuristic :
  Linear constraint matrix    : 3315 Constrs, 2250 Vars, 148798 NZs
  Matrix coefficient range    : [ 1.02384e-13, 1 ]
  Objective coefficient range : [ 1.20524e-19, 6.1027e+07 ]
  Variable bound range        : [ 0.05, 1 ]
  RHS coefficient range       : [ 2.35863e-06, 1 ]
Objective value for Line heur k = 79: 9810746.731633805
11
Actual reward of current solution: 17011730.156481083
Minimum Difference with past solutions:0.0.
New solution equals old solution at k=79
10
Total Reward at the start of the inner iterations: 17011730.156481083
Gurobi status: 2

Statistics for model Linearization Heuristic :
  Linear constraint matrix    : 3150 Constrs, 2160 Vars, 130295 NZs
  Matrix coefficient range    : [ 1.02384e-13, 1 ]
  Objective coefficient range : [ 1.20524e-19, 6.1027e+07 ]
  Variable bound range        : [ 0.05, 1 ]
  RHS coefficient range       : [ 2.33734e-06, 1 ]
Objective value for Line heur k = 80: 9514947.875672873
10
Actual reward of current solution: 17011730.156481083
Minimum Difference with past solutions:0.0.
New solution equals old solution at k=80
9
Total Reward at the start of the inner iterations: 17011730.156481083
Gurobi status: 2

Statistics for model Linearization Heuristic :
  Linear constraint matrix    : 2985 Constrs, 2070 Vars, 112628 NZs
  Matrix coefficient range    : [ 1.02384e-13, 1 ]
  Objective coefficient range : [ 1.20524e-19, 6.1027e+07 ]
  Variable bound range        : [ 0.05, 1 ]
  RHS coefficient range       : [ 2.3166e-06, 1 ]
Objective value for Line heur k = 81: 9207294.76182635
9
Actual reward of current solution: 17011730.156481083
Minimum Difference with past solutions:0.0.
New solution equals old solution at k=81
8
Total Reward at the start of the inner iterations: 17011730.156481083
Gurobi status: 2

Statistics for model Linearization Heuristic :
  Linear constraint matrix    : 2820 Constrs, 1980 Vars, 95797 NZs
  Matrix coefficient range    : [ 1.02384e-13, 1 ]
  Objective coefficient range : [ 1.20524e-19, 6.1027e+07 ]
  Variable bound range        : [ 0.05, 1 ]
  RHS coefficient range       : [ 2.29633e-06, 1 ]
Objective value for Line heur k = 82: 8888153.443950044
8
Actual reward of current solution: 17011730.156481083
Minimum Difference with past solutions:0.0.
New solution equals old solution at k=82
7
Total Reward at the start of the inner iterations: 17011730.156481083
Gurobi status: 2

Statistics for model Linearization Heuristic :
  Linear constraint matrix    : 2655 Constrs, 1890 Vars, 79802 NZs
  Matrix coefficient range    : [ 1.02384e-13, 1 ]
  Objective coefficient range : [ 1.20524e-19, 6.1027e+07 ]
  Variable bound range        : [ 0.05, 1 ]
  RHS coefficient range       : [ 2.03559e-06, 1 ]
Objective value for Line heur k = 83: 8557911.841929223
7
Actual reward of current solution: 17011730.156481083
Minimum Difference with past solutions:0.0.
New solution equals old solution at k=83
6
Total Reward at the start of the inner iterations: 17011730.156481083
Gurobi status: 2

Statistics for model Linearization Heuristic :
  Linear constraint matrix    : 2490 Constrs, 1800 Vars, 64697 NZs
  Matrix coefficient range    : [ 1.02384e-13, 1 ]
  Objective coefficient range : [ 1.20524e-19, 6.1027e+07 ]
  Variable bound range        : [ 0.05, 1 ]
  RHS coefficient range       : [ 1.0662e-06, 0.293653 ]
Objective value for Line heur k = 84: 8216988.060454488
6
Actual reward of current solution: 17011730.156481083
Minimum Difference with past solutions:0.0.
New solution equals old solution at k=84
5
Total Reward at the start of the inner iterations: 17011730.156481083
Gurobi status: 2

Statistics for model Linearization Heuristic :
  Linear constraint matrix    : 2379 Constrs, 1710 Vars, 50428 NZs
  Matrix coefficient range    : [ 1.02384e-13, 1 ]
  Objective coefficient range : [ 1.20524e-19, 6.1027e+07 ]
  Variable bound range        : [ 0.05, 1 ]
  RHS coefficient range       : [ 3.78793e-07, 1 ]
Objective value for Line heur k = 85: 7865845.7554793935
5
Actual reward of current solution: 17011730.156481083
Minimum Difference with past solutions:0.0.
New solution equals old solution at k=85
4
Total Reward at the start of the inner iterations: 17011730.156481083
Gurobi status: 2

Statistics for model Linearization Heuristic :
  Linear constraint matrix    : 2214 Constrs, 1620 Vars, 36941 NZs
  Matrix coefficient range    : [ 1.02384e-13, 1 ]
  Objective coefficient range : [ 1.20524e-19, 6.1027e+07 ]
  Variable bound range        : [ 0.05, 1 ]
  RHS coefficient range       : [ 1.22157e-07, 1 ]
Objective value for Line heur k = 86: 7505023.089265645
4
Actual reward of current solution: 17011730.156481083
Minimum Difference with past solutions:0.0.
New solution equals old solution at k=86
3
Total Reward at the start of the inner iterations: 17011730.156481083
Gurobi status: 2

Statistics for model Linearization Heuristic :
  Linear constraint matrix    : 2049 Constrs, 1530 Vars, 24338 NZs
  Matrix coefficient range    : [ 1.02384e-13, 1 ]
  Objective coefficient range : [ 1.87242e-19, 6.1027e+07 ]
  Variable bound range        : [ 0.05, 1 ]
  RHS coefficient range       : [ 8.83213e-07, 1 ]
Objective value for Line heur k = 87: 7135187.919609581
3
Actual reward of current solution: 17011730.156481083
Minimum Difference with past solutions:0.0.
New solution equals old solution at k=87
2
Total Reward at the start of the inner iterations: 17011730.156481083
Gurobi status: 2

Statistics for model Linearization Heuristic :
  Linear constraint matrix    : 1884 Constrs, 1440 Vars, 12592 NZs
  Matrix coefficient range    : [ 2.37325e-12, 1 ]
  Objective coefficient range : [ 1.87242e-19, 6.1027e+07 ]
  Variable bound range        : [ 0.05, 1 ]
  RHS coefficient range       : [ 1.69999e-06, 1 ]
Objective value for Line heur k = 88: 6757243.669239852
2
Actual reward of current solution: 17011730.156481083
Minimum Difference with past solutions:0.0.
New solution equals old solution at k=88
1
Total Reward at the start of the inner iterations: 17011730.156481083
Gurobi status: 2

Statistics for model Linearization Heuristic :
  Linear constraint matrix    : 1719 Constrs, 1350 Vars, 6391 NZs
  Matrix coefficient range    : [ 1.61861e-10, 1 ]
  Objective coefficient range : [ 4.44089e-16, 6.1027e+07 ]
  Variable bound range        : [ 0.05, 1 ]
  RHS coefficient range       : [ 2.62429e-06, 1 ]
Objective value for Line heur k = 89: 6372533.1267825635
1
Actual reward of current solution: 17011730.156481083
Minimum Difference with past solutions:0.0.
New solution equals old solution at k=89
0
Total Reward at the start of the inner iterations: 17011730.156481083
Gurobi status: 2

Statistics for model Linearization Heuristic :
  Linear constraint matrix    : 1554 Constrs, 1260 Vars, 2709 NZs
  Matrix coefficient range    : [ 0.496475, 1 ]
  Objective coefficient range : [ 4.44089e-16, 6.1027e+07 ]
  Variable bound range        : [ 0.05, 1 ]
  RHS coefficient range       : [ 3.75634e-06, 0.280198 ]
Objective value for Line heur k = 90: 5983231.495056843
0
Actual reward of current solution: 17011730.156481083
Minimum Difference with past solutions:0.0.
New solution equals old solution at k=90
0
Total Reward at the start of the inner iterations: 17011730.156481083
Gurobi status: 2

Statistics for model Linearization Heuristic :
  Linear constraint matrix    : 1443 Constrs, 1170 Vars, 2457 NZs
  Matrix coefficient range    : [ 0.52395, 1 ]
  Objective coefficient range : [ 4.44089e-16, 6.1027e+07 ]
  Variable bound range        : [ 0.05, 1 ]
  RHS coefficient range       : [ 3.75634e-06, 0.280198 ]
Objective value for Line heur k = 91: 5555840.993532461
0
Actual reward of current solution: 17011730.156481083
Minimum Difference with past solutions:0.0.
New solution equals old solution at k=91
0
Total Reward at the start of the inner iterations: 17011730.156481083
Gurobi status: 2

Statistics for model Linearization Heuristic :
  Linear constraint matrix    : 1332 Constrs, 1080 Vars, 2214 NZs
  Matrix coefficient range    : [ 0.552945, 1 ]
  Objective coefficient range : [ 4.44089e-16, 6.1027e+07 ]
  Variable bound range        : [ 0.05, 1 ]
  RHS coefficient range       : [ 3.75634e-06, 0.280198 ]
Objective value for Line heur k = 92: 5128454.112567138
0
Actual reward of current solution: 17011730.156481083
Minimum Difference with past solutions:0.0.
New solution equals old solution at k=92
0
Total Reward at the start of the inner iterations: 17011730.156481083
Gurobi status: 2

Statistics for model Linearization Heuristic :
  Linear constraint matrix    : 1221 Constrs, 990 Vars, 1980 NZs
  Matrix coefficient range    : [ 0.583545, 1 ]
  Objective coefficient range : [ 4.44089e-16, 6.1027e+07 ]
  Variable bound range        : [ 0.05, 1 ]
  RHS coefficient range       : [ 3.75634e-06, 0.280198 ]
Objective value for Line heur k = 93: 4701070.812559095
0
Actual reward of current solution: 17011730.156481083
Minimum Difference with past solutions:0.0.
New solution equals old solution at k=93
0
Total Reward at the start of the inner iterations: 17011730.156481083
Gurobi status: 2

Statistics for model Linearization Heuristic :
  Linear constraint matrix    : 1110 Constrs, 900 Vars, 1755 NZs
  Matrix coefficient range    : [ 0.615839, 1 ]
  Objective coefficient range : [ 4.44089e-16, 6.1027e+07 ]
  Variable bound range        : [ 0.05, 1 ]
  RHS coefficient range       : [ 3.75634e-06, 0.280198 ]
Objective value for Line heur k = 94: 4273690.847422502
0
Actual reward of current solution: 17011730.156481083
Minimum Difference with past solutions:0.0.
New solution equals old solution at k=94
0
Total Reward at the start of the inner iterations: 17011730.156481083
Gurobi status: 2

Statistics for model Linearization Heuristic :
  Linear constraint matrix    : 999 Constrs, 810 Vars, 1539 NZs
  Matrix coefficient range    : [ 0.64992, 1 ]
  Objective coefficient range : [ 4.44089e-16, 6.1027e+07 ]
  Variable bound range        : [ 0.05, 1 ]
  RHS coefficient range       : [ 3.75634e-06, 0.280198 ]
Objective value for Line heur k = 95: 3846313.8703046115
0
Actual reward of current solution: 17011730.156481083
Minimum Difference with past solutions:0.0.
New solution equals old solution at k=95
0
Total Reward at the start of the inner iterations: 17011730.156481083
Gurobi status: 2

Statistics for model Linearization Heuristic :
  Linear constraint matrix    : 888 Constrs, 720 Vars, 1332 NZs
  Matrix coefficient range    : [ 0.685886, 1 ]
  Objective coefficient range : [ 4.44089e-16, 6.1027e+07 ]
  Variable bound range        : [ 0.05, 1 ]
  RHS coefficient range       : [ 3.75634e-06, 0.280198 ]
Objective value for Line heur k = 96: 3418939.4993495867
0
Actual reward of current solution: 17011730.156481083
Minimum Difference with past solutions:0.0.
New solution equals old solution at k=96
0
Total Reward at the start of the inner iterations: 17011730.156481083
Gurobi status: 2

Statistics for model Linearization Heuristic :
  Linear constraint matrix    : 777 Constrs, 630 Vars, 1134 NZs
  Matrix coefficient range    : [ 0.723844, 1 ]
  Objective coefficient range : [ 4.44089e-16, 6.1027e+07 ]
  Variable bound range        : [ 0.05, 1 ]
  RHS coefficient range       : [ 3.75634e-06, 0.280198 ]
Objective value for Line heur k = 97: 2991567.3568783375
0
Actual reward of current solution: 17011730.156481083
Minimum Difference with past solutions:0.0.
New solution equals old solution at k=97
0
Total Reward at the start of the inner iterations: 17011730.156481083
Gurobi status: 2

Statistics for model Linearization Heuristic :
  Linear constraint matrix    : 666 Constrs, 540 Vars, 945 NZs
  Matrix coefficient range    : [ 0.763901, 1 ]
  Objective coefficient range : [ 4.44089e-16, 6.1027e+07 ]
  Variable bound range        : [ 0.05, 1 ]
  RHS coefficient range       : [ 3.75634e-06, 0.280198 ]
Objective value for Line heur k = 98: 2564197.091166142
0
Actual reward of current solution: 17011730.156481083
Minimum Difference with past solutions:0.0.
New solution equals old solution at k=98
0
Total Reward at the start of the inner iterations: 17011730.156481083
Gurobi status: 2

Statistics for model Linearization Heuristic :
  Linear constraint matrix    : 555 Constrs, 450 Vars, 765 NZs
  Matrix coefficient range    : [ 0.806176, 1 ]
  Objective coefficient range : [ 4.44089e-16, 6.1027e+07 ]
  Variable bound range        : [ 0.05, 1 ]
  RHS coefficient range       : [ 3.75634e-06, 0.280198 ]
Objective value for Line heur k = 99: 2136828.387070402
0
Actual reward of current solution: 17011730.156481083
Minimum Difference with past solutions:0.0.
New solution equals old solution at k=99
0
Total Reward at the start of the inner iterations: 17011730.156481083
Gurobi status: 2

Statistics for model Linearization Heuristic :
  Linear constraint matrix    : 444 Constrs, 360 Vars, 594 NZs
  Matrix coefficient range    : [ 0.85079, 1 ]
  Objective coefficient range : [ 4.44089e-16, 6.1027e+07 ]
  Variable bound range        : [ 0.05, 1 ]
  RHS coefficient range       : [ 3.75634e-06, 0.280198 ]
Objective value for Line heur k = 100: 1709460.9697223792
0
Actual reward of current solution: 17011730.156481083
Minimum Difference with past solutions:0.0.
New solution equals old solution at k=100
0
Total Reward at the start of the inner iterations: 17011730.156481083
Gurobi status: 2

Statistics for model Linearization Heuristic :
  Linear constraint matrix    : 333 Constrs, 270 Vars, 432 NZs
  Matrix coefficient range    : [ 0.897873, 1 ]
  Objective coefficient range : [ 4.44089e-16, 6.1027e+07 ]
  Variable bound range        : [ 0.05, 1 ]
  RHS coefficient range       : [ 3.75634e-06, 0.280198 ]
Objective value for Line heur k = 101: 1282094.6040866743
0
Actual reward of current solution: 17011730.156481083
Minimum Difference with past solutions:0.0.
New solution equals old solution at k=101
0
Total Reward at the start of the inner iterations: 17011730.156481083
Gurobi status: 2

Statistics for model Linearization Heuristic :
  Linear constraint matrix    : 222 Constrs, 180 Vars, 279 NZs
  Matrix coefficient range    : [ 0.947562, 1 ]
  Objective coefficient range : [ 1.42109e-14, 6.1027e+07 ]
  Variable bound range        : [ 0.05, 1 ]
  RHS coefficient range       : [ 3.75634e-06, 0.280198 ]
Objective value for Line heur k = 102: 854729.0922238564
0
Actual reward of current solution: 17011730.156481083
Minimum Difference with past solutions:0.0.
New solution equals old solution at k=102
0
Total Reward at the start of the inner iterations: 17011730.156481083
Gurobi status: 2

Statistics for model Linearization Heuristic :
  Linear constraint matrix    : 111 Constrs, 90 Vars, 135 NZs
  Matrix coefficient range    : [ 1, 1 ]
  Objective coefficient range : [ 6179.12, 6.1027e+07 ]
  Variable bound range        : [ 0.05, 1 ]
  RHS coefficient range       : [ 3.75634e-06, 0.280198 ]
Objective value for Line heur k = 103: 427364.2694321893
0
Actual reward of current solution: 17011730.156481083
Minimum Difference with past solutions:0.0.
New solution equals old solution at k=103
Total running time for 90 days is 2579.4215631484985
Economic Value: 52403520.82079217
Deaths 0.6294596202575562
Total Reward 17011730.156481083
