1080
(5, 3719903.0, 0.2, 0.0, (7, 14), 'fitted-scaled', 'econ-scaled', '60days-scaled', 0, 0.05, 2, 'dynamic_gradient')
90
Total Reward at the start of the inner iterations: 82861407.14999036
Using license file /share/software/user/restricted/gurobi/9.0.3_py36/licenses/gurobi.lic
Set parameter TokenServer to value license4.stanford.edu
Gurobi status: 2

Statistics for model Linearization Heuristic :
  Linear constraint matrix    : 16026 Constrs, 9360 Vars, 5023119 NZs
  Matrix coefficient range    : [ 1.00799e-13, 1 ]
  Objective coefficient range : [ 6.59222e-20, 8.94835e+06 ]
  Variable bound range        : [ 0.0143889, 1 ]
  RHS coefficient range       : [ 1.10291e-05, 1.27661 ]
Objective value for Line heur k = 0: 57691188.572638296
90
Actual reward of current solution: 82693430.96837842
Minimum Difference with past solutions:0.050000000000000044.
Gurobi status: 2

Statistics for model Linearization Heuristic :
  Linear constraint matrix    : 16026 Constrs, 9360 Vars, 4997315 NZs
  Matrix coefficient range    : [ 1.03795e-13, 1 ]
  Objective coefficient range : [ 7.07008e-20, 8.94835e+06 ]
  Variable bound range        : [ 0.0288881, 1 ]
  RHS coefficient range       : [ 1.34555e-05, 1.29275 ]
Objective value for Line heur k = 0: 57432448.98673602
90
Actual reward of current solution: 82726546.89043285
Minimum Difference with past solutions:0.050000000000000044.
Gurobi status: 2

Statistics for model Linearization Heuristic :
  Linear constraint matrix    : 16026 Constrs, 9360 Vars, 4919340 NZs
  Matrix coefficient range    : [ 1.10313e-13, 1 ]
  Objective coefficient range : [ 3.07928e-20, 8.94835e+06 ]
  Variable bound range        : [ 0.000814887, 1 ]
  RHS coefficient range       : [ 1.11014e-06, 1.29604 ]
Objective value for Line heur k = 0: 57536899.43266097
90
Actual reward of current solution: 82766878.99727398
Minimum Difference with past solutions:0.050000000000000044.
Gurobi status: 2

Statistics for model Linearization Heuristic :
  Linear constraint matrix    : 16026 Constrs, 9360 Vars, 4880821 NZs
  Matrix coefficient range    : [ 1.04949e-13, 1 ]
  Objective coefficient range : [ 3.95135e-20, 8.94835e+06 ]
  Variable bound range        : [ 0.040473, 1 ]
  RHS coefficient range       : [ 1.47562e-05, 1.29904 ]
Objective value for Line heur k = 0: 57637065.772049695
90
Actual reward of current solution: 82805342.5696664
Minimum Difference with past solutions:0.050000000000000044.
Gurobi status: 2

Statistics for model Linearization Heuristic :
  Linear constraint matrix    : 16026 Constrs, 9360 Vars, 4853128 NZs
  Matrix coefficient range    : [ 1.25411e-13, 1 ]
  Objective coefficient range : [ 6.22749e-20, 8.94835e+06 ]
  Variable bound range        : [ 0.0312781, 1 ]
  RHS coefficient range       : [ 1.41627e-05, 1.30266 ]
Objective value for Line heur k = 0: 57716397.448349826
90
Actual reward of current solution: 82841412.98910184
Minimum Difference with past solutions:0.050000000000000044.
Gurobi status: 2

Statistics for model Linearization Heuristic :
  Linear constraint matrix    : 16026 Constrs, 9360 Vars, 4842671 NZs
  Matrix coefficient range    : [ 1.03608e-13, 1 ]
  Objective coefficient range : [ 4.37463e-19, 8.94835e+06 ]
  Variable bound range        : [ 0.0157725, 1 ]
  RHS coefficient range       : [ 1.09635e-05, 1.30679 ]
Objective value for Line heur k = 0: 57786215.679708414
90
Actual reward of current solution: 82873757.75876789
Minimum Difference with past solutions:0.050000000000000044.
Gurobi status: 2

Statistics for model Linearization Heuristic :
  Linear constraint matrix    : 16026 Constrs, 9360 Vars, 4840351 NZs
  Matrix coefficient range    : [ 1.11235e-13, 1 ]
  Objective coefficient range : [ 1.36223e-19, 8.94835e+06 ]
  Variable bound range        : [ 0.000487347, 1 ]
  RHS coefficient range       : [ 7.50676e-06, 1.31127 ]
Objective value for Line heur k = 0: 57841873.19022807
90
Actual reward of current solution: 82902197.69290394
Minimum Difference with past solutions:0.050000000000000044.
Gurobi status: 2

Statistics for model Linearization Heuristic :
  Linear constraint matrix    : 16026 Constrs, 9360 Vars, 4826551 NZs
  Matrix coefficient range    : [ 1.0127e-13, 1 ]
  Objective coefficient range : [ 1.74985e-20, 8.94835e+06 ]
  Variable bound range        : [ 0.00383584, 1 ]
  RHS coefficient range       : [ 3.76496e-06, 1.31626 ]
Objective value for Line heur k = 0: 57883856.339429826
90
Actual reward of current solution: 82926623.46835156
Minimum Difference with past solutions:0.050000000000000044.
Gurobi status: 2

Statistics for model Linearization Heuristic :
  Linear constraint matrix    : 16026 Constrs, 9360 Vars, 4776553 NZs
  Matrix coefficient range    : [ 1.0884e-13, 1 ]
  Objective coefficient range : [ 9.08539e-21, 8.94835e+06 ]
  Variable bound range        : [ 0.016588, 1 ]
  RHS coefficient range       : [ 3.61889e-07, 1.32162 ]
Objective value for Line heur k = 0: 57915320.7691815
90
Actual reward of current solution: 82953947.96797709
Minimum Difference with past solutions:0.050000000000000044.
Gurobi status: 2

Statistics for model Linearization Heuristic :
  Linear constraint matrix    : 16026 Constrs, 9360 Vars, 4763772 NZs
  Matrix coefficient range    : [ 1.12787e-13, 1 ]
  Objective coefficient range : [ 9.24933e-21, 8.94835e+06 ]
  Variable bound range        : [ 0.0239907, 1 ]
  RHS coefficient range       : [ 2.66929e-06, 1.32469 ]
Objective value for Line heur k = 0: 57960376.60864999
90
Actual reward of current solution: 82983764.03421696
Minimum Difference with past solutions:0.050000000000000044.
Gurobi status: 2

Statistics for model Linearization Heuristic :
  Linear constraint matrix    : 16026 Constrs, 9360 Vars, 4725254 NZs
  Matrix coefficient range    : [ 1.01661e-13, 1 ]
  Objective coefficient range : [ 6.94104e-20, 8.94835e+06 ]
  Variable bound range        : [ 0.0284432, 1 ]
  RHS coefficient range       : [ 3.41378e-06, 1.32565 ]
Objective value for Line heur k = 0: 58012021.96124846
90
Actual reward of current solution: 82999271.48349513
Minimum Difference with past solutions:0.050000000000000044.
Gurobi status: 2

Statistics for model Linearization Heuristic :
  Linear constraint matrix    : 16026 Constrs, 9360 Vars, 4694857 NZs
  Matrix coefficient range    : [ 1.09906e-13, 1 ]
  Objective coefficient range : [ 6.68891e-20, 8.94835e+06 ]
  Variable bound range        : [ 0.00902473, 1 ]
  RHS coefficient range       : [ 5.87188e-07, 1.3318 ]
Objective value for Line heur k = 0: 58013781.108633496
90
Actual reward of current solution: 83025649.69671896
Minimum Difference with past solutions:0.050000000000000044.
Gurobi status: 2

Statistics for model Linearization Heuristic :
  Linear constraint matrix    : 16026 Constrs, 9360 Vars, 4677842 NZs
  Matrix coefficient range    : [ 1.01362e-13, 1 ]
  Objective coefficient range : [ 1.74022e-20, 8.94835e+06 ]
  Variable bound range        : [ 0.0114517, 1 ]
  RHS coefficient range       : [ 2.73297e-06, 1.33217 ]
Objective value for Line heur k = 0: 58056642.431865305
90
Actual reward of current solution: 83049068.45151046
Minimum Difference with past solutions:0.050000000000000044.
Gurobi status: 2

Statistics for model Linearization Heuristic :
  Linear constraint matrix    : 16026 Constrs, 9360 Vars, 4653664 NZs
  Matrix coefficient range    : [ 1.07654e-13, 1 ]
  Objective coefficient range : [ 3.21277e-20, 8.94835e+06 ]
  Variable bound range        : [ 0.05, 1 ]
  RHS coefficient range       : [ 6.07618e-06, 1.33271 ]
Objective value for Line heur k = 0: 58090303.721692845
90
Actual reward of current solution: 83062428.20452863
Minimum Difference with past solutions:0.050000000000000044.
Gurobi status: 2

Statistics for model Linearization Heuristic :
  Linear constraint matrix    : 16026 Constrs, 9360 Vars, 4639057 NZs
  Matrix coefficient range    : [ 1.08575e-13, 1 ]
  Objective coefficient range : [ 9.84848e-21, 8.94835e+06 ]
  Variable bound range        : [ 0.00329819, 1 ]
  RHS coefficient range       : [ 1.15085e-06, 1.33708 ]
Objective value for Line heur k = 0: 58089611.386369675
90
Actual reward of current solution: 83081631.73599659
Minimum Difference with past solutions:0.050000000000000044.
Gurobi status: 2

Statistics for model Linearization Heuristic :
  Linear constraint matrix    : 16026 Constrs, 9360 Vars, 4639055 NZs
  Matrix coefficient range    : [ 1.01707e-13, 1 ]
  Objective coefficient range : [ 7.5215e-21, 8.94835e+06 ]
  Variable bound range        : [ 0.05, 1 ]
  RHS coefficient range       : [ 4.53613e-06, 1.33796 ]
Objective value for Line heur k = 0: 58110890.16751042
90
Actual reward of current solution: 83098652.32882334
Minimum Difference with past solutions:0.050000000000000044.
Gurobi status: 2

Statistics for model Linearization Heuristic :
  Linear constraint matrix    : 16026 Constrs, 9360 Vars, 4633957 NZs
  Matrix coefficient range    : [ 1.03538e-13, 1 ]
  Objective coefficient range : [ 3.15812e-20, 8.94835e+06 ]
  Variable bound range        : [ 0.00254651, 1 ]
  RHS coefficient range       : [ 8.15444e-06, 1.33897 ]
Objective value for Line heur k = 0: 58127898.91581132
90
Actual reward of current solution: 83103502.1991705
Minimum Difference with past solutions:0.050000000000000044.
Gurobi status: 2

Statistics for model Linearization Heuristic :
  Linear constraint matrix    : 16026 Constrs, 9360 Vars, 4633942 NZs
  Matrix coefficient range    : [ 1.02742e-13, 1 ]
  Objective coefficient range : [ 8.03666e-21, 8.94835e+06 ]
  Variable bound range        : [ 0.0166706, 1 ]
  RHS coefficient range       : [ 5.14979e-07, 1.3452 ]
Objective value for Line heur k = 0: 58101762.48206026
90
Actual reward of current solution: 83117104.08146524
Minimum Difference with past solutions:0.050000000000000044.
Gurobi status: 2

Statistics for model Linearization Heuristic :
  Linear constraint matrix    : 16026 Constrs, 9360 Vars, 4626705 NZs
  Matrix coefficient range    : [ 1.11624e-13, 1 ]
  Objective coefficient range : [ 2.10319e-20, 8.94835e+06 ]
  Variable bound range        : [ 0.00962654, 1 ]
  RHS coefficient range       : [ 3.13363e-06, 1.34654 ]
Objective value for Line heur k = 0: 58108811.27236123
90
Actual reward of current solution: 83128933.78644305
Minimum Difference with past solutions:0.050000000000000044.
Gurobi status: 2

Statistics for model Linearization Heuristic :
  Linear constraint matrix    : 16026 Constrs, 9360 Vars, 4620250 NZs
  Matrix coefficient range    : [ 1.0018e-13, 1 ]
  Objective coefficient range : [ 6.89618e-20, 8.94835e+06 ]
  Variable bound range        : [ 0.05, 1 ]
  RHS coefficient range       : [ 7.30029e-06, 1.34796 ]
Objective value for Line heur k = 0: 58111597.47534456
90
Actual reward of current solution: 83139897.40894409
Minimum Difference with past solutions:0.05.
Gurobi status: 2

Statistics for model Linearization Heuristic :
  Linear constraint matrix    : 16026 Constrs, 9360 Vars, 4251697 NZs
  Matrix coefficient range    : [ 1.01042e-13, 1 ]
  Objective coefficient range : [ 1.83451e-20, 8.94835e+06 ]
  Variable bound range        : [ 0.05, 1 ]
  RHS coefficient range       : [ 1.24726e-05, 1.34936 ]
Objective value for Line heur k = 0: 58099417.24284525
90
Actual reward of current solution: 83150690.18879709
Minimum Difference with past solutions:0.05.
Gurobi status: 2

Statistics for model Linearization Heuristic :
  Linear constraint matrix    : 16026 Constrs, 9360 Vars, 4251699 NZs
  Matrix coefficient range    : [ 1.29132e-13, 1 ]
  Objective coefficient range : [ 2.50978e-20, 8.94835e+06 ]
  Variable bound range        : [ 0.018569, 1 ]
  RHS coefficient range       : [ 1.37668e-05, 1.34569 ]
Objective value for Line heur k = 0: 58133664.87960243
90
Actual reward of current solution: 83192124.98343277
Minimum Difference with past solutions:0.05.
Gurobi status: 2

Statistics for model Linearization Heuristic :
  Linear constraint matrix    : 16026 Constrs, 9360 Vars, 4226180 NZs
  Matrix coefficient range    : [ 1.07726e-13, 1 ]
  Objective coefficient range : [ 1.76277e-20, 8.94835e+06 ]
  Variable bound range        : [ 0.05, 1 ]
  RHS coefficient range       : [ 1.29376e-05, 1.33842 ]
Objective value for Line heur k = 0: 58218821.910439365
90
Actual reward of current solution: 83265185.56332277
Minimum Difference with past solutions:0.05.
Gurobi status: 2

Statistics for model Linearization Heuristic :
  Linear constraint matrix    : 16026 Constrs, 9360 Vars, 4226181 NZs
  Matrix coefficient range    : [ 1.10987e-13, 1 ]
  Objective coefficient range : [ 1.12038e-21, 8.94835e+06 ]
  Variable bound range        : [ 0.05, 1 ]
  RHS coefficient range       : [ 5.60315e-06, 1.33061 ]
Objective value for Line heur k = 0: 58344568.05926553
90
Actual reward of current solution: 83175634.13299136
Minimum Difference with past solutions:0.031431011568675726.
Gurobi status: 2

Statistics for model Linearization Heuristic :
  Linear constraint matrix    : 16026 Constrs, 9360 Vars, 4226181 NZs
  Matrix coefficient range    : [ 1.29788e-13, 1 ]
  Objective coefficient range : [ 1.65551e-19, 8.94835e+06 ]
  Variable bound range        : [ 0.05, 1 ]
  RHS coefficient range       : [ 1.30836e-05, 1.34164 ]
Objective value for Line heur k = 0: 58182884.296495125
90
Actual reward of current solution: 83265185.56332277
Minimum Difference with past solutions:0.0.
New solution equals old solution at k=0
89
Total Reward at the start of the inner iterations: 83265185.56332277
Gurobi status: 2

Statistics for model Linearization Heuristic :
  Linear constraint matrix    : 15915 Constrs, 9270 Vars, 4143634 NZs
  Matrix coefficient range    : [ 1.10987e-13, 1 ]
  Objective coefficient range : [ 1.12038e-21, 8.94835e+06 ]
  Variable bound range        : [ 0.05, 1 ]
  RHS coefficient range       : [ 1.04078e-05, 1.29675 ]
Objective value for Line heur k = 1: 58165089.599244766
89
Actual reward of current solution: 83265185.56332277
Minimum Difference with past solutions:0.0.
New solution equals old solution at k=1
88
Total Reward at the start of the inner iterations: 83265185.56332277
Gurobi status: 2

Statistics for model Linearization Heuristic :
  Linear constraint matrix    : 15750 Constrs, 9180 Vars, 4061850 NZs
  Matrix coefficient range    : [ 1.10987e-13, 1 ]
  Objective coefficient range : [ 1.12038e-21, 8.94835e+06 ]
  Variable bound range        : [ 0.05, 1 ]
  RHS coefficient range       : [ 6.13902e-07, 1.27879 ]
Objective value for Line heur k = 2: 57751549.3080238
88
Actual reward of current solution: 83265185.56332277
Minimum Difference with past solutions:0.0.
New solution equals old solution at k=2
87
Total Reward at the start of the inner iterations: 83265195.06079164
Gurobi status: 2

Statistics for model Linearization Heuristic :
  Linear constraint matrix    : 15585 Constrs, 9090 Vars, 3980883 NZs
  Matrix coefficient range    : [ 1.10988e-13, 1 ]
  Objective coefficient range : [ 4.09151e-20, 8.94835e+06 ]
  Variable bound range        : [ 0.05, 1 ]
  RHS coefficient range       : [ 1.39953e-05, 1.25985 ]
Objective value for Line heur k = 3: 57463005.771007314
87
Actual reward of current solution: 83265186.03805406
Minimum Difference with past solutions:0.0.
New solution equals old solution at k=3
86
Total Reward at the start of the inner iterations: 83265195.85469183
Gurobi status: 2

Statistics for model Linearization Heuristic :
  Linear constraint matrix    : 15420 Constrs, 9000 Vars, 3900734 NZs
  Matrix coefficient range    : [ 1.10988e-13, 1 ]
  Objective coefficient range : [ 4.98201e-21, 8.94835e+06 ]
  Variable bound range        : [ 0.05, 1 ]
  RHS coefficient range       : [ 2.31606e-05, 1.24003 ]
Objective value for Line heur k = 4: 57188714.4743085
86
Actual reward of current solution: 83265186.5284122
Minimum Difference with past solutions:0.0.
New solution equals old solution at k=4
85
Total Reward at the start of the inner iterations: 83265196.24927545
Gurobi status: 2

Statistics for model Linearization Heuristic :
  Linear constraint matrix    : 15255 Constrs, 8910 Vars, 3821401 NZs
  Matrix coefficient range    : [ 1.10988e-13, 1 ]
  Objective coefficient range : [ 2.33446e-21, 8.94835e+06 ]
  Variable bound range        : [ 0.05, 1 ]
  RHS coefficient range       : [ 2.27684e-05, 1.21978 ]
Objective value for Line heur k = 5: 56917424.52312868
85
Actual reward of current solution: 83265187.0149073
Minimum Difference with past solutions:0.0.
New solution equals old solution at k=5
84
Total Reward at the start of the inner iterations: 83265196.47492023
Gurobi status: 2

Statistics for model Linearization Heuristic :
  Linear constraint matrix    : 15090 Constrs, 8820 Vars, 3742885 NZs
  Matrix coefficient range    : [ 1.10988e-13, 1 ]
  Objective coefficient range : [ 4.35307e-21, 8.94835e+06 ]
  Variable bound range        : [ 0.05, 1 ]
  RHS coefficient range       : [ 2.04013e-05, 1.19937 ]
Objective value for Line heur k = 6: 56643849.56707003
84
Actual reward of current solution: 83265187.49108812
Minimum Difference with past solutions:0.0.
New solution equals old solution at k=6
83
Total Reward at the start of the inner iterations: 83265196.61211126
Gurobi status: 2

Statistics for model Linearization Heuristic :
  Linear constraint matrix    : 14925 Constrs, 8730 Vars, 3665186 NZs
  Matrix coefficient range    : [ 1.10988e-13, 1 ]
  Objective coefficient range : [ 3.0768e-20, 8.94835e+06 ]
  Variable bound range        : [ 0.05, 1 ]
  RHS coefficient range       : [ 1.4084e-05, 1.17903 ]
Objective value for Line heur k = 7: 56365264.75647725
83
Actual reward of current solution: 83265187.95446731
Minimum Difference with past solutions:0.0.
New solution equals old solution at k=7
82
Total Reward at the start of the inner iterations: 83265196.70399788
Gurobi status: 2

Statistics for model Linearization Heuristic :
  Linear constraint matrix    : 14760 Constrs, 8640 Vars, 3588304 NZs
  Matrix coefficient range    : [ 1.10988e-13, 1 ]
  Objective coefficient range : [ 2.86101e-20, 8.94835e+06 ]
  Variable bound range        : [ 0.05, 1 ]
  RHS coefficient range       : [ 5.50099e-07, 1.15872 ]
Objective value for Line heur k = 8: 56080265.83037724
82
Actual reward of current solution: 83265188.40424022
Minimum Difference with past solutions:0.0.
New solution equals old solution at k=8
81
Total Reward at the start of the inner iterations: 83265196.77302934
Gurobi status: 2

Statistics for model Linearization Heuristic :
  Linear constraint matrix    : 14595 Constrs, 8550 Vars, 3512239 NZs
  Matrix coefficient range    : [ 1.10988e-13, 1 ]
  Objective coefficient range : [ 2.73424e-20, 8.94835e+06 ]
  Variable bound range        : [ 0.05, 1 ]
  RHS coefficient range       : [ 1.29554e-05, 1.13847 ]
Objective value for Line heur k = 9: 55788114.752947606
81
Actual reward of current solution: 83265188.84025238
Minimum Difference with past solutions:0.0.
New solution equals old solution at k=9
80
Total Reward at the start of the inner iterations: 83265196.83139807
Gurobi status: 2

Statistics for model Linearization Heuristic :
  Linear constraint matrix    : 14430 Constrs, 8460 Vars, 3436991 NZs
  Matrix coefficient range    : [ 1.10988e-13, 1 ]
  Objective coefficient range : [ 5.15074e-20, 8.94835e+06 ]
  Variable bound range        : [ 0.05, 1 ]
  RHS coefficient range       : [ 1.71467e-05, 1.11835 ]
Objective value for Line heur k = 10: 55488382.18959504
80
Actual reward of current solution: 83265189.26255907
Minimum Difference with past solutions:0.0.
New solution equals old solution at k=10
79
Total Reward at the start of the inner iterations: 83265196.88485897
Gurobi status: 2

Statistics for model Linearization Heuristic :
  Linear constraint matrix    : 14265 Constrs, 8370 Vars, 3362560 NZs
  Matrix coefficient range    : [ 1.10988e-13, 1 ]
  Objective coefficient range : [ 1.708e-20, 8.94835e+06 ]
  Variable bound range        : [ 0.05, 1 ]
  RHS coefficient range       : [ 3.88729e-06, 1.09839 ]
Objective value for Line heur k = 11: 55180730.32371512
79
Actual reward of current solution: 83265189.6712539
Minimum Difference with past solutions:0.0.
New solution equals old solution at k=11
78
Total Reward at the start of the inner iterations: 83265196.935845
Gurobi status: 2

Statistics for model Linearization Heuristic :
  Linear constraint matrix    : 14100 Constrs, 8280 Vars, 3288947 NZs
  Matrix coefficient range    : [ 1.10988e-13, 1 ]
  Objective coefficient range : [ 5.14623e-20, 8.94835e+06 ]
  Variable bound range        : [ 0.05, 1 ]
  RHS coefficient range       : [ 1.62922e-05, 1.07864 ]
Objective value for Line heur k = 12: 54864742.288555756
78
Actual reward of current solution: 83265190.06641442
Minimum Difference with past solutions:0.0.
New solution equals old solution at k=12
77
Total Reward at the start of the inner iterations: 83265196.98505369
Gurobi status: 2

Statistics for model Linearization Heuristic :
  Linear constraint matrix    : 13935 Constrs, 8190 Vars, 3216151 NZs
  Matrix coefficient range    : [ 1.10988e-13, 1 ]
  Objective coefficient range : [ 5.29183e-21, 8.94835e+06 ]
  Variable bound range        : [ 0.05, 1 ]
  RHS coefficient range       : [ 1.65627e-05, 1.05919 ]
Objective value for Line heur k = 13: 54539726.024213195
77
Actual reward of current solution: 83265190.44809419
Minimum Difference with past solutions:0.0.
New solution equals old solution at k=13
76
Total Reward at the start of the inner iterations: 83265197.03229986
Gurobi status: 2

Statistics for model Linearization Heuristic :
  Linear constraint matrix    : 13770 Constrs, 8100 Vars, 3144225 NZs
  Matrix coefficient range    : [ 1.10988e-13, 1 ]
  Objective coefficient range : [ 1.98315e-19, 8.94835e+06 ]
  Variable bound range        : [ 0.05, 1 ]
  RHS coefficient range       : [ 1.37036e-05, 1.04015 ]
Objective value for Line heur k = 14: 54204411.30593804
76
Actual reward of current solution: 83265190.81632769
Minimum Difference with past solutions:0.0.
New solution equals old solution at k=14
75
Total Reward at the start of the inner iterations: 83265197.07699198
Gurobi status: 2

Statistics for model Linearization Heuristic :
  Linear constraint matrix    : 13659 Constrs, 8010 Vars, 3071436 NZs
  Matrix coefficient range    : [ 1.10988e-13, 1 ]
  Objective coefficient range : [ 1.11825e-19, 8.94835e+06 ]
  Variable bound range        : [ 0.05, 1 ]
  RHS coefficient range       : [ 1.70278e-05, 1.01937 ]
Objective value for Line heur k = 15: 53841278.819369555
75
Actual reward of current solution: 83265191.17114407
Minimum Difference with past solutions:0.0.
New solution equals old solution at k=15
74
Total Reward at the start of the inner iterations: 83265197.11839502
Gurobi status: 2

Statistics for model Linearization Heuristic :
  Linear constraint matrix    : 13494 Constrs, 7920 Vars, 2999429 NZs
  Matrix coefficient range    : [ 1.10988e-13, 1 ]
  Objective coefficient range : [ 2.35984e-19, 8.94835e+06 ]
  Variable bound range        : [ 0.05, 1 ]
  RHS coefficient range       : [ 1.69659e-05, 1 ]
Objective value for Line heur k = 16: 53467102.904672876
74
Actual reward of current solution: 83265191.50583585
Minimum Difference with past solutions:0.0.
New solution equals old solution at k=16
73
Total Reward at the start of the inner iterations: 83265197.18063179
Gurobi status: 2

Statistics for model Linearization Heuristic :
  Linear constraint matrix    : 13329 Constrs, 7830 Vars, 2928259 NZs
  Matrix coefficient range    : [ 1.10988e-13, 1 ]
  Objective coefficient range : [ 8.01331e-20, 8.94835e+06 ]
  Variable bound range        : [ 0.05, 1 ]
  RHS coefficient range       : [ 1.64219e-05, 1 ]
Objective value for Line heur k = 17: 53084193.964904375
73
Actual reward of current solution: 83265191.82607637
Minimum Difference with past solutions:0.0.
New solution equals old solution at k=17
72
Total Reward at the start of the inner iterations: 83265197.2504548
Gurobi status: 2

Statistics for model Linearization Heuristic :
  Linear constraint matrix    : 13164 Constrs, 7740 Vars, 2857924 NZs
  Matrix coefficient range    : [ 1.10988e-13, 1 ]
  Objective coefficient range : [ 1.14653e-19, 8.94835e+06 ]
  Variable bound range        : [ 0.05, 1 ]
  RHS coefficient range       : [ 7.37513e-06, 1 ]
Objective value for Line heur k = 18: 52693666.97527698
72
Actual reward of current solution: 83265192.13476692
Minimum Difference with past solutions:0.0.
New solution equals old solution at k=18
71
Total Reward at the start of the inner iterations: 83265197.32215206
Gurobi status: 2

Statistics for model Linearization Heuristic :
  Linear constraint matrix    : 12999 Constrs, 7650 Vars, 2788427 NZs
  Matrix coefficient range    : [ 1.10988e-13, 1 ]
  Objective coefficient range : [ 1.72617e-20, 8.94835e+06 ]
  Variable bound range        : [ 0.05, 1 ]
  RHS coefficient range       : [ 2.33444e-07, 1 ]
Objective value for Line heur k = 19: 52296061.36751029
71
Actual reward of current solution: 83265192.4334599
Minimum Difference with past solutions:0.0.
New solution equals old solution at k=19
70
Total Reward at the start of the inner iterations: 83265197.3944605
Gurobi status: 2

Statistics for model Linearization Heuristic :
  Linear constraint matrix    : 12834 Constrs, 7560 Vars, 2719764 NZs
  Matrix coefficient range    : [ 1.3109e-13, 1 ]
  Objective coefficient range : [ 2.15779e-20, 8.94835e+06 ]
  Variable bound range        : [ 0.05, 1 ]
  RHS coefficient range       : [ 6.69389e-06, 1 ]
Objective value for Line heur k = 20: 51891639.475140095
70
Actual reward of current solution: 83265192.72304544
Minimum Difference with past solutions:0.0.
New solution equals old solution at k=20
69
Total Reward at the start of the inner iterations: 83265197.46650316
Gurobi status: 2

Statistics for model Linearization Heuristic :
  Linear constraint matrix    : 12669 Constrs, 7470 Vars, 2651937 NZs
  Matrix coefficient range    : [ 1.3109e-13, 1 ]
  Objective coefficient range : [ 3.15384e-19, 8.94835e+06 ]
  Variable bound range        : [ 0.05, 1 ]
  RHS coefficient range       : [ 1.22115e-05, 1 ]
Objective value for Line heur k = 21: 51480529.10173413
69
Actual reward of current solution: 83265193.00407898
Minimum Difference with past solutions:0.0.
New solution equals old solution at k=21
68
Total Reward at the start of the inner iterations: 83265197.53759699
Gurobi status: 2

Statistics for model Linearization Heuristic :
  Linear constraint matrix    : 12504 Constrs, 7380 Vars, 2584946 NZs
  Matrix coefficient range    : [ 1.3109e-13, 1 ]
  Objective coefficient range : [ 4.93015e-20, 8.94835e+06 ]
  Variable bound range        : [ 0.05, 1 ]
  RHS coefficient range       : [ 1.60917e-05, 1 ]
Objective value for Line heur k = 22: 51062791.15835803
68
Actual reward of current solution: 83265193.27693595
Minimum Difference with past solutions:0.0.
New solution equals old solution at k=22
67
Total Reward at the start of the inner iterations: 83265197.60603966
Gurobi status: 2

Statistics for model Linearization Heuristic :
  Linear constraint matrix    : 12339 Constrs, 7290 Vars, 2518791 NZs
  Matrix coefficient range    : [ 1.3109e-13, 1 ]
  Objective coefficient range : [ 1.5655e-19, 8.94835e+06 ]
  Variable bound range        : [ 0.05, 1 ]
  RHS coefficient range       : [ 1.57311e-05, 1 ]
Objective value for Line heur k = 23: 50638451.7048319
67
Actual reward of current solution: 83265193.54188484
Minimum Difference with past solutions:0.0.
New solution equals old solution at k=23
66
Total Reward at the start of the inner iterations: 83265197.67234589
Gurobi status: 2

Statistics for model Linearization Heuristic :
  Linear constraint matrix    : 12174 Constrs, 7200 Vars, 2453472 NZs
  Matrix coefficient range    : [ 1.3109e-13, 1 ]
  Objective coefficient range : [ 1.53096e-19, 8.94835e+06 ]
  Variable bound range        : [ 0.05, 1 ]
  RHS coefficient range       : [ 1.53277e-05, 1 ]
Objective value for Line heur k = 24: 50207517.335022606
66
Actual reward of current solution: 83265193.79912153
Minimum Difference with past solutions:0.0.
New solution equals old solution at k=24
65
Total Reward at the start of the inner iterations: 83265197.7357425
Gurobi status: 2

Statistics for model Linearization Heuristic :
  Linear constraint matrix    : 12009 Constrs, 7110 Vars, 2388989 NZs
  Matrix coefficient range    : [ 1.3109e-13, 1 ]
  Objective coefficient range : [ 2.31262e-21, 8.94835e+06 ]
  Variable bound range        : [ 0.05, 1 ]
  RHS coefficient range       : [ 1.48898e-05, 1 ]
Objective value for Line heur k = 25: 49769982.90841361
65
Actual reward of current solution: 83265194.04878712
Minimum Difference with past solutions:0.0.
New solution equals old solution at k=25
64
Total Reward at the start of the inner iterations: 83265197.7944159
Gurobi status: 2

Statistics for model Linearization Heuristic :
  Linear constraint matrix    : 11844 Constrs, 7020 Vars, 2325342 NZs
  Matrix coefficient range    : [ 1.3109e-13, 1 ]
  Objective coefficient range : [ 2.05736e-20, 8.94835e+06 ]
  Variable bound range        : [ 0.05, 1 ]
  RHS coefficient range       : [ 1.39729e-05, 1 ]
Objective value for Line heur k = 26: 49325835.82921927
64
Actual reward of current solution: 83265194.29097739
Minimum Difference with past solutions:0.0.
New solution equals old solution at k=26
63
Total Reward at the start of the inner iterations: 83265197.84913683
Gurobi status: 2

Statistics for model Linearization Heuristic :
  Linear constraint matrix    : 11679 Constrs, 6930 Vars, 2262531 NZs
  Matrix coefficient range    : [ 1.3109e-13, 1 ]
  Objective coefficient range : [ 7.59168e-20, 8.94835e+06 ]
  Variable bound range        : [ 0.05, 1 ]
  RHS coefficient range       : [ 1.30891e-05, 1 ]
Objective value for Line heur k = 27: 48875177.17882211
63
Actual reward of current solution: 83265194.52575052
Minimum Difference with past solutions:0.0.
New solution equals old solution at k=27
62
Total Reward at the start of the inner iterations: 83265197.89832643
Gurobi status: 2

Statistics for model Linearization Heuristic :
  Linear constraint matrix    : 11514 Constrs, 6840 Vars, 2200610 NZs
  Matrix coefficient range    : [ 1.3109e-13, 1 ]
  Objective coefficient range : [ 9.5693e-20, 8.94835e+06 ]
  Variable bound range        : [ 0.05, 1 ]
  RHS coefficient range       : [ 1.22511e-05, 0.781305 ]
Objective value for Line heur k = 28: 48418128.94407131
62
Actual reward of current solution: 83265194.75313216
Minimum Difference with past solutions:0.0.
New solution equals old solution at k=28
61
Total Reward at the start of the inner iterations: 83265197.94232261
Gurobi status: 2

Statistics for model Linearization Heuristic :
  Linear constraint matrix    : 11403 Constrs, 6750 Vars, 2139525 NZs
  Matrix coefficient range    : [ 1.3109e-13, 1 ]
  Objective coefficient range : [ 9.83049e-20, 8.94835e+06 ]
  Variable bound range        : [ 0.05, 1 ]
  RHS coefficient range       : [ 1.14567e-05, 1 ]
Objective value for Line heur k = 29: 47954671.19050319
61
Actual reward of current solution: 83265194.97312133
Minimum Difference with past solutions:0.0.
New solution equals old solution at k=29
60
Total Reward at the start of the inner iterations: 83265197.98022673
Gurobi status: 2

Statistics for model Linearization Heuristic :
  Linear constraint matrix    : 11238 Constrs, 6660 Vars, 2079222 NZs
  Matrix coefficient range    : [ 1.3109e-13, 1 ]
  Objective coefficient range : [ 6.39816e-22, 8.94835e+06 ]
  Variable bound range        : [ 0.05, 1 ]
  RHS coefficient range       : [ 1.07038e-05, 1 ]
Objective value for Line heur k = 30: 47484785.22835772
60
Actual reward of current solution: 83265195.18569513
Minimum Difference with past solutions:0.0.
New solution equals old solution at k=30
59
Total Reward at the start of the inner iterations: 83265198.01261076
Gurobi status: 2

Statistics for model Linearization Heuristic :
  Linear constraint matrix    : 11073 Constrs, 6570 Vars, 2019755 NZs
  Matrix coefficient range    : [ 1.3109e-13, 1 ]
  Objective coefficient range : [ 2.62202e-20, 8.94835e+06 ]
  Variable bound range        : [ 0.05, 1 ]
  RHS coefficient range       : [ 9.99069e-06, 1 ]
Objective value for Line heur k = 31: 47008454.70448544
59
Actual reward of current solution: 83265195.39081345
Minimum Difference with past solutions:0.0.
New solution equals old solution at k=31
58
Total Reward at the start of the inner iterations: 83265198.03853337
Gurobi status: 2

Statistics for model Linearization Heuristic :
  Linear constraint matrix    : 10908 Constrs, 6480 Vars, 1961124 NZs
  Matrix coefficient range    : [ 1.3109e-13, 1 ]
  Objective coefficient range : [ 1.41282e-19, 8.94835e+06 ]
  Variable bound range        : [ 0.05, 1 ]
  RHS coefficient range       : [ 9.31552e-06, 1 ]
Objective value for Line heur k = 32: 46525666.53995619
58
Actual reward of current solution: 83265195.58842322
Minimum Difference with past solutions:0.0.
New solution equals old solution at k=32
57
Total Reward at the start of the inner iterations: 83265198.05901712
Gurobi status: 2

Statistics for model Linearization Heuristic :
  Linear constraint matrix    : 10743 Constrs, 6390 Vars, 1903329 NZs
  Matrix coefficient range    : [ 1.3109e-13, 1 ]
  Objective coefficient range : [ 4.55647e-20, 8.94835e+06 ]
  Variable bound range        : [ 0.05, 1 ]
  RHS coefficient range       : [ 8.67665e-06, 1 ]
Objective value for Line heur k = 33: 46036411.72408009
57
Actual reward of current solution: 83265195.77846268
Minimum Difference with past solutions:0.0.
New solution equals old solution at k=33
56
Total Reward at the start of the inner iterations: 83265198.07414557
Gurobi status: 2

Statistics for model Linearization Heuristic :
  Linear constraint matrix    : 10578 Constrs, 6300 Vars, 1846370 NZs
  Matrix coefficient range    : [ 1.3109e-13, 1 ]
  Objective coefficient range : [ 7.99677e-21, 8.94835e+06 ]
  Variable bound range        : [ 0.05, 1 ]
  RHS coefficient range       : [ 8.07253e-06, 1 ]
Objective value for Line heur k = 34: 45540685.9725495
56
Actual reward of current solution: 83265195.96086459
Minimum Difference with past solutions:0.0.
New solution equals old solution at k=34
55
Total Reward at the start of the inner iterations: 83265198.08408225
Gurobi status: 2

Statistics for model Linearization Heuristic :
  Linear constraint matrix    : 10413 Constrs, 6210 Vars, 1790247 NZs
  Matrix coefficient range    : [ 1.3109e-13, 1 ]
  Objective coefficient range : [ 1.78023e-19, 8.94835e+06 ]
  Variable bound range        : [ 0.05, 1 ]
  RHS coefficient range       : [ 7.50168e-06, 1 ]
Objective value for Line heur k = 35: 45038490.257789604
55
Actual reward of current solution: 83265196.13555917
Minimum Difference with past solutions:0.0.
New solution equals old solution at k=35
54
Total Reward at the start of the inner iterations: 83265198.089942
Gurobi status: 2

Statistics for model Linearization Heuristic :
  Linear constraint matrix    : 10248 Constrs, 6120 Vars, 1734960 NZs
  Matrix coefficient range    : [ 1.3109e-13, 1 ]
  Objective coefficient range : [ 6.61784e-20, 8.94835e+06 ]
  Variable bound range        : [ 0.05, 1 ]
  RHS coefficient range       : [ 6.96267e-06, 1 ]
Objective value for Line heur k = 36: 44529831.22067108
54
Actual reward of current solution: 83265196.3024771
Minimum Difference with past solutions:0.0.
New solution equals old solution at k=36
53
Total Reward at the start of the inner iterations: 83265198.09258834
Gurobi status: 2

Statistics for model Linearization Heuristic :
  Linear constraint matrix    : 10083 Constrs, 6030 Vars, 1680509 NZs
  Matrix coefficient range    : [ 1.3109e-13, 1 ]
  Objective coefficient range : [ 3.05544e-19, 8.94835e+06 ]
  Variable bound range        : [ 0.05, 1 ]
  RHS coefficient range       : [ 6.45416e-06, 1 ]
Objective value for Line heur k = 37: 44014721.47361972
53
Actual reward of current solution: 83265196.46155144
Minimum Difference with past solutions:0.0.
New solution equals old solution at k=37
52
Total Reward at the start of the inner iterations: 83265198.0931942
Gurobi status: 2

Statistics for model Linearization Heuristic :
  Linear constraint matrix    : 9918 Constrs, 5940 Vars, 1626894 NZs
  Matrix coefficient range    : [ 1.3109e-13, 1 ]
  Objective coefficient range : [ 4.70759e-20, 8.94835e+06 ]
  Variable bound range        : [ 0.05, 1 ]
  RHS coefficient range       : [ 5.97481e-06, 1 ]
Objective value for Line heur k = 38: 43493179.805608794
52
Actual reward of current solution: 83265196.61271945
Minimum Difference with past solutions:0.0.
New solution equals old solution at k=38
51
Total Reward at the start of the inner iterations: 83265198.09319054
Gurobi status: 2

Statistics for model Linearization Heuristic :
  Linear constraint matrix    : 9753 Constrs, 5850 Vars, 1574115 NZs
  Matrix coefficient range    : [ 1.3109e-13, 1 ]
  Objective coefficient range : [ 4.46791e-20, 8.94835e+06 ]
  Variable bound range        : [ 0.05, 1 ]
  RHS coefficient range       : [ 5.52336e-06, 1 ]
Objective value for Line heur k = 39: 42965231.2995383
51
Actual reward of current solution: 83265196.75592431
Minimum Difference with past solutions:0.0.
New solution equals old solution at k=39
50
Total Reward at the start of the inner iterations: 83265198.09318693
Gurobi status: 2

Statistics for model Linearization Heuristic :
  Linear constraint matrix    : 9588 Constrs, 5760 Vars, 1522172 NZs
  Matrix coefficient range    : [ 1.3109e-13, 1 ]
  Objective coefficient range : [ 1.2251e-19, 8.94835e+06 ]
  Variable bound range        : [ 0.05, 1 ]
  RHS coefficient range       : [ 5.09857e-06, 1 ]
Objective value for Line heur k = 40: 42430907.372223385
50
Actual reward of current solution: 83265196.89111616
Minimum Difference with past solutions:0.0.
New solution equals old solution at k=40
49
Total Reward at the start of the inner iterations: 83265198.09318355
Gurobi status: 2

Statistics for model Linearization Heuristic :
  Linear constraint matrix    : 9423 Constrs, 5670 Vars, 1471065 NZs
  Matrix coefficient range    : [ 1.3109e-13, 1 ]
  Objective coefficient range : [ 7.68681e-20, 8.94835e+06 ]
  Variable bound range        : [ 0.05, 1 ]
  RHS coefficient range       : [ 4.69924e-06, 1 ]
Objective value for Line heur k = 41: 41890245.74672267
49
Actual reward of current solution: 83265197.0182531
Minimum Difference with past solutions:0.0.
New solution equals old solution at k=41
48
Total Reward at the start of the inner iterations: 83265198.09318033
Gurobi status: 2

Statistics for model Linearization Heuristic :
  Linear constraint matrix    : 9258 Constrs, 5580 Vars, 1420848 NZs
  Matrix coefficient range    : [ 1.3109e-13, 1 ]
  Objective coefficient range : [ 6.52523e-20, 8.94835e+06 ]
  Variable bound range        : [ 0.05, 1 ]
  RHS coefficient range       : [ 4.3242e-06, 0.570132 ]
Objective value for Line heur k = 42: 41343290.36611646
48
Actual reward of current solution: 83265197.13730173
Minimum Difference with past solutions:0.0.
New solution equals old solution at k=42
47
Total Reward at the start of the inner iterations: 83265198.09317726
Gurobi status: 2

Statistics for model Linearization Heuristic :
  Linear constraint matrix    : 9147 Constrs, 5490 Vars, 1371467 NZs
  Matrix coefficient range    : [ 1.3109e-13, 1 ]
  Objective coefficient range : [ 8.10637e-20, 8.94835e+06 ]
  Variable bound range        : [ 0.05, 1 ]
  RHS coefficient range       : [ 3.97232e-06, 1 ]
Objective value for Line heur k = 43: 40790091.25716601
47
Actual reward of current solution: 83265197.24823786
Minimum Difference with past solutions:0.0.
New solution equals old solution at k=43
46
Total Reward at the start of the inner iterations: 83265198.09317443
Gurobi status: 2

Statistics for model Linearization Heuristic :
  Linear constraint matrix    : 8982 Constrs, 5400 Vars, 1322868 NZs
  Matrix coefficient range    : [ 1.3109e-13, 1 ]
  Objective coefficient range : [ 2.68219e-19, 8.94835e+06 ]
  Variable bound range        : [ 0.05, 1 ]
  RHS coefficient range       : [ 3.6425e-06, 1 ]
Objective value for Line heur k = 44: 40230704.35159099
46
Actual reward of current solution: 83265197.35104677
Minimum Difference with past solutions:0.0.
New solution equals old solution at k=44
45
Total Reward at the start of the inner iterations: 83265198.09317185
Gurobi status: 2

Statistics for model Linearization Heuristic :
  Linear constraint matrix    : 8817 Constrs, 5310 Vars, 1275105 NZs
  Matrix coefficient range    : [ 1.3109e-13, 1 ]
  Objective coefficient range : [ 2.08127e-20, 8.94835e+06 ]
  Variable bound range        : [ 0.05, 1 ]
  RHS coefficient range       : [ 3.33367e-06, 1 ]
Objective value for Line heur k = 45: 39665191.272010975
45
Actual reward of current solution: 83265197.44572316
Minimum Difference with past solutions:0.0.
New solution equals old solution at k=45
44
Total Reward at the start of the inner iterations: 83265198.09316942
Gurobi status: 2

Statistics for model Linearization Heuristic :
  Linear constraint matrix    : 8652 Constrs, 5220 Vars, 1228178 NZs
  Matrix coefficient range    : [ 1.3109e-13, 1 ]
  Objective coefficient range : [ 2.55287e-20, 8.94835e+06 ]
  Variable bound range        : [ 0.05, 1 ]
  RHS coefficient range       : [ 3.04479e-06, 1 ]
Objective value for Line heur k = 46: 39093619.08893283
44
Actual reward of current solution: 83265197.5322716
Minimum Difference with past solutions:0.0.
New solution equals old solution at k=46
43
Total Reward at the start of the inner iterations: 83265198.09316726
Gurobi status: 2

Statistics for model Linearization Heuristic :
  Linear constraint matrix    : 8487 Constrs, 5130 Vars, 1182087 NZs
  Matrix coefficient range    : [ 1.3109e-13, 1 ]
  Objective coefficient range : [ 7.05684e-20, 8.94835e+06 ]
  Variable bound range        : [ 0.05, 1 ]
  RHS coefficient range       : [ 2.77485e-06, 1 ]
Objective value for Line heur k = 47: 38516060.05453353
43
Actual reward of current solution: 83265197.61070597
Minimum Difference with past solutions:0.0.
New solution equals old solution at k=47
42
Total Reward at the start of the inner iterations: 83265198.09316537
Gurobi status: 2

Statistics for model Linearization Heuristic :
  Linear constraint matrix    : 8322 Constrs, 5040 Vars, 1136832 NZs
  Matrix coefficient range    : [ 1.3109e-13, 1 ]
  Objective coefficient range : [ 1.27045e-20, 8.94835e+06 ]
  Variable bound range        : [ 0.05, 1 ]
  RHS coefficient range       : [ 2.52287e-06, 1 ]
Objective value for Line heur k = 48: 37932634.77334846
42
Actual reward of current solution: 83265197.68104991
Minimum Difference with past solutions:0.0.
New solution equals old solution at k=48
41
Total Reward at the start of the inner iterations: 83265198.0931637
Gurobi status: 2

Statistics for model Linearization Heuristic :
  Linear constraint matrix    : 8157 Constrs, 4950 Vars, 1092413 NZs
  Matrix coefficient range    : [ 1.3109e-13, 1 ]
  Objective coefficient range : [ 3.34697e-20, 8.94835e+06 ]
  Variable bound range        : [ 0.05, 1 ]
  RHS coefficient range       : [ 2.28792e-06, 1 ]
Objective value for Line heur k = 49: 37343560.10389262
41
Actual reward of current solution: 83265197.74333589
Minimum Difference with past solutions:0.0.
New solution equals old solution at k=49
40
Total Reward at the start of the inner iterations: 83265198.0931623
Gurobi status: 2

Statistics for model Linearization Heuristic :
  Linear constraint matrix    : 7992 Constrs, 4860 Vars, 1048830 NZs
  Matrix coefficient range    : [ 1.3109e-13, 1 ]
  Objective coefficient range : [ 7.91626e-20, 8.94835e+06 ]
  Variable bound range        : [ 0.05, 1 ]
  RHS coefficient range       : [ 2.06908e-06, 1 ]
Objective value for Line heur k = 50: 36748920.77807752
40
Actual reward of current solution: 83265197.79760553
Minimum Difference with past solutions:0.0.
New solution equals old solution at k=50
39
Total Reward at the start of the inner iterations: 83265198.0931612
Gurobi status: 2

Statistics for model Linearization Heuristic :
  Linear constraint matrix    : 7827 Constrs, 4770 Vars, 1006083 NZs
  Matrix coefficient range    : [ 1.3109e-13, 1 ]
  Objective coefficient range : [ 1.3463e-20, 8.94835e+06 ]
  Variable bound range        : [ 0.05, 1 ]
  RHS coefficient range       : [ 1.86548e-06, 1 ]
Objective value for Line heur k = 51: 36148805.30638166
39
Actual reward of current solution: 83265197.84390888
Minimum Difference with past solutions:0.0.
New solution equals old solution at k=51
38
Total Reward at the start of the inner iterations: 83265198.0931604
Gurobi status: 2

Statistics for model Linearization Heuristic :
  Linear constraint matrix    : 7662 Constrs, 4680 Vars, 964172 NZs
  Matrix coefficient range    : [ 1.3109e-13, 1 ]
  Objective coefficient range : [ 9.47033e-21, 8.94835e+06 ]
  Variable bound range        : [ 0.05, 1 ]
  RHS coefficient range       : [ 1.67626e-06, 1 ]
Objective value for Line heur k = 52: 35543305.66767377
38
Actual reward of current solution: 83265197.88230415
Minimum Difference with past solutions:0.0.
New solution equals old solution at k=52
37
Total Reward at the start of the inner iterations: 83265198.09315987
Gurobi status: 2

Statistics for model Linearization Heuristic :
  Linear constraint matrix    : 7497 Constrs, 4590 Vars, 923097 NZs
  Matrix coefficient range    : [ 1.3109e-13, 1 ]
  Objective coefficient range : [ 3.65857e-20, 8.94835e+06 ]
  Variable bound range        : [ 0.05, 1 ]
  RHS coefficient range       : [ 1.50062e-06, 1 ]
Objective value for Line heur k = 53: 34932517.0003009
37
Actual reward of current solution: 83265197.91285741
Minimum Difference with past solutions:0.0.
New solution equals old solution at k=53
36
Total Reward at the start of the inner iterations: 83265198.09315965
Gurobi status: 2

Statistics for model Linearization Heuristic :
  Linear constraint matrix    : 7332 Constrs, 4500 Vars, 882858 NZs
  Matrix coefficient range    : [ 1.3109e-13, 1 ]
  Objective coefficient range : [ 3.33569e-19, 8.94835e+06 ]
  Variable bound range        : [ 0.05, 1 ]
  RHS coefficient range       : [ 1.33778e-06, 1 ]
Objective value for Line heur k = 54: 34316537.29665959
36
Actual reward of current solution: 83265197.935642
Minimum Difference with past solutions:0.0.
New solution equals old solution at k=54
35
Total Reward at the start of the inner iterations: 83265198.09315974
Gurobi status: 2

Statistics for model Linearization Heuristic :
  Linear constraint matrix    : 7167 Constrs, 4410 Vars, 843455 NZs
  Matrix coefficient range    : [ 1.3109e-13, 1 ]
  Objective coefficient range : [ 1.37268e-19, 8.94835e+06 ]
  Variable bound range        : [ 0.05, 1 ]
  RHS coefficient range       : [ 1.18698e-06, 1 ]
Objective value for Line heur k = 55: 33695467.10316441
35
Actual reward of current solution: 83265197.95071246
Minimum Difference with past solutions:0.0.
New solution equals old solution at k=55
34
Total Reward at the start of the inner iterations: 83265198.09317236
Gurobi status: 2

Statistics for model Linearization Heuristic :
  Linear constraint matrix    : 7002 Constrs, 4320 Vars, 804942 NZs
  Matrix coefficient range    : [ 1.3109e-13, 1 ]
  Objective coefficient range : [ 2.22018e-20, 8.94835e+06 ]
  Variable bound range        : [ 0.05, 1 ]
  RHS coefficient range       : [ 5.24494e-07, 0.373292 ]
Objective value for Line heur k = 56: 33069494.15352366
34
Actual reward of current solution: 83265198.09317236
Minimum Difference with past solutions:0.0.
New solution equals old solution at k=56
33
Total Reward at the start of the inner iterations: 83265198.09317236
Gurobi status: 2

Statistics for model Linearization Heuristic :
  Linear constraint matrix    : 6891 Constrs, 4230 Vars, 767265 NZs
  Matrix coefficient range    : [ 1.3109e-13, 1 ]
  Objective coefficient range : [ 2.22018e-20, 8.94835e+06 ]
  Variable bound range        : [ 0.05, 1 ]
  RHS coefficient range       : [ 9.18694e-07, 1 ]
Objective value for Line heur k = 57: 32438733.56960419
33
Actual reward of current solution: 83265198.09317236
Minimum Difference with past solutions:0.0.
New solution equals old solution at k=57
32
Total Reward at the start of the inner iterations: 83265198.09317236
Gurobi status: 2

Statistics for model Linearization Heuristic :
  Linear constraint matrix    : 6726 Constrs, 4140 Vars, 730370 NZs
  Matrix coefficient range    : [ 1.3109e-13, 1 ]
  Objective coefficient range : [ 2.22018e-20, 8.94835e+06 ]
  Variable bound range        : [ 0.05, 1 ]
  RHS coefficient range       : [ 7.99869e-07, 1 ]
Objective value for Line heur k = 58: 31803998.102921344
32
Actual reward of current solution: 83265198.09317236
Minimum Difference with past solutions:0.0.
New solution equals old solution at k=58
31
Total Reward at the start of the inner iterations: 83265198.09317236
Gurobi status: 2

Statistics for model Linearization Heuristic :
  Linear constraint matrix    : 6561 Constrs, 4050 Vars, 694311 NZs
  Matrix coefficient range    : [ 1.3109e-13, 1 ]
  Objective coefficient range : [ 2.22018e-20, 8.94835e+06 ]
  Variable bound range        : [ 0.05, 1 ]
  RHS coefficient range       : [ 6.90415e-07, 1 ]
Objective value for Line heur k = 59: 31165387.50711903
31
Actual reward of current solution: 83265198.09317236
Minimum Difference with past solutions:0.0.
New solution equals old solution at k=59
30
Total Reward at the start of the inner iterations: 83265198.09317236
Gurobi status: 2

Statistics for model Linearization Heuristic :
  Linear constraint matrix    : 6396 Constrs, 3960 Vars, 659088 NZs
  Matrix coefficient range    : [ 1.3109e-13, 1 ]
  Objective coefficient range : [ 2.22018e-20, 8.94835e+06 ]
  Variable bound range        : [ 0.05, 1 ]
  RHS coefficient range       : [ 5.89739e-07, 1 ]
Objective value for Line heur k = 60: 30523002.322787993
30
Actual reward of current solution: 83265198.09317236
Minimum Difference with past solutions:0.0.
New solution equals old solution at k=60
29
Total Reward at the start of the inner iterations: 83265198.09317236
Gurobi status: 2

Statistics for model Linearization Heuristic :
  Linear constraint matrix    : 6231 Constrs, 3870 Vars, 624701 NZs
  Matrix coefficient range    : [ 1.3109e-13, 1 ]
  Objective coefficient range : [ 2.22018e-20, 8.94835e+06 ]
  Variable bound range        : [ 0.05, 1 ]
  RHS coefficient range       : [ 4.97279e-07, 1 ]
Objective value for Line heur k = 61: 29876943.682300277
29
Actual reward of current solution: 83265198.09317236
Minimum Difference with past solutions:0.0.
New solution equals old solution at k=61
28
Total Reward at the start of the inner iterations: 83265198.09317236
Gurobi status: 2

Statistics for model Linearization Heuristic :
  Linear constraint matrix    : 6066 Constrs, 3780 Vars, 591150 NZs
  Matrix coefficient range    : [ 1.3109e-13, 1 ]
  Objective coefficient range : [ 2.22018e-20, 8.94835e+06 ]
  Variable bound range        : [ 0.05, 1 ]
  RHS coefficient range       : [ 4.12498e-07, 1 ]
Objective value for Line heur k = 62: 29227313.12734051
28
Actual reward of current solution: 83265198.09317236
Minimum Difference with past solutions:0.0.
New solution equals old solution at k=62
27
Total Reward at the start of the inner iterations: 83265198.09317236
Gurobi status: 2

Statistics for model Linearization Heuristic :
  Linear constraint matrix    : 5901 Constrs, 3690 Vars, 558435 NZs
  Matrix coefficient range    : [ 1.3109e-13, 1 ]
  Objective coefficient range : [ 2.22018e-20, 8.94835e+06 ]
  Variable bound range        : [ 0.05, 1 ]
  RHS coefficient range       : [ 3.34891e-07, 1 ]
Objective value for Line heur k = 63: 28574212.439090833
27
Actual reward of current solution: 83265198.09317236
Minimum Difference with past solutions:0.0.
New solution equals old solution at k=63
26
Total Reward at the start of the inner iterations: 83265198.09317236
Gurobi status: 2

Statistics for model Linearization Heuristic :
  Linear constraint matrix    : 5736 Constrs, 3600 Vars, 526556 NZs
  Matrix coefficient range    : [ 1.3109e-13, 1 ]
  Objective coefficient range : [ 2.22018e-20, 8.94835e+06 ]
  Variable bound range        : [ 0.05, 1 ]
  RHS coefficient range       : [ 2.63976e-07, 1 ]
Objective value for Line heur k = 64: 27917743.480969306
26
Actual reward of current solution: 83265198.09317236
Minimum Difference with past solutions:0.0.
New solution equals old solution at k=64
25
Total Reward at the start of the inner iterations: 83265198.09317236
Gurobi status: 2

Statistics for model Linearization Heuristic :
  Linear constraint matrix    : 5571 Constrs, 3510 Vars, 495513 NZs
  Matrix coefficient range    : [ 1.3109e-13, 1 ]
  Objective coefficient range : [ 2.22018e-20, 8.94835e+06 ]
  Variable bound range        : [ 0.05, 1 ]
  RHS coefficient range       : [ 1.993e-07, 1 ]
Objective value for Line heur k = 65: 27258008.053767476
25
Actual reward of current solution: 83265198.09317236
Minimum Difference with past solutions:0.0.
New solution equals old solution at k=65
24
Total Reward at the start of the inner iterations: 83265198.09317236
Gurobi status: 2

Statistics for model Linearization Heuristic :
  Linear constraint matrix    : 5406 Constrs, 3420 Vars, 465306 NZs
  Matrix coefficient range    : [ 1.3109e-13, 1 ]
  Objective coefficient range : [ 2.22018e-20, 8.94835e+06 ]
  Variable bound range        : [ 0.05, 1 ]
  RHS coefficient range       : [ 1.40432e-07, 1 ]
Objective value for Line heur k = 66: 26595107.762985233
24
Actual reward of current solution: 83265198.09317236
Minimum Difference with past solutions:0.0.
New solution equals old solution at k=66
23
Total Reward at the start of the inner iterations: 83265198.09317236
Gurobi status: 2

Statistics for model Linearization Heuristic :
  Linear constraint matrix    : 5241 Constrs, 3330 Vars, 435935 NZs
  Matrix coefficient range    : [ 1.3109e-13, 1 ]
  Objective coefficient range : [ 2.22018e-20, 8.94835e+06 ]
  Variable bound range        : [ 0.05, 1 ]
  RHS coefficient range       : [ 8.69677e-08, 1 ]
Objective value for Line heur k = 67: 25929143.898120746
23
Actual reward of current solution: 83265198.09317236
Minimum Difference with past solutions:0.0.
New solution equals old solution at k=67
22
Total Reward at the start of the inner iterations: 83265198.09317236
Gurobi status: 2

Statistics for model Linearization Heuristic :
  Linear constraint matrix    : 5076 Constrs, 3240 Vars, 407400 NZs
  Matrix coefficient range    : [ 1.3109e-13, 1 ]
  Objective coefficient range : [ 2.22018e-20, 8.94835e+06 ]
  Variable bound range        : [ 0.05, 1 ]
  RHS coefficient range       : [ 3.85251e-08, 1 ]
Objective value for Line heur k = 68: 25260217.323641732
22
Actual reward of current solution: 83265198.09317236
Minimum Difference with past solutions:0.0.
New solution equals old solution at k=68
21
Total Reward at the start of the inner iterations: 83265198.09317236
Gurobi status: 2

Statistics for model Linearization Heuristic :
  Linear constraint matrix    : 4911 Constrs, 3150 Vars, 379701 NZs
  Matrix coefficient range    : [ 1.3109e-13, 1 ]
  Objective coefficient range : [ 2.22018e-20, 8.94835e+06 ]
  Variable bound range        : [ 0.05, 1 ]
  RHS coefficient range       : [ 5.25569e-09, 1 ]
Objective value for Line heur k = 69: 24588428.381343585
21
Actual reward of current solution: 83265198.09317236
Minimum Difference with past solutions:0.0.
New solution equals old solution at k=69
20
Total Reward at the start of the inner iterations: 83265198.09317236
Gurobi status: 2

Statistics for model Linearization Heuristic :
  Linear constraint matrix    : 4746 Constrs, 3060 Vars, 352892 NZs
  Matrix coefficient range    : [ 1.3109e-13, 1 ]
  Objective coefficient range : [ 2.22018e-20, 8.94835e+06 ]
  Variable bound range        : [ 0.05, 1 ]
  RHS coefficient range       : [ 4.47132e-08, 0.223862 ]
Objective value for Line heur k = 70: 23913876.80379311
20
Actual reward of current solution: 83265198.09317236
Minimum Difference with past solutions:0.0.
New solution equals old solution at k=70
19
Total Reward at the start of the inner iterations: 83265198.09317236
Gurobi status: 2

Statistics for model Linearization Heuristic :
  Linear constraint matrix    : 4635 Constrs, 2970 Vars, 326919 NZs
  Matrix coefficient range    : [ 1.3109e-13, 1 ]
  Objective coefficient range : [ 2.22018e-20, 8.94835e+06 ]
  Variable bound range        : [ 0.05, 1 ]
  RHS coefficient range       : [ 8.01655e-08, 1 ]
Objective value for Line heur k = 71: 23236661.638570737
19
Actual reward of current solution: 83265198.09317236
Minimum Difference with past solutions:0.0.
New solution equals old solution at k=71
18
Total Reward at the start of the inner iterations: 83265198.09317236
Gurobi status: 2

Statistics for model Linearization Heuristic :
  Linear constraint matrix    : 4470 Constrs, 2880 Vars, 301728 NZs
  Matrix coefficient range    : [ 1.3109e-13, 1 ]
  Objective coefficient range : [ 2.22018e-20, 8.94835e+06 ]
  Variable bound range        : [ 0.05, 1 ]
  RHS coefficient range       : [ 1.11911e-07, 1 ]
Objective value for Line heur k = 72: 22556881.183070105
18
Actual reward of current solution: 83265198.09317236
Minimum Difference with past solutions:0.0.
New solution equals old solution at k=72
17
Total Reward at the start of the inner iterations: 83265198.09317236
Gurobi status: 2

Statistics for model Linearization Heuristic :
  Linear constraint matrix    : 4305 Constrs, 2790 Vars, 277373 NZs
  Matrix coefficient range    : [ 1.3109e-13, 1 ]
  Objective coefficient range : [ 2.22018e-20, 8.94835e+06 ]
  Variable bound range        : [ 0.05, 1 ]
  RHS coefficient range       : [ 1.40231e-07, 1 ]
Objective value for Line heur k = 73: 21874632.929714847
17
Actual reward of current solution: 83265198.09317236
Minimum Difference with past solutions:0.0.
New solution equals old solution at k=73
16
Total Reward at the start of the inner iterations: 83265198.09317236
Gurobi status: 2

Statistics for model Linearization Heuristic :
  Linear constraint matrix    : 4140 Constrs, 2700 Vars, 253854 NZs
  Matrix coefficient range    : [ 1.3109e-13, 1 ]
  Objective coefficient range : [ 2.22018e-20, 8.94835e+06 ]
  Variable bound range        : [ 0.05, 1 ]
  RHS coefficient range       : [ 1.65386e-07, 1 ]
Objective value for Line heur k = 74: 21190013.521647748
16
Actual reward of current solution: 83265198.09317236
Minimum Difference with past solutions:0.0.
New solution equals old solution at k=74
15
Total Reward at the start of the inner iterations: 83265198.09317236
Gurobi status: 2

Statistics for model Linearization Heuristic :
  Linear constraint matrix    : 3975 Constrs, 2610 Vars, 231171 NZs
  Matrix coefficient range    : [ 1.3109e-13, 1 ]
  Objective coefficient range : [ 2.22018e-20, 8.94835e+06 ]
  Variable bound range        : [ 0.05, 1 ]
  RHS coefficient range       : [ 1.87624e-07, 1 ]
Objective value for Line heur k = 75: 20503118.71931056
15
Actual reward of current solution: 83265198.09317236
Minimum Difference with past solutions:0.0.
New solution equals old solution at k=75
14
Total Reward at the start of the inner iterations: 83265198.09317236
Gurobi status: 2

Statistics for model Linearization Heuristic :
  Linear constraint matrix    : 3810 Constrs, 2520 Vars, 209324 NZs
  Matrix coefficient range    : [ 1.3109e-13, 1 ]
  Objective coefficient range : [ 2.22018e-20, 8.94835e+06 ]
  Variable bound range        : [ 0.05, 1 ]
  RHS coefficient range       : [ 2.07173e-07, 1 ]
Objective value for Line heur k = 76: 19814043.37899675
14
Actual reward of current solution: 83265198.09317236
Minimum Difference with past solutions:0.0.
New solution equals old solution at k=76
13
Total Reward at the start of the inner iterations: 83265198.09317236
Gurobi status: 2

Statistics for model Linearization Heuristic :
  Linear constraint matrix    : 3645 Constrs, 2430 Vars, 188313 NZs
  Matrix coefficient range    : [ 1.3109e-13, 1 ]
  Objective coefficient range : [ 2.22018e-20, 8.94835e+06 ]
  Variable bound range        : [ 0.05, 1 ]
  RHS coefficient range       : [ 2.24249e-07, 1 ]
Objective value for Line heur k = 77: 19122881.445665114
13
Actual reward of current solution: 83265198.09317236
Minimum Difference with past solutions:0.0.
New solution equals old solution at k=77
12
Total Reward at the start of the inner iterations: 83265198.09317236
Gurobi status: 2

Statistics for model Linearization Heuristic :
  Linear constraint matrix    : 3480 Constrs, 2340 Vars, 168138 NZs
  Matrix coefficient range    : [ 1.3109e-13, 1 ]
  Objective coefficient range : [ 2.22018e-20, 8.94835e+06 ]
  Variable bound range        : [ 0.05, 1 ]
  RHS coefficient range       : [ 2.39052e-07, 1 ]
Objective value for Line heur k = 78: 18429725.964486163
12
Actual reward of current solution: 83265198.09317236
Minimum Difference with past solutions:0.0.
New solution equals old solution at k=78
11
Total Reward at the start of the inner iterations: 83265198.09317236
Gurobi status: 2

Statistics for model Linearization Heuristic :
  Linear constraint matrix    : 3315 Constrs, 2250 Vars, 148799 NZs
  Matrix coefficient range    : [ 1.3109e-13, 1 ]
  Objective coefficient range : [ 2.22018e-20, 8.94835e+06 ]
  Variable bound range        : [ 0.05, 1 ]
  RHS coefficient range       : [ 2.13191e-07, 1 ]
Objective value for Line heur k = 79: 17734669.119545177
11
Actual reward of current solution: 83265198.09317236
Minimum Difference with past solutions:0.0.
New solution equals old solution at k=79
10
Total Reward at the start of the inner iterations: 83265198.09317236
Gurobi status: 2

Statistics for model Linearization Heuristic :
  Linear constraint matrix    : 3150 Constrs, 2160 Vars, 130296 NZs
  Matrix coefficient range    : [ 1.3109e-13, 1 ]
  Objective coefficient range : [ 2.22018e-20, 8.94835e+06 ]
  Variable bound range        : [ 0.05, 1 ]
  RHS coefficient range       : [ 1.77257e-07, 1 ]
Objective value for Line heur k = 80: 17037802.31527472
10
Actual reward of current solution: 83265198.09317236
Minimum Difference with past solutions:0.0.
New solution equals old solution at k=80
9
Total Reward at the start of the inner iterations: 83265198.09317236
Gurobi status: 2

Statistics for model Linearization Heuristic :
  Linear constraint matrix    : 2985 Constrs, 2070 Vars, 112629 NZs
  Matrix coefficient range    : [ 1.3109e-13, 1 ]
  Objective coefficient range : [ 2.22018e-20, 8.94835e+06 ]
  Variable bound range        : [ 0.05, 1 ]
  RHS coefficient range       : [ 1.44363e-07, 1 ]
Objective value for Line heur k = 81: 16339216.329118242
9
Actual reward of current solution: 83265198.09317236
Minimum Difference with past solutions:0.0.
New solution equals old solution at k=81
8
Total Reward at the start of the inner iterations: 83265198.09317236
Gurobi status: 2

Statistics for model Linearization Heuristic :
  Linear constraint matrix    : 2820 Constrs, 1980 Vars, 95798 NZs
  Matrix coefficient range    : [ 1.3109e-13, 1 ]
  Objective coefficient range : [ 2.22018e-20, 8.94835e+06 ]
  Variable bound range        : [ 0.05, 1 ]
  RHS coefficient range       : [ 4.12594e-08, 1 ]
Objective value for Line heur k = 82: 15639001.587304164
8
Actual reward of current solution: 83265198.09317236
Minimum Difference with past solutions:0.0.
New solution equals old solution at k=82
7
Total Reward at the start of the inner iterations: 83265198.09317236
Gurobi status: 2

Statistics for model Linearization Heuristic :
  Linear constraint matrix    : 2655 Constrs, 1890 Vars, 79803 NZs
  Matrix coefficient range    : [ 1.3109e-13, 1 ]
  Objective coefficient range : [ 2.22018e-20, 8.94835e+06 ]
  Variable bound range        : [ 0.05, 1 ]
  RHS coefficient range       : [ 5.98909e-09, 1 ]
Objective value for Line heur k = 83: 14937248.657871682
7
Actual reward of current solution: 83265198.09317236
Minimum Difference with past solutions:0.0.
New solution equals old solution at k=83
6
Total Reward at the start of the inner iterations: 83265198.09317236
Gurobi status: 2

Statistics for model Linearization Heuristic :
  Linear constraint matrix    : 2490 Constrs, 1800 Vars, 64698 NZs
  Matrix coefficient range    : [ 1.3109e-13, 1 ]
  Objective coefficient range : [ 2.22018e-20, 8.94835e+06 ]
  Variable bound range        : [ 0.05, 1 ]
  RHS coefficient range       : [ 2.44048e-07, 0.143549 ]
Objective value for Line heur k = 84: 14234049.131473824
6
Actual reward of current solution: 83265198.09317236
Minimum Difference with past solutions:0.0.
New solution equals old solution at k=84
5
Total Reward at the start of the inner iterations: 83265198.09317236
Gurobi status: 2

Statistics for model Linearization Heuristic :
  Linear constraint matrix    : 2379 Constrs, 1710 Vars, 50429 NZs
  Matrix coefficient range    : [ 1.3109e-13, 1 ]
  Objective coefficient range : [ 2.22018e-20, 8.94835e+06 ]
  Variable bound range        : [ 0.05, 1 ]
  RHS coefficient range       : [ 1.00651e-07, 1 ]
Objective value for Line heur k = 85: 13529497.198505407
5
Actual reward of current solution: 83265198.09317236
Minimum Difference with past solutions:0.0.
New solution equals old solution at k=85
4
Total Reward at the start of the inner iterations: 83265198.09317236
Gurobi status: 2

Statistics for model Linearization Heuristic :
  Linear constraint matrix    : 2214 Constrs, 1620 Vars, 36942 NZs
  Matrix coefficient range    : [ 1.3109e-13, 1 ]
  Objective coefficient range : [ 2.22018e-20, 8.94835e+06 ]
  Variable bound range        : [ 0.05, 1 ]
  RHS coefficient range       : [ 5.6626e-07, 1 ]
Objective value for Line heur k = 86: 12823692.48044186
4
Actual reward of current solution: 83265198.09317236
Minimum Difference with past solutions:0.0.
New solution equals old solution at k=86
3
Total Reward at the start of the inner iterations: 83265198.09317236
Gurobi status: 2

Statistics for model Linearization Heuristic :
  Linear constraint matrix    : 2049 Constrs, 1530 Vars, 24339 NZs
  Matrix coefficient range    : [ 1.3109e-13, 1 ]
  Objective coefficient range : [ 3.11227e-20, 8.94835e+06 ]
  Variable bound range        : [ 0.05, 1 ]
  RHS coefficient range       : [ 1.59511e-06, 1 ]
Objective value for Line heur k = 87: 12116745.12359498
3
Actual reward of current solution: 83265198.09317236
Minimum Difference with past solutions:0.0.
New solution equals old solution at k=87
2
Total Reward at the start of the inner iterations: 83265198.09317236
Gurobi status: 2

Statistics for model Linearization Heuristic :
  Linear constraint matrix    : 1884 Constrs, 1440 Vars, 12592 NZs
  Matrix coefficient range    : [ 3.84155e-12, 1 ]
  Objective coefficient range : [ 3.11227e-20, 8.94835e+06 ]
  Variable bound range        : [ 0.05, 1 ]
  RHS coefficient range       : [ 2.69896e-06, 1 ]
Objective value for Line heur k = 88: 11408784.976601072
2
Actual reward of current solution: 83265198.09317236
Minimum Difference with past solutions:0.0.
New solution equals old solution at k=88
1
Total Reward at the start of the inner iterations: 83265198.09317236
Gurobi status: 2

Statistics for model Linearization Heuristic :
  Linear constraint matrix    : 1719 Constrs, 1350 Vars, 6391 NZs
  Matrix coefficient range    : [ 2.14865e-10, 1 ]
  Objective coefficient range : [ 1.11022e-16, 8.94835e+06 ]
  Variable bound range        : [ 0.05, 1 ]
  RHS coefficient range       : [ 3.93783e-06, 1 ]
Objective value for Line heur k = 89: 10699978.140781429
1
Actual reward of current solution: 83265198.09317236
Minimum Difference with past solutions:0.0.
New solution equals old solution at k=89
0
Total Reward at the start of the inner iterations: 83265198.09317236
Gurobi status: 2

Statistics for model Linearization Heuristic :
  Linear constraint matrix    : 1554 Constrs, 1260 Vars, 2709 NZs
  Matrix coefficient range    : [ 0.496475, 1 ]
  Objective coefficient range : [ 1.11022e-16, 8.94835e+06 ]
  Variable bound range        : [ 0.05, 1 ]
  RHS coefficient range       : [ 5.42037e-06, 0.124521 ]
Objective value for Line heur k = 90: 9990556.831629349
0
Actual reward of current solution: 83265198.09317236
Minimum Difference with past solutions:0.0.
New solution equals old solution at k=90
0
Total Reward at the start of the inner iterations: 83265198.09317236
Gurobi status: 2

Statistics for model Linearization Heuristic :
  Linear constraint matrix    : 1443 Constrs, 1170 Vars, 2457 NZs
  Matrix coefficient range    : [ 0.52395, 1 ]
  Objective coefficient range : [ 1.11022e-16, 8.94835e+06 ]
  Variable bound range        : [ 0.05, 1 ]
  RHS coefficient range       : [ 5.42037e-06, 0.124521 ]
Objective value for Line heur k = 91: 9276918.603235714
0
Actual reward of current solution: 83265198.09317236
Minimum Difference with past solutions:0.0.
New solution equals old solution at k=91
0
Total Reward at the start of the inner iterations: 83265198.09317236
Gurobi status: 2

Statistics for model Linearization Heuristic :
  Linear constraint matrix    : 1332 Constrs, 1080 Vars, 2214 NZs
  Matrix coefficient range    : [ 0.552945, 1 ]
  Objective coefficient range : [ 1.11022e-16, 8.94835e+06 ]
  Variable bound range        : [ 0.05, 1 ]
  RHS coefficient range       : [ 5.42037e-06, 0.124521 ]
Objective value for Line heur k = 92: 8563286.409058942
0
Actual reward of current solution: 83265198.09317236
Minimum Difference with past solutions:0.0.
New solution equals old solution at k=92
0
Total Reward at the start of the inner iterations: 83265198.09317236
Gurobi status: 2

Statistics for model Linearization Heuristic :
  Linear constraint matrix    : 1221 Constrs, 990 Vars, 1980 NZs
  Matrix coefficient range    : [ 0.583545, 1 ]
  Objective coefficient range : [ 1.11022e-16, 8.94835e+06 ]
  Variable bound range        : [ 0.05, 1 ]
  RHS coefficient range       : [ 5.42037e-06, 0.124521 ]
Objective value for Line heur k = 93: 7849660.046277393
0
Actual reward of current solution: 83265198.09317236
Minimum Difference with past solutions:0.0.
New solution equals old solution at k=93
0
Total Reward at the start of the inner iterations: 83265198.09317236
Gurobi status: 2

Statistics for model Linearization Heuristic :
  Linear constraint matrix    : 1110 Constrs, 900 Vars, 1755 NZs
  Matrix coefficient range    : [ 0.615839, 1 ]
  Objective coefficient range : [ 1.11022e-16, 8.94835e+06 ]
  Variable bound range        : [ 0.05, 1 ]
  RHS coefficient range       : [ 5.42037e-06, 0.124521 ]
Objective value for Line heur k = 94: 7136039.03634168
0
Actual reward of current solution: 83265198.09317236
Minimum Difference with past solutions:0.0.
New solution equals old solution at k=94
0
Total Reward at the start of the inner iterations: 83265198.09317236
Gurobi status: 2

Statistics for model Linearization Heuristic :
  Linear constraint matrix    : 999 Constrs, 810 Vars, 1539 NZs
  Matrix coefficient range    : [ 0.64992, 1 ]
  Objective coefficient range : [ 1.11022e-16, 8.94835e+06 ]
  Variable bound range        : [ 0.05, 1 ]
  RHS coefficient range       : [ 5.42037e-06, 0.124521 ]
Objective value for Line heur k = 95: 6422422.775514915
0
Actual reward of current solution: 83265198.09317236
Minimum Difference with past solutions:0.0.
New solution equals old solution at k=95
0
Total Reward at the start of the inner iterations: 83265198.09317236
Gurobi status: 2

Statistics for model Linearization Heuristic :
  Linear constraint matrix    : 888 Constrs, 720 Vars, 1332 NZs
  Matrix coefficient range    : [ 0.685886, 1 ]
  Objective coefficient range : [ 1.11022e-16, 8.94835e+06 ]
  Variable bound range        : [ 0.05, 1 ]
  RHS coefficient range       : [ 5.42037e-06, 0.124521 ]
Objective value for Line heur k = 96: 5708810.627375785
0
Actual reward of current solution: 83265198.09317236
Minimum Difference with past solutions:0.0.
New solution equals old solution at k=96
0
Total Reward at the start of the inner iterations: 83265198.09317236
Gurobi status: 2

Statistics for model Linearization Heuristic :
  Linear constraint matrix    : 777 Constrs, 630 Vars, 1134 NZs
  Matrix coefficient range    : [ 0.723844, 1 ]
  Objective coefficient range : [ 1.11022e-16, 8.94835e+06 ]
  Variable bound range        : [ 0.05, 1 ]
  RHS coefficient range       : [ 5.42037e-06, 0.124521 ]
Objective value for Line heur k = 97: 4995201.976894329
0
Actual reward of current solution: 83265198.09317236
Minimum Difference with past solutions:0.0.
New solution equals old solution at k=97
0
Total Reward at the start of the inner iterations: 83265198.09317236
Gurobi status: 2

Statistics for model Linearization Heuristic :
  Linear constraint matrix    : 666 Constrs, 540 Vars, 945 NZs
  Matrix coefficient range    : [ 0.763901, 1 ]
  Objective coefficient range : [ 1.11022e-16, 8.94835e+06 ]
  Variable bound range        : [ 0.05, 1 ]
  RHS coefficient range       : [ 5.42037e-06, 0.124521 ]
Objective value for Line heur k = 98: 4281596.259512585
0
Actual reward of current solution: 83265198.09317236
Minimum Difference with past solutions:0.0.
New solution equals old solution at k=98
0
Total Reward at the start of the inner iterations: 83265198.09317236
Gurobi status: 2

Statistics for model Linearization Heuristic :
  Linear constraint matrix    : 555 Constrs, 450 Vars, 765 NZs
  Matrix coefficient range    : [ 0.806176, 1 ]
  Objective coefficient range : [ 1.11022e-16, 8.94835e+06 ]
  Variable bound range        : [ 0.05, 1 ]
  RHS coefficient range       : [ 5.42037e-06, 0.124521 ]
Objective value for Line heur k = 99: 3567992.974347972
0
Actual reward of current solution: 83265198.09317236
Minimum Difference with past solutions:0.0.
New solution equals old solution at k=99
0
Total Reward at the start of the inner iterations: 83265198.09317236
Gurobi status: 2

Statistics for model Linearization Heuristic :
  Linear constraint matrix    : 444 Constrs, 360 Vars, 594 NZs
  Matrix coefficient range    : [ 0.85079, 1 ]
  Objective coefficient range : [ 1.11022e-16, 8.94835e+06 ]
  Variable bound range        : [ 0.05, 1 ]
  RHS coefficient range       : [ 5.42037e-06, 0.124521 ]
Objective value for Line heur k = 100: 2854391.6876404597
0
Actual reward of current solution: 83265198.09317236
Minimum Difference with past solutions:0.0.
New solution equals old solution at k=100
0
Total Reward at the start of the inner iterations: 83265198.09317236
Gurobi status: 2

Statistics for model Linearization Heuristic :
  Linear constraint matrix    : 333 Constrs, 270 Vars, 432 NZs
  Matrix coefficient range    : [ 0.897873, 1 ]
  Objective coefficient range : [ 1.11022e-16, 8.94835e+06 ]
  Variable bound range        : [ 0.05, 1 ]
  RHS coefficient range       : [ 5.42037e-06, 0.124521 ]
Objective value for Line heur k = 101: 2140792.030496471
0
Actual reward of current solution: 83265198.09317236
Minimum Difference with past solutions:0.0.
New solution equals old solution at k=101
0
Total Reward at the start of the inner iterations: 83265198.09317236
Gurobi status: 2

Statistics for model Linearization Heuristic :
  Linear constraint matrix    : 222 Constrs, 180 Vars, 279 NZs
  Matrix coefficient range    : [ 0.947562, 1 ]
  Objective coefficient range : [ 2.84217e-14, 8.94835e+06 ]
  Variable bound range        : [ 0.05, 1 ]
  RHS coefficient range       : [ 5.42037e-06, 0.124521 ]
Objective value for Line heur k = 102: 1427193.6935656439
0
Actual reward of current solution: 83265198.09317236
Minimum Difference with past solutions:0.0.
New solution equals old solution at k=102
0
Total Reward at the start of the inner iterations: 83265198.09317236
Gurobi status: 2

Statistics for model Linearization Heuristic :
  Linear constraint matrix    : 111 Constrs, 90 Vars, 135 NZs
  Matrix coefficient range    : [ 1, 1 ]
  Objective coefficient range : [ 6176.66, 8.94835e+06 ]
  Variable bound range        : [ 0.05, 1 ]
  RHS coefficient range       : [ 5.42037e-06, 0.124521 ]
Objective value for Line heur k = 103: 713596.4203250778
0
Actual reward of current solution: 83265198.09317236
Minimum Difference with past solutions:0.0.
New solution equals old solution at k=103
Total running time for 90 days is 1467.8351049423218
Economic Value: 89700365.50196904
Deaths 1.3721090599760317
Total Reward 83265198.09317236
