Using license file /software/non-free/Gurobi/gurobi902/linux64/gurobi.lic
Set parameter TokenServer to value license4.stanford.edu
Objective value for Line heur k = 0: -38993506.40855757
Gurobi status: 2
0.1
Objective value for Line heur k = 0: -20899087.526881516
Gurobi status: 2
0.1
Objective value for Line heur k = 0: -9319812.555810437
Gurobi status: 2
0.1
Objective value for Line heur k = 0: -3542293.165724793
Gurobi status: 2
0.1
Objective value for Line heur k = 0: -1154302.06540889
Gurobi status: 2
0.1
Objective value for Line heur k = 0: 5324749.809556432
Gurobi status: 2
0.1
Objective value for Line heur k = 0: 2182580.0986002795
Gurobi status: 2
0.1
Objective value for Line heur k = 0: -4973258.507379958
Gurobi status: 2
0.1
Objective value for Line heur k = 0: 3749872.2894339454
Gurobi status: 2
0.1
Objective value for Line heur k = 0: -5760650.281759799
Gurobi status: 2
0.1
Objective value for Line heur k = 1: 4677958.546173434
Gurobi status: 2
0.1
Objective value for Line heur k = 1: -5682616.158837817
Gurobi status: 2
0.1
Objective value for Line heur k = 1: 4654582.301752734
Gurobi status: 2
0.1
Objective value for Line heur k = 1: -6046866.192973703
Gurobi status: 2
0.1
Objective value for Line heur k = 1: 4678367.280156397
Gurobi status: 2
0.1
Objective value for Line heur k = 1: -6101480.019924397
Gurobi status: 2
0.1
Objective value for Line heur k = 1: 4738196.836997308
Gurobi status: 2
0.1
Objective value for Line heur k = 1: -6120402.386079748
Gurobi status: 2
0.1
Objective value for Line heur k = 1: 4682137.427004853
Gurobi status: 2
0.1
Objective value for Line heur k = 1: -6119170.801946927
Gurobi status: 2
0.1
Objective value for Line heur k = 2: 5084136.200444377
Gurobi status: 2
0.1
Objective value for Line heur k = 2: -5651499.190496805
Gurobi status: 2
0.1
Objective value for Line heur k = 2: 5111884.323903747
Gurobi status: 2
0.1
Objective value for Line heur k = 2: -5650887.301225518
Gurobi status: 2
0.1
Objective value for Line heur k = 2: 5114829.956181134
Gurobi status: 2
0.1
Objective value for Line heur k = 2: -5651189.79032988
Gurobi status: 2
0.1
Objective value for Line heur k = 2: 5114865.265953084
Gurobi status: 2
0.1
Objective value for Line heur k = 2: -5650514.89729168
Gurobi status: 2
0.1
Objective value for Line heur k = 2: 5114732.4318160135
Gurobi status: 2
0.1
Objective value for Line heur k = 2: -5650314.360300216
Gurobi status: 2
0.1
Objective value for Line heur k = 3: 5592845.402469323
Gurobi status: 2
0.1
Objective value for Line heur k = 3: -5119191.270951688
Gurobi status: 2
0.1
Objective value for Line heur k = 3: 5589509.8170270175
Gurobi status: 2
0.1
Objective value for Line heur k = 3: -5118617.879963762
Gurobi status: 2
0.1
Objective value for Line heur k = 3: 5589669.967949823
Gurobi status: 2
0.1
Objective value for Line heur k = 3: -5118672.696168153
Gurobi status: 2
0.1
Objective value for Line heur k = 3: 5589459.114746386
Gurobi status: 2
0.1
Objective value for Line heur k = 3: -5118932.173817832
Gurobi status: 2
0.1
Objective value for Line heur k = 3: 5589230.469932264
Gurobi status: 2
0.1
Objective value for Line heur k = 3: -5119191.65146752
Gurobi status: 2
0.1
Objective value for Line heur k = 4: 6084652.580192453
Gurobi status: 2
0.1
Objective value for Line heur k = 4: -4550340.373710702
Gurobi status: 2
0.1
Objective value for Line heur k = 4: 6106505.749760314
Gurobi status: 2
0.1
Objective value for Line heur k = 4: -4550340.373710702
Gurobi status: 2
0.1
Objective value for Line heur k = 4: 6106505.749760314
Gurobi status: 2
0.1
Objective value for Line heur k = 4: -4550340.373710702
Gurobi status: 2
0.1
Objective value for Line heur k = 4: 6106505.749760314
Gurobi status: 2
0.1
Objective value for Line heur k = 4: -4550340.373710702
Gurobi status: 2
0.1
Objective value for Line heur k = 4: 6106505.749760314
Gurobi status: 2
0.1
Objective value for Line heur k = 4: -4550340.373710702
Gurobi status: 2
0.1
Objective value for Line heur k = 5: 6609649.1860567
Gurobi status: 2
0.1
Objective value for Line heur k = 5: -3960749.9666001224
Gurobi status: 2
0.1
Objective value for Line heur k = 5: 6608938.905485149
Gurobi status: 2
0.1
Objective value for Line heur k = 5: -3960491.9334456637
Gurobi status: 2
0.1
Objective value for Line heur k = 5: 6609167.423347145
Gurobi status: 2
0.1
Objective value for Line heur k = 5: -3960491.9334456637
Gurobi status: 2
0.1
Objective value for Line heur k = 5: 6609167.423347145
Gurobi status: 2
0.1
Objective value for Line heur k = 5: -3960491.9334456637
Gurobi status: 2
0.1
Objective value for Line heur k = 5: 6609167.423347145
Gurobi status: 2
0.1
Objective value for Line heur k = 5: -3960233.9002912077
Gurobi status: 2
0.1
Objective value for Line heur k = 6: 7104705.039268448
Gurobi status: 2
0.1
Objective value for Line heur k = 6: -3352745.666522086
Gurobi status: 2
0.1
Objective value for Line heur k = 6: 7108543.55880811
Gurobi status: 2
0.1
Objective value for Line heur k = 6: -3352617.077459466
Gurobi status: 2
0.1
Objective value for Line heur k = 6: 7108543.558808106
Gurobi status: 2
0.1
Objective value for Line heur k = 6: -3352617.077459466
Gurobi status: 2
0.1
Objective value for Line heur k = 6: 7108543.558808106
Gurobi status: 2
0.1
Objective value for Line heur k = 6: -3352617.077459466
Gurobi status: 2
0.1
Objective value for Line heur k = 6: 7108543.55880811
Gurobi status: 2
0.1
Objective value for Line heur k = 6: -3352617.077459466
Gurobi status: 2
0.1
Objective value for Line heur k = 7: 7597354.8100430295
Gurobi status: 2
0.1
Objective value for Line heur k = 7: -2737345.525480464
Gurobi status: 2
0.1
Objective value for Line heur k = 7: 7534329.752973318
Gurobi status: 2
0.1
Objective value for Line heur k = 7: -2723027.5960648563
Gurobi status: 2
0.1
Objective value for Line heur k = 7: 7541839.417386163
Gurobi status: 2
0.1
Objective value for Line heur k = 7: -2722899.444092124
Gurobi status: 2
0.1
Objective value for Line heur k = 7: 7541839.417386163
Gurobi status: 2
0.1
Objective value for Line heur k = 7: -2722899.444092124
Gurobi status: 2
0.1
Objective value for Line heur k = 7: 7541839.417386163
Gurobi status: 2
0.1
Objective value for Line heur k = 7: -2722899.444092124
Gurobi status: 2
0.1
Objective value for Line heur k = 8: 8021222.092613734
Gurobi status: 2
0.1
Objective value for Line heur k = 8: -2104333.224416272
Gurobi status: 2
0.1
Objective value for Line heur k = 8: 8021609.4543600455
Gurobi status: 2
0.1
Objective value for Line heur k = 8: -2104333.224416272
Gurobi status: 2
0.1
Objective value for Line heur k = 8: 8021609.4543600455
Gurobi status: 2
0.1
Objective value for Line heur k = 8: -2104333.224416272
Gurobi status: 2
0.1
Objective value for Line heur k = 8: 8021609.4543600455
Gurobi status: 2
0.1
Objective value for Line heur k = 8: -2104333.224416272
Gurobi status: 2
0.1
Objective value for Line heur k = 8: 8021609.4543600455
Gurobi status: 2
0.1
Objective value for Line heur k = 8: -2104333.224416272
Gurobi status: 2
0.1
Objective value for Line heur k = 9: 8489181.810630675
Gurobi status: 2
0.1
Objective value for Line heur k = 9: -1484110.9022999653
Gurobi status: 2
0.1
Objective value for Line heur k = 9: 8482236.243990645
Gurobi status: 2
0.1
Objective value for Line heur k = 9: -1484110.9022999653
Gurobi status: 2
0.1
Objective value for Line heur k = 9: 8482236.243990645
Gurobi status: 2
0.1
Objective value for Line heur k = 9: -1484238.194235094
Gurobi status: 2
0.1
Objective value for Line heur k = 9: 8482236.243990645
Gurobi status: 2
0.1
Objective value for Line heur k = 9: -1484238.194235094
Gurobi status: 2
0.1
Objective value for Line heur k = 9: 8482236.243990645
Gurobi status: 2
0.1
Objective value for Line heur k = 9: -1484110.9022999653
Gurobi status: 2
0.1
Objective value for Line heur k = 10: 8936223.730947211
Gurobi status: 2
0.1
Objective value for Line heur k = 10: -865229.0148500109
Gurobi status: 2
0.1
Objective value for Line heur k = 10: 8936414.494996795
Gurobi status: 2
0.1
Objective value for Line heur k = 10: -865581.6625656199
Gurobi status: 2
0.1
Objective value for Line heur k = 10: 8935840.186299521
Gurobi status: 2
0.1
Objective value for Line heur k = 10: -866006.932711385
Gurobi status: 2
0.1
Objective value for Line heur k = 10: 8935499.273388293
Gurobi status: 2
0.1
Objective value for Line heur k = 10: -866431.713849265
Gurobi status: 2
0.1
Objective value for Line heur k = 10: 8934929.888475554
Gurobi status: 2
0.1
Objective value for Line heur k = 10: -867109.7284390081
Gurobi status: 2
0.1
Objective value for Line heur k = 11: 9373689.581531396
Gurobi status: 2
0.1
Objective value for Line heur k = 11: -251261.73516069812
Gurobi status: 2
0.1
Objective value for Line heur k = 11: 9396780.950904012
Gurobi status: 2
0.1
Objective value for Line heur k = 11: -251598.91284836177
Gurobi status: 2
0.1
Objective value for Line heur k = 11: 9396780.950904012
Gurobi status: 2
0.1
Objective value for Line heur k = 11: -251598.91284836177
Gurobi status: 2
0.1
Objective value for Line heur k = 11: 9396780.950904012
Gurobi status: 2
0.1
Objective value for Line heur k = 11: -251598.91284836177
Gurobi status: 2
0.1
Objective value for Line heur k = 11: 9396780.950904012
Gurobi status: 2
0.1
Objective value for Line heur k = 11: -251598.91284836177
Gurobi status: 2
0.1
Objective value for Line heur k = 12: 9822406.89148644
Gurobi status: 2
0.1
Objective value for Line heur k = 12: 360083.39508989116
Gurobi status: 2
0.1
Objective value for Line heur k = 12: 9817243.153501922
Gurobi status: 2
0.1
Objective value for Line heur k = 12: 360209.4107865911
Gurobi status: 2
0.1
Objective value for Line heur k = 12: 9817243.153501922
Gurobi status: 2
0.1
Objective value for Line heur k = 12: 360209.4107865911
Gurobi status: 2
0.1
Objective value for Line heur k = 12: 9817243.153501922
Gurobi status: 2
0.1
Objective value for Line heur k = 12: 360209.4107865911
Gurobi status: 2
0.1
Objective value for Line heur k = 12: 9817243.153501922
Gurobi status: 2
0.1
Objective value for Line heur k = 12: 360209.4107865911
Gurobi status: 2
0.1
Objective value for Line heur k = 13: 10226213.364349196
Gurobi status: 2
0.1
Objective value for Line heur k = 13: 965513.3952497751
Gurobi status: 2
0.1
Objective value for Line heur k = 13: 10243232.877324091
Gurobi status: 2
0.1
Objective value for Line heur k = 13: 965389.7552006273
Gurobi status: 2
0.1
Objective value for Line heur k = 13: 10243179.931557635
Gurobi status: 2
0.1
Objective value for Line heur k = 13: 965267.9233072248
Gurobi status: 2
0.1
Objective value for Line heur k = 13: 10241670.66123502
Gurobi status: 2
0.1
Objective value for Line heur k = 13: 965016.7392445683
Gurobi status: 2
0.1
Objective value for Line heur k = 13: 10241670.66123502
Gurobi status: 2
0.1
Objective value for Line heur k = 13: 965016.7392445683
Gurobi status: 2
0.1
Objective value for Line heur k = 14: 10635201.92703604
Gurobi status: 2
0.1
Objective value for Line heur k = 14: 1564847.1042293822
Gurobi status: 2
0.1
Objective value for Line heur k = 14: 10629551.338459631
Gurobi status: 2
0.1
Objective value for Line heur k = 14: 1564847.1042293822
Gurobi status: 2
0.1
Objective value for Line heur k = 14: 10629551.338459631
Gurobi status: 2
0.1
Objective value for Line heur k = 14: 1564847.1042293822
Gurobi status: 2
0.1
Objective value for Line heur k = 14: 10629551.338459631
Gurobi status: 2
0.1
Objective value for Line heur k = 14: 1564847.1042293822
Gurobi status: 2
0.1
Objective value for Line heur k = 14: 10629551.338459631
Gurobi status: 2
0.1
Objective value for Line heur k = 14: 1564847.1042293822
Gurobi status: 2
0.1
Objective value for Line heur k = 15: 11009211.47238755
Gurobi status: 2
0.1
Objective value for Line heur k = 15: 2137053.08769462
Gurobi status: 2
0.1
Objective value for Line heur k = 15: 11030505.07549524
Gurobi status: 2
0.1
Objective value for Line heur k = 15: 2137053.08769462
Gurobi status: 2
0.1
Objective value for Line heur k = 15: 11030505.07549524
Gurobi status: 2
0.1
Objective value for Line heur k = 15: 2137053.08769462
Gurobi status: 2
0.1
Objective value for Line heur k = 15: 11030505.07549524
Gurobi status: 2
0.1
Objective value for Line heur k = 15: 2137053.08769462
Gurobi status: 2
0.1
Objective value for Line heur k = 15: 11030505.07549524
Gurobi status: 2
0.1
Objective value for Line heur k = 15: 2137053.08769462
Gurobi status: 2
0.1
Objective value for Line heur k = 16: 11405357.236829704
Gurobi status: 2
0.1
Objective value for Line heur k = 16: 2710584.6927645463
Gurobi status: 2
0.1
Objective value for Line heur k = 16: 11398833.171850432
Gurobi status: 2
0.1
Objective value for Line heur k = 16: 2710542.902296385
Gurobi status: 2
0.1
Objective value for Line heur k = 16: 11399056.835136114
Gurobi status: 2
0.1
Objective value for Line heur k = 16: 2710750.107855427
Gurobi status: 2
0.1
Objective value for Line heur k = 16: 11399052.115536543
Gurobi status: 2
0.1
Objective value for Line heur k = 16: 2710708.4456740655
Gurobi status: 2
0.1
Objective value for Line heur k = 16: 11399161.624219684
Gurobi status: 2
0.1
Objective value for Line heur k = 16: 2710542.381718064
Gurobi status: 2
0.1
Objective value for Line heur k = 17: 11760273.299462253
Gurobi status: 2
0.1
Objective value for Line heur k = 17: 3247286.72090169
Gurobi status: 2
0.1
Objective value for Line heur k = 17: 11756051.814932467
Gurobi status: 2
0.1
Objective value for Line heur k = 17: 3247286.720901686
Gurobi status: 2
0.1
Objective value for Line heur k = 17: 11756051.814932467
Gurobi status: 2
0.1
Objective value for Line heur k = 17: 3247286.720901686
Gurobi status: 2
0.1
Objective value for Line heur k = 17: 11756051.814932467
Gurobi status: 2
0.1
Objective value for Line heur k = 17: 3247286.720901686
Gurobi status: 2
0.1
Objective value for Line heur k = 17: 11756051.814932467
Gurobi status: 2
0.1
Objective value for Line heur k = 17: 3247286.720901686
Gurobi status: 2
0.1
Objective value for Line heur k = 18: 12101089.75148806
Gurobi status: 2
0.1
Objective value for Line heur k = 18: 3770233.8953344626
Gurobi status: 2
0.1
Objective value for Line heur k = 18: 12098519.623659942
Gurobi status: 2
0.1
Objective value for Line heur k = 18: 3770357.821932597
Gurobi status: 2
0.1
Objective value for Line heur k = 18: 12098519.623659942
Gurobi status: 2
0.1
Objective value for Line heur k = 18: 3770357.821932597
Gurobi status: 2
0.1
Objective value for Line heur k = 18: 12098519.623659942
Gurobi status: 2
0.1
Objective value for Line heur k = 18: 3770357.821932597
Gurobi status: 2
0.1
Objective value for Line heur k = 18: 12098519.623659942
Gurobi status: 2
0.1
Objective value for Line heur k = 18: 3770357.821932597
Gurobi status: 2
0.1
Objective value for Line heur k = 19: 12429772.320154054
Gurobi status: 2
0.1
Objective value for Line heur k = 19: 4281010.858237966
Gurobi status: 2
0.1
Objective value for Line heur k = 19: 12428341.122600757
Gurobi status: 2
0.1
Objective value for Line heur k = 19: 4280887.194449755
Gurobi status: 2
0.1
Objective value for Line heur k = 19: 12428341.122600757
Gurobi status: 2
0.1
Objective value for Line heur k = 19: 4280887.194449755
Gurobi status: 2
0.1
Objective value for Line heur k = 19: 12428341.122600757
Gurobi status: 2
0.1
Objective value for Line heur k = 19: 4280887.194449755
Gurobi status: 2
0.1
Objective value for Line heur k = 19: 12428341.122600757
Gurobi status: 2
0.1
Objective value for Line heur k = 19: 4280887.194449755
Gurobi status: 2
0.1
Objective value for Line heur k = 20: 12740695.078436323
Gurobi status: 2
0.1
Objective value for Line heur k = 20: 4818898.164738779
Gurobi status: 2
0.1
Objective value for Line heur k = 20: 12734993.714238025
Gurobi status: 2
0.1
Objective value for Line heur k = 20: 4819021.451881653
Gurobi status: 2
0.1
Objective value for Line heur k = 20: 12734993.714238025
Gurobi status: 2
0.1
Objective value for Line heur k = 20: 4819021.451881653
Gurobi status: 2
0.1
Objective value for Line heur k = 20: 12734993.714238025
Gurobi status: 2
0.1
Objective value for Line heur k = 20: 4819021.451881653
Gurobi status: 2
0.1
Objective value for Line heur k = 20: 12734993.714238025
Gurobi status: 2
0.1
Objective value for Line heur k = 20: 4819021.451881653
Gurobi status: 2
0.1
Objective value for Line heur k = 21: 13037333.088369098
Gurobi status: 2
0.1
Objective value for Line heur k = 21: 5322431.187023258
Gurobi status: 2
0.1
Objective value for Line heur k = 21: 13007804.107859155
Gurobi status: 2
0.1
Objective value for Line heur k = 21: 5316539.660329565
Gurobi status: 2
0.1
Objective value for Line heur k = 21: 13014360.394751498
Gurobi status: 2
0.1
Objective value for Line heur k = 21: 5316662.6470077075
Gurobi status: 2
0.1
Objective value for Line heur k = 21: 13014360.394751498
Gurobi status: 2
0.1
Objective value for Line heur k = 21: 5316662.647007707
Gurobi status: 2
0.1
Objective value for Line heur k = 21: 13014360.394751498
Gurobi status: 2
0.1
Objective value for Line heur k = 21: 5316662.6470077075
Gurobi status: 2
0.1
Objective value for Line heur k = 22: 13303229.523116617
Gurobi status: 2
0.1
Objective value for Line heur k = 22: 5806676.361405298
Gurobi status: 2
0.1
Objective value for Line heur k = 22: 13294010.60606149
Gurobi status: 2
0.1
Objective value for Line heur k = 22: 5806594.347442137
Gurobi status: 2
0.1
Objective value for Line heur k = 22: 13294058.626306614
Gurobi status: 2
0.1
Objective value for Line heur k = 22: 5806512.727920194
Gurobi status: 2
0.1
Objective value for Line heur k = 22: 13294235.62593799
Gurobi status: 2
0.1
Objective value for Line heur k = 22: 5806508.17773515
Gurobi status: 2
0.1
Objective value for Line heur k = 22: 13294235.62593799
Gurobi status: 2
0.1
Objective value for Line heur k = 22: 5806508.17773515
Gurobi status: 2
0.1
Objective value for Line heur k = 23: 13570400.424875181
Gurobi status: 2
0.1
Objective value for Line heur k = 23: 6285917.437549783
Gurobi status: 2
0.1
Objective value for Line heur k = 23: 13566332.666758962
Gurobi status: 2
0.1
Objective value for Line heur k = 23: 6285917.437549783
Gurobi status: 2
0.1
Objective value for Line heur k = 23: 13566332.666758962
Gurobi status: 2
0.1
Objective value for Line heur k = 23: 6285672.628636413
Gurobi status: 2
0.1
Objective value for Line heur k = 23: 13566104.18609571
Gurobi status: 2
0.1
Objective value for Line heur k = 23: 6285427.819723043
Gurobi status: 2
0.1
Objective value for Line heur k = 23: 13565875.705432454
Gurobi status: 2
0.1
Objective value for Line heur k = 23: 6285183.010809671
Gurobi status: 2
0.1
Objective value for Line heur k = 24: 13828434.531209128
Gurobi status: 2
0.1
Objective value for Line heur k = 24: 6751304.611546451
Gurobi status: 2
0.1
Objective value for Line heur k = 24: 13817809.906794785
Gurobi status: 2
0.1
Objective value for Line heur k = 24: 6746228.708507345
Gurobi status: 2
0.1
Objective value for Line heur k = 24: 13817581.40593711
Gurobi status: 2
0.1
Objective value for Line heur k = 24: 6745984.460318555
Gurobi status: 2
0.1
Objective value for Line heur k = 24: 13817467.155508272
Gurobi status: 2
0.1
Objective value for Line heur k = 24: 6746106.584412949
Gurobi status: 2
0.1
Objective value for Line heur k = 24: 13817467.155508272
Gurobi status: 2
0.1
Objective value for Line heur k = 24: 6745984.460318555
Gurobi status: 2
0.1
Objective value for Line heur k = 25: 14067189.675697945
Gurobi status: 2
0.1
Objective value for Line heur k = 25: 7200156.2673080955
Gurobi status: 2
0.1
Objective value for Line heur k = 25: 14064482.903973201
Gurobi status: 2
0.1
Objective value for Line heur k = 25: 7200010.377427206
Gurobi status: 2
0.1
Objective value for Line heur k = 25: 14064848.610341158
Gurobi status: 2
0.1
Objective value for Line heur k = 25: 7199873.002467416
Gurobi status: 2
0.1
Objective value for Line heur k = 25: 14064902.732282456
Gurobi status: 2
0.1
Objective value for Line heur k = 25: 7200256.609567081
Gurobi status: 2
0.1
Objective value for Line heur k = 25: 14065131.229982134
Gurobi status: 2
0.1
Objective value for Line heur k = 25: 7200500.30015182
Gurobi status: 2
0.1
Objective value for Line heur k = 26: 14304416.054014415
Gurobi status: 2
0.1
Objective value for Line heur k = 26: 7638454.478790377
Gurobi status: 2
0.1
Objective value for Line heur k = 26: 14298740.85226448
Gurobi status: 2
0.1
Objective value for Line heur k = 26: 7634136.57231114
Gurobi status: 2
0.1
Objective value for Line heur k = 26: 14298740.85226448
Gurobi status: 2
0.1
Objective value for Line heur k = 26: 7634136.57231114
Gurobi status: 2
0.1
Objective value for Line heur k = 26: 14298740.85226448
Gurobi status: 2
0.1
Objective value for Line heur k = 26: 7634136.57231114
Gurobi status: 2
0.1
Objective value for Line heur k = 26: 14298740.85226448
Gurobi status: 2
0.1
Objective value for Line heur k = 26: 7634136.57231114
Gurobi status: 2
0.1
Objective value for Line heur k = 27: 14524509.775297271
Gurobi status: 2
0.1
Objective value for Line heur k = 27: 8058210.582424549
Gurobi status: 2
0.1
Objective value for Line heur k = 27: 14522515.673708562
Gurobi status: 2
0.1
Objective value for Line heur k = 27: 8058078.082964624
Gurobi status: 2
0.1
Objective value for Line heur k = 27: 14522629.91688285
Gurobi status: 2
0.1
Objective value for Line heur k = 27: 8058078.082964624
Gurobi status: 2
0.1
Objective value for Line heur k = 27: 14522629.91688285
Gurobi status: 2
0.1
Objective value for Line heur k = 27: 8058078.082964624
Gurobi status: 2
0.1
Objective value for Line heur k = 27: 14522629.91688285
Gurobi status: 2
0.1
Objective value for Line heur k = 27: 8058078.082964624
Gurobi status: 2
0.1
Objective value for Line heur k = 28: 14734383.157344915
Gurobi status: 2
0.1
Objective value for Line heur k = 28: 8474907.76262581
Gurobi status: 2
0.1
Objective value for Line heur k = 28: 14724336.428075125
Gurobi status: 2
0.1
Objective value for Line heur k = 28: 8470780.40226625
Gurobi status: 2
0.1
Objective value for Line heur k = 28: 14724336.428075125
Gurobi status: 2
0.1
Objective value for Line heur k = 28: 8470780.40226625
Gurobi status: 2
0.1
Objective value for Line heur k = 28: 14724336.428075125
Gurobi status: 2
0.1
Objective value for Line heur k = 28: 8470780.40226625
Gurobi status: 2
0.1
Objective value for Line heur k = 28: 14724336.428075125
Gurobi status: 2
0.1
Objective value for Line heur k = 28: 8470780.40226625
Gurobi status: 2
0.1
Objective value for Line heur k = 29: 14923579.282032574
Gurobi status: 2
0.1
Objective value for Line heur k = 29: 8875401.27632129
Gurobi status: 2
0.1
Objective value for Line heur k = 29: 14900486.91681723
Gurobi status: 2
0.1
Objective value for Line heur k = 29: 8875401.27632129
Gurobi status: 2
0.1
Objective value for Line heur k = 29: 14900486.91681723
Gurobi status: 2
0.1
Objective value for Line heur k = 29: 8875522.24397917
Gurobi status: 2
0.1
Objective value for Line heur k = 29: 14900486.91681723
Gurobi status: 2
0.1
Objective value for Line heur k = 29: 8875401.27632129
Gurobi status: 2
0.1
Objective value for Line heur k = 29: 14900486.91681723
Gurobi status: 2
0.1
Objective value for Line heur k = 29: 8875522.24397917
Gurobi status: 2
0.1
Objective value for Line heur k = 30: 15087039.74045829
Gurobi status: 2
0.1
Objective value for Line heur k = 30: 9266866.239555918
Gurobi status: 2
0.1
Objective value for Line heur k = 30: 15083066.791776525
Gurobi status: 2
0.1
Objective value for Line heur k = 30: 9263529.852712378
Gurobi status: 2
0.1
Objective value for Line heur k = 30: 15083066.791776525
Gurobi status: 2
0.1
Objective value for Line heur k = 30: 9263409.107184146
Gurobi status: 2
0.1
Objective value for Line heur k = 30: 15083066.791776525
Gurobi status: 2
0.1
Objective value for Line heur k = 30: 9263409.107184146
Gurobi status: 2
0.1
Objective value for Line heur k = 30: 15083066.791776525
Gurobi status: 2
0.1
Objective value for Line heur k = 30: 9263529.852712378
Gurobi status: 2
0.1
Objective value for Line heur k = 31: 15256326.701922925
Gurobi status: 2
0.1
Objective value for Line heur k = 31: 9638992.549680237
Gurobi status: 2
0.1
Objective value for Line heur k = 31: 15252898.410262913
Gurobi status: 2
0.1
Objective value for Line heur k = 31: 9638751.494341355
Gurobi status: 2
0.1
Objective value for Line heur k = 31: 15252669.849055603
Gurobi status: 2
0.1
Objective value for Line heur k = 31: 9638510.439002473
Gurobi status: 2
0.1
Objective value for Line heur k = 31: 15252441.2878483
Gurobi status: 2
0.1
Objective value for Line heur k = 31: 9638269.383663593
Gurobi status: 2
0.1
Objective value for Line heur k = 31: 15252212.726641
Gurobi status: 2
0.1
Objective value for Line heur k = 31: 9638269.383663593
Gurobi status: 2
0.1
Objective value for Line heur k = 32: 15414970.415163107
Gurobi status: 2
0.1
Objective value for Line heur k = 32: 10001979.055637794
Gurobi status: 2
0.1
Objective value for Line heur k = 32: 15403852.591369368
Gurobi status: 2
0.1
Objective value for Line heur k = 32: 9999620.391071059
Gurobi status: 2
0.1
Objective value for Line heur k = 32: 15401083.146847073
Gurobi status: 2
0.1
Objective value for Line heur k = 32: 9999718.851053875
Gurobi status: 2
0.1
Objective value for Line heur k = 32: 15401276.714788534
Gurobi status: 2
0.1
Objective value for Line heur k = 32: 9999710.900094695
Gurobi status: 2
0.1
Objective value for Line heur k = 32: 15401276.714788534
Gurobi status: 2
0.1
Objective value for Line heur k = 32: 9999710.900094695
Gurobi status: 2
0.1
Objective value for Line heur k = 33: 15550466.757537264
Gurobi status: 2
0.1
Objective value for Line heur k = 33: 10354390.536926847
Gurobi status: 2
0.1
Objective value for Line heur k = 33: 15541652.94390683
Gurobi status: 2
0.1
Objective value for Line heur k = 33: 10350897.82834127
Gurobi status: 2
0.1
Objective value for Line heur k = 33: 15543336.820096593
Gurobi status: 2
0.1
Objective value for Line heur k = 33: 10351137.99669602
Gurobi status: 2
0.1
Objective value for Line heur k = 33: 15543565.40292944
Gurobi status: 2
0.1
Objective value for Line heur k = 33: 10351378.165050771
Gurobi status: 2
0.1
Objective value for Line heur k = 33: 15543679.694345865
Gurobi status: 2
0.1
Objective value for Line heur k = 33: 10351378.165050771
Gurobi status: 2
0.1
Objective value for Line heur k = 34: 15682229.901785322
Gurobi status: 2
0.1
Objective value for Line heur k = 34: 10688744.527358338
Gurobi status: 2
0.1
Objective value for Line heur k = 34: 15660834.344106065
Gurobi status: 2
0.1
Objective value for Line heur k = 34: 10688744.527358338
Gurobi status: 2
0.1
Objective value for Line heur k = 34: 15660834.344106065
Gurobi status: 2
0.1
Objective value for Line heur k = 34: 10688744.527358338
Gurobi status: 2
0.1
Objective value for Line heur k = 34: 15660834.344106065
Gurobi status: 2
0.1
Objective value for Line heur k = 34: 10688744.527358338
Gurobi status: 2
0.1
Objective value for Line heur k = 34: 15660834.344106065
Gurobi status: 2
0.1
Objective value for Line heur k = 34: 10688744.527358338
Gurobi status: 2
0.1
Objective value for Line heur k = 35: 15789236.784031993
Gurobi status: 2
0.1
Objective value for Line heur k = 35: 11021720.319370298
Gurobi status: 2
0.1
Objective value for Line heur k = 35: 15779380.340832915
Gurobi status: 2
0.1
Objective value for Line heur k = 35: 11016362.094238402
Gurobi status: 2
0.1
Objective value for Line heur k = 35: 15779380.340832915
Gurobi status: 2
0.1
Objective value for Line heur k = 35: 11016362.094238402
Gurobi status: 2
0.1
Objective value for Line heur k = 35: 15779380.340832915
Gurobi status: 2
0.1
Objective value for Line heur k = 35: 11016601.369087078
Gurobi status: 2
0.1
Objective value for Line heur k = 35: 15779494.67694047
Gurobi status: 2
0.1
Objective value for Line heur k = 35: 11016601.369087078
Gurobi status: 2
0.1
Objective value for Line heur k = 36: 15894641.830093803
Gurobi status: 2
0.1
Objective value for Line heur k = 36: 11333869.809568787
Gurobi status: 2
0.1
Objective value for Line heur k = 36: 15891139.273943134
Gurobi status: 2
0.1
Objective value for Line heur k = 36: 11337077.41924824
Gurobi status: 2
0.1
Objective value for Line heur k = 36: 15895031.822588518
Gurobi status: 2
0.1
Objective value for Line heur k = 36: 11337196.818817206
Gurobi status: 2
0.1
Objective value for Line heur k = 36: 15895031.822588518
Gurobi status: 2
0.1
Objective value for Line heur k = 36: 11337196.818817206
Gurobi status: 2
0.1
Objective value for Line heur k = 36: 15895031.822588518
Gurobi status: 2
0.1
Objective value for Line heur k = 36: 11337196.818817206
Gurobi status: 2
0.1
Objective value for Line heur k = 37: 16000441.651957966
Gurobi status: 2
0.1
Objective value for Line heur k = 37: 11634959.146863619
Gurobi status: 2
0.1
Objective value for Line heur k = 37: 15993203.943883447
Gurobi status: 2
0.1
Objective value for Line heur k = 37: 11632026.384790909
Gurobi status: 2
0.1
Objective value for Line heur k = 37: 15993203.943883447
Gurobi status: 2
0.1
Objective value for Line heur k = 37: 11632026.384790909
Gurobi status: 2
0.1
Objective value for Line heur k = 37: 15993203.943883447
Gurobi status: 2
0.1
Objective value for Line heur k = 37: 11632026.384790909
Gurobi status: 2
0.1
Objective value for Line heur k = 37: 15993203.943883447
Gurobi status: 2
0.1
Objective value for Line heur k = 37: 11632026.384790909
Gurobi status: 2
0.1
Objective value for Line heur k = 38: 16086620.440720709
Gurobi status: 2
0.1
Objective value for Line heur k = 38: 11913554.95297023
Gurobi status: 2
0.1
Objective value for Line heur k = 38: 16072023.143615406
Gurobi status: 2
0.1
Objective value for Line heur k = 38: 11912560.601323424
Gurobi status: 2
0.1
Objective value for Line heur k = 38: 16073040.102847135
Gurobi status: 2
0.1
Objective value for Line heur k = 38: 11912438.722108273
Gurobi status: 2
0.1
Objective value for Line heur k = 38: 16073006.042198049
Gurobi status: 2
0.1
Objective value for Line heur k = 38: 11912312.948594805
Gurobi status: 2
0.1
Objective value for Line heur k = 38: 16073006.042198049
Gurobi status: 2
0.1
Objective value for Line heur k = 38: 11912312.948594805
Gurobi status: 2
0.1
Objective value for Line heur k = 39: 16156074.245987834
Gurobi status: 2
0.1
Objective value for Line heur k = 39: 12178729.488334432
Gurobi status: 2
0.1
Objective value for Line heur k = 39: 16147383.348216046
Gurobi status: 2
0.1
Objective value for Line heur k = 39: 12178729.488334432
Gurobi status: 2
0.1
Objective value for Line heur k = 39: 16147383.348216046
Gurobi status: 2
0.1
Objective value for Line heur k = 39: 12178729.488334432
Gurobi status: 2
0.1
Objective value for Line heur k = 39: 16147383.348216046
Gurobi status: 2
0.1
Objective value for Line heur k = 39: 12178729.488334432
Gurobi status: 2
0.1
Objective value for Line heur k = 39: 16147154.622608054
Gurobi status: 2
0.1
Objective value for Line heur k = 39: 12178491.970564902
Gurobi status: 2
0.1
Objective value for Line heur k = 40: 16219212.579224791
Gurobi status: 2
0.1
Objective value for Line heur k = 40: 12429657.447911112
Gurobi status: 2
0.1
Objective value for Line heur k = 40: 16213006.546131957
Gurobi status: 2
0.1
Objective value for Line heur k = 40: 12429649.571307719
Gurobi status: 2
0.1
Objective value for Line heur k = 40: 16209576.497411108
Gurobi status: 2
0.1
Objective value for Line heur k = 40: 12429879.441902036
Gurobi status: 2
0.1
Objective value for Line heur k = 40: 16209835.612197675
Gurobi status: 2
0.1
Objective value for Line heur k = 40: 12429997.99612284
Gurobi status: 2
0.1
Objective value for Line heur k = 40: 16209835.612197675
Gurobi status: 2
0.1
Objective value for Line heur k = 40: 12429879.441902036
Gurobi status: 2
0.1
Objective value for Line heur k = 41: 16271374.38998695
Gurobi status: 2
0.1
Objective value for Line heur k = 41: 12672250.018474536
Gurobi status: 2
0.1
Objective value for Line heur k = 41: 16260530.459698044
Gurobi status: 2
0.1
Objective value for Line heur k = 41: 12669457.03607573
Gurobi status: 2
0.1
Objective value for Line heur k = 41: 16260696.245499665
Gurobi status: 2
0.1
Objective value for Line heur k = 41: 12669876.625615723
Gurobi status: 2
0.1
Objective value for Line heur k = 41: 16260723.842076967
Gurobi status: 2
0.1
Objective value for Line heur k = 41: 12669601.715149157
Gurobi status: 2
0.1
Objective value for Line heur k = 41: 16260723.842076967
Gurobi status: 2
0.1
Objective value for Line heur k = 41: 12669720.061528783
Gurobi status: 2
0.1
Objective value for Line heur k = 42: 16310518.249398941
Gurobi status: 2
0.1
Objective value for Line heur k = 42: 12895728.033512225
Gurobi status: 2
0.1
Objective value for Line heur k = 42: 16302854.202702621
Gurobi status: 2
0.1
Objective value for Line heur k = 42: 12892669.540595183
Gurobi status: 2
0.1
Objective value for Line heur k = 42: 16302906.685103688
Gurobi status: 2
0.1
Objective value for Line heur k = 42: 12892891.551834611
Gurobi status: 2
0.1
Objective value for Line heur k = 42: 16302683.753736515
Gurobi status: 2
0.1
Objective value for Line heur k = 42: 12892899.264018161
Gurobi status: 2
0.1
Objective value for Line heur k = 42: 16302912.530885503
Gurobi status: 2
0.1
Objective value for Line heur k = 42: 12893017.412336173
Gurobi status: 2
0.1
Objective value for Line heur k = 43: 16343122.856709743
Gurobi status: 2
0.1
Objective value for Line heur k = 43: 13091056.5428611
Gurobi status: 2
0.1
Objective value for Line heur k = 43: 16330251.73809594
Gurobi status: 2
0.1
Objective value for Line heur k = 43: 13081561.19908875
Gurobi status: 2
0.1
Objective value for Line heur k = 43: 16331974.401929397
Gurobi status: 2
0.1
Objective value for Line heur k = 43: 13081443.211356446
Gurobi status: 2
0.1
Objective value for Line heur k = 43: 16331974.401929397
Gurobi status: 2
0.1
Objective value for Line heur k = 43: 13081443.211356446
Gurobi status: 2
0.1
Objective value for Line heur k = 43: 16331974.401929397
Gurobi status: 2
0.1
Objective value for Line heur k = 43: 13081443.211356446
Gurobi status: 2
0.1
Objective value for Line heur k = 44: 16360481.577231273
Gurobi status: 2
0.1
Objective value for Line heur k = 44: 13265789.419706233
Gurobi status: 2
0.1
Objective value for Line heur k = 44: 16354241.130118927
Gurobi status: 2
0.1
Objective value for Line heur k = 44: 13265907.238998588
Gurobi status: 2
0.1
Objective value for Line heur k = 44: 16354241.130118927
Gurobi status: 2
0.1
Objective value for Line heur k = 44: 13265907.238998588
Gurobi status: 2
0.1
Objective value for Line heur k = 44: 16354241.130118927
Gurobi status: 2
0.1
Objective value for Line heur k = 44: 13265907.238998588
Gurobi status: 2
0.1
Objective value for Line heur k = 44: 16354241.130118927
Gurobi status: 2
0.1
Objective value for Line heur k = 44: 13265907.238998588
Gurobi status: 2
0.1
Objective value for Line heur k = 45: 16371723.204272447
Gurobi status: 2
0.1
Objective value for Line heur k = 45: 13434703.419034747
Gurobi status: 2
0.1
Objective value for Line heur k = 45: 16366914.518912105
Gurobi status: 2
0.1
Objective value for Line heur k = 45: 13431015.546531456
Gurobi status: 2
0.1
Objective value for Line heur k = 45: 16366685.697187211
Gurobi status: 2
0.1
Objective value for Line heur k = 45: 13430780.229196824
Gurobi status: 2
0.1
Objective value for Line heur k = 45: 16366685.697187211
Gurobi status: 2
0.1
Objective value for Line heur k = 45: 13430780.229196824
Gurobi status: 2
0.1
Objective value for Line heur k = 45: 16366685.697187211
Gurobi status: 2
0.1
Objective value for Line heur k = 45: 13430780.229196824
Gurobi status: 2
0.1
Objective value for Line heur k = 46: 16373243.161747254
Gurobi status: 2
0.1
Objective value for Line heur k = 46: 13583740.87661354
Gurobi status: 2
0.1
Objective value for Line heur k = 46: 16361254.728237202
Gurobi status: 2
0.1
Objective value for Line heur k = 46: 13580974.515345164
Gurobi status: 2
0.1
Objective value for Line heur k = 46: 16361458.277739799
Gurobi status: 2
0.1
Objective value for Line heur k = 46: 13581287.371259503
Gurobi status: 2
0.1
Objective value for Line heur k = 46: 16361560.86593299
Gurobi status: 2
0.1
Objective value for Line heur k = 46: 13581169.866582409
Gurobi status: 2
0.1
Objective value for Line heur k = 46: 16361560.86593299
Gurobi status: 2
0.1
Objective value for Line heur k = 46: 13581169.866582409
Gurobi status: 2
0.1
Objective value for Line heur k = 47: 16358264.964793686
Gurobi status: 2
0.1
Objective value for Line heur k = 47: 13722786.200697279
Gurobi status: 2
0.1
Objective value for Line heur k = 47: 16343042.8885388
Gurobi status: 2
0.1
Objective value for Line heur k = 47: 13725927.554601593
Gurobi status: 2
0.1
Objective value for Line heur k = 47: 16347063.812457403
Gurobi status: 2
0.1
Objective value for Line heur k = 47: 13725927.554601593
Gurobi status: 2
0.1
Objective value for Line heur k = 47: 16347063.812457403
Gurobi status: 2
0.1
Objective value for Line heur k = 47: 13725927.554601593
Gurobi status: 2
0.1
Objective value for Line heur k = 47: 16347063.812457403
Gurobi status: 2
0.1
Objective value for Line heur k = 47: 13725927.554601593
Gurobi status: 2
0.1
Objective value for Line heur k = 48: 16333127.751478052
Gurobi status: 2
0.1
Objective value for Line heur k = 48: 13859008.505585272
Gurobi status: 2
0.1
Objective value for Line heur k = 48: 16320628.419917453
Gurobi status: 2
0.1
Objective value for Line heur k = 48: 13846436.015927194
Gurobi status: 2
0.1
Objective value for Line heur k = 48: 16323936.528912693
Gurobi status: 2
0.1
Objective value for Line heur k = 48: 13846436.015927194
Gurobi status: 2
0.1
Objective value for Line heur k = 48: 16323936.528912693
Gurobi status: 2
0.1
Objective value for Line heur k = 48: 13846436.015927194
Gurobi status: 2
0.1
Objective value for Line heur k = 48: 16323936.528912693
Gurobi status: 2
0.1
Objective value for Line heur k = 48: 13846436.015927194
Gurobi status: 2
0.1
Objective value for Line heur k = 49: 16298906.690001752
Gurobi status: 2
0.1
Objective value for Line heur k = 49: 13963384.786101177
Gurobi status: 2
0.1
Objective value for Line heur k = 49: 16290902.11135068
Gurobi status: 2
0.1
Objective value for Line heur k = 49: 13955906.751008667
Gurobi status: 2
0.1
Objective value for Line heur k = 49: 16290901.472351776
Gurobi status: 2
0.1
Objective value for Line heur k = 49: 13955906.751008667
Gurobi status: 2
0.1
Objective value for Line heur k = 49: 16290901.472351776
Gurobi status: 2
0.1
Objective value for Line heur k = 49: 13955906.751008667
Gurobi status: 2
0.1
Objective value for Line heur k = 49: 16290901.472351776
Gurobi status: 2
0.1
Objective value for Line heur k = 49: 13955906.751008667
Gurobi status: 2
0.1
Objective value for Line heur k = 50: 16255432.793055896
Gurobi status: 2
0.1
Objective value for Line heur k = 50: 14057990.480422342
Gurobi status: 2
0.1
Objective value for Line heur k = 50: 16251293.623634057
Gurobi status: 2
0.1
Objective value for Line heur k = 50: 14057991.586397242
Gurobi status: 2
0.1
Objective value for Line heur k = 50: 16251293.623634057
Gurobi status: 2
0.1
Objective value for Line heur k = 50: 14057991.586397242
Gurobi status: 2
0.1
Objective value for Line heur k = 50: 16251293.623634057
Gurobi status: 2
0.1
Objective value for Line heur k = 50: 14057991.586397242
Gurobi status: 2
0.1
Objective value for Line heur k = 50: 16251293.623634057
Gurobi status: 2
0.1
Objective value for Line heur k = 50: 14057991.586397242
Gurobi status: 2
0.1
Objective value for Line heur k = 51: 16205444.246132
Gurobi status: 2
0.1
Objective value for Line heur k = 51: 14142314.337530585
Gurobi status: 2
0.1
Objective value for Line heur k = 51: 16191202.982859189
Gurobi status: 2
0.1
Objective value for Line heur k = 51: 14130847.997716771
Gurobi status: 2
0.1
Objective value for Line heur k = 51: 16191202.982859189
Gurobi status: 2
0.1
Objective value for Line heur k = 51: 14130847.997716771
Gurobi status: 2
0.1
Objective value for Line heur k = 51: 16191202.982859189
Gurobi status: 2
0.1
Objective value for Line heur k = 51: 14130847.997716771
Gurobi status: 2
0.1
Objective value for Line heur k = 51: 16191202.982859189
Gurobi status: 2
0.1
Objective value for Line heur k = 51: 14130847.997716771
Gurobi status: 2
0.1
Objective value for Line heur k = 52: 16134949.922270445
Gurobi status: 2
0.1
Objective value for Line heur k = 52: 14199551.50304584
Gurobi status: 2
0.1
Objective value for Line heur k = 52: 16127458.948818259
Gurobi status: 2
0.1
Objective value for Line heur k = 52: 14192124.488581695
Gurobi status: 2
0.1
Objective value for Line heur k = 52: 16127458.948818259
Gurobi status: 2
0.1
Objective value for Line heur k = 52: 14192357.670266224
Gurobi status: 2
0.1
Objective value for Line heur k = 52: 16127573.451838981
Gurobi status: 2
0.1
Objective value for Line heur k = 52: 14192357.670266224
Gurobi status: 2
0.1
Objective value for Line heur k = 52: 16127573.451838981
Gurobi status: 2
0.1
Objective value for Line heur k = 52: 14192241.079423962
Gurobi status: 2
0.1
Objective value for Line heur k = 53: 16061239.330646653
Gurobi status: 2
0.1
Objective value for Line heur k = 53: 14245076.225592649
Gurobi status: 2
0.1
Objective value for Line heur k = 53: 16054311.257723615
Gurobi status: 2
0.1
Objective value for Line heur k = 53: 14237680.206989583
Gurobi status: 2
0.1
Objective value for Line heur k = 53: 16055047.441509092
Gurobi status: 2
0.1
Objective value for Line heur k = 53: 14237680.206989583
Gurobi status: 2
0.1
Objective value for Line heur k = 53: 16055047.441509092
Gurobi status: 2
0.1
Objective value for Line heur k = 53: 14237680.206989583
Gurobi status: 2
0.1
Objective value for Line heur k = 53: 16055047.441509092
Gurobi status: 2
0.1
Objective value for Line heur k = 53: 14237680.206989583
Gurobi status: 2
0.1
Objective value for Line heur k = 54: 15979553.765302552
Gurobi status: 2
0.1
Objective value for Line heur k = 54: 14279754.666497156
Gurobi status: 2
0.1
Objective value for Line heur k = 54: 15978852.98470518
Gurobi status: 2
0.1
Objective value for Line heur k = 54: 14279754.666497156
Gurobi status: 2
0.1
Objective value for Line heur k = 54: 15978852.98470518
Gurobi status: 2
0.1
Objective value for Line heur k = 54: 14279754.666497156
Gurobi status: 2
0.1
Objective value for Line heur k = 54: 15978852.98470518
Gurobi status: 2
0.1
Objective value for Line heur k = 54: 14279754.666497156
Gurobi status: 2
0.1
Objective value for Line heur k = 54: 15978852.98470518
Gurobi status: 2
0.1
Objective value for Line heur k = 54: 14279754.666497156
Gurobi status: 2
0.1
Objective value for Line heur k = 55: 15892048.70762476
Gurobi status: 2
0.1
Objective value for Line heur k = 55: 14310953.296610462
Gurobi status: 2
0.1
Objective value for Line heur k = 55: 15876998.906029925
Gurobi status: 2
0.1
Objective value for Line heur k = 55: 14311241.680021593
Gurobi status: 2
0.1
Objective value for Line heur k = 55: 15877110.359196069
Gurobi status: 2
0.1
Objective value for Line heur k = 55: 14311530.343264952
Gurobi status: 2
0.1
Objective value for Line heur k = 55: 15877107.502462212
Gurobi status: 2
0.1
Objective value for Line heur k = 55: 14311586.918549148
Gurobi status: 2
0.1
Objective value for Line heur k = 55: 15877219.421713457
Gurobi status: 2
0.1
Objective value for Line heur k = 55: 14311864.024622593
Gurobi status: 2
0.1
Objective value for Line heur k = 56: 15780479.974861855
Gurobi status: 2
0.1
Objective value for Line heur k = 56: 14334531.542661346
Gurobi status: 2
0.1
Objective value for Line heur k = 56: 15769896.831948545
Gurobi status: 2
0.1
Objective value for Line heur k = 56: 14340456.481158718
Gurobi status: 2
0.1
Objective value for Line heur k = 56: 15780702.91504503
Gurobi status: 2
0.1
Objective value for Line heur k = 56: 14312960.132435758
Gurobi status: 2
0.1
Objective value for Line heur k = 56: 15783299.257981196
Gurobi status: 2
0.1
Objective value for Line heur k = 56: 14312960.132435758
Gurobi status: 2
0.1
Objective value for Line heur k = 56: 15783299.257981196
Gurobi status: 2
0.1
Objective value for Line heur k = 56: 14312960.132435758
Gurobi status: 2
0.1
Objective value for Line heur k = 57: 15675878.324622445
Gurobi status: 2
0.1
Objective value for Line heur k = 57: 14314243.745045055
Gurobi status: 2
0.1
Objective value for Line heur k = 57: 15673353.866979718
Gurobi status: 2
0.1
Objective value for Line heur k = 57: 14314243.745045055
Gurobi status: 2
0.1
Objective value for Line heur k = 57: 15673353.866979718
Gurobi status: 2
0.1
Objective value for Line heur k = 57: 14314243.745045055
Gurobi status: 2
0.1
Objective value for Line heur k = 57: 15673353.866979718
Gurobi status: 2
0.1
Objective value for Line heur k = 57: 14314243.745045055
Gurobi status: 2
0.1
Objective value for Line heur k = 57: 15673353.866979718
Gurobi status: 2
0.1
Objective value for Line heur k = 57: 14314243.745045055
Gurobi status: 2
0.1
Objective value for Line heur k = 58: 15555677.746132944
Gurobi status: 2
0.1
Objective value for Line heur k = 58: 14300304.510879572
Gurobi status: 2
0.1
Objective value for Line heur k = 58: 15552322.263280157
Gurobi status: 2
0.1
Objective value for Line heur k = 58: 14297923.373250399
Gurobi status: 2
0.1
Objective value for Line heur k = 58: 15552322.263280157
Gurobi status: 2
0.1
Objective value for Line heur k = 58: 14297923.373250399
Gurobi status: 2
0.1
Objective value for Line heur k = 58: 15552322.263280157
Gurobi status: 2
0.1
Objective value for Line heur k = 58: 14297923.373250399
Gurobi status: 2
0.1
Objective value for Line heur k = 58: 15552322.263280157
Gurobi status: 2
0.1
Objective value for Line heur k = 58: 14297923.373250399
Gurobi status: 2
0.1
Objective value for Line heur k = 59: 15425492.935732894
Gurobi status: 2
0.1
Objective value for Line heur k = 59: 14265365.876964984
Gurobi status: 2
0.1
Objective value for Line heur k = 59: 15422306.423260221
Gurobi status: 2
0.1
Objective value for Line heur k = 59: 14265365.876964984
Gurobi status: 2
0.1
Objective value for Line heur k = 59: 15422306.423260221
Gurobi status: 2
0.1
Objective value for Line heur k = 59: 14265365.876964984
Gurobi status: 2
0.1
Objective value for Line heur k = 59: 15422306.423260221
Gurobi status: 2
0.1
Objective value for Line heur k = 59: 14265365.876964984
Gurobi status: 2
0.1
Objective value for Line heur k = 59: 15422306.423260221
Gurobi status: 2
0.1
Objective value for Line heur k = 59: 14265365.876964984
Gurobi status: 2
0.1
Objective value for Line heur k = 60: 15285457.750849586
Gurobi status: 2
0.1
Objective value for Line heur k = 60: 14218076.822762344
Gurobi status: 2
0.1
Objective value for Line heur k = 60: 15273806.500220127
Gurobi status: 2
0.1
Objective value for Line heur k = 60: 14207917.146578358
Gurobi status: 2
0.1
Objective value for Line heur k = 60: 15273806.500220127
Gurobi status: 2
0.1
Objective value for Line heur k = 60: 14207917.146578358
Gurobi status: 2
0.1
Objective value for Line heur k = 60: 15273806.500220127
Gurobi status: 2
0.1
Objective value for Line heur k = 60: 14207917.146578358
Gurobi status: 2
0.1
Objective value for Line heur k = 60: 15273806.500220127
Gurobi status: 2
0.1
Objective value for Line heur k = 60: 14207917.146578358
Gurobi status: 2
0.1
Objective value for Line heur k = 61: 15127455.690221056
Gurobi status: 2
0.1
Objective value for Line heur k = 61: 14146518.714191293
Gurobi status: 2
0.1
Objective value for Line heur k = 61: 15121927.782352256
Gurobi status: 2
0.1
Objective value for Line heur k = 61: 14143493.673024848
Gurobi status: 2
0.1
Objective value for Line heur k = 61: 15124617.773405802
Gurobi status: 2
0.1
Objective value for Line heur k = 61: 14143466.592356214
Gurobi status: 2
0.1
Objective value for Line heur k = 61: 15124503.19133122
Gurobi status: 2
0.1
Objective value for Line heur k = 61: 14143466.592356214
Gurobi status: 2
0.1
Objective value for Line heur k = 61: 15124503.19133122
Gurobi status: 2
0.1
Objective value for Line heur k = 61: 14143466.592356214
Gurobi status: 2
0.1
Objective value for Line heur k = 62: 14968839.375020685
Gurobi status: 2
0.1
Objective value for Line heur k = 62: 14073242.646327797
Gurobi status: 2
0.1
Objective value for Line heur k = 62: 14960485.362829816
Gurobi status: 2
0.1
Objective value for Line heur k = 62: 14085239.973934082
Gurobi status: 2
0.1
Objective value for Line heur k = 62: 14970794.81812078
Gurobi status: 2
0.1
Objective value for Line heur k = 62: 14069619.000268044
Gurobi status: 2
0.1
Objective value for Line heur k = 62: 14972803.100524966
Gurobi status: 2
0.1
Objective value for Line heur k = 62: 14069619.000268044
Gurobi status: 2
0.1
Objective value for Line heur k = 62: 14972803.100524966
Gurobi status: 2
0.1
Objective value for Line heur k = 62: 14069619.000268044
Gurobi status: 2
0.1
Objective value for Line heur k = 63: 14807333.918144938
Gurobi status: 2
0.1
Objective value for Line heur k = 63: 13984359.655144254
Gurobi status: 2
0.1
Objective value for Line heur k = 63: 14803391.505381308
Gurobi status: 2
0.1
Objective value for Line heur k = 63: 13990288.457586003
Gurobi status: 2
0.1
Objective value for Line heur k = 63: 14804921.696177166
Gurobi status: 2
0.1
Objective value for Line heur k = 63: 13977283.356124198
Gurobi status: 2
0.1
Objective value for Line heur k = 63: 14802697.8724506
Gurobi status: 2
0.1
Objective value for Line heur k = 63: 13975244.812169582
Gurobi status: 2
0.1
Objective value for Line heur k = 63: 14804871.971892478
Gurobi status: 2
0.1
Objective value for Line heur k = 63: 13975321.122988405
Gurobi status: 2
0.1
Objective value for Line heur k = 64: 14629892.036422178
Gurobi status: 2
0.1
Objective value for Line heur k = 64: 13875677.410296597
Gurobi status: 2
0.1
Objective value for Line heur k = 64: 14626359.467343256
Gurobi status: 2
0.1
Objective value for Line heur k = 64: 13885790.52121524
Gurobi status: 2
0.1
Objective value for Line heur k = 64: 14630585.112924872
Gurobi status: 2
0.1
Objective value for Line heur k = 64: 13885010.423671773
Gurobi status: 2
0.1
Objective value for Line heur k = 64: 14631128.43384316
Gurobi status: 2
0.1
Objective value for Line heur k = 64: 13863039.238089845
Gurobi status: 2
0.1
Objective value for Line heur k = 64: 14634428.57720598
Gurobi status: 2
0.1
Objective value for Line heur k = 64: 13863039.238089845
Gurobi status: 2
0.1
Objective value for Line heur k = 65: 14450944.798872052
Gurobi status: 2
0.1
Objective value for Line heur k = 65: 13753537.362683142
Gurobi status: 2
0.1
Objective value for Line heur k = 65: 14450944.798872052
Gurobi status: 2
0.1
Objective value for Line heur k = 65: 13753537.362683142
Gurobi status: 2
0.1
Objective value for Line heur k = 65: 14450830.197082978
Gurobi status: 2
0.1
Objective value for Line heur k = 65: 13753537.362683142
Gurobi status: 2
0.1
Objective value for Line heur k = 65: 14450944.798872052
Gurobi status: 2
0.1
Objective value for Line heur k = 65: 13753537.362683142
Gurobi status: 2
0.1
Objective value for Line heur k = 65: 14450830.197082978
Gurobi status: 2
0.1
Objective value for Line heur k = 65: 13753537.362683142
Gurobi status: 2
0.1
Objective value for Line heur k = 66: 14257877.781499764
Gurobi status: 2
0.1
Objective value for Line heur k = 66: 13628887.13711081
Gurobi status: 2
0.1
Objective value for Line heur k = 66: 14245428.692830058
Gurobi status: 2
0.1
Objective value for Line heur k = 66: 13629353.564370073
Gurobi status: 2
0.1
Objective value for Line heur k = 66: 14251432.937380638
Gurobi status: 2
0.1
Objective value for Line heur k = 66: 13639402.627118375
Gurobi status: 2
0.1
Objective value for Line heur k = 66: 14244811.106573096
Gurobi status: 2
0.1
Objective value for Line heur k = 66: 13621085.572688762
Gurobi status: 2
0.1
Objective value for Line heur k = 66: 14250187.60737838
Gurobi status: 2
0.1
Objective value for Line heur k = 66: 13621235.26156534
Gurobi status: 2
0.1
Objective value for Line heur k = 67: 14049200.208206953
Gurobi status: 2
0.1
Objective value for Line heur k = 67: 13482971.55343618
Gurobi status: 2
0.1
Objective value for Line heur k = 67: 14042130.136237556
Gurobi status: 2
0.1
Objective value for Line heur k = 67: 13479184.410254825
Gurobi status: 2
0.1
Objective value for Line heur k = 67: 14044361.762351764
Gurobi status: 2
0.1
Objective value for Line heur k = 67: 13479236.667064691
Gurobi status: 2
0.1
Objective value for Line heur k = 67: 14044190.035746051
Gurobi status: 2
0.1
Objective value for Line heur k = 67: 13479114.574969744
Gurobi status: 2
0.1
Objective value for Line heur k = 67: 14044266.160970828
Gurobi status: 2
0.1
Objective value for Line heur k = 67: 13479114.574969744
Gurobi status: 2
0.1
Objective value for Line heur k = 68: 13833530.07479147
Gurobi status: 2
0.1
Objective value for Line heur k = 68: 13328684.808676796
Gurobi status: 2
0.1
Objective value for Line heur k = 68: 13819569.962640975
Gurobi status: 2
0.1
Objective value for Line heur k = 68: 13323958.172400296
Gurobi status: 2
0.1
Objective value for Line heur k = 68: 13827164.912664618
Gurobi status: 2
0.1
Objective value for Line heur k = 68: 13336998.722875161
Gurobi status: 2
0.1
Objective value for Line heur k = 68: 13827932.050528087
Gurobi status: 2
0.1
Objective value for Line heur k = 68: 13318735.568953218
Gurobi status: 2
0.1
Objective value for Line heur k = 68: 13832879.201924002
Gurobi status: 2
0.1
Objective value for Line heur k = 68: 13318965.654867511
Gurobi status: 2
0.1
Objective value for Line heur k = 69: 13613027.585967587
Gurobi status: 2
0.1
Objective value for Line heur k = 69: 13155818.248280026
Gurobi status: 2
0.1
Objective value for Line heur k = 69: 13607784.300590439
Gurobi status: 2
0.1
Objective value for Line heur k = 69: 13153113.436399208
Gurobi status: 2
0.1
Objective value for Line heur k = 69: 13607784.300590439
Gurobi status: 2
0.1
Objective value for Line heur k = 69: 13153343.426853532
Gurobi status: 2
0.1
Objective value for Line heur k = 69: 13607898.951316472
Gurobi status: 2
0.1
Objective value for Line heur k = 69: 13153343.426853532
Gurobi status: 2
0.1
Objective value for Line heur k = 69: 13607898.951316472
Gurobi status: 2
0.1
Objective value for Line heur k = 69: 13153228.43162637
Gurobi status: 2
0.1
Objective value for Line heur k = 70: 13378869.077693941
Gurobi status: 2
0.1
Objective value for Line heur k = 70: 12977383.572846318
Gurobi status: 2
0.1
Objective value for Line heur k = 70: 13375098.36557793
Gurobi status: 2
0.1
Objective value for Line heur k = 70: 12975669.204735553
Gurobi status: 2
0.1
Objective value for Line heur k = 70: 13377474.605315978
Gurobi status: 2
0.1
Objective value for Line heur k = 70: 12975669.204735553
Gurobi status: 2
0.1
Objective value for Line heur k = 70: 13377474.605315978
Gurobi status: 2
0.1
Objective value for Line heur k = 70: 12975669.204735553
Gurobi status: 2
0.1
Objective value for Line heur k = 70: 13377474.605315978
Gurobi status: 2
0.1
Objective value for Line heur k = 70: 12975669.204735553
Gurobi status: 2
0.1
Objective value for Line heur k = 71: 13141405.067362053
Gurobi status: 2
0.1
Objective value for Line heur k = 71: 12788212.878613612
Gurobi status: 2
0.1
Objective value for Line heur k = 71: 13131709.320336306
Gurobi status: 2
0.1
Objective value for Line heur k = 71: 12780013.739920137
Gurobi status: 2
0.1
Objective value for Line heur k = 71: 13134499.394070568
Gurobi status: 2
0.1
Objective value for Line heur k = 71: 12780243.552617708
Gurobi status: 2
0.1
Objective value for Line heur k = 71: 13134614.050523678
Gurobi status: 2
0.1
Objective value for Line heur k = 71: 12780243.552617708
Gurobi status: 2
0.1
Objective value for Line heur k = 71: 13134614.050523678
Gurobi status: 2
0.1
Objective value for Line heur k = 71: 12780243.552617708
Gurobi status: 2
0.1
Objective value for Line heur k = 72: 12889131.942218632
Gurobi status: 2
0.1
Objective value for Line heur k = 72: 12580003.833495064
Gurobi status: 2
0.1
Objective value for Line heur k = 72: 12881737.055738065
Gurobi status: 2
0.1
Objective value for Line heur k = 72: 12578557.534426115
Gurobi status: 2
0.1
Objective value for Line heur k = 72: 12883942.718569934
Gurobi status: 2
0.1
Objective value for Line heur k = 72: 12578677.62368359
Gurobi status: 2
0.1
Objective value for Line heur k = 72: 12885571.97805772
Gurobi status: 2
0.1
Objective value for Line heur k = 72: 12578682.90790208
Gurobi status: 2
0.1
Objective value for Line heur k = 72: 12885580.613270715
Gurobi status: 2
0.1
Objective value for Line heur k = 72: 12578688.204857692
Gurobi status: 2
0.1
Objective value for Line heur k = 73: 12631234.87511745
Gurobi status: 2
0.1
Objective value for Line heur k = 73: 12367355.130086802
Gurobi status: 2
0.1
Objective value for Line heur k = 73: 12627223.504810298
Gurobi status: 2
0.1
Objective value for Line heur k = 73: 12365428.52047941
Gurobi status: 2
0.1
Objective value for Line heur k = 73: 12627117.560755642
Gurobi status: 2
0.1
Objective value for Line heur k = 73: 12365433.843396585
Gurobi status: 2
0.1
Objective value for Line heur k = 73: 12627239.20986951
Gurobi status: 2
0.1
Objective value for Line heur k = 73: 12365319.011952836
Gurobi status: 2
0.1
Objective value for Line heur k = 73: 12627239.20986951
Gurobi status: 2
0.0
Objective value for Line heur k = 74: 12125421.163586792
Gurobi status: 2
0.1
Objective value for Line heur k = 74: 12351607.844570184
Gurobi status: 2
0.1
Objective value for Line heur k = 74: 12125535.995030541
Gurobi status: 2
0.1
Objective value for Line heur k = 74: 12351493.155913055
Gurobi status: 2
0.1
Objective value for Line heur k = 74: 12125535.995030541
Gurobi status: 2
0.1
Objective value for Line heur k = 74: 12351493.155913055
Gurobi status: 2
0.1
Objective value for Line heur k = 74: 12125535.995030541
Gurobi status: 2
0.1
Objective value for Line heur k = 74: 12351493.155913055
Gurobi status: 2
0.1
Objective value for Line heur k = 74: 12125535.995030541
Gurobi status: 2
0.0
Objective value for Line heur k = 75: 12079426.782777626
Gurobi status: 2
0.1
Objective value for Line heur k = 75: 11888294.005258296
Gurobi status: 2
0.1
Objective value for Line heur k = 75: 12075520.174506824
Gurobi status: 2
0.1
Objective value for Line heur k = 75: 11886683.331873408
Gurobi status: 2
0.1
Objective value for Line heur k = 75: 12075354.83431047
Gurobi status: 2
0.1
Objective value for Line heur k = 75: 11886693.841845386
Gurobi status: 2
0.1
Objective value for Line heur k = 75: 12075376.551629733
Gurobi status: 2
0.1
Objective value for Line heur k = 75: 11886693.841845386
Gurobi status: 2
0.1
Objective value for Line heur k = 75: 12075376.551629733
Gurobi status: 2
0.1
Objective value for Line heur k = 75: 11886693.841845386
Gurobi status: 2
0.1
Objective value for Line heur k = 76: 11794175.645095222
Gurobi status: 2
0.1
Objective value for Line heur k = 76: 11637283.038071036
Gurobi status: 2
0.1
Objective value for Line heur k = 76: 11784385.516912388
Gurobi status: 2
0.1
Objective value for Line heur k = 76: 11629217.88830109
Gurobi status: 2
0.1
Objective value for Line heur k = 76: 11785480.98850947
Gurobi status: 2
0.1
Objective value for Line heur k = 76: 11629372.042392263
Gurobi status: 2
0.1
Objective value for Line heur k = 76: 11785479.87831247
Gurobi status: 2
0.1
Objective value for Line heur k = 76: 11629372.042392263
Gurobi status: 2
0.1
Objective value for Line heur k = 76: 11785479.87831247
Gurobi status: 2
0.1
Objective value for Line heur k = 76: 11629372.042392263
Gurobi status: 2
0.1
Objective value for Line heur k = 77: 11496039.953892786
Gurobi status: 2
0.1
Objective value for Line heur k = 77: 11369298.162337368
Gurobi status: 2
0.1
Objective value for Line heur k = 77: 11491383.441660183
Gurobi status: 2
0.1
Objective value for Line heur k = 77: 11367342.10519199
Gurobi status: 2
0.1
Objective value for Line heur k = 77: 11493396.139938839
Gurobi status: 2
0.1
Objective value for Line heur k = 77: 11372865.015887264
Gurobi status: 2
0.1
Objective value for Line heur k = 77: 11498012.478734165
Gurobi status: 2
0.1
Objective value for Line heur k = 77: 11368415.616572917
Gurobi status: 2
0.1
Objective value for Line heur k = 77: 11498241.865205491
Gurobi status: 2
0.1
Objective value for Line heur k = 77: 11368530.371073479
Gurobi status: 2
0.1
Objective value for Line heur k = 78: 11198716.630004633
Gurobi status: 2
0.1
Objective value for Line heur k = 78: 11097750.911321228
Gurobi status: 2
0.1
Objective value for Line heur k = 78: 11194596.40176204
Gurobi status: 2
0.1
Objective value for Line heur k = 78: 11093946.034487778
Gurobi status: 2
0.1
Objective value for Line heur k = 78: 11194489.848159153
Gurobi status: 2
0.1
Objective value for Line heur k = 78: 11093716.566947378
Gurobi status: 2
0.1
Objective value for Line heur k = 78: 11194260.459504163
Gurobi status: 2
0.1
Objective value for Line heur k = 78: 11093716.566947378
Gurobi status: 2
0.1
Objective value for Line heur k = 78: 11194260.459504163
Gurobi status: 2
0.1
Objective value for Line heur k = 78: 11093487.099406976
Gurobi status: 2
0.1
Objective value for Line heur k = 79: 10884634.982440725
Gurobi status: 2
0.1
Objective value for Line heur k = 79: 10808138.568591421
Gurobi status: 2
0.1
Objective value for Line heur k = 79: 10884634.982440725
Gurobi status: 2
0.1
Objective value for Line heur k = 79: 10808138.568591421
Gurobi status: 2
0.1
Objective value for Line heur k = 79: 10884634.982440725
Gurobi status: 2
0.1
Objective value for Line heur k = 79: 10808138.568591421
Gurobi status: 2
0.1
Objective value for Line heur k = 79: 10884634.982440725
Gurobi status: 2
0.1
Objective value for Line heur k = 79: 10808368.00500685
Gurobi status: 2
0.1
Objective value for Line heur k = 79: 10884864.371095715
Gurobi status: 2
0.1
Objective value for Line heur k = 79: 10808368.00500685
Gurobi status: 2
0.1
Objective value for Line heur k = 80: 10565419.29162054
Gurobi status: 2
0.1
Objective value for Line heur k = 80: 10511470.779110592
Gurobi status: 2
0.1
Objective value for Line heur k = 80: 10560531.61258664
Gurobi status: 2
0.1
Objective value for Line heur k = 80: 10510247.48583834
Gurobi status: 2
0.1
Objective value for Line heur k = 80: 10560761.66069096
Gurobi status: 2
0.1
Objective value for Line heur k = 80: 10510261.76620781
Gurobi status: 2
0.1
Objective value for Line heur k = 80: 10560761.198706703
Gurobi status: 2
0.1
Objective value for Line heur k = 80: 10510261.76620781
Gurobi status: 2
0.1
Objective value for Line heur k = 80: 10560761.198706703
Gurobi status: 2
0.1
Objective value for Line heur k = 80: 10510491.182247678
Gurobi status: 2
0.1
Objective value for Line heur k = 81: 10230655.523150366
Gurobi status: 2
0.1
Objective value for Line heur k = 81: 10201116.488866836
Gurobi status: 2
0.1
Objective value for Line heur k = 81: 10224937.377358684
Gurobi status: 2
0.1
Objective value for Line heur k = 81: 10195601.475254845
Gurobi status: 2
0.1
Objective value for Line heur k = 81: 10225044.955068795
Gurobi status: 2
0.1
Objective value for Line heur k = 81: 10195601.475254845
Gurobi status: 2
0.1
Objective value for Line heur k = 81: 10225044.955068795
Gurobi status: 2
0.1
Objective value for Line heur k = 81: 10195486.773773396
Gurobi status: 2
0.1
Objective value for Line heur k = 81: 10225044.955068795
Gurobi status: 2
0.1
Objective value for Line heur k = 81: 10195601.475254845
Gurobi status: 2
0.1
Objective value for Line heur k = 82: 9883366.38872133
Gurobi status: 2
0.1
Objective value for Line heur k = 82: 9870666.372177087
Gurobi status: 2
0.1
Objective value for Line heur k = 82: 9883369.678616669
Gurobi status: 2
0.1
Objective value for Line heur k = 82: 9870666.372177087
Gurobi status: 2
0.1
Objective value for Line heur k = 82: 9883369.678616669
Gurobi status: 2
0.1
Objective value for Line heur k = 82: 9870666.372177087
Gurobi status: 2
0.1
Objective value for Line heur k = 82: 9883369.678616669
Gurobi status: 2
0.1
Objective value for Line heur k = 82: 9870666.372177087
Gurobi status: 2
0.1
Objective value for Line heur k = 82: 9883369.678616669
Gurobi status: 2
0.1
Objective value for Line heur k = 82: 9870666.372177087
Gurobi status: 2
0.1
Objective value for Line heur k = 83: 9537295.742693184
Gurobi status: 2
0.1
Objective value for Line heur k = 83: 9532095.79341292
Gurobi status: 2
0.1
Objective value for Line heur k = 83: 9535071.649164727
Gurobi status: 2
0.1
Objective value for Line heur k = 83: 9532210.491417576
Gurobi status: 2
0.1
Objective value for Line heur k = 83: 9535071.649164727
Gurobi status: 2
0.1
Objective value for Line heur k = 83: 9532210.491417576
Gurobi status: 2
0.1
Objective value for Line heur k = 83: 9535071.649164727
Gurobi status: 2
0.1
Objective value for Line heur k = 83: 9532210.491417576
Gurobi status: 2
0.1
Objective value for Line heur k = 83: 9535071.649164727
Gurobi status: 2
0.1
Objective value for Line heur k = 83: 9532210.491417576
Gurobi status: 2
0.1
Objective value for Line heur k = 84: 9181113.351191618
Gurobi status: 2
0.1
Objective value for Line heur k = 84: 9180423.8301415
Gurobi status: 2
0.1
Objective value for Line heur k = 84: 9180220.15222749
Gurobi status: 2
0.1
Objective value for Line heur k = 84: 9180424.913623769
Gurobi status: 2
0.1
Objective value for Line heur k = 84: 9180220.15222749
Gurobi status: 2
0.1
Objective value for Line heur k = 84: 9180424.913623769
Gurobi status: 2
0.1
Objective value for Line heur k = 84: 9180220.15222749
Gurobi status: 2
0.1
Objective value for Line heur k = 84: 9180424.913623769
Gurobi status: 2
0.1
Objective value for Line heur k = 84: 9180220.15222749
Gurobi status: 2
0.1
Objective value for Line heur k = 84: 9180424.913623769
Gurobi status: 2
0.1
Objective value for Line heur k = 85: 8813963.546232821
Gurobi status: 2
0.1
Objective value for Line heur k = 85: 8815126.932338787
Gurobi status: 2
0.1
Objective value for Line heur k = 85: 8813963.546232821
Gurobi status: 2
0.1
Objective value for Line heur k = 85: 8815126.932338787
Gurobi status: 2
0.1
Objective value for Line heur k = 85: 8813963.546232821
Gurobi status: 2
0.1
Objective value for Line heur k = 85: 8815126.932338787
Gurobi status: 2
0.1
Objective value for Line heur k = 85: 8813963.546232821
Gurobi status: 2
0.1
Objective value for Line heur k = 85: 8815126.932338787
Gurobi status: 2
0.1
Objective value for Line heur k = 85: 8813963.546232821
Gurobi status: 2
0.1
Objective value for Line heur k = 85: 8815126.932338787
Gurobi status: 2
0.1
Objective value for Line heur k = 86: 8436283.004352279
Gurobi status: 2
0.1
Objective value for Line heur k = 86: 8436416.089313157
Gurobi status: 2
0.1
Objective value for Line heur k = 86: 8436168.307746075
Gurobi status: 2
0.1
Objective value for Line heur k = 86: 8436416.089313157
Gurobi status: 2
0.1
Objective value for Line heur k = 86: 8436168.307746075
Gurobi status: 2
0.1
Objective value for Line heur k = 86: 8436416.089313157
Gurobi status: 2
0.1
Objective value for Line heur k = 86: 8436168.307746075
Gurobi status: 2
0.1
Objective value for Line heur k = 86: 8436416.089313157
Gurobi status: 2
0.1
Objective value for Line heur k = 86: 8436168.307746075
Gurobi status: 2
0.1
Objective value for Line heur k = 86: 8436416.089313157
Gurobi status: 2
0.1
Objective value for Line heur k = 87: 8046256.501079464
Gurobi status: 2
0.1
Objective value for Line heur k = 87: 8046723.713469037
Gurobi status: 2
0.1
Objective value for Line heur k = 87: 8046371.197685668
Gurobi status: 2
0.1
Objective value for Line heur k = 87: 8046723.713469037
Gurobi status: 2
0.1
Objective value for Line heur k = 87: 8046371.197685668
Gurobi status: 2
0.1
Objective value for Line heur k = 87: 8046723.713469037
Gurobi status: 2
0.1
Objective value for Line heur k = 87: 8046371.197685668
Gurobi status: 2
0.1
Objective value for Line heur k = 87: 8046723.713469037
Gurobi status: 2
0.1
Objective value for Line heur k = 87: 8046371.197685668
Gurobi status: 2
0.1
Objective value for Line heur k = 87: 8046723.713469037
Gurobi status: 2
0.1
Objective value for Line heur k = 88: 7645701.614074109
Gurobi status: 2
0.1
Objective value for Line heur k = 88: 7646319.961076315
Gurobi status: 2
0.1
Objective value for Line heur k = 88: 7645586.917467903
Gurobi status: 2
0.1
Objective value for Line heur k = 88: 7646319.961076315
Gurobi status: 2
0.1
Objective value for Line heur k = 88: 7645586.917467903
Gurobi status: 2
0.1
Objective value for Line heur k = 88: 7646319.961076315
Gurobi status: 2
0.1
Objective value for Line heur k = 88: 7645586.917467903
Gurobi status: 2
0.1
Objective value for Line heur k = 88: 7646319.961076315
Gurobi status: 2
0.1
Objective value for Line heur k = 88: 7645586.917467903
Gurobi status: 2
0.0
Objective value for Line heur k = 89: 7236895.2723831395
Gurobi status: 2
0.1
Objective value for Line heur k = 89: 7236588.3003782295
Gurobi status: 2
0.1
Objective value for Line heur k = 89: 7236895.2723831395
Gurobi status: 2
0.1
Objective value for Line heur k = 89: 7236588.3003782295
Gurobi status: 2
0.1
Objective value for Line heur k = 89: 7236895.2723831395
Gurobi status: 2
0.1
Objective value for Line heur k = 89: 7236588.3003782295
Gurobi status: 2
0.1
Objective value for Line heur k = 89: 7236895.2723831395
Gurobi status: 2
0.1
Objective value for Line heur k = 89: 7236588.3003782295
Gurobi status: 2
0.1
Objective value for Line heur k = 89: 7236895.2723831395
Gurobi status: 2
0.1
Objective value for Line heur k = 89: 7236588.3003782295
Gurobi status: 2
0.1
Objective value for Line heur k = 90: 6824825.813243761
Gurobi status: 2
0.1
Objective value for Line heur k = 90: 6824825.813243761
Gurobi status: 2
0.1
Objective value for Line heur k = 90: 6824825.813243761
Gurobi status: 2
0.1
Objective value for Line heur k = 90: 6824825.813243761
Gurobi status: 2
0.1
Objective value for Line heur k = 90: 6824825.813243761
Gurobi status: 2
0.1
Objective value for Line heur k = 90: 6824825.813243761
Gurobi status: 2
0.1
Objective value for Line heur k = 90: 6824825.813243761
Gurobi status: 2
0.1
Objective value for Line heur k = 90: 6824825.813243761
Gurobi status: 2
0.1
Objective value for Line heur k = 90: 6824825.813243761
Gurobi status: 2
0.1
Objective value for Line heur k = 90: 6824825.813243761
Gurobi status: 2
0.1
Objective value for Line heur k = 91: 6337246.899193384
Gurobi status: 2
0.1
Objective value for Line heur k = 91: 6337246.899193384
Gurobi status: 2
0.1
Objective value for Line heur k = 91: 6337246.899193384
Gurobi status: 2
0.1
Objective value for Line heur k = 91: 6337246.899193384
Gurobi status: 2
0.1
Objective value for Line heur k = 91: 6337246.899193384
Gurobi status: 2
0.1
Objective value for Line heur k = 91: 6337246.899193384
Gurobi status: 2
0.1
Objective value for Line heur k = 91: 6337246.899193384
Gurobi status: 2
0.1
Objective value for Line heur k = 91: 6337246.899193384
Gurobi status: 2
0.1
Objective value for Line heur k = 91: 6337246.899193384
Gurobi status: 2
0.1
Objective value for Line heur k = 91: 6337246.899193384
Gurobi status: 2
0.1
Objective value for Line heur k = 92: 5849685.503183926
Gurobi status: 2
0.1
Objective value for Line heur k = 92: 5849685.503183926
Gurobi status: 2
0.1
Objective value for Line heur k = 92: 5849685.503183926
Gurobi status: 2
0.1
Objective value for Line heur k = 92: 5849685.503183926
Gurobi status: 2
0.1
Objective value for Line heur k = 92: 5849685.503183926
Gurobi status: 2
0.1
Objective value for Line heur k = 92: 5849685.503183926
Gurobi status: 2
0.1
Objective value for Line heur k = 92: 5849685.503183926
Gurobi status: 2
0.1
Objective value for Line heur k = 92: 5849685.503183926
Gurobi status: 2
0.1
Objective value for Line heur k = 92: 5849685.503183926
Gurobi status: 2
0.1
Objective value for Line heur k = 92: 5849685.503183926
Gurobi status: 2
0.1
Objective value for Line heur k = 93: 5362142.779052585
Gurobi status: 2
0.1
Objective value for Line heur k = 93: 5362142.779052585
Gurobi status: 2
0.1
Objective value for Line heur k = 93: 5362142.779052585
Gurobi status: 2
0.0
Objective value for Line heur k = 94: 4874618.208840403
Gurobi status: 2
0.1
Objective value for Line heur k = 94: 4874618.208840403
Gurobi status: 2
0.1
Objective value for Line heur k = 94: 4874618.208840403
Gurobi status: 2
0.1
Objective value for Line heur k = 94: 4874618.208840403
Gurobi status: 2
0.1
Objective value for Line heur k = 94: 4874618.208840403
Gurobi status: 2
0.1
Objective value for Line heur k = 94: 4874618.208840403
Gurobi status: 2
0.1
Objective value for Line heur k = 94: 4874618.208840403
Gurobi status: 2
0.1
Objective value for Line heur k = 94: 4874618.208840403
Gurobi status: 2
0.1
Objective value for Line heur k = 94: 4874618.208840403
Gurobi status: 2
0.1
Objective value for Line heur k = 94: 4874618.208840403
Gurobi status: 2
0.1
Objective value for Line heur k = 95: 4387110.366575528
Gurobi status: 2
0.1
Objective value for Line heur k = 95: 4387110.366575528
Gurobi status: 2
0.1
Objective value for Line heur k = 95: 4387110.366575528
Gurobi status: 2
0.1
Objective value for Line heur k = 95: 4387110.366575528
Gurobi status: 2
0.1
Objective value for Line heur k = 95: 4387110.366575528
Gurobi status: 2
0.1
Objective value for Line heur k = 95: 4387110.366575528
Gurobi status: 2
0.1
Objective value for Line heur k = 95: 4387110.366575528
Gurobi status: 2
0.1
Objective value for Line heur k = 95: 4387110.366575528
Gurobi status: 2
0.0
New solution equals old solution at k=95
Objective value for Line heur k = 96: 3899617.404652077
Gurobi status: 2
0.0
New solution equals old solution at k=96
Objective value for Line heur k = 97: 3412137.3537704097
Gurobi status: 2
0.0
New solution equals old solution at k=97
Objective value for Line heur k = 98: 2924668.29925936
Gurobi status: 2
0.0
New solution equals old solution at k=98
Objective value for Line heur k = 99: 2437208.4768432323
Gurobi status: 2
0.0
New solution equals old solution at k=99
Objective value for Line heur k = 100: 1949756.3171110312
Gurobi status: 2
0.0
New solution equals old solution at k=100
Objective value for Line heur k = 101: 1462310.458351308
Gurobi status: 2
0.0
New solution equals old solution at k=101
Objective value for Line heur k = 102: 974869.7407905984
Gurobi status: 2
0.0
New solution equals old solution at k=102
Objective value for Line heur k = 103: 487433.1907313943
Gurobi status: 2
0.0
New solution equals old solution at k=103
Total running time for 90 days is 5041.069725990295
Economic Value: 58365506.5419
Deaths 1.00643377504
Total Reward 46542548.6984
