324
(0.5, 0, 0.3, 0, (7, 14), 'fitted-scaled', 'econ-scaled', '60days-scaled', 0.1, 0, 1, 'full_lockdown')
324
Total Reward at the start of the inner iterations: 15732719.298001366
Using license file /software/non-free/Gurobi/gurobi902/linux64/gurobi.lic
(0.5, 0, 0.3, 0, (7, 14), 'fitted-scaled', 'econ-scaled', '60days-scaled', 0.1, 0.1, 1, 'dynamic_gradient')
Total Reward at the start of the inner iterations: 53548522.36370423
Using license file /software/non-free/Gurobi/gurobi902/linux64/gurobi.lic
Set parameter TokenServer to value license4.stanford.edu
Set parameter TokenServer to value license4.stanford.edu
324
324
(0.5, 0, 0.3, 0, (7, 14), 'fitted-scaled', 'econ-scaled', '60days-scaled', 0.1, 0.1, 2, 'full_lockdown')
Total Reward at the start of the inner iterations: 15732719.298001366
Using license file /software/non-free/Gurobi/gurobi902/linux64/gurobi.lic
Set parameter TokenServer to value license4.stanford.edu
324
(0.5, 0, 0.3, 0, (7, 14), 'fitted-scaled', 'econ-scaled', '60days-scaled', 0.1, 0.05, 2, 'full_lockdown')
Total Reward at the start of the inner iterations: 15732719.298001366
Using license file /software/non-free/Gurobi/gurobi902/linux64/gurobi.lic
Set parameter TokenServer to value license4.stanford.edu
(0.5, 0, 0.3, 0, (7, 14), 'fitted-scaled', 'econ-scaled', '60days-scaled', 0.1, 0.1, 1, 'full_lockdown')
Total Reward at the start of the inner iterations: 15732719.298001366
Using license file /software/non-free/Gurobi/gurobi902/linux64/gurobi.lic
Set parameter TokenServer to value license4.stanford.edu
324
(0.5, 0, 0.3, 0, (7, 14), 'fitted-scaled', 'econ-scaled', '60days-scaled', 0.1, 0, 1.5, 'full_open')
324
Total Reward at the start of the inner iterations: 48987932.32914417
Using license file /software/non-free/Gurobi/gurobi902/linux64/gurobi.lic
(0.5, 0, 0.3, 0, (7, 14), 'fitted-scaled', 'econ-scaled', '60days-scaled', 0.1, 0, 1.5, 'full_lockdown')
324
Total Reward at the start of the inner iterations: 15732719.298001366
Set parameter TokenServer to value license4.stanford.edu
Using license file /software/non-free/Gurobi/gurobi902/linux64/gurobi.lic
324
(0.5, 0, 0.3, 0, (7, 14), 'fitted-scaled', 'econ-scaled', '60days-scaled', 0.1, 0.05, 1, 'full_lockdown')
Total Reward at the start of the inner iterations: 15732719.298001366
Using license file /software/non-free/Gurobi/gurobi902/linux64/gurobi.lic
(0.5, 0, 0.3, 0, (7, 14), 'fitted-scaled', 'econ-scaled', '60days-scaled', 0.1, 0, 2, 'full_lockdown')
Set parameter TokenServer to value license4.stanford.edu
Total Reward at the start of the inner iterations: 15732719.298001366
Using license file /software/non-free/Gurobi/gurobi902/linux64/gurobi.lic
Set parameter TokenServer to value license4.stanford.edu
Set parameter TokenServer to value license4.stanford.edu
324
324
(0.5, 0, 0.3, 0, (7, 14), 'fitted-scaled', 'econ-scaled', '60days-scaled', 0.1, 0, 1, 'full_open')
Total Reward at the start of the inner iterations: 48987932.32914417
Using license file /software/non-free/Gurobi/gurobi902/linux64/gurobi.lic
324
(0.5, 0, 0.3, 0, (7, 14), 'fitted-scaled', 'econ-scaled', '60days-scaled', 0.1, 0.05, 1.5, 'full_open')
Total Reward at the start of the inner iterations: 48987932.32914417
Using license file /software/non-free/Gurobi/gurobi902/linux64/gurobi.lic
324
(0.5, 0, 0.3, 0, (7, 14), 'fitted-scaled', 'econ-scaled', '60days-scaled', 0.1, 0.1, 1.5, 'dynamic_gradient')
Set parameter TokenServer to value license4.stanford.edu
Total Reward at the start of the inner iterations: 53548522.36370423
(0.5, 0, 0.3, 0, (7, 14), 'fitted-scaled', 'econ-scaled', '60days-scaled', 0.1, 0.1, 1.5, 'full_open')
Using license file /software/non-free/Gurobi/gurobi902/linux64/gurobi.lic
Total Reward at the start of the inner iterations: 48987932.32914417
Using license file /software/non-free/Gurobi/gurobi902/linux64/gurobi.lic
Set parameter TokenServer to value license4.stanford.edu
Set parameter TokenServer to value license4.stanford.edu
Set parameter TokenServer to value license4.stanford.edu
324
(0.5, 0, 0.3, 0, (7, 14), 'fitted-scaled', 'econ-scaled', '60days-scaled', 0.1, 0, 2, 'full_open')
Total Reward at the start of the inner iterations: 48987932.32914417
Using license file /software/non-free/Gurobi/gurobi902/linux64/gurobi.lic
Set parameter TokenServer to value license4.stanford.edu
324
(0.5, 0, 0.3, 0, (7, 14), 'fitted-scaled', 'econ-scaled', '60days-scaled', 0.1, 0.1, 1.5, 'full_lockdown')
Total Reward at the start of the inner iterations: 15732719.298001366
Using license file /software/non-free/Gurobi/gurobi902/linux64/gurobi.lic
Set parameter TokenServer to value license4.stanford.edu
324
(0.5, 0, 0.3, 0, (7, 14), 'fitted-scaled', 'econ-scaled', '60days-scaled', 0.1, 0.1, 1, 'full_open')
Total Reward at the start of the inner iterations: 48987932.32914417
Using license file /software/non-free/Gurobi/gurobi902/linux64/gurobi.lic
Set parameter TokenServer to value license4.stanford.edu
324
(0.5, 0, 0.3, 0, (7, 14), 'fitted-scaled', 'econ-scaled', '60days-scaled', 0.1, 0.05, 2, 'full_open')
Total Reward at the start of the inner iterations: 48987932.32914417
Using license file /software/non-free/Gurobi/gurobi902/linux64/gurobi.lic
Set parameter TokenServer to value license4.stanford.edu
324
(0.5, 0, 0.3, 0, (7, 14), 'fitted-scaled', 'econ-scaled', '60days-scaled', 0.1, 0.05, 1.5, 'full_lockdown')
Total Reward at the start of the inner iterations: 15732719.298001366
Using license file /software/non-free/Gurobi/gurobi902/linux64/gurobi.lic
Set parameter TokenServer to value license4.stanford.edu
324
(0.5, 0, 0.3, 0, (7, 14), 'fitted-scaled', 'econ-scaled', '60days-scaled', 0.1, 0.05, 1, 'full_open')
Total Reward at the start of the inner iterations: 48987932.32914417
Using license file /software/non-free/Gurobi/gurobi902/linux64/gurobi.lic
Set parameter TokenServer to value license4.stanford.edu
324
(0.5, 0, 0.3, 0, (7, 14), 'fitted-scaled', 'econ-scaled', '60days-scaled', 0.1, 0.1, 2, 'full_open')
Total Reward at the start of the inner iterations: 48987932.32914417
Using license file /software/non-free/Gurobi/gurobi902/linux64/gurobi.lic
Set parameter TokenServer to value license4.stanford.edu
324
(0.5, 0, 0.3, 0, (7, 14), 'fitted-scaled', 'econ-scaled', '60days-scaled', 0.1, 0, 2, 'dynamic_gradient')
Total Reward at the start of the inner iterations: 53548522.36370423
Using license file /software/non-free/Gurobi/gurobi902/linux64/gurobi.lic
Set parameter TokenServer to value license4.stanford.edu
324
(0.5, 0, 0.3, 0, (7, 14), 'fitted-scaled', 'econ-scaled', '60days-scaled', 0.1, 0.2, 1, 'full_lockdown')
Total Reward at the start of the inner iterations: 15732719.298001366
Using license file /software/non-free/Gurobi/gurobi902/linux64/gurobi.lic
Set parameter TokenServer to value license4.stanford.edu
324
(0.5, 0, 0.3, 0, (7, 14), 'fitted-scaled', 'econ-scaled', '60days-scaled', 0.1, 0.1, 2, 'dynamic_gradient')
Total Reward at the start of the inner iterations: 53548522.36370423
Using license file /software/non-free/Gurobi/gurobi902/linux64/gurobi.lic
Set parameter TokenServer to value license4.stanford.edu
324
(0.5, 0, 0.3, 0, (7, 14), 'fitted-scaled', 'econ-scaled', '60days-scaled', 0.1, 0.2, 1, 'dynamic_gradient')
Total Reward at the start of the inner iterations: 53548522.36370423
Using license file /software/non-free/Gurobi/gurobi902/linux64/gurobi.lic
Set parameter TokenServer to value license4.stanford.edu
324
(0.5, 0, 0.3, 0, (7, 14), 'fitted-scaled', 'econ-scaled', '60days-scaled', 0.1, 0, 1.5, 'dynamic_gradient')
Total Reward at the start of the inner iterations: 53548522.36370423
Using license file /software/non-free/Gurobi/gurobi902/linux64/gurobi.lic
Set parameter TokenServer to value license4.stanford.edu
324
324
(0.5, 0, 0.3, 0, (7, 14), 'fitted-scaled', 'econ-scaled', '60days-scaled', 0.1, 0.05, 2, 'dynamic_gradient')
(0.5, 0, 0.3, 0, (7, 14), 'fitted-scaled', 'econ-scaled', '60days-scaled', 0.1, 0.05, 1, 'dynamic_gradient')
Total Reward at the start of the inner iterations: 53548522.36370423
Total Reward at the start of the inner iterations: 53548522.36370423
Using license file /software/non-free/Gurobi/gurobi902/linux64/gurobi.lic
Using license file /software/non-free/Gurobi/gurobi902/linux64/gurobi.lic
Set parameter TokenServer to value license4.stanford.edu
Set parameter TokenServer to value license4.stanford.edu
324
(0.5, 0, 0.3, 0, (7, 14), 'fitted-scaled', 'econ-scaled', '60days-scaled', 0.1, 0.05, 1.5, 'dynamic_gradient')
Total Reward at the start of the inner iterations: 53548522.36370423
Using license file /software/non-free/Gurobi/gurobi902/linux64/gurobi.lic
Set parameter TokenServer to value license4.stanford.edu
slurmstepd-yen10: error: Detected 1 oom-kill event(s) in step 3859.13 cgroup. Some of your processes may have been killed by the cgroup out-of-memory handler.
slurmstepd-yen10: error: Detected 1 oom-kill event(s) in step 3859.3 cgroup. Some of your processes may have been killed by the cgroup out-of-memory handler.
slurmstepd-yen10: error: Detected 1 oom-kill event(s) in step 3859.23 cgroup. Some of your processes may have been killed by the cgroup out-of-memory handler.
slurmstepd-yen10: error: Detected 1 oom-kill event(s) in step 3859.26 cgroup. Some of your processes may have been killed by the cgroup out-of-memory handler.
slurmstepd-yen10: error: Detected 1 oom-kill event(s) in step 3859.11 cgroup. Some of your processes may have been killed by the cgroup out-of-memory handler.
slurmstepd-yen10: error: Detected 1 oom-kill event(s) in step 3859.12 cgroup. Some of your processes may have been killed by the cgroup out-of-memory handler.
slurmstepd-yen10: error: Detected 1 oom-kill event(s) in step 3859.14 cgroup. Some of your processes may have been killed by the cgroup out-of-memory handler.
srun: error: yen10: task 0: Out Of Memory
srun: error: yen10: task 0: Out Of Memory
srun: Terminating job step 3859.13
srun: error: yen10: task 0: Out Of Memory
srun: error: yen10: task 0: Out Of Memory
srun: Terminating job step 3859.26
srun: error: yen10: task 0: Out Of Memory
srun: Terminating job step 3859.3
srun: error: yen10: task 0: Out Of Memory
srun: error: yen10: task 0: Out Of Memory
srun: Terminating job step 3859.14
srun: Terminating job step 3859.11
srun: Terminating job step 3859.23
srun: Terminating job step 3859.12
slurmstepd-yen10: error: Detected 1 oom-kill event(s) in step 3859.19 cgroup. Some of your processes may have been killed by the cgroup out-of-memory handler.
slurmstepd-yen10: error: Detected 1 oom-kill event(s) in step 3859.6 cgroup. Some of your processes may have been killed by the cgroup out-of-memory handler.
srun: error: yen10: task 0: Out Of Memory
srun: Terminating job step 3859.19
srun: error: yen10: task 0: Out Of Memory
srun: Terminating job step 3859.6
slurmstepd-yen10: error: Detected 1 oom-kill event(s) in step 3859.22 cgroup. Some of your processes may have been killed by the cgroup out-of-memory handler.
slurmstepd-yen10: error: Detected 1 oom-kill event(s) in step 3859.5 cgroup. Some of your processes may have been killed by the cgroup out-of-memory handler.
srun: error: yen10: task 0: Out Of Memory
srun: Terminating job step 3859.22
srun: error: yen10: task 0: Out Of Memory
srun: Terminating job step 3859.5
slurmstepd-yen10: error: Detected 1 oom-kill event(s) in step 3859.2 cgroup. Some of your processes may have been killed by the cgroup out-of-memory handler.
slurmstepd-yen10: error: Detected 1 oom-kill event(s) in step 3859.16 cgroup. Some of your processes may have been killed by the cgroup out-of-memory handler.
srun: error: yen10: task 0: Out Of Memory
srun: Terminating job step 3859.2
srun: error: yen10: task 0: Out Of Memory
srun: Terminating job step 3859.16
slurmstepd-yen10: error: Detected 1 oom-kill event(s) in step 3859.27 cgroup. Some of your processes may have been killed by the cgroup out-of-memory handler.
slurmstepd-yen10: error: Detected 1 oom-kill event(s) in step 3859.4 cgroup. Some of your processes may have been killed by the cgroup out-of-memory handler.
srun: error: yen10: task 0: Out Of Memory
srun: Terminating job step 3859.27
srun: error: yen10: task 0: Out Of Memory
srun: Terminating job step 3859.4
slurmstepd-yen10: error: Detected 1 oom-kill event(s) in step 3859.0 cgroup. Some of your processes may have been killed by the cgroup out-of-memory handler.
slurmstepd-yen10: error: Detected 1 oom-kill event(s) in step 3859.21 cgroup. Some of your processes may have been killed by the cgroup out-of-memory handler.
srun: error: yen10: task 0: Out Of Memory
srun: Terminating job step 3859.0
srun: error: yen10: task 0: Out Of Memory
srun: Terminating job step 3859.21
slurmstepd-yen10: error: Detected 1 oom-kill event(s) in step 3859.18 cgroup. Some of your processes may have been killed by the cgroup out-of-memory handler.
slurmstepd-yen10: error: Detected 1 oom-kill event(s) in step 3859.17 cgroup. Some of your processes may have been killed by the cgroup out-of-memory handler.
srun: error: yen10: task 0: Out Of Memory
srun: Terminating job step 3859.18
srun: error: yen10: task 0: Out Of Memory
srun: Terminating job step 3859.17
slurmstepd-yen10: error: Detected 1 oom-kill event(s) in step 3859.24 cgroup. Some of your processes may have been killed by the cgroup out-of-memory handler.
srun: error: yen10: task 0: Out Of Memory
srun: Terminating job step 3859.24
slurmstepd-yen10: error: Detected 1 oom-kill event(s) in step 3859.25 cgroup. Some of your processes may have been killed by the cgroup out-of-memory handler.
srun: error: yen10: task 0: Out Of Memory
srun: Terminating job step 3859.25
slurmstepd-yen10: error: Detected 1 oom-kill event(s) in step 3859.9 cgroup. Some of your processes may have been killed by the cgroup out-of-memory handler.
srun: error: yen10: task 0: Out Of Memory
srun: Terminating job step 3859.9
slurmstepd-yen10: error: Detected 1 oom-kill event(s) in step 3859.7 cgroup. Some of your processes may have been killed by the cgroup out-of-memory handler.
srun: error: yen10: task 0: Out Of Memory
srun: Terminating job step 3859.7
slurmstepd-yen10: error: Detected 1 oom-kill event(s) in step 3859.20 cgroup. Some of your processes may have been killed by the cgroup out-of-memory handler.
srun: error: yen10: task 0: Out Of Memory
srun: Terminating job step 3859.20
slurmstepd-yen10: error: Detected 1 oom-kill event(s) in step 3859.10 cgroup. Some of your processes may have been killed by the cgroup out-of-memory handler.
srun: error: yen10: task 0: Out Of Memory
srun: Terminating job step 3859.10
srun: Job step aborted: Waiting up to 32 seconds for job step to finish.
srun: Job step aborted: Waiting up to 32 seconds for job step to finish.
srun: Job step aborted: Waiting up to 32 seconds for job step to finish.
slurmstepd-yen10: error: *** STEP 3859.1 ON yen10 CANCELLED AT 2020-09-29T20:45:08 ***
slurmstepd-yen10: error: *** JOB 3859 ON yen10 CANCELLED AT 2020-09-29T20:45:08 ***
slurmstepd-yen10: error: *** STEP 3859.15 ON yen10 CANCELLED AT 2020-09-29T20:45:08 ***
slurmstepd-yen10: error: *** STEP 3859.8 ON yen10 CANCELLED AT 2020-09-29T20:45:08 ***
