Using license file /software/non-free/Gurobi/gurobi902/linux64/gurobi.lic
Set parameter TokenServer to value license4.stanford.edu
Objective value for Line heur k = 0: 1041110.827281628
Gurobi status: 2
0.2
Objective value for Line heur k = 0: 5262760.190884252
Gurobi status: 2
0.2
Objective value for Line heur k = 0: 6771888.115782539
Gurobi status: 2
0.2
Objective value for Line heur k = 0: 8792521.582539003
Gurobi status: 2
0.2
Objective value for Line heur k = 0: 6904506.341895532
Gurobi status: 2
0.2
Objective value for Line heur k = 1: 9239399.834763119
Gurobi status: 2
0.2
Objective value for Line heur k = 1: 7568812.0287932865
Gurobi status: 2
0.2
Objective value for Line heur k = 1: 9250300.66276103
Gurobi status: 2
0.2
Objective value for Line heur k = 1: 7581160.473126603
Gurobi status: 2
0.2
Objective value for Line heur k = 1: 9254409.356861705
Gurobi status: 2
0.2
Objective value for Line heur k = 2: 7756166.4741688855
Gurobi status: 2
0.2
Objective value for Line heur k = 2: 9278153.16561287
Gurobi status: 2
0.2
Objective value for Line heur k = 2: 7756166.4741688855
Gurobi status: 2
0.2
Objective value for Line heur k = 2: 9278153.16561287
Gurobi status: 2
0.2
Objective value for Line heur k = 2: 7756166.4741688855
Gurobi status: 2
0.2
Objective value for Line heur k = 3: 9349328.647997988
Gurobi status: 2
0.2
Objective value for Line heur k = 3: 7985754.673094033
Gurobi status: 2
0.2
Objective value for Line heur k = 3: 9349312.24589605
Gurobi status: 2
0.2
Objective value for Line heur k = 3: 7985754.673094033
Gurobi status: 2
0.2
Objective value for Line heur k = 3: 9349312.24589605
Gurobi status: 2
0.2
Objective value for Line heur k = 4: 8149965.662506871
Gurobi status: 2
0.2
Objective value for Line heur k = 4: 9368254.019611483
Gurobi status: 2
0.2
Objective value for Line heur k = 4: 8153467.601288249
Gurobi status: 2
0.2
Objective value for Line heur k = 4: 9372738.902456118
Gurobi status: 2
0.2
Objective value for Line heur k = 4: 8152684.503340589
Gurobi status: 2
0.2
Objective value for Line heur k = 5: 9413710.098484308
Gurobi status: 2
0.2
Objective value for Line heur k = 5: 8332962.831602373
Gurobi status: 2
0.2
Objective value for Line heur k = 5: 9410432.775002373
Gurobi status: 2
0.2
Objective value for Line heur k = 5: 8332962.831602373
Gurobi status: 2
0.2
Objective value for Line heur k = 5: 9410432.775002373
Gurobi status: 2
0.2
Objective value for Line heur k = 6: 8445644.047607351
Gurobi status: 2
0.2
Objective value for Line heur k = 6: 9398906.132334027
Gurobi status: 2
0.2
Objective value for Line heur k = 6: 8445644.047607351
Gurobi status: 2
0.2
Objective value for Line heur k = 6: 9398906.132334027
Gurobi status: 2
0.2
Objective value for Line heur k = 6: 8445644.047607353
Gurobi status: 2
0.2
Objective value for Line heur k = 7: 9391901.002116738
Gurobi status: 2
0.2
Objective value for Line heur k = 7: 8553541.167212058
Gurobi status: 2
0.2
Objective value for Line heur k = 7: 9389200.145413922
Gurobi status: 2
0.2
Objective value for Line heur k = 7: 8552376.990646815
Gurobi status: 2
0.2
Objective value for Line heur k = 7: 9389200.145413922
Gurobi status: 2
0.2
Objective value for Line heur k = 8: 8604113.349515516
Gurobi status: 2
0.2
Objective value for Line heur k = 8: 9333247.32218351
Gurobi status: 2
0.2
Objective value for Line heur k = 8: 8615455.679438118
Gurobi status: 2
0.2
Objective value for Line heur k = 8: 9340925.138316492
Gurobi status: 2
0.2
Objective value for Line heur k = 8: 8613451.039368434
Gurobi status: 2
0.2
Objective value for Line heur k = 9: 9281233.341151642
Gurobi status: 2
0.2
Objective value for Line heur k = 9: 8654770.626868583
Gurobi status: 2
0.2
Objective value for Line heur k = 9: 9280078.80776264
Gurobi status: 2
0.2
Objective value for Line heur k = 9: 8654770.626868583
Gurobi status: 2
0.2
Objective value for Line heur k = 9: 9280078.80776264
Gurobi status: 2
0.2
Objective value for Line heur k = 10: 8641223.401608216
Gurobi status: 2
0.2
Objective value for Line heur k = 10: 9172860.003691228
Gurobi status: 2
0.2
Objective value for Line heur k = 10: 8644212.426328328
Gurobi status: 2
0.2
Objective value for Line heur k = 10: 9172829.889916405
Gurobi status: 2
0.2
Objective value for Line heur k = 10: 8644153.992147688
Gurobi status: 2
0.2
Objective value for Line heur k = 11: 9062694.692596966
Gurobi status: 2
0.2
Objective value for Line heur k = 11: 8618642.43786946
Gurobi status: 2
0.2
Objective value for Line heur k = 11: 9059593.175844507
Gurobi status: 2
0.2
Objective value for Line heur k = 11: 8618135.710018193
Gurobi status: 2
0.2
Objective value for Line heur k = 11: 9060420.751174465
Gurobi status: 2
0.2
Objective value for Line heur k = 12: 8541045.35694896
Gurobi status: 2
0.2
Objective value for Line heur k = 12: 8913537.66643114
Gurobi status: 2
0.2
Objective value for Line heur k = 12: 8541045.35694896
Gurobi status: 2
0.2
Objective value for Line heur k = 12: 8913537.66643114
Gurobi status: 2
0.2
Objective value for Line heur k = 12: 8541045.35694896
Gurobi status: 2
0.2
Objective value for Line heur k = 13: 8748929.520168012
Gurobi status: 2
0.2
Objective value for Line heur k = 13: 8449446.667149173
Gurobi status: 2
0.2
Objective value for Line heur k = 13: 8749146.753262395
Gurobi status: 2
0.2
Objective value for Line heur k = 13: 8449446.667149173
Gurobi status: 2
0.2
Objective value for Line heur k = 13: 8749146.753262395
Gurobi status: 2
0.2
Objective value for Line heur k = 14: 8310435.27185367
Gurobi status: 2
0.2
Objective value for Line heur k = 14: 8546839.84732652
Gurobi status: 2
0.2
Objective value for Line heur k = 14: 8310435.27185367
Gurobi status: 2
0.2
Objective value for Line heur k = 14: 8546839.84732652
Gurobi status: 2
0.2
Objective value for Line heur k = 14: 8310435.27185367
Gurobi status: 2
0.2
Objective value for Line heur k = 15: 8328979.751783003
Gurobi status: 2
0.2
Objective value for Line heur k = 15: 8150775.760722025
Gurobi status: 2
0.2
Objective value for Line heur k = 15: 8329067.9712040825
Gurobi status: 2
0.2
Objective value for Line heur k = 15: 8150465.34320777
Gurobi status: 2
0.2
Objective value for Line heur k = 15: 8329067.9712040825
Gurobi status: 2
0.2
Objective value for Line heur k = 16: 7948716.703372684
Gurobi status: 2
0.2
Objective value for Line heur k = 16: 8078253.124891962
Gurobi status: 2
0.2
Objective value for Line heur k = 16: 7952962.188383389
Gurobi status: 2
0.2
Objective value for Line heur k = 16: 8083147.317738028
Gurobi status: 2
0.2
Objective value for Line heur k = 16: 7950471.991042563
Gurobi status: 2
0.2
Objective value for Line heur k = 17: 7809321.350979347
Gurobi status: 2
0.2
Objective value for Line heur k = 17: 7722585.162118622
Gurobi status: 2
0.2
Objective value for Line heur k = 17: 7809321.350979347
Gurobi status: 2
0.2
Objective value for Line heur k = 17: 7722585.162118622
Gurobi status: 2
0.2
Objective value for Line heur k = 17: 7809321.350979347
Gurobi status: 2
0.2
Objective value for Line heur k = 18: 7465184.411174077
Gurobi status: 2
0.2
Objective value for Line heur k = 18: 7519114.10882723
Gurobi status: 2
0.2
Objective value for Line heur k = 18: 7465184.411174077
Gurobi status: 2
0.2
Objective value for Line heur k = 18: 7519114.10882723
Gurobi status: 2
0.2
Objective value for Line heur k = 18: 7465184.411174077
Gurobi status: 2
0.2
Objective value for Line heur k = 19: 7211327.250030943
Gurobi status: 2
0.2
Objective value for Line heur k = 19: 7184711.4323956305
Gurobi status: 2
0.2
Objective value for Line heur k = 19: 7211327.250030943
Gurobi status: 2
0.2
Objective value for Line heur k = 19: 7184711.4323956305
Gurobi status: 2
0.2
Objective value for Line heur k = 19: 7211327.250030943
Gurobi status: 2
0.2
Objective value for Line heur k = 20: 6893068.381747257
Gurobi status: 2
0.2
Objective value for Line heur k = 20: 6893068.381747257
Gurobi status: 2
0.2
Objective value for Line heur k = 20: 6893068.381747257
Gurobi status: 2
0.2
Objective value for Line heur k = 20: 6893068.381747257
Gurobi status: 2
0.2
Objective value for Line heur k = 20: 6893068.381747257
Gurobi status: 2
0.2
Objective value for Line heur k = 21: 6400407.083854152
Gurobi status: 2
0.2
Objective value for Line heur k = 21: 6400407.083854152
Gurobi status: 2
0.2
Objective value for Line heur k = 21: 6400407.083854152
Gurobi status: 2
0.2
Objective value for Line heur k = 21: 6400407.083854152
Gurobi status: 2
0.2
Objective value for Line heur k = 21: 6400407.083854152
Gurobi status: 2
0.2
Objective value for Line heur k = 22: 5907806.288523246
Gurobi status: 2
0.2
Objective value for Line heur k = 22: 5907806.288523246
Gurobi status: 2
0.2
Objective value for Line heur k = 22: 5907806.288523246
Gurobi status: 2
0.2
Objective value for Line heur k = 22: 5907806.288523246
Gurobi status: 2
0.2
Objective value for Line heur k = 22: 5907806.288523246
Gurobi status: 2
0.2
Objective value for Line heur k = 23: 5415267.785156899
Gurobi status: 2
0.2
Objective value for Line heur k = 23: 5415267.785156899
Gurobi status: 2
0.2
Objective value for Line heur k = 23: 5415267.785156899
Gurobi status: 2
0.2
Objective value for Line heur k = 23: 5415267.785156899
Gurobi status: 2
0.2
Objective value for Line heur k = 23: 5415267.785156899
Gurobi status: 2
0.2
Objective value for Line heur k = 24: 4922788.687046156
Gurobi status: 2
0.2
Objective value for Line heur k = 24: 4922788.687046156
Gurobi status: 2
0.2
Objective value for Line heur k = 24: 4922788.687046156
Gurobi status: 2
0.2
Objective value for Line heur k = 24: 4922788.687046156
Gurobi status: 2
0.2
Objective value for Line heur k = 24: 4922788.687046156
Gurobi status: 2
0.2
Objective value for Line heur k = 25: 4430363.657588749
Gurobi status: 2
0.2
Objective value for Line heur k = 25: 4430363.657588749
Gurobi status: 2
0.2
Objective value for Line heur k = 25: 4430363.657588749
Gurobi status: 2
0.2
Objective value for Line heur k = 25: 4430363.657588749
Gurobi status: 2
0.2
Objective value for Line heur k = 25: 4430363.657588749
Gurobi status: 2
0.2
Objective value for Line heur k = 26: 3937986.315655069
Gurobi status: 2
0.2
Objective value for Line heur k = 26: 3937986.315655069
Gurobi status: 2
0.2
Objective value for Line heur k = 26: 3937986.315655069
Gurobi status: 2
0.2
Objective value for Line heur k = 26: 3937986.315655069
Gurobi status: 2
0.2
Objective value for Line heur k = 26: 3937986.315655069
Gurobi status: 2
0.2
Objective value for Line heur k = 27: 3445650.0913894735
Gurobi status: 2
0.2
Objective value for Line heur k = 27: 3445650.0913894735
Gurobi status: 2
0.2
Objective value for Line heur k = 27: 3445650.0913894735
Gurobi status: 2
0.2
Objective value for Line heur k = 27: 3445650.0913894735
Gurobi status: 2
0.2
Objective value for Line heur k = 27: 3445650.0913894735
Gurobi status: 2
0.2
Objective value for Line heur k = 28: 2953348.719393915
Gurobi status: 2
0.0
New solution equals old solution at k=28
Objective value for Line heur k = 29: 2461076.4971151245
Gurobi status: 2
0.0
New solution equals old solution at k=29
Objective value for Line heur k = 30: 1968828.395009577
Gurobi status: 2
0.0
New solution equals old solution at k=30
Objective value for Line heur k = 31: 1476600.0764482142
Gurobi status: 2
0.0
New solution equals old solution at k=31
Objective value for Line heur k = 32: 984387.8656056788
Gurobi status: 2
0.0
New solution equals old solution at k=32
Objective value for Line heur k = 33: 492188.68809778
Gurobi status: 2
0.0
New solution equals old solution at k=33
Total running time for 20 days is 108.4099748134613
Economic Value: 20388886.5595
Deaths 0.756775195183
Total Reward 11220160.105
